0.0 2.4203076923076927
1.023 3.085450635386119
2.03 2.438927507447865
3.041 4.237040553907023
4.05 3.5729633300297325
5.051 3.7591208791208794
6.052 3.863912087912088
7.053 3.8420459540459544
8.061 4.260507936507937
9.11 4.056587225929456
10.112 4.64645109780439
11.12 4.065079365079365
12.121 4.191904095904096
13.122 4.032447552447553
14.123 4.159104895104895
15.124 4.21377022977023
16.18 3.9053333333333335
17.19 4.002851485148515
18.191 4.279344655344655
19.192 4.5089870129870135
20.2 4.004444444444444
21.21 4.143714851485148
22.275 2.891838497652582
23.281 2.814025870646766
24.282 3.929510489510489
25.289 3.6996067527308836
26.29 3.634317682317682
27.3 3.2985346534653464
28.301 3.5249870129870127
29.37 3.775940130963517
30.38 3.8944950495049504
31.381 4.07164035964036
32.382 3.1313966033966034
33.4 3.175858546168959
34.401 3.6452507492507493
35.409 3.771936507936508
36.41 3.109530469530469
37.411 3.022065934065934
38.412 2.8143376623376626
39.413 3.207928071928072
40.419 3.409558648111332
41.42 3.3828571428571426
42.421 3.3937902097902097
43.439 2.165312377210216
44.44 2.748739260739261
45.441 2.9191288711288714
46.45 2.3798612487611495
47.451 2.7815384615384615
48.47 3.065342492639843
49.479 2.369014866204162
50.489 2.6764039603960397
51.49 2.7050069930069927
52.509 2.4424259077526984
53.519 2.2041346534653465
54.579 2.3066566037735847
55.58 2.121014985014985
56.581 1.7866293706293706
57.582 1.9460859140859141
58.59 2.588515873015873
59.591 2.869002997002997
60.599 2.3496507936507935
61.603 2.4198884462151398
62.609 2.7241988071570575
63.61 2.7924715284715287
64.629 2.657224730127576
65.63 2.7159400599400603
66.679 2.2786806482364153
67.68 2.481806193806194
68.689 1.7290782953419228
69.69 2.1538141858141855
70.699 1.7724638255698713
71.839 1.4535859649122809
72.84 1.9132867132867135
73.944 0.11883227561196737
74.948 2.5336733067729083
75.949 1.9242197802197802
76.959 1.5756673267326733
77.969 1.6470178217821783
78.97 1.2946413586413585
79.979 1.7679603567889
80.989 1.9765861386138615
82.019 0.8181436893203883
83.028 0.9698315163528245
84.048 0.8476235294117647
85.058 0.8668514851485148
86.069 1.2303936696340256
87.079 0.9508514851485148
88.082 1.2438843469591228
89.088 1.3208429423459245
90.099 1.526314540059347
91.108 1.544689791873142
92.119 1.1366172106824926
93.128 0.9870208126858276
94.198 0.9861383177570094
95.199 1.147972027972028
96.208 1.0629454905847373
97.219 0.8010445103857566
98.22 0.8573186813186813
99.229 1.301565906838454
100.242 1.3333149062191512
101.248 1.0552365805168986
102.249 0.9730429570429571
103.258 1.138870168483647
104.269 1.119461918892186
105.278 0.9544816650148662
106.281 0.9601914257228314
107.289 0.8513650793650793
108.298 0.8785569871159564
109.299 1.0605074925074924
110.32 0.8619627815866798
111.328 1.14
112.338 1.0727287128712872
113.348 0.9580356435643564
114.358 1.1269069306930695
115.379 1.3398628795298728
116.389 1.142241584158416
117.398 1.301565906838454
118.408 1.24609900990099
119.418 1.1097346534653465
120.438 1.0514823529411765
121.441 1.1893280159521433
122.458 0.9729636184857423
123.468 1.0835643564356436
124.528 1.305177358490566
125.538 1.2786059405940593
126.559 1.639992164544564
127.578 1.0891933267909715
128.588 1.2352633663366337
129.628 1.1829538461538462
130.638 1.5278257425742576
131.658 1.266070588235294
132.668 1.272269306930693
133.678 1.3002772277227723
134.728 1.0674590476190475
135.738 1.1919207920792079
136.748 1.1919207920792079
137.758 1.3914613861386138
138.768 1.24609900990099
139.769 1.9287592407592409
140.778 1.3774905847373637
141.868 1.3194568807339448
142.878 1.1810851485148515
143.887 0.9653280475718532
144.898 0.7360949554896142
145.908 0.5787881188118812
146.918 0.7801663366336633
147.938 0.901270588235294
148.958 1.008564705882353
149.968 1.1097346534653465
150.978 1.592839603960396
151.988 1.2939405940594058
152.989 1.1917042957042958
153.997 1.1834285714285713
154.998 1.3054225774225776
156.008 1.2027564356435643
157.017 1.1171774033696729
158.028 0.7407398615232442
159.038 1.24609900990099
160.047 1.12802378592666
161.058 0.9787457962413451
162.067 1.1605629335976215
163.088 1.2112360430950049
164.098 1.7598732673267328
165.108 1.3002772277227723
166.117 0.9047532210109019
167.127 1.0618930693069308
168.147 0.9334588235294118
169.167 0.8842666666666666
170.177 0.6934811881188119
171.187 0.6934811881188119
172.197 0.7151524752475248
173.207 0.7259881188118812
174.208 0.6714565434565435
175.217 0.9653280475718532
176.227 0.7368237623762376
177.237 0.7259881188118812
178.247 0.7413227722772278
179.267 0.6652235294117647
180.277 0.7151524752475248
181.297 0.5579294117647059
182.307 0.7368237623762376
183.317 0.47043168316831685
184.337 0.4935529411764706
185.357 0.5042823529411765
186.367 0.4767683168316832
187.417 0.4690285714285714
188.438 0.4394750244857982
189.447 0.40131615460852327
190.477 0.23816699029126212
191.527 0.2605714285714285
192.547 0.19312941176470588
193.557 0.3575762376237624
194.577 0.33261176470588233
195.607 0.3506330097087379
196.617 0.26005544554455445
197.637 0.27896470588235295
198.667 0.15937864077669903
199.717 0.14592
200.747 0.13812815533980582
201.777 0.18062912621359223
202.867 0.15131009174311927
203.897 0.07363106796116504
205.227 0.057600000000000005
206.632 0.028552706552706555
213.43 0.001210944395410415
214.44 1.668689108910891
215.441 1.6882317682317682
216.65 1.5117022332506205
217.66 1.7273663366336633
218.661 1.7922557442557443
219.67 1.849149653121903
220.72 2.391161904761905
221.721 2.645802197802198
222.73 2.293090188305253
223.731 2.3988811188811185
224.82 2.265329660238751
225.83 2.6438970297029707
226.831 2.420747252747253
227.84 2.3473221010901884
228.841 2.4535464535464535
229.85 2.603131813676908
230.86 2.3016554455445544
231.87 2.2908198019801977
232.94 2.305547663551402
233.949 2.5163607532210106
234.95 2.1146213786213783
235.951 2.3114165834165834
236.96 2.3753577799801784
237.961 2.278617382617383
238.969 2.262793650793651
240.03 2.3251121583411876
241.031 2.6239360639360636
242.04 2.369014866204162
243.05 2.269148514851485
244.099 2.393441372735939
245.11 2.5005578635014833
246.111 2.420747252747253
247.12 2.325629335976214
248.189 2.369137511693171
249.19 2.60206993006993
250.191 2.3879480519480523
251.192 2.355148851148851
252.239 2.366655205348615
253.24 2.6348691308691308
254.242 2.1234091816367267
255.249 2.3628758689175773
256.25 2.645802197802198
257.251 2.366081918081918
258.26 2.3798612487611495
259.269 2.325629335976214
260.27 2.591136863136863
261.271 2.169286713286713
262.279 2.1542301587301584
263.339 2.2343849056603773
264.34 2.5255384615384613
265.349 2.1846263627353815
266.36 2.245254203758655
267.369 2.2668939544103073
268.371 2.199888223552894
269.372 2.1146213786213783
270.381 2.136737363726462
275.994 0.02335150543381436
279.11 0.1560770218228498
280.122 1.9465612648221347
281.201 4.248081556997219
282.202 4.541762237762238
283.212 5.129758415841584
284.221 4.390945490584738
285.222 3.7873806193806194
286.223 3.732715284715285
287.224 4.399632367632367
288.231 3.823666335650447
289.233 4.428007984031936
290.311 4.5870426716141
291.348 3.28627193828351
292.351 6.153964071856288
293.352 4.4151048951048955
294.353 4.410565434565435
295.361 4.503873015873016
296.362 5.263344655344656
297.371 4.542794846382557
298.372 4.705758241758242
299.373 4.126305694305695
300.374 4.294841158841159
301.382 4.065079365079365
302.392 4.067865346534653
303.402 3.883659405940594
304.403 3.9185774225774224
305.43 3.450827653359299
306.44 3.558590099009901
307.441 3.0002077922077923
308.471 3.1494834951456308
309.52 3.1133040991420398
310.521 3.2844595404595407
311.523 3.4375224775224775
312.531 3.793650793650794
313.532 4.290301698301699
314.541 3.4428067393458868
315.542 3.3937902097902097
316.551 3.4753458870168483
317.552 3.7764475524475527
318.56 3.0987936507936507
319.561 2.0162237762237765
320.57 2.238858275520317
321.571 3.4156563436563436
322.572 4.24656943056943
323.573 3.4703216783216786
324.591 3.6703811394891943
325.604 3.8613543928923986
326.671 3.5471115276476106
327.673 4.515385229540918
328.674 4.202837162837162
329.75 4.076847583643122
330.76 0.9752079207920793
331.8 1.3364307692307693
332.82 1.495843137254902
333.89 2.4692037383177574
334.9 2.416348514851485
335.901 2.5956763236763236
336.91 2.878794846382557
337.911 2.1255544455544455
338.93 2.979422963689892
339.931 3.863912087912088
340.94 4.364749256689792
341.951 4.0421918892185955
342.961 3.9965148514851485
344.021 3.0913207547169814
345.03 4.191207135777998
346.031 3.9732427572427573
347.032 4.443364635364635
348.04 4.286730158730159
349.041 4.454297702297702
350.042 4.235636363636364
351.043 4.316707292707292
352.044 4.5854945054945055
353.05 4.530067594433399
354.051 3.6825894105894106
355.052 4.716691308691309
356.06 4.336507936507936
357.061 3.1423296703296706
358.07 2.423246778989098
359.071 2.650341658341658
360.08 2.4774786917740337
361.081 3.4812547452547453
362.09 3.312650148662042
363.18 2.383735779816514
364.181 3.5905854145854144
365.22 2.837805582290664
366.221 3.4703216783216786
367.222 3.9185774225774224
368.223 4.727616383616383
369.23 3.905946375372393
370.231 2.202237762237762
371.24 3.6597343904856294
372.25 3.5260831683168314
373.251 2.7815384615384615
374.252 3.546853146853147
375.26 4.119365079365079
376.261 3.573258741258741
377.262 3.6671168831168828
378.27 3.2942222222222224
379.289 2.52834543670265
380.29 1.5634285714285714
382.095 0.07261606648199447
383.101 2.18051689860835
384.119 0.8600392927308447
385.129 1.1594138613861387
386.13 2.191152847152847
387.139 2.5534033696729432
388.14 2.519144855144855
389.149 2.603131813676908
390.15 2.3114165834165834
391.159 1.9568523290386521
392.174 1.2723073891625616
393.179 0.9691701492537314
394.189 1.5106534653465347
395.219 2.21446213592233
396.22 2.5474045954045956
397.24 2.772643137254902
398.241 2.8143376623376626
399.249 3.196507936507936
400.26 4.572613254203758
401.261 3.350057942057942
402.262 3.573258741258741
403.339 3.012040854224698
404.341 3.67804995004995
405.42 2.661605189990732
406.429 1.7354212091179386
407.479 1.453104761904762
408.489 1.7228673267326733
409.498 1.4642616451932606
410.499 1.229042957042957
411.5 1.6836923076923076
412.509 1.0674489593657086
413.51 1.5415624375624375
414.549 1.0366275264677574
415.571 0.6853385518590998
416.628 0.5487530747398297
417.648 0.3004235294117647
418.669 0.8467933398628795
419.679 1.001378217821782
420.698 0.5369970559371934
421.7 0.8191616766467067
422.709 0.6941684836471754
424.188 0.12579310344827585
425.601 0.5918527954706299
426.609 1.3245714285714287
427.618 1.3774905847373637
428.628 0.6979801980198019
429.638 0.6609742574257427
430.639 1.7711568431568432
431.64 2.519144855144855
432.649 2.3364757185332015
433.719 2.2135028037383178
434.72 2.645802197802198
435.729 2.8137165510406343
436.73 3.218869130869131
437.739 2.6618671952428152
438.748 2.6293280475718532
439.759 2.743177052423343
440.799 2.719346153846154
441.801 2.9380598802395212
442.802 2.4754125874125874
443.809 2.5150029791459785
444.819 2.5508752475247527
445.82 2.5474045954045956
446.829 2.30393657086224
447.839 3.374384158415842
448.849 3.4177267326732674
449.859 3.5477544554455442
450.869 2.865108910891089
451.87 2.3988811188811185
452.878 2.2627698412698414
453.918 2.5194076923076927
454.92 2.569270729270729
455.928 2.2953650793650793
456.929 2.2130189810189806
457.938 2.418743310208127
458.939 2.508211788211788
459.941 2.243552894211577
460.948 2.7975928500496523
461.949 3.623376623376623
462.969 2.858478431372549
463.971 3.2593373253493017
464.972 4.24656943056943
465.979 4.666852035749752
466.98 3.616991008991009
467.981 3.2516603396603396
468.983 3.455936127744511
469.988 3.4129512437810945
471.0 3.3352727272727276
472.038 2.5874990366088633
473.039 3.754581418581419
474.041 3.630690618762475
475.042 2.869002997002997
476.048 3.0723180914512924
477.049 3.0138501498501498
478.05 2.3697582417582415
479.051 2.9892667332667333
480.059 4.151936507936508
481.098 3.432038498556304
482.128 3.1919844660194174
483.159 3.1707339805825243
484.16 3.6124515484515487
485.161 4.038841158841159
486.169 5.009650793650794
487.17 3.4156563436563436
488.178 3.2182222222222223
489.179 3.573258741258741
490.18 4.082573426573426
491.198 3.756385068762279
492.208 2.9409584158415845
493.21 3.0845828343313375
494.218 3.163936507936508
495.219 2.8252707292707293
496.22 3.4156563436563436
497.222 3.8600558882235525
498.228 3.6924055666003976
499.229 4.4761638361638365
500.238 3.0089514370664023
501.24 2.4074091816367265
502.247 2.4606713008937438
503.248 2.219412587412587
504.249 2.9892667332667333
505.259 3.1576712871287125
506.26 3.186061938061938
507.262 3.4231696606786426
508.268 3.3660437375745524
509.328 3.5085886792452827
510.329 2.2740779220779226
511.348 1.86246908734053
512.349 1.978885114885115
513.357 1.557079365079365
514.367 1.8854019801980197
515.378 1.9638061325420375
516.388 1.9765861386138615
517.397 1.7679603567889
518.407 1.8032158415841584
519.408 1.7383576423576423
520.418 1.5106534653465347
521.419 2.241278721278721
522.42 2.366081918081918
523.422 3.3030259481037922
524.428 3.1702266401590458
525.429 2.8362037962037965
526.44 2.710726013847675
527.447 3.177946375372393
528.448 2.8907972027972026
529.457 2.618553022794847
530.461 3.3618486055776895
531.508 3.014723973256925
532.587 3.02674328081557
533.647 3.0913207547169814
534.648 3.203388611388611
535.649 2.6831408591408588
536.657 2.555936507936508
537.677 2.20398431372549
538.717 2.2984
539.718 2.6676683316683314
540.719 2.7924715284715287
541.727 2.1975
542.777 2.047352380952381
543.787 2.210471287128713
544.788 2.5847432567432564
545.789 2.4644795204795207
546.797 2.4537142857142857
547.798 2.3879480519480523
548.807 2.0978553022794846
549.808 2.7050069930069927
550.809 2.726873126873127
551.81 2.809798201798202
552.817 2.5584746772591855
553.818 3.623384615384615
554.827 3.9851258671952428
555.837 3.262376237623762
556.838 2.30415984015984
557.847 2.2713974231912784
558.857 1.9549148514851487
559.86 3.2438802395209585
560.867 1.9607388282025822
561.868 2.803404595404596
562.877 3.160800792864222
563.879 4.690139720558882
564.88 4.1964435564435565
565.881 5.143080919080918
566.888 4.888722939424032
567.897 4.722679881070366
568.997 3.968
569.999 4.869754245754246
571.0 4.093506493506494
572.047 3.9389035339064
573.049 3.3139481037924154
574.051 4.1767984031936125
575.057 4.497431411530815
576.058 3.929510489510489
577.059 3.5796523476523476
578.061 3.8099800399201595
579.063 4.100343313373253
580.066 4.096255234297109
581.077 4.193740850642928
582.078 3.350057942057942
583.087 3.0197978196233892
584.096 2.889641228939544
585.097 2.3879480519480523
586.098 2.3004835164835162
587.116 1.5158192534381139
588.126 0.845180198019802
589.127 1.2837082917082916
590.136 2.390707631318137
591.138 2.7523832335329343
592.157 2.259846908734053
593.158 2.639408591408591
594.166 2.2953650793650793
595.167 2.099148851148851
596.177 1.640681188118812
597.206 1.3719883381924198
598.226 0.8798117647058823
599.237 1.076162215628091
600.246 1.3774905847373637
601.256 2.410019801980198
602.276 1.9250196078431372
603.277 2.0882157842157842
604.286 2.065316154608523
605.287 2.4863456543456546
606.366 2.7123188137164043
607.367 3.083124875124875
608.376 2.5534033696729432
609.386 2.171627722772277
610.387 2.803404595404596
611.458 2.3055551401869163
612.466 2.3668571428571425
613.476 1.8899009900990098
614.477 2.4098141858141857
615.478 3.339124875124875
616.556 2.8265083487940634
617.588 2.9056744186046513
618.596 3.3050793650793655
619.626 3.3876271844660195
620.627 3.8092707292707293
621.636 2.79202378592666
622.646 2.329663366336634
623.647 3.350057942057942
624.657 3.6236039603960397
625.666 3.6316907829534193
626.667 3.6452507492507493
627.668 3.7655144855144855
628.686 4.498168958742633
629.687 2.7050069930069927
630.689 3.193804391217565
631.696 2.036814299900695
632.697 2.6895344655344653
633.705 1.9370793650793652
634.726 1.5908481880509304
635.776 3.1133040991420398
636.816 3.1612923076923076
637.866 3.1207619047619044
638.876 3.2443564356435646
639.877 3.5249870129870127
640.946 2.8298297474275023
641.955 3.202857142857143
642.956 2.049022977022977
643.957 2.027156843156843
644.966 2.201815659068384
645.968 2.931672654690619
646.985 1.8446096361848574
647.986 1.6399600399600398
649.005 1.3791717369970558
650.086 2.0897391304347823
651.105 1.9976290480863594
652.107 1.3479600798403193
653.125 1.5588212180746561
654.126 1.5415624375624375
655.127 1.6007672327672329
656.135 1.7307936507936508
657.136 2.427140859140859
658.137 2.03808991008991
659.145 2.555936507936508
660.146 3.4375224775224775
661.155 2.726794846382557
662.156 1.814889110889111
663.295 1.1379174714661984
664.317 1.0922583170254405
665.326 1.1714093161546086
666.327 1.1853106893106893
667.335 1.5742857142857143
668.345 1.4519762376237624
669.346 1.054113886113886
670.355 0.9978671952428146
671.356 1.169838161838162
672.385 1.0573372206025267
673.395 1.2677702970297031
674.397 1.1622834331337326
675.41 0.8750878578479764
676.425 0.46363743842364535
677.426 0.7325154845154845
678.435 1.4470723488602577
679.445 1.5603326732673266
680.505 1.1709584905660375
681.506 1.3447672327672326
682.515 1.4642616451932606
683.516 1.3493066933066933
684.535 1.7183905789990186
685.545 1.564831683168317
686.555 1.8203881188118811
687.565 1.5431603960396039
688.575 1.9395801980198022
689.576 1.7319640359640358
690.585 1.6594965312190288
691.586 1.250909090909091
692.595 1.3124122893954413
693.624 0.8658969873663751
694.627 1.07037125748503
695.635 1.5525714285714287
696.645 1.7056950495049503
697.655 1.6361821782178216
698.656 0.911984015984016
699.665 0.8460178394449951
700.694 0.6487696793002915
701.695 0.9293106893106893
702.696 1.4367712287712289
703.705 1.8004995044598613
704.706 1.250909090909091
705.716 1.3219485148514853
706.874 0.9301001727115716
708.054 0.49196946564885496
709.064 0.5634534653465347
710.065 1.2901018981018981
711.075 1.7598732673267328
712.085 2.0696079207920794
713.095 2.3233267326732676
714.104 1.9568523290386521
715.124 1.1587764705882353
716.125 0.9293106893106893
717.155 1.2050640776699029
718.156 1.3447672327672326
719.245 0.9798823529411765
720.246 2.7441998001998003
721.247 2.377014985014985
722.254 3.8191539225422044
723.255 2.2130189810189806
724.265 1.571168316831683
725.284 0.5844160942100097
726.314 0.3506330097087379
727.317 0.28369292123629114
728.324 0.9237735849056604
729.425 1.3062742960944596
730.494 3.0550570626753975
731.525 3.1888884578079533
732.526 2.9628611388611388
733.535 2.1412408325074326
734.536 2.6284755244755242
735.564 2.0058521400778213
736.565 1.6946253746253748
737.574 1.4317224975222993
738.584 1.2505980198019804
739.601 0.9792566371681416
740.704 1.045932910244787
741.715 1.0608427299703265
742.724 1.4534152626362735
743.744 0.8520862745098039
744.764 0.8905411764705882
745.775 0.6819703264094955
746.784 1.0737918731417244
747.794 0.9688712871287128
748.795 1.2573026973026973
749.944 1.3088529155787643
750.954 1.2786059405940593
751.957 1.811270189431705
752.974 1.9629813176007866
753.984 1.8248871287128714
754.985 2.219412587412587
755.994 2.021930624380575
756.995 1.814889110889111
758.004 0.7637502477700693
759.005 1.3119680319680318
760.014 1.8266957383548066
761.016 2.523017964071856
762.044 1.5693696498054477
763.054 1.5494970297029704
764.194 0.8679859649122806
765.195 1.8039560439560438
766.197 2.0251337325349303
767.516 0.3069962092494314
768.524 1.8285079365079366
769.525 1.814889110889111
770.534 1.7182319127849355
771.535 2.3943416583416584
772.537 1.9596007984031936
773.544 1.678172790466733
774.554 1.9306560951437064
775.555 1.906893106893107
776.563 1.7914285714285714
777.575 1.5184822134387352
778.584 1.6378037661050546
779.602 1.5202829076620825
780.604 1.736622754491018
781.613 1.5989217046580773
782.614 2.099148851148851
783.615 1.7975624375624375
784.617 1.9441437125748502
785.624 1.77598411122145
786.634 1.640681188118812
