0.0 1.9688015873015872
1.08 1.4199851851851852
2.081 2.2423896103896106
3.201 1.7783642857142856
4.212 1.8469386138613861
5.391 1.540980491942324
6.4 1.5082735381565906
7.411 1.4525341246290802
8.421 1.2983524752475246
9.59 1.2353943541488452
10.591 1.814889110889111
11.701 1.3744360360360361
12.711 1.7301465346534652
13.712 1.721086913086913
14.713 2.0811188811188814
15.721 2.265190476190476
16.722 1.8713926073926075
17.723 2.358665334665335
20.053 0.9070866952789699
21.072 2.147422963689892
22.073 1.7060219780219779
23.082 2.0391199207135777
24.083 1.8511408591408591
25.262 2.3731229855810008
26.263 2.7257142857142855
27.273 2.9909861386138616
28.275 2.654435129740519
29.353 2.31352133580705
30.354 3.094057942057942
31.355 2.254769230769231
32.363 1.9572857142857143
33.364 2.339676323676324
34.373 0.7361665014866203
35.383 2.144380198019802
36.543 1.8341655172413793
37.544 2.350609390609391
38.553 1.9210069375619427
39.555 1.6673053892215568
40.564 1.9523488602576808
41.573 1.6085708622398416
42.574 2.011684315684316
43.575 1.1404195804195805
44.624 1.5217769304099142
45.625 1.5634285714285714
46.634 1.191199207135778
47.635 1.8695544455544453
48.644 2.162703666997027
49.655 1.8185875370919882
50.664 1.0873419226957384
51.665 1.4212987012987013
52.764 1.235501364877161
53.774 1.6036752475247524
54.775 1.716147852147852
55.795 1.7148
56.796 1.487808191808192
57.806 1.787881188118812
58.807 1.7023536463536464
59.815 2.4176984126984125
60.832 2.5780609636184857
61.836 3.4663266932270917
63.086 0.2539008
64.096 3.1471524752475246
65.097 2.121014985014985
66.106 1.5685787908820614
67.108 1.9842874251497005
68.116 2.2148571428571424
69.126 1.9790099009900988
70.136 2.1792950495049506
71.137 2.0663496503496503
72.146 2.0174271555996035
73.176 1.2537786407766989
74.267 0.42432263978001833
75.447 0.3338847457627119
76.457 3.2398257425742574
77.547 1.9472
78.557 2.34049900990099
79.558 2.025070929070929
80.567 1.5456650148662043
81.568 2.3834085914085916
82.577 2.646517343904856
83.617 1.8026692307692307
84.618 2.1975464535464533
85.639 1.9224289911851127
86.648 1.7493121902874136
87.658 2.5680475247524748
88.659 2.1685114885114882
89.668 2.5922854311199206
90.68 1.8228774703557313
91.688 2.4971428571428573
92.718 2.149460194174757
93.719 2.481806193806194
94.729 2.217560396039604
95.778 2.6876186844613916
96.779 3.236187812187812
97.931 2.059736111111111
98.949 2.386609037328095
100.491 1.0716887159533073
101.5 3.2170782953419224
102.501 1.8263496503496504
103.509 2.128
104.51 2.121014985014985
105.519 2.1177244796828547
106.52 2.237218781218781
107.586 1.9963076923076921
108.59 2.539792828685259
109.74 2.1888139130434783
110.749 2.7332884043607533
111.75 1.7711568431568432
112.751 2.0007512487512487
113.76 2.537546085232904
114.77 3.012308910891089
115.81 2.246298363811357
116.82 1.9287445544554456
117.821 2.6142097902097903
118.83 2.0182200198216056
119.832 1.9987544910179638
120.862 1.7895300970873786
121.871 2.0391199207135777
122.88 1.8229930624380575
123.881 2.295944055944056
124.883 1.518179640718563
125.902 1.2441923454367028
126.931 2.033679300291545
127.932 2.809798201798202
128.933 2.299108891108891
129.934 2.8705614385614386
130.943 3.676923686818632
131.944 1.8596523476523474
132.952 2.8011428571428576
133.961 1.8463746283448959
134.972 1.9376617210682494
136.052 1.8788666666666667
137.064 1.4382924901185772
138.072 2.2474285714285718
139.082 1.6809188118811882
140.083 2.1647472527472527
141.084 2.295944055944056
142.095 0.12964589515331354
143.102 4.102999006951341
144.103 2.055416583416583
145.113 1.6430970297029703
146.125 2.7900711462450594
147.423 2.0967272727272728
148.443 2.1458823529411766
149.453 2.264649504950495
150.514 2.2779114043355326
151.524 2.1779643564356435
152.533 1.8042259663032705
153.534 1.5524955044955044
154.554 1.5879529411764706
155.564 1.8312237623762375
156.565 1.5482517482517482
157.585 1.3411764705882354
158.594 1.5401863230921704
159.604 1.7546376237623762
160.615 1.9701364985163206
161.634 1.495450441609421
162.655 1.68286777668952
163.674 1.6661354268891069
164.675 1.7820899100899101
165.684 1.5333914767096135
166.695 1.5804391691394657
167.705 1.6892039603960396
168.714 1.4021010901883053
169.715 1.6071608391608392
170.725 1.3548831683168316
171.735 1.4303049504950496
172.736 0.8607552447552448
173.745 1.5293399405351833
174.766 1.099588638589618
175.785 1.4069322865554466
176.796 1.1521186943620176
177.805 1.0954846382556986
178.806 1.0167752247752249
179.815 0.7592467789890981
180.826 0.48420178041543027
181.835 0.5748582755203172
182.866 0.3715227934044617
183.896 0.2975067961165049
184.926 0.30813203883495144
186.016 0.19076697247706423
187.056 0.1262769230769231
195.667 0.0012709325281616537
260.122 0.0015281359087735628
261.143 0.600258570029383
262.153 0.8560158415841584
263.213 0.8147396226415095
264.263 2.1848380952380952
265.353 2.1918018348623853
266.523 1.8456341880341882
267.533 1.641029702970297
268.542 2.144761149653122
269.552 2.034970297029703
270.553 1.9849190809190809
271.554 2.4480639360639365
272.562 3.043690476190476
273.582 2.313286274509804
274.642 2.731637735849057
275.681 2.0273416746871993
276.682 2.590993006993007
277.683 2.976287712287712
278.692 3.357550049554014
279.693 3.0113726273726273
280.702 3.1830009910802772
281.703 3.1577862137862143
282.704 3.244051948051948
283.711 3.4013108242303876
284.713 3.403033932135729
285.791 3.2417884972170685
286.792 3.7069570429570433
287.801 2.507417244796829
288.802 3.6954805194805194
290.002 3.8937733333333338
291.003 4.657486513486513
292.011 3.514753968253968
293.02 2.141597621407334
294.022 3.6261556886227546
295.024 3.948766467065868
296.026 4.540087824351297
297.031 4.7457830845771145
298.255 3.022339869281046
299.26 3.414208955223881
300.271 4.589768545994065
301.281 4.174811881188119
302.282 3.7594645354645353
303.283 4.130213786213786
304.29 4.041310824230387
305.291 4.52628971028971
306.43 3.237801580333626
307.44 2.373005940594059
308.45 2.2754851485148517
309.459 2.74413478691774
310.46 3.6625774225774226
311.461 2.534041958041958
312.469 4.0280000000000005
313.47 3.1407712287712286
314.48 3.8834851485148514
315.672 3.378469798657718
316.68 3.926738095238095
317.681 4.468827172827172
318.689 4.223428571428571
319.69 3.4717922077922077
320.691 3.97186013986014
321.699 4.896571428571428
322.71 3.9621465346534652
323.712 4.365461077844311
324.713 4.930813186813187
325.719 4.778027833001988
326.829 4.465953153153153
327.83 4.679352647352648
328.832 3.6543552894211575
329.839 3.4921310824230387
330.84 3.6915164835164833
331.85 4.464285148514851
332.851 4.114805194805196
333.862 4.092684470820969
334.888 2.6208265107212476
335.889 3.159656343656344
336.899 3.6153267326732674
337.948 3.7013841754051477
338.949 4.570021978021977
339.95 3.661122877122877
340.958 3.5717380952380955
341.959 3.42204995004995
342.968 2.6079286422200196
343.969 3.0065934065934066
344.978 1.9424856293359762
346.551 1.496793893129771
347.558 2.6085640516385302
348.568 2.362170297029703
349.569 2.3384535464535463
350.57 3.695376623376623
351.571 3.251908091908092
352.579 3.789142857142857
353.58 3.2493426573426576
354.588 3.499217477656405
355.589 4.384159840159841
356.597 2.6463492063492065
357.608 1.7408902077151336
358.62 2.61704347826087
359.678 3.1792287334593574
360.679 5.193206793206794
361.688 4.18805946481665
362.689 4.018925074925075
363.69 2.6348691308691308
364.691 4.3546213786213785
365.7 4.067615460852329
366.718 4.196814159292035
367.727 3.176261645193261
368.728 2.339676323676324
369.74 2.4872727272727273
370.747 2.4452830188679244
371.748 1.997138861138861
372.749 2.45994005994006
374.238 0.5806420416386837
375.269 4.820027158098933
376.277 3.517714285714286
377.357 3.0150740740740742
378.358 5.171340659340659
379.368 3.7346455445544553
380.369 4.231096903096903
381.37 3.300675324675325
383.048 0.7304696066746126
384.088 4.162446153846154
385.089 2.755132867132867
386.09 3.3060859140859145
387.097 3.091511420059583
388.101 3.7497370517928292
389.107 0.9350775347912524
390.117 2.5247049504950496
391.118 2.24199000999001
392.119 3.039392607392607
393.138 2.691375858684985
394.157 1.1491736997055937
395.167 0.9101940594059406
396.186 0.6980961727183513
397.216 0.9768155339805824
398.22 1.0573386454183267
399.226 0.8920556660039761
400.286 0.4233056603773585
401.317 0.10614936954413191
402.318 1.0978381618381619
403.327 1.6703429137760157
404.438 1.494739873987399
405.446 1.965142857142857
406.447 1.8039560439560438
407.448 1.7346573426573428
408.449 2.6348691308691308
409.546 1.7067274384685507
410.547 1.9242197802197802
413.357 0.7633537366548042
414.367 6.334891089108911
415.376 1.9631952428146682
416.378 2.708694610778443
417.386 2.3885714285714283
418.387 2.5364715284715285
426.475 0.016205736894164192
428.159 0.5732762923351158
429.161 2.3810299401197605
430.162 4.100787212787212
431.209 4.734808022922636
432.225 5.100011822660099
433.33 3.310747511312217
434.331 4.958097902097903
435.592 3.2024869151467095
436.593 4.543680319680319
437.599 5.820119284294234
438.6 4.6876963036963035
439.601 4.676699300699301
440.61 5.6401189296333
441.62 4.676649504950494
442.621 4.613658341658342
443.799 4.901337860780984
443.994 0.7296
