0.0 1.865187250996016
1.001 2.730037962037962
2.01 1.6134152626362737
3.02 1.2650227948463826
4.021 1.5888831168831168
5.031 1.4526336633663366
6.032 1.0625614385614386
7.041 1.6556114965312192
8.141 1.8089309090909091
9.142 2.1223336663336663
10.151 2.33204360753221
11.152 2.798433566433566
12.272 2.365414285714286
13.282 2.4425742574257425
14.392 1.7647135135135137
15.393 2.9142777222777223
16.394 2.4898621378621377
17.402 2.116436507936508
18.403 1.8163436563436566
19.412 1.8443448959365707
20.413 1.7055584415584415
21.414 1.6871448551448553
22.423 1.829565906838454
23.553 1.5396884955752212
24.563 1.2244277227722773
25.633 0.9339140186915889
26.643 1.170249504950495
27.743 0.8658909090909092
28.744 1.2901018981018981
29.754 0.9997623762376239
30.764 1.6361821782178216
31.774 1.5242693069306932
32.784 1.216491089108911
33.785 1.5524955044955044
34.786 1.8542417582417583
35.795 1.892384539147671
36.796 1.9067572427572428
37.805 2.029090188305253
38.995 1.485310924369748
40.005 2.1996356435643563
41.006 2.004083916083916
42.016 1.5061544554455446
43.156 1.0397684210526315
44.165 1.572725470763132
45.166 1.1902257742257742
46.186 1.1587764705882353
47.316 0.714987610619469
48.317 1.301034965034965
49.326 1.6039960356788898
50.337 1.6608031651829873
51.347 1.8624316831683168
52.356 1.3449514370664024
53.367 1.492589515331355
54.377 2.027390099009901
55.577 2.014886666666667
56.578 2.7660659340659337
57.579 2.6302017982017984
58.58 3.345966033966034
59.588 2.6124206349206345
60.598 2.5536950495049506
61.609 2.539948565776459
62.619 1.9409108910891089
63.62 2.4052747252747255
64.628 1.1878015873015872
65.629 1.650893106893107
66.64 1.5479327398615232
67.828 1.8049966329966332
68.829 2.809798201798202
69.83 1.708011988011988
70.831 1.558017982017982
71.84 2.6573637264618433
72.85 1.9027960396039605
73.851 1.8624415584415586
74.861 2.091279207920792
75.862 2.124083916083916
76.87 2.1062857142857143
77.871 1.938917082917083
78.881 1.7522376237623762
80.0 1.8568007149240393
81.01 2.459691089108911
82.011 1.7345774225774226
83.012 2.0226173826173826
84.021 1.6119088206144698
85.022 2.3943416583416584
86.024 2.450099800399202
87.025 2.269418581418581
88.031 2.274178926441352
89.042 2.6186745796241344
90.102 2.639245283018868
91.104 2.0752095808383233
92.112 1.6008888888888888
93.113 1.841182817182817
94.122 2.418743310208127
95.283 1.823235142118863
96.343 2.0353056603773587
97.422 2.1412344763670066
98.423 2.121014985014985
99.424 2.3295424575424573
100.425 2.141882117882118
101.433 2.3350873015873015
102.443 2.2109148514851484
103.444 2.0686993006993006
104.445 2.9628611388611388
105.454 2.389343904856293
106.455 2.4113726273726277
107.464 2.262120911793855
108.574 2.417700900900901
109.575 2.6083036963036963
110.576 2.1428811188811188
111.577 1.7913126873126874
112.585 2.4645714285714284
113.586 1.8903896103896105
114.595 1.9523488602576808
115.596 1.5374545454545454
116.605 1.9957343904856293
117.675 1.2421084112149534
118.676 1.5962277722277722
119.686 1.87729900990099
120.706 2.1995294117647055
121.707 2.050901098901099
122.716 1.7933795837462834
123.726 2.3079920792079207
124.747 1.8219079333986288
125.757 2.5138693069306934
126.768 1.9585756676557864
127.777 1.4642616451932606
128.797 1.3437725490196077
129.817 1.3733647058823528
130.827 1.170249504950495
131.828 0.7667852147852148
132.829 1.093306693306693
133.838 1.2039484638255697
134.857 0.863207065750736
135.868 1.2773412462908011
136.878 0.9415445544554455
137.908 1.0944
138.918 1.057148514851485
139.928 1.3002772277227723
140.938 0.9347326732673268
141.998 0.8901132075471698
142.999 0.8637122877122877
144.169 0.7286837606837607
145.179 1.1919207920792079
146.199 0.9111450980392156
147.209 1.4736475247524752
148.219 1.7257267326732675
149.309 2.054165137614679
150.31 2.241278721278721
151.32 1.7919762376237625
152.321 2.60206993006993
153.33 1.8557145688800791
154.34 2.97459801980198
155.341 2.669066933066933
156.351 2.8990257425742576
157.36 1.9827552031714568
158.371 2.337790099009901
159.372 2.350609390609391
160.381 1.6714687809712585
161.382 1.6505334665334663
162.391 2.1692765113974235
163.399 1.899595238095238
164.422 2.2929736070381233
165.432 2.3079920792079207
166.442 1.6824792079207922
167.443 2.3283916083916085
168.452 2.201815659068384
169.462 1.540918811881188
170.463 1.5196963036963036
171.552 1.3024573002754822
172.553 1.4103656343656346
173.562 1.2798731417244795
174.733 0.886538001707942
175.753 0.7832470588235294
176.763 1.0077148514851484
177.773 0.7043168316831683
178.783 0.41175445544554456
179.813 0.30813203883495144
180.833 0.3433411764705882
181.89 0.33279848628193
182.894 0.3052111553784861
183.934 0.284123076923077
184.974 0.2209846153846154
185.984 0.2167128712871287
186.994 0.13002772277227723
188.204 0.10853553719008265
189.234 0.18062912621359223
191.445 0.04454816824966079
192.545 0.00994909090909091
208.929 0.00066796875
210.437 0.33726259946949605
211.438 1.0202677322677325
212.439 1.018989010989011
213.448 1.1049910802775025
214.458 1.250798810703667
215.459 1.2936743256743257
216.46 1.3563716283716283
217.468 1.4542222222222223
218.499 1.8412492725509213
219.688 1.6988999158957105
220.699 1.95340059347181
221.849 2.0753391304347826
223.019 1.8052923076923078
224.05 1.5892609117361784
225.051 2.252211788211788
226.059 1.5847936507936509
227.06 1.7061738261738262
228.07 1.7782574257425743
229.08 1.8574811881188118
230.089 1.9508741328047572
231.1 2.026429277942631
232.101 2.6567352647352642
233.102 1.6947292707292707
234.11 1.948373015873016
235.271 1.9878863049095605
236.441 2.117388034188034
237.621 2.159586440677966
238.781 2.150558620689655
239.821 2.041346153846154
240.961 2.0860701754385964
241.991 2.1397436893203885
242.992 2.60206993006993
243.993 2.115828171828172
244.994 2.1543496503496504
246.002 2.0670873015873017
247.003 2.050245754245754
248.013 2.578883168316832
249.014 2.061714285714286
250.033 2.6312855740922476
251.034 2.645802197802198
252.043 2.215222993062438
253.044 1.981154845154845
254.083 2.570102021174206
255.084 2.042037962037962
256.225 1.8992883435582821
257.234 2.3672626362735385
258.244 2.122954455445545
259.333 2.2864573002754818
260.344 2.6222257425742574
261.353 2.134461843409316
262.354 2.6567352647352642
263.364 2.086041625371655
264.365 2.645802197802198
265.374 2.008507433102081
266.375 2.0393766233766235
267.385 2.1739168316831683
268.515 2.1636705048715674
269.575 2.0484603773584906
270.645 2.0872448598130844
271.795 2.0270260869565218
272.796 2.252211788211788
273.805 1.4796828543111993
274.815 1.6795247524752477
275.935 0.5374
277.266 0.10689105935386926
278.346 2.9746444444444444
279.347 2.536695304695305
280.348 2.581714285714286
281.356 2.808936507936508
282.357 2.829010989010989
283.366 2.691552031714569
284.367 2.0160319680319683
285.368 2.2303456543456543
286.377 2.276654112983152
287.378 2.0223536463536465
288.387 1.9089633300297324
289.397 1.4153108910891088
290.398 1.9898181818181815
291.418 1.7471686274509803
292.427 1.6594965312190288
293.428 1.5941978021978023
294.448 2.2960941176470584
295.449 1.9636043956043954
296.56 1.7678991899189918
297.569 2.0933518334985135
298.579 1.7644277227722773
299.58 2.3121918081918085
300.698 2.4175885509839
301.699 2.973794205794206
302.7 2.2005114885114887
303.701 2.350609390609391
304.709 1.9150476190476189
305.719 2.589718811881188
306.72 1.792063936063936
307.722 2.359185628742515
308.73 1.7251349206349207
309.91 2.4528406779661016
310.911 2.886329670329671
311.912 2.4219220779220776
312.913 2.26813986013986
313.921 2.4743412698412697
314.931 2.793639603960396
316.081 2.1583860869565217
317.083 2.9913373253493014
318.091 2.7926984126984125
319.092 3.176607392607393
320.102 3.1170059405940593
321.103 2.951928071928072
322.852 0.4627055460263007
323.853 5.904535464535464
324.972 2.1095835567470957
326.112 2.4904210526315786
327.262 2.612591304347826
328.263 3.487648351648352
329.268 2.577257711442786
330.283 2.1667783251231527
331.293 2.959493069306931
332.483 2.7292705882352943
333.484 3.1377902097902095
334.485 2.1268411588411587
335.603 1.919685152057245
336.604 1.3338341658341657
337.605 2.1538141858141855
338.614 1.9146560951437066
339.623 1.7934826560951438
340.624 2.186613386613386
341.634 1.5616079207920792
342.804 1.8883008547008546
343.834 2.201452427184466
344.835 2.519784215784216
345.904 2.0486136576239478
346.906 2.4781477045908185
347.915 3.0636114965312187
348.916 2.497030969030969
349.917 2.6191168831168827
350.925 2.6310238095238097
351.936 2.7495232443125617
352.946 2.709013861386139
353.947 3.4656543456543454
354.956 2.07999207135778
355.957 2.031848151848152
356.966 2.2008959365708627
357.976 1.418130693069307
358.991 2.2117201970443348
360.116 1.9612800000000001
361.227 2.438768676867687
362.237 3.069877227722772
363.297 3.0774264150943393
364.298 4.121766233766235
365.299 2.4599000999001
366.307 2.45847619047619
367.308 1.792175824175824
368.388 2.2804592592592594
369.389 2.820731268731269
370.398 2.313221010901883
371.399 2.4927392607392607
372.408 1.9813597621407335
373.41 2.251640718562874
374.411 2.3246673326673326
375.418 2.2901132075471695
376.419 1.928207792207792
377.42 2.6244555444555444
378.421 2.646513486513486
379.429 2.5520555555555555
380.569 2.1894315789473686
381.589 2.741835294117647
382.59 2.6920999000998997
383.599 2.3401704658077302
384.6 1.8975904095904095
385.68 1.9019481481481482
386.69 2.4212594059405945
387.81 2.1561785714285713
388.812 1.8130778443113773
389.83 1.4048251473477407
390.831 1.4978301698301697
392.261 0.5842125874125874
393.28 0.6980961727183513
394.281 0.3389250749250749
395.291 0.5851247524752475
396.307 1.1094803149606298
397.351 0.9873103448275861
398.352 2.044483516483517
399.353 1.907012987012987
400.372 1.7789990186457314
401.592 2.184518032786885
402.672 2.540659259259259
403.872 2.5849266666666666
404.882 1.6361821782178216
405.973 0.32099725022914755
406.988 0.5391133004926109
408.173 0.046177215189873416
409.174 1.1110409590409591
410.183 2.148336967294351
411.213 2.3542679611650486
412.214 2.093914085914086
413.363 2.4671749347258487
414.364 2.733266733266733
415.374 1.9359366336633663
416.384 0.8343445544554455
417.385 2.539796203796204
418.395 2.037536633663366
419.396 2.339676323676324
420.404 1.8371904761904763
421.405 2.5216703296703296
422.465 2.3048150943396224
423.485 2.4141176470588235
424.495 1.076728712871287
425.515 1.2446117647058823
426.525 0.7801663366336633
427.535 0.8550891089108911
428.536 1.814889110889111
429.565 0.7240272108843537
430.576 0.28144807121661725
431.586 0.34674059405940594
432.666 0.304
433.686 0.2253176470588235
434.706 0.2467764705882353
435.716 0.4767683168316832
436.726 0.6831128712871287
437.766 0.536676923076923
438.777 0.33557270029673586
439.797 0.24450196078431372
441.367 0.09758980891719746
442.399 0.34995348837209306
443.98 0.020766603415559772
444.997 0.4519646017699115
446.027 0.4443572815533981
447.037 0.49843960396039605
448.038 0.6337102897102896
449.048 0.7195722772277228
450.069 1.1382174338883446
451.078 1.13601585728444
452.089 1.0354817012858555
453.099 1.0510574257425742
454.119 0.9321647058823529
455.279 0.6379172413793103
456.429 0.804848695652174
457.489 0.8598264150943395
458.559 0.871603738317757
459.659 0.8894109090909091
460.759 1.066210909090909
461.97 1.179065235342692
462.992 1.3418003913894323
464.0 1.3370873015873017
465.001 1.3056303696303697
466.01 0.9900574826560952
467.201 1.1105424013434089
468.38 1.036091603053435
469.501 1.073398751115076
470.511 1.4303049504950496
471.522 1.2290563798219585
472.531 1.35197621407334
473.541 1.270241584158416
474.611 0.9896897196261681
475.622 1.0824925816023736
476.642 0.6021803921568627
477.653 0.995893175074184
478.663 1.1539168316831683
479.672 1.2106798810703667
480.673 1.258101898101898
481.683 1.2352633663366337
482.703 0.39776470588235296
483.723 1.2553411764705882
484.732 0.8852091179385531
485.733 1.301034965034965
486.743 1.0917623762376238
487.744 1.117130869130869
488.745 1.5306293706293708
489.753 1.2346904761904762
490.764 1.5912640949554897
491.774 1.08590099009901
492.775 1.2901018981018981
493.784 1.0390723488602578
494.804 1.2231529411764706
495.825 0.926816846229187
496.834 1.323258671952428
497.844 0.9023762376237623
498.994 0.8935165217391304
499.995 0.983976023976024
501.025 1.0587961165048545
502.126 1.136486830154405
503.135 1.2907195242814669
504.145 1.070328712871287
505.146 0.7467972027972027
506.336 0.9634016806722688
507.346 1.0510574257425742
508.356 0.8195009900990099
509.366 1.1601821782178217
510.367 1.475964035964036
511.377 0.9892435643564356
512.386 1.0538909811694748
513.396 1.7445386138613863
514.407 1.2749673590504451
515.408 1.6399600399600398
516.427 1.6785161923454366
517.428 1.7227252747252746
518.437 1.7137284440039644
519.457 1.6630588235294117
520.458 1.2508851148851148
521.497 1.1165197305101058
522.507 0.5979881188118813
523.508 0.8637122877122877
524.518 0.5634534653465347
525.528 1.1411643564356437
526.529 2.2137942057942057
527.53 2.544655344655345
528.531 2.431120879120879
529.539 1.9555317460317458
530.54 2.854337662337662
531.541 2.980163836163836
532.709 1.6093767123287672
533.87 3.1035934539190353
534.872 3.4026586826347307
535.959 2.9453541858325667
536.971 2.7684426877470356
537.98 2.0950644202180375
538.982 2.758586826347305
539.991 2.4838216055500495
541.071 1.7504074074074074
542.081 2.2321425742574257
543.092 1.7343857566765577
544.101 1.7137284440039644
545.111 1.863730693069307
546.129 1.1932730844793713
547.131 1.5291017964071858
548.133 1.157748502994012
552.962 0.21008573203561814
553.973 4.968640949554897
556.012 0.23283570377636095
557.032 0.6974117647058823
558.043 1.905186943620178
559.133 1.2536660550458716
560.135 1.2232574850299403
561.143 1.7987222222222221
562.154 1.5502274975272008
563.163 1.2581803766105053
564.164 0.9538621378621378
565.193 0.935930029154519
566.203 0.37354455445544554
567.214 0.4221721068249258
568.243 0.4254227405247813
569.303 0.2890867924528302
572.585 0.03334552102376599
573.614 1.6075801749271135
574.625 1.296047477744807
575.645 1.0787843137254902
576.656 1.201566765578635
577.676 1.1335294117647057
578.695 1.3340529931305198
579.705 1.2953346534653465
580.735 1.2256077669902912
581.766 0.5307468477206595
582.785 0.2899784102060844
583.956 0.2021929974380871
585.046 1.4263853211009174
586.069 1.8956168132942324
587.077 1.9360873015873017
588.078 2.0082717282717284
589.088 1.7766811881188118
590.107 1.8098135426889106
591.119 1.5907193675889328
592.137 2.3329666011787817
593.148 1.9992561819980217
594.397 1.9195836669335467
595.407 1.8203881188118811
596.427 0.8583529411764705
597.428 0.9667532467532468
598.429 1.6689470529470531
599.43 2.6392887112887116
600.438 2.376015873015873
601.44 2.5042075848303393
602.441 2.8045234765234763
603.49 1.1564308865586272
604.491 2.18415984015984
605.639 2.5315609756097563
606.649 2.849774257425743
607.65 2.5713726273726274
608.669 2.3903670264965653
609.672 1.1129491525423731
610.7 1.9122101167315173
611.739 2.2342329162656402
612.75 2.568870425321464
613.881 2.357078691423519
614.89 2.6693835480673935
615.891 2.945038961038961
616.902 4.015548961424332
617.911 3.810830525272547
618.92 3.136816650148662
619.94 2.3201803921568627
620.941 2.046865134865135
621.951 1.8854019801980197
622.961 1.2858455445544554
623.971 0.8885227722772278
624.972 0.8637122877122877
626.141 0.514901625320787
627.142 0.4701218781218781
628.151 1.323258671952428
629.152 1.1994325674325674
630.153 1.3884995004995004
631.162 1.2364876114965313
632.184 0.7924227005870841
633.192 0.6405714285714286
634.222 0.5525126213592233
635.223 0.6198521478521478
636.232 1.0954846382556986
637.233 0.8746453546453548
638.283 0.7670780952380952
639.303 0.9441882352941178
640.465 0.47091222030981067
641.484 0.6014367026496565
642.505 0.3800195886385896
643.514 0.9110961347869178
644.524 1.0268831683168318
645.534 1.1700039603960397
646.554 1.1139529411764706
647.565 1.314975272007913
648.574 0.832404360753221
649.575 1.0420379620379618
650.585 1.144269306930693
651.594 1.0737918731417244
652.645 0.6647687916270218
653.646 0.9621098901098901
654.669 0.8344398826979472
655.685 0.46657480314960625
656.695 0.5634534653465347
657.696 0.48937462537462534
658.875 0.3712977099236641
659.886 0.5501088031651831
660.906 1.0605254901960786
661.926 0.6438980392156862
662.956 0.4568854368932039
664.021 0.24662535211267608
665.106 0.20173271889400923
666.277 0.14018787361229718
667.518 0.29337630942788073
668.747 0.8228022782750203
670.007 0.5381142857142858
671.627 0.5945876543209876
672.628 0.8855784215784216
673.638 0.6719207920792079
674.647 0.6518533201189297
675.648 0.9621098901098901
676.665 0.647016715830875
677.808 0.5921679790026246
678.809 0.7106493506493506
679.819 0.5902970297029704
680.828 0.5097799801783944
681.838 0.422590099009901
683.099 0.18696907216494843
684.119 0.5793882352941176
685.129 0.39008316831683165
686.149 0.3774039215686274
687.169 0.2575058823529412
688.179 0.28172673267326737
689.183 0.5341195219123506
690.19 0.478188679245283
691.26 0.30443364485981306
692.42 0.7054206896551724
693.43 0.8614178217821782
694.44 0.8524277227722773
695.46 0.6023686274509804
696.472 0.7762608695652173
697.671 0.9708690575479567
698.861 1.0483966386554622
700.011 1.0144208695652175
701.152 1.0207326906222614
702.161 1.0954846382556986
703.162 0.6950809190809191
704.252 0.6143192660550459
705.273 0.8896689520078355
706.282 0.7717898909811696
707.292 0.7652356435643565
708.353 0.6961658812441093
709.362 0.3362378592666006
710.373 0.1842059405940594
711.382 0.873547619047619
712.383 0.9572987012987013
713.413 0.5206368932038835
714.443 0.3188271844660194
715.452 0.4555480673934589
716.463 0.7401980198019802
717.464 1.0906453546453547
718.483 1.3562708537782138
719.683 0.6314066666666667
720.833 0.7493913043478261
721.994 0.7713970714900947
723.194 0.85784
724.224 0.9289087378640777
725.234 0.9290059405940595
726.244 1.364728712871287
727.245 1.3411628371628372
728.255 1.7770455445544555
729.265 1.3552316831683167
730.285 1.3984392156862746
731.295 1.1206178217821783
732.305 1.571168316831683
733.315 1.4852277227722774
734.435 1.090857142857143
735.445 0.4009188118811881
736.456 0.6061958456973293
737.457 1.2901018981018981
738.466 1.1988424182358772
739.486 0.7739686274509804
740.636 0.8554708442123585
741.646 1.0944
742.666 0.8746352941176471
743.677 0.7793946587537093
744.717 0.7815153846153846
745.727 1.1377425742574259
746.747 0.614
748.155 0.32645454545454544
749.167 0.5407114624505929
750.178 0.7833827893175074
751.257 1.2652455977757184
752.258 1.383184815184815
753.268 1.3737108910891087
754.269 1.5807392607392607
755.278 1.8610822596630328
756.428 1.7397147826086958
757.429 1.7057982017982019
758.439 1.8504079207920792
759.442 2.63830109670987
760.519 1.8597288765088207
761.52 2.408695304695305
762.7 2.1711525423728815
764.009 2.535272727272728
765.01 3.356451548451549
766.011 2.1970429570429566
767.02 2.1227036669970265
768.021 4.012435564435564
769.022 3.298733266733267
770.023 3.47769030969031
771.042 3.5108851815505395
772.211 3.246733960650128
773.212 3.407008991008991
774.213 2.80628971028971
775.241 1.7355953307392995
776.242 1.8586213786213786
777.251 1.5465530227948463
778.261 1.9523488602576808
779.263 1.224303393213573
780.271 1.7697142857142858
781.282 1.4263976261127596
782.292 1.3869623762376238
783.302 0.9968792079207921
784.312 0.7584950495049506
785.323 0.47494362017804154
786.332 0.8351714568880079
787.372 0.4209230769230769
