0.0 1.367856143856144
1.009 1.6594965312190288
2.2 1.4788379513014274
3.289 1.5711221303948577
4.31 1.3644505386875612
5.379 1.2995472404115995
6.52 1.769654688869413
7.539 1.7232266928361137
8.599 1.817222641509434
9.8 1.6894321398834304
10.809 2.4512824578790884
11.81 2.1205834165834165
12.969 1.2691147540983605
13.97 1.964363636363636
15.119 1.84563272410792
16.13 1.6522729970326409
17.131 2.1647472527472527
18.27 1.4424021071115012
19.271 2.3953166833166835
20.28 2.062826560951437
21.439 1.7845591026747194
22.549 2.2116324324324323
23.61 2.1524901036757775
24.611 2.339428571428572
25.799 1.8636969696969699
26.889 1.9581944954128438
28.029 1.8937543859649122
29.03 1.629026973026973
30.031 1.1334505494505496
31.04 1.966097125867195
32.041 1.91984015984016
33.11 2.0523479887745557
34.119 2.141106045589693
35.12 2.056783216783217
36.129 2.36397224975223
37.139 2.6602138613861386
38.14 2.6054025974025974
39.149 2.3678652130822595
40.16 2.661467853610287
41.161 2.7094825174825172
42.169 2.7837063492063496
43.179 2.6872396039603963
44.182 2.2722632103688936
45.189 1.848301886792453
46.191 2.1953532934131736
47.199 1.897730158730159
48.214 1.8985773399014778
49.349 1.7906396475770925
50.35 2.6348691308691308
51.359 1.9489078295341922
52.369 2.097489108910891
53.589 1.8393180327868852
54.599 2.4271841584158413
55.609 1.8920950495049507
56.619 1.7952000000000001
57.62 2.186613386613386
58.629 1.6664261645193261
59.639 2.0696079207920794
60.649 1.8433900990099008
61.659 2.247342574257426
62.669 2.4488237623762372
63.67 2.9075084915084917
64.679 2.3428186323092173
65.68 1.4784175824175825
66.689 1.838517343904856
67.699 2.362170297029703
68.709 1.4802059405940595
69.719 1.8095524752475247
70.72 1.5125834165834167
71.722 1.8130778443113773
72.728 1.6239840954274354
73.87 1.044567425569177
74.879 1.7825411298315164
75.88 3.2548891108891107
76.889 2.4713894945490584
77.908 2.5523925417075564
78.909 3.225254745254745
79.91 2.3791728271728267
80.919 2.1185569871159564
81.921 2.413796407185629
82.929 2.123373015873016
83.939 1.9617742574257424
84.989 1.8647695238095239
85.999 2.34049900990099
87.009 1.8380356435643563
88.01 2.115004995004995
89.209 1.9661317764804003
90.216 2.847396226415094
91.219 1.7394616151545366
92.309 1.959207339449541
93.318 1.1822556987115957
94.319 1.171044955044955
95.329 1.3111128712871287
96.339 0.9976712871287129
97.349 0.8776871287128714
98.368 0.5584769381746811
99.438 0.8991327102803739
100.468 0.7331417475728156
101.498 0.775642718446602
102.508 0.5092752475247525
103.538 0.47892038834951456
104.548 0.6176316831683168
105.568 0.5686588235294118
106.579 0.4905479723046488
107.598 0.6443964671246319
108.608 0.5634534653465347
109.628 0.21556862745098038
110.648 0.1824
111.668 0.1716705882352941
112.688 0.16094117647058823
114.049 0.01608229243203527
168.133 0.00020235189704903483
169.144 0.865994065281899
170.184 0.5518076923076922
171.193 1.3103825569871161
172.214 1.0884152791380999
173.224 1.2505267326732674
174.235 1.364003956478734
175.374 1.1485864793678666
176.375 2.0249670329670333
177.554 1.5798948261238337
178.564 2.10590099009901
179.573 1.7078136769078296
180.764 1.1500789252728802
181.903 0.6918068481123792
182.913 0.9699326732673268
183.914 1.7554365634365634
184.933 1.9277723258096173
186.163 1.5073756097560977
187.174 2.6323006923837786
188.194 2.2095529411764705
189.203 2.0346798810703666
190.213 2.6980752475247525
191.214 1.5128951048951047
192.454 2.286683870967742
193.785 2.224318557475582
194.794 2.7720991080277506
195.904 2.9779459459459456
196.905 3.3877882117882114
198.023 2.5794203935599285
199.024 3.20561038961039
200.033 2.3931179385530226
201.193 2.403993103448276
202.283 2.4464
203.284 3.17058941058941
204.285 2.9066533466533464
205.294 2.08405153617443
206.464 2.353121367521368
207.594 2.9837238938053097
208.604 3.261528712871287
209.605 2.6507172827172827
210.613 1.8949444444444443
211.614 1.6733986013986015
212.615 2.6348691308691308
213.623 2.1339920634920637
214.624 2.503672327672328
215.633 1.5711238850346878
216.643 1.8312237623762375
217.654 1.554421364985163
218.655 2.252211788211788
219.673 2.03856974459725
220.683 1.8115960396039605
221.693 1.8208158415841582
222.703 1.802962376237624
223.704 2.5744335664335662
224.713 2.513458870168484
225.714 2.6239360639360636
226.723 1.8846382556987116
227.724 2.263144855144855
228.873 1.8933402959094865
229.874 2.219412587412587
230.875 1.7715484515484516
231.883 1.8348571428571427
232.903 1.5997647058823528
234.823 0.11386666666666667
235.824 5.348835164835164
236.843 2.0835485770363102
237.853 1.8312237623762375
238.863 1.0216079207920792
239.883 2.2424470588235295
240.884 2.356771228771229
241.953 2.851906454630496
242.959 2.328047713717694
243.963 1.589808764940239
244.973 1.8796831683168316
245.983 2.2754851485148517
246.994 1.830053412462908
247.996 2.819832335329341
249.003 2.3693108242303875
250.154 2.143687228496959
251.253 2.428651501364877
252.313 2.3474415094339625
253.402 2.3400477502295685
254.475 2.3249282385834107
255.483 2.290722222222222
256.511 2.132365758754864
257.513 1.8021556886227545
258.523 1.3369346534653466
259.526 1.2547956131605187
260.532 1.2075387673956264
261.533 1.0771868131868132
262.544 1.7866429277942633
263.553 2.0650386521308226
264.555 2.5506187624750503
265.563 3.3005714285714283
266.564 2.017982017982018
267.573 3.156297324083251
268.58 2.904301886792453
269.583 2.8173718843469593
270.683 2.5049454545454544
271.684 2.973794205794206
272.685 2.569446553446553
273.693 2.2393253968253966
274.694 2.3716363636363633
275.713 2.937562315996075
276.714 3.201094905094905
277.715 3.2288191808191806
278.914 3.3058148457047545
279.943 3.0793469387755104
280.944 3.0353086913086913
281.952 2.966253968253968
282.959 1.7324250248262165
283.963 1.8966693227091636
284.972 1.2372566897918733
286.082 1.025390990990991
287.093 1.15826706231454
288.252 1.2598515962036239
289.253 1.9242197802197802
290.263 1.4952871287128713
291.343 2.285437037037037
292.692 1.9716590066716084
293.693 1.3447672327672326
294.862 1.6677023096663817
295.863 1.8476883116883116
297.093 0.6648065040650406
298.094 1.2245034965034967
299.103 1.168777006937562
300.184 2.066827012025902
301.453 2.254323089046493
302.762 2.1729136745607334
303.942 2.661579661016949
304.943 3.5271848151848153
305.962 3.0698959764474973
306.963 3.2143216783216784
307.973 3.8012990099009905
308.982 2.2083488602576806
309.983 2.2464335664335664
310.992 2.2325708622398417
311.993 2.3559240759240763
312.994 3.115924075924076
313.995 2.2081758241758247
315.002 2.325735849056604
316.003 1.8834525474525474
317.043 1.357476923076923
318.053 1.6512
320.184 0.4776123885499765
321.212 0.5855252918287938
322.252 0.6313846153846153
323.262 0.7259881188118812
324.272 0.8659009900990099
325.282 1.6795247524752477
326.392 0.947863063063063
327.412 0.3433411764705882
328.432 0.39698823529411764
329.452 0.6974117647058823
330.462 0.8343445544554455
331.472 1.5333465346534654
332.482 2.5023524752475246
333.483 1.810045954045954
334.488 1.6508497512437812
335.492 1.642621513944223
336.501 1.4216848364717543
337.502 1.6435164835164837
338.512 1.896229702970297
339.522 1.9247683168316831
340.532 1.5978297029702968
341.533 1.6085034965034966
342.622 2.3055426997245183
343.632 2.416348514851485
345.032 2.087662857142857
346.082 2.011611428571429
347.083 1.9756083916083917
348.092 2.607674925668979
349.093 2.279896103896104
350.094 2.8535304695304697
351.103 2.6538116947472745
352.112 2.5484400396432108
353.293 2.4753801862828113
354.302 2.8092130822596633
355.303 2.1075484515484515
356.312 2.5005986124876114
357.322 3.185679207920792
358.333 2.7722017804154304
359.343 3.603120792079208
360.344 3.9944295704295705
361.345 2.929974025974026
362.353 2.9009285714285715
363.362 2.6733478691774035
364.372 2.3524910891089106
365.373 2.1416983016983018
366.374 3.06622977022977
367.462 2.94675
368.472 2.9725544554455445
369.473 3.0175184815184815
370.474 3.3674885114885114
371.475 3.8701778221778222
372.482 2.473676266137041
373.483 3.377390609390609
374.522 3.0019865255052935
375.542 3.1610117647058824
376.543 3.209686313686314
377.544 3.1084115884115886
378.553 3.558350842418236
380.398 1.637151219512195
381.402 5.751330677290836
382.412 1.9660039603960395
383.413 2.798017982017982
384.502 2.904786042240588
385.503 2.9628611388611388
386.512 2.7036907829534194
387.522 2.763089108910891
388.532 2.076918811881188
389.542 1.778708910891089
390.544 2.2022035928143717
391.553 2.958049554013875
392.554 2.9783016983016983
393.561 3.0980655412115192
394.572 2.4470583580613257
395.593 2.8626523016650345
396.602 2.500566897918731
397.603 2.9763596403596404
398.604 3.802037962037962
399.622 2.4323693516699407
400.623 2.792887112887113
401.632 2.805542120911794
402.633 3.156107892107892
403.642 2.2705411298315163
404.661 2.0513287536800786
405.752 1.1253382218148489
406.771 1.933189401373896
407.772 3.159656343656344
408.773 2.960999000999001
409.931 2.6392538860103625
410.932 2.7849030969030966
411.942 3.1145425742574258
412.943 2.8493986013986015
413.982 2.648708373435996
414.992 3.07299801980198
416.001 2.5443805748265604
417.012 2.1000356083086054
418.013 0.6361558441558441
419.021 1.9977142857142858
420.032 1.5587893175074186
421.112 1.7745037037037035
422.133 2.7547580803134184
423.221 2.7155588235294115
424.232 1.7969376854599408
425.241 1.0846382556987118
426.271 1.0948271844660193
427.272 1.3775664335664335
428.288 0.9394488188976378
429.292 1.3952509960159363
430.294 0.9502275449101796
431.311 0.8570776794493609
432.321 1.0618930693069308
433.331 1.2244277227722773
434.332 1.1833606393606393
435.341 1.0954846382556986
436.351 0.48760396039603965
437.352 0.6381538461538462
438.851 1.1293342228152101
439.901 1.2611657142857144
441.131 0.45065365853658534
442.151 0.5579294117647059
443.171 0.4720941176470589
444.661 0.02203489932885906
445.856 0.7747682008368201
446.881 0.3950517073170732
447.911 0.6587650485436893
448.931 0.43763137254901957
449.932 0.5357202797202797
451.102 1.4945777777777778
452.103 2.013898101898102
453.111 2.3872619047619046
454.132 1.254111655239961
455.352 0.5171344262295082
456.368 0.32314960629921263
457.371 1.1020378863409772
458.381 0.9210297029702971
459.382 0.7543816183816184
460.392 1.2715326732673269
461.401 1.5418751238850348
462.412 1.415493570722057
463.431 1.353844946025515
464.651 1.233560655737705
465.661 1.3002772277227723
466.671 1.093069306930693
467.711 0.833223076923077
468.871 1.5907999999999998
469.872 2.2061538461538466
471.131 2.0291850675139003
472.133 2.722994011976048
473.322 2.0220958788898233
474.331 2.5991437066402376
475.661 2.0521924812030075
476.701 1.9993846153846155
477.761 2.0928150943396227
478.762 2.329118881118881
479.763 3.503704295704296
480.88 2.5826893464637424
481.891 2.513535113748764
482.901 2.5765148514851486
483.911 2.4807920792079208
484.912 2.5968671328671333
485.913 3.552287712287712
486.921 3.4600714285714282
487.93 2.7274608523290387
488.931 2.4927392607392607
489.941 1.7742811881188116
490.953 1.7627193675889326
491.96 1.3901648460774576
492.98 1.4162823529411765
493.99 1.170249504950495
495.0 0.9895366336633664
496.01 1.592839603960396
497.02 0.903009900990099
498.031 0.8010445103857566
499.04 1.1171774033696729
500.054 0.9257672583826431
501.081 0.8418461538461538
502.111 0.44626019417475726
503.121 0.6243326732673268
504.288 0.4126272493573265
505.29 0.6444071856287424
506.3 0.3178534653465347
507.311 0.6494955489614244
508.35 0.5559268527430221
509.37 0.7617882352941177
510.371 0.5102177822177821
511.38 0.8243250743310209
512.391 0.5680633036597428
513.631 0.48009032258064516
514.651 0.9656470588235294
515.66 0.5955044598612488
516.831 0.6731409052092228
517.871 0.799753846153846
518.88 0.6691694747274529
519.89 0.845180198019802
520.9 0.7584950495049506
521.93 0.432768932038835
522.94 0.5092752475247525
523.951 0.4762967359050445
524.975 0.4168125
525.98 0.5245691542288557
526.99 1.0618930693069308
528.0 0.7183366336633663
529.02 0.912
530.08 0.2198566037735849
531.35 0.15511181102362204
532.37 0.39698823529411764
533.38 0.5386772277227723
534.391 1.0824925816023736
535.591 1.1165133333333332
536.61 1.157071638861629
537.63 1.0134039215686275
538.647 0.8640550639134711
539.65 1.0048574277168494
540.75 0.9589236363636363
541.76 1.4086336633663366
542.77 0.7093544554455447
543.79 0.6759529411764706
544.82 0.40375922330097086
545.84 0.4184470588235294
546.87 0.6615844660194174
547.88 0.6347485148514852
548.93 0.29184
549.94 0.7476594059405941
550.956 0.6201338582677165
552.0 0.6556858237547892
553.02 0.8905411764705882
554.03 0.7441267326732672
555.231 0.7198800999167361
556.24 0.7477740336967296
557.25 0.8198574257425743
558.251 0.8971188811188812
559.26 1.3358731417244796
560.27 0.7801663366336633
561.291 0.6220176297747306
562.47 0.4084274809160306
563.48 0.4767683168316832
564.49 0.48760396039603965
565.53 1.1449769230769231
566.531 1.660091908091908
567.54 1.526810703666997
568.55 1.2991287128712872
569.551 1.4131548451548452
570.57 1.4148616290480862
571.571 1.4153846153846155
572.58 1.685970267591675
573.581 1.980027972027972
574.59 2.0794767096134787
575.591 2.0074165834165836
576.71 1.552107238605898
577.752 1.8051209213051822
578.76 2.0517460317460317
579.771 2.7688150346191884
580.772 2.929766233766234
581.773 2.3343536463536463
582.89 0.7515273052820054
583.891 2.1538141858141855
584.9 2.132273538156591
585.901 2.294905094905095
586.91 2.1037224975222997
587.959 1.6352335557673976
588.97 1.5479643916913945
590.179 0.9679801488833747
591.18 1.5634285714285714
592.217 1.6630048216007713
593.219 2.097053892215569
594.22 1.720007992007992
595.23 2.1454574257425745
596.25 1.3788470588235293
597.259 1.12802378592666
598.33 0.525482726423903
599.34 0.8885227722772278
600.349 1.494445986124876
601.35 1.8914205794205792
602.36 1.5863841584158416
603.361 1.4195884115884116
604.379 1.7338153241650296
605.389 2.134621782178218
606.399 1.121679207920792
607.54 0.6810026292725678
608.75 1.0025586776859505
609.769 0.9880745829244357
610.77 1.1683916083916084
611.789 1.6199489695780176
612.79 1.8431488511488512
613.879 2.5371827364554638
614.89 2.3303501483679527
615.999 2.418863841298467
617.0 2.507068931068931
618.09 2.526062385321101
619.139 2.0876873212583416
620.14 2.131948051948052
621.159 1.8834622178606477
622.16 1.541058941058941
623.169 1.8981169474727453
624.172 1.232973080757727
625.179 0.8079841112214499
626.18 1.3666333666333665
627.189 1.629169474727453
628.19 1.9898181818181815
629.2 1.7553742574257427
630.212 1.3436126482213437
631.289 1.1403082636954502
632.299 1.3219485148514853
633.339 0.6313846153846153
634.419 0.4222370370370371
635.43 1.0500178041543027
636.599 2.2196338751069287
637.609 2.4488554455445546
638.61 2.155732267732268
639.629 2.4594465161923456
640.236 2.3077957166392093
