0.0 2.4295896927651137
1.002 1.8831457085828343
2.003 2.672207792207792
3.018 3.3685438423645317
4.022 4.015872509960159
5.024 3.7726786427145704
6.036 3.497486166007905
7.037 2.869002997002997
8.042 2.9773691542288554
9.055 3.0618914116485683
10.056 3.5905854145854144
11.062 4.160190854870775
12.072 3.1793425742574257
13.073 3.207928071928072
14.074 3.4812547452547453
15.089 3.853745812807882
16.092 3.3397088733798603
17.132 3.158676923076923
18.192 3.1016452830188674
19.193 3.1377902097902095
20.194 3.350057942057942
21.195 3.032999000999001
22.202 2.5475829195630584
23.355 2.6616548135299216
24.362 3.764814299900695
25.372 3.060150495049505
26.373 2.9892667332667333
27.374 3.623384615384615
28.382 3.3702222222222225
29.383 3.3172587412587413
30.384 2.978333666333666
31.392 3.1096507936507938
32.393 3.5796523476523476
33.402 3.1065688800792866
34.412 3.0276435643564352
35.423 2.829800197823937
36.431 2.5776507936507937
37.442 2.2236043521266073
38.452 2.741417821782178
39.453 3.1204635364635362
40.492 3.7796342637151104
41.493 4.126305694305695
42.502 3.876662041625372
43.503 3.339124875124875
44.504 3.4703216783216786
45.511 2.5693426017874876
46.512 3.229794205794206
47.513 3.6015184815184815
48.522 3.377728444003964
49.531 3.5295777998017837
50.532 2.9674005994005994
51.541 2.2713974231912784
52.712 0.36448847139197266
53.721 1.7679603567889
54.722 2.092755244755245
55.731 1.8050029732408326
56.732 1.8258221778221777
57.741 1.5880753221010901
58.742 1.9242197802197802
59.751 1.3711476709613477
60.752 1.3338341658341657
61.753 1.7647632367632367
62.761 1.5417142857142858
63.791 1.0837747572815533
64.891 0.8597527272727272
65.892 1.5743616383616383
66.901 1.4036868186323093
67.902 1.585294705294705
68.911 1.5184935579781962
69.921 1.2939405940594058
70.941 1.4484705882352942
71.942 0.8245274725274726
72.943 1.0714405594405594
73.952 1.3124122893954413
74.961 1.273530227948464
75.971 1.2027564356435643
77.01 1.3210240615976898
78.011 1.5196963036963036
79.021 1.2244277227722773
80.03 1.3711476709613477
81.041 1.5154896142433234
82.05 1.1433736372646186
83.09 0.6208615384615384
84.091 0.7871808191808192
85.141 1.5052190476190475
86.142 1.8804875124875124
87.151 1.577228939544103
88.16 0.7700931615460852
89.161 1.3119680319680318
90.162 1.9724915084915087
91.171 2.1041982160555
92.172 1.6226333666333668
93.181 1.848388503468781
94.19 1.7896531219028742
95.191 1.7100979020979021
96.192 2.110081918081918
97.201 1.967698711595639
98.231 2.0975844660194176
99.24 2.18012289395441
100.251 1.6823580613254203
101.261 2.264649504950495
102.262 1.9287592407592409
103.28 2.186813359528487
104.381 2.5189609445958223
105.39 2.321125867195243
106.391 1.8194285714285712
107.392 2.131948051948052
108.401 1.8700812685827553
109.41 1.750771060455897
110.411 2.2850109890109884
111.42 2.22801189296333
112.51 1.7311045871559634
113.52 1.9179089108910892
114.522 1.894067864271457
115.53 1.9542857142857144
116.54 1.6081742574257425
117.55 1.9395801980198022
118.561 1.693182987141444
119.57 1.6594965312190288
120.571 1.6663656343656343
121.58 1.8981169474727453
122.59 1.5323247524752475
123.651 1.6649651272384542
124.67 1.8365299313052013
125.672 1.5336367265469062
126.681 2.0391199207135777
127.7 1.7335897939156033
128.71 2.1237861386138617
129.715 1.8993034825870647
130.741 1.7750955165692008
131.75 1.9306560951437064
132.751 1.7100979020979021
133.76 1.9523488602576808
134.77 1.868229702970297
135.783 2.052675222112537
136.79 1.939002979145978
137.791 1.9287592407592409
138.8 1.9306560951437064
139.81 1.694859405940594
140.82 2.0154297029702968
141.821 1.8084955044955044
142.86 1.8687507218479307
143.87 2.0696079207920794
144.871 1.9178261738261737
145.88 2.0499663032705646
146.882 1.8829940119760478
148.16 1.459449139280125
149.161 1.8258221778221777
150.17 1.8050109018830525
151.171 2.0882157842157842
152.18 1.577228939544103
153.19 1.1160712871287128
154.494 0.1005153374233129
155.499 3.010292537313433
156.5 2.1255544455544455
157.52 2.3068235294117647
158.521 1.7647632367632367
159.53 1.81584935579782
160.539 2.0716590683845393
161.54 2.0162237762237765
162.58 2.329969230769231
163.581 1.629026973026973
164.589 1.8827936507936507
165.59 2.011684315684316
166.591 2.0052907092907093
167.599 1.824
168.6 1.4586373626373628
169.601 2.011684315684316
170.609 1.5896507936507938
171.63 1.9874476003917725
172.639 1.9523488602576808
173.67 0.5625916585838993
174.679 0.828828543111992
175.689 0.7910019801980198
176.699 0.5092752475247525
177.709 0.5851247524752475
178.719 0.6718099009900991
179.759 0.4779076923076923
180.761 1.692934131736527
181.769 1.8285079365079366
182.77 2.011684315684316
183.788 1.5525343811394892
184.789 2.099148851148851
185.79 2.0818221778221777
186.799 1.9134667988107037
187.8 2.3287432567432567
188.809 2.1195480673934592
189.81 2.0162237762237765
190.819 1.9415024777006937
191.829 1.5323168316831683
192.839 1.1594138613861387
193.849 0.7801663366336633
194.869 1.2490666666666665
195.87 2.7879320679320685
196.879 2.5100178394449952
197.88 2.377014985014985
198.881 3.699916083916084
199.889 2.870793650793651
200.899 2.8000950495049506
201.91 2.8839248269040554
202.912 2.6258522954091816
203.919 2.9560754716981132
204.92 3.1969950049950047
205.921 2.519144855144855
206.929 3.522222222222222
207.93 3.503120879120879
208.939 2.9438731417244797
209.955 2.1695748031496063
210.959 2.446191235059761
212.175 2.4155460526315786
213.189 3.1346745562130174
214.309 2.8866285714285715
215.31 2.5146053946053946
216.319 2.206319127849356
217.329 2.854273267326733
218.349 2.1610745098039215
219.35 2.831664335664336
220.359 2.672713577799802
221.36 2.5847432567432564
222.369 2.3364757185332015
223.37 2.4490069930069933
224.379 2.195472745292369
225.388 1.9893914767096132
226.399 2.0892106824925816
227.409 2.1066138613861383
228.419 2.3883405940594065
229.42 2.5738101898101897
230.439 2.330567222767419
231.449 2.095778217821782
232.459 2.1499564356435643
233.469 2.1129504950495046
234.478 2.065316154608523
235.549 1.9355368814192344
236.558 2.25604757185332
237.559 2.3988811188811185
238.56 2.2239520479520483
239.562 2.654083832335329
240.569 2.938852035749752
241.571 2.057900199600798
242.578 2.4606633565044684
243.639 2.44888972667295
244.809 1.7304615384615385
245.819 2.1932990099009904
246.828 2.4449395441030726
247.829 2.569270729270729
248.83 2.3004755244755244
249.838 2.360507936507936
250.888 2.2973561904761906
251.889 2.45994005994006
252.898 1.8266957383548066
253.899 2.099148851148851
254.9 1.8631608391608394
255.908 2.078222222222222
256.909 2.186613386613386
257.918 1.9243131813676908
258.919 2.1474205794205794
259.928 2.3753577799801784
260.929 2.2239520479520483
261.938 2.314782953419227
262.952 2.266508875739645
263.969 2.0060255653883976
264.978 2.293090188305253
265.988 2.1237861386138617
266.99 1.9377564870259478
267.998 2.251936507936508
269.0 2.097053892215569
270.008 1.8936507936507938
271.018 2.366669306930693
272.028 2.004594059405941
273.029 1.7538301698301697
274.03 1.967952047952048
275.038 1.567936507936508
276.039 1.7602237762237762
277.048 1.0891417244796828
278.058 1.2569346534653467
279.059 1.2837082917082916
280.078 1.5895112855740923
281.088 1.6515168316831683
282.089 1.618093906093906
283.098 1.3557978196233893
284.108 0.9363722772277228
285.128 1.6416
286.138 1.5431603960396039
287.139 2.011684315684316
288.157 2.0685579567779957
289.158 1.4322317682317682
290.178 1.377819607843137
291.188 1.8203881188118811
292.198 1.4022970297029704
293.207 1.2256412289395442
294.218 1.3684352126607318
295.227 1.4208761149653122
296.238 0.8876439169139466
297.258 0.6267607843137255
298.267 0.8026323092170465
299.268 0.9183776223776223
300.288 0.901270588235294
301.297 0.9372923686818632
302.307 0.9968792079207921
303.308 1.2463696303696303
304.309 2.158353646353646
305.31 2.4535464535464535
306.477 2.1795646958012
307.495 3.0101375245579565
308.498 2.1540498504486543
309.508 2.0307643564356437
310.518 2.438019801980198
311.519 2.2239520479520483
312.538 2.270586849852797
313.547 2.1629335976214072
314.548 2.5255384615384613
315.558 1.9765861386138615
316.567 2.0761625371655104
317.569 2.129820359281437
318.577 1.9696507936507939
319.578 2.1975464535464533
320.579 2.2020859140859144
321.58 1.6991648351648352
322.599 1.6861707556427872
323.607 2.1433650793650796
324.608 2.234885114885115
325.609 2.8535304695304697
326.637 2.7617120622568097
327.638 2.027156843156843
328.727 1.8532966023875115
329.728 2.7223336663336664
330.737 2.130394449950446
331.747 2.0849425742574255
332.748 2.0772827172827175
333.767 2.1846673209028458
334.847 1.6762074074074074
335.857 2.047936633663366
336.858 1.6880799200799201
337.861 1.8985603190428715
338.867 1.2557216699801192
339.868 2.0882157842157842
340.879 2.0720553907022747
341.887 2.1759365079365076
342.888 2.45994005994006
343.898 2.0307643564356437
344.918 2.246901960784314
345.919 2.3834085914085916
346.92 2.0599560439560443
347.927 2.1780973187686197
348.928 2.17568031968032
349.929 2.1146213786213783
350.937 2.7947936507936504
351.938 3.0001998001998005
352.945 2.7432293942403176
353.957 2.130403162055336
354.967 1.445639603960396
355.968 2.569270729270729
356.969 2.5410109890109887
357.97 2.9455344655344655
358.975 2.2804378109452736
359.996 2.0624799216454455
360.997 2.5364715284715285
361.998 2.3004835164835162
363.007 2.3581684836471757
364.016 2.5859425173439052
365.017 2.7004675324675325
366.027 2.3558336633663366
367.037 2.1499564356435643
368.076 2.4796766121270455
369.077 1.8914205794205792
370.086 1.5989217046580773
371.097 2.1541602373887243
372.098 2.1146213786213783
373.106 2.1433650793650796
374.107 2.2084795204795205
375.116 1.5555361744301286
376.126 1.6578534653465347
377.127 1.7319640359640358
378.128 1.8914205794205792
379.136 1.6873650793650794
380.137 2.377014985014985
381.146 1.8221922695738355
382.166 1.7104313725490197
383.167 1.9242197802197802
384.168 1.9834245754245754
385.186 2.111559921414538
386.187 1.967952047952048
387.188 1.8084875124875126
388.196 1.910857142857143
389.198 1.8176127744510977
390.206 2.2257142857142855
391.207 1.906893106893107
392.208 2.0052907092907093
393.217 2.3645113974231915
394.237 2.236172549019608
395.238 1.906893106893107
396.256 1.9350884086444007
397.257 1.6226333666333668
398.258 2.011684315684316
399.266 1.9696507936507939
400.276 1.7815445544554454
401.277 2.4490069930069933
402.286 1.967698711595639
403.287 1.8804875124875124
404.296 1.4579187314172448
405.297 1.6836923076923076
406.298 1.4477042957042956
407.316 1.7845815324165029
408.326 1.4022970297029704
409.327 1.5634285714285714
410.336 1.273530227948464
411.346 1.2786059405940593
412.356 1.0944
413.357 0.8682517482517482
414.366 1.1171774033696729
415.375 1.030406342913776
416.376 0.5730589410589411
417.386 1.0618930693069308
418.396 1.0402217821782178
419.416 0.5686588235294118
420.426 0.3729108910891089
421.446 0.6115764705882353
422.466 0.4935529411764706
423.477 0.5953709198813056
424.536 0.310028328611898
425.585 0.23995424213536704
426.628 0.26232023010546496
427.676 0.22974045801526716
483.041 0.0035580601463018153
484.101 0.23142641509433964
485.102 0.8637122877122877
486.111 1.0412527254707633
487.121 0.9318653465346535
488.131 1.044720792079208
489.141 1.2135920792079207
490.151 1.2027564356435643
491.171 0.9915607843137253
492.191 1.212423529411765
493.201 1.1377425742574259
494.211 0.7521584158415842
495.221 0.8668514851485148
496.231 0.6826455445544554
498.161 0.25517098445595854
499.17 0.8622222222222221
500.171 0.6669170829170828
501.181 0.7584950495049506
502.182 1.126105894105894
503.201 0.8851344455348381
504.21 0.8460178394449951
505.211 1.0714405594405594
506.221 1.196419801980198
507.251 1.3706563106796117
508.252 1.4212987012987013
509.253 1.0213146853146853
510.261 1.216
511.27 1.1542200198216055
512.281 1.1149673590504452
513.291 1.2352633663366337
514.31 0.8529146221786065
515.32 1.2244277227722773
516.33 1.289441584158416
517.331 1.578901098901099
518.341 1.6578534653465347
519.351 1.0122138613861387
520.36 1.2364876114965313
521.361 1.6727592407592409
522.362 1.1415784215784215
523.381 0.8484553483807654
524.39 0.8243250743310209
525.41 0.852078431372549
526.42 1.2569346534653467
527.43 1.2027564356435643
528.431 0.7698541458541459
529.45 1.0310343473994112
530.46 0.899358415841584
531.58 0.8346285714285714
532.61 1.1262757281553397
533.63 0.7403294117647059
534.64 0.7259881188118812
535.71 0.5872448598130842
536.74 0.7012660194174758
537.75 0.6826455445544554
538.77 0.5364705882352941
539.771 0.6559840159840159
540.78 0.6769791873141725
541.782 0.9065389221556887
542.81 0.9049027237354086
543.82 0.9968792079207921
544.84 0.8842666666666666
545.85 1.0727287128712872
546.851 1.0167752247752249
547.86 0.8505213082259664
548.87 0.8343445544554455
549.88 0.7043168316831683
550.9 0.6759529411764706
551.927 0.7352833495618306
552.94 0.6310918065153012
553.952 0.9083952569169961
554.96 0.9337142857142856
556.25 0.6822201550387597
557.26 1.5494970297029704
558.39 1.5148743362831858
559.41 1.8902296368989204
560.43 1.324172549019608
561.431 1.5743616383616383
562.44 1.4859544103072349
563.45 1.2939405940594058
564.46 1.6578534653465347
565.469 1.1759207135777998
566.47 1.7055584415584415
567.472 1.315193612774451
568.48 1.302857142857143
569.489 1.0629454905847373
570.499 0.5896237623762377
571.5 0.7653146853146854
572.509 0.9002497522299306
573.51 0.7981138861138861
574.519 0.8721902874132804
575.52 1.1917042957042958
576.53 1.2027564356435643
577.539 1.0457799801783945
578.549 1.2027564356435643
579.55 1.0277082917082916
580.56 1.0122138613861387
581.57 0.9535366336633664
582.58 0.9318653465346535
583.589 1.1325272547076313
584.599 1.2244277227722773
585.6 1.2682357642357642
586.61 1.023049504950495
587.62 1.289441584158416
588.629 1.2907195242814669
589.639 1.1855841584158415
590.64 1.5196963036963036
591.649 1.5989217046580773
592.66 1.450540059347181
593.669 1.2518374628344895
594.67 1.2354365634365634
595.679 1.1714093161546086
596.699 1.1954196078431372
597.7 1.978885114885115
598.709 1.2843766105054508
599.719 1.3761267326732671
600.749 1.2369398058252428
601.759 1.2786059405940593
602.769 1.4086336633663366
603.77 1.3055504495504495
604.779 1.3774905847373637
605.789 1.2072792079207921
606.79 2.2850109890109884
607.791 1.721030969030969
608.799 2.1497142857142855
609.8 1.2837082917082916
610.809 1.5618790882061446
611.819 1.1530772277227723
612.839 1.6523294117647058
613.849 1.4781227722772277
614.85 1.7820899100899101
615.859 2.0002616451932607
616.86 1.7274245754245754
617.869 1.1108265609514372
618.889 1.545035294117647
619.899 1.4781465346534652
620.919 1.4806588235294118
621.92 1.2573026973026973
622.939 0.6595956820412168
623.952 1.188390918065153
624.969 1.0545840707964602
625.979 0.6546376237623763
626.989 0.6393029702970296
627.999 0.7910019801980198
629.0 0.6669170829170828
630.028 0.6600466926070039
631.039 0.7189396636993077
632.04 0.830913086913087
633.049 0.8243250743310209
634.059 1.1810851485148515
635.069 1.239762376237624
636.078 1.4751080277502477
637.079 1.8194285714285712
638.089 2.0849425742574255
639.099 1.9179089108910892
640.168 1.243000935453695
641.188 0.8690823529411764
642.198 0.5417821782178218
643.229 0.4564422890397672
644.239 0.5417821782178218
645.258 1.1428930323846909
646.259 1.3775664335664335
647.26 1.465030969030969
648.261 1.7538301698301697
649.299 1.5542504816955685
650.309 1.8420594059405941
651.339 1.3750679611650485
652.348 1.4751080277502477
653.368 1.0944
654.369 1.3493066933066933
655.379 1.5603326732673266
656.388 1.0891417244796828
657.399 1.3531157270029674
658.408 1.1714093161546086
659.418 0.8930217821782178
660.419 1.2463696303696303
661.428 1.0954846382556986
662.448 0.7340549019607843
663.47 0.6853385518590998
664.488 1.0857996070726914
665.508 0.6223058823529412
666.728 0.622688524590164
667.788 0.2790254957507082
668.938 0.17129739130434785
670.079 0.03836634531113058
671.108 0.4254227405247813
672.429 0.09113096139288417
673.448 0.5799568204121688
674.468 0.5257411764705883
675.488 0.6544941176470588
676.518 0.2868815533980582
677.628 0.08296936936936937
679.388 0.04352727272727272
680.398 0.7584950495049506
681.399 1.2901018981018981
682.4 1.126105894105894
683.408 1.3073650793650793
684.418 1.3761267326732671
685.428 0.7846653465346536
686.438 1.3436198019801981
687.588 1.488528695652174
688.599 1.6778635014836796
689.6 1.0605074925074924
690.608 0.8296507936507936
691.609 1.9460859140859141
692.61 2.0162237762237765
693.618 2.0085714285714285
694.628 2.0090930693069304
695.63 2.4074091816367265
696.638 2.338793650793651
697.639 2.339676323676324
698.648 2.1412408325074326
699.649 2.4863456543456546
700.808 2.449559965487489
701.809 2.951928071928072
702.818 1.4145332011892964
703.819 2.2676843156843156
704.821 2.5776287425149698
705.829 2.5125079365079364
706.838 2.7160991080277506
707.848 3.081821782178218
708.849 3.0001998001998005
709.868 2.9686830225711485
710.869 3.0657982017982017
711.878 3.410267591674926
712.888 3.2010138613861385
713.889 3.4265894105894104
714.898 2.6184816650148663
715.9 2.89437125748503
716.908 3.0010873015873014
717.909 2.726873126873127
718.91 2.4535464535464535
719.917 1.8629275074478648
720.928 2.5113827893175076
721.929 2.234885114885115
722.938 1.9785450941526266
723.947 1.4425688800792864
724.957 1.3869623762376238
725.958 1.5242357642357642
726.96 2.2872654690618757
727.998 2.8089094412331406
729.018 3.2232784313725493
730.028 3.916166336633663
731.03 2.8661397205588823
732.038 2.8988571428571426
733.048 2.5508752475247527
734.049 2.803404595404596
735.068 2.925723258096173
736.078 2.7784237623762382
737.087 1.9893914767096132
738.097 1.7770455445544555
739.127 1.4388194174757283
740.128 1.0167752247752249
741.139 0.9092937685459941
742.157 0.6880314341846758
743.167 0.8388435643564356
744.168 1.9242197802197802
745.177 1.761617443012884
746.187 1.1810851485148515
747.228 1.4025206532180594
748.229 2.1975464535464533
749.237 1.5462936507936507
750.267 1.1687766990291262
751.277 0.6826455445544554
752.367 0.8174385321100918
753.377 1.441140594059406
754.387 1.7228673267326733
755.389 1.5117924151696607
756.397 1.737142857142857
757.398 1.89596003996004
758.407 1.6965391476709613
759.417 2.3079920792079207
760.427 1.196419801980198
761.437 1.3761267326732671
762.537 1.2577163636363637
763.547 1.7770455445544555
764.549 1.3106586826347304
765.558 1.2301446977205153
766.567 1.5835718533201188
767.577 1.5756673267326733
768.587 2.6267247524752473
769.747 2.5134896551724135
770.977 2.6640650406504065
771.98 3.2406460618145565
772.987 2.4171916583912614
773.988 2.4644795204795207
774.997 2.206319127849356
776.007 2.416348514851485
777.008 1.9834245754245754
778.017 2.108701684836472
779.018 2.3724755244755245
780.027 2.0870089197224972
781.037 2.5725465346534655
782.039 1.8676886227544909
783.047 2.382222222222222
784.048 2.3332827172827173
785.049 2.6175344655344657
786.067 1.7415795677799606
787.068 1.229042957042957
788.076 2.0411428571428574
789.096 1.4743843137254902
790.106 0.9535366336633664
791.117 1.0175430267062315
792.126 0.7962893954410306
793.127 1.4431648351648354
794.128 2.027156843156843
795.137 2.6573637264618433
796.138 2.366081918081918
797.139 1.9396923076923076
798.187 2.521038167938931
799.188 2.186613386613386
800.189 2.5956763236763236
801.197 2.241079365079365
802.247 2.651733333333333
803.258 1.6995133531157272
804.276 1.2363064833005895
805.297 0.4332066601371205
806.299 1.4089580838323355
807.302 1.7175992023928215
808.306 2.1146772908366533
809.307 2.28955044955045
810.316 2.390707631318137
811.317 2.131948051948052
812.318 2.1036883116883116
813.339 1.9615592556317336
814.341 3.0736606786427147
815.346 1.8993034825870647
816.348 2.0797445109780437
817.356 2.0628571428571427
818.359 2.5250329012961115
819.361 3.2374930139720557
820.366 1.4855004975124377
821.367 4.312167832167831
822.369 4.438930139720559
823.373 3.8414661354581674
824.476 3.4114959202175883
825.536 3.0913207547169814
826.576 3.1507692307692308
827.577 3.126857142857143
828.578 2.420747252747253
829.586 1.9913650793650792
830.587 2.7050069930069927
831.597 2.908451485148515
832.646 3.0298417540514775
833.648 3.5650059880239517
834.656 2.9903730158730157
835.727 3.0391335200746967
836.728 4.016975024975025
837.747 4.193036310107949
838.748 4.454297702297702
839.751 3.9480279162512457
840.807 2.906128787878788
841.808 5.088415584415585
842.887 4.278509731232623
843.888 4.651092907092907
844.892 4.582693227091633
845.926 3.713237911025145
846.927 3.7108491508491506
847.936 2.835409316154608
848.937 4.049774225774225
849.938 5.285210789210789
850.945 1.7977199602780536
852.186 1.555751813053989
853.196 2.0065807730426166
854.205 1.479611496531219
855.206 1.793022977022977
856.216 1.4997940594059405
857.217 2.503672327672328
858.226 3.095746283448959
859.236 2.0524356435643565
860.245 2.1195480673934592
861.246 2.252211788211788
862.247 1.742897102897103
863.306 2.153820585457979
864.308 2.4162077922077927
865.316 2.4256428571428574
866.318 4.777516966067863
867.32 4.32332135728543
868.326 4.606218687872763
869.327 3.8967112887112885
870.328 3.4484555444555443
871.336 3.381079365079365
872.337 3.660723276723277
873.338 4.4761638361638365
874.347 3.8983548067393454
875.356 3.909201189296333
876.357 3.153262737262737
877.365 3.0010793650793652
878.376 3.7823936696340255
879.377 3.4593886113886114
880.378 3.218861138861139
881.386 3.2833650793650797
882.396 3.3788831683168317
883.406 3.601932673267327
884.416 2.8976158415841584
885.417 2.930061938061938
886.425 2.5450793650793653
887.426 2.4426133866133863
888.505 1.728474513438369
889.506 2.055416583416583
890.516 1.9765861386138615
891.526 2.7134099009900994
892.535 2.0825054509415266
893.537 1.9705229540918165
894.555 2.1975638506876227
895.556 2.569270729270729
896.565 1.7724638255698713
897.575 2.171627722772277
898.577 2.69777245508982
899.585 2.3496507936507935
900.586 1.8084955044955044
901.587 2.7223336663336664
902.597 2.464190099009901
903.598 2.934601398601399
904.606 2.5993650793650795
905.607 2.759672327672328
906.616 2.6618671952428152
907.617 2.4708731268731268
908.618 2.1255544455544455
909.625 1.939002979145978
910.635 1.8528950495049505
911.637 1.850379241516966
912.645 1.976
913.655 1.4131326732673268
914.656 1.6399600399600398
915.661 1.387494527363184
916.665 1.8857689243027889
917.675 1.6515168316831683
918.676 1.8695544455544453
919.685 1.6206144697720517
920.695 1.7120316831683169
921.716 1.0870597453476982
922.725 0.8785569871159564
923.744 0.9988145240431797
924.815 0.7297553688141925
925.824 0.6724757185332012
926.835 1.0608427299703265
927.845 1.0077148514851484
928.855 1.2072554455445546
929.864 1.4534152626362735
930.865 0.7325154845154845
931.875 0.6979801980198019
932.895 1.2875294117647058
933.965 0.3784373831775701
934.996 0.7430455868089234
936.144 0.39481533101045296
937.154 1.3977980198019802
938.155 0.7543816183816184
939.176 0.6324152791380999
940.184 0.6233650793650793
941.194 0.6609742574257427
942.284 0.23092844036697247
943.285 1.2354365634365634
944.295 2.2041346534653465
945.296 1.997074925074925
946.297 1.6591088911088911
947.435 1.4272899824253076
948.437 2.3724755244755245
949.444 1.0152293942403179
950.455 1.288166172106825
951.457 1.4417245508982037
952.464 1.4390784508440913
953.465 1.126105894105894
954.494 0.9997434402332361
955.504 0.47043168316831685
956.524 0.5793882352941176
957.544 0.4935529411764706
958.554 0.3684118811881188
959.574 0.43990588235294115
960.594 0.46136470588235295
961.904 0.3794076335877863
962.905 0.5575864135864136
963.924 0.2684985279685967
964.944 0.21458823529411764
965.954 0.28172673267326737
966.955 0.7981138861138861
967.956 1.5351688311688312
968.964 2.1062857142857143
969.974 1.1314059405940593
970.984 0.5092752475247525
972.046 0.4018983050847457
973.074 0.2980856031128405
974.084 0.6393029702970296
975.104 0.6544941176470588
976.124 0.6482196078431373
977.136 1.3950355731225297
978.154 1.5014538310412575
979.164 1.0808712871287127
980.166 1.7584670658682635
981.184 1.4665383104125738
982.344 1.9191172413793103
983.364 2.4784941176470587
984.384 1.592407843137255
985.403 1.0095544651619235
986.424 0.6109774730656219
987.504 0.693274074074074
988.514 0.8568642220019822
989.524 0.8668514851485148
990.624 1.3970036363636364
991.634 1.3991833498513377
992.636 1.6383233532934134
993.644 1.7416507936507937
994.664 1.2875294117647058
995.674 0.925528712871287
996.675 1.8039560439560438
997.676 2.3223496503496506
998.684 1.8782857142857143
999.685 1.885026973026973
1000.686 1.89596003996004
1001.695 1.9306560951437064
1002.7 1.5617273631840796
1003.703 1.7676251246261216
1004.724 1.4943780607247796
1005.734 1.0944
1006.744 1.1919207920792079
1007.753 2.0436233894945492
1008.763 1.7815445544554454
1009.764 1.7274245754245754
1010.773 1.5555361744301286
1011.774 2.0663496503496503
1012.775 2.377014985014985
1013.789 2.227818540433925
1014.823 2.6036982591876208
1015.834 2.3859782393669633
1016.853 2.4853856722276744
1017.855 1.981445109780439
1018.856 2.6567352647352642
1019.864 2.382222222222222
1020.865 2.278617382617383
1021.873 2.241079365079365
1022.874 2.306877122877123
1023.875 2.1474205794205794
1024.883 2.045650793650794
1025.903 1.8776470588235294
1026.904 2.0162237762237765
1027.905 2.4927392607392607
1028.913 1.9262222222222223
1029.923 1.7707089108910892
1030.924 1.650893106893107
1031.943 1.1169538763493623
1032.944 1.1962437562437562
1033.945 2.28955044955045
1034.946 2.481806193806194
1035.953 2.1998331678252234
1036.954 2.3332827172827173
1037.963 3.6597343904856294
1038.973 2.540039603960396
1039.975 2.9380598802395212
1040.993 2.3588212180746564
1042.003 1.3047762376237624
1043.004 2.055416583416583
1044.014 1.987421782178218
1045.015 3.0657982017982017
1046.023 2.9033650793650794
1047.213 2.2018151260504197
1048.223 2.3079920792079207
1049.224 1.7647632367632367
1050.233 1.9306560951437064
1051.253 1.581678431372549
1052.254 1.6946253746253748
1053.255 1.3930309690309692
1054.263 1.889142857142857
1055.264 1.89596003996004
1056.273 2.065316154608523
1057.274 1.618093906093906
1058.323 1.3397292659675883
1059.333 1.3111128712871287
1060.342 0.8568642220019822
1061.352 0.6176316831683168
1062.982 0.17456687116564415
1063.992 0.48126732673267325
1064.993 0.5685194805194806
1066.002 0.8677106045589693
1067.053 0.2394976213130352
1068.083 0.2977959183673469
1069.092 0.39046977205153616
1070.102 0.3142336633663367
1071.473 0.18691174325309995
1072.483 0.5959603960396039
1073.502 0.913523061825319
1074.753 0.38440927258193447
1075.762 0.4880872150644202
1076.763 0.911984015984016
1077.798 1.0256695652173913
1078.812 1.3167337278106508
1079.822 0.8388435643564356
1080.832 0.9968792079207921
1081.833 0.9511768231768233
