0.0 2.4868811188811186
1.05 2.761615238095238
2.051 1.6792007992007991
3.052 1.5361518481518481
4.061 1.7799088206144698
5.062 2.07000999000999
6.18 1.6358425760286226
7.181 2.1867252747252746
8.19 2.0729672943508426
9.201 2.02433234421365
10.21 1.1926739345887019
11.22 1.1919207920792079
12.231 0.3680474777448071
13.241 0.38140198019801985
14.261 0.8690823529411764
15.262 0.40675324675324676
16.271 0.39046977205153616
17.351 0.25333333333333335
18.491 0.35204912280701756
19.502 1.5633392680514342
20.511 1.2402933597621406
21.512 1.4978301698301697
22.522 1.3721821782178218
23.532 1.4363326732673267
24.533 1.657038961038961
25.542 1.8665450941526265
26.622 0.7918148148148147
27.643 1.3688619000979432
28.652 1.050465807730426
29.653 1.1370389610389613
30.663 0.9346930693069307
31.673 1.012190099009901
32.864 1.383261125104954
33.874 1.592839603960396
34.883 1.1096848364717542
35.893 1.4736475247524752
36.894 1.530981018981019
37.895 1.8833966033966036
38.896 2.489150849150849
39.904 1.7726190476190475
40.905 1.9417062937062937
41.914 1.8273062438057484
42.924 1.456340594059406
43.935 1.288166172106825
45.015 1.6524962962962964
46.025 1.8908831683168317
47.035 1.571168316831683
48.036 1.5025134865134864
49.045 1.4425688800792864
50.048 1.142739780658026
51.085 1.3106413586413588
52.095 1.23699801980198
53.101 1.8276262425447316
54.106 1.2836935323383085
55.126 0.7403294117647059
56.146 0.294243137254902
57.187 0.515135446685879
58.196 0.6399365708622398
59.207 0.6265479723046489
60.217 0.9427009900990099
61.257 0.810276923076923
62.276 0.2565181550539745
63.277 0.5466533466533465
64.287 1.2472237623762377
65.308 0.6860097943192948
66.358 0.5447771428571428
67.367 1.1497165510406344
68.378 1.2155410484668645
69.379 1.7018421578421579
70.388 0.9703785926660059
71.389 1.0493426573426572
72.398 1.5709494549058474
73.418 1.3614196078431373
74.419 1.6946253746253748
75.428 1.202838453914767
76.429 1.381122877122877
77.43 2.042157842157842
78.439 1.8400555004955401
79.449 1.4086336633663366
80.45 0.8294425574425575
81.47 1.107137254901961
82.48 1.766209900990099
83.49 1.2894653465346535
84.491 2.780123876123876
85.5 3.0147710604558973
86.511 1.5148803165182987
87.61 1.7397925386715196
88.71 2.555461818181818
89.711 1.978885114885115
90.712 2.0844355644355645
91.72 2.301714285714286
92.721 1.449862137862138
93.731 1.7120316831683169
94.741 1.2496079207920794
95.751 1.2677702970297031
96.761 1.1052356435643564
97.771 1.156720792079208
98.772 1.3537582417582419
99.773 1.8044835164835165
100.792 1.7291305201177625
101.802 1.4076752475247525
103.002 1.6564533333333333
104.012 1.5061544554455446
105.013 1.459020979020979
106.032 1.621731108930324
107.033 1.1851988011988013
108.042 1.8330386521308226
109.043 1.2682357642357642
110.123 1.047977777777778
111.133 1.3796356435643564
112.143 1.7187722772277227
113.154 1.3108526211671612
114.193 1.0210895091434071
115.194 1.676227772227772
116.204 1.9755168316831682
117.214 2.0164198019801978
118.215 2.210461538461539
119.216 2.3724755244755245
120.224 2.0037698412698415
121.225 2.2036683316683314
122.234 2.648864222001982
123.235 2.214713286713287
124.236 2.6003596403596405
125.256 3.444141176470588
126.266 2.361148514851485
127.275 2.078430128840436
128.276 2.6239360639360636
129.575 1.5707590454195537
130.611 1.3732818532818531
131.615 0.9156334661354583
132.625 0.7395564356435643
133.645 1.1158588235294118
134.717 1.4658731343283582
135.726 2.18012289395441
136.736 1.921631683168317
137.756 2.4030823529411762
138.757 2.295944055944056
139.916 1.8878826574633303
140.917 2.3615424575424577
141.927 1.866352475247525
142.937 2.3513346534653468
143.938 2.024087912087912
144.939 2.5296223776223776
145.948 2.439278493557978
146.957 2.2155797819623393
148.138 2.1595122777307365
149.238 2.17616
150.428 2.019435294117647
151.429 2.295944055944056
152.43 1.8196123876123877
153.448 2.125697445972495
154.458 2.3838415841584157
155.468 1.981980198019802
156.478 1.9829227722772276
157.489 1.450540059347181
158.499 1.3652910891089107
159.508 0.9609593657086224
160.519 0.8335192878338279
161.529 0.7151524752475248
162.549 0.3648
163.559 0.46593267326732674
164.579 0.3433411764705882
165.619 0.31569230769230766
166.629 0.2167128712871287
167.649 0.2253176470588235
168.65 0.22959440559440558
169.69 0.2209846153846154
170.7 0.29256237623762377
171.72 0.21458823529411764
178.522 0.016089385474860336
179.574 0.08322433460076045
180.655 0.09111563367252544
181.725 0.09205233644859813
182.985 0.0710857142857143
184.176 0.660769101595298
185.186 1.280958415841584
186.187 1.0638081918081919
187.196 1.2589970267591675
188.197 1.4329910089910092
189.396 1.4091075896580485
190.397 1.8735584415584414
191.398 1.8775144855144856
192.549 1.722981754995656
193.556 2.1878371400198615
194.557 1.9527192807192808
195.558 1.2897502497502498
196.567 1.395203171456888
197.597 1.2962796116504856
198.598 1.0982217782217785
199.607 1.1714093161546086
200.647 1.1239000000000001
201.648 2.0007512487512487
202.649 1.8535144855144856
203.658 1.7322814667988107
204.768 1.9453765765765767
205.838 1.912366355140187
206.839 2.0015504495504493
207.84 1.9793406593406593
208.849 2.055088206144698
209.85 1.9978261738261738
210.879 2.5844431486880466
211.889 1.8285940594059407
212.89 2.6348691308691308
213.891 1.9983456543456544
214.899 2.073714285714286
215.909 1.9074613861386138
216.91 2.5255384615384613
217.911 2.056519480519481
218.93 2.4594465161923456
219.931 1.9702617382617382
220.94 2.4729752229930626
221.961 1.9860215475024485
223.721 0.031090909090909086
224.84 4.696793565683646
225.881 1.1252334293948127
226.882 1.3774465534465534
228.022 0.9510666666666667
229.241 1.2071337161607876
230.251 1.3222811881188117
231.361 1.0693765765765766
232.401 1.1045153846153846
233.402 1.3674405594405594
234.412 1.3326257425742574
235.603 1.1200403022670025
236.604 1.3935984015984015
237.605 1.5490669330669329
238.762 0.987989628349179
239.773 1.0901760633036597
240.774 1.1713886113886114
241.982 0.9096556291390728
242.992 1.2393584158415842
244.123 0.9697329796640142
245.133 1.234059405940594
246.183 0.8674971428571429
247.203 1.1628705882352939
248.213 0.48912475247524756
249.283 0.271603738317757
250.403 1.0546785714285714
251.404 1.1942697302697303
252.444 1.4151615384615384
253.445 1.7925034965034965
254.584 1.5351150131694469
255.655 1.3061288515406164
256.714 0.6896090651558074
257.944 0.9324487804878049
258.985 0.9489951969260326
260.055 1.4054130841121497
261.245 1.40389243697479
262.246 1.674021978021978
263.325 1.3757182576459683
264.485 1.557496551724138
265.545 1.4267320754716981
266.665 1.3284214285714286
267.696 1.3389253152279341
268.826 1.2706053097345131
269.827 1.7174825174825175
270.846 0.9712973503434741
272.016 1.235111111111111
273.017 1.597722277722278
274.357 0.8782805970149253
275.366 1.4118057482656095
276.367 1.2417902097902098
277.368 1.0182377622377623
278.577 0.7705806451612903
279.586 1.0380336967294352
280.597 1.2136419386745798
281.707 0.9315243243243243
282.727 1.1526117647058822
283.728 1.061114885114885
284.737 1.2552150644202182
285.747 1.0173544554455447
286.758 1.1914223541048465
287.768 0.998059405940594
288.778 1.2566653465346536
289.779 1.0414545454545454
290.948 1.3862378100940975
291.958 1.2832712871287129
293.168 0.798889256198347
294.178 1.0371326732673267
295.249 1.006154995331466
296.25 1.4378421578421579
297.279 1.1133138969873664
298.309 1.427021359223301
299.379 1.4619065420560748
300.38 1.5116163836163838
301.42 0.9761076923076923
302.421 0.9275524475524476
303.56 0.942468832309043
304.57 1.348079207920792
305.68 0.9213693693693693
306.69 1.418970297029703
307.691 1.507804195804196
308.692 1.780163836163836
309.7 1.8561666666666667
310.701 1.8324875124875126
311.901 1.5474333333333334
312.922 1.8455710088148876
314.081 2.2021673856773085
315.271 2.38927731092437
316.281 1.987968316831683
317.302 1.9109500489715965
318.322 2.3593019607843138
319.333 2.2910860534124633
320.342 1.9339861248761148
321.354 2.1012569169960473
322.362 1.7239285714285713
323.364 1.966922155688623
324.432 1.8298501872659176
325.433 2.1538141858141855
326.434 1.724187812187812
327.453 1.5229519136408245
328.493 1.9440307692307692
329.494 2.755132867132867
330.495 2.511848151848152
331.503 2.4138650793650793
332.504 2.755132867132867
333.505 1.976759240759241
334.514 2.700749256689792
335.524 2.7522534653465343
336.525 1.8083916083916083
337.634 2.1857096483318306
338.644 2.221306930693069
339.664 1.5306588235294118
340.674 1.7445386138613863
341.675 1.5472127872127872
342.685 1.4194693069306932
343.694 0.7375540138751239
344.695 0.5337222777222778
345.716 0.3322859941234085
346.738 0.021416829745596867
347.755 0.8608849557522124
348.805 0.4586057142857143
349.815 1.1380198019801981
350.826 2.152498516320475
352.036 2.1466710743801656
353.266 1.918159349593496
354.276 2.0154297029702968
355.296 0.6205098039215686
356.306 0.6718099009900991
357.326 0.8798117647058823
358.346 1.0085019607843135
359.356 1.3327841584158417
360.367 1.0095905044510385
361.377 1.2135920792079207
362.387 0.9542653465346534
363.407 1.298258823529412
364.408 1.0927232767232768
365.409 2.121014985014985
366.417 1.7902777777777779
367.497 1.4765481481481482
368.498 1.8695544455544453
369.508 1.5849663366336633
370.528 1.620721568627451
371.529 2.17568031968032
372.538 1.2505371655104063
373.548 1.3327841584158417
374.56 1.4058498023715413
375.579 0.9155014720314033
376.589 1.1052356435643564
377.84 0.6089784172661871
379.309 0.30544860449285227
381.149 0.07137391304347825
382.209 0.21681509433962265
383.269 0.16519245283018866
395.86 0.0008691922802001429
407.975 0.0027100288898060255
409.075 0.2686036363636364
410.076 2.8535304695304697
411.078 4.049500998003992
412.08 4.2857085828343315
413.082 4.434395209580837
414.085 4.174476570289133
415.086 4.207864135864137
416.236 4.3442295652173915
417.237 5.477466533466534
418.238 4.107884115884116
419.239 4.977574425574426
420.247 4.546206349206349
421.328 4.5291396854764105
422.397 4.770447146866231
423.447 4.560982857142857
424.468 2.2188129285014693
425.658 2.5231327731092437
426.659 3.115924075924076
427.66 2.7214545454545456
428.662 4.783904191616766
429.663 4.761686313686314
430.668 4.689385074626865
431.679 4.6229554896142435
432.68 4.744743256743257
433.686 4.270298210735587
434.687 4.799848151848152
435.688 4.974545454545455
436.704 3.7217874015748027
438.469 2.165588668555241
441.169 2.4470222222222224
442.17 3.3892507492507495
443.18 2.712110891089109
444.31 1.9223716814159293
445.38 1.8563214953271028
446.399 2.346323846908734
447.401 1.5208223552894211
448.57 2.2311171941830628
449.76 2.143011764705882
450.761 2.479392607392607
451.861 1.7988727272727272
452.991 1.8478796460176992
454.071 1.7548962962962962
455.151 1.8296074074074076
456.301 1.9906365217391302
457.302 2.6084395604395603
458.451 1.800953872932985
459.642 2.132238455079765
460.643 2.3675684315684316
461.652 1.7656769078295342
462.653 2.1128471528471526
463.662 1.5618315163528245
464.732 1.820044859813084
465.742 1.3221306930693069
466.802 1.3271245283018869
467.804 1.731073852295409
468.805 1.5135584415584413
469.813 1.8096825396825398
470.822 2.0886184340931613
471.933 1.4067326732673269
473.013 1.7001259259259258
474.123 1.8962810810810813
475.124 2.343976023976024
476.283 1.7147817083692838
477.394 1.948003600360036
478.395 2.2035404595404593
479.435 1.6951076923076922
480.444 1.7910247770069376
481.445 1.9172267732267734
482.615 1.644540170940171
483.904 1.454510473235066
485.084 1.2634305084745763
486.254 1.1064273504273505
487.255 1.6929710289710291
488.419 1.2995670103092782
489.476 2.1000113528855247
490.645 1.9099880239520959
491.646 1.9859020979020978
492.647 1.745166833166833
493.649 1.938067864271457
494.656 1.4967149950347565
495.657 1.5303416583416583
496.658 1.66403996003996
497.696 1.5340500963391137
498.766 1.216478504672897
499.776 1.2881980198019802
500.777 1.3013226773226774
501.806 1.1230864917395529
502.807 1.5448471528471528
503.832 1.032679024390244
504.836 1.0683346613545817
505.837 0.9341138861138861
506.847 0.9023841584158416
507.848 0.8947612387612388
508.857 0.6648721506442021
509.887 0.5888543689320389
510.888 0.8135464535464536
511.889 1.303200799200799
512.898 1.2797224975222994
513.899 1.6036123876123876
514.908 1.6812368681863232
515.918 0.9219485148514851
517.028 1.1740684684684684
518.029 1.2102697302697303
519.05 1.1214103819784524
520.058 1.0749523809523809
521.169 1.2676579657965796
522.339 1.4180854700854701
523.352 1.4097769002961498
524.359 0.5808381330685204
525.379 0.5055686274509803
526.389 0.599310891089109
527.439 0.9214171428571428
528.44 1.472999000999001
529.49 0.8798704761904762
530.56 1.0429084112149534
531.561 1.5696623376623375
532.57 3.304681863230922
533.701 2.055009725906278
534.702 2.653042957042957
535.71 1.4005714285714288
536.711 1.367976023976024
537.731 1.5128470588235292
538.732 1.9986573426573426
539.733 2.8270449550449555
540.734 2.998769230769231
541.741 2.5950347567030785
542.881 1.9662666666666666
543.882 1.6946253746253748
544.883 1.9398921078921076
545.892 1.9631952428146682
546.902 0.9772435643564356
547.912 1.1269069306930695
548.92 0.934579365079365
549.922 1.3652694610778442
551.112 0.7980235294117647
552.113 1.3666333666333665
553.114 1.6442997002997002
554.194 1.6689999999999998
555.203 1.3557978196233893
556.213 0.875809900990099
557.234 1.8650891283055828
558.243 0.673149653121903
559.393 0.42824347826086956
560.403 0.49843960396039605
561.404 1.0578621378621378
562.405 1.926993006993007
563.406 1.209094905094905
564.414 1.0965714285714288
565.417 0.43645064805583256
566.424 0.7010685203574976
567.655 0.5334199837530463
568.657 1.8458443113772456
569.665 1.7767857142857142
570.666 1.8904935064935064
571.675 1.575603567888999
572.685 1.8203881188118811
573.686 1.5157082917082916
574.696 1.2772118811881188
575.705 1.2690267591674926
576.718 1.1556011846001977
577.725 1.4671698113207547
578.726 1.1956523476523475
579.736 2.0804435643564356
580.738 1.6493013972055888
581.756 1.7815638506876228
582.757 1.6523876123876124
583.906 1.795188859878155
584.917 1.8835370919881307
585.926 1.2590763131813676
586.927 1.629026973026973
587.998 1.3851129785247434
589.007 1.8981169474727453
590.017 1.302938613861386
591.018 1.8695544455544453
592.019 1.4978301698301697
593.037 1.2682121807465618
594.038 1.9023536463536466
595.039 1.978885114885115
596.04 1.7908331668331667
597.048 1.732515873015873
598.049 1.1992247752247753
599.059 1.5820039603960396
600.06 1.7533586413586413
601.069 1.8395163528245786
602.209 1.568021052631579
603.22 2.0892106824925816
604.229 1.1198414271555996
605.239 1.668689108910891
606.24 1.5137342657342658
607.249 1.9415024777006937
608.261 1.4871462450592885
609.262 2.0335504495504497
610.29 1.1454007782101165
611.381 0.35109074243813015
613.03 0.15264523953911463
614.031 0.9949090909090907
615.11 0.785875810936052
616.111 1.2354365634365634
617.121 1.0720633663366337
618.13 1.2581803766105053
619.15 0.8698980392156863
620.445 0.8003583011583011
621.451 1.6970815109343937
622.461 1.2159207920792081
623.462 1.4587492507492505
624.464 1.3501157684630738
625.471 1.4062125124131082
626.711 1.3207290322580645
627.712 0.7325154845154845
628.731 0.8914151128557409
629.732 0.6966153846153846
630.752 1.008564705882353
631.753 1.0654945054945055
632.763 1.0029465346534654
633.813 1.4832914285714285
634.822 1.5616333002973242
635.903 1.325972247918594
637.043 1.1788350877192981
638.044 1.9242197802197802
639.053 2.1061803766105056
640.054 2.141346653346653
641.063 1.6356392467789889
642.064 1.5286633366633364
643.225 1.329805340223945
644.234 1.9415024777006937
645.235 1.504871128871129
646.254 1.3842904808635916
647.255 1.5981538461538463
648.275 1.5937176470588235
649.294 1.5895112855740923
650.304 0.4311287128712871
651.315 1.028367952522255
652.325 1.1278732673267327
653.485 1.1441310344827587
654.495 1.3652910891089107
655.515 0.6787450980392157
656.525 0.8343445544554455
657.545 0.5378509803921568
658.546 0.8637122877122877
659.555 0.37095738354806745
660.556 0.3389250749250749
661.566 0.6393029702970296
662.567 0.9302297702297703
663.596 0.36448590864917396
664.597 0.491988011988012
665.626 0.26588921282798833
666.636 0.28172673267326737
667.727 0.08461961503208065
668.748 0.3322859941234085
669.757 0.282005946481665
670.767 0.4685069306930693
671.777 0.5526178217821782
672.787 0.3705584158415842
673.797 0.7259881188118812
674.808 0.3724470820969337
675.817 0.8452329038652131
676.858 0.8000537944284343
677.888 0.5312621359223302
678.908 0.1716705882352941
679.928 0.36047843137254904
680.948 0.7595921568627452
681.968 0.6028078431372548
682.978 0.8126732673267326
683.998 0.733843137254902
685.018 0.42488627450980393
686.019 0.5247872127872127
687.02 0.5794525474525475
688.03 0.3044910891089109
689.129 0.2190791628753412
690.132 1.2863569292123629
691.133 2.0868891108891106
692.16 1.7203739045764361
693.176 0.7971023622047244
694.42 0.24239871382636657
695.43 0.7368237623762376
696.46 0.47813592233009705
697.47 0.5753900990099009
698.67 0.7785133333333334
699.671 0.6997162837162837
700.711 0.4209230769230769
701.791 0.04053333333333333
702.792 1.2267012987012988
703.244 1.2133037694013304
