0.0 2.7004675324675325
1.001 3.6124515484515487
2.002 4.18551048951049
3.003 4.760423576423576
4.05 4.200221585482331
5.051 4.946285714285715
6.052 4.716691308691309
7.053 4.393238761238761
8.069 4.776314960629922
9.07 4.36043956043956
10.071 4.891620379620379
11.149 4.252022263450835
12.15 4.508963036963038
13.151 4.366833166833167
14.25 3.8421546860782527
15.26 3.645275247524753
16.261 4.279344655344655
17.262 4.137262737262738
18.269 4.145191658391262
19.27 3.452995004995005
20.28 3.883659405940594
21.29 3.7861386138613864
22.295 4.2296676616915425
23.299 3.6234581673306776
24.339 3.786523076923077
25.449 2.9619315315315315
26.459 3.2443564356435646
27.46 3.8092467532467533
28.461 2.978333666333666
29.469 3.6742222222222223
30.47 4.126305694305695
31.471 3.9185774225774224
32.472 3.743648351648352
33.519 3.729849092645654
34.52 4.21377022977023
35.521 4.672959040959041
36.561 4.081169230769231
37.569 3.8696507936507936
38.57 3.5140539460539464
39.571 3.4812547452547453
40.579 3.250793650793651
41.581 3.019049900199601
42.582 3.032999000999001
43.583 3.0767312687312685
44.589 2.7088031809145128
45.59 2.748739260739261
46.598 2.6210793650793653
47.599 2.7815384615384615
48.604 2.247769154228856
49.639 2.7218859903381647
50.64 2.973794205794206
51.649 2.5534033696729432
52.65 2.486353646353646
53.659 2.5534033696729432
54.709 2.3703161904761907
55.71 2.0335504495504497
56.718 1.8936507936507938
57.728 1.8962376237623761
58.729 1.8740939060939061
59.808 1.9313290083410566
60.809 1.978885114885115
61.818 1.5013042616451933
62.823 1.9818985074626867
63.828 2.2586587064676618
64.829 1.8586213786213786
65.837 1.2313650793650792
66.839 1.9004550898203592
67.84 1.393038961038961
68.852 1.7843478260869565
69.858 1.5710536779324058
70.859 1.8476883116883116
71.869 3.406891089108911
72.87 2.934601398601399
73.871 2.3114165834165834
74.886 1.9884137931034485
75.888 2.621317365269461
76.889 2.256751248751249
77.903 1.6557948717948718
78.908 2.4392597014925372
79.918 1.8248871287128714
80.92 1.7957684630738522
81.988 2.914456928838951
82.998 2.2321425742574257
84.008 1.3264475247524752
85.009 2.5583376623376624
86.028 2.335018645731109
87.038 2.2908198019801977
88.039 2.099148851148851
89.048 1.566382556987116
90.059 1.7211632047477745
91.069 1.9332435643564356
92.078 1.566382556987116
93.079 1.8367552447552447
94.08 2.0599560439560443
95.178 2.286630236794171
96.179 2.055416583416583
97.188 2.2497046580773046
98.208 2.1825254901960784
99.228 2.3175529411764706
100.238 1.2939405940594058
101.259 1.2755494613124387
102.288 1.535937803692906
103.289 1.9570189810189809
104.298 1.3277621407333993
105.299 2.2740779220779226
106.307 2.0673650793650795
107.308 1.6727592407592409
108.318 1.5106534653465347
109.328 1.9937584158415842
110.338 1.9007366336633662
111.348 1.694859405940594
112.349 1.9898181818181815
113.358 1.6423072348860257
114.359 2.4490069930069933
115.36 2.28955044955045
116.368 2.631936507936508
117.369 2.4971268731268736
118.618 2.176787830264211
119.628 2.5030336633663364
120.638 2.680910891089109
121.647 1.9568523290386521
122.648 2.055416583416583
123.658 2.1499564356435643
124.678 1.9035607843137254
125.688 2.286320792079208
126.689 1.8194285714285712
127.698 2.1150445986124877
128.708 2.063271287128713
129.717 2.314782953419227
130.728 2.1586547972304646
131.738 2.286320792079208
132.739 2.355148851148851
133.748 2.5317106045589695
134.758 2.362170297029703
135.767 1.5338434093161546
136.768 1.793022977022977
137.778 1.662352475247525
138.787 1.9568523290386521
139.788 2.252211788211788
140.789 2.0708891108891105
141.798 2.3364757185332015
142.799 2.934601398601399
143.807 2.377714285714286
144.822 2.0531073891625615
145.827 2.3893333333333335
146.838 2.035086053412463
147.847 1.577228939544103
148.857 1.2677702970297031
149.858 1.557034965034965
150.867 1.9306560951437064
151.878 1.8014322453016816
152.887 1.9957343904856293
153.888 1.895952047952048
154.907 1.948388616290481
155.908 2.131948051948052
156.917 1.5338434093161546
157.918 1.7274245754245754
158.937 1.2717723258096174
159.947 1.5820039603960396
160.967 1.495843137254902
161.979 1.3409644268774703
162.987 1.0748571428571427
163.997 1.044720792079208
165.007 1.289441584158416
166.017 1.0835643564356436
167.027 0.8063366336633663
168.047 0.7403294117647059
169.057 0.8668514851485148
170.087 0.7118912621359224
171.117 0.5994252427184465
172.127 0.7259881188118812
173.147 0.9549176470588235
174.177 0.47813592233009705
175.206 0.30843148688046645
176.247 0.35744092219020174
177.287 0.284123076923077
178.297 0.19954059405940594
179.327 0.30813203883495144
200.193 0.008391833604907506
201.215 0.8459647749510762
202.224 2.1412408325074326
203.225 2.6786013986013986
204.235 2.2041346534653465
205.236 1.721030969030969
206.254 2.6446208251473475
207.255 2.3004835164835162
208.264 2.5425569871159563
209.265 2.377014985014985
210.274 2.679056491575818
211.276 2.37461876247505
212.285 2.423270564915758
213.293 1.8285079365079366
214.505 1.5169900990099012
215.562 1.4225316934720909
216.563 2.2524675324675325
217.574 1.1519366963402573
218.583 1.5510327056491575
219.593 1.792380198019802
220.604 2.013436201780415
221.624 1.8177333333333334
222.633 2.2523924677898908
223.634 2.0308411588411586
224.643 2.2497046580773046
225.668 2.267972682926829
226.675 2.684377358490566
227.683 2.273650793650794
228.686 2.1758723828514457
229.794 2.34501083032491
230.804 2.589718811881188
231.814 2.3558336633663366
232.821 2.4063237338629593
234.063 1.9333977455716587
235.064 2.613002997002997
236.066 2.4620199600798403
237.074 2.338793650793651
238.083 2.412400396432111
239.094 2.684581602373887
240.095 2.4098141858141857
241.104 2.4015540138751237
242.114 2.3883405940594065
243.115 2.6567352647352642
244.123 2.002222222222222
245.135 2.3511778656126476
246.203 2.4430861423220973
247.204 2.645802197802198
248.224 2.375654901960784
249.225 2.420747252747253
250.233 2.3170714285714284
251.234 2.645802197802198
252.243 2.108701684836472
253.244 2.1036883116883116
254.253 2.299433102081269
255.263 1.6731881188118813
256.283 1.6094117647058823
259.213 0.3153037542662116
260.223 4.067865346534653
261.233 1.8095524752475247
262.253 1.4529254901960784
263.272 0.6873562315996075
264.28 0.8142857142857143
270.095 0.022540326741186584
272.715 0.15220763358778625
273.717 1.1917042957042958
274.718 3.623384615384615
275.719 4.2247032967032965
276.72 4.240175824175824
277.726 4.323371769383698
278.727 4.738557442557442
279.728 3.9887152847152847
280.729 4.027908091908093
281.73 3.831112887112887
282.736 4.051403578528826
283.737 3.656183816183816
284.738 3.863912087912088
285.776 3.203398843930636
286.786 3.7427960396039603
287.796 3.2768633663366336
288.806 2.9517940594059406
289.815 3.0089514370664023
290.867 3.1282055185537585
291.876 3.5946560951437068
292.877 3.4375224775224775
293.885 3.0770793650793653
294.886 3.273526473526474
295.887 3.831112887112887
296.888 3.9404435564435563
297.896 3.9022222222222225
298.905 3.92004757185332
299.906 3.4484555444555443
300.956 3.2949933269780742
301.966 3.4719049504950497
302.967 4.038841158841159
303.979 3.4650434782608692
304.985 3.289892644135189
305.986 3.9841758241758245
306.987 3.9185774225774224
307.996 3.957090188305253
308.997 4.421498501498501
309.998 3.874845154845155
311.006 4.260507936507937
312.007 4.1199120879120885
313.015 4.162793650793652
314.016 3.9732427572427573
315.018 3.41224750499002
316.025 4.101719960278054
317.045 3.4745098039215687
318.046 4.126305694305695
319.047 4.060707292707293
320.055 4.097650793650793
321.056 3.6124515484515487
322.236 3.2167050847457626
323.237 4.388699300699301
324.245 4.6079365079365076
325.256 3.9817368941641935
326.265 4.191207135777998
327.266 4.596427572427572
328.28 4.6499092702169635
329.285 4.8503721393034835
330.286 3.852979020979021
331.306 3.8285803921568626
332.307 3.5687192807192805
333.308 3.2844595404595407
334.309 3.831112887112887
335.31 4.541762237762238
336.315 4.284115422885572
337.316 3.616991008991009
338.317 4.399632367632367
339.325 4.314785714285715
340.327 4.235944111776448
341.335 4.564507936507936
342.336 4.672959040959041
343.338 4.367009980039921
344.345 4.9602859980139025
345.346 4.46977022977023
346.351 4.414790049751244
347.356 4.305894527363185
348.425 3.775940130963517
349.426 4.016975024975025
350.436 4.468784158415841
351.485 4.359138226882745
352.486 4.716691308691309
353.505 4.740773307163885
354.506 4.655632367632367
355.516 4.739675247524752
356.685 3.3593156544054747
357.695 3.406891089108911
358.696 4.519896103896104
359.697 4.399632367632367
360.775 3.724111317254174
361.776 3.9951088911088912
362.777 4.344967032967032
363.778 3.9841758241758245
364.785 3.3627010923535257
365.795 3.861988118811881
366.796 3.5076603396603394
367.805 3.2475718533201188
368.806 4.344967032967032
369.816 3.7211247524752475
370.824 3.3485079365079367
371.835 3.3710464886251237
372.837 3.4703296703296704
373.845 3.4027936507936505
374.846 3.3937902097902097
375.855 4.006794846382557
376.856 4.480727272727274
377.857 4.465230769230769
378.858 3.360991008991009
379.864 3.6706481113320075
380.874 1.8357227722772278
381.884 1.0944
382.894 0.7413227722772278
383.904 1.289441584158416
384.905 1.0386413586413588
387.004 0.07820867079561697
388.014 0.7955009900990098
389.024 0.6934811881188119
390.034 0.6609742574257427
391.054 0.6223058823529412
392.094 0.6313846153846153
393.104 0.28172673267326737
394.124 0.2941490196078431
395.134 0.39008316831683165
396.214 0.22293333333333334
397.224 0.8235089108910891
398.234 0.6501386138613862
399.244 0.8776871287128714
400.254 0.6112950495049505
401.264 0.6067960396039603
402.274 1.0077148514851484
403.767 0.22723643670462157
404.777 1.5756435643564357
405.784 2.699781529294935
406.785 3.350057942057942
407.786 3.4812547452547453
408.794 3.4245079365079367
409.795 3.218837162837163
410.805 3.2335445544554458
411.814 2.998097125867195
412.82 2.9263777335984096
413.824 2.68602390438247
414.834 2.735081188118812
415.844 2.3449980198019804
416.846 3.4340918163672653
417.847 3.7764475524475527
418.854 3.4279086395233365
419.855 3.1204635364635362
420.864 2.672713577799802
421.865 2.5956763236763236
422.866 3.5687192807192805
423.874 2.7187936507936503
424.884 2.253813861386139
425.904 1.9893960784313724
426.954 1.8074819047619048
427.964 1.5603326732673266
428.974 1.4844831683168318
429.983 1.2192983151635282
430.993 1.5494970297029704
432.004 1.9529812067260137
433.044 1.9195692307692307
434.054 2.5247049504950496
435.064 2.2041346534653465
436.065 2.8580699300699304
437.066 3.907644355644355
438.074 3.1313650793650796
439.075 2.726873126873127
440.083 2.5233650793650795
441.093 2.849774257425743
442.094 2.0708891108891105
443.095 2.2676843156843156
444.103 2.262793650793651
445.104 2.1428811188811188
446.105 2.092755244755245
447.106 2.639408591408591
448.114 2.7468571428571424
449.115 2.4972787212787213
450.123 3.2942222222222224
451.124 3.5796523476523476
452.125 2.420747252747253
453.133 2.045650793650794
454.134 2.3615424575424577
459.749 0.02334318788958148
462.568 0.06381837531039376
463.589 0.9861390793339863
464.59 3.2516603396603396
465.599 4.169514370664023
466.601 4.231409181636726
467.638 3.5547463837994218
468.639 3.273526473526474
469.64 4.159104895104895
470.641 3.929510489510489
471.648 4.221275074478649
472.749 3.6661943687556766
473.758 4.332210109018831
474.759 4.191904095904096
475.76 4.082573426573426
476.761 3.79192007992008
477.778 3.813883972468043
478.779 3.863912087912088
479.789 3.883659405940594
480.798 3.952586719524281
481.799 3.6015184815184815
482.808 3.599159563924678
483.809 3.7983136863136866
484.81 4.07164035964036
485.818 3.793650793650794
486.821 4.030787637088733
487.828 3.8670665342601787
488.83 3.718139720558882
489.838 4.0433650793650795
490.839 4.1481718281718285
491.84 4.235636363636364
492.859 3.9934367026496567
493.86 3.885778221778222
494.861 3.9951088911088912
495.868 3.6996067527308836
496.888 4.075356862745098
497.89 4.111265469061876
498.891 4.049774225774225
499.898 4.1777954319761665
500.968 3.7417271028037384
501.97 4.100343313373253
502.972 4.122187624750499
503.979 4.014776564051639
504.981 3.8600558882235525
506.269 2.726055900621118
507.277 3.8370793650793655
508.367 2.4640587155963303
509.478 2.959265526552655
510.488 2.7739247524752475
511.497 1.81584935579782
512.508 2.396803165182987
513.517 2.1258909811694746
514.518 1.8412947052947053
515.538 2.1074196078431373
516.728 2.6708436974789915
517.737 3.2475718533201188
518.738 3.7108491508491506
519.747 1.84388503468781
520.748 1.2946413586413585
521.757 1.4208761149653122
522.767 1.502510891089109
523.769 1.4608542914171658
524.797 1.7716420233463033
525.807 1.6269573835480673
526.809 1.50725748502994
527.81 1.8303616383616386
528.822 2.156521739130435
529.867 2.549221052631579
530.877 2.1584301288404366
531.887 2.8976158415841584
532.889 2.5057085828343317
533.897 2.6970793650793654
534.907 2.7305821782178215
535.908 3.032999000999001
536.917 3.290957383548067
537.918 3.3719240759240763
538.919 2.3114165834165834
539.927 1.9587936507936508
540.929 2.4074091816367265
541.937 2.9857142857142858
542.938 2.7815384615384615
543.939 2.890869130869131
544.94 2.9564675324675327
545.947 2.6562859980139026
546.949 2.243576846307385
547.957 2.605714285714286
548.979 2.2317964774951076
549.987 2.327936507936508
550.988 2.8362037962037965
551.989 3.7983136863136866
553.117 2.012368794326241
554.118 1.8476883116883116
555.137 1.851729146221786
556.138 2.4052747252747255
557.146 2.045650793650794
558.147 1.3447672327672326
559.156 1.1867591674925668
560.157 1.585294705294705
561.167 1.1314059405940593
562.168 1.2026373626373628
563.176 1.2485714285714287
564.187 0.578215628090999
565.206 0.39737782139352307
566.207 0.6887832167832167
567.226 0.9773346418056917
568.242 0.7647874015748032
569.246 0.5822470119521912
570.247 1.1370389610389613
571.257 1.4303049504950496
572.272 1.3953970443349755
573.278 0.9138131212723658
574.306 0.4790661478599222
575.307 0.31705894105894106
576.316 0.4880872150644202
577.426 0.1224072072072072
578.436 0.24921980198019802
579.446 0.4334257425742574
580.466 0.5257411764705883
581.467 0.5357202797202797
582.497 0.47813592233009705
583.506 0.6290901883052527
584.536 0.35504466019417474
585.537 0.6669170829170828
586.617 1.0336
587.626 0.8678374628344896
588.797 0.2989581554227156
589.806 1.208451932606541
590.824 0.3977681728880157
591.826 0.3713532934131737
592.846 0.39698823529411764
593.866 0.3004235294117647
594.886 0.35407058823529414
595.897 0.35722255192878344
596.926 0.1958561710398445
597.986 0.34070943396226416
599.007 0.06431341821743389
601.038 0.14548892171344163
602.046 0.6297142857142857
603.057 1.2123916913946586
604.066 1.8375421209117937
605.076 2.3449980198019804
606.077 2.339676323676324
607.091 2.2062327416173573
608.094 1.914001994017946
609.097 1.854915254237288
610.106 1.5229970267591675
611.107 1.7055584415584415
612.126 1.3039921491658488
613.127 1.8258221778221777
614.136 1.479611496531219
615.137 1.618093906093906
616.138 2.049022977022977
617.139 2.5474045954045956
618.146 2.1020218470705063
619.156 2.1066138613861383
620.157 2.4316563436563436
621.158 2.886329670329671
622.166 2.4148174603174604
623.167 2.5847432567432564
624.176 2.108701684836472
625.186 2.817267326732673
626.187 2.3004835164835162
627.196 2.021930624380575
628.216 2.102964705882353
629.226 1.9224
630.236 2.561710891089109
631.306 2.0703102803738314
632.406 1.7012945454545454
633.417 1.9529812067260137
634.426 1.702882061446977
635.435 0.9110961347869178
636.436 0.33253146853146853
637.445 0.5965510406342913
638.446 1.6946253746253748
639.447 2.4972787212787213
640.456 2.1195480673934592
641.476 2.42484705882353
642.485 1.1867591674925668
643.497 1.7843478260869565
644.505 1.5787936507936506
645.516 1.9484866468842728
646.518 1.58824750499002
647.525 1.7823396226415094
648.526 1.3165074925074924
649.536 1.4736475247524752
650.546 1.218091089108911
651.547 1.465030969030969
652.565 1.2192691552062866
653.567 1.343425149700599
654.576 1.3557978196233893
655.595 0.9173542688910696
656.605 1.0293861386138614
657.615 0.5634534653465347
658.635 0.6115764705882353
659.645 0.8930217821782178
660.647 1.6164790419161676
661.656 1.859234886025768
662.657 1.4540979020979021
663.665 1.274793650793651
664.666 2.7879320679320685
665.676 2.1066138613861383
666.685 1.8375421209117937
667.705 1.1265882352941174
668.706 1.8522277722277722
669.726 1.8561882352941177
670.735 1.5555361744301286
671.736 2.0226173826173826
672.737 1.6991648351648352
673.745 2.4645714285714284
674.746 2.092755244755245
675.756 2.2583128712871288
676.765 1.7245748265609513
677.766 1.4586373626373628
678.776 2.1237861386138617
679.777 2.639408591408591
680.785 2.045650793650794
681.786 2.3004835164835162
682.795 2.4838216055500495
683.796 2.3114165834165834
684.797 1.8084955044955044
685.799 2.4793293413173654
686.805 2.3216858846918487
687.806 1.9615584415584417
688.807 2.1647472527472527
689.816 1.9026204162537164
691.025 1.6240860215053763
692.026 2.2303456543456543
693.035 2.22801189296333
694.037 1.157748502994012
695.038 1.239976023976024
696.045 2.4561509433962265
697.046 1.9287592407592409
698.055 2.0436233894945492
699.065 2.5138693069306934
700.066 2.7378061938061937
701.067 2.562877122877123
702.085 2.3265697445972493
703.105 2.6117019607843135
704.106 2.2850109890109884
705.115 1.8809276511397424
706.145 2.299464077669903
707.146 2.5474045954045956
708.147 2.2130189810189806
709.155 2.2193650793650797
710.165 2.654732673267327
711.175 2.1932990099009904
712.185 1.8032158415841584
713.186 1.9132867132867135
714.187 1.8412947052947053
715.195 2.128
716.197 2.254499001996008
717.205 2.241079365079365
718.245 1.9827076923076923
719.255 2.373005940594059
720.256 2.4098141858141857
721.265 2.369014866204162
722.266 2.672207792207792
723.267 3.115924075924076
724.269 2.724151696606787
725.274 2.3239960199004974
726.275 2.3332827172827173
727.285 2.297156435643564
728.286 2.508211788211788
729.295 2.7594846382556986
730.305 2.962629702970297
731.306 3.153262737262737
732.314 2.707936507936508
733.315 2.6722157842157843
734.324 2.527207135777998
735.326 1.8285349301397205
736.335 2.195472745292369
737.345 2.784760396039604
738.346 2.869002997002997
739.347 3.4484555444555443
740.364 3.59866273352999
741.365 3.573258741258741
742.366 3.874845154845155
743.367 3.5796523476523476
744.376 2.412400396432111
745.466 2.7150678899082568
746.475 3.5729633300297325
747.484 2.8525986124876117
748.495 1.909681503461919
749.504 1.8266957383548066
750.506 1.5400239520958083
751.514 1.9153650793650792
752.544 2.554469902912621
753.575 3.199503394762367
754.576 3.9732427572427573
755.584 3.1747936507936507
756.664 2.4360666666666666
757.665 2.6895344655344653
758.674 1.25198810703667
759.685 2.327359050445104
760.694 1.935159563924678
761.695 1.7975624375624375
762.704 2.1258909811694746
763.705 1.906893106893107
764.714 2.212662041625372
765.734 2.010854901960784
766.744 1.8357227722772278
767.745 2.011684315684316
768.754 1.761617443012884
769.755 2.044483516483517
770.756 2.191152847152847
771.764 2.230222222222222
772.765 2.650341658341658
773.775 2.5572118811881186
774.776 2.191152847152847
775.784 2.773079365079365
776.804 2.708266666666667
777.814 2.7134099009900994
778.823 3.1499544103072346
779.824 3.022065934065934
780.826 2.9817485029940123
781.828 3.41224750499002
782.834 2.88737972166998
783.835 2.3332827172827173
784.844 2.325629335976214
785.854 2.4533544554455444
786.855 2.295944055944056
787.856 1.6444915084915086
788.874 2.4448251473477405
789.875 2.4708731268731268
790.884 2.30393657086224
791.886 3.270259481037924
792.905 3.4949401373895976
793.906 4.410565434565435
794.913 3.7367229394240318
795.914 4.388699300699301
796.915 3.7217822177822173
797.935 4.751309803921568
798.945 4.9022099009900995
800.154 4.026653432588917
801.155 5.044683316683317
802.224 4.472097287184285
803.225 4.869754245754246
804.227 4.242331337325349
805.228 4.043388611388612
806.235 4.6994558093346575
807.244 4.1586679881070365
808.245 3.7108491508491506
809.254 3.301803766105054
810.265 3.5009455984174083
811.273 2.8925079365079363
812.284 2.6566013847675567
813.293 2.6401744301288406
814.294 2.5410109890109887
815.295 3.7983136863136866
816.296 4.049774225774225
817.303 3.4387765640516386
818.304 2.978333666333666
819.305 3.907644355644355
820.306 4.18551048951049
821.307 4.1481718281718285
822.314 3.7430784508440915
823.315 3.5577862137862137
824.413 4.1347030965391625
825.415 4.875816367265469
826.416 4.552695304695305
827.424 4.004444444444444
828.425 4.1481718281718285
829.426 5.121214785214786
830.434 4.471301587301587
831.436 5.411001996007985
832.438 4.388854291417166
833.44 4.9522714570858275
834.442 4.618219560878243
835.444 5.552990019960079
836.445 4.458837162837162
837.454 4.982993062438058
838.456 5.153405189620758
839.464 5.15529365079365
840.465 5.744399600399601
841.474 4.7922616451932605
842.475 4.74949050949051
843.484 4.293328047571853
844.485 4.006041958041958
845.494 3.6705807730426163
846.495 4.1481718281718285
847.514 4.433774288518155
848.515 4.465230769230769
849.517 4.417085828343313
850.524 4.736397219463753
851.525 3.240903096903097
852.527 5.11610379241517
853.533 4.19734393638171
854.534 5.055624375624376
855.535 4.86336063936064
856.536 4.946285714285715
857.543 4.693100297914598
858.544 5.2086793206793205
859.545 4.928959040959041
860.546 5.230545454545455
861.547 4.7758961038961045
862.548 5.307076923076923
863.553 4.52820696517413
864.555 4.995960079840319
865.557 4.410698602794411
866.563 4.823793240556659
867.584 4.757375122428991
868.585 4.683892107892108
869.587 4.8102834331337325
870.594 4.82351539225422
871.633 5.085751684311838
872.635 5.072415169660679
873.636 4.961758241758242
874.637 5.121214785214786
875.713 4.178557620817844
876.714 3.039392607392607
877.715 2.672207792207792
878.717 4.56360878243513
879.723 5.052246520874752
880.724 4.458837162837162
881.727 4.892777666999003
882.733 4.12755467196819
883.742 3.8269335976214074
884.743 4.344967032967032
885.744 4.082573426573426
886.745 4.3340339660339655
887.753 3.7330158730158733
888.754 4.0388171828171835
889.773 3.194245338567223
890.774 3.0111328671328668
891.782 3.066222222222222
892.783 2.9564675324675327
893.792 2.9827552031714566
894.793 2.3114165834165834
895.814 2.7913574926542606
896.822 2.870793650793651
897.823 2.748739260739261
898.824 2.6831408591408588
899.913 2.7879081726354453
900.922 2.7549811694747275
901.923 3.0111328671328668
902.924 3.1423296703296706
903.942 2.9823497053045185
904.944 4.187720558882235
905.952 3.0445079365079364
906.963 2.266904055390702
907.964 2.9455344655344655
908.973 3.92004757185332
909.974 4.093506493506494
910.979 3.336724378109453
911.982 3.5333998005982052
912.992 3.4393980198019807
914.032 2.8455999999999997
915.033 2.0226173826173826
916.042 1.8050029732408326
917.043 3.022065934065934
918.053 4.19790099009901
919.062 3.366882061446977
920.063 3.339124875124875
921.064 3.852979020979021
922.072 3.5873650793650795
923.073 3.9732427572427573
924.082 3.957090188305253
925.083 3.82017982017982
926.093 3.6886178217821777
927.102 3.724812685827552
928.103 3.6124515484515487
929.104 3.929510489510489
930.112 3.6244444444444444
931.122 3.5152475247524753
932.123 4.410565434565435
933.133 4.642154455445545
934.134 4.010581418581419
935.142 3.7393650793650792
936.143 3.7106893106893106
937.152 2.1847770069375616
938.154 3.84913373253493
939.162 4.65136507936508
940.163 3.7983136863136866
941.164 3.67804995004995
942.172 3.6570158730158733
943.173 3.4484555444555443
944.174 3.404723276723277
945.175 3.503120879120879
946.176 3.5577862137862137
947.182 3.0723180914512924
948.192 2.5508752475247527
949.193 2.886329670329671
950.258 3.22493896713615
951.262 4.451888446215139
952.264 4.624606786427146
953.272 3.5113650793650795
954.273 2.978333666333666
955.274 3.043932067932068
956.276 2.997205588822355
957.281 3.543625870646766
958.282 3.0548651348651346
959.292 2.5725465346534655
960.294 3.21564870259481
961.295 2.726873126873127
962.301 2.9961669980119283
963.302 3.0657982017982017
964.303 3.492187812187812
965.304 3.656183816183816
966.312 3.7393650793650792
967.314 3.2374930139720557
968.321 3.0366633565044685
969.322 2.650341658341658
970.352 2.6607223300970873
971.353 3.3828571428571426
972.442 2.908503213957759
973.531 2.9989494949494953
974.532 3.3719240759240763
975.534 4.154954091816368
976.541 3.2540218470705065
977.542 2.497286713286713
978.551 3.0044479682854313
979.561 2.2908198019801977
980.571 2.854273267326733
981.572 3.5905854145854144
982.581 3.345189296333003
983.582 3.0111328671328668
984.591 3.800737363726462
985.592 3.0657982017982017
986.593 3.5905854145854144
987.601 3.5656507936507937
988.602 3.262593406593407
989.603 3.273526473526474
990.612 2.7269454905847375
991.613 2.748739260739261
992.614 3.164195804195804
993.615 3.82017982017982
994.621 3.1375904572564615
995.622 2.672207792207792
996.623 2.3988811188811185
997.631 2.4690793650793657
998.633 2.897262737262737
999.641 3.011936507936508
1000.642 2.726873126873127
1001.643 3.0111328671328668
1002.651 3.1747936507936507
1003.662 2.851450049455984
1004.671 3.4753458870168483
1005.672 3.53592007992008
1006.681 3.128261645193261
1007.691 1.6515168316831683
1008.701 1.7011960396039605
1009.702 1.9506253746253746
1010.711 2.7486382556987117
1011.712 3.104991008991009
1012.781 3.1923966323666977
1013.782 3.360991008991009
1014.791 3.4428067393458868
1015.792 3.240727272727273
1016.822 2.926353398058253
1017.831 3.156297324083251
1018.833 3.182882235528942
1019.834 2.869002997002997
1020.835 3.1969950049950047
1021.841 2.9961669980119283
1022.842 2.7378061938061937
1023.843 3.09858941058941
1024.851 3.5330793650793653
1025.853 3.6124515484515487
1026.862 4.061050545094153
1027.863 3.595124875124875
1028.871 3.0834285714285716
1029.872 2.7050069930069927
1030.88 2.9576507936507936
1031.881 3.043932067932068
1032.882 2.6612747252747253
1033.883 2.2239520479520483
1034.891 2.6491428571428575
1035.911 2.429301960784314
1036.912 2.4644795204795207
1037.921 2.390707631318137
1038.922 2.650341658341658
1040.03 2.9178916967509028
1041.031 2.2303456543456543
1042.032 2.3004835164835162
1043.033 2.6283236763236766
1044.23 2.2164945697577276
1045.231 2.7988651348651348
1046.232 3.5796523476523476
1047.233 2.901802197802198
1048.24 2.6671539225422047
1049.241 3.032999000999001
1050.242 2.650341658341658
1051.25 3.1205079365079365
1052.257 3.014927507447865
1053.261 2.9912350597609563
1054.262 4.082573426573426
1055.263 5.022817182817183
1056.265 3.1391936127744513
1057.266 4.163644355644355
1058.267 3.8420459540459544
1059.27 3.834384845463609
1060.272 3.2484151696606784
1061.28 3.6307936507936507
1062.29 3.2551920792079208
1063.291 2.7378061938061937
1064.292 3.043932067932068
1065.293 4.716691308691309
1066.3 3.1562105263157894
1067.301 3.229794205794206
1068.302 3.109530469530469
1069.311 3.6488880079286425
1070.312 3.273526473526474
1071.32 3.0227936507936506
1072.33 2.908451485148515
1073.332 2.745996007984032
1074.333 3.153262737262737
1075.334 3.032999000999001
1076.34 2.767713717693837
1077.341 2.934601398601399
1078.879 1.309295188556567
1079.88 0.5949250749250748
1080.881 1.793022977022977
1081.891 1.3327841584158417
1082.892 1.6117002997002998
1083.899 2.319380337636544
1084.9 2.3615424575424577
1085.901 2.366081918081918
1086.91 2.596788899900892
1087.911 2.978333666333666
1088.919 3.641650793650794
1089.92 2.0818221778221777
1090.921 3.546853146853147
1091.922 3.67804995004995
1092.923 4.016975024975025
1093.93 3.004067527308838
1094.931 3.3828571428571426
1095.932 2.6066093906093903
1096.933 3.0548651348651346
1097.934 3.0985974025974024
1098.939 3.8920915422885574
1099.94 3.0985974025974024
1100.95 3.861988118811881
1101.951 4.454297702297702
1102.952 4.207376623376623
1103.959 3.536587884806355
1104.96 4.180971028971029
1105.961 4.5854945054945055
1106.962 4.7758961038961045
1107.963 4.104439560439561
1108.964 4.344967032967032
1109.966 4.530842315369261
1110.97 4.473689243027889
1111.971 2.934601398601399
1112.972 3.9185774225774224
1113.98 4.0261587301587305
1114.981 4.465230769230769
1115.991 3.4285623762376236
1116.999 3.3702222222222225
1118.0 4.902553446553447
1119.001 4.07617982017982
1120.002 4.410565434565435
1121.003 4.366833166833167
1122.02 3.4910521140609636
1123.021 2.978333666333666
1124.024 3.550691924227318
1125.109 3.0948866359447007
1126.17 3.098721960414703
1127.179 3.0369871159563924
1128.18 2.7378061938061937
1129.181 3.5905854145854144
1130.259 3.429699443413729
1131.26 3.4812547452547453
1132.261 3.153262737262737
1133.269 3.0834285714285716
1134.299 3.2601475728155345
1135.301 4.100343313373253
1136.309 3.5005079365079363
1137.31 3.4375224775224775
1138.311 4.60736063936064
1139.312 4.1964435564435565
1140.313 4.563628371628371
1141.319 3.9208588469184895
1142.32 3.021914085914086
1143.321 2.0054425574425574
1144.33 2.8245629335976217
1145.409 2.813746061167748
1146.41 3.1487232767232767
1147.411 2.3114165834165834
1148.418 2.2650407149950347
1149.419 3.1969950049950047
1150.428 2.911333994053518
1151.539 2.250016201620162
1152.54 2.110081918081918
1153.542 1.5773253493013972
1154.549 2.5430943396226415
1155.559 2.5725465346534655
1156.56 1.9178261738261737
1157.568 1.8674285714285712
1158.57 1.8176127744510977
1159.571 2.2676843156843156
1160.578 2.282264150943396
1161.589 2.191129574678536
1162.599 1.7815445544554454
1163.6 2.7441998001998003
1164.608 2.230222222222222
1165.609 2.245818181818182
1166.61 1.967952047952048
1167.619 1.8917026759167492
1168.628 1.9460773042616453
1169.629 1.9132867132867135
1170.639 1.4131326732673268
1171.64 1.661826173826174
1172.648 1.6330793650793651
1173.659 1.5696142433234421
1174.669 1.6515168316831683
1175.709 1.0523076923076924
1176.718 1.4534152626362735
1177.719 1.0650469530469533
1178.729 1.1052356435643564
1179.738 1.05209910802775
1180.748 1.239762376237624
1181.75 1.0485269461077844
1182.768 1.1610530451866405
1183.778 0.8280079207920792
1184.809 0.8704248302618817
1185.818 1.2364876114965313
1186.819 1.2946413586413585
1187.828 1.3774905847373637
1188.838 1.1919207920792079
1189.878 0.6988923076923076
1190.888 0.5634534653465347
1191.948 0.5265509433962264
1192.968 0.26823529411764707
1193.979 0.6819703264094955
1194.988 0.7854430128840436
1195.989 1.0277082917082916
1196.998 1.3991833498513377
1197.999 1.393038961038961
1199.188 1.4266778805719091
1200.189 1.589834165834166
1201.198 1.778806739345887
1202.209 1.5524589515331353
1203.218 1.9631952428146682
1204.219 1.8303616383616386
1205.268 1.715309818875119
1206.275 1.4780377358490566
1207.278 1.5493998005982053
1208.288 0.8821861386138614
1209.291 0.8183449651046859
1210.318 0.6180642648490751
1211.338 1.216878431372549
1212.363 1.163800975609756
1213.368 1.0998447761194028
1214.598 0.3648
1215.618 0.5731137254901961
1216.632 1.0253254437869823
1217.648 1.4326299212598426
1218.658 1.3589544554455444
1219.668 1.7228673267326733
1220.678 1.348118811881188
1221.688 1.9504158415841586
1222.689 1.8412947052947053
1223.698 1.3883369672943509
1224.718 1.0988549019607843
1225.719 2.0226173826173826
1226.728 1.0674489593657086
1227.777 0.719862726406101
1228.797 0.5901176470588235
1229.798 1.301034965034965
1230.8 1.8722235528942115
1231.818 1.8427976424361494
1232.819 0.9730429570429571
1235.038 0.31564488508337085
1236.048 1.9657504950495048
1237.049 2.733266733266733
1238.05 2.2239520479520483
1239.051 2.1474205794205794
1240.058 2.8845124131082427
1241.068 2.8326019801980196
1242.069 2.9081958041958043
1243.07 2.869002997002997
1244.071 2.6612747252747253
1245.078 2.917116186693148
1246.079 2.43168031968032
1247.087 2.052
1248.097 1.142241584158416
1249.098 1.4322317682317682
1250.107 1.1433815659068385
1251.108 1.475964035964036
1252.117 1.2690267591674926
1253.127 1.2939405940594058
1254.161 0.7938104448742748
1255.186 0.6726556097560976
1256.187 0.37172427572427574
1257.207 0.4077176470588235
1258.217 0.5029386138613862
1259.278 0.3816475023562677
1260.297 0.3329381746810599
1261.307 0.5851247524752475
1262.317 1.4303049504950496
1263.318 1.6663656343656343
1264.337 1.755069676153091
1265.348 1.9484866468842728
1266.357 1.6856927651139744
1267.358 2.6239360639360636
1268.359 2.322325674325674
1269.369 1.8140752475247526
1270.407 0.6642312138728323
1271.417 0.5851247524752475
1272.418 1.4804795204795205
1273.427 2.9502160555004955
1274.429 2.1343792415169656
1275.437 1.5353650793650793
1276.447 1.8312237623762375
1277.627 0.35243389830508476
1278.637 1.3264475247524752
1279.687 2.474544761904762
1280.697 2.4488554455445546
1281.717 0.948643137254902
1282.727 1.2244277227722773
1283.979 1.4983769968051117
1284.987 1.7606037735849056
1285.988 1.557034965034965
1286.997 1.7137284440039644
1288.007 1.7382019801980197
1289.009 1.8458443113772456
1290.017 1.263936507936508
1291.018 1.7383576423576423
1292.037 1.7443297350343474
1293.047 2.1021148514851484
1294.048 1.7647632367632367
1295.057 1.9415024777006937
1296.067 1.4022970297029704
1297.107 2.130030769230769
1298.108 2.2084795204795205
1299.109 2.366081918081918
1300.117 2.197650793650794
1301.118 2.295944055944056
1302.127 1.9785450941526266
1303.167 1.9406153846153846
1304.168 2.3615424575424577
1305.188 1.7104313725490197
1306.197 2.1909692765113973
1307.207 1.239762376237624
1308.208 1.7164915084915087
1309.217 1.577228939544103
1310.227 1.7337029702970297
1311.236 1.7290782953419228
1312.257 1.9660097943192947
1313.267 1.9504158415841586
1314.277 1.5323247524752475
1315.279 2.0752095808383233
1316.288 1.946005946481665
1317.296 2.327936507936508
1318.297 1.8039560439560438
1319.306 1.3449514370664024
1320.336 0.8119300970873786
1321.466 0.19369911504424778
1322.467 1.6071608391608392
1323.468 1.742897102897103
1324.476 1.7697142857142858
1325.477 1.393038961038961
1326.486 1.594418235877106
1327.488 1.6428582834331336
1328.496 1.9
1329.497 1.6335664335664335
1330.586 1.8633461891643712
1331.597 1.7861127596439168
1332.608 1.4875093966369932
1333.616 1.3571428571428572
1334.626 1.571168316831683
1335.627 1.229042957042957
1336.628 1.6399600399600398
1337.646 1.2837721021611002
1338.656 1.3436198019801981
1339.666 0.8560158415841584
1340.676 1.4889821782178216
1341.796 1.9778857142857142
1342.797 1.1807712287712289
1343.918 1.8784942016057091
1344.956 3.1462967244701345
1345.957 2.4162077922077927
1346.966 1.7073855302279484
1347.979 1.9878538993089832
1348.986 1.9172671300893744
1349.987 2.03808991008991
1350.996 2.603131813676908
1352.006 1.987421782178218
1353.008 2.3527984031936127
1354.01 2.1844311377245504
1355.016 2.23465606361829
1356.017 2.6284755244755242
1357.026 2.9221803766105054
1358.117 2.170896425297892
1359.126 2.212662041625372
1360.139 1.6142152023692005
1361.156 1.3881769911504427
1362.166 1.3806257425742574
1363.167 2.131948051948052
1364.168 1.742897102897103
