0.0 2.4431488511488513
1.008 2.7314920634920634
2.009 1.6873766233766234
3.209 1.195906666666667
4.269 1.632022641509434
5.27 1.3396363636363637
6.28 2.063651485148515
7.289 2.267004955401388
8.29 2.376839160839161
9.3 2.85150099009901
10.479 2.152373197625106
11.48 2.420803196803197
12.519 1.9169047160731472
13.689 2.212711111111111
14.699 1.869821782178218
15.779 0.951874074074074
16.799 0.6544941176470588
17.821 0.2141682974559687
18.869 0.1357557251908397
19.889 0.15021176470588235
20.93 0.3364149855907781
22.0 0.12273644859813083
23.03 0.07634951456310679
24.04 1.5278257425742576
25.041 1.5737862137862138
26.06 1.2248086359175665
27.061 1.5743616383616383
28.07 1.2941446977205153
29.091 1.3471498530852106
30.101 1.0835643564356436
31.11 0.997621407333994
32.12 1.0402217821782178
33.241 0.9304763603925066
34.251 0.5851247524752475
35.27 0.17183905789990186
36.31 0.16836923076923077
37.33 0.21458823529411764
38.721 0.10228037383177571
39.731 0.4767683168316832
40.741 1.0405702970297028
41.881 1.3113473684210526
42.891 2.3519366336633665
43.922 2.000838021338506
44.948 2.199961013645224
46.101 1.908558542931483
47.102 2.7059980019980023
48.103 3.2190049950049953
49.112 2.5446580773042613
50.113 2.942745254745255
51.122 2.081236868186323
52.123 1.6883276723276723
53.132 1.4846541129831516
54.133 1.5949650349650348
55.142 1.6714687809712585
56.143 2.4080879120879124
57.152 3.098624380574827
58.162 2.3683801980198016
59.163 2.6239360639360636
60.164 2.187060939060939
61.172 2.3301349206349204
62.173 2.9155804195804196
63.183 2.8892039603960398
64.194 2.3936379821958456
65.325 2.5874942528735634
67.003 1.8000667461263407
69.003 1.3895440000000001
71.003 1.48414
73.014 1.2870770760815513
74.015 2.711400599400599
75.023 2.5905714285714287
76.024 2.1029690309690308
77.273 2.052816653322658
78.274 3.0175264735264737
81.034 0.16790434782608696
82.134 2.5938327272727277
83.214 2.612918518518518
85.044 1.8039912568306011
86.045 2.6239360639360636
89.074 0.533335094090459
90.075 2.7660659340659337
91.084 0.6326025768087216
92.094 2.1129504950495046
93.095 1.6025014985014985
95.005 0.9571602094240838
96.015 2.5030336633663364
97.025 2.036142574257426
99.005 0.8159838383838384
101.015 1.2819741293532338
102.995 1.0634060606060607
104.005 2.253813861386139
105.006 0.6300579420579421
107.065 0.6076542010684799
108.996 0.7119668565510099
111.005 0.6923524141363864
113.036 0.7271216149679961
115.086 0.530009756097561
117.017 0.5940093215950285
118.996 0.5704618494188983
120.007 1.6995133531157272
121.266 0.17765845909451944
123.016 1.020790857142857
125.006 0.9134231155778895
127.017 0.9143351566384884
129.087 0.6345661835748792
131.017 0.6926797927461139
132.997 1.1373494949494949
138.528 0.2672240101247514
139.548 0.3755294117647059
140.608 0.6710943396226415
141.648 0.9260307692307692
142.649 1.2153206793206794
143.65 3.3045434565434566
144.669 3.367905789990186
145.679 2.712633663366337
146.68 3.6403996003996
147.69 3.2716277227722768
151.049 0.9684477523072343
152.05 3.454849150849151
154.979 1.0667804711505633
155.98 2.7211668331668335
157.0 1.719592156862745
159.05 1.681849756097561
161.0 1.221965128205128
162.99 1.202102512562814
164.98 1.272759798994975
166.99 1.7517492537313433
168.17 3.894515254237288
169.171 5.040143856143856
170.172 4.095496503496504
171.2 1.6733540856031128
172.99 1.5023553072625697
175.051 1.3706705482775352
176.992 1.4464873776403917
178.981 1.5340492709904476
184.561 0.5702451612903227
185.601 0.4104
186.611 0.7043168316831683
187.621 0.7801663366336633
188.631 1.2905663366336633
189.751 2.530478571428571
190.763 4.000861660079051
191.812 3.8532240228789325
192.981 1.4161916167664672
196.541 0.8114786516853932
197.542 2.110081918081918
198.991 1.1870034506556246
204.505 0.10319477693144723
205.515 0.39008316831683165
206.516 0.48922277722277724
209.256 0.10076788321167883
210.276 1.033450980392157
211.296 0.23278431372549022
212.985 0.1976696269982238
214.006 0.7305935357492654
215.007 0.5326273726273727
217.066 0.3315862068965517
222.621 0.1279294329432943
223.681 0.36135849056603775
224.712 0.4327914645974782
225.851 0.4953608428446006
226.862 0.6950741839762612
229.552 0.06042527881040892
231.032 0.32645405405405403
233.022 0.2771939698492462
234.062 0.4735384615384616
235.082 0.20167843137254904
236.092 0.3250693069306931
237.112 0.35407058823529414
238.213 0.11829972752043597
239.224 0.28144807121661725
240.252 0.17033463035019455
254.434 0.005401776900296151
255.454 0.1072392156862745
256.455 1.585294705294705
257.456 1.7324755244755246
258.465 2.321125867195243
259.466 1.977014985014985
260.475 1.9818434093161543
261.476 1.9132867132867135
262.478 1.9110259481037923
263.516 2.088177263969172
264.525 2.072872150644202
265.556 1.989485935984481
266.566 2.078970297029703
267.576 2.0501069306930693
268.58 2.0545657370517927
269.585 2.0558726368159204
270.677 1.6370109890109892
271.757 1.9735777777777777
272.926 1.7965166809238664
273.936 1.9375683168316833
274.945 2.226925668979187
275.947 2.00360878243513
276.948 2.056935064935065
277.956 2.0633888888888885
278.958 2.0030099800399204
279.959 2.1049110889110887
280.977 2.4941139489194497
281.986 2.240602576808721
283.006 2.5536
284.017 2.641281899109792
285.026 1.7162893954410308
286.176 1.8005982608695652
287.177 2.2303456543456543
288.188 1.8161661721068247
289.266 2.0204378478664196
290.267 2.60206993006993
291.268 2.069122877122877
292.287 2.0612443572129533
293.298 2.008213649851632
300.17 0.3723224679860303
301.193 2.0112140762463344
302.28 1.9867010119595214
305.021 0.26984020430499817
307.01 0.49997385620915036
309.02 0.22503084577114427
311.011 0.23295228528377698
313.021 0.23121194029850747
315.021 0.23352799999999999
317.021 0.24272000000000002
319.011 0.2574070351758794
321.021 0.2626865671641791
323.021 0.229392
325.012 0.2718513309894526
327.012 0.23150800000000002
329.012 0.448204
331.032 0.24597623762376236
335.012 0.13332864321608037
337.083 0.27399323998068564
339.072 0.27720864756158875
341.013 0.31225965996908805
347.223 0.1059864734299517
348.233 0.3792475247524753
349.284 0.5264243577545196
350.294 0.7333227722772278
351.304 0.888118811881188
353.014 0.24019181286549707
355.024 0.3910407960199005
357.054 0.3917320197044335
363.581 0.11279423931362036
364.6 0.3758979391560353
365.611 0.5594540059347182
366.641 0.6644582524271845
367.642 0.9783096903096902
368.643 1.2754125874125875
369.651 1.4003333333333332
371.062 0.5387781715095676
373.071 0.23098855151816824
375.082 0.2604912978617603
377.041 0.39997958141909135
379.072 0.3600078778926637
381.072 0.28954799999999997
383.082 0.2789094527363184
385.072 0.26679798994974874
387.072 0.307756
389.073 0.2837101449275362
391.323 0.2864071111111111
397.054 0.11426557319839468
398.074 0.3648
399.123 0.48946425166825547
400.124 0.6962717282717283
401.193 0.31350420954162767
403.033 0.30796521739130434
405.084 0.27355241345685033
407.044 0.25197551020408165
409.114 0.2209700483091787
414.757 0.08960765550239236
415.767 0.3575762376237624
416.777 0.47186534653465345
417.778 0.5925514485514486
419.018 0.03885161290322581
421.078 0.2110097087378641
423.028 0.22457846153846156
424.038 0.8366257425742574
425.039 0.10653346653346654
427.108 0.5451406476558723
428.178 0.6982579439252337
429.179 0.5970669330669331
431.319 0.09161495327102805
436.554 0.08761948424068769
437.664 0.46474234234234235
441.074 0.14743225806451613
443.064 0.2528040201005025
445.134 0.2482473429951691
447.054 0.3088375
449.014 0.3199428571428571
451.064 0.24631804878048782
453.094 0.26469753694581283
455.045 0.27203280369041516
457.075 0.3540256157635468
459.025 0.3199753846153846
461.075 0.24326634146341466
463.065 0.2592402010050251
465.121 0.22353696498054476
467.016 0.22578997361477574
469.106 0.19619521531100478
471.016 0.46364397905759164
473.076 0.23560776699029123
475.036 0.2541591836734694
477.077 0.2337716805487506
479.076 0.25025712856428217
481.057 0.4572559313478042
483.057 0.212724
490.06 0.06805883192917321
491.095 0.31721739130434784
492.152 0.1589631031220435
493.171 0.483297350343474
494.3 0.48853852967227634
495.32 0.9659764705882353
497.02 0.18150117647058822
499.07 0.30801170731707317
501.14 0.25202705314009666
502.141 0.9117442557442558
505.071 0.07020341296928327
507.326 0.2490359201773836
509.051 0.3095791304347826
511.321 0.22745726872246694
513.361 0.240478431372549
519.327 0.0870077103586993
520.328 0.4154565434565435
521.337 0.5985807730426164
522.377 0.792723076923077
523.378 0.4871128871128871
525.057 0.143328171530673
527.017 0.6099673469387755
529.068 0.25894100438810336
531.098 0.5348492610837439
536.53 0.09240353460972019
537.539 0.40131615460852327
538.54 0.6352767232767232
539.58 0.6367846153846154
541.26 0.2598142857142857
546.706 0.0912508262945281
547.716 0.34674059405940594
548.726 0.5784633663366336
549.727 0.8637122877122877
550.746 1.5358115799803729
551.767 2.5599608227228208
552.778 4.239525222551929
553.779 4.824535464535464
555.017 2.902287560581583
560.351 0.5523434570678666
561.352 0.3935904095904096
562.361 0.650782953419227
563.362 0.9511768231768233
564.363 1.2983976023976025
565.383 2.3824470588235296
566.384 4.413986013986014
567.386 2.2209660678642713
569.062 0.5068210023866349
571.012 1.279860512820513
572.023 2.8382354104846685
573.092 1.5082881197380729
578.75 0.4412004241781548
579.759 0.39046977205153616
580.78 0.6967286973555338
581.8 0.901270588235294
582.81 0.7929188118811882
583.852 2.0877543186180425
584.853 3.439896103896104
585.854 3.601334665334665
587.1 2.0966035313001607
589.081 1.0111701161029785
591.02 1.058100051572976
593.041 1.0536843146956951
595.031 1.276
596.033 2.337341317365269
597.041 0.2627301587301587
598.111 1.7774429906542057
599.261 1.826671304347826
600.271 2.481362376237624
601.273 0.2569341317365269
602.281 2.019428571428571
603.292 1.687738872403561
604.302 1.7445386138613863
605.312 0.993528712871287
606.321 1.6269573835480673
607.391 0.7057345794392523
608.392 1.634085914085914
609.393 2.8425974025974026
621.84 0.019998393187113363
622.841 3.039392607392607
623.851 3.3472871287128716
625.02 0.7800513259195894
627.091 1.370441332689522
628.092 3.190001998001998
629.111 1.8216918547595684
630.112 1.967952047952048
631.121 0.6107274529236868
633.042 0.9816262363352422
635.041 1.044486243121561
637.021 1.1390909090909092
639.032 1.107771258080557
641.331 1.017367551109178
643.051 1.4303720930232557
645.082 0.8899891678975874
647.022 1.1890639175257731
649.073 1.3301803998049733
650.082 1.8981169474727453
651.092 1.1114138613861388
652.102 1.148578217821782
653.116 1.1980118343195265
654.122 1.3163260437375746
655.133 0.9462393669634026
657.073 0.9487835051546392
658.074 2.252211788211788
659.077 1.8583609172482551
660.083 1.9852166998011929
661.089 0.6064731610337971
663.015 0.9055451713395638
665.043 0.7762603550295858
666.044 0.7762477522477522
667.054 0.8697584158415841
669.083 0.9227363233119763
670.093 2.1454574257425745
671.114 0.2527796278158668
672.115 1.4431648351648354
673.124 1.1479008919722498
674.133 0.9110961347869178
675.144 1.2773412462908011
676.154 1.7011326732673266
679.104 0.24583322033898306
680.114 1.8854019801980197
681.124 1.0487445544554455
683.084 0.25958775510204085
685.035 0.3369144028703229
687.084 0.26127867252318204
689.084 0.315492
691.105 0.36772686788718456
693.035 0.4269844559585492
694.036 0.8612427572427572
695.065 0.2754052478134111
697.315 0.21490133333333333
703.115 0.07794206896551724
704.185 0.35798130841121495
705.186 0.5526873126873126
706.225 0.6225524542829644
709.095 0.2605435540069686
711.035 0.2834061855670103
713.025 0.31171055276381915
715.015 0.3060582914572864
717.076 0.2460320232896652
719.086 0.23597213930348257
721.036 0.5364553846153846
723.036 0.27733199999999997
725.036 0.29268400000000006
727.087 0.2731233544612384
729.037 0.275876923076923
734.963 0.0827269659129261
735.974 0.35722255192878344
736.994 0.5141176470588236
739.034 0.29787450980392155
740.035 0.8348051948051948
741.036 1.3391488511488514
743.014 0.7688614762386249
745.054 0.25497254901960786
747.064 0.21421691542288557
749.044 0.5237777777777779
751.074 0.255471921182266
753.004 0.43502590673575126
755.055 0.34084056557776693
757.055 0.447172
759.305 0.20358755555555555
764.846 0.07519942248691573
765.858 0.3352411067193676
766.936 0.33974025974025973
767.956 0.390721568627451
769.027 0.4770868347338935
770.037 1.008221782178218
771.046 0.587536174430129
773.617 0.14154803578374173
775.057 0.32888888888888895
777.087 0.4011783251231527
778.117 0.7862679611650485
779.127 0.15255445544554455
780.137 0.7910019801980198
781.147 0.09084356435643565
783.097 0.33341948717948716
785.098 0.2952683658170915
787.017 0.351274622199062
789.018 0.30674262868565716
791.077 0.2309159786304031
793.028 0.24503946694003076
795.018 0.2516422110552764
797.048 0.2706482758620689
799.018 0.26955532994923853
801.042 0.2558498023715415
803.089 0.21924377137274056
805.049 0.2347020408163265
807.038 0.22443841126194067
809.029 0.26575991963837264
811.319 0.20384978165938863
817.828 0.06883023505914888
818.919 0.15046746104491293
819.92 0.20772827172827174
820.959 0.5162579403272377
821.969 0.8331247524752475
822.989 0.689121568627451
823.999 0.8042376237623763
825.01 0.0951454005934718
827.029 0.3023793957404655
828.069 0.5051076923076924
829.34 0.09597482297403619
830.351 0.4005222551928783
831.352 0.32799200799200795
833.079 0.0738390272148234
834.08 0.491988011988012
835.1 0.37306666666666666
836.12 0.5150117647058824
837.13 0.5146772277227722
842.485 0.02793501400560224
843.495 0.6408396039603961
844.515 0.5901176470588235
845.555 0.284123076923077
846.582 0.8844712755598831
847.586 0.8829322709163347
848.595 0.9405827552031715
849.615 1.0407529411764707
850.635 1.180235294117647
851.645 1.0631049504950494
852.656 0.995893175074184
853.665 1.12802378592666
854.676 1.3924193867457961
855.686 1.018550495049505
856.701 1.3909123152709362
857.706 1.0111044776119402
858.716 1.1810851485148515
859.717 1.2791688311688312
860.727 1.162328712871287
861.736 1.4208761149653122
862.756 1.3519058823529413
863.757 1.2873206793206793
864.767 1.5169900990099012
865.776 1.4317224975222993
866.976 0.4118733333333333
867.987 1.24486646884273
869.006 1.0847340529931304
870.007 0.7388851148851149
871.017 1.1269069306930695
872.027 0.9226376237623763
873.037 1.4194693069306932
874.047 1.5179960396039602
875.057 1.723659405940594
876.067 1.1724435643564357
877.068 1.465030969030969
878.077 1.6154529236868185
879.078 2.0671568431568432
880.087 2.0443290386521307
881.088 2.0544735264735263
882.089 1.7596163836163838
883.097 2.5358333333333336
884.177 2.4005777777777775
885.178 2.1428811188811188
886.188 1.6365386138613862
887.197 1.9631952428146682
888.208 0.8990464886251237
889.25 0.3255892514395393
890.251 0.6013186813186814
891.256 2.0830885572139306
892.258 1.911377245508982
893.27 1.4050830039525692
894.278 1.8816666666666666
895.289 1.1907418397626113
896.329 0.399876923076923
897.338 0.8785569871159564
898.34 1.8676886227544909
899.349 1.8195361744301288
900.358 1.778394449950446
901.359 1.8476883116883116
902.399 1.355553846153846
903.409 1.6253465346534652
904.418 1.9740416253716553
905.419 1.3495064935064935
906.549 1.9834194690265488
907.55 2.427140859140859
