0.0 2.0809670329670333
1.019 2.052160942100098
2.03 2.796818991097923
3.031 3.298253746253746
4.13 3.860585987261146
5.141 4.279295746785361
6.142 2.790385614385614
7.161 3.0800392541707557
8.162 3.249278721278721
9.163 3.6916683316683314
10.171 3.4164761904761902
11.174 2.937477045908184
12.178 3.1206221335992024
13.181 2.484817547357926
14.191 2.1492831683168316
15.192 2.3108731268731266
16.193 2.713614385614386
17.201 2.4940714285714285
18.272 2.3186255835667597
19.292 2.9505882352941177
20.293 2.789834165834166
21.341 2.527946564885496
22.342 2.1428811188811188
23.352 2.7302336633663367
24.362 2.940879207920792
25.363 3.5046233766233765
26.371 3.2195793650793654
27.372 2.9028251748251748
28.375 2.7315732801595214
29.382 3.0447110228401195
30.472 3.044029357798165
31.473 2.6786013986013986
32.474 2.2471688311688314
33.482 2.312920634920635
34.523 2.343185398655139
35.542 2.6312855740922476
36.543 2.0798401598401597
37.544 2.5722917082917083
38.657 2.3094699011680144
39.673 2.4764094488188975
40.695 2.456626223091977
41.713 2.2050373280943028
42.714 2.0772827172827175
43.723 1.4713498513379584
44.772 2.3609914204003815
45.783 1.656213649851632
46.797 1.1872189349112425
47.802 1.8872597014925374
48.803 3.333106893106893
49.804 2.3924235764235764
50.805 2.3986493506493507
51.813 2.269142857142857
52.823 2.072308910891089
53.825 2.7312974051896206
54.833 1.71315873015873
55.834 2.2740779220779226
56.843 1.8881744301288403
57.844 2.2052747252747253
58.854 2.358732673267327
59.864 2.589718811881188
60.883 2.669660451422964
61.884 1.880935064935065
62.885 2.2370989010989013
63.894 2.5996114965312187
65.034 2.6653333333333333
66.035 2.711400599400599
67.044 1.823524281466799
68.055 1.9961463897131553
69.244 2.2274314550042056
70.245 2.2850109890109884
71.254 2.016745292368682
72.265 1.8101918892185953
73.304 2.1014282964388835
74.305 2.131948051948052
75.376 1.865949579831933
76.385 2.4512824578790884
77.386 1.949906093906094
78.395 2.2373994053518333
79.396 2.6348691308691308
80.405 2.2055500495540143
81.415 2.174827722772277
82.425 2.08969504950495
83.595 2.1107350427350426
84.596 2.613002997002997
85.597 1.7341218781218781
86.598 2.613002997002997
87.605 2.383594836146971
88.606 2.1491548451548455
89.607 2.657262737262737
90.616 2.4069375619425175
91.617 3.253994005994006
92.626 2.4670128840436076
93.676 2.4744380952380953
94.677 3.1377902097902095
95.678 2.016263736263736
96.687 2.116487611496531
97.696 2.691100099108028
98.697 2.6903336663336663
99.698 2.52453946053946
100.707 2.9618632309217046
101.708 2.722781218781219
102.717 2.5295381565906836
103.718 2.4193726273726273
104.719 2.8535304695304697
105.727 2.1123412698412696
106.729 2.114091816367265
107.738 2.0306204162537163
108.858 2.165057142857143
109.978 2.255671428571428
110.987 2.223508424182359
111.988 2.2402477522477517
112.989 2.645802197802198
113.99 2.390385614385614
115.188 2.735212020033389
116.348 2.1158344827586206
117.349 2.3834085914085916
118.35 2.6740859140859143
119.351 2.7151568431568434
120.359 2.2362619047619043
121.36 3.454849150849151
122.361 2.776255744255744
123.369 3.172912698412698
124.399 2.434609708737864
125.409 2.860609900990099
126.41 2.2016303696303696
127.419 1.8318810703666997
128.429 1.8341386138613862
129.439 2.243405940594059
130.5 2.1117436380772854
131.509 2.0933518334985135
132.52 1.9115093966369932
133.521 1.8305454545454545
134.529 2.2039999999999997
135.53 1.8666053946053947
136.54 2.362170297029703
137.541 2.0872647352647355
138.67 2.47185119574845
139.681 2.0415509396636993
140.682 3.203388611388611
141.7 2.7648408644400786
142.701 2.741194805194805
143.702 3.2922517482517484
144.711 2.6659206349206346
145.721 2.620095049504951
146.722 2.358809190809191
147.741 2.2124278704612363
148.751 1.6914851485148514
149.761 2.101758415841584
150.771 2.6330613861386136
151.781 1.061489108910891
152.791 1.4519762376237624
153.811 0.9478117647058822
154.821 1.3002772277227723
155.831 1.018550495049505
156.851 0.6788784313725491
157.862 0.9417685459940653
158.872 1.3111128712871287
159.882 1.9283960396039606
160.883 1.839032967032967
161.884 2.5146053946053946
162.892 2.004261904761905
163.902 2.253813861386139
164.903 1.846145854145854
165.912 2.201815659068384
166.923 1.928379821958457
167.924 2.0725514485514487
168.933 2.6573637264618433
169.944 2.1550069238377847
170.953 1.8162220019821604
171.973 2.2960941176470584
172.974 1.9956603396603396
173.983 2.3217601585728445
175.053 3.0638280373831774
176.065 3.514624505928854
177.074 2.037518334985134
178.094 2.334682352941176
179.104 2.134621782178218
180.112 1.7982222222222222
181.204 1.7356923076923076
182.214 2.264649504950495
183.224 1.9400079207920793
184.234 1.9457522299306245
185.245 1.769574678536103
186.246 1.7463656343656344
187.255 2.5814390485629337
188.265 2.0128
189.267 2.3264191616766468
190.275 1.756468253968254
191.285 1.3111128712871287
192.345 2.1581962264150945
193.346 2.055416583416583
194.416 1.6886579439252336
195.425 1.7896531219028742
196.426 1.8804875124875124
197.427 2.03586013986014
198.428 2.219412587412587
199.436 1.7154285714285713
200.457 1.5358276199804115
201.466 1.5510327056491575
202.476 1.4194693069306932
203.497 0.9707424094025465
204.507 1.2244277227722773
205.53 1.1446803519061584
206.537 1.0169294935451836
207.546 1.1171774033696729
208.547 0.9730429570429571
209.548 0.544999000999001
210.587 0.4423946102021174
211.597 0.5309465346534654
212.598 0.5357202797202797
213.607 0.7592467789890981
214.648 0.7198463016330452
215.659 0.31392284866468845
216.667 0.5537142857142856
217.668 0.44825574425574427
218.708 0.6313846153846153
219.734 0.384
227.716 0.023389626659984966
228.717 1.8258221778221777
229.718 1.9042717282717283
230.897 1.9401187446988974
231.907 2.6222257425742574
232.908 2.03852947052947
233.916 1.8444761904761904
234.917 2.0047472527472525
235.927 2.122162376237624
237.066 2.1902089552238806
238.116 2.011481904761905
239.287 2.0588830059777963
240.316 2.1205519922254616
241.317 2.60206993006993
242.326 2.0882061446977205
243.336 2.1676594059405936
244.346 1.9438019801980198
245.347 2.1158441558441563
246.356 2.3319722497522295
247.365 1.8935183349851339
248.366 2.5802037962037963
249.395 2.5099941690962098
250.397 2.055944111776447
251.584 2.094827295703454
252.594 2.49219801980198
253.595 1.8233766233766233
254.674 1.7751399443929565
255.675 2.1975464535464533
256.694 1.8070343473994113
257.696 1.8668502994011975
258.733 1.9262025072324012
259.734 2.5802037962037963
260.743 2.1561546085232903
261.744 2.5802037962037963
262.753 0.8170148662041625
263.762 2.3428186323092173
264.763 2.0245594405594405
265.772 2.5163607532210106
266.773 2.2361718281718277
267.782 2.0133756194251733
268.783 2.03582017982018
269.792 2.0760753221010897
270.812 2.0715372549019606
271.822 2.037108910891089
273.032 2.1745256198347107
274.052 2.5536
275.053 2.11004995004995
276.061 2.0905476190476193
277.083 2.0990684931506847
278.084 2.613002997002997
279.091 1.9685958291956307
280.092 1.757138861138861
281.1 2.0927936507936504
282.112 2.0671620553359684
283.12 2.432
284.131 1.9852660731948568
285.132 1.9996563436563437
286.141 2.0517380952380955
287.15 2.6248245787908826
288.16 2.1953267326732675
289.289 1.5301541186891054
290.29 1.967952047952048
291.299 2.3082656095143705
292.3 2.5802037962037963
293.309 1.1779425173439049
294.329 2.381929411764706
295.33 1.9621738261738262
296.34 1.981140594059406
297.349 2.2721665014866206
298.369 2.628705882352941
299.378 2.2448999008919723
300.38 2.637141716566866
301.388 2.115214285714286
302.39 1.9004550898203592
303.398 1.8933333333333333
304.409 2.164985163204747
305.418 1.9622438057482656
306.438 1.7810823529411763
307.448 1.2016079207920793
308.467 1.363972522080471
310.107 0.3136390243902439
311.117 1.554582178217822
312.136 1.2350932286555447
313.147 1.441140594059406
314.157 1.1217346534653465
315.167 1.1594138613861387
316.176 0.9160515361744301
317.177 2.0999960039960044
318.326 2.01584682332463
319.327 2.4277402597402595
320.746 1.5945482734319945
321.757 2.5317111770524234
322.758 2.382361638361638
323.759 2.7367432567432566
324.766 2.1904349553128104
325.767 1.8767952047952048
326.768 2.2303456543456543
327.776 1.8017063492063492
328.786 1.8962376237623761
329.796 1.9937584158415842
330.797 1.7937022977022978
331.925 2.345007092198582
332.926 2.4490069930069933
333.935 1.7291179385530229
335.125 1.3843899159663864
336.126 1.9351528471528474
337.255 1.547790965456156
338.265 1.6253465346534652
339.267 1.5837125748502994
340.275 1.5303968253968254
341.295 0.9656470588235294
342.296 0.8637122877122877
343.306 0.12977425742574256
344.314 1.2393333333333332
345.324 0.7801663366336633
346.325 1.3775664335664335
347.344 0.9426261040235526
348.355 0.703620178041543
349.364 0.7700931615460852
350.384 0.7617882352941177
351.404 0.8476235294117647
352.457 0.6292725546058879
353.464 1.054188679245283
354.474 1.0944
355.484 0.9968792079207921
356.504 0.7735294117647059
357.514 0.9210297029702971
358.524 1.1269069306930695
359.534 1.0134019801980199
360.535 1.169838161838162
361.544 1.6486501486620417
362.564 0.7441176470588234
363.583 0.8377154072620215
364.584 1.1917042957042958
365.594 1.9191841584158416
366.693 1.7314649681528662
367.713 1.4913882352941177
368.714 0.9204635364635364
369.723 2.060812685827552
370.733 1.381259405940594
371.743 1.3014336633663366
372.745 1.5946347305389224
373.753 1.2148253968253968
374.763 1.7011960396039605
375.773 1.1101623762376238
376.775 1.332502994011976
377.783 0.8836904761904761
378.785 1.589820359281437
379.793 1.5091428571428571
380.803 1.2063445544554456
381.804 1.5524955044955044
382.813 1.1714013875123885
384.043 1.3169235772357724
385.253 2.523345454545455
386.263 2.7522534653465343
387.273 1.2327524752475247
388.274 2.261442557442557
389.275 2.30595004995005
390.283 2.6803730158730157
391.284 2.2098541458541456
392.298 2.175976331360947
393.314 2.472913385826771
394.315 2.474293706293706
395.332 1.8616637168141592
396.493 0.9998484065460809
397.513 2.027858823529412
398.532 1.7291305201177625
399.533 0.8527392607392608
400.534 1.6071608391608392
401.543 1.7293320118929634
402.553 1.9495762376237624
403.903 2.4647940740740744
404.904 3.695376623376623
405.923 1.6139038272816488
406.924 2.011684315684316
407.933 2.567064420218038
408.943 2.6347247524752477
409.944 2.7401238761238758
411.032 2.2641102941176467
412.033 2.1761998001998
413.043 2.2545188118811876
414.052 1.9845470763131812
415.062 2.005560396039604
416.063 2.0882157842157842
417.064 1.4766833166833166
418.282 1.361655172413793
419.292 1.1919207920792079
420.293 1.0386413586413588
421.302 0.7075599603567889
422.312 1.8203881188118811
423.313 1.702889110889111
424.323 1.6422970297029704
425.324 1.4398001998002
426.325 1.98384015984016
427.423 2.1495446265938067
428.582 2.3387057808455567
429.692 2.576634234234234
430.693 2.438073926073926
431.712 0.966594700686948
432.722 0.9988752475247524
433.723 2.9081958041958043
434.732 2.1348899900891967
435.733 3.1915604395604396
436.742 2.3625847373637265
437.743 2.4656543456543454
438.744 3.0035644355644355
439.753 3.117629335976214
440.764 2.9727636003956475
441.923 2.587879206212252
442.983 2.298211320754717
443.984 2.591136863136863
444.992 2.6293015873015873
445.993 2.461202797202797
447.013 3.3583058823529415
448.023 0.9282217821782178
449.024 1.629026973026973
450.044 2.7714509803921565
451.045 3.127296703296703
452.052 2.7953922542204572
453.053 2.0406153846153847
454.062 2.0933518334985135
455.063 1.6862817182817182
456.073 1.770059405940594
457.513 1.6106555555555557
458.514 1.9898181818181815
459.532 1.7853988212180745
460.552 0.46136470588235295
461.572 0.43990588235294115
462.892 0.6470484848484849
463.902 0.5309465346534654
464.943 0.29436311239193086
466.022 0.11156997219647821
467.024 0.6880958083832336
468.053 0.659405247813411
469.062 0.3145450941526263
470.163 0.15463033605812898
471.192 0.21271137026239065
472.203 0.45464688427299704
473.233 0.3825087378640777
474.234 0.10933066933066934
475.443 1.3243209263854427
476.444 1.9242197802197802
477.445 1.9359360639360639
478.455 2.5314455445544555
479.473 1.8050530451866404
480.474 2.3724755244755245
481.483 2.5488999008919726
482.533 1.2348419047619048
483.543 1.9829227722772276
484.553 1.8095524752475247
485.563 1.8745663366336636
486.573 1.9070732673267328
487.584 1.8711612265084074
488.585 2.5583376623376624
490.714 0.750504462188821
491.723 6.201704658077304
492.724 2.1538141858141855
493.725 3.247120879120879
494.734 2.3306085232903864
495.744 3.142336633663366
496.753 2.5278810703666994
497.754 3.236187812187812
498.763 2.5674687809712586
499.764 2.6676683316683314
500.766 2.377285429141717
501.774 2.7142857142857144
502.793 1.8800314033366046
503.794 2.1538141858141855
504.796 2.9709061876247507
505.804 3.4634285714285715
506.805 3.080919080919081
507.815 2.999160396039604
508.905 3.810708256880734
509.914 3.3732249752229935
510.915 2.7416583416583413
511.916 3.1924555444555445
512.917 3.2590289710289713
513.934 2.7153274336283184
514.935 2.6348691308691308
515.944 2.347694747274529
517.035 3.279083409715857
518.036 4.1764315684315685
519.045 2.506235877106046
520.054 2.82005946481665
521.649 0.32934921630094044
522.655 5.0886520874751495
523.656 2.9191288711288714
524.665 2.2527096134786917
525.666 2.7429770229770227
526.695 3.169399416909621
527.715 1.8633725490196076
528.724 1.9848880079286424
529.776 2.4712471482889735
530.785 3.546767096134787
531.786 2.788875124875125
532.805 2.2553876349362123
533.815 1.0254970297029704
534.825 1.3544554455445545
535.835 1.2786059405940593
536.865 0.7862679611650485
537.866 1.1421218781218783
538.875 2.5488999008919726
540.085 2.384099173553719
541.086 1.5435764235764236
542.145 1.404985835694051
543.236 1.370133822181485
544.305 1.2926248830682883
545.306 1.2236643356643355
546.475 0.9095431993156544
547.476 1.354885114885115
548.486 1.6701782178217823
549.536 1.365127619047619
550.686 1.4619478260869563
551.767 1.3839703977798337
552.987 1.5543737704918033
554.206 1.5146382280557835
555.207 3.487648351648352
556.209 3.0691257485029944
557.216 1.2946176762661372
558.217 4.056167832167833
559.327 3.0693477477477478
560.337 1.3436198019801981
561.346 0.8460178394449951
562.356 1.289441584158416
563.357 0.5357202797202797
564.366 2.185902874132805
565.367 1.322901098901099
566.368 2.4162077922077927
567.369 3.115924075924076
568.417 2.210786259541985
569.418 1.7296863136863136
570.427 1.679571853320119
571.428 1.2678281718281719
572.649 1.0516101556101556
573.657 0.9145873015873016
574.689 0.8200775193798449
575.698 0.838786917740337
576.768 0.6249719626168225
577.769 1.0660059940059938
578.778 1.2329435084241824
579.957 0.7885530110262935
581.169 0.7979075907590759
582.177 0.6956904761904762
583.198 0.6898256611165524
584.228 0.5937009708737865
585.248 0.34996862745098034
586.259 0.4978595450049456
586.492 0.990420600858369
