0.0 0.6878255698711596
1.272 0.40437735849056605
2.28 0.9988571428571429
3.281 0.9949090909090907
4.29 0.5685153617443013
5.291 0.9949090909090907
6.301 1.018550495049505
7.4 0.7211210191082803
8.411 1.4721899109792285
9.421 2.095778217821782
10.422 2.5583376623376624
11.43 2.023936507936508
12.431 2.2130189810189806
13.432 2.6676683316683314
14.433 2.3988811188811185
15.441 2.0347936507936506
16.49 2.017860819828408
17.491 2.45994005994006
18.492 2.6284755244755242
19.493 2.4426213786213786
20.52 2.231587147030185
21.521 2.110081918081918
22.522 2.169286713286713
23.541 2.238367026496565
24.542 2.5583376623376624
25.543 3.273526473526474
26.55 3.4279086395233365
27.551 3.273526473526474
28.552 3.4593886113886114
29.553 3.726321678321679
30.641 2.921235294117647
31.642 3.1924555444555445
32.645 2.8196370887337983
33.65 2.7051303482587064
34.652 2.5166307385229545
35.69 1.686936416184971
36.75 0.20045283018867924
37.76 2.1021148514851484
38.761 2.7924715284715287
39.762 2.847136863136863
40.77 3.1747936507936507
41.78 2.756752475247525
42.781 2.7159400599400603
43.791 3.645275247524753
44.793 3.401325349301397
45.8 3.4279086395233365
46.801 2.6612747252747253
47.821 2.7038117647058826
48.822 2.3879480519480523
49.841 2.6035250245338566
50.861 2.5580549019607846
51.87 2.781177403369673
52.94 2.6635364485981308
53.941 3.247120879120879
54.99 3.14893422306959
55.991 3.7764475524475527
56.992 2.9564675324675327
58.0 2.7251428571428575
59.001 2.43168031968032
60.003 2.34187624750499
61.014 2.537527200791296
62.02 2.7088031809145128
63.03 2.4208475247524754
64.031 2.4426133866133863
65.04 2.3364757185332015
66.041 2.3615424575424577
67.042 1.9943576423576423
68.05 2.078222222222222
69.051 2.427140859140859
70.052 2.070737262737263
71.06 1.5898015873015872
72.08 2.1673411764705883
73.081 2.169286713286713
74.09 2.2171655104063426
75.091 2.4052747252747255
76.1 1.935159563924678
77.11 2.063271287128713
78.12 2.0154297029702968
79.131 1.4983343224530168
80.15 1.525071638861629
81.17 0.6544941176470588
82.179 0.8939068384539148
83.189 1.24609900990099
84.19 1.2026373626373628
85.211 0.6431341821743389
86.23 0.3588773307163886
87.249 0.6014367026496565
88.61 0.36989272593681116
89.613 0.13067996011964106
90.618 4.6483505976095625
91.633 1.5894699507389163
92.649 0.9909921259842519
93.659 0.7910019801980198
95.15 0.3480295103957076
96.159 0.661629335976214
97.185 0.24533333333333335
98.249 0.11314285714285713
99.259 0.6284673267326734
101.66 0.013674302374010827
102.679 0.5906967615309127
103.729 0.588007619047619
104.731 0.8519281437125749
105.739 1.064
106.769 1.311316504854369
107.77 0.9511768231768233
108.779 0.9544816650148662
109.799 1.266070588235294
110.81 1.1519366963402573
111.819 1.1605629335976215
112.829 0.899358415841584
113.839 0.6438019801980198
114.859 1.0622117647058824
115.889 1.1369009708737865
116.899 0.9688712871287128
117.919 1.0622117647058824
118.93 1.24486646884273
119.944 0.9758422090729784
120.949 0.9800597014925374
121.959 1.1160712871287128
122.96 1.097846153846154
123.979 1.3424926398429833
124.999 0.7832470588235294
126.014 0.6001733990147783
127.019 0.8466865671641791
128.05 0.8173501454898158
129.059 1.0412527254707633
130.06 1.2727752247752249
131.069 1.0195599603567889
132.089 0.901270588235294
133.099 0.6329663366336633
134.109 0.6934811881188119
135.139 0.7012660194174758
136.149 0.6718099009900991
137.159 0.6826455445544554
138.169 0.6112871287128713
139.189 0.7725176470588235
140.199 1.0402217821782178
141.209 1.0077148514851484
142.219 1.1097346534653465
143.229 0.9427009900990099
144.23 1.0605074925074924
145.249 1.0891933267909715
146.258 1.301565906838454
147.269 1.2601859545004945
148.289 1.1587764705882353
149.299 1.1377425742574259
150.309 1.0555564356435643
151.319 1.1377425742574259
152.338 1.2995328753680078
163.399 1.2026373626373628
164.418 1.0739941118743868
165.428 0.9797069306930694
166.438 1.2677702970297031
167.439 1.322901098901099
168.459 0.7984313725490195
169.478 1.0417742885181551
170.479 1.2135704295704295
171.489 1.2614336633663363
172.518 1.1273702623906705
173.529 0.8010445103857566
174.538 0.9155996035678889
175.55 0.75699604743083
176.558 0.8034285714285715
177.568 0.9210297029702971
178.569 0.8026533466533466
179.578 0.8677106045589693
180.588 0.8668514851485148
181.598 0.9472
182.618 0.8690823529411764
183.628 1.018550495049505
184.638 1.1594138613861387
185.639 1.3821058941058941
186.648 1.7137284440039644
187.649 1.4477042957042956
188.65 1.4322317682317682
189.658 1.122793650793651
190.668 1.2352633663366337
191.678 1.170249504950495
192.689 1.2385361028684472
193.698 1.2581803766105053
194.718 1.1739607843137254
195.723 1.3067462686567164
196.728 1.1325134328358208
197.729 1.1962437562437562
198.748 0.9773346418056917
199.758 1.0727287128712872
200.768 1.044720792079208
201.77 1.2669700598802396
202.778 1.3245714285714287
203.787 1.1433736372646186
204.788 1.1370389610389613
205.798 0.9643722772277228
206.799 0.9994485514485515
207.808 0.9327888999008919
208.818 1.0293861386138614
209.828 0.9905425742574258
210.83 1.2778922155688621
211.837 1.1193962264150943
212.848 0.9570880316518299
213.858 0.9535366336633664
214.878 0.9549176470588235
215.888 0.6501386138613862
216.898 0.6871445544554456
217.908 0.6826455445544554
218.928 0.7188705882352942
219.938 0.6718099009900991
220.958 0.6866823529411764
221.967 0.7637502477700693
222.978 0.7252700296735906
223.987 0.7809395441030723
224.988 0.7871808191808192
225.997 0.6444400396432111
227.007 0.7368237623762376
228.008 0.8199800199800199
229.017 0.9544816650148662
230.027 0.8063366336633663
231.028 1.0714405594405594
232.037 0.9653280475718532
233.128 0.7565022914757102
234.137 0.8894033696729435
235.138 0.9402437562437562
236.148 0.8235089108910891
237.157 0.7095183349851338
238.167 0.7151524752475248
239.177 0.6826455445544554
240.187 0.845180198019802
241.188 0.8637122877122877
242.197 0.5142834489593657
243.217 0.6115764705882353
244.227 0.5201108910891089
245.237 0.7259881188118812
246.247 0.7043168316831683
247.257 0.5462811881188119
248.267 0.7801663366336633
249.277 0.6826455445544554
250.297 0.6115764705882353
251.307 0.6934811881188119
252.317 0.4270891089108911
253.357 0.38935384615384616
254.367 0.4550970297029703
255.387 0.33261176470588233
256.397 0.30339801980198017
257.427 0.2975067961165049
258.468 0.29436311239193086
259.488 0.2575058823529412
260.528 0.2209846153846154
261.577 0.15649189704480457
262.587 0.14086336633663368
263.637 0.10855619047619047
264.657 0.13948235294117647
265.688 0.16983899127061103
266.737 0.1877902764537655
267.757 0.2467764705882353
268.817 0.20649056603773586
269.827 0.20587722772277228
270.861 0.24343520309477756
271.877 0.25851968503937006
272.907 0.2656310679611651
273.947 0.2736
274.987 0.24203076923076924
276.007 0.20385882352941176
277.048 0.16820749279538905
278.097 0.1773574833174452
279.137 0.12012307692307692
280.147 0.2167128712871287
281.187 0.2525538461538462
282.207 0.2467764705882353
283.226 0.24701864573110893
284.227 0.24052747252747253
285.267 0.2630769230769231
286.287 0.2575058823529412
287.307 0.26823529411764707
288.316 0.27115956392467794
289.337 0.3322859941234085
290.356 0.39737782139352307
291.357 0.3215984015984016
292.367 0.3684118811881188
293.368 0.31705894105894106
294.408 0.31569230769230766
295.416 0.31485714285714284
296.477 0.2578699340245052
297.487 0.24921980198019802
298.546 0.20668555240793202
299.557 0.20567359050445103
300.616 0.21701983002832861
301.647 0.28660329776915616
302.696 0.3590467111534795
303.707 0.45464688427299704
304.716 0.5097799801783944
305.736 0.5579294117647059
306.756 0.6008470588235294
307.787 0.5095169738118331
308.816 0.478600583090379
309.827 0.42666666666666664
310.847 0.6008470588235294
311.856 0.5423191278493559
312.859 0.37098305084745764
313.867 0.42342857142857143
314.896 0.319067055393586
315.917 0.32156709108716947
317.388 0.21884432358939496
318.427 0.3159961501443696
319.436 0.2603131813676908
320.466 0.31875728155339805
321.506 0.399876923076923
322.516 0.3792475247524753
323.526 0.3575762376237624
324.546 0.4077176470588235
325.586 0.33673846153846154
326.616 0.3400077669902912
327.626 0.2537188118811881
328.676 0.21888
329.686 0.14086336633663368
330.696 0.17337029702970297
331.717 0.21437806072477963
332.756 0.09479884504331088
333.766 0.1191920792079208
334.776 0.20454653465346537
336.681 0.06880419947506562
337.716 0.7628676328502416
338.726 0.19504158415841583
339.746 0.16094117647058823
340.836 0.11884036697247707
341.946 0.12978738738738738
342.966 0.10729411764705882
343.996 0.13812815533980582
345.126 0.07747964601769912
346.206 0.0650148148148148
379.448 0.0009876662054028038
380.458 0.5851247524752475
381.468 1.24609900990099
382.469 2.4535464535464535
383.471 3.6962235528942116
384.473 4.209540918163672
385.609 3.582161971830986
386.61 4.016975024975025
387.611 4.78228971028971
388.628 4.227272369714848
389.629 3.9841758241758245
390.639 4.176221782178218
391.693 4.022648956356736
392.699 3.355165009940358
393.7 3.9449830169830173
394.719 4.407835132482827
395.728 4.429827552031714
396.729 3.9732427572427573
397.73 3.3764635364635365
398.749 3.9674896957801766
399.75 4.268435564435564
400.751 4.301234765234765
401.752 4.294841158841159
402.753 4.421498501498501
403.758 3.837643781094527
404.76 4.16587624750499
405.768 4.178158730158731
406.779 4.583438180019782
407.788 4.304174430128841
408.789 4.312167832167831
409.79 4.366833166833167
410.792 4.220487025948104
411.798 3.903618290258449
412.8 3.7071457085828343
413.801 3.699916083916084
414.808 3.569191658391261
415.809 3.5249870129870127
416.81 3.9404435564435563
417.811 3.7655144855144855
418.918 3.1619006323396563
419.92 3.8967112887112885
420.928 3.9782222222222225
421.929 3.9951088911088912
422.987 4.218616257088847
423.988 3.743648351648352
424.989 3.4156563436563436
425.998 4.1044360753221
426.999 4.290301698301699
428.027 3.9478287937743195
429.028 4.4761638361638365
430.029 4.268435564435564
431.058 4.241788143828961
432.06 3.9185774225774224
433.061 3.6561918081918083
434.062 3.546853146853147
435.063 3.0767312687312685
436.067 3.6779601593625495
437.078 4.150441147378833
438.079 3.6452507492507493
439.081 3.2047265469061874
440.087 3.1158330019880713
441.088 3.1204635364635362
442.089 4.0788891108891105
443.09 3.3254825174825173
444.092 4.08942115768463
445.096 4.081274900398406
446.098 4.613684630738523
447.099 3.802853146853147
448.1 4.858821178821179
449.101 3.7873806193806194
450.107 3.1375904572564615
451.117 2.2257346534653464
452.118 2.38801998001998
453.127 2.5055143706640237
454.139 2.0375652173913044
455.147 2.078222222222222
456.158 2.775675568743818
457.167 2.418743310208127
458.177 1.142241584158416
459.178 2.0007512487512487
460.187 1.935159563924678
461.198 1.5154896142433234
462.199 1.3055744255744255
463.207 1.5634285714285714
464.208 1.6882317682317682
465.217 1.7245748265609513
466.227 1.4781465346534652
467.228 2.1647472527472527
468.237 2.0978553022794846
469.238 1.9178261738261737
470.239 1.8258221778221777
471.247 1.6439365079365078
472.258 2.0026112759643917
473.259 1.9615584415584417
474.267 2.1171428571428574
475.268 2.049022977022977
476.279 2.0720553907022747
477.346 2.312037488284911
478.348 2.60206993006993
479.367 2.0341589793915604
480.377 1.8575445544554454
481.378 2.5583376623376624
482.379 2.3442157842157845
483.387 2.773079365079365
484.388 2.9455344655344655
485.407 3.462712463199215
486.417 2.821766336633663
487.418 3.5140539460539464
488.427 3.258418235877106
489.428 3.0111328671328668
490.457 2.57822351797862
491.467 2.7115956392467786
492.468 2.890869130869131
493.477 2.3581684836471757
494.487 2.171627722772277
495.547 2.7402867924528302
496.548 2.8425974025974026
497.557 2.770331020812686
498.558 1.8412947052947053
499.559 2.325066933066933
500.566 2.4317140019860974
501.567 2.1364875124875122
502.568 2.3988811188811185
503.569 2.3943416583416584
504.576 2.243304865938431
505.577 2.234885114885115
506.777 2.101386666666667
507.786 2.5163607532210106
508.787 2.1255544455544455
509.797 2.2908198019801977
510.806 2.6682101090188306
511.807 2.191152847152847
512.816 2.108701684836472
513.817 2.9127352647352645
514.818 3.2844595404595407
515.858 2.6456615384615385
517.046 2.739824915824916
518.048 4.180971028971029
519.049 4.202837162837162
520.05 3.907644355644355
521.051 4.1199120879120885
522.056 4.436569154228856
523.059 4.030787637088733
524.061 3.2593373253493017
525.067 3.289892644135189
526.077 3.28769900990099
527.078 3.350057942057942
528.086 3.543936507936508
529.087 3.53592007992008
530.116 3.7525519922254618
531.118 3.9255888223552895
532.127 3.3126580773042615
533.128 3.67804995004995
534.137 3.3994212091179383
535.138 3.6889830169830167
536.139 3.852979020979021
537.146 3.4605124131082428
538.157 2.6890761622156285
539.158 3.229794205794206
540.159 3.0548651348651346
541.166 2.9279841112214497
542.176 2.98430099009901
543.177 2.5300779220779224
544.186 2.7983666997026755
545.187 2.770605394605395
546.188 3.8930269730269726
547.189 3.3473246753246757
548.246 3.048348155156102
549.317 3.0595704948646127
550.336 3.2049617271835134
551.378 3.155224568138196
552.379 4.1153726273726265
553.386 4.308202581926515
554.388 3.576079840319361
555.396 3.3593650793650798
556.397 3.404723276723277
557.407 3.4719049504950497
558.416 3.334342913776016
559.436 3.710556862745098
560.437 3.5687192807192805
561.438 4.3559000999001
562.457 5.078170755642787
563.467 4.7180039603960395
564.476 5.009189296333003
565.477 4.869754245754246
566.485 4.916444444444445
567.486 4.902553446553447
568.487 3.96230969030969
569.488 2.890869130869131
570.496 2.6210793650793653
571.497 2.28955044955045
572.506 2.679056491575818
573.515 2.4015540138751237
574.516 2.508211788211788
575.517 2.803404595404596
576.546 2.291063168124393
577.555 2.7766739345887017
578.566 3.609194856577646
579.567 2.9127352647352645
580.575 2.588507936507936
581.586 2.5916518298714144
582.606 2.38638431372549
583.696 2.4238972477064222
584.766 3.0549148737137513
585.767 2.6786013986013986
586.776 1.5665332011892963
587.777 3.1423296703296706
588.778 2.7159400599400603
589.786 2.8011428571428576
590.795 2.032777006937562
591.796 2.234885114885115
592.805 2.3319722497522295
593.815 2.063271287128713
