0.0 2.3753577799801784
1.001 2.278617382617383
2.009 2.262793650793651
3.07 2.3251121583411876
4.071 2.6239360639360636
5.08 2.369014866204162
6.09 2.269148514851485
7.139 2.393441372735939
8.15 2.5005578635014833
9.151 2.420747252747253
10.16 2.325629335976214
11.229 2.369137511693171
12.23 2.60206993006993
13.231 2.3879480519480523
14.232 2.355148851148851
15.279 2.366655205348615
16.28 2.6348691308691308
17.282 2.1234091816367267
18.289 2.3628758689175773
19.29 2.645802197802198
20.291 2.366081918081918
21.3 2.3798612487611495
22.309 2.325629335976214
23.31 2.591136863136863
24.311 2.169286713286713
25.319 2.1542301587301584
26.379 2.2343849056603773
27.38 2.5255384615384613
28.389 2.1846263627353815
29.4 2.245254203758655
30.409 2.2668939544103073
31.411 2.199888223552894
32.412 2.1146213786213783
33.421 2.136737363726462
39.034 0.02335150543381436
42.15 0.1560770218228498
43.162 1.9465612648221347
44.241 4.248081556997219
45.242 4.541762237762238
46.252 5.129758415841584
47.261 4.390945490584738
48.262 3.7873806193806194
49.263 3.732715284715285
50.264 4.399632367632367
51.271 3.823666335650447
52.273 4.428007984031936
53.351 4.5870426716141
54.388 3.28627193828351
55.391 6.153964071856288
56.392 4.4151048951048955
57.393 4.410565434565435
58.401 4.503873015873016
59.402 5.263344655344656
60.411 4.542794846382557
61.412 4.705758241758242
62.413 4.126305694305695
63.414 4.294841158841159
64.422 4.065079365079365
65.432 4.067865346534653
66.442 3.883659405940594
67.443 3.9185774225774224
68.47 3.450827653359299
69.48 3.558590099009901
70.481 3.0002077922077923
71.511 3.1494834951456308
72.56 3.1133040991420398
73.561 3.2844595404595407
74.563 3.4375224775224775
75.571 3.793650793650794
76.572 4.290301698301699
77.581 3.4428067393458868
78.582 3.3937902097902097
79.591 3.4753458870168483
80.592 3.7764475524475527
81.6 3.0987936507936507
82.601 2.0162237762237765
83.61 2.238858275520317
84.611 3.4156563436563436
85.612 4.24656943056943
86.613 3.4703216783216786
87.631 3.6703811394891943
88.644 3.8613543928923986
89.711 3.5471115276476106
90.713 4.515385229540918
91.714 4.202837162837162
92.79 4.076847583643122
93.8 0.9752079207920793
94.84 1.3364307692307693
95.86 1.495843137254902
96.93 2.4692037383177574
97.94 2.416348514851485
98.941 2.5956763236763236
99.95 2.878794846382557
100.951 2.1255544455544455
101.97 2.979422963689892
102.971 3.863912087912088
103.98 4.364749256689792
104.991 4.0421918892185955
106.001 3.9965148514851485
107.061 3.0913207547169814
108.07 4.191207135777998
109.071 3.9732427572427573
110.072 4.443364635364635
111.08 4.286730158730159
112.081 4.454297702297702
113.082 4.235636363636364
114.083 4.316707292707292
115.084 4.5854945054945055
116.09 4.530067594433399
117.091 3.6825894105894106
118.092 4.716691308691309
119.1 4.336507936507936
120.101 3.1423296703296706
121.11 2.423246778989098
122.111 2.650341658341658
123.12 2.4774786917740337
124.121 3.4812547452547453
125.13 3.312650148662042
126.22 2.383735779816514
127.221 3.5905854145854144
128.26 2.837805582290664
129.261 3.4703216783216786
130.262 3.9185774225774224
131.263 4.727616383616383
132.27 3.905946375372393
133.271 2.202237762237762
134.28 3.6597343904856294
135.29 3.5260831683168314
136.291 2.7815384615384615
137.292 3.546853146853147
138.3 4.119365079365079
139.301 3.573258741258741
140.302 3.6671168831168828
141.31 3.2942222222222224
142.329 2.52834543670265
143.33 1.5634285714285714
145.135 0.07261606648199447
146.141 2.18051689860835
147.159 0.8600392927308447
148.169 1.1594138613861387
149.17 2.191152847152847
150.179 2.5534033696729432
151.18 2.519144855144855
152.189 2.603131813676908
153.19 2.3114165834165834
154.199 1.9568523290386521
155.214 1.2723073891625616
156.219 0.9691701492537314
157.229 1.5106534653465347
158.259 2.21446213592233
159.26 2.5474045954045956
160.28 2.772643137254902
161.281 2.8143376623376626
162.289 3.196507936507936
163.3 4.572613254203758
164.301 3.350057942057942
165.302 3.573258741258741
166.379 3.012040854224698
167.381 3.67804995004995
168.46 2.661605189990732
169.469 1.7354212091179386
170.519 1.453104761904762
171.529 1.7228673267326733
172.538 1.4642616451932606
173.539 1.229042957042957
174.54 1.6836923076923076
175.549 1.0674489593657086
176.55 1.5415624375624375
177.589 1.0366275264677574
178.611 0.6853385518590998
179.668 0.5487530747398297
180.688 0.3004235294117647
181.709 0.8467933398628795
182.719 1.001378217821782
183.738 0.5369970559371934
184.74 0.8191616766467067
185.749 0.6941684836471754
187.228 0.12579310344827585
188.641 0.5918527954706299
189.649 1.3245714285714287
190.658 1.3774905847373637
191.668 0.6979801980198019
192.678 0.6609742574257427
193.679 1.7711568431568432
194.68 2.519144855144855
195.689 2.3364757185332015
196.759 2.2135028037383178
197.76 2.645802197802198
198.769 2.8137165510406343
199.77 3.218869130869131
200.779 2.6618671952428152
201.788 2.6293280475718532
202.799 2.743177052423343
203.839 2.719346153846154
204.841 2.9380598802395212
205.842 2.4754125874125874
206.849 2.5150029791459785
207.859 2.5508752475247527
208.86 2.5474045954045956
209.869 2.30393657086224
210.879 3.374384158415842
211.889 3.4177267326732674
212.899 3.5477544554455442
213.909 2.865108910891089
214.91 2.3988811188811185
215.918 2.2627698412698414
216.958 2.5194076923076927
217.96 2.569270729270729
218.968 2.2953650793650793
219.969 2.2130189810189806
220.978 2.418743310208127
221.979 2.508211788211788
222.981 2.243552894211577
223.988 2.7975928500496523
224.989 3.623376623376623
226.009 2.858478431372549
227.011 3.2593373253493017
228.012 4.24656943056943
229.019 4.666852035749752
230.02 3.616991008991009
231.021 3.2516603396603396
232.023 3.455936127744511
233.028 3.4129512437810945
234.04 3.3352727272727276
235.078 2.5874990366088633
236.079 3.754581418581419
237.081 3.630690618762475
238.082 2.869002997002997
239.088 3.0723180914512924
240.089 3.0138501498501498
241.09 2.3697582417582415
242.091 2.9892667332667333
243.099 4.151936507936508
244.138 3.432038498556304
245.168 3.1919844660194174
246.199 3.1707339805825243
247.2 3.6124515484515487
248.201 4.038841158841159
249.209 5.009650793650794
250.21 3.4156563436563436
251.218 3.2182222222222223
252.219 3.573258741258741
253.22 4.082573426573426
254.238 3.756385068762279
255.248 2.9409584158415845
256.25 3.0845828343313375
257.258 3.163936507936508
258.259 2.8252707292707293
259.26 3.4156563436563436
260.262 3.8600558882235525
261.268 3.6924055666003976
262.269 4.4761638361638365
263.278 3.0089514370664023
264.28 2.4074091816367265
265.287 2.4606713008937438
266.288 2.219412587412587
267.289 2.9892667332667333
268.299 3.1576712871287125
269.3 3.186061938061938
270.302 3.4231696606786426
271.308 3.3660437375745524
272.368 3.5085886792452827
273.369 2.2740779220779226
274.388 1.86246908734053
275.389 1.978885114885115
276.397 1.557079365079365
277.407 1.8854019801980197
278.418 1.9638061325420375
279.428 1.9765861386138615
280.437 1.7679603567889
281.447 1.8032158415841584
282.448 1.7383576423576423
283.458 1.5106534653465347
284.459 2.241278721278721
285.46 2.366081918081918
286.462 3.3030259481037922
287.468 3.1702266401590458
288.469 2.8362037962037965
289.48 2.710726013847675
290.487 3.177946375372393
291.488 2.8907972027972026
292.497 2.618553022794847
293.501 3.3618486055776895
294.548 3.014723973256925
295.627 3.02674328081557
296.687 3.0913207547169814
297.688 3.203388611388611
298.689 2.6831408591408588
299.697 2.555936507936508
300.717 2.20398431372549
301.757 2.2984
302.758 2.6676683316683314
303.759 2.7924715284715287
304.767 2.1975
305.817 2.047352380952381
306.827 2.210471287128713
307.828 2.5847432567432564
308.829 2.4644795204795207
309.837 2.4537142857142857
310.838 2.3879480519480523
311.847 2.0978553022794846
312.848 2.7050069930069927
313.849 2.726873126873127
314.85 2.809798201798202
315.857 2.5584746772591855
316.858 3.623384615384615
317.867 3.9851258671952428
318.877 3.262376237623762
319.878 2.30415984015984
320.887 2.2713974231912784
321.897 1.9549148514851487
322.9 3.2438802395209585
323.907 1.9607388282025822
324.908 2.803404595404596
325.917 3.160800792864222
326.919 4.690139720558882
327.92 4.1964435564435565
328.921 5.143080919080918
329.928 4.888722939424032
330.937 4.722679881070366
332.037 3.968
333.039 4.869754245754246
334.04 4.093506493506494
335.087 3.9389035339064
336.089 3.3139481037924154
337.091 4.1767984031936125
338.097 4.497431411530815
339.098 3.929510489510489
340.099 3.5796523476523476
341.101 3.8099800399201595
342.103 4.100343313373253
343.106 4.096255234297109
344.117 4.193740850642928
345.118 3.350057942057942
346.127 3.0197978196233892
347.136 2.889641228939544
348.137 2.3879480519480523
349.138 2.3004835164835162
350.156 1.5158192534381139
351.166 0.845180198019802
352.167 1.2837082917082916
353.176 2.390707631318137
354.178 2.7523832335329343
355.197 2.259846908734053
356.198 2.639408591408591
357.206 2.2953650793650793
358.207 2.099148851148851
359.217 1.640681188118812
360.246 1.3719883381924198
361.266 0.8798117647058823
362.277 1.076162215628091
363.286 1.3774905847373637
364.296 2.410019801980198
365.316 1.9250196078431372
366.317 2.0882157842157842
367.326 2.065316154608523
368.327 2.4863456543456546
369.406 2.7123188137164043
370.407 3.083124875124875
371.416 2.5534033696729432
372.426 2.171627722772277
373.427 2.803404595404596
374.498 2.3055551401869163
375.506 2.3668571428571425
376.516 1.8899009900990098
377.517 2.4098141858141857
378.518 3.339124875124875
379.596 2.8265083487940634
380.628 2.9056744186046513
381.636 3.3050793650793655
382.666 3.3876271844660195
383.667 3.8092707292707293
384.676 2.79202378592666
385.686 2.329663366336634
386.687 3.350057942057942
387.697 3.6236039603960397
388.706 3.6316907829534193
389.707 3.6452507492507493
390.708 3.7655144855144855
391.726 4.498168958742633
392.727 2.7050069930069927
393.729 3.193804391217565
394.736 2.036814299900695
395.737 2.6895344655344653
396.745 1.9370793650793652
397.766 1.5908481880509304
398.816 3.1133040991420398
399.856 3.1612923076923076
400.906 3.1207619047619044
401.916 3.2443564356435646
402.917 3.5249870129870127
403.986 2.8298297474275023
404.995 3.202857142857143
405.996 2.049022977022977
406.997 2.027156843156843
408.006 2.201815659068384
409.008 2.931672654690619
410.025 1.8446096361848574
411.026 1.6399600399600398
412.045 1.3791717369970558
413.126 2.0897391304347823
414.145 1.9976290480863594
415.147 1.3479600798403193
416.165 1.5588212180746561
417.166 1.5415624375624375
418.167 1.6007672327672329
419.175 1.7307936507936508
420.176 2.427140859140859
421.177 2.03808991008991
422.185 2.555936507936508
423.186 3.4375224775224775
424.195 2.726794846382557
425.196 1.814889110889111
426.335 1.1379174714661984
427.357 1.0922583170254405
428.366 1.1714093161546086
429.367 1.1853106893106893
430.375 1.5742857142857143
431.385 1.4519762376237624
432.386 1.054113886113886
433.395 0.9978671952428146
434.396 1.169838161838162
435.425 1.0573372206025267
436.435 1.2677702970297031
437.437 1.1622834331337326
438.45 0.8750878578479764
439.465 0.46363743842364535
440.466 0.7325154845154845
441.475 1.4470723488602577
442.485 1.5603326732673266
443.545 1.1709584905660375
444.546 1.3447672327672326
445.555 1.4642616451932606
446.556 1.3493066933066933
447.575 1.7183905789990186
448.585 1.564831683168317
449.595 1.8203881188118811
450.605 1.5431603960396039
451.615 1.9395801980198022
452.616 1.7319640359640358
453.625 1.6594965312190288
454.626 1.250909090909091
455.635 1.3124122893954413
456.664 0.8658969873663751
457.667 1.07037125748503
458.675 1.5525714285714287
459.685 1.7056950495049503
460.695 1.6361821782178216
461.696 0.911984015984016
462.705 0.8460178394449951
463.734 0.6487696793002915
464.735 0.9293106893106893
465.736 1.4367712287712289
466.745 1.8004995044598613
467.746 1.250909090909091
468.756 1.3219485148514853
469.914 0.9301001727115716
471.094 0.49196946564885496
472.104 0.5634534653465347
473.105 1.2901018981018981
474.115 1.7598732673267328
475.125 2.0696079207920794
476.135 2.3233267326732676
477.144 1.9568523290386521
478.164 1.1587764705882353
479.165 0.9293106893106893
480.195 1.2050640776699029
481.196 1.3447672327672326
482.285 0.9798823529411765
483.286 2.7441998001998003
484.287 2.377014985014985
485.294 3.8191539225422044
486.295 2.2130189810189806
487.305 1.571168316831683
488.324 0.5844160942100097
489.354 0.3506330097087379
490.357 0.28369292123629114
491.364 0.9237735849056604
492.465 1.3062742960944596
493.534 3.0550570626753975
494.565 3.1888884578079533
495.566 2.9628611388611388
496.575 2.1412408325074326
497.576 2.6284755244755242
498.604 2.0058521400778213
499.605 1.6946253746253748
500.614 1.4317224975222993
501.624 1.2505980198019804
502.641 0.9792566371681416
503.744 1.045932910244787
504.755 1.0608427299703265
505.764 1.4534152626362735
506.784 0.8520862745098039
507.804 0.8905411764705882
508.815 0.6819703264094955
509.824 1.0737918731417244
510.834 0.9688712871287128
511.835 1.2573026973026973
512.984 1.3088529155787643
513.994 1.2786059405940593
514.997 1.811270189431705
516.014 1.9629813176007866
517.024 1.8248871287128714
518.025 2.219412587412587
519.034 2.021930624380575
520.035 1.814889110889111
521.044 0.7637502477700693
522.045 1.3119680319680318
523.054 1.8266957383548066
524.056 2.523017964071856
525.084 1.5693696498054477
526.094 1.5494970297029704
527.234 0.8679859649122806
528.235 1.8039560439560438
529.237 2.0251337325349303
530.556 0.3069962092494314
531.564 1.8285079365079366
532.565 1.814889110889111
533.574 1.7182319127849355
534.575 2.3943416583416584
535.577 1.9596007984031936
536.584 1.678172790466733
537.594 1.9306560951437064
538.595 1.906893106893107
539.603 1.7914285714285714
540.615 1.5184822134387352
541.624 1.6378037661050546
542.642 1.5202829076620825
543.644 1.736622754491018
544.653 1.5989217046580773
545.654 2.099148851148851
546.655 1.7975624375624375
547.657 1.9441437125748502
548.664 1.77598411122145
549.674 1.640681188118812
