0.0 2.2908571428571425
1.01 1.3591128712871285
2.011 2.9236683316683316
3.02 2.5922854311199206
4.03 2.3991762376237626
5.04 1.7815445544554454
6.05 2.253813861386139
7.06 2.1824633663366337
8.062 2.5166307385229545
9.07 2.4582222222222225
10.079 2.212662041625372
11.08 2.1474205794205794
12.09 2.854273267326733
13.11 2.20398431372549
14.111 2.5364715284715285
15.119 1.871936507936508
16.12 1.978885114885115
17.13 3.2226851485148513
18.131 3.2516603396603396
19.14 3.3885748265609514
20.141 2.508211788211788
21.15 2.5100178394449952
22.151 2.4098141858141857
23.16 2.1150445986124877
24.17 1.640681188118812
25.179 2.1195480673934592
26.18 2.7660659340659337
27.19 2.7784237623762382
28.2 2.3558336633663366
29.209 1.9893835480673936
30.211 2.2062754491017964
31.229 2.047056974459725
32.23 2.377014985014985
33.239 1.9740416253716553
34.24 1.7100979020979021
35.241 1.7602237762237762
36.249 1.7525079365079366
37.25 1.9570189810189809
38.259 1.653153617443013
39.26 1.8631608391608394
40.27 2.2754851485148517
41.29 2.0859607843137256
42.309 1.9806084396467123
43.31 2.0226173826173826
44.311 1.8194285714285712
45.319 2.084571428571428
46.329 1.7707089108910892
47.339 1.7445386138613863
48.34 1.6444995004995007
49.349 1.7354212091179386
50.35 1.557034965034965
51.359 1.9053161546085233
52.36 1.7356403596403598
53.361 1.7319640359640358
54.369 1.7914285714285714
55.379 1.803192079207921
56.389 2.1996356435643563
57.399 2.0307881188118815
58.409 2.0416
59.419 2.1671287128712873
60.42 1.7756963036963036
61.429 2.0825054509415266
62.43 2.0599560439560443
63.439 2.054469772051536
64.579 2.2695929824561403
65.58 2.6895344655344653
66.589 2.325629335976214
67.59 2.4863456543456546
68.591 2.7378061938061937
69.669 2.643769944341373
70.67 2.6895344655344653
71.679 2.4015540138751237
72.69 2.407628090999011
73.699 2.7594846382556986
74.7 2.5364715284715285
75.709 2.3364757185332015
76.729 2.1610666666666662
77.739 2.2041346534653465
78.74 2.295944055944056
79.749 1.5229970267591675
80.759 2.1237861386138617
81.769 2.214970297029703
82.77 3.885778221778222
83.83 4.055788679245284
84.831 3.039392607392607
85.839 2.8925079365079363
86.849 2.756752475247525
87.85 3.032999000999001
88.859 2.8137165510406343
89.869 2.366669306930693
90.878 2.136737363726462
91.879 2.3442077922077926
92.88 1.9943576423576423
93.888 1.8782857142857143
94.889 1.8194285714285712
95.898 1.9957343904856293
96.899 1.8522277722277722
97.909 1.8899009900990098
98.919 2.210471287128713
99.92 2.256751248751249
100.929 2.2605510406342915
101.93 2.7223336663336664
102.931 2.191152847152847
103.949 1.509532416502947
104.958 1.9306560951437064
105.969 1.7256577645895155
106.978 1.9523488602576808
107.979 1.8084955044955044
108.988 1.876424182358771
109.989 1.8303616383616386
111.009 1.7855372549019606
112.018 2.0933518334985135
113.03 1.8861660079051383
114.038 2.0411428571428574
115.048 1.7056950495049503
116.049 1.5196963036963036
117.058 1.4362259663032704
118.068 1.7011960396039605
119.069 1.557034965034965
120.088 1.6539509322865553
121.098 1.3372831683168318
122.108 1.4086336633663366
123.128 1.410007843137255
124.138 1.3977980198019802
125.148 1.1052356435643564
126.158 0.8388435643564356
127.159 1.2463696303696303
128.168 0.9978671952428146
129.178 0.7846653465346536
130.188 0.7368237623762376
131.208 0.6437647058823529
132.238 0.4993864077669903
133.268 0.44626019417475726
134.678 0.3214581560283688
135.698 0.4828235294117647
140.497 0.06841425296936862
141.638 0.2592
143.558 0.0399
144.578 0.33261176470588233
149.708 0.02574970760233918
150.727 0.31145829244357215
151.797 0.019738317757009342
154.378 0.11044401394808213
158.187 0.09180782357574166
162.218 0.15859488960555693
163.227 0.7917859266600594
164.247 0.5888
165.257 0.6623049504950494
166.268 0.5953709198813056
167.297 0.5743206997084547
168.457 0.013351724137931035
169.458 0.6122517482517483
170.467 0.6724757185332012
171.507 0.35778461538461537
172.547 0.9260307692307692
174.417 0.3477219251336899
175.427 0.8343445544554455
176.438 0.9092937685459941
177.457 0.719576054955839
178.467 0.5417821782178218
179.477 0.5246099009900991
180.487 1.0293861386138614
181.497 0.9318653465346535
182.588 0.9170009165902842
183.598 1.0402217821782178
184.607 0.9337142857142856
185.617 1.0402217821782178
186.627 1.2505980198019804
187.629 0.75362874251497
188.637 0.673142857142857
190.142 0.08709102990033224
191.157 1.3632945812807882
192.167 0.7693306930693069
193.168 0.5685194805194806
194.187 0.6980961727183513
195.217 0.535673786407767
196.237 0.6437647058823529
197.267 0.6375145631067961
198.287 0.5692168792934248
199.289 0.3495089820359282
200.317 0.3938988326848249
201.327 0.4767683168316832
202.337 0.2537188118811881
203.347 0.4767683168316832
204.387 0.34726153846153845
205.388 0.4045234765234765
206.427 0.3159961501443696
207.457 0.26587961165048546
208.487 0.25475728155339805
209.517 0.27625631067961165
210.527 0.26005544554455445
211.567 0.17889230769230768
212.596 0.18080466472303205
213.647 0.18134348239771647
214.676 0.3828804664723032
215.687 0.248973293768546
216.696 0.24946679881070366
217.697 0.22959440559440558
218.707 0.24814257425742575
219.737 0.2241864077669903
220.807 0.18410467289719626
221.856 0.16692469018112485
222.947 0.14043629697525206
224.047 0.15918545454545455
237.401 0.0008195297289201737
238.411 1.023049504950495
239.412 3.9732427572427573
240.413 4.74949050949051
241.431 4.147866404715128
242.433 4.64645109780439
243.434 4.3340339660339655
244.442 4.547301587301588
245.444 5.258091816367266
248.731 0.24443443869790085
249.783 3.114828897338403
250.784 4.7713566433566434
251.786 4.668295409181637
252.791 4.506427860696517
253.792 4.694825174825175
254.8 4.065079365079365
255.811 3.306096933728981
256.831 3.2554666666666665
257.832 3.3764635364635365
258.842 3.7861386138613864
259.904 3.5492278719397365
260.911 5.4973267130089365
261.922 5.016435212660731
262.923 4.918025974025975
263.924 5.471072927072926
264.925 4.2729750249750245
265.926 4.847888111888111
266.951 4.696101463414634
267.952 5.252411588411588
268.961 4.976650148662042
269.971 5.064744554455445
270.982 4.533808110781404
271.992 5.389813861386138
272.993 5.235084915084915
274.041 5.146503816793893
275.053 5.087177865612649
276.091 4.52131021194605
277.092 4.8806873126873125
278.152 4.654611320754716
279.171 3.204953876349362
280.172 4.847888111888111
281.251 4.6233623725671915
282.253 4.979084915084916
283.29 4.6734194792671175
284.292 5.121214785214786
285.331 4.538025024061597
286.341 4.082743310208127
287.342 4.891620379620379
288.343 4.4151048951048955
289.344 4.968151848151848
290.402 4.280680529300567
291.403 4.618293706293707
292.411 4.586222222222222
293.412 4.382305694305694
294.42 4.944507936507936
295.45 4.173918446601942
296.451 4.727624375624376
297.452 4.640159840159841
298.453 4.1199120879120885
299.455 4.8102834331337325
300.48 4.514591219512196
301.481 5.110281718281718
302.561 4.365748148148148
303.562 4.727624375624376
304.563 4.377766233766234
305.57 3.964949354518371
306.571 4.541762237762238
307.572 5.186813186813187
308.612 3.618153846153846
309.613 5.022825174825175
310.641 4.288498054474709
311.65 4.78773439048563
312.651 4.891644355644356
313.652 4.316555444555444
314.66 2.7515158730158733
315.661 3.9732427572427573
316.662 3.885778221778222
317.67 4.184507936507937
318.68 3.9206653465346535
319.681 4.027908091908093
320.682 4.891596403596403
321.701 4.165299313052011
322.702 4.8041558441558445
323.77 4.53774531835206
324.771 4.618317682317683
325.787 4.776307086614174
326.79 4.1880757726819535
327.791 4.432431568431569
328.799 4.7780000000000005
329.801 4.316071856287425
330.802 4.3559000999001
331.803 4.3340339660339655
332.804 3.79192007992008
333.81 4.704127236580517
334.811 4.027908091908093
335.812 4.218309690309691
336.821 4.418981169474727
337.822 4.1481718281718285
338.889 3.9266129334582947
339.89 4.530829170829171
340.891 4.60736063936064
341.892 3.339124875124875
342.9 3.847936507936508
343.901 4.098045954045954
344.91 4.6901407333994065
345.922 4.248158102766798
346.93 4.65136507936508
347.941 4.193740850642928
348.942 4.480703296703297
349.947 4.643470646766168
350.95 4.445415752741774
351.951 3.9340499500499506
352.952 4.9572187812187805
354.01 4.363432892249527
355.012 5.2086793206793205
356.014 4.825740518962076
357.02 5.31334393638171
358.021 4.75402997002997
359.023 5.389157684630739
360.024 4.688431568431569
361.026 5.334546906187625
362.041 4.246384236453202
363.042 5.121214785214786
364.05 4.319301587301588
365.051 5.230545454545455
366.129 4.03882745825603
367.13 4.301234765234765
368.131 4.8806873126873125
369.132 4.065246753246753
370.14 4.488507936507936
371.15 4.241164356435643
372.151 4.082645354645354
373.152 3.9231168831168834
374.159 4.036512413108243
375.16 4.126305694305695
376.161 4.104439560439561
377.17 3.989629335976214
378.171 4.530829170829171
379.172 4.07164035964036
380.279 3.56723396567299
381.29 4.280340257171117
382.291 3.874845154845155
383.3 3.6488880079286425
384.301 3.9732427572427573
385.302 3.6452507492507493
386.309 3.9540814299900697
387.324 4.371294581280789
388.33 4.399522862823061
389.331 3.7481798201798204
390.34 4.342905847373638
391.349 2.412551040634291
392.35 3.8092467532467533
393.351 3.350057942057942
394.36 3.800737363726462
395.361 4.180971028971029
396.37 3.3234965312190288
397.379 3.215032705649157
398.38 2.0599560439560443
399.381 3.3063256743256746
400.389 3.685079365079365
401.399 4.154550495049505
402.408 3.902858275520317
403.429 3.201819607843137
404.479 3.131184761904762
405.48 4.935352647352647
406.489 4.332210109018831
407.499 3.645275247524753
408.558 3.1915391879131256
409.599 3.1687684918347743
410.659 3.0706716981132076
411.66 3.126857142857143
412.668 1.8936507936507938
413.669 2.6612747252747253
414.679 3.1468356435643563
415.68 2.4535464535464535
416.681 1.9023536463536466
417.699 1.9288015717092337
418.7 2.1975464535464533
419.708 1.8827936507936507
420.718 1.6108673267326732
421.719 1.2655184815184815
422.72 1.4978301698301697
423.729 1.750771060455897
424.73 1.9023536463536466
425.749 1.2502924435721297
426.75 2.256751248751249
427.758 2.8011428571428576
428.768 1.5214891089108908
429.788 2.032313725490196
430.789 2.0772827172827175
431.798 1.6314608523290386
432.799 2.17568031968032
433.823 1.8854374999999999
434.83 2.1889652432969213
435.838 3.0182857142857142
436.839 2.2130189810189806
437.84 2.0818221778221777
439.098 1.8131192368839428
440.119 2.3260019588638587
441.129 2.3124910891089105
442.138 2.195472745292369
443.139 2.131948051948052
444.14 2.03808991008991
445.158 2.412573673870334
446.159 2.7223336663336664
447.168 2.5859425173439052
448.169 2.4098141858141857
449.17 2.7378061938061937
450.178 2.631936507936508
451.18 2.8661397205588823
452.188 2.7685714285714282
453.189 2.4535464535464535
454.199 2.6267247524752473
455.208 2.781177403369673
456.209 2.43168031968032
457.21 2.973794205794206
458.218 3.1422222222222222
459.298 3.301748148148148
460.299 3.2143216783216784
461.308 2.488325074331021
462.318 2.5183683168316833
463.328 3.1468356435643563
464.329 3.240727272727273
465.339 2.637552475247525
466.34 2.6612747252747253
467.379 2.806205967276227
468.38 3.225254745254745
469.388 2.6427936507936507
470.39 3.2374930139720557
471.398 3.5330793650793653
472.399 2.9674005994005994
473.4 2.9236683316683316
474.418 2.7565893909626724
475.419 3.754581418581419
476.517 3.9453260473588347
477.519 4.100343313373253
478.52 5.154013986013987
479.521 3.9887152847152847
480.528 4.395153922542205
481.53 3.4231696606786426
482.538 3.4245079365079367
483.544 3.3769224652087475
484.548 3.754262948207171
485.558 3.331041584158416
486.559 3.7655144855144855
487.598 3.600569778633301
488.599 4.563628371628371
489.608 4.267131813676907
490.647 4.064030798845042
491.648 3.8420459540459544
492.649 4.016975024975025
493.668 2.9901629048086362
494.669 4.57456143856144
