0.0 2.004594059405941
1.001 2.0708891108891105
2.009 2.4365079365079363
3.01 2.6567352647352642
4.011 2.6066093906093903
5.02 2.6835599603567886
6.031 2.699901088031652
7.039 2.946793650793651
8.06 2.8020842311459355
9.061 2.6676683316683314
10.069 2.382222222222222
11.079 2.464190099009901
12.08 2.3114165834165834
13.081 2.7879320679320685
14.09 2.694406342913776
15.099 2.6076352824578786
16.1 2.8143376623376626
17.109 2.6618671952428152
18.139 2.4694679611650487
19.14 2.831664335664336
20.141 2.519144855144855
21.149 2.6753650793650796
22.159 2.7459168316831684
23.16 2.9455344655344655
24.169 2.6401744301288406
25.179 2.9581306930693065
26.18 2.672207792207792
27.189 2.5642259663032703
28.19 2.2021098901098903
29.199 2.245201189296333
30.219 1.1095843137254902
31.439 0.4664655737704918
32.449 1.9982574257425743
33.45 2.60206993006993
34.459 2.5534033696729432
35.469 2.0307643564356437
36.479 2.03710099009901
37.489 1.1639128712871287
38.499 2.1021148514851484
39.5 1.8522277722277722
40.509 1.9134667988107037
41.51 2.4162077922077927
42.518 2.4582222222222225
43.529 2.5916518298714144
44.53 2.3988811188811185
45.531 2.886329670329671
46.539 2.3930793650793656
47.549 2.2583128712871288
48.55 2.43168031968032
49.551 2.60206993006993
50.559 2.360507936507936
51.56 2.420747252747253
52.569 2.2497046580773046
53.579 1.7120316831683169
54.588 1.6965391476709613
55.609 1.8222135161606268
56.619 1.5106534653465347
57.628 1.605264618434093
58.639 1.3143105835806133
59.648 2.136737363726462
60.659 1.7364826904055388
61.66 2.0226173826173826
62.669 1.761617443012884
63.709 1.888
64.71 2.121014985014985
65.719 1.9893914767096132
66.729 2.0696079207920794
67.739 1.9115722772277226
68.749 2.171627722772277
69.769 1.9849411764705882
70.779 1.8790653465346534
71.799 2.0966901960784314
72.809 2.253813861386139
73.81 1.721030969030969
74.819 2.060812685827552
75.828 1.7724638255698713
76.91 1.7843696857670979
77.918 2.138857142857143
78.919 1.9943576423576423
79.969 2.2973561904761906
80.979 2.5055143706640237
81.98 2.1255544455544455
82.989 2.770331020812686
83.99 2.3879480519480523
84.998 2.7468571428571424
85.999 2.4754125874125874
87.0 2.497286713286713
88.009 2.705252725470763
89.018 2.6184816650148663
90.111 1.5920365965233303
91.159 1.6229618320610688
92.168 1.9325714285714286
93.179 1.7797823936696342
94.18 2.044483516483517
95.191 2.1586547972304646
96.194 2.3395413758723826
97.248 2.465153700189753
98.249 1.814889110889111
99.25 2.4644795204795207
100.26 2.5942178217821787
101.261 2.306877122877123
102.268 1.9281350546176763
103.269 1.9615584415584417
104.278 2.4295896927651137
105.288 2.464190099009901
106.289 2.4972787212787213
107.299 2.561710891089109
108.3 2.809798201798202
109.301 2.3332827172827173
110.308 2.069418073485601
111.309 2.131948051948052
112.318 2.5208642220019817
113.328 2.3991762376237626
114.329 2.43168031968032
115.388 2.5361888574126534
116.389 2.711400599400599
117.39 2.3114085914085916
118.399 2.130394449950446
119.527 2.3422411347517733
120.528 2.809798201798202
121.539 2.3535034619188924
122.558 2.3672463199214917
123.559 2.3988811188811185
124.568 2.74413478691774
125.569 2.4972787212787213
126.57 1.9943576423576423
127.579 2.4449395441030726
128.58 2.7223336663336664
129.589 2.6076352824578786
130.59 2.8580699300699304
131.599 2.9764122893954412
132.608 2.8028701684836475
133.609 2.8362037962037965
134.618 2.9221803766105054
135.698 2.811140740740741
136.699 3.1377902097902095
137.707 2.1107936507936502
138.711 2.010199203187251
139.718 2.2713962264150944
140.728 1.694859405940594
141.739 1.9961305637982196
142.74 2.17568031968032
150.215 0.11921872909698995
151.226 1.4925103857566766
152.235 1.9690386521308227
153.236 2.1975464535464533
154.246 2.0307643564356437
155.255 1.507647175421209
156.266 1.2168862512363996
157.275 1.0846382556987118
158.276 1.1151728271728272
159.285 1.09998810703667
160.295 1.5603326732673266
161.315 0.6223058823529412
162.325 0.5462811881188119
163.535 0.6150347107438016
164.536 2.241278721278721
165.537 2.3988811188811185
166.545 2.382222222222222
167.546 2.027156843156843
168.555 2.2668939544103073
169.556 2.169286713286713
170.565 2.238858275520317
171.575 2.210471287128713
172.576 1.8740939060939061
173.577 2.169286713286713
174.585 1.7697142857142858
175.605 0.7510588235294118
176.615 1.0880633663366335
177.635 2.156611764705882
178.795 0.5416827586206897
179.8 2.0145671641791045
180.805 1.4637213930348258
181.815 1.6253465346534652
182.816 1.557034965034965
183.835 2.0083689892051027
184.845 2.0307643564356437
185.846 2.121014985014985
186.855 1.2409910802775026
187.856 1.9023536463536466
188.865 1.7399246778989097
189.875 1.9224079207920792
190.876 2.1538141858141855
191.885 1.9026204162537164
192.895 2.0804435643564356
193.905 1.423960396039604
194.913 1.8674285714285712
195.915 1.4244151696606786
196.945 1.0944
197.955 0.6934811881188119
198.965 0.8496792079207921
200.005 0.9576000000000001
201.025 0.3004235294117647
202.055 0.4568854368932039
203.067 0.9128853754940711
204.075 0.7274285714285714
205.105 0.31875728155339805
206.114 0.29285232903865216
207.124 0.5959603960396039
208.135 0.7252700296735906
209.155 0.5731137254901961
210.165 0.9535366336633664
211.175 0.8668514851485148
212.204 0.787156462585034
213.545 0.4603131991051454
214.795 0.6829056
215.805 1.0944
216.814 0.9436352824578791
217.825 1.1735865479723049
218.835 1.148578217821782
219.845 1.0835643564356436
220.854 0.9264459861248762
221.855 0.9183776223776223
222.954 0.8763166515013648
223.965 1.2385361028684472
224.974 1.6161110009910804
225.995 1.0120274240940255
227.005 1.5061544554455446
228.006 1.8740939060939061
229.015 2.559746283448959
230.017 2.8552175648702596
231.025 3.446222222222222
232.026 2.847136863136863
233.035 2.5317106045589695
234.045 2.453330693069307
235.054 2.353665014866204
236.056 2.1343792415169656
237.067 2.710726013847675
238.074 2.156361469712016
239.075 3.094057942057942
240.076 3.109530469530469
241.084 3.4027936507936505
242.085 2.9346093906093906
243.095 2.7242455445544556
244.104 2.325629335976214
245.105 2.0708891108891105
246.124 1.9654092247301278
247.154 1.0244349514563107
248.155 1.6946253746253748
249.374 1.2965381460213288
250.375 1.9242197802197802
251.384 1.7073855302279484
252.394 1.787881188118812
253.404 1.1530772277227723
254.415 1.4721899109792285
255.416 2.748739260739261
256.425 2.5208642220019817
257.427 2.5667065868263474
258.435 2.099936507936508
259.444 2.000237859266601
260.445 2.0226173826173826
261.446 1.4695704295704295
262.454 1.2377142857142858
263.464 0.8343445544554455
264.567 0.11883227561196737
265.574 1.9085487077534793
266.575 1.9615584415584417
267.584 1.410029732408325
268.586 1.4963353293413173
269.594 1.491936507936508
270.604 1.5603326732673266
271.605 1.3821058941058941
272.606 2.245818181818182
273.614 2.2365714285714287
274.615 2.027156843156843
275.616 2.3223496503496506
276.617 2.645802197802198
277.624 2.938852035749752
278.634 2.063263366336634
279.635 1.967952047952048
280.654 1.6584102060843966
281.655 1.8522277722277722
282.664 2.321125867195243
283.665 2.3442157842157845
284.666 1.9506253746253746
285.674 1.986857142857143
286.684 1.7815445544554454
287.694 2.1996356435643563
288.704 2.3775049504950494
289.714 1.9765861386138615
290.724 1.8745663366336636
291.989 0.4275098814229249
292.994 2.820394029850746
294.004 2.6592316831683167
295.013 1.8809276511397424
296.033 1.534305882352941
297.044 0.7793946587537093
298.053 0.6878255698711596
299.325 0.40437735849056605
300.333 0.9988571428571429
301.334 0.9949090909090907
302.343 0.5685153617443013
303.344 0.9949090909090907
304.354 1.018550495049505
305.453 0.7211210191082803
306.464 1.4721899109792285
307.474 2.095778217821782
308.475 2.5583376623376624
309.483 2.023936507936508
310.484 2.2130189810189806
311.485 2.6676683316683314
312.486 2.3988811188811185
313.494 2.0347936507936506
314.543 2.017860819828408
315.544 2.45994005994006
316.545 2.6284755244755242
317.546 2.4426213786213786
318.573 2.231587147030185
319.574 2.110081918081918
320.575 2.169286713286713
321.594 2.238367026496565
322.595 2.5583376623376624
323.596 3.273526473526474
324.603 3.4279086395233365
325.604 3.273526473526474
326.605 3.4593886113886114
327.606 3.726321678321679
328.694 2.921235294117647
329.695 3.1924555444555445
330.698 2.8196370887337983
331.703 2.7051303482587064
332.705 2.5166307385229545
333.743 1.686936416184971
334.803 0.20045283018867924
335.813 2.1021148514851484
336.814 2.7924715284715287
337.815 2.847136863136863
338.823 3.1747936507936507
339.833 2.756752475247525
340.834 2.7159400599400603
341.844 3.645275247524753
342.846 3.401325349301397
343.853 3.4279086395233365
344.854 2.6612747252747253
345.874 2.7038117647058826
346.875 2.3879480519480523
347.894 2.6035250245338566
348.914 2.5580549019607846
349.923 2.781177403369673
350.993 2.6635364485981308
351.994 3.247120879120879
353.043 3.14893422306959
354.044 3.7764475524475527
355.045 2.9564675324675327
356.053 2.7251428571428575
357.054 2.43168031968032
358.056 2.34187624750499
359.067 2.537527200791296
360.073 2.7088031809145128
361.083 2.4208475247524754
362.084 2.4426133866133863
363.093 2.3364757185332015
364.094 2.3615424575424577
365.095 1.9943576423576423
366.103 2.078222222222222
367.104 2.427140859140859
368.105 2.070737262737263
369.113 1.5898015873015872
370.133 2.1673411764705883
371.134 2.169286713286713
372.143 2.2171655104063426
373.144 2.4052747252747255
374.153 1.935159563924678
375.163 2.063271287128713
376.173 2.0154297029702968
377.184 1.4983343224530168
378.203 1.525071638861629
379.223 0.6544941176470588
380.232 0.8939068384539148
381.242 1.24609900990099
382.243 1.2026373626373628
383.264 0.6431341821743389
384.283 0.3588773307163886
385.302 0.6014367026496565
386.663 0.36989272593681116
387.666 0.13067996011964106
388.671 4.6483505976095625
389.686 1.5894699507389163
390.702 0.9909921259842519
391.712 0.7910019801980198
393.203 0.3480295103957076
394.212 0.661629335976214
395.238 0.24533333333333335
396.302 0.11314285714285713
397.312 0.6284673267326734
399.713 0.013674302374010827
400.732 0.5906967615309127
401.782 0.588007619047619
402.784 0.8519281437125749
403.792 1.064
404.822 1.311316504854369
405.823 0.9511768231768233
406.832 0.9544816650148662
407.852 1.266070588235294
408.863 1.1519366963402573
409.872 1.1605629335976215
410.882 0.899358415841584
411.892 0.6438019801980198
412.912 1.0622117647058824
413.942 1.1369009708737865
414.952 0.9688712871287128
415.972 1.0622117647058824
416.983 1.24486646884273
417.997 0.9758422090729784
419.002 0.9800597014925374
420.012 1.1160712871287128
421.013 1.097846153846154
422.032 1.3424926398429833
423.052 0.7832470588235294
424.067 0.6001733990147783
425.072 0.8466865671641791
426.103 0.8173501454898158
427.112 1.0412527254707633
428.113 1.2727752247752249
429.122 1.0195599603567889
430.142 0.901270588235294
431.152 0.6329663366336633
432.162 0.6934811881188119
433.192 0.7012660194174758
434.202 0.6718099009900991
435.212 0.6826455445544554
436.222 0.6112871287128713
437.242 0.7725176470588235
438.252 1.0402217821782178
439.262 1.0077148514851484
440.272 1.1097346534653465
441.282 0.9427009900990099
442.283 1.0605074925074924
443.302 1.0891933267909715
444.311 1.301565906838454
445.322 1.2601859545004945
446.342 1.1587764705882353
447.352 1.1377425742574259
448.362 1.0555564356435643
449.372 1.1377425742574259
450.391 1.2995328753680078
451.401 0.9688712871287128
452.411 1.0944
453.412 1.2354365634365634
454.422 1.0772277227722773
455.423 1.1917042957042958
456.431 1.0205714285714287
457.432 0.9229170829170829
458.441 1.2039484638255697
459.442 1.2245034965034967
460.451 0.9915242814667988
461.452 1.2026373626373628
462.471 1.0739941118743868
463.481 0.9797069306930694
464.491 1.2677702970297031
465.492 1.322901098901099
466.512 0.7984313725490195
467.531 1.0417742885181551
468.532 1.2135704295704295
469.542 1.2614336633663363
470.571 1.1273702623906705
471.582 0.8010445103857566
472.591 0.9155996035678889
473.603 0.75699604743083
474.611 0.8034285714285715
475.621 0.9210297029702971
476.622 0.8026533466533466
477.631 0.8677106045589693
478.641 0.8668514851485148
479.651 0.9472
480.671 0.8690823529411764
481.681 1.018550495049505
482.691 1.1594138613861387
483.692 1.3821058941058941
484.701 1.7137284440039644
485.702 1.4477042957042956
486.703 1.4322317682317682
487.711 1.122793650793651
488.721 1.2352633663366337
489.731 1.170249504950495
490.742 1.2385361028684472
491.751 1.2581803766105053
492.771 1.1739607843137254
493.776 1.3067462686567164
494.781 1.1325134328358208
495.782 1.1962437562437562
496.801 0.9773346418056917
497.811 1.0727287128712872
498.821 1.044720792079208
499.823 1.2669700598802396
500.831 1.3245714285714287
501.84 1.1433736372646186
502.841 1.1370389610389613
503.851 0.9643722772277228
504.852 0.9994485514485515
505.861 0.9327888999008919
506.871 1.0293861386138614
507.881 0.9905425742574258
508.883 1.2778922155688621
509.89 1.1193962264150943
510.901 0.9570880316518299
511.911 0.9535366336633664
512.931 0.9549176470588235
513.941 0.6501386138613862
514.951 0.6871445544554456
515.961 0.6826455445544554
516.981 0.7188705882352942
517.991 0.6718099009900991
519.011 0.6866823529411764
520.02 0.7637502477700693
521.031 0.7252700296735906
522.04 0.7809395441030723
523.041 0.7871808191808192
524.05 0.6444400396432111
525.06 0.7368237623762376
526.061 0.8199800199800199
527.07 0.9544816650148662
528.08 0.8063366336633663
529.081 1.0714405594405594
530.09 0.9653280475718532
531.181 0.7565022914757102
532.19 0.8894033696729435
533.191 0.9402437562437562
534.201 0.8235089108910891
535.21 0.7095183349851338
536.22 0.7151524752475248
537.23 0.6826455445544554
538.24 0.845180198019802
539.241 0.8637122877122877
540.25 0.5142834489593657
541.27 0.6115764705882353
542.28 0.5201108910891089
543.29 0.7259881188118812
544.3 0.7043168316831683
545.31 0.5462811881188119
546.32 0.7801663366336633
547.33 0.6826455445544554
548.35 0.6115764705882353
549.36 0.6934811881188119
550.37 0.4270891089108911
551.41 0.38935384615384616
552.42 0.4550970297029703
553.44 0.33261176470588233
554.45 0.30339801980198017
555.48 0.2975067961165049
556.521 0.29436311239193086
557.541 0.2575058823529412
558.581 0.2209846153846154
559.63 0.15649189704480457
560.64 0.14086336633663368
561.69 0.10855619047619047
562.71 0.13948235294117647
563.741 0.16983899127061103
564.79 0.1877902764537655
565.81 0.2467764705882353
566.87 0.20649056603773586
567.88 0.20587722772277228
568.914 0.24343520309477756
569.93 0.25851968503937006
570.96 0.2656310679611651
572.0 0.2736
573.04 0.24203076923076924
574.06 0.20385882352941176
575.101 0.16820749279538905
576.15 0.1773574833174452
577.19 0.12012307692307692
578.2 0.2167128712871287
579.24 0.2525538461538462
580.26 0.2467764705882353
581.279 0.24701864573110893
582.28 0.24052747252747253
583.32 0.2630769230769231
584.34 0.2575058823529412
585.36 0.26823529411764707
586.369 0.27115956392467794
587.39 0.3322859941234085
588.409 0.39737782139352307
589.41 0.3215984015984016
590.42 0.3684118811881188
591.421 0.31705894105894106
592.461 0.31569230769230766
593.469 0.31485714285714284
594.53 0.2578699340245052
595.54 0.24921980198019802
596.599 0.20668555240793202
597.61 0.20567359050445103
598.669 0.21701983002832861
599.7 0.28660329776915616
600.749 0.3590467111534795
601.76 0.45464688427299704
602.769 0.5097799801783944
603.789 0.5579294117647059
604.809 0.6008470588235294
605.84 0.5095169738118331
606.869 0.478600583090379
607.88 0.42666666666666664
608.9 0.6008470588235294
609.909 0.5423191278493559
610.912 0.37098305084745764
611.92 0.42342857142857143
612.949 0.319067055393586
613.97 0.32156709108716947
615.441 0.21884432358939496
616.48 0.3159961501443696
617.489 0.2603131813676908
618.519 0.31875728155339805
619.559 0.399876923076923
620.569 0.3792475247524753
621.579 0.3575762376237624
622.599 0.4077176470588235
623.639 0.33673846153846154
624.669 0.3400077669902912
625.679 0.2537188118811881
626.729 0.21888
627.739 0.14086336633663368
628.749 0.17337029702970297
629.77 0.21437806072477963
630.809 0.09479884504331088
631.819 0.1191920792079208
632.829 0.20454653465346537
634.734 0.06880419947506562
635.769 0.7628676328502416
636.779 0.19504158415841583
637.799 0.16094117647058823
638.889 0.11884036697247707
639.999 0.12978738738738738
641.019 0.10729411764705882
642.049 0.13812815533980582
643.179 0.07747964601769912
644.259 0.0650148148148148
677.501 0.0009876662054028038
678.511 0.5851247524752475
679.521 1.24609900990099
680.522 2.4535464535464535
681.524 3.6962235528942116
682.526 4.209540918163672
683.662 3.582161971830986
684.663 4.016975024975025
685.664 4.78228971028971
686.681 4.227272369714848
687.682 3.9841758241758245
688.692 4.176221782178218
689.746 4.022648956356736
690.752 3.355165009940358
691.753 3.9449830169830173
692.772 4.407835132482827
693.781 4.429827552031714
694.782 3.9732427572427573
695.783 3.3764635364635365
696.802 3.9674896957801766
697.803 4.268435564435564
698.804 4.301234765234765
699.805 4.294841158841159
700.806 4.421498501498501
701.811 3.837643781094527
702.813 4.16587624750499
703.821 4.178158730158731
704.832 4.583438180019782
705.841 4.304174430128841
706.842 4.312167832167831
707.843 4.366833166833167
708.845 4.220487025948104
709.851 3.903618290258449
710.853 3.7071457085828343
711.854 3.699916083916084
712.861 3.569191658391261
713.862 3.5249870129870127
714.863 3.9404435564435563
715.864 3.7655144855144855
716.971 3.1619006323396563
717.973 3.8967112887112885
718.981 3.9782222222222225
719.982 3.9951088911088912
721.04 4.218616257088847
722.041 3.743648351648352
723.042 3.4156563436563436
724.051 4.1044360753221
725.052 4.290301698301699
726.08 3.9478287937743195
727.081 4.4761638361638365
728.082 4.268435564435564
729.111 4.241788143828961
730.113 3.9185774225774224
731.114 3.6561918081918083
732.115 3.546853146853147
733.116 3.0767312687312685
734.12 3.6779601593625495
735.131 4.150441147378833
736.132 3.6452507492507493
737.134 3.2047265469061874
738.14 3.1158330019880713
739.141 3.1204635364635362
740.142 4.0788891108891105
741.143 3.3254825174825173
742.145 4.08942115768463
743.149 4.081274900398406
744.151 4.613684630738523
745.152 3.802853146853147
746.153 4.858821178821179
747.154 3.7873806193806194
748.16 3.1375904572564615
749.17 2.2257346534653464
750.171 2.38801998001998
751.18 2.5055143706640237
752.192 2.0375652173913044
753.2 2.078222222222222
754.211 2.775675568743818
755.22 2.418743310208127
756.23 1.142241584158416
757.231 2.0007512487512487
758.24 1.935159563924678
759.251 1.5154896142433234
760.252 1.3055744255744255
761.26 1.5634285714285714
762.261 1.6882317682317682
763.27 1.7245748265609513
764.28 1.4781465346534652
765.281 2.1647472527472527
766.29 2.0978553022794846
767.291 1.9178261738261737
768.292 1.8258221778221777
769.3 1.6439365079365078
770.311 2.0026112759643917
771.312 1.9615584415584417
772.32 2.1171428571428574
773.321 2.049022977022977
774.332 2.0720553907022747
775.399 2.312037488284911
776.401 2.60206993006993
777.42 2.0341589793915604
778.43 1.8575445544554454
779.431 2.5583376623376624
780.432 2.3442157842157845
781.44 2.773079365079365
782.441 2.9455344655344655
783.46 3.462712463199215
784.47 2.821766336633663
785.471 3.5140539460539464
786.48 3.258418235877106
787.481 3.0111328671328668
788.51 2.57822351797862
789.52 2.7115956392467786
790.521 2.890869130869131
791.53 2.3581684836471757
792.54 2.171627722772277
793.6 2.7402867924528302
794.601 2.8425974025974026
795.61 2.770331020812686
796.611 1.8412947052947053
797.612 2.325066933066933
798.619 2.4317140019860974
799.62 2.1364875124875122
800.621 2.3988811188811185
801.622 2.3943416583416584
802.629 2.243304865938431
803.63 2.234885114885115
804.83 2.101386666666667
805.839 2.5163607532210106
806.84 2.1255544455544455
807.85 2.2908198019801977
808.859 2.6682101090188306
809.86 2.191152847152847
810.869 2.108701684836472
811.87 2.9127352647352645
812.871 3.2844595404595407
813.911 2.6456615384615385
815.099 2.739824915824916
816.101 4.180971028971029
817.102 4.202837162837162
818.103 3.907644355644355
819.104 4.1199120879120885
820.109 4.436569154228856
821.112 4.030787637088733
822.114 3.2593373253493017
823.12 3.289892644135189
824.13 3.28769900990099
825.131 3.350057942057942
826.139 3.543936507936508
827.14 3.53592007992008
828.169 3.7525519922254618
829.171 3.9255888223552895
830.18 3.3126580773042615
831.181 3.67804995004995
832.19 3.3994212091179383
833.191 3.6889830169830167
834.192 3.852979020979021
835.199 3.4605124131082428
836.21 2.6890761622156285
837.211 3.229794205794206
838.212 3.0548651348651346
839.219 2.9279841112214497
840.229 2.98430099009901
841.23 2.5300779220779224
842.239 2.7983666997026755
843.24 2.770605394605395
844.241 3.8930269730269726
845.242 3.3473246753246757
846.299 3.048348155156102
847.37 3.0595704948646127
848.389 3.2049617271835134
849.431 3.155224568138196
850.432 4.1153726273726265
851.439 4.308202581926515
852.441 3.576079840319361
853.449 3.3593650793650798
854.45 3.404723276723277
855.46 3.4719049504950497
856.469 3.334342913776016
857.489 3.710556862745098
858.49 3.5687192807192805
859.491 4.3559000999001
860.51 5.078170755642787
861.52 4.7180039603960395
862.529 5.009189296333003
863.53 4.869754245754246
864.538 4.916444444444445
865.539 4.902553446553447
866.54 3.96230969030969
867.541 2.890869130869131
868.549 2.6210793650793653
869.55 2.28955044955045
870.559 2.679056491575818
871.568 2.4015540138751237
872.569 2.508211788211788
873.57 2.803404595404596
874.599 2.291063168124393
875.608 2.7766739345887017
876.619 3.609194856577646
877.62 2.9127352647352645
878.628 2.588507936507936
879.639 2.5916518298714144
880.659 2.38638431372549
881.749 2.4238972477064222
882.819 3.0549148737137513
883.82 2.6786013986013986
884.829 1.5665332011892963
885.83 3.1423296703296706
886.831 2.7159400599400603
887.839 2.8011428571428576
888.848 2.032777006937562
889.849 2.234885114885115
890.858 2.3319722497522295
891.868 2.063271287128713
