0.0 1.7505134865134864
1.318 1.8379969650986343
2.549 0.4396227642276423
3.559 0.5003405940594059
4.739 1.0975254237288135
5.839 0.9134545454545455
6.849 1.2170297029702968
7.859 0.846289108910891
8.86 1.2227612387612388
9.979 1.010959785522788
10.989 1.7488316831683168
11.999 1.3082376237623763
13.019 1.9020941176470587
14.02 1.8253906093906094
15.149 1.4618883968113376
16.15 1.8003676323676323
17.16 1.9441346534653465
18.169 1.8910763131813675
19.18 1.9120712166172107
20.189 1.6112983151635283
21.359 1.3904615384615386
22.379 1.6216392156862747
23.389 1.708839603960396
24.4 1.6674975272007913
25.44 1.0944
26.46 0.8832
27.49 1.540660194174757
28.492 1.221002997002997
29.649 1.3618738115816769
30.66 1.7103382789317505
31.67 1.4336554455445545
32.679 1.5513815659068384
33.719 1.7285846153846152
34.909 1.8638991596638654
36.012 1.987060743427017
37.17 1.8769188255613127
38.339 1.942316509837468
39.34 1.8739580419580422
40.37 1.8288699029126214
41.372 1.9982115768463073
42.38 1.9054920634920633
43.39 1.673330693069307
44.469 1.9750954587581093
45.47 1.7698301698301697
46.479 1.9415024777006937
47.48 1.648975024975025
48.481 2.2850109890109884
49.489 1.1117063492063493
50.67 0.19460118543607113
51.809 1.9240807726075506
52.81 1.0714405594405594
53.82 2.178716831683168
55.009 2.4188259041211104
56.013 2.8241115537848605
57.02 3.0398331678252233
58.03 2.9980356435643567
59.2 2.2222222222222223
60.29 2.831794495412844
61.34 2.778918095238095
62.35 3.095477227722772
63.359 3.597082259663033
64.36 3.193798201798202
65.369 4.266997026759166
66.53 3.609674418604651
67.54 3.859920792079208
68.541 3.2526433566433566
69.542 3.374001998001998
70.551 3.127548067393459
71.552 2.594205794205794
72.56 2.432
73.561 2.2013106893106893
74.57 1.9058235877106047
75.58 1.8838178217821782
76.581 2.4052747252747255
77.59 1.5798216055500496
78.6 1.8312237623762375
79.61 1.289441584158416
80.62 0.8734891089108912
81.64 1.4592
83.022 0.23756874095513747
84.041 1.453369970559372
85.042 2.17568031968032
86.06 1.7907504911591356
87.07 1.550019801980198
88.071 2.350609390609391
89.08 1.4958414271555998
90.081 1.465030969030969
91.092 1.2949713155291789
92.22 1.5081985815602836
93.231 1.872712166172107
94.232 1.5459900099900101
95.24 1.7045714285714288
96.25 1.9179089108910892
97.27 1.1954588235294117
98.42 1.1813147826086956
99.43 1.441140594059406
100.431 0.9961158841158841
101.44 1.6703429137760157
102.451 1.8085539070227499
103.461 1.8735762376237624
104.61 1.5246718885987816
105.621 1.4397151335311573
106.631 1.3332277227722773
107.64 0.8568642220019822
108.65 0.7476594059405941
109.66 0.7259881188118812
110.67 0.5332752475247525
111.691 0.7288854064642508
112.7 0.7484003964321111
113.73 0.5863145631067961
114.751 0.9111067580803134
115.76 0.8677106045589693
116.911 0.8417793223284101
117.92 1.594418235877106
118.921 1.308075924075924
120.023 1.5077531760435572
121.031 1.606857142857143
122.041 1.2705980198019802
123.051 0.9525623762376237
124.052 1.661826173826174
125.071 0.9118900883218841
126.08 0.921942517343905
127.081 0.9621098901098901
128.11 0.23398250728862974
129.121 1.1506943620178043
130.651 1.525751633986928
131.652 1.4216663336663338
132.671 1.42650441609421
133.921 0.6156352
134.922 1.6946253746253748
135.941 2.0816800785083416
137.231 0.5754232558139535
138.241 0.7801663366336633
139.243 0.578874251497006
140.261 0.9997956777996072
141.262 1.1337462537462537
142.271 1.7679603567889
143.282 1.1600316518298714
144.291 1.2690267591674926
145.302 0.9020771513353115
146.331 1.1604509232264333
147.362 1.5379398642095052
148.363 1.941298701298701
149.371 2.152587301587302
150.491 1.418942857142857
151.492 1.3557002997002996
152.503 1.4927794263105838
153.512 1.8864063429137758
154.521 1.4888166501486622
155.541 0.633035294117647
156.551 0.7584950495049506
157.571 0.5686588235294118
158.591 1.0363607843137252
159.592 1.585294705294705
160.593 1.5634285714285714
161.601 1.2526746031746032
162.617 1.4110866141732283
163.621 1.2971474103585656
164.622 0.5804435564435564
165.632 0.8560158415841584
166.641 1.1011219028741328
167.652 1.3240197823936697
168.713 1.2817794533459002
169.714 1.3775664335664335
170.715 2.4379300699300694
171.882 1.9123290488431877
172.883 2.1734105894105897
173.922 2.0509412897016364
174.923 2.2872327672327675
175.931 2.4645714285714284
176.942 1.594215628090999
178.111 1.5631274593669804
179.112 1.9351528471528474
180.114 1.9901077844311377
181.122 2.128
182.132 1.8919366336633665
183.142 2.578883168316832
184.152 2.068079207920792
185.153 1.486897102897103
186.161 1.684404761904762
187.332 1.8744730999146029
188.342 1.9937584158415842
189.362 1.5780627450980391
190.372 1.668689108910891
191.373 1.6011428571428572
192.374 2.3834085914085916
193.382 1.569230158730159
194.552 1.6935931623931624
195.562 1.9720871287128714
196.692 1.6905274336283185
197.702 2.210471287128713
198.703 1.9335384615384614
199.712 2.6248245787908826
200.715 1.5668195413758723
201.717 2.3264191616766468
202.722 1.8253691542288557
203.724 2.284790419161677
204.732 1.7484285714285714
205.742 1.6404277227722772
206.902 1.768703448275862
207.912 2.264649504950495
208.913 2.2930189810189807
209.914 2.446353646353646
210.923 1.7679603567889
211.962 0.5582598652550529
212.963 1.650893106893107
214.092 0.8702852081488043
215.093 2.0007512487512487
216.65 0.597456647398844
217.823 0.5787894288150043
218.824 2.306877122877123
219.825 1.9948691308691309
220.834 1.8528761149653121
221.835 2.6676683316683314
222.843 1.9946666666666668
223.844 2.0659980019980018
224.853 2.072269573835481
225.854 2.4174305694305693
226.855 2.1037762237762236
227.863 2.256809523809524
228.864 2.3527992007992005
229.873 1.751532210109019
230.883 1.7553742574257427
231.893 1.1318415841584157
232.902 1.106331020812686
233.913 0.9621839762611275
234.934 0.9968579823702252
235.942 0.8034285714285715
236.943 1.2066333666333666
237.953 1.6549782178217822
238.954 1.280951048951049
239.963 1.1693954410307237
241.113 1.3162782608695653
242.133 1.8931450980392157
243.143 2.287825742574257
244.152 2.25199603567889
245.154 2.066826347305389
246.163 2.1310525272547074
250.192 0.28569272772400095
251.343 5.431457862728062
252.353 1.5061544554455446
253.354 2.3966113886113884
254.364 2.825679207920792
255.403 2.854667949951877
256.404 2.889102897102897
257.414 2.5563801980198018
258.421 3.2768699106256207
259.423 3.7440079840319362
260.424 3.7536063936063937
261.463 3.899156881616939
262.464 3.7996003996003997
263.465 4.620603396603397
264.474 3.108733399405352
265.476 3.84538123752495
266.478 4.198714570858283
267.479 3.7281438561438565
268.534 2.9208644549763036
269.545 4.786112759643918
270.546 4.246865134865135
271.553 3.967777557100298
272.556 5.493844311377246
273.995 0.3956580958999305
275.003 6.1873571428571426
276.016 2.5928529121421517
277.023 2.156607745779543
278.024 3.115924075924076
279.025 3.249190809190809
280.027 5.133413173652695
281.036 0.6615262636273539
282.044 2.670857142857143
283.045 2.897262737262737
284.046 2.553582417582418
285.054 3.2897142857142856
286.064 3.817924752475248
287.065 5.258805194805196
288.066 3.1391568431568433
289.067 4.2703856143856145
290.074 3.738566037735849
291.075 3.3925114885114884
292.076 4.154789210789211
293.077 4.3185614385614395
294.079 3.067385229540918
295.456 0.5007058823529412
296.816 5.557858823529412
297.817 1.650893106893107
298.853 2.3028880308880306
299.874 2.658287952987268
300.875 2.0125554445554448
301.884 3.4599960356788904
302.894 3.7333148514851486
303.896 4.0630419161676645
304.904 3.470626984126984
305.906 3.95777022977023
306.934 3.0968793774319066
307.935 3.104991008991009
308.936 3.1924555444555445
309.937 2.586261738261738
310.944 2.0866415094339623
311.945 1.9722517482517483
312.955 1.9829227722772276
313.964 1.6429653121902874
314.974 1.3869623762376238
315.997 0.8325083088954057
318.215 0.13322272317403064
319.224 2.2674886025768086
320.225 1.618093906093906
321.242 1.28862930186824
322.244 1.4746293706293705
323.246 1.528055888223553
324.294 1.5398739255014326
325.295 1.9023536463536466
326.296 2.017702297702298
327.305 2.0679960356788905
328.314 2.4729752229930626
329.315 1.9892347652347653
330.324 2.5814390485629337
331.356 2.164007751937985
332.365 2.570592666005946
333.366 1.8444115884115884
334.367 1.8304015984015984
335.375 1.7914285714285714
336.384 1.2531060455896927
337.394 1.5494970297029704
338.445 1.5912838095238098
339.454 1.9198097125867197
340.455 1.737894105894106
341.465 2.210471287128713
342.485 2.0292078431372547
343.486 2.569270729270729
344.505 1.8877409224730126
345.519 2.331266272189349
346.525 1.8226958250497018
347.535 1.973108910891089
348.544 1.5293399405351833
349.545 1.3994325674325674
350.555 1.121758415841584
351.556 2.3615424575424577
352.564 1.5889761904761903
353.575 1.2773412462908011
354.595 1.0420156862745098
355.605 1.8745663366336636
356.615 1.1472158415841582
357.624 1.572725470763132
358.635 0.781459940652819
359.655 0.8798117647058823
360.724 0.6907689429373246
361.735 1.1907418397626113
362.755 0.9372392156862744
363.854 0.9965131938125568
364.865 1.1474421364985163
365.887 0.6522739726027398
366.955 1.2858651685393259
367.965 1.3327841584158417
368.974 0.9238057482656095
369.985 0.9764510385756676
371.225 1.050883870967742
372.235 1.3652910891089107
373.245 1.1100198019801981
374.495 1.0915008000000002
375.496 1.465030969030969
376.505 1.0685034687809711
377.535 0.9838368932038836
378.545 1.1052356435643564
379.555 0.8070495049504951
380.615 0.840188679245283
381.625 1.1269069306930695
382.645 0.9469176470588235
383.655 1.3219485148514853
384.656 1.1236123876123876
385.665 1.2452408325074331
386.766 0.6560435967302453
387.796 1.0736077669902913
388.797 1.158905094905095
389.942 0.9583510917030568
390.957 1.239960591133005
391.965 1.346285714285714
392.966 0.81791008991009
393.976 0.5092752475247525
394.995 0.40811776251226695
396.525 0.08583529411764705
398.315 0.08216312849162011
411.486 0.006647331258066965
412.926 0.015199999999999998
420.045 0.003074589127686473
421.056 0.34639762611275965
422.072 0.23697637795275592
423.805 0.3964500865551067
