0.0 1.0661785714285714
1.001 1.0495744255744255
2.01 0.9799960356788898
3.011 1.3634045954045955
4.06 0.7537998093422307
5.07 0.9009425742574256
6.089 0.6813738959764474
7.09 0.8948171828171828
8.11 0.5757411764705882
9.13 0.7082588235294118
10.322 0.7258791946308725
11.33 0.9648650793650794
12.331 0.9584095904095905
13.34 1.0589098116947473
14.51 0.8158290598290598
15.53 0.9722352941176471
16.541 1.0188486646884274
17.542 1.0963516483516484
18.57 1.2988015564202335
19.571 0.928879120879121
20.58 0.9068305252725471
21.59 0.9539326732673268
22.76 1.0352068376068375
23.94 1.1353966101694917
25.16 1.1603409836065572
26.171 1.320640949554896
27.172 1.0674605394605394
28.18 1.2377142857142858
29.191 0.8395410484668645
30.29 0.8918726114649681
31.3 1.1052356435643564
32.321 0.8691870714985308
33.351 0.8940038834951456
34.432 0.898049953746531
35.44 1.0857142857142859
36.45 0.8543841584158417
37.571 0.9469830508474576
38.591 0.8718823529411764
39.83 0.8251105730427765
40.84 1.0510574257425742
41.86 0.9821254901960785
42.861 1.2682357642357642
44.37 0.4130205434062293
45.381 0.41134718100890205
46.382 0.6561118881118881
47.391 1.6526223984142716
48.392 1.722877122877123
49.401 2.1610941526263625
50.41 1.9037224975222995
51.53 2.0654714285714286
52.531 2.690901098901099
53.532 1.4863536463536464
54.541 2.5652329038652133
55.551 1.9984
56.561 2.1533702970297033
57.571 1.2339485148514853
58.572 2.7459500499500504
59.573 2.49146053946054
60.781 1.4885298013245032
61.782 2.6554725274725275
62.792 2.9050772277227725
63.961 1.712568006843456
64.962 2.5306613386613384
65.973 2.282967359050445
66.981 2.0369920634920633
67.982 2.951928071928072
69.001 1.9511835132482827
70.081 1.3440740740740742
71.091 2.1996356435643563
72.092 1.542905094905095
73.101 1.9740416253716553
74.122 1.5478393731635651
75.131 1.7354212091179386
76.141 1.2027247524752476
77.151 1.3111128712871287
78.152 0.8520919080919082
79.181 1.5634285714285714
80.191 0.41175445544554456
81.192 1.2816223776223776
82.193 2.432663336663337
83.201 2.931452380952381
84.202 2.791056943056943
85.211 1.702358771060456
86.221 2.2315326732673264
87.222 2.5812747252747252
88.224 2.416670658682635
89.232 2.8127539682539684
90.381 2.912821583986075
91.392 3.534330365974283
92.401 2.3108027750247766
93.402 2.0216503496503497
94.403 2.6676683316683314
95.411 1.505111111111111
96.413 1.9381397205588822
97.419 2.3868469184890655
98.422 3.4370488534396806
99.423 2.551984015984016
100.432 2.9082735381565907
101.433 2.07848951048951
102.434 2.067148851148851
103.441 1.7487428003972196
104.451 1.486755203171457
105.452 2.219412587412587
106.462 1.5932831683168316
107.472 1.6818534653465347
108.481 1.6703429137760157
109.491 1.2677702970297031
110.501 0.7833029702970298
111.511 1.2135920792079207
112.522 1.148578217821782
113.531 0.9822239841427156
114.532 1.475964035964036
115.541 1.4377958374628346
116.542 1.8258221778221777
117.552 1.400142574257426
118.562 1.3977980198019802
119.571 1.101668979187314
120.573 1.1359041916167665
121.581 1.0748571428571427
122.601 0.6528156862745098
123.611 0.9427009900990099
124.621 0.6284673267326734
125.624 0.43645064805583256
126.632 0.3246984126984127
127.635 0.5019182452642074
128.642 2.0866415094339623
129.643 1.9493706293706294
130.762 0.9907703306523683
131.772 1.591279207920792
132.822 1.5113142857142856
133.841 0.5511364082433758
134.842 1.618093906093906
135.852 1.6451326732673268
136.861 1.3322259663032705
138.159 0.9105947611710323
139.282 1.3126838824577027
140.532 1.0156032
141.542 1.9630178217821783
142.562 1.8597647058823528
143.572 1.8095524752475247
144.634 0.8667645951035781
145.642 1.431888888888889
146.652 1.0246415841584158
147.662 1.4736475247524752
148.672 0.718019801980198
149.682 0.9968792079207921
151.063 0.4437827661115134
152.073 0.4790811881188119
153.132 0.8474107648725212
154.142 0.6599128712871287
155.153 1.1041424332344212
156.162 0.8126144697720514
157.172 1.1594138613861387
158.213 0.5354697406340059
159.216 1.9640279162512464
160.222 1.3588946322067597
161.232 2.004594059405941
162.242 1.0131564356435643
163.243 1.5743616383616383
164.822 0.8457150094996833
165.83 1.509595238095238
166.842 1.185201581027668
167.843 1.0823736263736263
168.853 0.9855524752475248
169.854 1.2716403596403596
170.862 1.5351031746031747
171.872 1.4497267326732675
172.873 1.4978301698301697
173.883 1.5680475247524754
174.893 1.302479207920792
175.902 1.3449514370664024
176.913 0.8620692383778438
177.922 1.2256412289395442
178.942 0.8616078431372549
180.002 1.6674716981132076
181.003 2.3615424575424577
182.013 1.383239603960396
183.022 1.6322933597621405
184.023 2.295944055944056
185.024 2.1244515484515487
186.026 2.1349700598802395
187.033 1.739717974180735
188.043 2.2321425742574257
189.052 1.6209871159563924
190.053 2.055416583416583
191.063 1.4469306930693069
192.273 1.5652495867768597
193.283 2.1454574257425745
194.393 1.5730954954954954
195.403 2.3513346534653468
196.404 1.7914085914085915
197.406 2.4902514970059877
198.435 2.059008746355685
199.436 2.499580419580419
200.443 2.5668798411122142
201.533 2.319721100917431
202.543 2.2038811881188116
203.544 1.841918081918082
204.683 2.2265847234416154
205.684 2.930061938061938
206.685 1.9762317682317683
207.693 1.7914285714285714
208.695 2.3482634730538923
209.703 1.7238968253968252
210.713 2.2542019801980198
211.714 2.8753966033966036
212.716 2.2729101796407183
213.723 2.4018113207547174
216.224 0.4647644942023191
217.233 5.86010703666997
218.234 1.9023536463536466
219.243 1.605264618434093
220.244 1.7226533466533467
221.253 2.2080158572844404
222.254 2.055416583416583
223.263 2.1134033696729437
224.284 1.7629618021547504
225.303 0.5477369970559373
226.323 1.0300235294117648
227.334 1.3645816023738875
228.343 1.2256412289395442
229.353 0.9318653465346535
230.614 0.017357652656621727
231.623 1.520396432111001
232.624 1.7655304695304694
233.625 1.8454265734265733
234.633 1.9580000000000002
235.643 1.709441584158416
236.644 1.7463896103896104
237.654 1.7463049504950496
238.664 1.9050613861386139
239.864 1.4934866666666669
240.954 2.190194495412844
242.054 2.1096945454545453
243.064 2.210471287128713
244.073 1.262406342913776
245.184 1.1872619261926194
246.213 0.9784723032069971
247.224 0.9850682492581603
248.225 1.9242197802197802
249.226 1.8867852147852147
250.234 2.128
251.235 2.131948051948052
252.236 1.3145494505494506
253.244 1.4005714285714288
254.274 1.4791145631067961
255.284 2.091279207920792
256.285 1.6703136863136863
257.294 2.0716590683845393
258.296 2.1299960079840323
259.304 2.1307539682539685
260.314 1.7003643564356434
261.324 1.8312237623762375
262.344 1.797364705882353
263.349 2.153846766169154
264.354 0.9473910447761195
265.374 0.3755294117647059
266.375 2.0007512487512487
267.376 2.572835164835165
268.394 2.904542239685658
269.464 2.9613532710280377
270.466 3.512854291417166
271.474 2.3039682539682538
272.475 2.847048951048951
273.594 3.022770330652368
274.595 3.896783216783217
275.6 4.083550248756219
276.704 2.900268115942029
277.705 3.7296863136863134
278.715 3.182621782178218
279.825 3.302025225225225
280.826 4.2354445554445554
281.827 2.568175824175824
282.829 2.8830339321357283
283.894 2.2466553990610327
284.924 2.1250485436893207
285.945 2.3778726738491676
287.115 2.261894017094017
288.116 3.17058941058941
289.117 3.253706293706294
290.295 2.687755517826825
291.296 3.121238761238761
292.405 2.8714156898106404
293.525 4.067564285714286
294.527 4.16134131736527
295.755 3.3535895765472317
296.756 5.357202797202797
297.758 3.294810379241517
298.764 4.612580516898608
300.278 1.2208877146631438
301.285 7.265795431976167
302.286 3.9031048951048954
303.287 3.459148851148851
304.288 3.678713286713287
305.296 3.7016428571428572
306.297 4.078745254745256
307.395 3.564225865209472
308.396 3.8593726273726277
309.405 3.057958374628345
310.406 3.3609830169830173
311.415 2.8714846382556987
312.475 3.1558113207547174
313.476 2.645802197802198
314.478 3.3026413586413588
315.485 3.727698113207547
316.486 3.9031048951048954
317.487 3.6257822177822177
318.495 4.093142857142857
319.501 4.046886679920477
320.505 2.922796812749004
321.506 3.3783176823176824
322.516 2.74229702970297
323.517 3.236187812187812
324.525 1.975714285714286
325.526 2.4052747252747255
326.535 2.147583746283449
327.545 1.5308752475247525
328.546 2.8425974025974026
329.557 2.164985163204747
330.565 1.416809523809524
331.566 1.2573026973026973
333.045 0.6733630831643002
334.055 0.9747485148514853
335.056 1.126105894105894
336.065 1.3557978196233893
337.275 1.0774479338842977
338.285 1.289441584158416
339.286 1.4431648351648354
340.295 1.2556669970267593
341.305 1.6470178217821783
342.306 1.301034965034965
343.326 1.6581960784313725
344.506 1.8094169491525425
345.516 2.6222257425742574
346.526 2.0211168316831682
347.536 2.2321425742574257
348.537 1.64382017982018
349.545 1.758857142857143
350.556 1.3868644906033631
351.618 1.358975517890772
352.626 1.8457142857142859
353.636 1.71409900990099
354.655 1.7771776251226694
355.656 1.8488551448551447
356.736 1.9343703703703703
357.737 2.5474045954045956
358.738 2.0275884115884115
359.739 1.7207832167832169
360.746 1.8753604766633563
361.747 1.5561158841158842
362.756 2.071651139742319
363.966 2.170796694214876
364.967 2.6348691308691308
365.976 1.8762973240832508
366.977 1.6727592407592409
367.986 1.2231278493557978
368.987 1.3321318681318681
369.995 1.996793650793651
370.997 1.5932854291417167
372.006 2.245201189296333
373.026 0.9133490196078432
374.066 1.073353846153846
375.076 0.8560158415841584
376.086 0.8843168316831683
377.096 0.6067960396039603
378.106 0.6501386138613862
379.116 0.28172673267326737
380.136 0.41580392156862744
381.155 0.5673091265947008
382.156 0.7434485514485515
383.166 0.6180990099009902
384.176 0.8776871287128714
385.186 0.9968792079207921
386.196 0.9239128712871287
387.197 0.5903856143856144
388.216 0.7517958783120706
389.246 0.6328155339805825
390.456 0.728297520661157
391.461 0.9800597014925374
392.466 0.8450388059701492
393.606 0.9944210526315789
394.607 1.2245034965034967
395.616 1.0881823587710606
396.617 0.8617702297702298
397.656 0.9559730510105872
398.666 1.2027564356435643
399.667 1.0404075924075924
400.676 1.0986402378592666
401.786 0.9491891891891892
402.787 1.1802277722277723
403.796 1.0394291377601586
404.797 0.9446393606393606
405.806 1.0214390485629337
406.816 0.7395168316831684
407.837 0.4394750244857982
408.876 0.3791953801732435
410.697 0.09615815485996705
412.527 0.035881967213114756
436.031 0.0
