0.0 2.6725790476190476
1.001 2.886329670329671
2.011 2.063271287128713
3.012 2.03808991008991
4.02 2.1931428571428575
5.021 1.8631608391608394
6.03 2.2605510406342915
7.031 2.831664335664336
8.04 2.0978553022794846
9.041 2.7159400599400603
10.042 2.551944055944056
11.07 2.548793774319066
12.071 2.951928071928072
13.072 2.551944055944056
14.08 2.534214285714286
15.101 2.3626092066601374
16.12 2.582045142296369
17.13 2.784760396039604
18.132 2.5930858283433134
19.14 2.023936507936508
20.15 2.3558336633663366
21.151 2.711400599400599
22.16 2.4666323092170463
23.17 2.5942178217821787
24.18 2.2258059405940593
25.19 2.1237861386138617
26.191 1.9943576423576423
27.2 2.195472745292369
28.201 2.6676683316683314
29.202 2.5738101898101897
30.21 2.317079365079365
31.22 2.2908198019801977
32.221 2.591136863136863
33.23 2.2171655104063426
34.24 2.1824633663366337
35.241 2.31781018981019
36.25 2.2713974231912784
37.26 2.691738613861386
38.27 2.6375603960396035
39.271 2.6064575424575422
40.28 2.570592666005946
41.29 1.0448712871287127
42.3 2.781116831683168
43.301 2.500963036963037
44.309 2.360507936507936
45.31 2.639408591408591
46.311 2.551944055944056
47.33 2.491666339548577
48.331 2.562877122877123
49.34 2.5425569871159563
50.349 2.369014866204162
51.35 2.5802037962037963
52.351 2.726873126873127
53.359 2.6970793650793654
54.36 2.4863456543456546
55.361 2.639408591408591
56.38 2.7109244357212954
57.396 2.9514330708661416
58.399 2.4377427716849454
59.4 2.4644795204795207
60.41 2.583382178217822
61.679 2.03024743892829
62.68 2.6895344655344653
63.7 2.3541960784313725
64.71 2.6483960396039605
65.711 2.519144855144855
66.72 2.418743310208127
67.729 2.206319127849356
68.73 2.1255544455544455
69.839 2.3231523895401263
70.84 2.45994005994006
71.849 2.2713974231912784
72.85 2.3442157842157845
73.93 2.5375407407407407
74.931 2.7879320679320685
75.939 2.4039365079365083
76.94 2.1474205794205794
77.949 2.1692765113974235
78.97 1.5479725759059746
79.971 1.4540979020979021
80.989 1.3912770137524557
81.999 1.2027564356435643
83.207 0.9550198675496689
84.209 1.474491017964072
85.309 1.635781818181818
86.31 2.099148851148851
87.319 1.9785450941526266
88.339 2.2209882352941177
89.34 1.9943576423576423
90.349 1.8809276511397424
91.359 2.0696079207920794
92.369 1.7598732673267328
93.449 2.0916740740740742
94.45 2.339676323676324
95.451 2.3004595404595407
96.463 2.199802371541502
97.469 2.4150775347912528
98.471 2.0797445109780437
99.489 2.2083143418467586
100.49 2.4927392607392607
101.509 1.851729146221786
102.519 2.117449504950495
103.53 2.6629317507418397
104.539 2.3690227948463822
105.549 2.247477227722772
106.569 1.9572078431372548
107.579 2.3079920792079207
108.58 2.0818221778221777
109.589 1.84388503468781
110.609 1.8499137254901963
111.649 1.603876923076923
112.659 2.5030336633663364
113.669 2.2041346534653465
114.679 2.2583128712871288
115.68 2.438073926073926
116.689 1.8375421209117937
117.699 2.247477227722772
118.7 2.4162077922077927
119.709 2.1629335976214072
120.71 2.234885114885115
121.719 2.3102794846382557
122.739 2.032313725490196
123.749 2.1499564356435643
124.75 2.3834085914085916
125.758 2.078222222222222
126.759 2.0708891108891105
127.819 2.327305660377358
128.82 2.613002997002997
129.829 2.2497046580773046
130.838 2.1737799801783946
131.839 2.438073926073926
132.84 2.158353646353646
133.849 2.0436233894945492
134.859 2.1888
135.869 1.976578217821782
136.878 2.0110842418235877
137.879 2.121014985014985
138.88 1.9615584415584417
139.889 2.325629335976214
140.89 2.7441998001998003
141.899 2.369014866204162
142.919 2.1610666666666662
143.968 2.184785510009533
144.969 1.9898181818181815
145.978 1.859234886025768
146.989 2.121685459940653
147.999 1.8790653465346534
149.006 2.1454935451837143
150.009 2.411389830508474
151.018 2.2171655104063426
152.128 1.492872072072072
153.138 1.1052356435643564
154.158 1.0192941176470587
155.362 0.10895428096425602
156.368 2.2566679920477135
157.398 1.8594174757281554
158.4 1.4571816367265469
159.408 1.0965714285714288
160.438 0.9713087378640777
161.448 1.5169900990099012
162.468 1.5709490196078433
163.469 1.7164915084915087
164.478 1.2039484638255697
165.479 1.1634445554445554
166.488 2.060812685827552
167.498 1.9765861386138615
168.499 1.9615584415584417
169.508 2.245201189296333
170.518 1.7815445544554454
171.528 1.863730693069307
172.548 1.120313725490196
173.561 1.0371411648568607
174.568 1.054188679245283
175.588 1.04521568627451
176.598 0.9752079207920793
177.608 1.0510574257425742
178.618 0.8496792079207921
179.638 0.7725176470588235
180.658 0.6223058823529412
181.668 0.7043168316831683
182.678 0.6826455445544554
183.71 0.4391937984496124
184.718 0.532
185.738 0.5901176470588235
186.748 0.9968792079207921
187.758 0.9580356435643564
188.779 1.200517140058766
189.788 1.3449514370664024
190.798 1.0772277227722773
191.808 1.3436198019801981
192.849 1.2133563880883766
193.858 1.7137284440039644
194.868 1.662352475247525
195.878 2.1454574257425745
196.879 1.8631608391608394
197.888 2.0391199207135777
198.897 1.5338434093161546
199.898 1.5196963036963036
200.908 0.9688712871287128
201.917 0.9544816650148662
202.947 0.6056388349514563
203.988 0.4625706051873199
204.997 0.42300891972249755
206.048 0.36877640342530926
207.068 0.901270588235294
208.077 0.7700931615460852
209.098 0.8682311459353576
210.108 0.8496792079207921
211.117 1.1822556987115957
212.128 1.0608427299703265
213.147 1.0247536800785082
214.148 1.2135704295704295
215.158 1.2569346534653467
216.168 1.023049504950495
217.198 1.1156504854368932
218.207 0.8026323092170465
219.277 0.7815775700934579
220.297 0.7517958783120706
221.323 0.768
222.327 0.7630278884462152
223.337 0.7476594059405941
224.348 0.578215628090999
225.357 0.6724757185332012
226.367 0.7043168316831683
227.378 0.8443442136498516
228.387 0.7095183349851338
229.394 0.9346415094339623
230.397 1.0038364905284147
231.417 0.815435294117647
232.427 0.7629940594059406
233.437 0.9535366336633664
234.447 0.9427009900990099
235.578 0.9039221927497788
236.848 1.407240356083086
237.857 1.12802378592666
238.877 1.120313725490196
239.887 1.0618930693069308
240.897 0.6718099009900991
241.907 0.5959603960396039
242.917 0.5137742574257426
243.937 0.3111529411764706
258.422 0.0007555402140144978
259.462 0.31569230769230766
260.472 0.6393029702970296
261.481 0.6941684836471754
262.501 0.7081411764705883
263.531 0.5037980582524273
264.542 0.746919881305638
265.551 0.8134786917740336
266.561 0.9535366336633664
267.571 0.6609742574257427
268.581 0.21037623762376237
269.591 0.2708910891089109
270.621 0.24438058252427186
273.523 0.0339407305306685
274.543 0.6974117647058823
275.553 0.8668514851485148
276.563 0.8126732673267326
277.573 0.275390099009901
278.583 0.5634534653465347
279.603 0.6115764705882353
280.633 0.4568854368932039
281.643 0.6609742574257427
282.663 1.120313725490196
283.673 0.9643722772277228
284.693 0.6008470588235294
285.713 0.38625882352941177
286.733 0.7188705882352942
287.743 0.47043168316831685
288.753 0.7584950495049506
289.754 1.158905094905095
290.763 1.1216808721506444
291.773 1.3869623762376238
292.783 1.0835643564356436
293.793 0.925528712871287
294.794 0.7325154845154845
295.803 0.8134786917740336
296.804 0.9621098901098901
297.813 1.0349098116947473
298.823 1.289441584158416
299.833 1.3761267326732671
300.843 1.2072554455445546
301.853 1.0727287128712872
302.863 1.0880633663366335
303.873 1.0727287128712872
304.883 1.3111128712871287
305.893 1.239762376237624
306.894 1.2135704295704295
307.903 1.410029732408325
308.913 1.1530772277227723
309.933 1.2016941176470588
310.938 1.0562865671641792
311.939 1.0103816183816183
312.942 1.2984406779661017
313.973 0.9703666343355964
314.993 0.9763764705882353
316.013 0.7617882352941177
317.033 0.4720941176470589
344.982 0.0027409925220938137
345.992 0.3792475247524753
347.399 0.3999203980099503
348.402 0.45827318045862414
350.162 0.09949090909090909
351.662 0.10951300867244829
352.672 0.3142336633663367
353.702 0.33870291262135926
354.722 0.3553882352941176
355.755 0.6568518877057116
356.792 0.2321774349083896
357.812 0.42917647058823527
358.813 0.23413386613386614
359.832 0.3758979391560353
360.842 0.4767683168316832
361.902 0.299411320754717
367.811 0.005556270096463024
368.829 0.1290058939096267
369.839 0.6176316831683168
370.84 0.830913086913087
371.869 0.4192031098153547
372.899 0.5950135922330098
373.93 0.49890203685741996
374.931 0.7762477522477522
375.939 1.064
376.94 0.911984015984016
377.95 1.4194693069306932
378.999 1.0789094375595805
380.059 0.5678490566037736
383.714 0.017965526675786596
384.719 2.694240796019901
385.746 1.0975968841285297
386.789 0.4181783317353787
393.205 0.020428927680798004
394.25 0.9356248803827751
395.259 0.17170267591674926
404.135 0.0049319513294276696
405.225 0.06024220183486238
406.365 0.057600000000000005
407.475 0.0985945945945946
408.486 0.123568743818002
409.535 0.719862726406101
410.536 0.31705894105894106
411.537 1.126105894105894
412.545 1.2856507936507937
413.546 1.7820899100899101
414.555 1.7182319127849355
415.566 2.2191097922848666
416.567 1.8740939060939061
417.575 1.6828571428571428
418.585 1.467310891089109
419.595 1.1919207920792079
420.637 0.7605681381957774
421.645 0.988
425.517 0.13284297520661156
426.525 1.9696507936507939
427.526 1.7495464535464536
428.535 1.717978196233895
429.536 1.4978301698301697
430.571 0.8247652173913043
431.604 0.26485963213939984
432.625 0.21882859941234084
433.691 0.22586116322701685
435.065 0.18301018922852985
436.486 1.9609690140845069
437.497 2.05673590504451
438.563 1.1233020637898687
439.575 2.3683162055335973
440.634 0.8310330500472143
444.104 0.034692795389048986
445.135 0.9128845780795344
446.144 0.10846382556987116
447.165 0.16078354554358473
450.575 0.041646920821114375
451.844 0.8562693069306931
452.875 0.28660329776915616
453.944 0.21498971000935452
455.034 0.12048440366972477
456.035 0.3106653346653347
457.044 0.6182438057482657
459.685 0.14493903824308974
460.694 0.6944222001982161
461.705 0.7144451038575669
462.716 1.4333847675568745
463.725 2.0282735381565904
464.735 1.7382019801980197
465.744 1.876424182358771
466.745 1.2618421578421577
467.975 0.6495219512195122
469.014 0.3370625601539943
470.434 0.1156056338028169
471.464 0.22313009708737863
473.026 0.16815364916773368
474.164 0.37905096660808435
475.205 0.4205187319884726
476.234 0.24461807580174927
479.334 0.007060645161290323
480.344 0.5092752475247525
488.685 0.038080805658793904
489.695 0.46567920792079204
490.705 0.574289108910891
491.706 0.9229170829170829
492.716 2.3513346534653468
493.725 2.390707631318137
494.726 2.03808991008991
495.735 2.353665014866204
496.736 1.8522277722277722
497.746 1.7445386138613863
498.755 1.479611496531219
499.756 2.541002997002997
500.757 2.672207792207792
501.765 3.0074285714285716
502.776 1.9962809099901089
503.785 2.0761625371655104
504.795 2.5508752475247527
505.825 2.964442718446602
506.826 2.672207792207792
507.835 2.7160991080277506
508.836 2.759672327672328
509.845 2.8137165510406343
510.855 2.865108910891089
511.856 2.726873126873127
512.857 2.613002997002997
513.865 2.7513650793650797
514.875 2.789259405940594
515.876 2.7924715284715287
516.885 2.6510208126858275
517.886 2.5364715284715285
518.895 1.8375421209117937
519.896 1.7319640359640358
520.897 1.9460859140859141
527.713 0.019230046948356807
529.651 0.5276532507739938
530.653 1.6820119760479042
531.661 2.479936507936508
532.671 2.4750257425742572
533.672 2.9847272727272727
534.673 2.3988811188811185
535.682 2.3581684836471757
536.683 2.7378061938061937
537.685 2.527552894211577
538.691 2.784954274353877
539.692 2.4098141858141857
540.693 2.0162237762237765
541.711 2.3436070726915523
542.712 1.885026973026973
543.721 2.108701684836472
544.73 0.8785569871159564
545.731 0.6669170829170828
546.751 0.815435294117647
547.761 0.9146930693069307
548.77 1.2256412289395442
549.781 1.1041424332344212
550.791 0.871350495049505
551.801 1.1377425742574259
552.821 1.3519058823529413
553.823 1.3370379241516968
554.83 1.3910943396226414
555.841 1.1627616221562809
556.85 1.0629454905847373
557.851 0.8746453546453548
558.871 1.0022901960784314
559.891 1.2768
560.911 1.266070588235294
561.921 0.9688712871287128
562.93 0.9870208126858276
563.95 0.8476235294117647
564.961 0.7252700296735906
565.99 0.7701768707482993
567.0 0.8560158415841584
568.001 0.6778501498501498
569.161 0.31133793103448276
570.18 0.3758979391560353
571.34 0.3624275862068965
572.35 0.8235089108910891
573.351 1.158905094905095
574.36 0.9327888999008919
575.362 0.9219960079840319
576.37 0.9011428571428571
577.39 0.8583529411764705
578.4 0.8343445544554455
579.401 0.8463856143856144
580.41 1.0087135777998018
581.411 1.005842157842158
582.42 1.1542200198216055
583.421 0.8746453546453548
584.43 0.9327888999008919
585.445 0.7915822660098523
586.455 0.6067960396039603
587.46 0.8276059701492537
588.47 1.3219485148514853
589.49 1.238337254901961
590.51 1.2875294117647058
591.52 1.1639128712871287
603.703 0.0826436838217188
604.733 0.4143844660194175
605.743 0.9643722772277228
606.773 0.8331883495145631
607.783 0.899358415841584
608.793 1.0510574257425742
609.803 1.1269069306930695
610.813 1.1747485148514851
611.814 1.2901018981018981
612.823 1.1542200198216055
613.833 1.0510574257425742
615.137 0.1005153374233129
616.273 1.1659154929577464
617.284 0.6106666666666666
618.303 1.1384337585868496
619.333 1.0306485436893205
620.334 1.24
621.343 1.6269573835480673
622.344 1.4695704295704295
623.352 1.292
624.373 0.7610421155729676
625.374 0.830913086913087
626.392 0.724746561886051
627.412 0.8047058823529412
628.422 0.7584950495049506
629.423 1.2135704295704295
630.432 0.633593657086224
631.433 0.7653146853146854
632.454 0.7824799216454456
633.462 0.5537142857142856
634.472 0.5201108910891089
635.502 0.748178640776699
636.503 0.7215824175824177
637.513 0.6176316831683168
676.059 0.0028392051055881285
677.069 0.899358415841584
678.089 0.8842666666666666
679.099 1.4953188118811882
680.109 1.4781465346534652
681.119 1.5278257425742576
682.139 1.2490666666666665
683.149 0.9860435643564357
684.16 1.2665163204747776
685.179 1.2502924435721297
686.189 1.24609900990099
687.198 1.0195599603567889
688.379 0.4170025402201524
689.396 0.46719370698131757
690.408 0.9949090909090907
691.409 1.0823736263736263
692.42 1.1519129574678537
693.429 1.4534152626362735
694.453 1.4748750000000002
695.459 1.277351888667992
696.468 1.3557978196233893
697.478 0.7413227722772278
698.479 0.6341178821178821
699.48 0.31705894105894106
700.608 0.09702127659574468
701.639 0.8810397672162948
702.648 0.56401189296333
703.72 0.6269850746268656
704.739 0.966594700686948
705.959 0.008970491803278689
707.028 0.19451449953227318
708.045 0.30130973451327436
712.258 0.020781390932826965
786.881 0.0007332859842139822
787.891 0.39033663366336635
788.892 0.6447952047952048
790.091 0.4875529608006672
791.101 0.9968792079207921
792.112 0.9417685459940653
793.121 0.9653280475718532
794.141 0.7233019607843136
795.156 0.8302344827586208
796.161 1.0127283582089552
797.221 0.9644905660377359
798.232 1.2556913946587538
799.242 1.4086336633663366
800.261 0.94956624141315
801.272 0.5195964391691394
802.301 0.48923615160349854
803.311 0.5201108910891089
804.341 0.669390291262136
805.421 0.3546666666666667
806.447 0.18133333333333335
807.635 0.09602695871946082
808.651 0.22620472440944883
809.671 0.7939764705882353
810.681 1.1594138613861387
811.741 0.9747924528301888
812.811 0.45003364485981306
814.231 0.06936338028169013
815.251 0.9763764705882353
816.26 0.5965510406342913
817.261 0.4263896103896104
818.29 0.478600583090379
819.291 0.2669330669330669
820.311 0.42917647058823527
821.341 0.44626019417475726
822.41 0.26617773620205804
823.44 0.24461807580174927
824.48 0.30516923076923075
825.481 0.7109050949050949
826.491 0.7627405940594059
827.501 1.0077148514851484
828.511 1.2244277227722773
829.521 1.1855841584158415
830.534 1.1451767028627837
831.541 0.8694339622641509
832.551 0.8235089108910891
833.561 0.4921029702970297
834.581 0.8368941176470588
835.582 1.2026373626373628
836.752 0.7802529914529913
837.761 1.05209910802775
838.821 0.5678490566037736
839.83 0.553165510406343
840.84 0.6284673267326734
841.86 0.4765490196078432
843.399 0.2915555555555555
844.411 0.3568695652173913
845.42 0.282005946481665
853.542 0.016169416399901503
854.543 1.6071608391608392
855.545 1.4462594810379241
856.552 2.2324369414101297
857.563 2.413958456973294
858.573 2.1282851485148515
859.582 2.0436233894945492
860.583 2.350609390609391
861.584 1.8194285714285712
862.592 2.052
863.593 1.7538301698301697
864.603 2.0416
865.612 2.494667988107037
866.613 2.43168031968032
867.623 2.6267247524752473
868.625 2.6804630738522954
869.632 2.5041350546176764
870.633 2.9956603396603394
871.643 2.7025742574257423
872.645 2.6804630738522954
873.652 2.449795431976167
874.662 1.9070732673267328
875.663 0.7042557442557442
876.684 0.8039177277179236
877.692 0.42342857142857143
878.702 0.49843960396039605
879.723 0.7181665034280117
880.732 0.42751238850346884
881.742 0.6718099009900991
882.772 0.7870320699708454
883.782 0.6176316831683168
884.811 0.7551253644314869
885.822 0.6539901088031652
886.853 0.9128845780795344
887.855 1.4526467065868265
888.862 2.47153128103277
889.863 2.1255544455544455
890.943 2.2436740740740744
891.953 2.3188277227722773
892.962 2.021930624380575
893.972 2.2258059405940593
894.973 2.6786013986013986
895.982 2.325629335976214
896.983 2.377014985014985
898.002 2.517605495583906
899.003 2.613002997002997
900.012 2.1195480673934592
901.013 2.1364875124875122
902.022 2.3319722497522295
903.032 1.944079207920792
904.041 1.8266957383548066
905.042 1.6727592407592409
906.043 1.4805034965034964
907.051 1.2268571428571429
908.071 0.4720941176470589
909.145 0.4483575418994414
910.212 2.428059582919563
911.221 0.8460178394449951
912.241 0.9549176470588235
913.246 0.18964378109452734
914.261 2.0701950738916257
915.262 1.3602397602397602
916.275 1.372051332675222
917.342 1.4607310215557638
918.344 2.099148851148851
919.352 1.8176507936507937
920.371 1.4606319921491657
921.403 1.0860775193798449
922.412 1.605264618434093
923.421 1.750771060455897
924.422 2.0882157842157842
925.442 2.128878431372549
926.492 2.0888990476190474
927.499 2.3498051689860837
928.512 1.9923395853899306
929.521 1.5401863230921704
930.542 0.9584329089128306
931.561 1.5465515210991168
932.571 1.662352475247525
933.572 2.820731268731269
934.592 1.9357490196078433
935.611 1.3532325809617272
936.612 0.9447832167832168
937.623 1.2989910979228487
938.632 1.208451932606541
939.651 2.190947988223749
940.661 1.6081742574257425
941.662 1.5743616383616383
942.671 1.8809276511397424
943.832 2.0117278208441
944.851 1.772090284592738
945.861 1.4781465346534652
946.862 1.4978301698301697
947.965 0.11883227561196737
948.971 3.3662982107355863
949.981 1.9007366336633662
950.982 2.2084795204795205
951.991 1.6314608523290386
953.001 1.5603326732673266
954.011 1.4564752475247524
955.021 1.3327841584158417
956.031 1.3588831683168316
957.051 1.298258823529412
958.061 0.4767683168316832
959.101 0.284123076923077
960.111 0.7043168316831683
961.112 1.4149770229770229
962.121 1.9415024777006937
963.131 1.5973386138613863
964.132 1.7602237762237762
965.14 1.5353650793650793
966.141 1.618093906093906
967.142 1.3274405594405594
968.151 2.1412408325074326
969.152 2.121014985014985
970.153 2.245818181818182
971.161 1.976
972.17 1.0566025768087215
973.18 0.7476594059405941
974.19 0.6393029702970296
975.29 0.8697018181818182
976.291 1.3557002997002996
977.3 1.6920356788899902
978.301 1.6882317682317682
979.302 1.8522277722277722
980.311 1.8981169474727453
981.312 2.18021978021978
982.32 2.2365714285714287
983.331 2.1261800197823937
984.332 2.169286713286713
985.341 2.1584301288404366
986.343 1.2933493013972057
987.35 1.7714716981132075
988.351 1.5351688311688312
989.361 1.5494970297029704
990.362 1.6226333666333668
991.37 1.6937142857142857
992.371 1.5242357642357642
993.372 1.629026973026973
994.381 1.6423072348860257
995.404 1.9470263929618767
996.41 1.5601749502982107
997.48 1.8452934579439253
998.482 2.337341317365269
999.483 2.245818181818182
1000.5 2.6839646017699113
1001.501 2.5300779220779224
1002.51 2.5055143706640237
1003.511 2.0599560439560443
1005.29 1.0914176503653739
1006.301 1.8835370919881307
1007.31 1.3603012884043606
1008.311 2.055416583416583
1009.321 1.8790653465346534
1010.33 2.0825054509415266
1011.332 1.8285349301397205
1012.341 2.0870089197224972
1013.35 2.147583746283449
1014.352 1.9268343313373253
1015.36 2.631936507936508
1016.371 2.5222077151335314
1017.372 1.6117002997002998
1018.38 1.9977142857142858
1019.382 2.2217325349301396
1020.39 2.230222222222222
1021.392 1.7147784431137727
1022.4 1.491936507936508
1023.401 2.158353646353646
1024.41 2.201815659068384
1025.411 2.256751248751249
1026.412 2.245818181818182
1027.42 2.486285714285714
1028.443 2.5826471163245355
1029.45 3.5474558093346573
1030.451 3.273526473526474
1031.46 2.3798612487611495
1032.461 2.639408591408591
1033.462 3.109530469530469
1034.47 2.7947936507936504
1035.471 2.4490069930069933
1036.472 2.1146213786213783
1037.491 3.151262021589794
1038.492 2.7815384615384615
1039.501 2.325629335976214
1040.51 2.603131813676908
1041.511 2.4535464535464535
1042.52 1.6206144697720517
1043.521 2.121014985014985
1044.53 2.3581684836471757
1045.531 2.5738101898101897
1046.532 2.5847432567432564
1047.54 2.2039999999999997
1048.541 1.9943576423576423
1049.55 2.596788899900892
1050.552 3.1282714570858285
1051.561 2.9719088206144697
1052.57 1.848388503468781
1053.59 1.8177254901960784
1054.591 2.3615424575424577
1055.6 2.1520872150644204
1056.601 3.240727272727273
1057.602 3.174977022977023
1058.609 1.9174180734856008
1059.61 2.645802197802198
1060.62 2.3016633663366335
1061.621 2.4426133866133863
1062.623 2.8661397205588823
1063.71 2.490995400183993
1064.711 3.0721918081918083
1065.721 2.735081188118812
1066.722 2.519144855144855
1067.73 2.5125079365079364
1068.731 3.164195804195804
1069.74 3.5187314172447968
1070.741 2.7378061938061937
1071.742 2.7050069930069927
1072.75 2.573142857142857
1073.76 2.236641584158416
1074.761 2.9127352647352645
1075.762 3.5577862137862137
1076.764 2.887984031936128
1077.77 3.1810815109343933
1078.771 3.2626173826173823
1079.78 3.366882061446977
1080.781 3.9841758241758245
1081.783 3.7071457085828343
1082.79 3.8191539225422044
1083.791 2.8033966033966036
1084.792 3.2844595404595407
1085.8 3.467936507936508
1086.801 2.803404595404596
1087.81 3.041490584737364
1088.811 3.3063256743256746
1089.82 2.314782953419227
1090.83 2.49669702970297
1091.859 2.790934888241011
1092.86 3.258053946053946
1093.861 2.759672327672328
1094.862 2.7924715284715287
1095.869 2.9279841112214497
1096.87 2.759672327672328
1097.871 3.240727272727273
1098.872 3.503120879120879
1099.879 3.482248262164846
1100.881 3.4777804391217564
1101.889 2.7839365079365077
1102.899 2.5725465346534655
1103.9 2.770605394605395
1104.929 2.790934888241011
1105.93 2.5146053946053946
1106.931 2.256751248751249
1107.939 2.5993650793650795
1108.94 2.639408591408591
1109.989 2.9255138226882744
1110.99 2.8644635364635365
1111.991 2.7815384615384615
1112.999 2.4256507936507936
1114.0 2.6612747252747253
1115.001 2.4644795204795207
1116.009 2.8771428571428572
1117.01 2.9674005994005994
1118.019 2.86794846382557
1119.029 2.3016554455445544
1120.03 3.3172587412587413
1121.031 3.350057942057942
1122.039 3.5330793650793653
1123.04 2.8580699300699304
1124.049 2.314782953419227
1125.05 2.503672327672328
1126.051 2.8143376623376626
1127.059 3.196507936507936
1128.06 2.5738101898101897
1129.061 2.420747252747253
1130.089 2.357167315175097
1131.168 3.02674328081557
1132.169 3.503120879120879
1133.279 2.7450234234234236
1134.289 2.806431683168317
1135.29 2.890869130869131
1136.291 2.890869130869131
1137.299 2.8599365079365078
1138.3 2.847136863136863
1139.301 2.847136863136863
1140.302 2.6066093906093903
1141.349 2.983365807067813
1142.437 3.011764705882353
1143.449 3.1253122529644273
1144.45 3.229794205794206
1145.459 2.5534033696729432
1146.46 2.1474205794205794
1147.461 2.0708891108891105
1148.469 2.323428571428572
1149.47 2.8252707292707293
1150.479 3.1933399405351834
1151.489 2.6592316831683167
1152.498 2.575096134786918
1153.499 2.3724755244755245
1154.509 2.7242455445544556
1155.519 2.5942178217821787
1156.52 2.267692307692308
1157.528 2.6753650793650796
1158.529 2.3615424575424577
1159.539 2.5183683168316833
1160.54 2.770605394605395
1161.548 1.871936507936508
1162.549 3.0612587412587415
1163.561 3.439770750988142
1164.629 3.07587265917603
1165.63 3.1487232767232767
1166.68 3.2605866666666667
1167.682 4.738557442557442
1168.688 3.866465208747515
1169.689 3.2953926073926074
1170.69 3.885778221778222
1171.729 3.674155919153032
1172.948 2.6882296964725185
1173.949 2.8753966033966036
1175.009 3.467290566037736
1176.01 4.344967032967032
1177.012 3.7945229540918164
1178.013 3.4265894105894104
1179.019 3.953495029821074
1180.099 3.8084148148148147
1181.109 4.1328792079207926
1182.11 4.74949050949051
1183.159 3.9835576739752145
1184.16 4.2247032967032965
1185.169 4.657601585728444
1186.568 2.979133666904932
1187.569 4.443364635364635
1188.57 5.011884115884116
1189.58 4.3324198019801985
1190.589 4.907068384539148
1191.591 4.214099800399201
1192.592 4.92441958041958
1193.688 4.401861313868613
1194.689 4.399632367632367
1195.699 4.468784158415841
1196.749 4.000609523809524
1197.75 4.683892107892108
1198.759 4.798604558969277
1199.76 3.9887152847152847
1200.762 4.48261876247505
1201.768 4.356007952286282
1202.779 3.895137487636004
1203.78 4.191904095904096
1204.782 3.7836007984031936
1205.788 4.160190854870775
1206.848 3.859622641509434
1207.849 4.191904095904096
1208.85 3.9732427572427573
1209.857 3.8952293942403173
1210.858 3.360999000999001
1211.859 3.7764475524475527
1212.868 2.6401744301288406
1213.869 2.672207792207792
1214.87 2.519144855144855
1215.879 2.694406342913776
1216.88 2.8425974025974026
1217.898 2.9500982318271123
1218.899 2.8143376623376626
1219.9 2.5300779220779224
1220.908 3.0987936507936507
1221.918 3.168506930693069
1222.919 3.0985974025974024
1223.92 3.3937902097902097
1224.921 2.8362037962037965
1225.922 3.240727272727273
1226.927 3.565404975124378
1227.928 3.7655144855144855
1228.929 4.410565434565435
1229.938 3.772701684836472
1230.939 3.7108491508491506
1231.94 3.874845154845155
1232.948 4.455936507936507
1233.988 4.007507692307692
1235.018 3.1738153547133137
1236.019 2.776999000999001
1237.02 2.901802197802198
1238.022 3.0627385229540915
1239.027 2.683351243781095
1240.028 2.759672327672328
1241.029 2.5410109890109887
1242.038 2.4295896927651137
1243.039 2.4426133866133863
1244.04 2.9674005994005994
1245.048 3.185650793650794
1246.059 2.9272245301681505
1247.06 3.2844595404595407
1248.067 3.1562105263157894
1249.068 3.339124875124875
1250.078 3.1143287128712873
1251.079 2.978333666333666
1252.08 3.6889830169830167
1253.081 4.49802997002997
1254.088 4.003900695134062
1255.089 3.032999000999001
1256.09 3.0876643356643356
1257.091 2.726873126873127
1258.097 2.5718966202783298
1259.098 2.5738101898101897
1260.099 2.8143376623376626
1261.178 2.6413197405004634
1262.187 2.7875203171456886
1263.188 2.551944055944056
1264.189 3.0876643356643356
1265.19 3.5905854145854144
1266.347 3.7441382886776147
1267.401 3.1089184060721067
1268.428 4.490718597857838
1269.429 4.596427572427572
1270.432 3.9043828514456633
1271.445 4.282692991115498
1272.447 3.4231696606786426
1273.448 3.0767312687312685
1274.462 3.0912583826429985
1275.467 3.2604975124378113
1276.469 3.6962235528942116
1277.483 4.138161735700196
1278.518 4.164328502415459
1279.52 4.04573253493014
1280.521 3.7108491508491506
1281.528 3.482248262164846
1282.529 2.8143376623376626
1283.537 3.011936507936508
1284.538 3.339124875124875
1285.54 3.281181636726547
1286.541 3.1313966033966034
1287.547 2.767713717693837
1288.597 2.9539961904761904
1289.598 3.203388611388611
1290.599 2.3988811188811185
1291.6 3.186061938061938
1292.607 3.004059582919563
1293.608 2.3879480519480523
1294.617 2.3798612487611495
1295.618 2.8425974025974026
1296.627 2.6184816650148663
1297.628 2.4863456543456546
1298.637 2.4015540138751237
1299.647 2.5508752475247527
1300.717 2.9601495327102803
1301.727 3.0014732673267326
1302.728 3.022065934065934
1303.738 2.561710891089109
1304.746 2.5125079365079364
1305.747 2.6175424575424575
1306.757 3.125164356435644
1307.758 3.1204635364635362
1308.759 3.262593406593407
1309.767 3.3159365079365077
1310.768 3.1313966033966034
1311.769 3.4703216783216786
1312.787 3.19735952848723
1313.807 2.729725490196078
1314.808 2.897262737262737
1315.817 2.7594846382556986
1316.818 2.4644795204795207
1317.82 2.636774451097805
1318.827 2.645418073485601
1319.946 2.6055835567470957
1320.947 2.711400599400599
1321.957 2.2908198019801977
1322.958 3.1313966033966034
1323.966 3.685079365079365
1324.967 3.831112887112887
1325.968 3.3719240759240763
1327.027 3.6462474032105763
1328.036 3.236725470763132
1329.037 3.247120879120879
1330.038 3.0111328671328668
1331.04 2.6804630738522954
1332.046 2.9308946322067593
1333.048 2.767832335329341
1334.056 2.360507936507936
1335.147 2.4016131989000917
1336.148 2.7441998001998003
1337.156 2.631936507936508
1338.167 3.002999010880316
1339.168 2.803404595404596
1340.169 2.6612747252747253
1341.176 2.4823992055610726
1342.177 2.7223336663336664
1343.186 2.325629335976214
1344.187 2.3442157842157845
1345.216 2.3123343051506318
1346.218 2.708694610778443
1347.219 2.420747252747253
1348.226 2.47153128103277
1349.227 2.562877122877123
1350.228 2.8535304695304697
1351.237 2.705252725470763
1352.238 2.43168031968032
