0.0 0.06079999999999999
1.204 0.10895428096425602
2.212 2.280253968253968
3.23 1.8320471512770138
4.231 1.7820899100899101
5.241 1.6731881188118813
6.242 2.03808991008991
7.25 2.2365714285714287
8.26 2.2583128712871288
9.261 2.4535464535464535
10.262 2.569270729270729
11.27 2.2193650793650797
12.271 2.158353646353646
13.281 2.3188277227722773
14.29 2.054469772051536
15.3 2.0524356435643565
16.301 2.2850109890109884
17.31 2.021930624380575
18.311 2.2130189810189806
19.32 2.397050545094153
20.33 2.0849425742574255
21.34 2.171627722772277
22.35 2.269148514851485
23.351 2.6567352647352642
24.36 2.369014866204162
25.361 2.7378061938061937
26.37 2.7377918731417243
27.394 2.494625
28.41 2.542110236220472
29.411 2.1146213786213783
30.42 2.021930624380575
31.421 2.110081918081918
32.43 1.6965391476709613
33.431 1.9023536463536466
34.44 2.1195242814667985
35.45 1.571168316831683
36.461 1.130310583580613
37.47 1.9740416253716553
38.471 2.245818181818182
39.486 2.3442285714285713
40.49 2.642422310756972
41.5 2.817267326732673
42.51 2.52920396039604
43.511 2.562877122877123
44.52 2.4340931615460857
45.62 2.083490909090909
46.621 2.8425974025974026
47.63 2.2605510406342915
48.631 2.2676843156843156
49.66 2.376147716229349
50.661 2.6676683316683314
51.67 2.488325074331021
52.671 2.508211788211788
53.69 2.1417075564278703
54.7 2.3188277227722773
55.71 1.792380198019802
56.72 1.7228673267326733
57.73 1.5865029702970297
58.74 1.8854019801980197
59.75 1.564831683168317
60.751 1.8039560439560438
61.752 2.0818221778221777
62.76 2.338793650793651
63.769 1.3883369672943509
64.77 0.9775824175824177
65.78 0.9968792079207921
66.79 1.4194693069306932
67.8 1.0880633663366335
68.809 1.3883369672943509
69.819 0.7368237623762376
70.839 0.9379137254901961
71.849 0.8126732673267326
72.869 1.0192941176470587
73.88 1.411734915924827
74.896 0.9048188976377953
75.91 1.2843550295857986
76.919 1.6314608523290386
77.92 2.5146053946053946
78.93 2.410011881188119
79.939 2.4557859266600595
80.949 1.571168316831683
81.959 1.239762376237624
82.969 1.5061544554455446
83.97 1.6117002997002998
84.979 1.7354212091179386
85.99 1.0869871414441146
87.0 2.1779643564356435
88.001 2.519144855144855
89.009 2.588507936507936
90.02 2.37515331355094
91.031 2.481362376237624
92.049 1.455779960707269
93.05 1.793022977022977
94.051 2.245818181818182
95.06 2.4015540138751237
96.149 2.0140899908172636
97.15 1.6946253746253748
98.151 1.8412947052947053
99.159 2.3885714285714283
100.16 1.6773066933066931
101.24 2.061274074074074
102.249 2.1258909811694746
103.259 1.8140514851485148
104.269 1.8962376237623761
105.27 1.8194285714285712
106.279 2.0065807730426166
107.289 1.7815445544554454
108.299 1.9224079207920792
109.309 2.1562930693069307
110.319 1.9115722772277226
111.329 2.171627722772277
112.33 2.31781018981019
113.339 2.0110842418235877
114.399 1.945298113207547
115.409 2.0696079207920794
116.419 1.6515168316831683
117.429 1.6361821782178216
118.439 1.4239683168316832
119.449 1.3219485148514853
120.459 1.4844831683168318
121.469 1.2505980198019804
122.479 1.24609900990099
123.482 1.0192781655034895
124.489 0.8911698113207547
125.499 0.7910019801980198
126.509 0.9860435643564357
127.519 0.8605148514851485
128.539 1.1695058823529412
129.549 1.4519762376237624
130.559 1.4998178217821783
131.569 1.668689108910891
132.579 1.4889821782178216
133.599 0.9871058823529412
134.69 0.9671567369385884
135.709 0.6443964671246319
136.739 0.5950135922330098
137.748 0.7700931615460852
138.749 0.8418461538461538
139.759 0.6979801980198019
140.768 0.5965510406342913
141.789 0.4501939275220372
142.799 0.3142336633663367
143.809 0.24921980198019802
144.819 0.6176316831683168
145.828 0.6724757185332012
146.848 0.30487843137254905
147.852 0.46871713147410365
148.859 0.8259622641509434
149.868 0.8134786917740336
150.888 0.852078431372549
151.889 1.0714405594405594
152.899 1.1269069306930695
154.038 0.9359999999999999
155.039 1.3666333666333665
156.049 1.690360396039604
157.058 1.544689791873142
158.059 1.2463696303696303
159.079 0.6223058823529412
160.088 0.7420574826560951
161.109 1.104047012732615
162.128 0.9451148184494602
163.138 0.7629940594059406
164.148 0.9860435643564357
165.149 1.169838161838162
166.168 0.9066143277723258
167.178 0.7693306930693069
168.188 0.8668514851485148
169.189 0.830913086913087
170.208 0.8636545632973504
171.209 1.6399600399600398
172.219 1.9765861386138615
173.229 2.1454574257425745
174.238 1.8917740336967295
175.279 1.8441344860710855
176.288 1.8004995044598613
177.308 1.485113725490196
178.318 0.9860435643564357
179.328 1.0510574257425742
180.348 0.8047058823529412
181.349 0.9885154845154845
182.358 0.8785569871159564
183.388 0.6800155339805825
184.398 0.5309465346534654
185.408 0.7088158415841583
186.429 1.0182957884427033
187.438 1.030406342913776
188.448 0.7151524752475248
189.458 0.6221306930693069
190.488 0.36125825242718446
191.518 0.23375533980582522
192.568 0.23972571428571426
193.628 0.19616603773584904
201.043 0.017676601483479434
202.078 1.6875203094777562
203.108 0.24438058252427186
204.118 0.28172673267326737
205.128 0.30339801980198017
206.158 0.24438058252427186
207.178 0.2467764705882353
208.188 0.30339801980198017
209.218 0.31875728155339805
210.258 0.4104
211.268 0.30339801980198017
212.298 0.27625631067961165
213.578 0.19165
214.588 0.3142336633663367
215.598 0.3575762376237624
216.631 0.3390203291384317
217.657 0.3510321951219512
218.658 0.3074685314685315
219.707 0.22952144899904672
220.718 0.248973293768546
225.945 0.00837497608570882
235.98 0.10142421524663678
236.987 0.8413426017874875
237.998 1.24486646884273
239.018 1.1846901960784315
240.027 1.4317224975222993
241.037 1.4736475247524752
242.038 1.546101898101898
243.048 1.9179089108910892
244.057 1.4145332011892964
245.058 1.126105894105894
246.068 0.8307009900990099
247.077 0.7782438057482656
248.108 0.7218157129000969
249.137 0.28716034985422734
250.157 0.32188235294117645
251.158 0.5794525474525475
252.168 0.6221306930693069
253.187 1.0202944062806671
254.198 1.2773412462908011
255.207 1.2518453914767096
256.227 0.9871058823529412
257.228 0.8637122877122877
258.238 1.1314059405940593
259.247 1.507647175421209
260.278 1.1888729388942776
261.287 1.1976055500495542
262.297 0.8885227722772278
263.317 0.7188705882352942
264.327 0.4442613861386139
265.337 0.3684118811881188
267.78 0.07801555464592715
268.787 0.09781132075471699
271.302 0.004351491053677933
272.317 0.5822423645320196
275.925 0.0363382312170779
277.187 1.7988969889064976
278.197 1.3869623762376238
279.277 1.7370074074074073
280.278 2.121014985014985
281.287 1.664
282.298 2.078385756676558
283.307 2.0110842418235877
284.357 1.8074819047619048
285.359 1.824
286.367 1.3788571428571428
287.377 0.9363643564356435
288.387 0.9318653465346535
289.397 0.7151524752475248
290.417 0.6008470588235294
291.427 0.6112950495049505
292.437 0.7476594059405941
293.447 0.7043168316831683
294.457 0.8126732673267326
295.467 0.6763089108910891
296.468 0.7215824175824177
297.507 0.5371934552454282
298.527 0.33261176470588233
299.537 0.4009188118811881
300.547 0.7151524752475248
301.557 0.4270891089108911
302.587 0.4568854368932039
305.767 0.051622641509433964
306.787 0.5472
307.808 0.6752908912830557
308.827 0.6873562315996075
309.866 0.5731665062560154
310.867 0.7106493506493506
311.907 0.4209230769230769
312.936 0.30843148688046645
313.967 0.27598836081474293
315.007 0.2630769230769231
316.066 0.20668555240793202
317.067 0.2186613386613387
331.879 0.0029554415338914394
332.888 0.9047532210109019
333.899 1.5587893175074186
334.918 1.1813935230618253
335.92 1.009373253493014
336.928 1.4765714285714286
337.939 1.4225598417408507
338.948 0.7917859266600594
339.949 1.0495744255744255
340.958 0.553165510406343
341.968 0.4767683168316832
342.978 0.8605148514851485
343.979 0.9074445554445555
344.988 1.2364876114965313
346.0 1.3454545454545455
347.009 1.0846382556987118
348.018 1.1650664023785926
349.019 0.8965114885114885
350.029 1.4844831683168318
351.04 1.3792601384767558
352.048 1.368
353.049 1.4804955044955044
354.059 2.03710099009901
355.069 1.6731881188118813
356.079 1.2135920792079207
357.138 1.378749763928234
358.148 0.9752079207920793
359.158 0.7801663366336633
361.062 0.06884033613445378
362.068 2.8441192842942344
363.158 1.6407486238532112
364.159 1.9132867132867135
365.168 1.566382556987116
366.169 1.9351528471528474
367.178 1.6856927651139744
368.179 2.0007512487512487
369.188 1.273530227948464
370.198 1.1810851485148515
371.199 1.7100979020979021
372.2 1.0167752247752249
373.208 1.0965714285714288
374.209 1.229042957042957
375.219 1.5386613861386138
376.65 0.9973892382948986
377.658 1.824
378.668 1.7490376237623761
379.678 1.8528950495049505
380.688 1.8465584158415842
381.698 2.1779643564356435
382.7 2.0469780439121754
383.778 1.405209647495362
384.788 1.9070732673267328
385.798 1.3914376237623762
386.799 1.2354365634365634
387.808 1.6703429137760157
388.818 1.8682534653465346
389.838 1.678243137254902
390.849 2.045910979228487
391.858 1.7941565906838455
392.859 1.6946253746253748
393.868 1.6965391476709613
394.878 2.4885544554455445
395.898 2.465098039215686
396.899 2.5519520479520477
397.9 2.5410109890109887
398.908 2.588507936507936
399.909 2.7879320679320685
400.91 2.6175424575424575
401.928 2.5630805500982317
402.938 1.7490376237623761
403.948 1.766209900990099
404.968 1.688972549019608
405.978 2.047936633663366
406.979 1.742897102897103
407.98 2.759672327672328
408.988 2.6274285714285712
409.989 2.3988811188811185
410.998 2.2713974231912784
411.999 2.4863456543456546
413.0 2.759672327672328
414.008 3.0834285714285716
415.009 2.869002997002997
416.01 2.9455344655344655
417.018 2.8599365079365078
418.019 2.8580699300699304
419.028 2.6835599603567886
420.029 2.4863456543456546
421.048 2.588325809617272
422.059 2.039580613254204
423.06 2.158353646353646
424.068 2.508
425.078 1.6081663366336634
426.087 1.5510327056491575
427.088 1.6663656343656343
428.098 2.2258059405940593
429.099 2.121014985014985
430.108 2.30393657086224
431.128 2.9013960784313726
432.138 2.9517940594059406
433.14 2.9425948103792416
434.16 2.9121254901960785
435.188 2.8894630350194555
436.189 3.236187812187812
437.198 2.79202378592666
438.199 2.650341658341658
439.218 2.5713052011776254
440.228 2.247477227722772
441.238 2.8759445544554456
442.248 2.860609900990099
443.249 2.355148851148851
444.258 2.889641228939544
445.259 2.8362037962037965
446.26 2.8143376623376626
447.267 2.938852035749752
448.308 2.6536330451488954
449.318 1.787881188118812
450.319 1.546101898101898
451.328 2.4729752229930626
452.329 2.191160839160839
453.378 1.6944442326024785
454.388 2.6330613861386136
455.389 2.7378061938061937
456.397 2.7187936507936503
457.398 2.7924715284715287
458.407 2.705252725470763
459.419 2.61704347826087
460.427 1.9479365079365079
461.428 2.8580699300699304
462.429 2.8252707292707293
463.438 2.7377918731417243
464.459 2.85567874632713
465.467 2.736
466.468 2.6612747252747253
467.469 2.158353646353646
468.477 2.5993650793650795
469.485 2.849079365079365
470.487 2.8834491017964075
471.488 2.4972787212787213
472.5 2.3728063241106723
473.507 1.9933426017874878
474.517 2.1129504950495046
475.518 2.0818221778221777
476.537 2.302806673209028
477.547 2.5138693069306934
478.558 2.505052423343225
479.578 2.837019607843137
480.587 2.857102081268583
481.588 2.890869130869131
482.597 2.5317106045589695
483.607 3.0339801980198025
489.122 0.023766455122393473
491.499 0.029644089188052166
492.5 1.5743616383616383
493.509 1.9026204162537164
494.519 1.7553742574257427
495.529 1.7490376237623761
496.53 2.131948051948052
497.539 2.1737799801783946
498.54 1.8084955044955044
499.541 2.1975464535464533
500.559 2.0685579567779957
501.57 2.024261127596439
502.579 1.8050029732408326
503.599 1.6245960784313724
504.6 1.629026973026973
505.609 1.8375421209117937
506.619 1.3436198019801981
507.628 1.6314608523290386
508.629 1.9242197802197802
509.63 1.578901098901099
510.647 1.4204601769911507
511.649 1.463568862275449
512.65 1.393038961038961
513.669 1.2350932286555447
514.678 1.0674489593657086
515.679 1.2026373626373628
516.948 0.1724822695035461
517.949 0.4154565434565435
533.321 0.00711943793911007
534.331 0.7151524752475248
535.332 0.7917202797202797
536.341 1.0195599603567889
537.351 0.6284673267326734
538.371 0.6202980392156863
539.401 0.5589126213592233
540.421 0.9227294117647059
541.451 1.1900271844660195
542.461 0.9210297029702971
543.483 0.9682035225048924
544.491 0.6297142857142857
545.501 0.7910019801980198
546.521 0.46136470588235295
547.581 0.2787622641509434
548.671 0.15477431192660548
549.711 0.5261538461538462
550.73 0.4618174681059863
551.742 0.4210592885375494
552.751 0.8901010901883053
553.851 0.8498036363636363
554.861 0.8776871287128714
555.881 0.8798117647058823
556.902 0.9218256611165524
557.921 0.6595956820412168
558.951 0.9775223300970874
559.961 0.7259881188118812
560.971 0.5634534653465347
561.981 0.422590099009901
563.211 0.3418016260162602
564.231 0.5686588235294118
565.25 0.7612168792934249
566.28 0.6494446601941747
567.35 0.3170691588785047
568.37 0.22619607843137254
569.39 0.37477647058823527
570.75 0.22051764705882354
573.85 0.0035303225806451615
574.851 0.7981138861138861
575.87 1.0095544651619235
576.881 0.8667537091988131
577.89 1.0341486620416254
578.891 0.8199800199800199
579.91 0.80549558390579
580.93 1.0407529411764707
581.931 0.9229170829170829
582.941 1.4953188118811882
583.95 1.3494549058473737
584.951 1.618093906093906
585.952 1.4477042957042956
586.97 1.365312377210216
588.0 1.2325281553398058
589.001 1.250909090909091
590.003 1.6820119760479042
591.02 1.4572114060963617
592.03 1.8312237623762375
593.031 1.2727752247752249
594.04 1.6161110009910804
595.041 1.4367712287712289
596.05 1.6269573835480673
597.051 1.9287592407592409
598.052 2.339676323676324
599.06 2.0347936507936506
600.061 1.9615584415584417
601.062 2.438073926073926
602.07 2.002222222222222
603.071 1.7647632367632367
604.08 1.9848880079286424
605.091 1.6282334322453016
606.092 1.8039560439560438
607.11 1.4450294695481336
608.12 1.7337029702970297
609.121 1.4695704295704295
610.13 1.605264618434093
611.15 1.216878431372549
612.16 1.4736475247524752
613.31 1.517071304347826
614.311 1.6836923076923076
615.39 1.464763670064875
616.391 1.7602237762237762
617.4 1.3124122893954413
618.41 1.3372831683168318
619.42 1.5278257425742576
620.43 1.196419801980198
621.431 1.585294705294705
622.44 1.295222993062438
623.441 1.7274245754245754
624.45 1.295222993062438
625.46 1.3652910891089107
626.48 0.9656470588235294
627.56 0.8351407407407407
628.57 1.9070732673267328
629.58 1.369790099009901
630.59 1.4953188118811882
631.591 1.5962277722277722
632.6 1.4145332011892964
633.61 1.3652910891089107
634.62 1.3589544554455444
635.63 2.0696079207920794
636.631 1.8740939060939061
637.74 1.652111812443643
638.75 2.0154297029702968
639.751 1.6226333666333668
640.759 1.9434285714285715
641.779 1.131043137254902
642.789 1.3761267326732671
643.79 1.5196963036963036
644.791 1.2946413586413585
645.799 1.661142857142857
646.81 1.6065835806132542
647.93 1.1823428571428571
648.931 0.9885154845154845
649.939 2.0954285714285716
650.94 1.7319640359640358
651.941 1.8367552447552447
652.95 2.1520872150644204
653.96 2.095778217821782
654.98 2.2960941176470584
655.989 1.4362259663032704
657.16 2.0506233988044404
658.169 2.060812685827552
659.17 1.6882317682317682
660.18 1.9395801980198022
661.181 1.6117002997002998
662.184 2.3786560319042866
663.199 1.8051152709359604
664.209 2.1824633663366337
665.21 2.4927392607392607
666.22 2.063271287128713
667.229 1.9243131813676908
668.23 2.350609390609391
669.231 1.8412947052947053
670.239 1.8393650793650793
671.249 2.03710099009901
672.25 1.7538301698301697
673.26 1.668689108910891
674.269 1.0891417244796828
675.289 1.1265882352941174
676.299 0.9752079207920793
677.302 0.13067996011964106
678.309 1.9283892750744789
679.319 1.1052356435643564
680.399 0.9871407407407408
681.419 1.180235294117647
682.449 0.8393941747572816
683.459 1.0835643564356436
684.469 0.7629940594059406
685.499 0.7650174757281554
686.509 0.6501386138613862
687.54 0.40336760426770124
688.569 0.17016909620991252
689.629 0.2581132075471698
690.642 0.2592852912142152
691.649 0.12405958291956305
692.669 0.32188235294117645
693.742 0.25498602050326186
694.759 0.35511504424778767
695.767 0.41257142857142853
696.769 0.5024191616766467
697.819 0.39606857142857144
698.86 0.37858981748318926
699.869 0.3469573835480674
700.889 0.39071372549019606
701.936 0.36584527220630375
702.989 0.35336752136752136
704.029 0.2630769230769231
708.999 0.03303018108651911
710.008 0.39046977205153616
711.028 0.26823529411764707
712.038 0.2708910891089109
713.288 0.15759360000000003
714.298 0.46593267326732674
715.348 0.23363047619047622
716.359 0.2597982195845697
717.381 0.39621135029354204
718.919 0.12096749024707412
719.938 0.6658763493621198
720.949 0.703620178041543
721.95 1.2727752247752249
722.959 2.147583746283449
723.969 1.8790653465346534
724.97 2.121014985014985
725.979 1.5121506442021801
726.989 0.8343445544554455
727.99 0.8965114885114885
728.999 1.2192983151635282
730.008 1.7462675916749255
731.02 1.2373201581027669
732.048 0.8836108949416343
733.068 0.3648
734.108 0.33673846153846154
735.128 0.3648
736.18 0.18725475285171103
737.248 0.10247191011235955
738.251 0.11634695912263211
739.34 0.10805509641873279
740.418 0.22355431754874652
741.828 0.04657021276595745
742.868 0.4104
743.919 0.14578116079923883
745.119 0.0456
746.128 0.3673181367690783
747.138 0.2506772277227723
748.158 0.38625882352941177
749.188 0.2130019417475728
750.198 0.17286336633663368
751.208 0.22754851485148514
752.259 0.18743292102759276
753.358 0.14937215650591446
754.368 0.4162534653465346
755.379 0.746919881305638
756.409 0.6375145631067961
757.448 0.3475957651588066
758.458 0.41067722772277226
759.465 0.47926911618669316
760.468 0.4955134596211366
761.483 0.8841458128078817
762.488 1.3394149253731344
763.489 1.863184815184815
764.498 1.9523488602576808
765.501 1.4448175473579263
766.508 0.8042264150943396
767.518 0.845180198019802
768.538 0.6696784313725489
769.558 0.7725176470588235
770.568 0.7910019801980198
771.588 0.6866823529411764
772.64 0.8157566539923955
773.648 1.150857142857143
774.658 1.5603326732673266
775.668 1.3264475247524752
776.688 1.555764705882353
777.718 0.8650563106796118
778.728 1.289441584158416
779.748 0.8368941176470588
780.758 1.2289267326732674
781.761 1.865826520438684
782.768 1.9933426017874878
783.778 1.8203881188118811
784.788 0.871350495049505
785.798 1.4194693069306932
786.818 1.6379843137254901
787.828 1.3951128712871286
788.829 1.814889110889111
789.838 1.1650426164519327
790.848 1.7228673267326733
791.858 1.7490613861386137
792.867 1.7245748265609513
793.868 1.7319640359640358
794.888 1.5664941176470588
795.898 1.1530772277227723
796.9 1.4963353293413173
797.908 1.3182222222222222
798.917 1.84388503468781
799.918 1.3820819180819182
800.948 1.338780582524272
802.048 1.2378399999999998
803.058 1.7337029702970297
804.077 1.2995328753680078
805.078 1.1087712287712288
806.087 1.9631952428146682
807.088 1.557034965034965
808.098 1.6470178217821783
809.107 1.848388503468781
810.178 1.7311671335200747
811.179 2.2850109890109884
812.188 1.8700812685827553
813.197 2.0391199207135777
814.207 1.5431603960396039
815.218 1.731988130563798
816.227 1.674846382556987
817.238 1.407240356083086
818.248 1.6081742574257425
819.368 1.8801714285714284
820.379 1.8294124629080117
821.388 1.566382556987116
822.397 1.6378037661050546
823.407 1.3544554455445545
824.408 0.6605234765234766
825.418 0.9860435643564357
826.421 0.3600717846460618
827.427 0.8485407554671969
828.447 0.8735372549019608
829.467 0.9549176470588235
830.477 1.0510574257425742
831.487 0.7693306930693069
832.497 0.5571168316831684
833.498 0.983976023976024
834.588 1.650788990825688
835.6 1.6221343873517788
836.607 0.9020377358490567
837.657 0.5419885714285714
838.667 0.23204752475247525
839.677 0.6284673267326734
840.687 1.3327841584158417
841.707 1.0407529411764707
842.717 1.001378217821782
843.718 1.2026373626373628
844.727 1.3711476709613477
845.737 1.3652910891089107
846.738 1.6071608391608392
847.747 1.8375421209117937
848.757 1.5431603960396039
849.758 1.661826173826174
850.767 1.674846382556987
851.777 1.7228673267326733
852.837 1.3671245283018867
853.847 1.9287445544554456
854.848 1.5351688311688312
855.867 1.7398704612365063
856.917 1.234224761904762
857.927 1.9070732673267328
858.937 1.5756673267326733
859.947 1.7120316831683169
860.958 1.5849337289812067
861.967 1.6269573835480673
863.106 1.1762177348551361
864.107 1.8258221778221777
865.117 1.9115722772277226
866.118 2.131948051948052
867.127 1.8266957383548066
868.137 1.592839603960396
869.216 0.4504911955514366
870.217 0.3935904095904096
871.226 0.42300891972249755
872.257 0.36090785645004847
873.277 0.5686588235294118
874.297 0.8690823529411764
875.306 0.4989335976214073
876.326 0.16539607843137255
877.337 0.8335192878338279
878.347 0.8126732673267326
879.357 0.7801663366336633
880.366 0.7050148662041625
881.377 0.37254203758654797
882.406 0.5424139941690962
883.446 0.3683076923076923
884.447 0.5903856143856144
885.456 1.2473339940535184
886.478 0.6362426614481409
887.487 0.650782953419227
888.496 0.8351714568880079
889.527 0.6899709020368575
890.557 0.7056776699029126
891.566 0.7050148662041625
892.577 0.7902195845697328
893.587 0.899358415841584
894.597 1.120570297029703
895.606 1.1497165510406344
896.608 1.3106586826347304
897.626 1.1977681728880156
898.635 0.1301565906838454
899.637 1.3106586826347304
900.638 1.3493066933066933
901.653 1.1644847290640392
902.656 1.3202632103688934
903.666 0.8496792079207921
904.676 1.1052356435643564
905.686 0.7151524752475248
906.698 0.5839683794466404
907.717 0.5092365063788028
908.766 0.47990848427073407
909.778 0.3136126482213438
910.786 0.47771428571428576
911.817 0.44582735208535407
912.818 0.4373226773226774
913.826 0.7708571428571429
914.846 0.6374901960784314
915.857 1.320640949554896
916.876 1.3210127576054955
917.896 0.7769725490196079
918.906 1.170249504950495
919.996 1.3194568807339448
921.006 1.9179089108910892
922.136 1.1855858407079645
923.138 1.5727904191616766
924.156 1.6233241650294694
925.166 0.7304950495049506
926.186 0.8690823529411764
927.246 0.6814188679245283
928.286 0.33673846153846154
929.296 0.5201108910891089
930.316 0.4229019607843137
931.326 1.0077148514851484
932.336 1.3002772277227723
933.357 0.8512438785504407
934.386 0.6274985422740524
935.396 0.3792475247524753
936.406 0.8126732673267326
937.407 0.8418461538461538
938.417 1.044720792079208
939.426 2.147583746283449
940.436 1.5323247524752475
941.538 1.930744101633394
942.556 2.0318428290766204
943.566 1.7815445544554454
944.576 1.961251485148515
945.577 1.9615584415584417
946.586 2.206319127849356
947.587 2.186613386613386
948.596 1.81584935579782
949.656 2.182762264150943
950.658 2.1516646706586826
951.666 1.6113650793650791
952.676 2.1021148514851484
953.677 1.578901098901099
954.686 1.7571139742319128
955.696 1.3914613861386138
956.697 1.3884995004995004
957.706 1.3603012884043606
958.716 2.047936633663366
959.717 1.6991648351648352
960.876 2.1285107851596203
961.877 2.350609390609391
962.896 1.6584102060843966
963.906 1.9720871287128714
964.916 1.564831683168317
965.926 1.798716831683168
966.927 1.578901098901099
967.935 2.0411428571428574
968.936 1.6990929070929073
969.996 1.5323849056603773
971.006 2.1021148514851484
972.007 1.8412947052947053
973.016 2.353665014866204
974.017 2.420747252747253
975.019 2.0797445109780437
976.026 1.7388679245283019
977.027 3.032999000999001
978.028 2.650341658341658
979.035 2.0802859980139026
980.037 1.911377245508982
981.038 2.0162237762237765
982.039 3.240727272727273
983.045 2.952652087475149
984.047 2.396487025948104
985.056 3.0658711595639248
986.057 2.533762237762238
987.065 2.002222222222222
988.165 1.8248145454545455
989.166 2.733266733266733
990.175 1.7941565906838455
991.176 2.1474205794205794
992.185 3.026140733399405
993.256 3.1353426704014935
994.257 2.8425974025974026
995.265 2.9793650793650794
996.266 2.6284755244755242
997.267 2.9455344655344655
998.275 1.8285
999.276 1.585294705294705
1000.295 1.4973110893032384
1001.297 1.736622754491018
1002.305 1.3897142857142857
1003.306 2.18021978021978
1004.307 3.5687192807192805
1005.315 3.0010793650793652
1006.325 1.6298455445544555
1007.326 2.2084795204795205
1008.335 2.021930624380575
1009.346 1.8339070227497527
1010.347 2.613002997002997
1011.348 3.207928071928072
1012.355 3.9387010923535253
1013.357 4.017500998003992
1014.365 3.489650793650794
1015.385 2.2683607843137255
1016.455 3.062429906542056
1017.465 3.710289108910891
1018.467 3.65253493013972
1019.468 4.268435564435564
1020.469 4.082573426573426
1021.47 4.108979020979021
1022.476 3.8229502982107353
1023.486 3.461069306930693
1024.505 3.0223827281648674
1025.506 2.6831408591408588
1026.585 2.8340315106580167
1027.655 3.062429906542056
1028.735 3.0442074074074075
1029.736 3.5687192807192805
1030.745 3.50788503468781
1031.746 3.6124515484515487
1032.747 3.6452507492507493
1033.756 2.911333994053518
1034.765 2.6401744301288406
1035.825 2.791909433962264
1036.945 2.915942857142857
1037.947 4.21377022977023
1038.955 4.108507936507936
1039.956 4.049774225774225
1040.966 3.461069306930693
1041.976 3.2010138613861385
1042.978 3.0955049900199603
1043.985 2.8519165839126117
1044.986 2.726873126873127
1045.988 2.789684630738523
1047.005 2.17820255653884
1048.245 2.571974193548387
1049.246 2.820731268731269
1050.254 2.5667936507936506
1051.255 3.623384615384615
1052.315 3.8389735849056605
1053.325 4.609647524752475
1054.326 3.4593886113886114
