0.0 2.716475524475524
6.115 0.021434505314799672
28.972 0.02906593166207289
29.982 3.15820198019802
30.992 2.545916831683168
32.002 1.4041821782178217
33.023 1.410972549019608
34.172 2.094600522193211
35.282 2.147682882882883
36.422 2.4942596491228066
37.423 3.01822977022977
38.432 4.045272547076313
39.438 3.162356218905473
40.592 2.4983708838821492
41.593 4.435348651348652
42.652 2.6652615675165254
43.832 2.8947864406779664
45.003 3.0492581196581194
46.004 3.578565434565435
47.011 2.528746772591857
48.012 2.6018221778221777
49.013 2.135328671328671
50.211 2.2408547579298834
51.291 3.0489703703703706
52.293 3.413674325674326
53.441 2.662369337979094
54.561 3.0599392314566574
55.562 3.3553646353646354
56.572 3.5585425742574257
57.621 2.8769876072449954
58.622 4.015768231768232
59.641 2.8494052993130525
60.652 2.7047675568743816
61.653 2.8188131868131867
62.831 2.772176570458404
63.882 3.001522359657469
64.891 2.494667988107037
65.901 1.3877148514851487
66.902 1.9023536463536466
67.911 1.5596114965312189
68.912 2.318721278721279
69.921 2.35281746031746
70.931 2.8896792079207922
71.932 2.438073926073926
72.941 2.1429534192269575
73.951 2.0808871287128716
74.954 3.4035369261477046
75.961 1.713604766633565
77.031 3.0340336448598135
78.041 3.4830208126858273
79.221 2.2852813559322036
80.231 2.9797702970297024
81.232 3.9570829170829174
82.251 2.2148380765456332
83.27 2.078233562315996
84.396 1.9144866785079928
85.401 4.133986069651742
86.411 2.701861386138614
87.412 2.594205794205794
88.421 3.2793419226957385
89.441 2.7972705882352944
90.45 3.111326065411298
91.451 3.0356123876123875
92.461 3.1706455445544552
93.462 2.9664015984015983
94.551 3.1412378328741966
95.552 3.378845154845155
96.553 3.902137862137862
97.661 3.270151624548736
98.662 4.049662337662337
99.663 3.9951488511488504
100.811 3.405637630662021
101.821 3.6090613861386136
102.921 3.34272
103.922 4.220611388611388
104.931 4.340884043607533
106.121 3.419744537815126
107.131 4.600380198019802
108.24 3.4419477006311996
109.241 4.1528551448551445
110.492 3.1158208
111.494 6.123481037924152
112.501 1.5806474677259186
113.503 3.617988023952096
114.505 4.255129740518962
115.511 4.3878648111332
116.512 4.215904095904095
117.513 5.4883996003996005
118.515 4.379001996007985
119.52 5.433886567164179
120.521 3.6739340659340662
121.67 3.8825226480836235
122.671 4.712151848151848
123.672 3.3795404595404595
124.674 4.000055888223553
125.681 3.795384309831182
127.071 4.240744027303754
128.072 4.49349050949051
129.073 3.9033366633366633
130.35 0.7769397024275646
131.351 6.713502497502497
132.421 3.9497420560747662
133.422 5.1604075924075925
134.431 4.119207135777998
135.432 4.537222777222777
136.441 3.6734112983151634
137.442 5.007344655344656
138.45 4.217785714285715
144.368 0.022151766097684635
145.481 5.592330637915544
146.499 1.9458388998035365
147.502 3.7862093718843473
148.503 3.3032007992007992
149.562 3.7612993389990557
150.571 4.147428571428572
151.572 3.598585414585415
152.573 4.2857622377622375
154.315 0.9771113662456947
155.321 5.7107753479125245
156.331 1.2297821782178218
157.451 1.2551142857142856
158.481 1.6678368932038834
159.482 1.6347332667332668
160.483 2.0036043956043956
161.511 1.8977587548638133
162.682 1.7160307429547395
163.701 2.080259077526987
164.791 2.0518972477064223
165.792 1.9261138861138862
166.793 2.1252987012987012
168.001 1.526635761589404
169.072 1.9340205415499534
170.082 1.782819801980198
171.083 2.0416863136863137
172.085 1.8053253493013972
173.201 1.442057347670251
174.281 1.8672666666666666
175.302 1.4277218413320276
176.303 1.744063936063936
177.451 1.4140348432055747
178.452 1.7164115884115883
179.453 1.493122877122877
180.48 0.9508627069133399
181.541 1.057492931196984
182.601 1.4788
183.602 1.3115604395604394
184.66 1.3379962192816635
185.802 1.548784588441331
186.811 1.5078374628344897
187.813 1.8093253493013972
188.961 1.31198606271777
189.962 1.6627772227772226
191.06 1.7076065573770491
192.121 1.619219604147031
193.201 1.7084148148148148
194.29 1.7408264462809917
195.341 1.5756342857142855
196.411 1.3659214953271028
197.6 1.558613961312027
198.601 1.9044715284715286
199.602 1.6913646353646354
200.603 1.1694385614385616
201.605 1.7678722554890218
202.8 1.5360066945606696
203.802 1.9679201596806386
204.803 1.407104895104895
205.82 1.647811209439528
206.92 1.3313745454545454
208.071 1.6007645525629886
209.25 1.710771840542833
210.252 2.3825374625374622
211.36 1.5623032490974729
212.361 1.922045954045954
213.37 2.038580773042616
214.47 1.1340436363636364
215.48 1.314510891089109
216.493 0.8397472852912142
217.5 0.8950625620655412
218.501 1.112911088911089
219.52 1.1504455348380764
220.523 1.8673453093812376
221.59 1.5452221180880974
222.791 1.7476369691923395
223.981 1.6493781512605041
225.081 1.709650909090909
226.083 1.953261477045908
227.084 1.5295264735264738
228.09 1.5760954274353876
229.091 1.5805314685314686
230.15 1.6323399433427763
231.151 1.569854145854146
232.17 1.2916113837095191
233.171 1.8833246753246753
234.18 1.4800634291377601
235.3 1.4162142857142859
236.31 1.904150495049505
237.38 1.8018915887850466
238.382 2.4028742514970056
239.39 2.0907619047619046
240.48 2.2531889908256884
241.59 2.3286774774774774
242.76 2.088861538461539
243.77 2.679056491575818
244.771 1.612811188811189
245.78 1.7679603567889
246.781 1.6488951048951048
247.79 1.8658553022794846
248.8 2.2302732673267327
249.81 1.9721942517343902
250.812 2.9014690618762473
251.813 2.8986693306693305
252.82 3.336452830188679
253.821 2.7634525474525478
254.83 2.529879088206145
255.84 2.1404435643564357
256.849 2.5380535183349853
257.85 1.9082997002997004
258.9 2.0549485714285716
259.901 2.4708731268731268
260.91 1.9368166501486621
261.919 2.4838216055500495
262.93 1.7724470820969336
263.939 2.321125867195243
264.94 1.8829090909090909
265.95 2.242978217821782
266.959 1.9089316154608522
267.96 2.099148851148851
268.989 1.7835801749271136
270.71 0.006362790697674418
271.719 5.6876273538156585
272.72 2.897262737262737
273.87 2.3487234782608692
274.871 3.0985974025974024
275.89 3.193334641805692
277.139 3.6955284715284717
278.14 2.60191008991009
279.15 2.3246732673267325
280.159 2.1692765113974235
281.16 1.489086913086913
282.169 1.5435163528245788
283.17 1.9898181818181815
284.179 1.5514449950445985
285.18 2.0007512487512487
286.189 1.606771060455897
287.19 2.131948051948052
288.199 1.9158136769078296
289.2 2.2426533466533467
290.209 2.250687809712587
292.448 0.4203590888789638
293.479 1.20145101842871
294.48 2.2850109890109884
295.489 2.0573795837462834
296.499 1.6111603960396041
297.509 1.863730693069307
298.529 1.1769735034347402
299.539 1.5061544554455446
300.54 1.4093266733266734
301.541 1.869074925074925
302.549 1.8674285714285712
303.559 1.0601228939544103
304.568 0.9544816650148662
306.173 0.08166479750778817
307.188 1.4565838264299802
308.219 0.5201319107662463
309.228 0.5748582755203172
310.238 0.5429465346534653
311.239 0.7981138861138861
312.249 0.7693306930693069
313.269 0.6536941176470589
314.288 0.8914151128557409
315.429 0.4810166520595968
316.448 0.7088361138370952
317.458 0.7584950495049506
318.491 0.5833959341723136
319.499 0.5428571428571429
320.508 0.42462636273538157
321.518 0.46593267326732674
322.538 0.6556862745098039
323.558 0.43990588235294115
324.578 0.3758979391560353
325.588 0.26850693069306936
326.618 0.37188349514563107
327.648 0.30813203883495144
328.668 0.2896941176470588
329.698 0.23957281553398058
330.718 0.4184470588235294
331.748 0.32938252427184467
332.778 0.24149126213592234
333.839 0.2098397737983035
334.859 0.23627870461236505
336.108 0.19586869495596476
337.248 0.16319999999999998
338.288 0.21046153846153845
339.318 0.15309514563106796
340.498 0.1576677966101695
341.528 0.2656310679611651
342.538 0.1884039603960396
343.548 0.2708910891089109
344.588 0.2525538461538462
345.598 0.23532673267326734
346.618 0.27896470588235295
347.638 0.2896941176470588
348.648 0.1611960396039604
349.688 0.18941538461538462
350.708 0.13811764705882354
351.718 0.24921980198019802
352.728 0.37759207920792076
353.738 0.5618930693069307
354.828 0.4873467889908257
355.859 0.5245470417070806
356.881 0.4069197651663405
357.918 0.2499980713596914
358.947 0.24461807580174927
359.978 0.2441435499515034
360.988 0.22805544554455448
361.989 0.2514605394605395
363.008 0.32219823356231597
364.028 0.28077647058823524
365.068 0.284123076923077
366.098 0.21540136054421768
367.108 0.3172118811881188
368.118 0.4550970297029703
369.128 0.5787801980198021
370.138 0.7376792079207921
371.298 0.6929352890422779
372.308 0.4442613861386139
373.318 0.37283960396039606
374.327 0.4555480673934589
375.347 0.3861176470588235
376.367 0.34972549019607846
377.398 0.3526875
378.478 0.1731259259259259
379.498 0.2253176470588235
380.52 0.2141682974559687
381.577 0.10814001892147587
382.617 0.17889230769230768
383.648 0.18045392822502423
384.677 0.18807385811467442
385.688 0.30309792284866466
386.717 0.2314013605442177
387.737 0.3004235294117647
388.797 0.1982566037735849
390.088 0.1695429899302866
395.346 0.018732597945987067
396.356 0.5311128712871287
397.366 0.6698851485148515
398.396 0.3825087378640777
399.466 0.25570093457943927
400.486 0.20385882352941176
401.496 0.5201108910891089
402.498 0.8410059880239521
403.706 0.6686423841059602
404.707 0.5466533466533465
405.716 0.46639444995044593
406.736 0.2467764705882353
408.106 0.07988321167883211
415.975 0.0027815478459778877
417.015 0.021046153846153846
418.035 0.05364705882352941
419.315 0.0342
420.454 0.06725899912203687
421.515 0.07220358152686146
422.555 0.07366153846153846
423.892 0.04911293941660434
424.912 0.11802352941176472
425.952 0.11575384615384615
427.211 0.06954090548054011
428.376 0.056363948497854074
429.492 0.04903225806451613
430.531 0.0526660250240616
431.572 0.05256484149855908
555.273 0.0002654141842022296
