0.0 1.681189296333003
1.001 1.6882317682317682
2.002 2.9628611388611388
3.011 2.6618671952428152
4.012 2.562877122877123
5.02 2.7405079365079366
6.03 2.5942178217821787
7.031 2.6831408591408588
8.041 2.9256237623762376
9.042 2.8143376623376626
10.051 2.5100178394449952
11.07 1.8946889106967615
12.071 1.9351528471528474
13.08 1.8917740336967295
14.11 2.2250873786407763
15.111 2.241278721278721
16.12 2.390707631318137
17.121 2.366081918081918
18.131 2.1562930693069307
19.141 1.8790653465346534
20.15 2.195472745292369
21.151 2.6567352647352642
22.16 2.293090188305253
23.161 1.9178261738261737
24.17 2.212662041625372
25.18 1.7815445544554454
26.19 1.4736475247524752
27.191 1.6772987012987013
28.201 2.561710891089109
29.202 2.847136863136863
30.22 2.9456345776031436
31.222 2.6476726546906186
32.24 2.509351669941061
33.261 2.491236043095005
34.27 2.390707631318137
35.271 2.8644635364635365
36.28 2.7486382556987117
37.29 2.583382178217822
38.291 2.7378061938061937
39.3 2.6076352824578786
40.35 2.5058133333333337
41.351 2.831664335664336
42.352 2.1474205794205794
43.36 2.1325079365079365
44.361 2.5474045954045956
45.362 2.551944055944056
46.37 2.5993650793650795
47.371 2.551944055944056
48.38 2.293090188305253
49.39 2.5572118811881186
50.4 2.3775049504950494
51.401 2.5300779220779224
52.42 2.206147203140334
53.43 2.5030336633663364
54.431 2.366081918081918
55.44 2.032777006937562
56.441 2.2850109890109884
57.45 2.065316154608523
58.451 2.2130189810189806
59.46 2.4512824578790884
60.461 2.2239520479520483
61.462 2.2239520479520483
62.47 2.4690793650793657
63.48 2.3838415841584157
64.481 1.9396923076923076
65.49 1.9848880079286424
66.491 1.8412947052947053
67.499 2.023936507936508
68.5 2.3943416583416584
69.51 2.2799841584158416
70.511 2.420747252747253
71.52 2.4557859266600595
72.521 2.60206993006993
73.53 2.325629335976214
74.531 2.4535464535464535
75.54 2.835409316154608
76.55 2.9192871287128717
77.6 2.8497676190476193
78.65 3.1207619047619044
79.72 3.052201869158879
80.73 3.1965148514851487
81.731 2.6722157842157843
82.74 2.694406342913776
83.752 2.4701343873517785
84.819 1.8709953139643862
85.82 2.7660659340659337
86.821 2.726873126873127
87.839 2.627583497053045
88.84 2.7924715284715287
89.85 2.8326019801980196
90.86 2.908451485148515
91.94 2.6794074074074072
92.941 2.809798201798202
93.949 2.5125079365079364
94.95 2.5738101898101897
95.951 2.519144855144855
97.04 2.446222222222222
98.041 2.4490069930069933
99.049 2.241079365079365
100.05 2.3442157842157845
101.059 2.689902874132805
102.06 2.6066093906093903
103.069 2.781177403369673
104.07 2.7924715284715287
105.071 2.803404595404596
106.079 2.317079365079365
107.081 2.77422754491018
108.089 2.490785714285714
109.09 2.4426133866133863
110.099 1.9026204162537164
111.1 2.438073926073926
112.109 2.0978553022794846
113.119 2.2908198019801977
114.12 2.5474045954045956
115.139 2.345766437684004
116.149 2.3558336633663366
117.159 2.2799841584158416
118.16 2.4490069930069933
119.169 2.1629335976214072
120.179 2.4208475247524754
121.18 2.7159400599400603
122.29 2.883055855855856
123.291 3.0612587412587415
124.299 2.7839365079365077
125.3 2.5847432567432564
126.309 2.488325074331021
127.319 2.4316831683168316
128.32 2.7441998001998003
129.329 2.30393657086224
130.33 2.4863456543456546
131.339 2.4557859266600595
132.34 2.3943416583416584
133.349 2.195322101090188
134.359 1.5866534653465347
135.36 2.3724755244755245
136.379 2.206155053974485
137.38 2.092755244755245
138.389 1.8221922695738355
139.398 1.1976055500495542
140.399 1.7383576423576423
141.4 2.18021978021978
142.409 2.488325074331021
143.41 2.820731268731269
144.429 2.2813267909715407
145.439 2.269148514851485
146.459 1.8561882352941177
147.468 1.2409910802775026
148.469 0.8418461538461538
150.174 0.07687507331378299
151.178 2.7189800796812746
152.179 1.9460859140859141
153.189 1.694859405940594
154.229 1.635446153846154
155.238 1.8655777998017837
156.239 1.6991648351648352
157.24 2.219412587412587
158.249 1.9134667988107037
159.259 2.047936633663366
160.269 1.7382019801980197
161.289 1.6138666666666666
162.309 1.6523294117647058
163.409 1.347258181818182
164.428 1.449892051030422
165.438 1.6578534653465347
166.439 1.2727752247752249
167.448 1.2147948463825569
168.46 0.7353675889328064
169.468 0.6559365079365079
170.469 1.0277082917082916
171.478 1.1822556987115957
172.488 1.023049504950495
173.498 1.2135920792079207
174.499 1.5597442557442558
175.509 1.5468118811881189
176.518 1.7290782953419228
177.538 1.748894117647059
178.548 1.4998099009900991
179.568 1.630870588235294
180.598 1.523821359223301
181.619 1.6292732615083252
182.628 1.4642616451932606
183.638 1.1639128712871287
184.639 1.2026373626373628
185.768 0.9152170062001772
186.788 1.2553411764705882
187.798 1.2569346534653467
188.808 1.142241584158416
189.818 1.3436198019801981
190.821 1.27661814556331
191.828 0.8848142999006952
192.839 0.8551691394658752
193.848 0.8894033696729435
194.858 0.6826455445544554
195.878 0.583843137254902
196.898 0.7510588235294118
197.908 0.8560158415841584
198.918 1.0727287128712872
199.928 1.120570297029703
200.948 1.3519058823529413
201.958 1.1747485148514851
202.968 1.1377425742574259
203.978 0.8885227722772278
204.999 0.6752908912830557
206.008 0.633593657086224
207.019 0.7360949554896142
208.039 0.5042823529411765
209.048 0.7267076313181368
210.078 0.854431067961165
211.098 0.8798117647058823
212.128 0.8393941747572816
213.138 0.845180198019802
214.158 0.8198901960784314
215.168 0.9643722772277228
216.188 1.0192941176470587
217.198 0.8885227722772278
218.208 0.5787881188118812
219.218 0.574289108910891
220.227 0.7484003964321111
221.228 0.6997162837162837
222.248 0.6544941176470588
223.251 0.13067996011964106
224.267 0.16629921259842517
225.278 0.8010445103857566
226.279 0.7325154845154845
227.307 0.8090894941634241
228.318 1.0869871414441146
229.328 1.5061544554455446
230.337 1.3883369672943509
231.348 1.260162215628091
232.358 1.2352633663366337
233.367 1.0457799801783945
234.369 1.2451257485029938
235.377 1.292
236.378 1.054113886113886
237.387 1.410029732408325
238.407 1.238337254901961
239.408 1.5087632367632369
240.417 1.5401863230921704
241.418 1.425838161838162
242.427 1.7245748265609513
243.437 1.467310891089109
244.448 1.6129139465875373
245.457 1.1433815659068385
246.467 1.289441584158416
247.468 1.1151728271728272
248.477 0.8613676907829535
249.497 0.7510588235294118
250.537 0.6629538461538462
251.569 0.5514418604651163
252.577 0.5609126984126984
253.589 0.516403162055336
254.617 0.6813385214007782
255.647 0.7118912621359224
256.667 0.4935529411764706
257.687 0.42917647058823527
258.718 0.37593016488845776
259.727 0.4555480673934589
260.737 0.5634534653465347
261.767 0.37188349514563107
262.787 0.39698823529411764
279.574 0.018254125215940907
280.584 0.6284673267326734
281.589 0.5925572139303482
282.594 1.3067462686567164
283.595 1.5743616383616383
284.604 1.5338434093161546
285.664 1.9246490566037733
286.675 2.2624094955489613
287.684 2.22801189296333
288.695 2.050405539070227
289.705 2.210471287128713
290.715 1.5106534653465347
291.724 1.4317224975222993
293.128 0.09335612535612536
294.134 1.723610337972167
295.144 0.7368237623762376
296.184 0.2525538461538462
297.204 0.1716705882352941
298.234 0.2550058252427184
299.264 0.30813203883495144
301.714 0.04913632653061225
302.744 0.23375533980582522
303.754 0.29256237623762377
305.294 0.09238441558441558
306.504 0.05426776859504132
308.054 0.052356129032258066
309.094 0.284123076923077
310.104 0.30339801980198017
311.124 0.27896470588235295
312.164 0.1999384615384615
313.174 0.2383841584158416
314.194 0.33261176470588233
315.214 0.3648
316.253 0.4318614051973051
317.254 0.31705894105894106
318.274 0.2896941176470588
319.294 0.32633725490196075
320.314 0.6759529411764706
321.324 0.5952633663366337
322.334 0.9108910891089109
323.344 0.7259881188118812
324.354 1.0772277227722773
325.374 1.008564705882353
326.384 1.018550495049505
327.413 0.6531856171039845
328.414 0.4263896103896104
329.423 0.4880872150644202
330.433 0.8235089108910891
331.454 0.578820763956905
332.463 0.4880872150644202
333.493 0.44004660194174755
334.514 0.8896689520078355
335.515 1.5743616383616383
336.524 1.5121506442021801
337.534 1.863730693069307
338.544 1.662352475247525
339.562 1.8642986247544204
340.564 1.9987544910179638
341.573 1.750771060455897
342.604 1.719619786614937
343.614 1.4131326732673268
344.623 1.6378037661050546
345.624 1.4367632367632368
346.633 1.594418235877106
347.634 1.4805034965034964
348.643 1.7571139742319128
349.654 1.3964154302670622
350.663 0.9264459861248762
351.683 1.1695058823529412
352.693 0.9427009900990099
353.703 0.8821861386138614
354.723 0.8690823529411764
355.743 0.4184470588235294
366.069 0.012693395312802634
367.076 0.1524051638530288
368.116 0.14732307692307692
369.146 0.14875339805825244
370.166 0.13948235294117647
371.206 0.1368
372.656 0.08302344827586207
373.674 0.06450294695481334
374.706 0.10604651162790699
375.716 0.09752079207920791
376.746 0.2487922330097087
377.756 0.7368237623762376
378.766 0.7584950495049506
395.096 0.02077550520514391
396.106 0.19504158415841583
397.266 0.8624551724137931
398.268 0.9502275449101796
399.328 0.27749433962264153
403.821 0.06103716892944581
404.822 1.4766673326673325
405.831 1.3169157581764124
406.832 1.7492907092907095
407.841 1.8050029732408326
408.842 2.0818221778221777
409.851 2.4512824578790884
410.852 2.1255544455544455
411.861 1.702882061446977
412.871 1.7165306930693067
413.881 1.7598732673267328
414.891 1.798716831683168
415.901 1.792380198019802
416.911 1.7337029702970297
417.921 1.2072554455445546
418.922 1.650893106893107
419.931 1.6423072348860257
420.932 2.295944055944056
421.941 2.021930624380575
422.951 1.690360396039604
423.961 1.5539960396039603
424.962 1.4103656343656346
425.981 1.8302492639842984
426.982 2.420747252747253
428.061 2.6413197405004634
429.062 2.306877122877123
430.071 2.0761625371655104
431.141 2.00894953271028
432.151 1.9395801980198022
433.161 1.9765861386138615
434.163 1.922299401197605
435.171 1.6005079365079367
436.181 1.7337029702970297
437.191 1.445639603960396
438.211 2.3353960784313723
439.212 1.9543096903096904
440.221 1.8266957383548066
441.231 2.058772277227723
442.232 2.519144855144855
443.241 2.021930624380575
444.242 2.7050069930069927
445.251 3.069526263627354
446.261 2.8976158415841584
447.262 2.879936063936064
448.263 2.6066093906093903
449.271 2.382222222222222
450.28 2.4340931615460857
451.281 2.2850109890109884
456.996 0.022934733158355203
459.646 0.3156769811320755
460.647 1.1151728271728272
461.648 2.420747252747253
462.656 2.8011428571428576
463.657 2.726873126873127
464.658 2.6612747252747253
465.66 2.8989061876247506
466.666 2.9744095427435386
467.667 2.901802197802198
468.668 2.551944055944056
469.676 3.0074285714285716
470.677 2.803404595404596
471.686 2.7269454905847375
472.687 2.672207792207792
473.696 2.4340931615460857
474.726 2.4163417475728157
475.727 3.1487232767232767
476.735 2.555936507936508
477.736 1.9287592407592409
478.747 1.5804391691394657
479.755 1.491936507936508
480.756 1.6836923076923076
481.765 1.7724638255698713
482.775 2.0804435643564356
483.776 2.0708891108891105
484.777 2.4535464535464535
485.786 2.6184816650148663
486.886 2.4715054545454542
487.888 2.2084795204795205
488.896 2.230222222222222
489.897 2.4644795204795207
490.899 2.7851497005988026
491.905 2.7241988071570575
492.906 2.901802197802198
493.916 2.767588118811881
494.917 2.6612747252747253
495.925 2.327936507936508
496.926 2.4927392607392607
497.935 2.1520872150644204
498.936 2.43168031968032
499.937 2.1975464535464533
500.945 1.5353650793650793
501.955 1.289441584158416
503.396 0.25822068008327553
504.405 0.35158771060455896
505.406 0.7981138861138861
506.415 1.605264618434093
507.416 1.8631608391608394
508.425 2.238858275520317
509.435 2.058772277227723
510.454 1.4865711481844948
511.455 2.1647472527472527
512.456 2.3988811188811185
513.465 1.6965391476709613
514.475 2.047936633663366
515.495 1.485113725490196
516.496 2.011684315684316
517.505 1.7399246778989097
518.645 2.1351859649122806
519.655 2.0154297029702968
520.665 1.6081742574257425
530.833 0.11731864673485444
531.853 0.32188235294117645
532.934 0.34421461609620724
533.973 0.24226371511068334
534.974 0.4589330669330669
536.003 0.5476108949416343
537.013 0.9427009900990099
547.317 0.09027950310559006
548.318 0.3826573426573427
549.327 0.43385530227948466
550.337 0.4921029702970297
551.357 1.2446117647058823
552.387 1.4344077669902913
553.407 0.9164549019607843
554.427 1.298258823529412
555.437 1.170249504950495
557.276 0.2762196846112017
558.277 1.0167752247752249
559.287 0.9535366336633664
560.297 1.0663920792079207
561.307 1.170249504950495
562.316 0.8134786917740336
563.317 0.7981138861138861
564.327 0.7521584158415842
565.347 1.0729411764705883
566.348 0.8637122877122877
567.357 1.110834489593657
568.358 0.9511768231768233
573.745 0.08532541303137182
574.925 0.05564745762711864
576.065 0.0384
577.264 0.02738281901584654
578.544 0.0342
579.555 0.032474777448071215
580.824 0.03449645390070922
581.825 0.032799200799200796
583.111 0.03404043545878693
584.124 0.0324106614017769
585.15 0.03203121951219512
586.425 0.03433411764705882
587.595 0.02806153846153846
588.864 0.03449645390070922
590.144 0.0342
591.164 0.03218823529411765
592.184 0.03218823529411765
593.464 0.0342
594.544 0.030399999999999996
595.744 0.03648
597.064 0.03316363636363636
598.344 0.0342
599.624 0.0342
600.904 0.03422673964034402
601.912 0.032571428571428564
603.184 0.03441509433962264
604.464 0.0342
605.764 0.03367384615384616
606.864 0.02984727272727273
608.144 0.0342
609.504 0.03218823529411765
610.555 0.031238820171265464
611.664 0.02960504959422904
612.704 0.03156923076923077
613.824 0.029314285714285713
615.104 0.0342
616.385 0.037004226542688076
617.664 0.03422673964034402
618.944 0.0342
620.224 0.0342
621.244 0.08230029440628067
622.264 0.008070588235294118
623.464 0.03648
632.968 0.0011515151515151516
633.97 0.7208622754491019
634.978 1.0748571428571427
635.988 0.899358415841584
636.998 0.7088079207920793
638.008 1.2569346534653467
639.028 0.8476235294117647
640.289 0.7499825535289453
641.298 1.6269573835480673
642.318 1.592407843137255
643.328 1.798716831683168
644.338 1.4781465346534652
645.348 1.1269069306930695
646.358 0.9643722772277228
647.368 0.6393029702970296
648.388 0.3433411764705882
649.398 0.448760396039604
650.438 0.684
651.468 0.4568854368932039
652.479 0.33557270029673586
653.988 0.05801988071570577
656.799 0.12458484525080044
658.048 0.8009991993594875
659.059 0.8226943620178041
660.068 1.301565906838454
661.069 1.6226333666333668
662.078 1.778806739345887
663.088 1.4889821782178216
664.089 1.4978301698301697
665.098 1.12802378592666
666.108 0.9472
667.117 0.9870208126858276
668.137 1.0192941176470587
669.138 1.2618421578421577
670.157 1.1276938174681062
671.158 1.0823736263736263
672.168 1.023049504950495
673.187 1.1491736997055937
674.189 1.0277082917082916
675.197 0.9816507936507937
676.198 1.0714405594405594
677.208 1.0944
678.217 0.7637502477700693
679.228 1.24486646884273
680.247 1.439152109911678
681.257 0.6763089108910891
682.267 0.4009188118811881
683.268 0.48105494505494506
685.173 0.06880419947506562
686.178 2.882486055776892
687.187 1.2147948463825569
688.197 0.9472
689.209 1.4274782608695653
690.428 1.2477112387202627
691.439 1.1208237623762376
692.44 1.169838161838162
693.461 1.1620920666013714
694.467 1.5665367793240557
695.477 1.3761267326732671
696.507 1.0456854368932038
697.527 0.6866823529411764
698.537 0.6934811881188119
699.558 0.5252262487757101
700.628 0.5361046728971962
701.638 0.9968792079207921
702.639 1.2463696303696303
703.648 1.208451932606541
704.649 1.9023536463536466
705.657 1.785079365079365
706.658 2.0882157842157842
707.659 2.049022977022977
708.667 2.3496507936507935
709.668 2.4708731268731268
710.688 2.064501960784314
711.697 2.238858275520317
712.698 2.17568031968032
713.707 1.295222993062438
714.708 1.5743616383616383
715.709 1.4805034965034964
716.717 2.160571428571428
717.718 1.7538301698301697
718.727 1.750771060455897
719.728 1.8586213786213786
720.737 1.4470723488602577
721.74 1.7130687936191424
722.808 0.21519101123595505
723.867 0.6097223796033995
725.758 0.13311052353252248
726.777 0.30071835132482827
727.807 0.17441553398058252
728.817 0.49843960396039605
729.827 0.6826455445544554
730.837 0.6826455445544554
731.839 0.7863952095808383
732.85 0.578215628090999
733.858 0.6405714285714286
734.877 0.4725574092247301
735.898 0.5573829578844269
736.926 0.5003579766536965
737.946 0.3648
738.958 0.5190830039525691
739.967 0.5685153617443013
741.006 0.4529278152069297
742.007 0.43598001998001995
743.027 0.23736470588235295
744.037 0.6393029702970296
745.038 1.2727752247752249
746.058 1.6416
747.067 1.6314608523290386
748.068 2.4162077922077927
749.077 1.664
750.087 1.2135920792079207
751.096 0.8134786917740336
752.097 0.8901178821178821
753.117 1.1158588235294118
754.197 1.240474074074074
755.217 0.5686588235294118
756.226 0.46639444995044593
760.336 0.03189099756690998
761.366 2.225335922330097
762.646 0.0342
763.676 0.24438058252427186
766.316 0.10363636363636364
767.426 0.5534355275022543
768.446 0.2244392156862745
769.447 0.2742217782217782
770.497 0.34310095238095234
771.506 0.11931020812685827
772.526 0.3755294117647059
773.746 0.4343081967213115
774.771 0.363020487804878
775.786 0.5067665024630542
776.818 0.6786976744186046
777.837 0.6336565260058882
778.876 0.3897285851780558
779.886 0.4767683168316832
780.896 0.4270891089108911
781.906 0.5309465346534654
782.946 0.32621538461538463
783.969 0.3102404692082112
784.997 0.40454474708171206
786.026 0.5530495626822157
787.037 0.4871216617210682
788.346 0.25429488158899927
789.426 0.5877333333333333
790.446 0.35407058823529414
791.461 0.4191842364532019
792.476 0.8854699507389162
793.486 0.9905425742574258
794.506 0.6652235294117647
795.516 1.0727287128712872
796.526 0.5851247524752475
797.562 0.5598764478764479
798.716 0.2979272097053726
799.717 0.9511768231768233
800.726 2.1692765113974235
801.727 2.3441918081918085
802.736 1.8050267591674927
803.796 2.3376301886792454
804.797 2.645802197802198
805.816 2.1417075564278703
806.817 2.3004835164835162
807.826 2.0716590683845393
808.846 1.7318901960784314
809.856 1.3544554455445545
810.866 0.8280079207920792
811.876 1.1919207920792079
812.885 1.605264618434093
813.886 1.1962437562437562
814.956 2.2850990654205607
815.957 2.5474045954045956
816.966 2.3473221010901884
817.976 2.5183683168316833
818.977 2.376991008991009
819.986 2.4838216055500495
820.996 1.954938613861386
822.026 2.0125825242718447
823.036 2.242978217821782
824.045 2.108701684836472
825.046 2.1474205794205794
826.056 1.8962376237623761
827.066 1.7706851485148516
828.067 1.9460859140859141
829.086 2.1095112855740923
830.145 1.9161246458923513
831.165 1.899105882352941
832.336 1.1534210076857387
833.337 1.322901098901099
834.345 1.6502857142857141
835.356 0.7297645895153314
836.375 0.5369970559371934
837.415 0.3683076923076923
838.436 0.9003878550440744
839.445 1.4362259663032704
840.446 1.322901098901099
841.486 1.4249846153846155
842.526 1.5679384615384615
843.538 0.7353675889328064
844.545 1.0478331678252235
845.555 0.6501386138613862
846.575 0.6115764705882353
847.59 0.603806896551724
848.675 1.123804608294931
849.676 1.9351528471528474
850.677 1.7975624375624375
851.678 1.9132867132867135
852.685 1.069569016881827
853.695 1.0944
854.705 1.3761267326732671
855.795 0.35141284403669726
856.815 0.4336313725490196
857.835 0.7617882352941177
858.845 0.5417821782178218
859.848 0.6546759720837487
860.855 0.6303396226415094
862.095 0.3566967741935484
863.096 1.486897102897103
864.105 1.9568523290386521
865.106 2.1975464535464533
866.125 1.776549558390579
867.135 1.9829227722772276
868.145 1.4022970297029704
869.146 1.3994325674325674
870.147 1.6554325674325674
871.155 2.2148571428571424
872.165 1.5106534653465347
873.175 1.0944
874.305 0.749762831858407
875.315 1.3544554455445545
876.325 1.798716831683168
877.326 1.4695704295704295
878.338 1.6113201581027667
879.345 1.4390784508440913
880.355 1.8420594059405941
881.365 1.6081742574257425
882.375 1.7445386138613863
883.385 1.4889821782178216
884.395 1.2352633663366337
885.396 0.9885154845154845
886.405 1.3341050545094153
887.406 1.5306293706293708
888.415 1.5229970267591675
889.425 1.5820039603960396
890.435 1.1314059405940593
891.436 1.0605074925074924
892.455 1.0417742885181551
893.465 0.9797069306930694
894.484 1.1491736997055937
895.495 0.6711454005934717
897.6 0.062266983372921615
898.624 0.8596874999999999
899.664 0.399876923076923
900.684 0.8690823529411764
901.704 0.42917647058823527
902.716 0.5839683794466404
903.914 0.48795993322203673
904.924 0.6718099009900991
905.934 0.5092752475247525
906.945 0.5304213649851632
907.954 1.2147948463825569
908.98 0.548428849902534
910.054 0.3566480446927374
911.064 0.7801663366336633
912.065 1.005842157842158
913.074 0.9264459861248762
914.104 0.2656310679611651
915.134 0.5525126213592233
916.144 0.5959603960396039
917.146 0.6116407185628743
918.155 1.0412527254707633
919.176 0.6904603330068559
920.185 0.8902857142857143
921.186 1.4978301698301697
922.194 1.850222222222222
923.284 1.5403449541284404
924.295 1.731988130563798
925.304 2.108701684836472
926.305 2.306877122877123
927.306 1.7647632367632367
928.354 1.7900458015267176
929.355 1.8586213786213786
930.364 1.566382556987116
931.365 2.427140859140859
932.366 2.158353646353646
933.374 2.0565079365079364
934.375 2.503672327672328
935.376 2.4426133866133863
936.384 2.5233650793650795
937.394 2.2583128712871288
938.404 1.9829227722772276
939.414 1.8140514851485148
940.415 2.4052747252747255
941.424 2.141248761149653
942.434 1.5865029702970297
943.464 1.4556582524271842
944.484 0.7188705882352942
945.604 0.5805714285714285
946.605 1.8695544455544453
947.614 1.9893914767096132
948.624 2.0696079207920794
949.625 2.18021978021978
950.634 1.8050029732408326
951.654 1.9527529411764706
952.674 1.5065725490196078
953.675 2.0335504495504497
954.684 1.7724638255698713
955.694 1.7445386138613863
956.713 0.6810755642787046
957.724 0.6170207715133531
958.744 1.4270117647058824
959.745 1.403972027972028
960.754 2.0499663032705646
961.755 2.4535464535464535
962.764 1.8050029732408326
963.765 2.5474045954045956
964.773 1.470222222222222
965.864 2.2009899175068743
966.874 2.481362376237624
967.876 1.8831457085828343
968.884 2.2953650793650793
969.886 2.26088622754491
970.894 2.4365079365079363
971.895 2.6831408591408588
972.914 1.7506104023552505
973.915 2.43168031968032
974.923 1.557079365079365
975.924 2.1975464535464533
976.925 2.715868131868132
977.926 3.9295824175824174
978.935 2.79202378592666
979.936 3.175128871128871
980.944 3.0227936507936506
981.945 3.1204635364635362
982.946 3.0985974025974024
983.953 3.232285998013903
984.954 2.3223496503496506
985.964 2.784760396039604
986.965 2.9236683316683316
987.966 3.5140539460539464
988.974 2.7622222222222224
989.975 2.5847432567432564
990.984 2.9004876114965317
991.985 3.5140539460539464
992.986 3.339124875124875
993.995 2.9330267591674923
995.004 2.5859425173439052
996.013 2.314782953419227
997.014 2.733266733266733
998.015 3.4484555444555443
999.024 3.345189296333003
1000.034 2.6483960396039605
1001.036 2.5057005988023953
1002.054 2.047056974459725
1003.163 2.56
1004.173 3.120665346534653
1005.175 2.4074091816367265
1006.184 2.6184816650148663
1007.186 2.519144855144855
1008.193 2.8410407149950343
1009.194 3.492187812187812
1010.203 3.334342913776016
1011.213 2.4533544554455444
1012.214 2.7223336663336664
1013.215 2.5847432567432564
1014.216 3.623384615384615
1015.253 4.019101253616201
1016.254 3.4375224775224775
1017.283 3.1312730806608355
1018.343 2.9880754716981133
1019.344 3.083124875124875
1020.363 2.925723258096173
1021.364 2.3879480519480523
1022.365 2.847136863136863
1023.373 3.391936507936508
1024.374 3.2516603396603396
1025.383 2.9764122893954412
1026.394 2.1261800197823937
1027.403 2.5488999008919726
1028.404 2.3223496503496506
1029.413 2.054469772051536
1030.414 2.3615424575424577
1031.434 1.9893960784313724
1032.543 1.4054030658250676
1033.544 1.5196963036963036
1034.553 1.507647175421209
1035.573 1.3885490196078432
1036.582 1.6594965312190288
1037.588 2.2999284294234594
1038.593 2.7486885572139306
1039.594 2.0599560439560443
1040.603 2.18012289395441
1041.612 1.81584935579782
1042.623 1.9160118694362018
1043.634 1.9962809099901089
1044.635 3.0548651348651346
1045.642 2.2759086395233368
1046.643 2.438073926073926
1047.662 1.2610323846908733
1048.682 1.3089882352941176
1049.692 1.196419801980198
1050.702 1.2244277227722773
1051.712 1.289441584158416
1052.742 1.364442718446602
1053.744 1.38711377245509
1054.753 1.4362259663032704
1055.773 2.253176470588235
1056.782 1.5013042616451933
1057.783 1.3119680319680318
1058.792 1.3711476709613477
1059.793 2.7441998001998003
1060.794 3.04394005994006
1061.803 2.6184816650148663
1062.804 2.726873126873127
1063.813 2.867797819623389
1064.853 2.035469230769231
1065.883 3.0993663751214773
1066.912 3.1738153547133137
1067.923 3.106753709198813
1068.934 2.5483521266073197
1069.953 2.3779862610402356
1070.954 2.4972787212787213
1071.955 2.6175424575424575
1072.956 3.218861138861139
1073.963 2.793056603773585
1074.964 2.562877122877123
1075.973 2.7269454905847375
1076.974 3.3937902097902097
1077.975 4.180947052947053
1078.993 3.7823732809430255
1079.994 4.301234765234765
1080.995 3.7108491508491506
1081.996 4.159104895104895
1083.123 3.746690328305235
1084.125 4.137238761238761
1085.134 4.136975222993063
1086.142 3.522222222222222
1087.143 2.420747252747253
1088.144 2.6831408591408588
1089.145 2.748739260739261
1090.156 3.1392284866468843
1091.172 3.1497952755905514
1092.192 3.3028392156862747
1093.193 4.3559000999001
1094.194 3.9404435564435563
1095.195 3.5140539460539464
1096.202 2.688889771598808
1097.213 3.024648862512364
1098.222 2.7594846382556986
1099.223 3.7873806193806194
1100.234 4.5184886251236405
1101.242 4.015301587301587
1102.243 4.508963036963038
1103.244 4.694825174825175
1104.245 4.3057742257742255
1105.254 4.462366699702676
1106.322 4.589003745318353
1107.323 4.74949050949051
1108.324 4.913486513486513
1109.333 4.488562933597621
1110.334 5.022817182817183
1111.336 4.32332135728543
1112.338 4.711984031936127
1113.343 4.022766169154228
1114.353 4.256570297029703
1115.356 4.892777666999003
1116.402 4.151923518164436
1117.403 4.902553446553447
1118.462 4.648672332389046
1119.463 4.836955044955046
1120.464 4.78228971028971
1121.465 4.1964435564435565
1122.482 4.717813176007866
1123.532 4.115260952380953
1124.533 4.92441958041958
1125.542 4.6901407333994065
1126.543 3.9340499500499506
1127.544 4.24656943056943
1128.552 3.804507936507936
1129.553 3.350057942057942
1130.554 2.8252707292707293
1131.555 3.3719240759240763
1132.556 3.53592007992008
1133.562 3.6271332007952286
1134.563 3.1204715284715285
1135.572 3.35603567888999
1136.573 3.0657982017982017
1137.574 3.218861138861139
1138.582 3.0553650793650795
1139.592 3.7753029702970298
1140.593 3.9841758241758245
