0.0 2.809798201798202
1.009 2.5425569871159563
2.019 2.410011881188119
3.02 2.5410109890109887
4.099 2.5601779425393882
5.1 2.831664335664336
6.109 2.4557859266600595
7.11 2.562877122877123
8.111 2.5410109890109887
9.199 2.458529411764706
10.2 2.733266733266733
11.201 2.28955044955045
12.21 2.3581684836471757
13.248 2.3344585741811175
14.249 2.6239360639360636
15.25 2.5847432567432564
16.259 2.6293280475718532
17.261 2.8222994011976046
18.338 2.239903435468895
19.339 2.6567352647352642
20.34 2.9674005994005994
21.348 2.870793650793651
22.35 2.396487025948104
23.359 2.8137165510406343
24.36 2.890869130869131
25.419 2.8462171860245515
26.42 3.247120879120879
27.421 2.879936063936064
28.429 2.870793650793651
29.43 2.9236683316683316
30.438 2.8925079365079363
31.439 2.7815384615384615
32.44 2.869002997002997
33.448 2.555936507936508
34.538 2.8455926605504587
35.539 3.2143216783216784
36.54 2.879936063936064
37.548 2.8599365079365078
38.549 2.6612747252747253
39.551 2.614930139720559
40.558 2.6780218470705064
41.638 2.4970074074074073
42.639 2.9191288711288714
43.64 2.1146213786213783
44.641 2.256751248751249
45.648 2.7649652432969214
46.649 3.013842157842158
47.65 2.654025974025974
48.659 2.5859425173439052
49.66 2.551944055944056
50.668 2.3930793650793656
51.678 2.6438970297029707
52.688 2.3016554455445544
53.689 2.3332827172827173
54.699 2.2822438057482657
55.821 1.7849839572192514
56.828 1.7107765640516386
57.838 2.589718811881188
58.839 2.3332827172827173
59.858 2.2813267909715407
60.859 2.245818181818182
61.868 2.2668939544103073
62.87 2.1452774451097802
63.878 2.2953650793650793
64.879 2.339676323676324
65.888 1.4470723488602577
66.898 1.4844831683168318
67.909 1.292660731948566
68.943 1.1113346228239844
69.948 1.121623880597015
70.95 1.3807265469061878
71.958 1.7262857142857142
72.959 1.6882317682317682
73.968 1.9415024777006937
74.978 1.8465584158415842
75.979 1.9178261738261737
76.988 2.0282735381565904
77.989 1.4477042957042956
79.008 1.772090284592738
80.018 1.4131326732673268
81.028 1.787881188118812
82.037 1.1325272547076313
83.058 1.715024485798237
84.059 1.6554325674325674
85.068 1.6703429137760157
86.077 1.7182239841427156
87.078 2.1647472527472527
88.079 1.557034965034965
89.088 2.0825054509415266
90.089 1.8194285714285712
91.09 1.9943576423576423
92.098 2.138857142857143
93.108 1.6515168316831683
94.117 1.6486501486620417
95.127 1.3589544554455444
97.687 0.31625000000000003
98.908 1.5635184275184275
99.917 1.2690267591674926
100.918 1.6836923076923076
101.919 1.6772987012987013
102.928 1.8113458870168484
103.938 1.348118811881188
104.94 1.5087632367632369
105.947 1.6347010923535252
106.949 1.9004550898203592
107.957 1.7742222222222221
108.967 1.7056950495049503
109.988 2.0580293829578844
110.989 1.8631608391608394
112.007 2.10709626719057
113.017 2.0307643564356437
114.027 1.7165306930693067
115.037 1.8095524752475247
116.038 1.5679680319680318
117.057 1.8043101079489696
118.058 1.7538301698301697
119.067 1.778806739345887
120.077 1.2289267326732674
121.097 1.3733647058823528
128.415 0.01791090461874829
161.568 0.04404886435616686
162.597 0.28716034985422734
163.638 0.2628242074927954
164.708 0.1738766355140187
165.757 0.10432793136320305
166.837 0.06079999999999999
176.398 0.0022893002823972386
177.408 0.5201108910891089
178.478 0.6545943925233645
179.498 0.7939764705882353
180.508 0.6112950495049505
181.519 0.5520712166172106
182.528 0.7375540138751239
183.548 0.901270588235294
184.598 0.6922361904761904
185.608 0.7151524752475248
186.618 0.9210297029702971
187.628 0.9643722772277228
188.636 0.8622222222222221
189.638 1.157748502994012
190.648 0.9968792079207921
191.658 0.9905425742574258
192.688 0.7862679611650485
193.698 0.8776871287128714
194.708 0.9643722772277228
195.738 0.854431067961165
196.758 0.9334588235294118
197.768 0.8885227722772278
198.778 0.8343445544554455
199.788 0.6979801980198019
200.798 0.8668514851485148
201.817 0.80549558390579
203.422 0.08171571072319202
204.429 1.6458232373386295
205.438 0.8677106045589693
206.557 0.5868096514745308
207.558 0.6887832167832167
208.568 1.001378217821782
209.578 1.1594138613861387
210.579 1.2682357642357642
211.591 0.9345138339920949
212.593 0.9829940119760479
213.598 1.1869611940298508
214.608 0.7846653465346536
215.618 0.7801663366336633
216.636 0.7632848722986249
217.638 0.8956167664670658
218.639 0.6714565434565435
219.65 0.9634183976261128
220.668 0.9245422396856582
221.678 0.8885227722772278
222.688 0.7955009900990098
223.698 1.0293861386138614
224.709 0.5520712166172106
225.728 0.8484553483807654
226.737 0.7095183349851338
227.747 0.6826455445544554
228.768 0.47163173359451516
229.777 0.4555480673934589
230.788 0.45464688427299704
231.807 0.5047772325809617
232.808 0.10293706293706294
233.887 0.1927117701575533
234.888 1.158905094905095
235.889 1.1807712287712289
236.897 0.7319365079365079
237.918 1.0290146914789422
238.928 0.8668514851485148
239.937 0.9653280475718532
240.943 0.6246043737574553
241.957 1.1872189349112425
242.967 1.1160712871287128
243.968 0.8573186813186813
244.978 1.2244277227722773
245.987 1.3341050545094153
246.988 0.8573186813186813
248.017 0.9465655976676385
249.037 0.8690823529411764
250.177 0.9447859649122808
251.178 1.2901018981018981
252.188 1.3436198019801981
253.208 0.8413490196078431
254.218 1.3869623762376238
255.228 1.5169900990099012
256.237 1.1542200198216055
257.247 1.3111128712871287
258.257 1.0988990099009899
259.268 1.0824925816023736
260.269 1.0386413586413588
261.277 0.6622857142857144
262.279 0.5287984031936127
263.287 0.7057142857142856
264.297 0.8776871287128714
265.8 0.08720691949434464
266.807 2.004472691161867
267.817 0.8776871287128714
268.827 1.0077148514851484
269.847 0.766243137254902
270.869 1.0815499021526418
271.877 1.0965714285714288
273.077 0.7698666666666667
274.087 1.0077148514851484
275.108 1.1254848188050932
276.117 0.9544816650148662
281.057 0.04965344129554656
284.237 0.020649056603773582
285.267 0.5418873786407766
286.277 0.9860435643564357
287.287 0.9318653465346535
288.307 0.637513725490196
289.317 0.9860435643564357
290.318 1.0605074925074924
291.327 1.0954846382556986
292.347 0.9701019607843138
293.348 1.3119680319680318
294.349 1.250909090909091
295.357 1.292
296.378 1.2326738491674827
297.397 1.05697350343474
298.407 1.1377425742574259
299.417 1.1377425742574259
300.437 0.9701019607843138
301.447 1.2352633663366337
302.455 1.3354285714285714
303.467 1.1399841897233203
304.477 1.2244277227722773
305.497 0.5042823529411765
306.506 0.7312111000991081
307.526 0.6544941176470588
308.547 0.39659941234084234
309.587 0.17889230769230768
310.606 0.20405888125613347
311.676 0.1329644859813084
312.696 0.1287529411764706
315.15 0.03567726161369193
316.187 0.6015506268081002
317.206 0.27923846908734057
318.776 0.18413248407643312
319.836 0.20649056603773586
320.856 0.20385882352941176
321.886 0.20187961165048543
322.947 0.21661074458058435
323.976 0.159533527696793
324.996 0.1716705882352941
326.006 0.18287524752475248
327.036 0.18193398058252425
328.067 0.3078331716779825
329.106 0.20013089509143409
330.136 0.2550058252427184
331.156 0.20385882352941176
332.166 0.2683564356435643
333.236 0.2785495327102804
334.396 0.11713103448275862
335.506 0.07887567567567567
351.758 0.0020201821314299777
352.788 0.6268893203883494
353.798 0.5309465346534654
354.808 0.19504158415841583
355.818 0.7368237623762376
356.908 0.9479633027522936
357.918 1.24609900990099
358.928 0.9535366336633664
360.018 0.44177614678899085
361.038 0.26823529411764707
362.068 0.3762718446601942
363.098 0.7543922330097087
364.108 0.6826455445544554
365.128 0.6223058823529412
366.139 0.5628961424332345
367.148 0.39046977205153616
368.238 0.12467522935779816
369.358 0.09771428571428571
370.378 0.3004235294117647
374.239 0.059524475524475526
375.259 2.3735269872423945
376.478 0.3807973748974569
377.479 1.7602237762237762
378.48 1.8194285714285712
379.488 2.334285714285714
380.489 1.8412947052947053
381.679 1.5028504201680672
382.739 0.6607698113207546
383.779 0.2736
384.808 0.21271137026239065
385.818 0.39008316831683165
386.819 0.9293106893106893
387.828 0.7854667988107037
388.838 0.5201108910891089
389.848 0.3250693069306931
390.858 0.4869069306930693
391.859 0.41615984015984014
392.878 0.5477369970559373
393.888 0.574289108910891
394.908 0.3692470588235294
395.939 0.25475848690591657
396.948 0.19523488602576808
397.967 0.17183905789990186
398.968 0.10933066933066934
400.027 0.41337110481586403
401.087 0.041298113207547164
402.158 0.040873949579831925
407.517 0.018379548423213286
408.518 1.486897102897103
409.777 0.27816362192216043
410.798 0.33673653281096966
411.808 0.5201108910891089
412.817 0.44470168483647177
413.818 0.4263896103896104
414.847 0.2977959183673469
415.858 0.23814836795252226
416.887 0.28716034985422734
417.907 0.20385882352941176
418.938 0.3078331716779825
419.968 0.22754174757281553
421.007 0.2527969201154957
422.038 0.25475848690591657
423.058 0.38625882352941177
424.087 0.5105072886297376
425.097 0.30339801980198017
426.137 0.33673846153846154
427.138 0.43783416583416584
428.157 0.48279489695780176
429.158 0.3653306693306693
430.167 0.5423191278493559
431.187 0.5458823529411764
432.198 0.5425756676557864
433.217 0.5577860647693818
434.247 0.510695145631068
435.248 0.419996003996004
436.257 0.41216253716551043
437.297 0.37883076923076925
438.327 0.30813203883495144
439.337 0.4009188118811881
443.646 0.030418194476676725
444.677 1.2846556741028128
445.727 0.22320761904761904
446.767 0.21046153846153845
447.788 0.2250969637610186
448.797 0.23862041625371655
449.807 0.3142336633663367
450.827 0.4720941176470589
451.847 0.4077176470588235
452.867 0.5257411764705883
453.868 0.5138541458541458
454.887 0.4662767419038273
455.918 0.5201319107662463
456.937 0.5369970559371934
457.947 0.5634534653465347
458.967 0.5257411764705883
459.977 0.5417821782178218
461.157 0.3284610169491526
462.177 0.4935529411764706
463.197 0.4720941176470589
464.207 0.5201108910891089
465.247 0.45273846153846153
466.267 0.3430901960784314
467.287 0.26848627450980395
468.447 0.13186206896551725
471.437 0.025621404682274248
472.718 0.34528024980483996
473.777 0.06200566572237961
474.858 0.12125069380203515
475.935 0.19330733519034354
476.957 0.22487671232876713
477.987 0.2975067961165049
479.017 0.2656310679611651
480.127 0.1478918918918919
481.138 0.08659940652818991
482.147 0.1301565906838454
483.207 0.22713962264150947
484.517 0.2172091603053435
485.537 0.21458823529411764
486.977 0.10640000000000001
487.999 0.8504109589041097
489.018 1.0417742885181551
490.027 1.1497165510406344
491.057 0.9394330097087378
492.067 1.0293861386138614
493.078 0.8443442136498516
494.087 0.921942517343905
495.088 1.07598001998002
496.097 1.3557978196233893
497.107 0.8776871287128714
498.137 0.4612970873786408
499.157 0.38625882352941177
500.167 0.6934811881188119
501.178 1.2340415430267062
502.179 0.7871808191808192
503.187 0.351936507936508
504.267 0.1824
505.857 0.09620125786163522
507.562 0.07687507331378299
508.587 0.726540487804878
509.627 0.2525538461538462
510.631 0.16350597609561754
511.637 0.641844930417495
512.638 0.7917202797202797
513.647 1.3449514370664024
514.648 1.1370389610389613
515.657 1.0566025768087215
516.668 1.4397151335311573
517.787 1.2852618409294012
518.788 1.4540979020979021
519.793 1.4047522388059703
520.798 0.9410228855721393
521.807 1.0629454905847373
522.818 1.0608427299703265
523.828 0.7304871287128712
524.838 0.8885227722772278
525.847 0.9544816650148662
526.858 0.8768189910979229
527.877 0.49849656526005887
528.917 0.2630769230769231
529.927 0.19504158415841583
530.947 0.1716705882352941
532.117 0.09353846153846153
569.632 0.0002917233106757297
570.652 0.6336565260058882
571.733 0.5466938020351527
572.763 0.24438058252427186
573.783 0.2575058823529412
574.873 0.19076697247706423
576.723 0.011831351351351351
577.973 0.087552
579.002 0.13826239067055393
580.113 0.14199819981998202
581.133 0.21458823529411764
582.143 0.20587722772277228
583.162 0.17183905789990186
584.192 0.11687766990291261
605.07 0.0010483762812529935
606.289 0.08080065627563578
607.339 0.06253714285714285
608.35 0.7360949554896142
609.37 0.8690823529411764
610.53 0.6360275862068966
614.661 0.113944794188862
615.675 0.47488757396449705
617.889 0.3657886178861789
618.89 0.7434485514485515
632.995 0.06627323644097838
634.015 0.4935529411764706
635.016 0.6669170829170828
636.036 0.8476235294117647
637.046 1.239762376237624
638.116 1.0637158878504671
639.127 0.7801663366336633
640.426 0.9049668976135489
641.436 1.3869623762376238
642.437 1.4540979020979021
643.446 1.3386085232903866
644.455 1.6161110009910804
645.456 1.5023696303696303
646.466 1.8962376237623761
647.467 1.7756963036963036
648.485 1.8383339882121807
649.486 1.3821058941058941
650.487 1.7055584415584415
651.516 1.44021768707483
652.517 1.8039560439560438
653.526 1.566382556987116
654.536 1.690360396039604
655.556 1.0988549019607843
656.575 0.5369970559371934
657.585 0.3575762376237624
658.587 0.666251497005988
659.606 0.6229165848871443
660.655 1.0163126787416588
661.656 0.8746453546453548
662.665 1.6314608523290386
663.666 1.8914205794205792
664.667 1.6772987012987013
665.676 1.4859544103072349
666.686 1.5539960396039603
667.706 2.027858823529412
668.707 1.7319640359640358
669.716 2.060812685827552
670.726 1.5106534653465347
671.796 1.401241121495327
672.806 1.4131326732673268
673.815 1.4751080277502477
674.816 1.2727752247752249
675.826 1.6036752475247524
676.945 1.4124039320822164
677.964 1.6002512266928361
678.976 1.589691699604743
679.996 0.92718431372549
681.005 1.2581803766105053
682.125 0.9812071428571429
683.135 0.8126732673267326
684.146 0.6711454005934717
685.166 1.0407529411764707
686.176 1.369790099009901
687.186 1.3869623762376238
688.306 1.0789142857142857
689.316 1.3652910891089107
690.325 0.9978671952428146
691.355 0.3506330097087379
692.506 0.46034404865334494
693.627 0.6345762711864407
694.637 0.422590099009901
695.646 0.921942517343905
696.655 0.7050148662041625
698.187 0.3244281984334204
699.195 0.21714285714285714
700.245 0.19803428571428572
701.255 0.20587722772277228
702.265 0.2708910891089109
703.275 0.19504158415841583
704.295 0.30983529411764704
705.305 0.23971485148514854
706.335 0.2975067961165049
707.415 0.16213333333333332
708.416 0.06559840159840159
709.425 0.4880872150644202
710.435 0.22754851485148514
711.446 0.3833669634025717
712.456 0.7910019801980198
713.475 0.6229165848871443
714.795 0.2736
715.835 0.399876923076923
716.875 0.11575384615384615
717.876 0.4154565434565435
719.456 0.19394430379746838
720.945 0.014709677419354838
721.966 0.25098530852105777
723.055 0.03014876033057851
724.175 0.1368
725.255 0.1824
726.285 0.0850019417475728
727.315 0.21250485436893202
728.325 0.1842059405940594
729.385 0.17551698113207548
730.968 0.020740366392924828
732.027 0.361699716713881
734.856 0.0464220572640509
735.896 0.5787692307692307
736.905 0.3253914767096135
737.935 0.18062912621359223
739.005 0.19433271028037385
740.208 0.10895428096425602
741.215 0.2767395626242544
742.225 0.24921980198019802
743.265 0.15784615384615383
790.114 0.0030368204230613247
791.115 0.9293106893106893
792.125 1.3652910891089107
793.135 0.9146930693069307
794.144 0.7484003964321111
795.164 0.26823529411764707
796.174 0.8460178394449951
797.335 0.6166270456503015
798.336 0.9730429570429571
799.344 1.4874285714285713
800.345 1.239976023976024
801.355 1.170249504950495
803.224 0.1463884430176565
809.163 0.0055282034012460015
810.173 0.34674059405940594
811.183 0.9823920792079207
812.204 0.39394319294809005
813.237 0.5720968054211035
814.547 0.7349740458015267
815.553 0.9932723658051691
816.554 0.7230529470529471
817.555 2.3834085914085916
818.564 1.653153617443013
819.614 2.0159390476190477
820.615 1.978885114885115
821.673 1.21454820415879
822.69 0.40892035398230087
825.597 0.045088407292741654
826.605 2.9687619047619047
827.614 2.201815659068384
828.623 1.2843766105054508
829.624 1.2791688311688312
830.638 1.6450019723865879
831.643 2.5917134328358213
832.644 2.3332827172827173
833.645 2.1582817182817187
834.654 2.397050545094153
835.656 2.0579720558882237
836.674 2.1760628683693515
837.675 2.3724755244755245
838.684 2.054469772051536
839.694 1.8248871287128714
840.695 2.645802197802198
841.703 2.273650793650794
842.704 2.2130189810189806
843.714 1.8745663366336636
844.718 1.574183266932271
845.724 1.7623538767395626
846.733 1.3386085232903866
847.744 1.9484866468842728
848.745 2.0818221778221777
849.764 2.0343081452404315
850.864 2.2327272727272724
851.865 2.2740779220779226
852.873 1.7416507936507937
853.893 1.105129411764706
854.903 0.7476594059405941
855.913 0.8496792079207921
856.933 0.7403294117647059
857.934 0.7981138861138861
858.935 1.5242357642357642
859.943 1.4548571428571428
861.364 0.3927825475017593
862.373 0.3579306243805748
863.383 0.6284673267326734
864.393 0.6763089108910891
865.394 1.0605074925074924
866.414 1.008564705882353
867.424 1.1097346534653465
868.433 1.7679603567889
869.444 1.411734915924827
870.453 0.7917859266600594
871.463 0.8668514851485148
872.503 0.4419692307692308
873.523 0.4077176470588235
874.524 0.583992007992008
875.543 0.6443964671246319
876.545 0.6116407185628743
877.573 0.5748793774319066
878.584 0.6819703264094955
879.593 1.2192983151635282
880.594 1.8914205794205792
881.613 1.626190382728165
882.614 1.8914205794205792
883.623 1.4579187314172448
884.625 1.8567664670658683
885.633 1.209642857142857
886.637 1.6895617529880478
887.643 1.3208429423459245
888.644 1.3119680319680318
889.693 1.3084308865586272
890.703 1.4736475247524752
891.704 0.6778501498501498
892.863 0.957625539257981
893.877 0.31299408284023666
894.903 0.7786666666666666
896.407 0.08714893617021276
897.414 3.852011916583913
898.424 1.5756673267326733
899.433 1.2690267591674926
900.444 1.407240356083086
901.445 1.239976023976024
902.464 0.9773346418056917
903.473 1.138870168483647
904.483 0.925528712871287
905.503 0.901270588235294
906.513 0.8235089108910891
907.533 0.8842666666666666
908.534 1.169838161838162
909.563 1.531521865889213
910.564 1.2181098901098901
911.573 1.1497165510406344
912.588 1.0566620689655173
913.593 0.8756855721393035
914.594 1.1807712287712289
915.603 1.4208761149653122
916.613 1.1747485148514851
917.653 1.4521846153846154
918.683 0.6844271844660195
919.684 1.3557002997002996
920.693 1.7896531219028742
921.694 1.07598001998002
922.703 1.7137284440039644
923.704 1.2181098901098901
924.763 0.4237053824362606
925.773 1.0944
926.804 1.0659010669253153
927.833 1.5649494163424122
928.843 0.7151524752475248
929.994 0.8216576889661165
931.023 0.8508454810495626
932.613 0.0963622641509434
933.614 1.793022977022977
934.624 1.3047762376237624
935.633 1.9306560951437064
936.643 1.6081742574257425
937.663 1.190964705882353
938.673 1.0772277227722773
939.684 1.9160118694362018
940.693 1.5013042616451933
941.713 0.8047058823529412
942.723 0.9427009900990099
943.803 1.0479407407407406
944.813 1.3002772277227723
945.815 1.5400239520958083
946.825 1.1855841584158415
947.953 0.9314042553191489
948.983 1.1050252427184466
950.003 0.37998431372549024
951.013 1.0510574257425742
952.023 1.1810851485148515
953.033 0.9363643564356435
954.043 1.2786059405940593
955.053 1.2244277227722773
956.063 1.1747485148514851
957.073 1.2027564356435643
958.143 1.5179962616822429
959.153 2.546376237623762
960.165 1.5941818181818181
961.253 2.1768823529411767
962.263 1.787881188118812
963.264 2.3332827172827173
964.273 2.672713577799802
965.274 2.186613386613386
966.275 1.7866293706293706
967.283 1.986857142857143
968.303 1.5387607843137254
969.313 1.4194693069306932
970.314 1.6226333666333668
971.333 2.1157684003925423
972.343 2.214970297029703
973.353 1.7165306930693067
974.354 2.3724755244755245
975.355 2.1036883116883116
976.364 1.935159563924678
977.374 2.5247049504950496
978.383 1.8917740336967295
979.393 1.7273663366336633
980.394 1.9460859140859141
981.395 2.0708891108891105
982.396 2.726873126873127
983.413 1.8401415929203542
984.414 2.038097902097902
985.423 2.2605510406342915
986.424 2.7988651348651348
987.433 2.2605510406342915
988.434 2.9564675324675327
989.443 2.488325074331021
990.453 2.540039603960396
991.463 2.210471287128713
992.464 1.0650469530469533
993.465 1.8695544455544453
994.466 2.3442157842157845
995.473 2.4932671300893747
996.474 2.776999000999001
997.483 1.9134667988107037
998.484 1.885026973026973
999.485 2.2084795204795205
1000.493 2.099936507936508
1001.495 2.964439121756487
1002.503 2.7187936507936503
1003.504 3.032999000999001
1004.505 3.3828331668331666
1005.513 3.381103174603174
1006.515 3.2265708582834334
1007.623 2.582064981949458
1008.625 3.0691257485029944
1009.633 2.631936507936508
1010.64 2.330248262164846
1011.644 2.6969163346613545
1012.645 2.5300779220779224
1013.823 2.605147707979626
1014.825 2.8288383233532937
1015.826 2.901802197802198
1016.833 3.0910029791459785
1017.834 2.420747252747253
1018.836 3.04074251497006
1019.863 2.007953261927945
1020.864 1.8476883116883116
1021.873 2.9438731417244797
1022.874 3.6124515484515487
1023.875 3.273526473526474
1024.883 3.0010793650793652
1025.884 2.5956763236763236
1026.893 2.4340931615460857
1027.894 2.7223336663336664
1028.895 2.5738101898101897
1029.904 2.6510208126858275
1030.905 2.7050069930069927
1031.913 2.3713650793650793
1032.923 2.4055128712871285
1033.924 1.1197122877122878
1034.933 1.5835718533201188
1035.934 1.8522277722277722
1036.935 2.481806193806194
1037.936 2.366081918081918
1038.943 2.2759086395233368
1039.953 2.735081188118812
1040.973 2.729725490196078
1041.974 3.7655144855144855
1042.975 3.5249870129870127
1043.983 2.4690793650793657
1044.984 2.7441998001998003
1045.985 2.4535464535464535
1046.993 2.078222222222222
1047.994 2.131948051948052
1048.995 2.278617382617383
1050.003 2.4256507936507936
1051.004 2.8362037962037965
1052.032 2.5062101167315176
1053.124 3.0107545787545784
1054.126 2.763305389221557
1055.128 3.1501157684630736
1056.213 3.589131797235023
1057.214 3.1815224775224773
1058.215 1.9506253746253746
1059.216 3.0985974025974024
1060.217 3.2516603396603396
1061.223 2.060596421471173
1062.233 2.210471287128713
1063.243 2.4750257425742572
1064.244 2.7159400599400603
1065.353 1.731058611361587
1066.354 2.219412587412587
1067.363 2.1846263627353815
1068.524 1.8326270456503013
1069.533 2.4078969276511395
1070.534 1.89596003996004
1071.553 2.1846673209028458
1072.554 2.591136863136863
1073.555 2.4863456543456546
1074.563 2.773079365079365
1075.564 2.3004835164835162
1076.573 2.9981050545094154
1077.574 3.0175264735264737
1078.583 2.2822438057482657
1079.584 2.1364875124875122
1080.673 2.08443709825528
1081.683 1.7553742574257427
1082.693 1.6515168316831683
1083.694 1.9460859140859141
1084.703 2.032777006937562
1085.773 2.233958878504673
1086.783 2.4055128712871285
1087.793 2.3016554455445544
1088.794 2.355148851148851
1089.903 2.4514481514878272
1090.913 2.9906376237623764
1091.925 2.513391304347826
1092.933 2.838222222222222
1093.934 3.3172667332667336
1094.944 3.1576712871287125
1095.945 2.726873126873127
1096.953 2.5125079365079364
1097.963 2.589718811881188
1098.973 2.019928712871287
1099.974 2.3223496503496506
1101.013 2.2268796920115497
1102.014 2.951928071928072
1103.024 2.843437623762376
1104.025 3.153262737262737
1105.033 3.6633650793650796
1106.034 3.0767312687312685
1107.035 2.7924715284715287
1108.036 2.562877122877123
1109.043 2.8410407149950343
1110.143 2.043694545454546
1111.144 2.591136863136863
1112.153 2.6076352824578786
1113.164 2.873099901088032
1114.165 2.890869130869131
1115.173 2.6753650793650796
1116.253 2.456474074074074
1117.343 3.0062385321100917
1118.393 3.131184761904762
1119.395 3.4812547452547453
1120.396 3.907644355644355
1121.403 3.123606752730884
1122.404 3.5905854145854144
1123.405 2.890869130869131
1124.413 3.7610793650793655
1125.414 3.53592007992008
1126.415 3.2516603396603396
1127.423 2.7405079365079366
1128.433 2.091279207920792
1129.434 1.8412947052947053
1130.445 2.829800197823937
1131.453 3.457079365079365
1132.454 3.022065934065934
1133.455 3.0657982017982017
1134.463 2.360507936507936
1135.464 2.6786013986013986
1136.466 2.5930858283433134
1137.467 3.4265894105894104
1138.473 3.964373757455268
1139.564 3.378801099908341
1140.565 3.721774225774226
1141.573 2.7947936507936504
1142.583 3.2442059405940595
1143.763 2.777077966101695
1144.764 3.083124875124875
1145.766 3.3139481037924154
1146.773 3.123606752730884
1147.843 3.3326056074766357
1148.854 3.977242334322453
1149.855 4.180971028971029
1150.873 4.132652259332024
1151.883 3.8944950495049504
1152.893 3.270526732673267
1153.894 3.754581418581419
1154.903 3.9851258671952428
1155.904 2.694073926073926
1156.905 3.262593406593407
1157.962 2.499572374645222
1159.053 3.0034830430797435
1160.055 4.137238761238761
1161.056 3.688991008991009
1162.064 4.108507936507936
1163.073 3.703119920713578
1164.074 3.82017982017982
1165.102 3.3090739299610896
1166.103 2.8644635364635365
1167.105 1.5664031936127745
1168.113 1.976
1169.114 2.28955044955045
1170.123 1.8700812685827553
1171.125 2.3810299401197605
1172.133 3.1313650793650796
1173.243 3.1730738738738737
1174.244 3.699916083916084
1175.253 2.86794846382557
1176.254 3.6889830169830167
1177.255 3.360991008991009
1178.262 3.3518331678252236
1179.263 3.186061938061938
1180.264 3.732715284715285
1181.273 3.5838097125867194
1182.275 3.685301397205589
1183.283 3.6199365079365076
1184.293 3.341877227722772
1185.303 2.095778217821782
1186.402 1.9858052775250228
1187.403 3.3281918081918085
1188.404 3.218861138861139
1189.473 3.065294667913938
1190.474 3.5687192807192805
1191.483 3.35603567888999
1192.484 3.207928071928072
1193.485 3.634317682317682
1194.493 3.5330793650793653
1195.494 3.732715284715285
1196.495 4.410565434565435
1197.593 3.616408014571949
1198.603 4.176221782178218
1199.604 3.754581418581419
1200.605 4.016975024975025
1201.713 3.968981949458484
1202.714 3.7873726273726276
1203.715 3.3937902097902097
1204.716 3.6452507492507493
1205.723 3.9278331678252236
1206.724 3.656183816183816
1207.733 3.8549692765113974
1208.743 3.4177267326732674
1209.882 3.236410886742757
1210.942 3.0913207547169814
1211.953 3.251972304648863
1212.963 3.486192269573835
1213.964 3.175128871128871
1215.004 3.0139692307692307
1216.005 3.743648351648352
1217.013 3.6307936507936507
1218.015 2.4947624750499
1219.017 3.3030499001996008
1220.023 3.85558648111332
1221.033 3.2551920792079208
1222.043 3.0384792079207923
1223.052 3.052344895936571
1224.053 2.8425974025974026
1225.055 2.3527984031936127
1226.063 2.9793650793650794
1227.064 2.803404595404596
1228.065 2.759672327672328
1229.073 2.9793650793650794
1230.074 3.164195804195804
1231.082 2.925079365079365
1232.083 2.613002997002997
1233.084 1.6226333666333668
1234.085 2.4754125874125874
1235.183 2.585646630236794
1236.192 3.177990089197225
1237.193 3.164195804195804
1238.194 3.4338381618381617
1239.273 3.0546580166821133
1240.274 3.5140539460539464
1241.275 3.1423296703296706
1242.282 3.177946375372393
1243.323 3.105690682036504
1244.413 3.016139449541284
1245.423 3.069526263627354
1246.424 1.7211828171828172
1247.425 3.67804995004995
1248.427 4.034810379241517
1249.433 2.8765009940357853
1250.443 2.3124910891089105
1251.452 2.1195480673934592
1252.553 2.7475821980018167
1253.673 2.9257142857142857
1254.783 2.954733994589721
1255.785 3.281181636726547
1256.793 3.192
1257.794 3.5841918081918083
1258.795 3.53592007992008
1259.803 2.7622222222222224
1260.852 3.082005719733079
1261.854 3.718067864271457
1262.855 3.3828571428571426
1263.863 3.522222222222222
1264.872 4.039357779980178
1265.874 2.7350738522954092
1266.925 2.076498572787821
1267.932 1.3802264150943397
1269.022 1.7311119266055046
1270.023 3.0721918081918083
1271.024 2.901802197802198
1272.032 2.7405079365079366
1273.033 3.0657982017982017
1274.034 3.5577862137862137
1275.042 3.0227936507936506
1276.043 2.4535464535464535
1277.044 2.639384615384615
1278.052 2.838246031746032
1279.054 3.01451497005988
1280.055 2.978333666333666
1281.063 3.391936507936508
1282.072 2.3473221010901884
1283.082 2.1066138613861383
1284.092 2.279976237623762
1285.204 2.959265526552655
1286.205 3.4265894105894104
1287.206 3.9513766233766234
1288.207 4.49802997002997
1289.213 3.453073558648111
1290.214 3.1204635364635362
1291.215 3.503120879120879
1292.223 2.7405079365079366
1293.224 2.377014985014985
1294.232 2.7296507936507934
1295.233 2.31781018981019
1296.252 1.3362119725220807
1297.262 1.4628118811881188
1298.265 0.13067996011964106
1299.272 1.7218987090367426
1300.282 0.899358415841584
1301.302 0.815435294117647
1302.32 1.2085186640471512
1303.322 1.9441437125748502
1304.333 2.039580613254204
1305.334 2.2130189810189806
1306.342 2.1062857142857143
