0.0 2.738341658341658
1.002 2.409261477045908
2.11 1.619494584837545
3.111 1.4924195804195803
4.13 1.7513797841020609
5.239 2.01146257889991
6.38 2.4920736196319018
7.382 2.8294690618762472
8.43 2.7669847328244273
9.579 2.8993768494342906
10.769 2.2540235294117648
11.78 2.9373531157270034
12.829 2.5709236641221374
14.019 2.7743663865546218
15.22 2.844283097418818
16.23 2.1350811881188116
17.233 3.40776071784646
18.349 2.977799283154122
19.35 3.676891108891109
20.351 3.108251748251748
21.352 3.9323156843156846
22.359 3.0633088381330684
23.369 3.2059881188118813
24.37 3.247944055944056
25.549 3.517435114503817
26.699 3.4031930434782605
27.7 4.134449550449551
28.71 3.232348514851485
29.72 3.6165544554455447
30.721 3.3822657342657343
31.729 3.0306825396825396
32.889 3.33688275862069
33.89 3.7416823176823177
34.891 3.2517962037962036
35.919 3.2056186770428017
36.949 3.681778640776699
37.95 3.7739540459540457
38.961 2.9799723046488626
39.962 3.388723276723277
40.969 3.205426017874876
41.97 2.5185534465534465
42.979 2.9618156590683844
43.989 2.812807920792079
44.999 2.093726732673267
46.0 2.3014025974025976
47.009 2.8389454905847376
48.039 2.6635029126213596
49.04 3.770821178821179
50.06 3.0688392156862747
51.061 3.2793286713286713
52.069 2.660388888888889
53.07 2.222881118881119
54.071 2.4971988011988007
55.072 3.413098901098901
56.269 3.0278897243107767
57.298 3.018612244897959
58.46 2.318499139414802
59.469 3.59998414271556
60.47 3.436267732267732
61.478 1.631873015873016
62.479 2.622361638361638
63.559 2.5955777777777773
64.58 3.195505882352941
65.581 3.5390209790209792
66.583 3.0381397205588825
67.598 2.6356571428571427
68.748 2.764041739130435
69.749 3.4140099900099896
70.75 2.756395604395604
71.751 3.5851748251748257
72.94 3.1005349032800673
73.949 3.724408325074331
74.95 3.980627372627372
75.959 3.0134707631318136
77.008 3.4141620591039086
78.209 3.398188176519567
79.218 4.086834489593658
80.219 2.8307372627372627
81.408 2.981671993271657
82.409 4.149162837162838
83.41 3.303408591408591
84.411 4.059604395604396
85.438 3.094683544303798
86.441 3.34940777666999
87.619 2.5556061120543294
88.629 3.779508910891089
89.63 3.5262737262737263
90.748 2.8219373321396595
91.749 3.6076163836163837
92.75 2.4065294705294704
93.789 2.2302675649663137
94.878 2.283548209366391
95.879 2.940995004995005
102.196 0.02075237492083597
103.758 0.30532650448143406
104.788 2.4272
105.789 3.9846873126873135
106.791 4.513486513486513
107.947 3.32
108.948 4.002117882117882
109.958 2.628023762376238
111.127 3.324058169375535
112.128 3.782945054945055
113.137 3.540860257680872
114.138 3.3989370629370628
115.247 2.6172407574391348
116.267 3.003662745098039
117.268 2.405138861138861
118.269 2.7912007992007997
119.277 3.1093015873015877
120.279 3.568838323353294
121.287 2.922873015873016
122.298 3.3755960396039604
123.299 3.843804195804196
124.307 4.798857142857143
125.308 4.036883116883117
126.309 3.225078921078921
127.311 4.041373253493014
128.317 4.082282306163021
129.327 3.006249504950495
130.497 2.822899145299145
131.498 4.245594405594406
132.507 4.58801982160555
133.627 2.9188285714285715
134.628 3.155572427572427
135.637 2.724693756194252
136.638 2.704919080919081
137.647 2.421912698412698
138.648 2.274085914085914
139.649 2.4426853146853147
140.657 3.1485396825396825
141.658 3.4827332667332667
142.826 3.527574978577549
143.827 4.293610389610389
144.847 2.9603450980392156
145.848 3.809054945054945
146.849 2.8415024975024976
147.857 3.662077457795432
148.867 2.1631207920792077
149.868 3.923212787212787
150.869 3.8901418581418583
151.87 4.237682317682317
152.877 3.7365328031809146
154.006 2.5912914083259517
155.007 2.6786013986013986
156.017 2.881980198019802
157.018 3.3594165834165834
158.087 3.744179775280899
159.102 3.8914522167487684
160.106 3.835784860557769
161.146 3.930046153846153
162.2 3.6707324478178367
163.207 3.5587765640516387
164.217 3.0112237623762375
165.286 2.3431244153414403
166.296 3.0529346534653463
167.297 2.6663336663336663
168.307 2.410307234886026
169.317 3.549219801980198
170.318 3.7572827172827172
171.319 3.9571868131868135
172.326 4.108750744786494
173.327 3.790497502497502
174.328 4.10447952047952
175.329 3.865190809190809
176.336 3.6915352532274084
177.337 3.498117882117882
178.347 3.2769712586719524
179.356 3.1320911793855304
180.357 2.9032407592407594
181.376 2.9974563297350345
182.546 2.521094017094017
183.547 3.5204475524475525
189.062 0.007006346328195829
190.532 0.006122448979591836
191.542 2.7739247524752475
192.551 2.2139385530227944
193.562 2.6399208704253216
194.662 2.692865454545455
195.671 2.430747274529237
196.672 2.425958041958042
197.691 2.4428498527968596
198.692 2.507964035964036
199.693 2.794045954045954
200.702 3.127349851337958
201.711 3.0074206349206345
202.712 2.7880359640359638
203.713 2.8534025974025976
204.714 2.4683396603396606
205.811 1.9928605287146761
206.831 2.200361138370952
207.841 2.6777663366336633
208.891 2.6120914285714285
209.992 2.4708592188919165
211.131 2.3378542581211588
212.141 2.03710099009901
213.151 1.2569346534653467
214.161 1.203508910891089
215.174 1.9230325765054295
216.181 1.479506958250497
217.191 1.1268673267326734
218.212 1.6446934378060725
219.213 2.1647472527472527
220.221 2.5723015873015873
221.232 2.2737250247279923
222.24 2.0954285714285716
223.241 1.2135704295704295
224.471 0.8031934959349595
225.472 1.3994325674325674
226.481 2.299433102081269
227.491 0.907567888999009
228.691 1.28732
229.701 1.787881188118812
230.702 1.963876123876124
231.711 2.1554172447968285
232.881 2.185170230966638
233.882 2.897974025974026
234.883 3.2030449550449553
236.001 2.576
237.011 3.072380198019802
238.021 3.419155599603568
239.171 2.696222608695652
240.172 3.243756243756244
241.173 3.2302097902097904
242.34 2.769638389031705
243.371 2.7740678952473328
244.372 2.9191288711288714
245.381 2.171274529236868
246.39 2.4078969276511395
247.491 1.6483560399636694
248.493 1.5509461077844313
249.572 1.670917516218721
250.58 0.9988571428571429
251.581 1.2463696303696303
252.59 1.665165510406343
253.6 1.4814811881188117
254.601 1.9023536463536466
255.61 1.8377561942517344
256.611 2.121014985014985
257.62 1.2215421209117938
258.63 1.3219485148514853
259.631 1.174897102897103
260.632 1.5196963036963036
261.633 1.4388011988011988
262.64 2.1148679245283017
264.923 0.9264154250657318
265.93 5.772123138033764
266.931 2.973794205794206
268.1 2.42441745081266
269.101 3.017966033966034
270.102 3.4681318681318682
271.11 3.1230158730158735
272.111 3.07462937062937
273.191 2.091348148148148
274.192 2.831664335664336
275.361 2.5182480752780156
276.363 3.397261477045908
277.364 2.947076923076923
278.365 2.33201998001998
279.37 3.2349771144278607
280.371 3.2211228771228773
281.42 2.137723546234509
282.421 4.045234765234765
283.428 2.928627606752731
284.43 3.8009101796407183
285.431 3.7391088911088906
286.445 2.3189270216962523
288.66 0.7016018058690745
289.67 6.954059405940594
290.671 3.3783176823176824
291.812 3.039326906222612
292.821 3.893851337958375
293.822 3.0838041958041957
294.823 3.5313806193806196
295.83 3.061624627606753
296.84 3.387841584158416
297.841 4.088967032967034
298.842 3.4663336663336666
300.9 0.9466044703595723
301.909 6.093478691774034
302.91 1.9460859140859141
303.92 1.1160712871287128
304.949 0.391245869776482
305.97 0.42875612144955927
306.979 0.6188571428571429
307.989 0.8018376237623762
308.999 0.899358415841584
310.009 1.0835643564356436
311.01 1.0991968031968031
312.03 1.6432109911678114
313.039 1.778806739345887
314.439 0.6782742857142857
315.449 0.9101940594059406
317.655 0.05941613780598368
318.659 1.798820717131474
319.689 0.40375922330097086
320.699 0.3684118811881188
321.709 0.30339801980198017
322.749 0.33673846153846154
323.759 0.3142336633663367
324.769 0.3142336633663367
325.81 0.22170989433237273
333.03 0.03637894736842105
334.331 0.04205995388162952
335.61 0.03422673964034402
337.01 0.03126857142857142
338.291 0.03417330210772834
339.57 0.03422673964034402
340.851 0.03417330210772834
342.291 0.030399999999999996
343.491 0.03648
344.531 0.03156923076923077
345.811 0.0342
346.899 0.030176470588235294
348.159 0.05211428571428572
349.499 0.049002985074626866
350.78 0.025629976580796254
352.199 0.023137420718816068
353.319 0.048857142857142856
354.539 0.05382295081967213
355.77 0.18669699431356618
356.79 0.19312941176470588
357.819 0.2552536443148688
358.839 0.26823529411764707
359.889 0.2709942857142857
360.9 0.3247477744807122
373.599 0.010341601700921334
375.101 0.0072862849533954725
376.17 0.04095042095416277
377.278 0.05926353790613718
378.382 0.11872463768115941
379.721 0.06562630792227205
380.758 0.1160887174541948
381.923 0.0657579399141631
382.959 0.10563706563706562
384.221 0.06937559429477021
385.363 0.10541506129597197
386.399 0.07394594594594595
387.442 0.104928092042186
388.54 0.09967213114754098
389.781 0.06173086220789686
390.821 0.07366153846153846
392.184 0.05620542920029347
393.221 0.10553519768563163
394.542 0.11598485995457986
395.621 0.14199814643188136
396.943 0.09106202723146746
398.122 0.11138931297709924
399.261 0.11530114135206321
401.099 0.04363873775843308
402.238 0.057650570676031604
403.317 0.07099907321594068
404.462 0.05734847161572053
405.561 0.08962329390354867
406.582 0.10729411764705882
407.623 0.12615561959654178
408.639 0.09694488188976379
409.899 0.06948571428571428
411.201 0.05883870967741935
412.438 0.07077768795472919
413.622 0.05545945945945946
414.801 0.03712977099236641
415.857 0.04145454545454546
416.98 0.009754010695187165
427.481 0.00416874583373012
429.187 0.006415005861664713
430.364 0.1394732370433305
431.398 0.2222669245647969
432.479 0.18223126734505088
433.499 0.1824
434.519 0.16094117647058823
435.58 0.15472196041470312
436.618 0.15815028901734104
437.661 0.157392138063279
438.718 0.15530747398297068
439.738 0.15021176470588235
440.8 0.15472196041470312
441.838 0.15815028901734104
442.9 0.15457627118644068
443.901 0.16399600399600398
448.012 0.03188324008756994
449.061 0.6575100095328885
450.219 0.122860103626943
451.231 0.151399209486166
452.278 0.09877363896848138
453.299 0.16078354554358473
454.341 0.11553166986564299
455.458 0.10777439570277529
476.379 0.006788203240762869
477.496 0.7154592658907789
478.658 0.05650946643717728
495.518 0.0097214709371293
496.536 0.12925736738703342
497.618 0.1011460258780037
498.673 0.13485497630331753
499.675 0.10922155688622755
500.874 0.08214845704753963
502.016 0.06708231173380035
503.095 0.05071362372567192
504.217 0.058524064171123
508.317 0.00800780487804878
510.925 0.05025766871165645
512.081 0.18009688581314878
513.119 0.14760693641618497
514.179 0.1445433962264151
515.199 0.15021176470588235
516.237 0.15815028901734104
517.3 0.1441354656632173
518.338 0.15815028901734104
519.358 0.15021176470588235
520.359 0.15306293706293708
521.36 0.12026373626373627
