0.0 2.928597249508841
1.001 3.0111328671328668
2.02 2.829063788027478
3.021 2.847136863136863
4.022 3.1377902097902095
5.024 2.8989061876247506
6.03 2.8221073558648113
7.031 2.7378061938061937
8.032 2.562877122877123
9.04 2.805650793650794
10.041 2.7159400599400603
11.121 2.9530074074074073
12.13 3.069526263627354
13.131 2.890869130869131
14.14 2.987258671952428
15.141 2.770605394605395
16.142 3.022065934065934
17.149 2.8845124131082427
18.15 2.6284755244755242
19.151 2.8143376623376626
20.17 3.00090284592738
21.172 3.003592814371258
22.18 3.0336507936507937
23.19 2.9192871287128717
24.2 2.464190099009901
25.209 1.848388503468781
26.21 2.0772827172827175
27.211 1.8522277722277722
28.22 2.5534033696729432
29.33 2.7548828828828826
30.34 3.0773227722772276
31.341 2.9127352647352645
32.35 2.835409316154608
33.361 2.613301681503462
34.38 2.7216643768400393
35.399 2.5390853778213933
36.45 2.6387973358705996
37.459 2.603131813676908
38.469 1.413140594059406
39.479 1.4736475247524752
40.489 1.2505980198019804
41.491 1.922299401197605
42.499 1.1879365079365078
43.509 1.289441584158416
44.51 1.0277082917082916
45.519 0.9698315163528245
46.52 1.6727592407592409
47.521 2.092755244755245
48.529 2.5948571428571428
49.539 2.1282851485148515
50.54 1.6882317682317682
51.549 2.4512824578790884
52.559 2.2799841584158416
53.56 2.3004835164835162
54.57 2.2258059405940593
55.579 2.0499663032705646
56.599 1.7104313725490197
57.6 1.8695544455544453
58.619 1.4221315014720315
59.62 2.31781018981019
60.629 2.2845079365079366
61.63 2.0708891108891105
62.639 2.277740336967294
63.649 1.9657504950495048
64.659 1.640681188118812
65.669 2.5030336633663364
66.68 2.0828803165182985
67.689 2.054469772051536
68.7 2.273234421364985
69.709 1.946005946481665
70.828 1.7840500446827525
71.829 2.2850109890109884
72.831 1.9595289421157684
73.839 2.2845793650793653
74.859 2.3926588235294117
75.86 2.278617382617383
76.869 2.3473221010901884
77.879 2.1996356435643563
78.881 2.158353646353646
79.889 2.4473650793650794
80.899 2.4533544554455444
81.901 2.708694610778443
82.909 2.382222222222222
83.929 2.1717960784313726
85.02 2.2611769019248396
86.021 2.4708731268731268
87.029 2.210701092353525
88.039 2.0090930693069304
89.049 2.611390099009901
90.05 2.355148851148851
91.058 2.382222222222222
92.059 2.256751248751249
93.069 2.5680475247524748
94.07 2.562877122877123
95.071 2.377014985014985
96.079 2.4147936507936505
97.099 2.5536
98.1 2.158353646353646
99.109 1.967698711595639
100.119 1.5278257425742576
101.128 1.0737918731417244
102.138 1.0663920792079207
103.139 1.2682357642357642
104.148 1.2518374628344895
105.158 1.441140594059406
106.168 1.3869623762376238
107.178 1.3589465346534653
108.179 1.7711568431568432
109.189 1.564831683168317
110.199 1.7553742574257427
111.208 1.577228939544103
112.209 2.055416583416583
113.218 1.81584935579782
114.258 1.4670769230769232
115.26 1.5509461077844313
116.268 1.302857142857143
117.288 0.6053019607843136
118.298 0.39008316831683165
119.323 0.46979121951219516
120.328 0.7731582089552239
122.734 0.05447714048212801
124.008 1.9303061630218687
125.018 1.4303049504950496
126.038 1.1954196078431372
127.048 0.8776871287128714
128.058 0.9210297029702971
129.068 1.0510574257425742
130.069 0.9666493506493505
131.088 1.0954739941118745
132.098 0.7151524752475248
133.118 0.7725176470588235
134.128 0.9038574257425742
135.138 1.441140594059406
136.139 1.4805034965034964
137.148 1.4859544103072349
138.187 1.1946256015399421
139.188 1.5524955044955044
140.189 1.4978301698301697
141.198 1.3277621407333993
142.208 1.668689108910891
143.228 1.5065725490196078
144.238 1.690360396039604
145.239 1.557034965034965
146.248 1.9740416253716553
147.249 1.5242357642357642
148.268 1.3854524043179588
149.278 0.8930217821782178
150.288 1.5603326732673266
151.289 1.3821058941058941
152.298 1.572725470763132
153.307 1.3774905847373637
154.308 1.3274405594405594
155.324 1.4864881889763777
156.338 1.245664694280079
157.348 1.3544554455445545
158.349 1.3338341658341657
159.357 1.3833650793650794
160.367 1.614510891089109
161.369 1.2933493013972057
162.378 1.6920356788899902
163.387 1.3711476709613477
164.397 1.5603326732673266
165.398 1.0103816183816183
166.427 0.776396501457726
167.437 0.4009188118811881
168.447 0.33590495049504954
169.467 0.2575058823529412
170.537 0.25570093457943927
171.557 0.2467764705882353
172.587 0.20187961165048543
173.647 0.1548679245283019
174.667 0.16094117647058823
210.874 0.004231667909520258
211.894 0.26196078431372544
212.904 0.6826455445544554
213.924 0.997835294117647
214.934 0.7476594059405941
215.954 0.6437647058823529
216.994 0.4147692307692308
218.024 0.5418873786407766
219.034 0.48760396039603965
220.044 0.3792475247524753
221.054 0.28172673267326737
222.084 0.24438058252427186
223.085 0.22959440559440558
224.094 0.27115956392467794
225.104 0.34674059405940594
226.124 0.3692549019607843
227.154 0.44626019417475726
228.194 0.43144615384615387
229.204 0.4550970297029703
230.234 0.46751067961165044
231.254 0.35407058823529414
232.264 0.3684118811881188
233.36 0.32367883211678833
234.394 0.29635589941972923
235.424 0.32938252427184467
236.464 0.2736
237.474 0.1842059405940594
238.514 0.2209846153846154
239.553 0.24226371511068334
240.554 0.2842597402597403
241.594 0.33673846153846154
242.634 0.2736
243.683 0.27125262154432794
244.713 0.2868815533980582
245.733 0.21904313725490196
246.753 0.21458823529411764
247.763 0.16253465346534654
248.814 0.17701998097050428
249.863 0.14605910390848428
250.933 0.10228037383177571
251.983 0.1250742857142857
253.053 0.10228037383177571
254.103 0.07296
255.143 0.10523076923076922
256.193 0.1667657142857143
257.203 0.14086336633663368
258.793 0.05506415094339623
260.003 0.05426776859504132
261.043 0.05261538461538461
262.063 0.10741960784313725
263.153 0.11032660550458714
264.193 0.14732307692307692
265.293 0.11938909090909092
267.44 0.02038938053097345
285.41 0.004872120200333889
286.438 0.1277509727626459
287.458 0.08583529411764705
288.618 0.05660689655172414
289.769 0.057049522154648126
290.928 0.05665573770491803
292.098 0.05612307692307692
293.248 0.057099130434782604
294.348 0.05969454545454546
295.518 0.05612307692307692
296.538 0.05364705882352941
297.568 0.0425009708737864
298.808 0.06544516129032257
299.838 0.2868815533980582
301.109 0.21526357199055862
302.129 0.4828235294117647
303.138 0.6941684836471754
304.148 0.8677106045589693
305.158 0.9264459861248762
306.168 1.018550495049505
307.178 0.8776871287128714
308.189 0.6927952522255193
309.198 0.622747274529237
310.218 0.5692168792934248
311.228 0.6718099009900991
312.246 0.8600392927308447
313.258 0.9020711462450594
314.278 0.8905411764705882
315.298 0.6544941176470588
316.299 0.7106493506493506
317.308 0.8460178394449951
318.328 1.1632313725490198
319.338 1.0618930693069308
320.348 1.2614336633663363
321.358 1.4844831683168318
322.368 0.8668514851485148
323.369 0.8463856143856144
324.378 1.4859544103072349
325.379 1.2354365634365634
326.388 0.9806778989098117
327.408 1.545035294117647
328.438 0.7225165048543689
329.458 0.8198901960784314
330.478 0.6008470588235294
331.507 0.3935160349854227
332.537 0.32938252427184467
333.597 0.2787622641509434
334.648 0.13549714285714284
336.028 0.07137391304347825
337.097 0.15356407857811039
338.147 0.1667657142857143
355.322 0.004460436681222707
356.325 0.8010528414755733
357.326 2.7004675324675325
358.327 2.6066093906093903
359.328 2.2020859140859144
360.386 1.8869111531190927
361.396 2.299433102081269
362.406 2.314790882061447
363.415 1.5293399405351833
364.416 1.4367712287712289
365.425 1.876424182358771
366.426 0.911984015984016
367.435 0.9978671952428146
368.445 1.4953188118811882
369.456 1.2277111770524234
370.457 1.9023536463536466
371.465 1.9479365079365079
372.466 2.191152847152847
373.556 2.4640587155963303
374.566 2.7115956392467786
375.567 2.5738101898101897
376.576 2.1737799801783946
377.585 2.293090188305253
378.586 2.5146053946053946
379.597 2.4533544554455444
380.599 1.948678642714571
381.605 2.1539880715705766
382.606 1.8303616383616386
383.615 2.2822438057482657
384.625 2.741417821782178
385.636 1.704007912957468
386.645 1.924289395441031
387.646 2.5474045954045956
388.655 2.173803766105054
389.656 2.519144855144855
390.745 2.335676767676768
391.746 2.3287432567432567
392.755 2.325629335976214
393.776 2.512673849167483
394.876 0.4477090909090909
395.885 3.041482656095144
396.935 2.197312977099237
397.936 2.6348691308691308
398.946 2.5942178217821787
399.955 2.1107936507936502
400.956 2.6175424575424575
401.965 2.9176769078295344
402.966 2.8580699300699304
403.967 2.726873126873127
404.975 2.7187936507936503
405.976 2.7159400599400603
406.977 2.3223496503496506
407.985 2.2908571428571425
408.996 2.1803046488625126
409.997 2.694073926073926
411.005 2.3885714285714283
412.006 1.6882317682317682
413.065 1.988472143531634
414.105 2.750892307692308
415.107 2.927137724550898
416.115 2.4473650793650794
417.116 2.2239520479520483
418.124 2.7513650793650797
419.125 2.770605394605395
420.14 2.1564532019704434
421.155 1.5679054187192119
422.195 2.6035692307692306
423.197 1.8130778443113773
424.277 2.2335407407407404
425.387 2.2914882882882885
426.435 2.917862595419847
427.436 3.1487232767232767
428.445 2.488325074331021
429.455 2.4256507936507936
430.456 1.9506253746253746
431.457 2.121014985014985
432.465 1.6439365079365078
433.474 2.2668939544103073
434.476 2.057900199600798
435.477 2.6175424575424575
436.495 2.5415795677799604
437.505 2.789259405940594
438.506 2.897262737262737
439.515 2.5100178394449952
440.516 2.7378061938061937
441.524 2.6536507936507934
442.575 2.1493891531874403
443.576 2.6676683316683314
444.577 2.5956763236763236
445.584 2.4823992055610726
446.585 2.377014985014985
447.586 2.3724755244755245
448.594 1.6765079365079365
449.595 1.5634285714285714
450.604 1.1216808721506444
452.274 0.3080047904191617
453.275 0.8637122877122877
454.284 1.323258671952428
455.295 0.9688712871287128
459.806 0.11887741077366439
461.0 0.03666331658291458
462.2 0.03648
463.401 0.0364496253122398
464.6 0.03651042535446205
465.8 0.03648
467.02 0.03591140278917145
468.26 0.035303225806451614
469.46 0.03648
470.72 0.03474285714285714
471.94 0.035881967213114756
473.14 0.03648
474.34 0.03648
475.36 0.03218823529411765
476.58 0.026911475409836065
477.801 0.035852579852579856
479.0 0.03651042535446205
480.26 0.03474285714285714
481.46 0.03648
482.74 0.0342
484.08 0.032668656716417915
485.36 0.02565
486.64 0.02565
487.92 0.02565
489.24 0.024872727272727272
490.52 0.02565
491.843 0.02481632653061224
493.12 0.02571025841816758
494.4 0.02565
495.7 0.025255384615384614
496.959 0.026077839555202542
498.24 0.025629976580796254
499.68 0.0228
501.019 0.024519790888722928
502.28 0.026036478984932592
503.559 0.02567005473025801
504.839 0.02565
506.119 0.02565
507.399 0.02565
508.719 0.024872727272727272
509.959 0.02647741935483871
511.239 0.02565
512.56 0.024853898561695686
513.88 0.024872727272727272
515.42 0.021319480519480523
516.719 0.025274826789838337
517.959 0.02647741935483871
519.239 0.02565
520.519 0.02565
522.299 0.01484943820224719
523.479 0.03709830508474576
525.585 0.031179487179487174
526.599 0.0431715976331361
527.799 0.03648
529.099 0.03367384615384616
530.279 0.03709830508474576
531.599 0.03316363636363636
532.839 0.035303225806451614
534.059 0.035881967213114756
535.199 0.028800000000000003
536.359 0.03773793103448275
537.559 0.03648
538.779 0.035881967213114756
539.979 0.03648
541.179 0.03648
542.339 0.04717241379310344
543.439 0.05969454545454546
544.442 0.5564745762711866
545.449 1.909100297914598
546.469 0.7913098039215686
547.47 1.7602237762237762
548.479 1.2409910802775026
549.489 1.2027564356435643
550.49 1.322901098901099
551.499 0.9481387512388503
552.509 1.2027564356435643
553.96 0.3544920744314266
555.019 0.1653484419263456
556.059 0.07366153846153846
557.08 0.15021176470588235
558.085 0.5925572139303482
559.089 1.7113625498007967
560.09 1.3821058941058941
561.099 1.5835718533201188
562.109 1.3869623762376238
563.12 1.1867591674925668
564.129 1.2039484638255697
565.139 1.1314059405940593
566.14 1.4431648351648354
567.159 1.2995328753680078
568.16 1.054113886113886
569.169 1.4317224975222993
570.179 1.369790099009901
571.18 1.6071608391608392
572.199 1.449892051030422
573.219 1.4207372549019608
574.229 1.6361821782178216
575.23 1.403972027972028
576.239 1.3774905847373637
577.249 1.0555564356435643
578.25 1.6399600399600398
579.258 1.6005079365079367
580.259 1.7492907092907095
581.269 1.2289267326732674
582.279 1.614510891089109
583.409 1.4180247787610618
584.41 2.0007512487512487
585.411 1.6335664335664335
586.419 2.2039999999999997
587.42 2.0818221778221777
588.428 1.9045079365079367
589.439 2.0675608308605344
590.449 1.4564752475247524
595.288 0.18775361719718892
600.712 0.002017699115044248
601.726 1.4678343195266272
602.732 1.2555705765407554
603.733 2.0663496503496503
604.742 1.5989296333002974
605.756 0.6797001972386588
606.762 2.672716417910448
607.764 2.1234331337325347
608.772 2.2148571428571424
609.773 1.8194285714285712
610.842 2.276999064546305
611.862 2.4701864573110894
612.863 1.9615584415584417
613.872 2.293090188305253
614.873 2.4490069930069933
615.892 1.948388616290481
616.893 1.9615584415584417
617.894 1.8476883116883116
618.902 1.491936507936508
619.922 1.3089882352941176
620.952 1.0093980582524271
621.962 0.8821861386138614
622.973 1.1160712871287128
623.982 0.8568642220019822
624.983 0.8637122877122877
625.994 0.5890405539070228
627.012 0.9245422396856582
628.021 0.9978671952428146
629.023 0.6559840159840159
630.042 0.47701668302257116
631.073 0.6368962172647915
632.081 0.6297142857142857
633.102 0.4394750244857982
634.112 0.5201108910891089
637.111 0.12042414138046015
638.239 0.10672340425531915
639.243 0.26160956175298805
640.251 0.24336507936507937
641.263 0.378498023715415
642.284 0.3322859941234085
643.301 0.4304424778761062
644.321 0.32188235294117645
645.323 0.2730538922155688
646.346 0.19256304985337244
647.348 0.19659880239520958
648.361 0.2592852912142152
649.411 0.20845714285714287
650.421 0.2708910891089109
651.541 0.21902857142857143
652.611 0.14319252336448599
654.142 0.09292749836708035
655.162 0.6115764705882353
656.201 0.4423946102021174
657.211 0.5092752475247525
658.222 0.41134718100890205
659.261 0.20013089509143409
660.281 0.3111529411764706
661.311 0.36125825242718446
662.411 0.18321454545454544
663.441 0.7012660194174758
664.461 0.6115764705882353
665.641 0.13911864406779664
666.651 0.3142336633663367
667.701 0.15634285714285717
668.705 0.13067996011964106
669.721 2.486299212598425
670.723 1.7038562874251497
671.731 1.3249523809523809
672.751 1.6845176470588237
673.761 1.2831049504950494
674.792 1.5619106796116504
675.793 1.7538301698301697
676.811 1.268557956777996
677.821 0.6718099009900991
678.831 0.4054178217821783
679.832 0.4045234765234765
680.866 0.5715435203094777
681.871 0.40291343283582093
682.877 0.4786640159045726
683.911 0.4339497098646035
684.921 0.422590099009901
686.001 0.3284740740740741
687.041 0.5472
688.05 0.41216253716551043
689.061 0.4654718100890208
690.062 0.8527792207792207
691.131 0.8744471468662302
692.142 1.2556913946587538
693.151 0.9653280475718532
694.161 1.01489900990099
695.17 0.7999444995044599
696.181 1.24486646884273
697.191 1.0402217821782178
698.21 0.6166359175662415
699.251 0.35744092219020174
700.291 0.2209846153846154
701.31 0.3329381746810599
702.33 0.2253176470588235
703.345 0.4097261083743842
704.35 0.9473910447761195
705.351 1.1197122877122878
706.352 2.1975464535464533
707.37 2.143811394891945
708.371 2.355148851148851
709.38 2.1258909811694746
710.391 1.479611496531219
711.401 1.3111128712871287
712.402 1.239976023976024
713.41 1.737142857142857
714.42 1.7598732673267328
715.43 1.4859544103072349
716.44 0.8018376237623762
717.45 0.5787881188118812
718.484 0.3704448742746615
719.49 0.8267833001988072
720.491 1.5242357642357642
721.501 2.373005940594059
722.521 1.946478431372549
723.531 2.4750257425742572
724.54 2.7875203171456886
725.541 1.7756963036963036
726.56 1.593970559371933
727.561 1.7492907092907095
728.57 1.7833102081268581
729.58 1.876424182358771
730.61 1.0775611650485437
731.63 0.7296
732.661 0.4882870999030068
738.076 0.02420982637606206
739.09 2.3036213017751477
740.11 0.7617882352941177
741.116 0.707117296222664
742.571 0.7297759450171821
743.58 0.8068820614469773
744.591 1.0087135777998018
745.6 2.2497046580773046
746.679 2.5398850787766447
747.691 2.684581602373887
748.692 2.3332827172827173
749.7 2.023936507936508
750.701 2.241278721278721
751.702 2.049022977022977
752.71 1.700920634920635
753.711 1.7793726273726274
754.712 2.2130189810189806
755.72 1.368
756.73 1.4781465346534652
757.731 2.831664335664336
758.75 1.6584102060843966
759.76 1.5278257425742576
760.77 1.564831683168317
761.792 1.3813855185909982
762.82 0.6325291828793775
763.84 0.815435294117647
764.849 0.9002497522299306
765.9 1.285115128449096
766.929 0.9678367346938775
767.93 0.3826573426573427
768.949 0.8484553483807654
769.95 1.578901098901099
770.96 2.134621782178218
771.97 1.792380198019802
772.98 1.8962376237623761
773.99 1.619009900990099
775.01 1.7318901960784314
776.019 1.7896531219028742
777.03 1.7689574678536102
778.04 2.0262653465346534
779.041 1.8522277722277722
780.05 2.136737363726462
781.051 1.9615584415584417
782.06 1.967698711595639
783.079 1.621731108930324
784.089 1.1747485148514851
785.091 1.7475449101796408
786.116 1.5205775609756096
787.119 1.6585124626121635
788.139 0.8905411764705882
789.25 0.5655805580558055
790.26 1.018550495049505
791.279 0.9880745829244357
792.299 0.8583529411764705
793.309 1.0338851485148515
794.329 1.630870588235294
795.343 1.3751794871794871
796.349 1.0117216699801193
797.359 0.8776871287128714
798.619 0.7164034948371725
799.629 1.4303049504950496
800.659 0.8295743440233236
801.66 0.8418461538461538
802.669 1.761617443012884
803.67 1.8084955044955044
804.689 1.2565731108930325
805.699 0.9318653465346535
806.779 0.8148740740740741
807.794 1.099791133004926
808.809 0.9057103448275863
809.861 1.0611102661596956
810.879 0.9827583497053046
811.889 1.4628118811881188
812.9 1.1735865479723049
813.909 1.507647175421209
814.919 1.3219485148514853
815.929 0.6546376237623763
816.941 0.9949090909090907
817.949 1.2811428571428571
818.954 1.1588139303482587
819.959 1.426531343283582
820.969 1.5756673267326733
821.979 1.6470178217821783
822.98 1.229042957042957
823.989 1.605264618434093
824.999 1.7598732673267328
826.009 1.690360396039604
827.019 1.5973386138613863
828.038 1.1276938174681062
829.04 1.0157604790419161
830.049 1.3060693756194253
831.059 1.690360396039604
832.069 1.4564752475247524
833.079 1.5820039603960396
834.089 0.5851247524752475
835.109 0.4828235294117647
836.119 0.6329663366336633
837.129 0.8776871287128714
838.139 0.845180198019802
839.159 1.1417725490196078
840.17 2.03710099009901
841.179 1.6856927651139744
842.181 1.8567664670658683
843.189 1.5462222222222222
844.209 1.212423529411765
845.219 1.2352633663366337
846.229 0.6871445544554456
847.239 1.614510891089109
848.248 1.0412527254707633
849.249 1.0650469530469533
850.25 1.3338341658341657
851.258 1.0576507936507937
852.259 1.4212987012987013
853.289 1.4237825242718447
854.298 0.9698315163528245
855.308 1.12802378592666
856.329 1.266070588235294
857.334 1.6270646766169155
858.339 2.574455721393035
859.399 2.327305660377358
860.41 2.3057091988130565
861.419 1.7290782953419228
862.428 1.4765714285714286
863.438 1.4904578790882062
864.44 1.793022977022977
865.449 1.2301446977205153
866.458 1.7679603567889
867.459 1.9834245754245754
868.46 1.814889110889111
869.468 2.230222222222222
870.549 1.5936651248843663
871.558 1.4751080277502477
872.56 0.983976023976024
873.579 1.218072620215898
874.588 1.9306560951437064
875.59 1.9178261738261737
876.598 1.9217142857142857
877.599 1.07598001998002
878.608 1.605264618434093
879.618 1.5431603960396039
880.628 1.9957343904856293
881.629 2.278617382617383
882.639 2.52920396039604
883.648 2.293090188305253
884.659 1.9376617210682494
885.668 1.9243131813676908
886.758 2.438404411764706
887.76 1.8676886227544909
888.768 1.4376507936507936
889.78 0.9300237154150197
890.788 1.4114285714285713
891.789 1.7319640359640358
892.878 2.225131313131313
893.888 2.416348514851485
894.899 2.2583128712871288
895.908 2.5208642220019817
896.909 2.5956763236763236
897.91 3.0503256743256744
898.918 2.241079365079365
899.929 2.46175272007913
900.977 1.8944732824427482
901.979 2.6895344655344653
902.98 3.229794205794206
903.999 2.818323846908734
905.01 1.9243131813676908
906.027 2.3288574237954767
907.048 2.244647693817468
908.05 3.207928071928072
909.051 3.8092467532467533
910.059 3.4461984126984126
911.128 3.3664583723105705
912.129 3.9513766233766234
913.13 4.1481718281718285
914.131 4.465238761238761
915.218 3.5019834406623733
916.22 3.2329580838323353
917.221 3.109530469530469
918.298 3.239814298978644
919.299 3.4593886113886114
920.377 2.8569647495361785
921.478 2.986143505903724
922.489 3.13150099009901
923.497 2.7296507936507934
924.508 2.5591770524233435
925.509 2.847136863136863
926.51 2.9236683316683316
927.518 2.848928571428572
928.667 2.1757423846823323
929.668 2.645802197802198
930.669 3.153262737262737
931.67 3.5687192807192805
932.671 3.350057942057942
933.677 2.0388389662027833
934.687 0.899358415841584
935.688 0.8135864135864136
936.697 1.3666442021803766
937.707 1.7228673267326733
938.709 1.981445109780439
939.717 2.2953650793650793
940.718 2.519144855144855
941.719 2.7660659340659337
942.727 2.5450793650793653
943.728 2.7050069930069927
944.729 2.726873126873127
945.73 2.245818181818182
946.738 3.0834285714285716
947.747 2.79202378592666
948.767 1.9250196078431372
949.768 1.2135704295704295
950.769 1.589834165834166
951.77 2.7159400599400603
952.777 2.8002621648460777
953.778 2.06364035964036
954.787 2.2171655104063426
955.827 2.172123076923077
956.829 2.17568031968032
957.837 1.4810793650793652
958.918 2.6769287696577244
959.928 3.177990089197225
960.938 2.442518811881188
961.939 2.6284755244755242
962.947 2.7513650793650797
963.948 3.1204635364635362
964.949 2.519144855144855
965.957 2.6491428571428575
966.967 2.3124910891089105
967.968 1.7647632367632367
968.977 2.136737363726462
969.987 1.9982574257425743
970.988 2.1474205794205794
971.989 3.3937902097902097
972.997 3.2182222222222223
974.077 2.638874074074074
975.078 2.9081958041958043
976.079 2.5628531468531466
977.087 2.9359603174603177
978.088 3.175128871128871
979.097 2.8462556987115954
980.098 2.9674005994005994
981.099 3.1423296703296706
982.1 2.8143296703296707
983.107 2.7975690168818272
984.117 2.297156435643564
985.127 2.1066138613861383
986.137 2.117449504950495
987.138 2.5146053946053946
988.14 2.97536127744511
989.146 2.9308946322067593
990.147 2.6175424575424575
991.148 3.7217822177822173
992.157 2.0978553022794846
993.166 1.702882061446977
994.176 1.4781465346534652
995.177 2.0226173826173826
996.187 1.0122138613861387
997.197 1.6795247524752477
998.206 1.0954846382556986
999.207 1.1306453546453548
1000.208 2.4972787212787213
1001.286 2.887421150278293
1002.288 1.9004550898203592
1003.306 2.0900589390962674
1004.307 2.3834085914085916
1005.323 1.4263307086614172
1006.356 1.9007938044530495
1007.357 3.3172587412587413
1008.397 3.1191999999999998
1009.406 3.35603567888999
1010.417 3.230322453016815
1011.497 2.9428814814814817
1012.498 2.831664335664336
1013.499 2.4972787212787213
1014.5 2.420747252747253
1015.501 3.9951088911088912
1016.506 3.8485333333333336
1017.507 3.218861138861139
1018.509 2.6367504990019963
1019.516 2.1455173783515393
1020.526 2.0262653465346534
1021.527 2.2130189810189806
1022.528 2.4754125874125874
1023.538 3.2551920792079208
1024.547 2.499171456888008
1025.716 2.6626518391787855
1026.796 3.034074074074074
1027.866 3.062429906542056
1028.867 3.2953926073926074
1029.876 2.8634449950445986
1030.886 2.8976158415841584
1031.887 2.4863456543456546
1032.897 2.789259405940594
1033.898 2.694073926073926
1034.906 2.269142857142857
1035.916 2.5183683168316833
1036.917 2.9783256743256743
1037.926 3.5729633300297325
1038.927 3.7873806193806194
1039.929 3.3139481037924154
1041.006 3.412560817084494
1042.046 3.1538017324350336
1043.047 3.2953926073926074
1044.056 3.0586798810703666
1045.067 2.537527200791296
1046.076 2.1629335976214072
1047.077 2.1036883116883116
1048.086 2.353665014866204
1049.096 1.9224079207920792
1050.106 2.0849425742574255
1051.107 2.569270729270729
1052.116 2.390707631318137
1053.117 1.9834245754245754
1054.125 2.4537142857142857
1055.126 1.4914365634365634
1056.136 1.787881188118812
1057.137 1.7866293706293706
1058.146 2.0978553022794846
1059.156 2.459691089108911
1060.157 2.136335664335664
1061.226 1.591221702525725
1062.227 2.2740779220779226
1063.229 1.7957684630738522
1064.236 2.2496603773584907
1065.246 1.3589544554455444
1066.255 1.8330386521308226
1067.256 1.414905094905095
1068.316 1.9865962264150943
1069.337 2.2424470588235295
1070.346 2.054469772051536
1071.486 1.9239859649122808
1072.497 2.763089108910891
1073.506 1.935159563924678
1074.516 2.0849425742574255
1075.517 2.7988651348651348
1076.526 2.3798612487611495
1077.537 2.3210286844708214
1078.556 2.517605495583906
1079.605 2.560366062917064
1080.616 2.727881305637982
1081.625 1.9568523290386521
1082.626 1.8303616383616386
1083.627 2.4052747252747255
1084.635 1.557079365079365
1085.636 2.5546613386613384
1086.645 2.134041625371655
1087.646 2.092755244755245
1088.925 1.8090132916340893
1089.926 2.645802197802198
1090.935 2.314782953419227
1091.937 2.068822355289421
1092.938 2.711400599400599
1093.945 1.8411916583912613
1094.946 1.7647632367632367
1095.955 1.410029732408325
1097.015 1.4807018867924528
1098.025 1.572725470763132
1099.036 1.2556913946587538
1100.055 1.2288125613346417
1101.056 1.7602237762237762
1102.065 1.3494549058473737
1103.076 2.0026112759643917
1104.085 1.5555361744301286
1105.095 1.5169900990099012
1106.115 1.0237490196078431
1107.135 1.4270117647058824
1108.136 1.8412947052947053
1109.137 2.2740779220779226
1110.145 2.1107936507936502
1111.155 1.6578534653465347
1112.165 1.640681188118812
1113.225 1.6768603773584905
1114.235 1.9089633300297324
1115.236 1.557034965034965
1116.245 1.8655777998017837
1117.255 1.8357227722772278
1118.269 1.7592426035502957
1119.275 1.60368986083499
1120.276 2.295944055944056
1121.285 2.0110842418235877
1122.286 1.89596003996004
1123.295 2.321125867195243
1124.296 2.2020859140859144
1125.298 2.2872654690618757
1126.315 2.399716814159292
1127.336 1.6551616062683643
1128.344 1.8067936507936508
1129.345 1.8476883116883116
1130.346 1.742897102897103
1131.347 2.7223336663336664
1132.355 2.230222222222222
1133.364 1.9568523290386521
1134.365 2.508211788211788
1135.374 2.18012289395441
1136.375 2.049022977022977
1137.376 2.377014985014985
1138.385 2.5380535183349853
1139.395 1.944079207920792
1140.404 1.935159563924678
1141.405 2.1428811188811188
1142.415 1.9657504950495048
1143.524 2.1060559062218216
1144.525 2.755132867132867
1145.526 1.403972027972028
1146.744 1.9625090311986864
1147.746 2.4052747252747255
1148.755 2.2605510406342915
1149.794 1.7950182868142444
1150.795 2.252211788211788
1151.796 2.2130189810189806
1152.894 1.8979089253187615
1153.905 2.3188277227722773
1154.914 2.1195480673934592
1155.915 2.1364875124875122
1156.924 2.4512824578790884
1157.925 2.4098141858141857
1158.934 2.1846263627353815
1159.935 2.4708731268731268
1160.937 2.134355289421158
1161.944 2.058550148957299
