0.0 0.4527229862475442
1.405 0.07789323843416371
2.419 0.917396449704142
3.449 0.3400077669902912
4.459 0.48760396039603965
5.469 0.5526178217821782
6.489 0.5509803921568627
7.519 0.40375922330097086
8.579 0.310028328611898
9.589 0.29256237623762377
10.739 0.26251130434782605
11.749 0.2708910891089109
12.789 0.2209846153846154
13.879 0.22251497005988025
15.549 0.09829940119760479
21.922 0.01202071238035462
22.932 0.40250297029702975
23.942 1.3301010901883055
24.962 1.473450980392157
25.993 1.4535247332686714
27.112 1.6500732797140303
28.113 2.80991008991009
29.262 2.6132219321148824
30.273 2.8665558852621165
31.275 2.942001998001998
32.282 2.9233286991062566
33.332 2.1424838095238097
34.442 2.6298863841298465
35.443 2.615032967032967
36.462 2.2011226692836114
37.523 0.8049915174363808
38.531 2.728571428571428
39.532 1.7348571428571429
40.602 1.9737794392523365
41.603 3.3816983016983015
42.612 2.733637264618434
43.752 2.29380350877193
44.753 2.747124875124875
45.762 2.8482537165510404
46.862 2.406429090909091
48.052 2.7045042016806726
49.062 3.0286257425742575
50.072 2.6593742574257426
51.251 2.010659881255301
52.252 2.6147532467532466
53.262 3.281932673267327
54.272 2.733877227722772
55.352 2.9385481481481484
56.353 3.6200279720279718
57.355 2.7774051896207586
58.472 2.7697045658012533
59.481 3.8313260654112984
60.512 2.2867507274490784
61.513 2.9992167832167835
62.582 2.7174106641721236
63.583 3.169118881118881
64.584 2.243324675324675
65.742 2.828504317789292
66.743 4.077506493506493
67.751 2.24681746031746
68.752 2.6606833166833166
69.762 3.4464871287128713
70.771 2.7071318136769076
71.773 1.6189461077844312
72.951 1.8998641765704585
73.961 3.085354455445545
75.152 2.4137162048698575
76.162 2.7647492566897918
77.163 3.2514125874125877
78.171 2.6160555555555556
79.172 2.6317842157842155
80.211 2.4253474494706446
81.212 2.671128871128871
82.213 2.3078761238761243
83.221 2.53168253968254
84.232 2.1166132542037586
85.241 1.5037859266600593
86.38 1.6509429323968392
87.381 1.6071608391608392
88.391 1.4222970297029705
89.401 1.7327287128712872
90.402 1.5087632367632369
91.411 2.4285748265609515
92.451 2.2340538461538464
93.461 1.0760237623762376
94.47 1.408467789890981
95.672 1.823846921797005
96.681 2.2107750247770066
97.701 2.017129411764706
98.721 1.5968235294117648
99.731 1.3977980198019802
100.741 0.6902178217821783
101.742 1.4103656343656346
102.762 2.7592078431372546
103.763 2.595988011988012
104.791 2.644941634241245
105.792 3.381210789210789
106.801 2.9218253968253967
107.802 3.672639360639361
108.931 0.11888042515500444
109.932 3.5815704295704296
110.933 4.5413546453546445
111.935 4.122757242757244
112.936 3.2562157842157844
113.941 3.0518288557213933
114.951 2.7853306930693074
115.952 1.9446233766233765
116.961 1.8868888888888888
117.972 2.4000158259149353
118.991 2.6188341511285578
120.001 2.842225742574257
121.002 1.7548211788211787
122.111 1.952303249097473
123.121 1.9937584158415842
124.122 1.7874685314685315
125.14 1.691206286836935
126.161 1.9344564152791381
127.182 1.9849411764705882
128.191 1.3768166501486623
129.192 1.420947052947053
130.27 1.6510723562152134
131.28 2.0744792079207923
132.321 2.6287
133.323 2.7582035928143713
134.324 3.036227772227772
135.332 3.2605158730158736
137.18 1.3327402597402598
138.211 0.615666343355965
139.212 1.4326873126873128
140.26 2.357312977099237
141.261 3.391744255744256
142.262 3.242253746253746
143.27 3.7324488579940414
144.271 3.612963036963037
145.272 3.3983136863136867
146.47 2.893008347245409
147.471 2.7776143856143856
148.48 3.149785714285714
149.531 2.3875547098001904
150.54 2.377530227948464
151.551 1.8996162215628092
152.61 1.7960264400377715
153.615 1.8185552238805969
154.62 1.7024955223880598
155.75 1.5737628318584072
156.751 2.4726553446553448
157.78 2.234845481049563
158.781 3.066117882117882
159.811 2.3244349514563107
160.82 2.6164995044598616
161.821 2.9024655344655343
162.822 2.8663976023976026
163.83 2.6754637537239323
164.84 2.051524752475248
165.861 1.7810538687561215
167.06 1.5065020850708923
168.07 1.3544554455445545
169.25 1.624108566581849
170.251 2.115652347652347
171.26 2.3870525272547076
172.411 2.2291711555169416
173.42 2.2885867195242815
174.421 1.6506293706293707
175.43 1.6662596630327058
176.44 1.5726891089108912
177.45 1.6459960396039603
178.46 1.6935603960396042
179.47 1.750011881188119
180.48 1.5103920792079208
181.49 1.494368316831683
182.491 1.6341498501498501
183.67 1.4987413061916879
184.68 1.5603326732673266
185.69 1.4271762376237622
186.7 1.7343049504950496
187.71 1.621758415841584
188.72 1.7467801980198019
189.73 1.8482851485148515
190.74 1.6051643564356437
191.75 1.4838891089108912
192.76 1.5395722772277227
193.761 1.4212987012987013
201.149 0.11691133071612292
202.15 1.6399600399600398
203.151 2.5608311688311685
204.152 2.5367192807192804
205.159 2.7663396226415093
206.179 1.7745803921568628
207.189 1.9707564356435643
208.299 1.969254054054054
209.3 2.219412587412587
210.309 1.3824539147670962
211.311 1.8567664670658683
212.319 1.670420634920635
213.329 1.8579326732673267
214.34 2.50204549950544
215.35 3.0503366336633664
216.37 3.185960784313725
217.58 1.9460099173553718
218.589 2.719119920713578
219.59 2.2565834165834167
220.592 2.927129740518962
221.599 2.4897715988083413
222.609 2.582771060455897
223.616 3.319245283018868
224.619 3.558891326021934
225.75 2.5516109637488946
226.751 3.5212787212787213
227.92 2.6581077844311376
228.939 2.510202158979392
229.941 3.0547784431137726
230.942 3.2276603396603396
231.949 3.202621648460774
232.969 2.3708
233.979 1.5386613861386138
234.981 1.1503393213572854
235.989 2.2862380952380956
237.0 2.442682492581602
238.2 2.568713928273561
239.209 2.4286382556987114
240.219 1.3597069306930694
241.229 1.919770297029703
242.279 1.8893866666666668
243.28 3.3066133866133867
244.459 2.6286140797285835
245.501 2.1958925143953936
246.509 2.403531746031746
247.51 2.200327672327672
248.518 2.399332671300894
249.519 1.999112887112887
250.529 2.6792871287128714
251.619 2.387706422018349
252.62 2.191408591408591
253.622 2.7357522477522482
254.629 3.354558093346574
255.75 2.882055307760928
256.819 3.129736202057998
257.988 2.4445166809238668
258.989 2.1094105894105897
259.998 1.6178156590683845
260.999 1.4051548451548452
262.0 2.0985734265734264
263.139 1.9340614574187887
264.149 3.175952475247525
265.15 2.268171828171828
266.169 2.5880510304219824
267.179 3.0967049504950497
268.181 2.6276726546906186
269.183 4.091049900199601
270.199 3.4192047244094486
271.218 1.8942100098135426
272.219 2.1896343656343653
273.22 3.0839000999001
274.229 3.0910952380952383
275.359 2.7606088495575225
276.361 2.8403433133732534
277.458 1.8558541476754784
278.459 2.7223336663336664
279.518 1.9236143667296786
280.52 2.8159201596806387
281.529 3.1128800792864224
282.53 2.413514485514485
283.531 1.8268211788211788
284.578 1.848604206500956
285.579 2.0515804195804193
286.588 2.0998453914767095
287.589 2.689030969030969
288.729 2.2711087719298244
289.878 2.560828546562228
290.879 3.525234765234765
291.88 3.345254745254745
292.889 3.1166778989098116
293.89 3.485058941058941
294.891 2.761022977022977
295.898 2.907312810327706
296.899 2.09978021978022
297.9 2.739996003996004
298.908 2.4341031746031745
299.918 2.1241267326732673
301.079 2.076589147286821
302.08 3.0361318681318683
303.088 2.728222222222222
304.089 3.0545454545454542
305.098 2.0281704658077304
306.099 2.6034285714285716
307.148 2.0877407054337462
308.158 2.1680712871287127
309.159 2.252851148851149
310.279 2.1044714285714283
311.298 1.7847536800785082
312.299 2.438073926073926
313.308 2.1011774033696726
314.318 1.9960950495049508
315.32 1.9766873126873126
316.321 2.0058421578421575
317.328 1.7744985104270108
318.338 1.6566732673267326
319.347 1.4387631318136769
320.358 1.3459070227497527
321.368 1.687960396039604
322.369 2.1134305694305695
323.447 1.8008460111317253
324.457 2.1591992071357784
325.458 2.3975704295704294
326.468 2.2253002973240834
327.469 1.9983536463536464
328.478 2.161546085232904
329.479 2.006985014985015
330.487 2.3125714285714287
331.623 1.4213991189427313
332.628 2.0036776119402986
333.639 1.5283402571711178
334.647 1.5994285714285712
335.659 1.6545770750988142
336.667 1.4709920634920632
337.668 1.6044115884115884
338.677 1.7393696729435086
339.678 1.692947052947053
340.688 1.7474455445544554
341.698 2.061613478691774
342.708 1.9350574257425743
343.718 1.9919445544554453
344.738 2.210258823529412
345.739 1.6836283716283718
346.747 1.6874121151936445
347.758 1.9167398615232445
348.768 1.8956594059405942
349.918 2.1973078260869565
351.048 2.718683185840708
352.058 2.950257425742574
353.068 2.243564356435644
354.198 2.2207150442477874
355.199 2.2850109890109884
356.207 1.652920634920635
357.208 1.6727592407592409
358.217 1.243123885034688
359.219 0.961125748502994
360.228 1.410029732408325
361.237 1.1461565906838456
362.247 1.0966653465346536
363.248 1.126105894105894
364.397 0.876414273281114
365.398 1.475964035964036
366.407 1.6051060455896926
367.417 2.1671287128712873
368.437 1.6366588235294117
369.438 1.967952047952048
370.447 1.7159008919722498
371.457 1.6578534653465347
372.467 1.2940495540138752
373.477 1.3111128712871287
374.478 1.005842157842158
375.5 0.7071624266144815
376.507 0.5651320754716982
377.517 0.39046977205153616
378.547 0.39313398058252425
379.577 0.37188349514563107
380.587 0.39008316831683165
381.627 0.33673846153846154
382.786 0.2659343696027634
383.797 0.5526178217821782
384.817 0.6115764705882353
385.827 0.7584950495049506
386.837 0.5959603960396039
387.857 0.5003294117647059
388.877 0.6008470588235294
389.897 0.5257411764705883
390.937 0.5998153846153845
391.938 0.36079120879120885
392.957 0.23809636184857425
393.966 0.29285232903865216
395.007 0.29436311239193086
396.026 0.30071835132482827
397.037 0.38969732937685464
398.067 0.3828804664723032
399.087 0.450635294117647
400.116 0.34033819241982505
401.326 0.23973553719008264
402.366 0.29464615384615384
403.396 0.24438058252427186
404.436 0.1999384615384615
405.456 0.2467764705882353
410.773 0.024651495204062443
416.51 0.022936029283597698
417.64 0.06779469026548672
418.652 0.08651383399209486
419.67 0.10750491159135558
420.69 0.10729411764705882
421.7 0.10835643564356436
422.74 0.10523076923076922
423.79 0.11465142857142857
424.92 0.10653451327433627
425.96 0.11575384615384615
426.99 0.11687766990291261
428.07 0.11146666666666667
429.08 0.10835643564356436
430.11 0.09562718446601942
431.18 0.08182429906542056
432.19 0.08668514851485148
433.35 0.03948275862068966
434.38 0.18062912621359223
435.41 0.20187961165048543
436.45 0.2630769230769231
437.48 0.30843148688046645
438.51 0.27625631067961165
439.54 0.22313009708737863
440.58 0.16836923076923077
441.59 0.05417821782178218
442.691 0.1292207084468665
443.71 0.0966594700686948
444.73 0.10729411764705882
445.74 0.1191920792079208
465.03 0.0005673405909797823
466.109 0.0608563484708063
467.469 0.048317880794701985
468.869 0.02345142857142857
470.229 0.024141176470588235
471.509 0.02565
478.426 0.01107532167124476
479.572 0.028674235807860264
480.71 0.028850615114235503
481.827 0.03919068934646374
482.907 0.04053333333333333
484.67 0.031038003403289847
485.75 0.04053333333333333
487.208 0.04503703703703704
488.375 0.02813367609254499
489.489 0.01966576819407008
490.969 0.03465584854631507
492.087 0.048944543828264755
493.191 0.059478260869565217
494.306 0.0687067264573991
499.023 0.002320118719525122
500.134 0.05910351035103511
501.143 0.05423191278493558
512.629 0.0028584363573045447
514.346 0.006373907979033197
515.449 0.029766092475067996
516.566 0.06858370635631156
517.587 0.04287561214495592
519.026 0.04563168867268936
520.329 0.025197237145049886
521.75 0.030806474313863477
522.831 0.060743755781683624
524.029 0.0639465776293823
525.088 0.06200566572237961
526.108 0.0643764705882353
527.128 0.07510588235294118
528.17 0.08402303262955854
529.193 0.08558357771260997
530.246 0.09353846153846153
531.289 0.0944352828379674
532.388 0.1095395814376706
533.449 0.10314797360980207
534.566 0.09797672336615935
535.569 0.06546759720837486
536.63 0.10314797360980207
537.686 0.08290909090909092
538.729 0.1154209012464046
539.786 0.10353831598864711
540.807 0.09647012732615083
541.808 0.07653146853146854
552.939 0.011776460017969451
554.679 0.293816091954023
555.787 0.049386281588447656
556.868 0.060743755781683624
558.068 0.03648
559.929 0.011761418592154757
561.108 0.07425954198473282
562.247 0.057650570676031604
563.348 0.04970027247956403
564.488 0.048
565.627 0.04804214223002634
567.289 0.04609386281588448
569.127 0.02977149075081611
570.228 0.03976021798365122
571.369 0.0096
575.869 0.009727999999999999
576.889 0.43990588235294115
578.028 0.07686742756804216
579.127 0.05974886260236579
580.128 0.14212987012987016
581.21 0.14160443622920516
582.228 0.09675442043222005
583.369 0.06714110429447853
584.467 0.13954098360655737
585.606 0.06725899912203687
587.029 0.07690794096978214
588.048 0.08591952894995093
589.166 0.10767799642218247
590.268 0.11917241379310345
591.325 0.0828306527909177
592.346 0.04287561214495592
593.545 0.04563803169307756
594.865 0.024872727272727272
596.269 0.023384615384615382
598.345 0.02108670520231214
599.588 0.00880450522928399
600.95 0.04821145374449339
602.148 0.023646076794657765
603.169 0.05359451518119491
604.191 0.08566731898238747
605.887 0.0580754716981132
606.925 0.11597687861271676
608.006 0.15185938945420907
609.547 0.056815055158987667
610.608 0.11346277097078228
611.628 0.10729411764705882
612.889 0.0954670896114195
614.005 0.09806451612903226
615.168 0.01882029234737747
616.188 0.07510588235294118
617.207 0.10739941118743866
619.009 0.030366259711431743
626.027 0.018676546024508408
627.047 0.33440784313725497
628.068 0.04097159647404506
629.166 0.10963934426229509
630.205 0.16853128007699714
631.225 0.20385882352941176
632.268 0.1888705656759348
633.366 0.13954098360655737
634.405 0.1579980750721848
635.447 0.14704030710172747
636.486 0.08426564003849857
637.508 0.12850097847358122
638.546 0.21086705202312137
639.547 0.08213386613386614
640.548 0.20772827172827174
641.589 0.19974639769452449
642.828 0.15899273607748185
644.064 0.19479611650485437
645.094 0.24438058252427186
646.327 0.15976642335766422
647.329 0.25120958083832334
648.444 0.1285309417040359
649.466 0.2141682974559687
656.449 0.009403408277244738
657.468 0.9880745829244357
658.644 0.1116734693877551
662.665 0.04082566525739865
663.767 0.029793103448275862
665.108 0.06528859060402685
672.588 0.0029411764705882353
673.885 0.08437933693138011
675.05 0.10333390557939914
676.525 0.014849389416553595
677.785 0.05211428571428572
679.508 0.031758560650029015
680.605 0.08978669097538741
681.609 0.06540239043824701
682.626 0.08608849557522125
683.646 0.09656470588235294
684.828 0.10184771573604061
686.166 0.06543497757847533
687.828 0.026339350180505414
696.753 0.01468593837535014
697.848 0.6298885844748859
699.084 0.06198058252427185
700.686 0.02049438202247191
701.748 0.061830508474576266
702.865 0.06858370635631156
704.826 0.009431922488526262
706.026 0.0456
707.106 0.06079999999999999
708.125 0.0644396467124632
709.224 0.05974886260236579
710.447 0.035793949304987735
711.546 0.04979071883530482
716.765 0.010484767196780993
718.104 0.024519790888722928
746.249 0.0011665304672233078
747.732 0.007384615384615385
748.79 0.04137618147448015
750.012 0.05373486088379705
751.23 0.08985221674876848
752.715 0.058957575757575764
753.769 0.10383301707779886
754.89 0.039050847457627116
756.012 0.058524064171123
757.068 0.08290909090909092
762.08 0.026151636073423783
763.13 0.20870095238095238
764.39 0.03474285714285714
765.571 0.055600338696020324
766.651 0.050666666666666665
767.81 0.03777049180327869
768.99 0.03709830508474576
777.433 0.003888665166410044
778.549 0.1176774193548387
779.773 0.05364705882352941
781.008 0.07975384615384615
783.469 0.08422267370987403
784.788 0.041485974222896134
785.972 0.07394594594594595
787.069 0.08978669097538741
788.374 0.050317241379310346
789.498 0.08762989323843416
790.549 0.10412940057088488
791.55 0.05466533466533467
792.612 0.041220338983050844
793.71 0.029901639344262296
795.071 0.024123438648052904
796.671 0.00684
798.551 0.005821276595744681
799.829 0.017126760563380278
800.849 0.010729411764705881
802.908 0.0053152015541525
806.868 0.0027636363636363635
808.35 0.022153846153846152
809.387 0.042214079074252654
810.648 0.034715305313243454
812.651 0.01092760858711932
813.732 0.030371877890841812
814.771 0.042132820019249284
816.27 0.12394396264176118
817.352 0.07103881700554528
818.448 0.0698978102189781
820.995 0.008593639575971732
822.191 0.14219397993311036
823.23 0.0526660250240616
824.389 0.08498360655737705
825.409 0.07510588235294118
826.61 0.08201165695253955
827.67 0.09292075471698114
828.811 0.08632427695004383
830.011 0.10944
831.071 0.09292075471698114
832.091 0.11802352941176472
833.551 0.049901369863013696
834.589 0.07380346820809248
835.692 0.05953218495013599
836.772 0.06079999999999999
839.379 0.05027694668200997
840.588 0.10876426799007445
841.668 0.0912
842.748 0.08106666666666666
843.871 0.058524064171123
844.89 0.08591952894995093
846.371 0.04433760972316003
847.548 0.0557892948173322
848.869 0.032387585162755486
849.948 0.05071362372567192
850.992 0.07337931034482759
852.024 0.10614936954413191
853.151 0.10681810115350489
854.231 0.14186666666666667
855.27 0.05484504331087584
856.409 0.11530114135206321
857.43 0.09647012732615083
858.527 0.07981039197812216
859.709 0.055553299492385785
860.91 0.00911240632805995
861.911 0.06559840159840159
863.01 0.04979071883530482
864.93 0.010525
866.268 0.02453811659192825
867.469 0.0364496253122398
868.63 0.028279069767441864
869.748 0.039155635062611806
870.911 0.03764058469475494
874.65 0.0029269858250869215
876.03 0.22623768115942028
877.248 0.05391133004926108
878.269 0.09647012732615083
879.509 0.05295483870967742
880.949 0.007599999999999999
882.131 0.055600338696020324
883.17 0.042132820019249284
884.249 0.0608563484708063
885.311 0.0447608286252354
886.368 0.07247682119205298
887.67 0.0840552995391705
888.769 0.08962329390354867
889.789 0.07510588235294118
890.867 0.08121706864564007
891.948 0.07444958371877891
901.142 0.0059517076354144004
902.222 0.050666666666666665
903.241 0.0644396467124632
904.382 0.03836634531113058
905.662 0.02565
911.854 0.024702842377260982
923.809 0.002767712254286909
924.817 0.34100793650793654
925.819 1.4661818181818183
926.827 1.3961904761904762
928.757 0.33415958549222796
929.767 0.43846336633663363
930.817 0.4733638095238096
931.827 0.9609980198019802
932.837 1.4868198019801981
934.007 1.2435213675213674
935.087 1.6766814814814817
936.217 1.8637238938053096
937.387 1.8296068376068377
938.389 2.011992015968064
939.537 1.1528083623693381
940.547 1.289441584158416
941.556 1.234722222222222
942.727 1.4144901793339029
943.728 1.8675724275724277
944.797 1.3064321796071094
945.817 1.6337411764705883
946.827 1.5127603960396039
947.837 2.423524752475248
948.847 2.3855841584158415
950.017 1.7725675213675212
951.027 2.2116435643564354
952.03 2.243145708582834
953.037 2.3401231380337637
954.076 2.126244465832531
955.077 2.0663496503496503
956.087 0.8283009900990099
957.106 0.9236349362119726
958.107 0.491988011988012
959.117 1.24609900990099
960.136 1.0417742885181551
961.137 1.1002597402597403
962.138 2.427140859140859
963.146 2.1595714285714283
964.157 1.6527873392680517
965.168 1.6863145400593471
966.177 1.8512903865213082
967.187 1.891599603567889
968.188 1.9800439560439562
969.197 2.0825054509415266
970.208 1.6669040553907024
971.217 1.8516788899900891
972.227 1.9289593657086226
973.276 2.024343183984747
974.296 0.4720941176470589
975.306 0.8560158415841584
976.307 1.788931068931069
977.317 2.010711595639247
978.326 2.452891972249752
979.336 2.4734178217821783
980.34 2.159378486055777
981.477 2.2547676056338024
982.486 2.508
983.502 1.837496062992126
984.516 1.7520473372781062
985.526 1.6253465346534652
986.566 1.1772307692307693
987.591 1.2919258536585367
988.596 0.9365014925373134
989.607 1.5356755687438182
990.609 1.8962954091816366
991.617 2.0945476190476193
992.636 2.2077409224730125
993.766 2.5558513274336283
994.767 2.45994005994006
995.776 1.800856293359762
996.796 0.7188705882352942
997.816 0.4828235294117647
998.835 0.5369970559371934
999.838 0.13067996011964106
1000.896 0.393867674858223
1001.936 0.4209230769230769
1002.948 0.23791304347826087
1004.126 1.6285229202037352
1005.127 2.2084795204795205
1006.136 1.0621764122893953
1007.156 0.5901176470588235
1008.176 0.9549176470588235
1009.186 0.9244039603960396
1010.196 0.9752079207920793
1011.198 0.9174610778443113
1012.236 0.42173410404624273
1013.247 0.37887240356083085
1014.266 0.4192691552062868
1015.276 0.5309465346534654
1016.286 0.7476594059405941
1017.335 0.22696663489037178
1018.368 0.18010454985479185
1019.375 0.9998490566037734
1020.407 0.5832558139534885
1021.666 0.45201588562351075
1022.685 0.4618174681059863
1023.696 0.19484866468842732
1024.706 0.4113425742574257
1025.726 1.8132705882352942
1026.905 1.0657845631891436
1027.906 0.809046953046953
1028.907 1.126105894105894
1029.936 0.7603891050583658
1030.966 0.4143844660194175
1031.985 0.31145829244357215
1032.986 0.5138541458541458
1034.005 1.0378802747791953
1035.016 1.5494970297029704
1036.025 1.3506917740336968
1037.026 1.4695304695304694
1038.045 1.449892051030422
1039.055 1.2915485148514851
1040.076 1.432564705882353
1041.195 1.4778981233243969
1042.196 1.8586213786213786
1043.205 1.5746600594648166
1044.216 0.9863343224530169
1045.225 1.301565906838454
1046.235 0.8748514851485149
1047.246 1.4180652818991097
1048.247 1.199240759240759
1049.266 1.2006908734052992
1050.276 1.1787036669970268
1051.286 1.668689108910891
1052.287 1.4934425574425574
1053.295 0.997904761904762
1054.435 0.7679087719298245
1055.445 1.148578217821782
1056.455 1.1054732673267327
1057.465 1.1460910891089109
1058.466 1.0582777222777222
1059.475 1.2364876114965313
1060.485 1.3341050545094153
1061.487 0.4629620758483034
1062.51 1.2837536656891495
1063.525 1.3590935960591133
1064.526 2.0772827172827175
1065.527 1.794981018981019
1066.535 1.042285714285714
1067.555 0.4720941176470589
1068.556 0.7991768231768233
1069.565 1.2690267591674926
1071.737 0.31743646408839776
1072.745 1.4683333333333333
1073.755 2.6764039603960397
1074.756 2.2298421578421577
1075.766 2.066273267326733
1076.767 1.7602237762237762
1077.775 1.7914285714285714
1078.785 1.0481821782178218
1079.796 2.478908011869436
1080.805 2.311246778989098
1081.815 2.4705267326732674
1082.816 1.923124875124875
1083.825 1.5543627353815659
1084.835 1.7553742574257427
1085.845 1.5657267326732676
1086.847 1.941978021978022
1087.985 2.083775043936731
1088.995 2.362170297029703
1090.005 2.0049108910891085
1091.015 1.9784475247524753
1092.017 2.810821178821179
1093.025 2.9531428571428573
1094.027 2.4768143712574853
1095.045 2.3100117878192536
1096.046 2.244939060939061
1097.055 2.3704285714285716
1098.195 2.7302526315789475
1099.196 3.0055944055944055
1100.205 2.5476233894945493
1101.215 2.8456158415841584
1102.216 2.899076923076923
1103.225 4.134430128840435
1104.226 3.3237402597402594
1105.227 2.7626293706293703
1106.235 2.4436984126984127
1107.236 2.7765754245754244
1108.672 1.6917214484679668
1109.694 2.017307240704501
1110.695 2.6348691308691308
1111.835 2.848161403508772
1112.836 3.512655344655345
1113.846 3.3108356435643564
1114.847 3.6202597402597405
1115.887 1.921746153846154
1116.895 2.4550476190476194
1117.905 2.1869544554455445
1118.906 2.4216183816183814
1119.915 2.2475242814667986
1120.935 2.1498666666666666
1121.945 2.5875326732673263
1122.954 1.9742715559960358
1123.955 2.0795764235764236
1124.965 2.3697425742574256
1125.974 3.026140733399405
1126.975 2.792935064935065
1127.985 3.015294350842418
1128.986 2.6420219780219782
1129.995 2.8909970267591674
1130.998 2.8991186440677965
1132.005 2.7989672293942403
1133.165 2.1769594477998275
1134.175 2.091279207920792
1135.184 2.1632983151635283
1136.195 1.7232917903066272
1137.196 3.039392607392607
1138.205 1.6850822596630328
1139.214 2.223508424182359
1140.215 2.414905094905095
1141.224 1.699528245787909
1142.244 1.1480470588235292
1143.424 1.370720949957591
1144.425 2.1975464535464533
1145.434 1.7558929633300298
1146.444 2.227342574257426
1147.445 2.295944055944056
1148.454 1.5760634920634922
1149.465 2.5005578635014833
1150.485 2.1091921568627447
1151.487 3.3531017964071856
1152.494 2.4973584905660378
1153.495 2.168983016983017
1154.496 2.9856863136863137
1155.503 3.6305064548162855
1156.505 2.5667065868263474
1157.506 2.764091908091908
1158.515 2.9659781962338947
1159.524 2.8698830525272547
1160.674 2.350281739130435
1161.684 1.9504158415841586
1162.685 1.395188811188811
1163.694 1.570798810703667
1164.704 2.1456
1165.705 2.099148851148851
1166.714 1.7423191278493557
1167.724 1.6361821782178216
1168.726 1.1023313373253494
1169.734 1.52
1170.735 2.058501498501499
1171.744 2.8671873141724484
1172.754 2.406748514851485
1173.764 2.9039524752475248
1174.771 2.1461608738828204
1175.774 1.2755493519441676
1176.784 2.1996356435643563
1177.794 1.4844514851485149
1178.795 2.3032407592407593
1179.804 2.9762933597621406
1180.814 2.6434217821782178
1181.824 2.2540277227722774
1182.914 1.7345100917431193
1183.924 2.4705267326732674
1184.934 1.3497742574257423
1185.944 1.571168316831683
1186.947 1.576630109670987
1187.964 2.124294985250738
1189.133 1.8937142857142857
1190.134 2.8425974025974026
1191.135 2.854729270729271
1192.339 2.598292358803987
1193.444 2.5171475113122175
1194.455 2.256815034619189
1195.463 2.855428571428572
1196.474 2.354919881305638
1197.484 1.547429702970297
1198.494 1.6660594059405942
1199.524 1.680264077669903
1200.525 2.121014985014985
1201.534 1.8922418235877105
1202.543 2.1041982160555
1203.544 2.015272727272727
1204.545 2.9640679320679317
1205.554 2.222097125867195
1206.555 2.35426973026973
1207.675 2.4987357142857145
1209.213 0.07827308192457737
1210.224 5.982330365974283
1211.225 2.8425974025974026
1212.234 1.9188027750247771
1213.324 1.9382605504587158
1214.326 2.0752095808383233
1215.333 2.1036027805362463
1216.423 1.855119266055046
1217.424 2.3615424575424577
1218.435 2.412605341246291
1219.436 2.5291428571428574
1220.453 1.7829459193706982
1221.504 2.1648751248751252
1222.513 1.9075441030723488
1223.524 2.8794302670623146
1224.533 1.8125986124876114
1225.534 2.5255384615384613
1226.543 2.033595238095238
1227.544 3.5423136863136864
1228.554 2.744237623762376
1229.555 2.6348691308691308
1230.563 1.7925238095238096
1231.565 2.391952095808383
1232.566 2.3834085914085916
1233.578 1.8708616600790515
1235.484 0.05445540398740818
1236.643 5.952545768566495
1237.644 1.9023536463536466
1238.645 1.8914205794205792
1239.653 1.6285714285714286
1240.663 1.614510891089109
1241.664 2.1261858141858143
1242.673 3.427456888007929
1243.675 2.4020918163672653
1244.683 1.9542857142857144
1245.685 2.3464750499002
1246.686 3.42204995004995
1247.693 2.239022840119166
1248.703 2.3838415841584157
1249.713 1.2352633663366337
1250.723 1.2677702970297031
1253.263 0.16572283464566928
1254.272 5.485454905847375
1255.273 1.2573026973026973
1256.283 1.0077148514851484
1257.313 0.8933877551020408
1258.323 0.845180198019802
1259.325 1.1795928143712575
1260.333 0.6398730158730159
1261.342 0.8677106045589693
1262.349 0.902934393638171
1263.352 1.3639082751744767
1264.363 1.2601305637982196
1265.372 1.0087135777998018
1266.382 1.0727287128712872
1267.388 1.153145129224652
1268.393 0.7865154228855721
1269.403 1.2677702970297031
1270.413 1.3774905847373637
1271.423 2.882281188118812
1272.434 2.398480712166172
1273.443 2.8417522299306244
1274.453 2.1999683168316833
1275.462 1.507647175421209
1276.463 1.0386413586413588
1277.473 1.9504158415841586
1279.377 0.3581040462427746
1280.393 5.996771653543307
1281.402 2.2885867195242815
1282.403 1.6429090909090909
1283.405 2.435640718562874
1284.412 2.031960278053625
1285.422 1.5169900990099012
1286.442 1.1480470588235292
1287.464 0.5889628180039139
1288.473 0.9327888999008919
1290.076 0.08176668746101061
1291.083 3.6968747514910536
1292.092 0.7809395441030723
1293.174 0.34389648798521255
1294.342 1.077917808219178
1295.343 2.45994005994006
1296.353 1.9793821782178216
1297.358 1.5789850746268657
1298.362 1.5389163346613546
1299.372 2.8389386138613864
1300.373 2.0273966033966033
1301.382 2.245201189296333
1302.403 1.3077061704211557
1303.412 1.117986124876115
1304.413 2.263144855144855
1305.414 1.7597922077922077
1306.425 1.9484866468842728
1307.432 1.6021709741550698
1308.442 1.8095524752475247
1309.452 1.5254336633663366
1310.463 2.078385756676558
1311.472 1.8636194251734393
1312.482 2.37770297029703
1313.483 2.461994005994006
1314.602 2.0546130473637176
1315.793 2.037857262804366
1315.82 1.6213333333333333
