0.0 3.0135207920792078
1.002 2.3516487025948103
2.03 1.4860544747081714
3.05 0.806721568627451
4.09 1.276746153846154
5.1 1.6967207920792078
6.101 2.4413906093906093
7.14 1.9572666025024061
8.151 2.916225519287834
9.16 3.6656491575817642
10.161 2.6830049950049952
11.34 2.417547073791349
12.341 2.0842357642357645
13.344 3.366739780658026
14.47 1.8629271758436943
15.48 3.1226772277227726
16.73 1.6809087999999999
17.748 3.17478978388998
18.751 3.6299581256231304
19.752 2.791064935064935
20.771 3.447866535819431
21.772 2.688855144855145
22.773 3.884163836163836
23.788 2.7502423645320198
24.79 3.2059560878243514
25.87 3.186488888888889
26.871 3.973386613386614
27.872 2.6196603396603395
29.009 3.4366578715919087
30.111 3.290192377495463
31.29 3.3322883799830363
32.44 3.187373913043478
33.539 1.7672575068243859
34.55 3.2387643564356434
35.59 2.5679076923076924
36.6 3.3864633663366335
37.67 2.6717981308411214
38.671 3.288527472527473
39.672 2.618605394605394
40.68 3.2374603174603176
41.681 3.2799440559440556
42.682 2.418805194805195
43.69 3.2673888888888887
44.79 2.849032727272727
45.8 3.5873504950495048
46.801 3.505014985014985
47.929 2.8012482269503547
48.93 3.539484515484516
49.931 2.4673406593406595
50.94 3.1009871159563924
51.95 2.6264792079207924
52.959 2.268626984126984
54.069 2.501520720720721
55.07 2.4155524475524475
56.079 1.901557978196234
57.169 1.6707963302752293
58.18 3.0654164193867457
59.181 3.187332667332667
60.258 2.7092813370473534
61.26 2.4501738261738257
62.269 2.9058553022794844
63.27 3.03836963036963
64.271 3.0426773226773225
65.279 1.5558730158730159
66.289 1.9290941526263627
67.299 2.116380198019802
68.31 2.1089772502472797
69.319 3.0025688800792865
70.32 2.6753086913086914
71.329 3.291484126984127
72.359 2.5016466019417476
73.449 2.9061504587155964
74.451 2.9191057884231535
75.509 1.6469111531190928
76.51 1.781018981018981
77.689 3.1298931297709927
78.69 3.669034965034965
79.749 3.186863078375826
80.769 3.5953254901960787
81.809 3.1656769230769233
82.949 3.228028070175439
83.95 3.706885114885115
84.959 2.3933478691774033
85.96 2.795716283716284
87.159 3.1110592160133446
88.16 3.381634365634366
89.162 2.288255489021956
90.338 3.1282380952380953
91.339 2.7585694305694304
92.349 2.724855445544555
93.353 3.20403984063745
94.4 2.7135358166189114
95.409 3.920420218037661
96.41 2.3047272727272725
97.419 3.2271555996035675
98.459 2.9361615384615383
99.469 2.7844673267326736
100.479 1.9403722772277228
101.589 1.5458810810810808
102.59 2.7331228771228773
103.599 1.8463587710604559
104.799 2.74106
105.809 3.5479920792079205
106.81 3.5364315684315684
107.811 3.8575024975024976
108.969 3.333167530224525
109.97 2.635484515484516
110.971 3.2046113886113887
112.049 2.3988200371057515
113.05 3.446105894105894
114.059 2.909851337958375
115.199 3.0345894736842105
116.209 3.4320237623762377
117.21 2.8423496503496506
118.219 2.7198334985133794
119.271 2.733558935361217
120.359 3.034830882352941
121.36 3.30372027972028
122.419 3.5568498583569403
123.42 3.3163396603396604
124.429 2.7133320118929634
125.43 2.045018981018981
126.431 2.0659740259740262
127.438 2.776857994041708
128.448 1.595266600594648
129.629 1.8945436071126165
130.639 2.34049900990099
131.649 2.0585108910891092
132.65 2.291828171828172
133.739 1.8797355371900826
134.752 2.639257650542942
135.759 1.9442303872889772
136.769 2.437069306930693
137.779 2.6706455445544552
138.788 2.0972857142857144
139.789 2.5917442557442563
140.928 2.141485513608428
141.929 2.4443556443556442
142.938 2.3768483647175422
143.939 2.8310649350649353
145.18 1.9489057211925866
146.298 2.0383255813953487
147.299 2.656983016983017
148.438 2.205534679543459
149.458 2.7527529411764706
150.459 2.817558441558442
151.46 3.9767112887112885
152.469 4.061510406342914
153.502 3.022784123910939
154.505 4.256893320039881
155.669 3.529972508591065
156.67 3.1395004995004996
157.671 3.157122877122877
158.678 3.1049215491559083
159.679 3.392111888111888
160.68 3.133234765234765
162.298 1.6193918417799753
163.299 4.5827772227772225
164.301 3.3279201596806387
165.388 3.5140239190432383
166.389 3.7607512487512484
167.508 2.957640750670241
168.51 4.076367265469061
169.588 3.015339517625232
170.589 4.117754245754245
171.602 3.175123395853899
172.603 3.374529470529471
173.608 3.021006965174129
174.622 3.0802603550295857
175.628 3.180675944333996
176.629 3.0996443556443554
177.638 3.852432111000991
178.648 3.06730297029703
179.65 3.381852295409182
180.655 3.0771582089552236
181.829 3.554555366269166
182.83 4.108763236763237
183.832 3.2402315369261476
184.839 4.354407149950348
185.84 3.6539460539460538
186.957 2.1232515666965086
187.958 2.953182817182817
188.969 2.9995410484668645
189.97 3.0664055944055946
190.978 3.3504508440913607
192.048 3.0071476635514016
193.05 3.25960878243513
194.058 2.9735
195.097 3.5242194417709336
196.098 4.2154005994006
197.267 3.4645337895637303
198.388 3.377933987511151
199.507 3.6451403038427164
200.937 2.6911720279720277
202.017 3.187148148148148
203.028 3.8864332344213652
204.03 3.749948103792415
205.037 2.863118172790467
206.218 3.0742895850973753
207.617 2.6447576840600426
208.618 1.9351528471528474
209.627 1.8838533201189296
210.728 1.8612534059945502
211.738 2.8059326732673266
212.739 2.8270049950049954
213.747 2.9081825396825396
214.751 4.027019920318725
215.757 4.177168986083499
216.837 3.4261851851851852
217.838 3.139804195804196
218.839 3.01607992007992
219.84 2.9744255744255743
220.978 3.0043374340949036
222.087 2.727985572587917
223.088 2.758513486513486
224.097 1.3122695738354806
225.098 2.0521558441558443
226.099 2.095056943056943
227.107 2.004857142857143
228.108 1.5895144855144856
229.109 2.5800999000998996
230.247 2.6890404217926185
231.249 2.89022754491018
232.387 1.941068541300527
233.388 2.4994445554445557
234.389 2.5447432567432564
235.397 2.5859444444444444
236.398 2.227300699300699
237.408 2.2344792079207925
238.409 2.7966673326673326
239.417 2.708484126984127
240.418 1.969806193806194
241.419 3.166417582417582
242.427 3.151904761904762
243.457 2.4471137026239065
244.467 3.2949623762376237
245.478 1.7814678536102868
246.479 3.375080919080919
247.59 1.7613105310531052
248.597 2.3881151936444884
249.599 2.5421077844311375
250.607 2.866285714285714
251.608 2.747804195804196
252.616 3.0378888888888884
253.618 3.99056943056943
254.619 3.3280879120879123
255.628 3.215809712586719
256.629 3.4292667332667333
257.637 3.4907539682539683
258.639 3.430985014985015
259.64 1.9244995004995005
260.647 2.6281628599801388
261.656 2.2433538156590687
262.657 2.2155844155844155
263.667 3.188836471754212
264.668 3.0189330669330667
265.677 2.774081268582755
266.678 3.2935464535464534
267.679 4.215104895104895
268.876 3.49276254180602
269.977 3.584065395095368
270.978 4.654617382617383
271.979 4.2225854145854145
272.98 3.9249390609390606
274.127 3.6801185701830867
275.368 0.23810475423045932
276.417 6.190612011439466
277.419 2.182930139720559
278.517 2.2619817850637522
279.518 2.420747252747253
280.526 2.305325396825397
281.527 2.4490069930069933
282.536 1.6271080277502479
283.726 1.2046252100840338
284.727 2.0663496503496503
285.728 2.9359600399600403
286.729 2.243468531468532
287.737 3.9336190476190476
288.738 4.18778021978022
289.856 3.544508504923903
290.861 4.150288557213931
291.867 4.089090547263681
292.877 3.0217188118811884
298.49 0.02335150543381436
300.117 1.7805974185617701
301.119 2.7004675324675325
302.208 2.5776528925619835
303.209 3.4215704295704295
304.21 3.134945054945055
305.217 3.2596623634558095
306.219 3.187844155844156
307.227 3.3147698412698414
308.228 1.3286393606393605
309.237 2.640277502477701
310.238 2.86208991008991
311.247 3.010944444444444
312.297 3.0373409523809523
313.438 3.2028115687992993
314.448 3.180451485148515
315.458 3.1189940594059404
316.46 2.9385414585414584
317.467 3.190331678252234
318.468 3.008695304695305
319.469 3.209598401598402
320.477 3.1878650793650793
321.487 2.916015841584158
322.488 2.9006593406593404
323.489 2.9037202797202797
324.497 2.520031746031746
325.498 2.463984015984016
326.507 2.3857046580773043
327.517 2.4526019801980197
328.518 2.645802197802198
329.527 1.9437145688800792
330.537 2.2321425742574257
331.538 1.6645034965034966
332.547 1.5317026759167491
333.548 1.9460859140859141
334.556 1.441827209533267
335.557 1.6399600399600398
336.567 1.4194693069306932
337.577 0.8885227722772278
338.597 0.5869725490196078
339.617 0.7939764705882353
344.117 0.019455999999999998
345.137 4.385058823529412
346.138 1.9351528471528474
347.147 2.1692765113974235
348.157 1.6965465346534654
349.357 1.7177466666666665
350.358 2.2303456543456543
351.366 2.0590873015873017
352.376 1.3977980198019802
353.386 0.7971247524752475
354.396 1.4628118811881188
355.416 1.0979862610402356
356.436 0.7296
357.446 1.018550495049505
358.456 0.6285465346534653
359.466 0.8560158415841584
360.617 0.885384347826087
361.647 0.5206368932038835
362.656 0.42300891972249755
363.666 0.9653280475718532
364.668 1.554730538922156
365.676 2.122603174603175
366.797 2.100181980374665
368.006 1.8535980148883375
369.076 1.8185046728971963
370.077 1.6399600399600398
371.096 1.3031277013752456
372.097 0.7215824175824177
373.106 0.5995163528245788
374.117 0.5087715133531158
375.127 0.3250693069306931
376.146 0.42959764474975465
377.156 0.9318653465346535
378.167 0.7270425321463897
379.176 0.9978671952428146
380.186 1.0333623762376236
381.196 0.8018376237623762
382.206 0.4334257425742574
383.226 0.4184470588235294
384.306 0.4289925925925926
385.326 0.5686588235294118
386.327 0.4373226773226774
387.356 0.48923615160349854
388.366 0.5851247524752475
389.386 0.43990588235294115
390.397 0.3018160237388724
391.406 0.40131615460852327
392.426 0.5257411764705883
393.476 0.21888
394.516 0.2209846153846154
395.527 0.292272997032641
396.556 0.2552536443148688
397.576 0.2575058823529412
398.586 0.3575762376237624
399.805 0.3241148482362592
400.816 0.5953709198813056
401.826 0.9318653465346535
402.846 0.8583529411764705
403.857 0.6701008902077151
404.876 0.6658763493621198
405.896 0.633035294117647
406.926 0.5636851311953353
407.936 0.3792475247524753
408.965 0.24461807580174927
410.176 0.200971098265896
411.186 0.28172673267326737
412.195 0.3579306243805748
413.196 0.36079120879120885
414.225 0.28716034985422734
415.255 0.4143844660194175
416.266 0.33557270029673586
417.276 0.41175445544554456
418.336 0.40265660377358486
419.366 0.36125825242718446
420.376 0.25677623762376234
421.395 0.4403375858684985
422.397 0.6778501498501498
423.415 0.827787819253438
425.02 0.08166479750778817
426.025 1.387860696517413
427.045 0.3433411764705882
428.046 0.3826573426573427
429.055 0.7592467789890981
430.065 0.7368237623762376
431.075 0.7043168316831683
432.106 0.2813501454898157
433.146 0.3475957651588066
434.168 0.29983561643835616
435.175 0.2934339622641509
436.195 0.4077176470588235
437.215 0.27896470588235295
438.245 0.27652478134110786
447.531 0.009428386818867112
448.551 0.10729411764705882
449.591 0.10523076923076922
450.661 0.10228037383177571
451.681 0.09656470588235294
452.721 0.10523076923076922
453.811 0.11044403669724771
454.821 0.10835643564356436
455.831 0.09752079207920791
456.881 0.08338285714285715
458.131 0.07004160000000001
459.211 0.04053333333333333
473.46 0.0046083233911151655
474.62 0.44475862068965516
475.64 0.5472
476.65 0.39008316831683165
477.66 0.3142336633663367
478.689 0.4466938775510204
479.719 0.32938252427184467
481.589 0.08778609625668449
491.369 0.006714110429447853
492.389 0.20385882352941176
493.409 0.3433411764705882
494.489 0.21280000000000002
495.549 0.21681509433962265
496.569 0.2896941176470588
497.629 0.19616603773584904
498.749 0.12702857142857144
502.96 0.031126098313939685
506.369 0.21523004694835682
507.449 0.08106666666666666
508.489 0.14732307692307692
509.759 0.07755590551181102
522.435 0.0017267276743452194
523.446 0.6061958456973293
524.505 0.5445892351274787
525.525 0.32188235294117645
526.605 0.22293333333333334
527.635 0.13812815533980582
528.695 0.11356981132075473
529.984 0.11886423584173779
531.044 0.19616603773584904
532.074 0.27625631067961165
533.084 0.2167128712871287
534.094 0.2708910891089109
535.135 0.283850144092219
536.145 0.1842059405940594
537.497 0.00809467455621302
538.525 0.2448560311284047
539.535 0.3142336633663367
540.555 0.4077176470588235
541.565 0.5851247524752475
542.585 0.42917647058823527
543.594 0.32571428571428573
545.355 0.08079045996592846
546.394 0.3897285851780558
547.395 0.22959440559440558
548.434 0.23493358999037536
549.734 0.21046153846153845
550.775 0.9251412103746398
551.805 0.1700038834951456
552.844 0.35812897016361883
553.854 0.34674059405940594
554.865 0.5520712166172106
555.885 0.33261176470588233
557.606 0.20349099360836723
558.634 0.2555019455252918
559.674 0.3841
560.694 0.5150117647058824
561.717 0.3102404692082112
562.725 0.38
563.765 0.2315076923076923
564.814 0.22974045801526716
565.824 1.2782574257425743
566.914 1.3060844036697248
567.915 1.8258221778221777
569.064 1.3498416013925152
570.074 1.3436198019801981
571.094 0.6223058823529412
572.134 0.1999384615384615
573.145 0.2597982195845697
574.185 0.3683076923076923
575.194 0.3036987115956392
576.214 0.39698823529411764
577.234 0.22651764705882355
578.264 0.3400077669902912
579.284 0.19312941176470588
580.305 0.12862683643486778
581.334 0.1914402332361516
582.374 0.18941538461538462
583.384 0.24921980198019802
584.404 0.3004235294117647
585.424 0.36515799803729143
586.444 0.42917647058823527
593.735 0.05253600329172953
594.895 0.02830344827586207
596.055 0.02830344827586207
597.375 0.01658181818181818
598.575 0.01824
599.755 0.01854915254237288
600.895 0.0192
602.075 0.01854915254237288
603.375 0.01683692307692308
604.555 0.01854915254237288
605.695 0.0192
606.855 0.018868965517241376
607.934 0.03042817423540315
609.254 0.03316363636363636
610.315 0.030944392082940624
611.636 0.024853898561695686
612.855 0.017955701394585726
614.055 0.01824
653.058 0.00028059380047688637
654.465 0.015567567567567569
672.65 0.0027869122903491886
673.651 1.465030969030969
674.711 2.0323924528301887
675.721 2.058772277227723
676.735 1.718974358974359
677.741 1.9690497017892643
678.79 1.6874585319351765
679.791 2.5255384615384613
680.792 1.9697182817182817
681.871 1.9431696014828543
682.891 2.3175529411764706
683.892 2.181506493506493
684.901 2.128784935579782
685.903 1.988934131736527
686.91 2.369207547169811
687.911 2.012203796203796
688.92 1.514005946481665
689.921 2.0663496503496503
690.93 1.5438017839444993
691.931 1.7820899100899101
693.09 0.5752815198618307
694.091 2.4052747252747255
695.092 1.5291508491508492
696.101 1.4926699702675916
697.19 1.7679118457300276
698.191 2.0335504495504497
699.2 1.5354529236868186
700.21 1.9384871287128713
701.23 2.457035294117647
702.231 1.673118881118881
703.24 1.0412527254707633
704.241 0.4263896103896104
705.272 0.5013540252182347
706.29 0.3313555992141454
721.455 0.012989910979228487
722.475 0.09656470588235294
723.515 0.10523076923076922
724.555 0.10523076923076922
725.585 0.10625242718446601
726.595 0.10835643564356436
727.645 0.11465142857142857
728.735 0.11044403669724771
729.845 0.10845405405405406
730.885 0.10523076923076922
731.935 0.10422857142857143
733.035 0.10944
734.125 0.11044403669724771
735.135 0.10835643564356436
736.165 0.10625242718446601
737.215 0.10422857142857143
738.225 0.10835643564356436
739.275 0.10422857142857143
740.305 0.10625242718446601
741.374 0.10237605238540692
742.465 0.11034280476626948
743.485 0.10729411764705882
744.486 0.3749210789210789
745.497 1.1799169139465875
746.606 1.1242921550946798
747.614 1.585142857142857
748.615 1.2935064935064935
749.625 1.8854019801980197
750.626 2.339676323676324
751.635 2.5462438057482655
752.636 2.8968471528471524
759.281 0.24513184828416615
760.283 1.2888143712574849
761.291 2.8058492063492064
762.422 2.7557771883289126
763.441 2.642025515210991
764.442 1.7962757242757244
765.532 1.7632366972477065
766.542 1.961251485148515
767.552 1.3446970297029703
768.721 1.5197467921300256
769.722 2.131948051948052
770.801 1.533301204819277
771.802 1.8367552447552447
772.961 1.190253666954271
773.971 1.571168316831683
775.071 1.6066327272727274
776.081 0.9752079207920793
777.111 0.2868815533980582
778.141 0.2868815533980582
779.171 0.6906407766990291
780.191 0.6544941176470588
781.221 0.3828349514563107
794.201 0.021078582434514638
795.361 0.02830344827586207
796.681 0.03316363636363636
797.851 0.03741538461538462
799.958 0.03116468913146654
801.041 0.04042105263157894
802.201 0.03773793103448275
803.481 0.0342
804.681 0.03648
805.921 0.035303225806451614
807.121 0.03648
808.521 0.03126857142857142
809.588 0.030770384254920333
810.908 0.049745454545454544
812.008 0.05969454545454546
813.328 0.04145454545454546
814.628 0.025255384615384614
815.668 0.021046153846153846
816.908 0.02647741935483871
817.948 0.021046153846153846
830.183 0.0008944830404577033
831.263 0.06079999999999999
832.362 0.0796651501364877
833.423 0.13409236569274272
834.503 0.0912
835.8 0.09281727062451813
836.921 0.09762711864406778
838.123 0.09104825291181365
839.124 0.10933066933066934
840.223 0.13941401273885348
841.643 0.011898591549295774
842.7 0.0931844843897824
843.701 0.15306293706293708
845.003 0.10086635944700462
846.082 0.13185542168674697
847.104 0.10708414872798434
848.263 0.13219672131147542
849.281 0.13975638506876228
850.283 0.13106586826347305
851.302 0.1288792934249264
852.403 0.09940054495912806
853.5 0.12969188696444847
854.664 0.09402061855670105
855.744 0.14186666666666667
856.782 0.10543352601156068
858.12 0.08179372197309416
859.2 0.152
860.262 0.09274576271186441
861.35 0.10058823529411764
871.171 0.013346095102331737
872.263 0.3412942254812099
873.349 0.04030939226519337
874.438 0.021649219467401285
875.441 0.0982013958125623
876.641 0.12768
877.678 0.1371957569913211
878.68 0.15291017964071857
879.681 0.18586213786213787
880.78 0.11949772520473158
881.801 0.06431341821743389
882.82 0.13961923454367028
884.26 0.0684
885.502 0.017623188405797102
886.66 0.05670466321243524
887.681 0.07503232125367287
888.741 0.051622641509433964
889.858 0.058786034019695614
899.303 0.0011587083112758073
911.538 0.0026834491213731096
912.658 0.6980285714285716
913.659 1.7383576423576423
914.66 1.9106573426573428
915.668 2.224793650793651
916.679 2.1051711177052423
917.688 2.3630287413280477
918.689 1.7994165834165834
919.698 1.806818632309217
920.77 1.9907462686567166
921.778 2.2516349206349204
922.788 2.102645544554455
923.798 2.1473980198019804
924.958 2.1048068965517244
925.963 1.6769910447761196
927.139 1.3888571428571428
928.14 1.8476883116883116
929.268 2.0370000000000004
930.278 2.546376237623762
931.279 1.9100739260739261
932.288 2.0391199207135777
933.289 1.9211668331668332
934.298 1.4534152626362735
935.318 1.2016941176470588
936.722 0.09335612535612536
937.728 2.470695825049702
938.73 1.4526467065868265
939.738 1.3017698412698413
940.739 1.629026973026973
941.748 1.478438057482656
942.757 1.6486501486620417
943.758 1.0659500499500498
944.76 0.9611497005988024
945.767 1.0609731876861965
946.778 0.3680474777448071
947.788 0.6826455445544554
948.798 0.845180198019802
949.803 1.041902487562189
950.838 0.9525725338491297
951.848 0.8343445544554455
952.868 0.9445019607843137
953.878 1.018550495049505
954.887 0.9544816650148662
956.187 1.125775571002979
957.207 1.0514823529411765
958.218 0.5520712166172106
959.287 0.8199663236669785
960.307 1.3840941176470587
961.317 0.9860435643564357
962.327 0.7801663366336633
963.397 0.22266168224299066
964.407 0.20587722772277228
965.417 0.6393029702970296
966.419 0.4041197604790419
967.437 0.9352927308447938
968.457 0.32188235294117645
969.467 0.48760396039603965
970.478 1.1027893175074184
971.487 1.5618790882061446
972.488 1.118833166833167
973.497 1.7679603567889
974.507 1.011279207920792
975.517 1.0727287128712872
976.567 1.026682634730539
977.568 1.053962037962038
978.587 1.052514229636899
979.597 0.7900118811881187
980.598 1.2791688311688312
981.607 1.3667222222222222
982.608 1.465030969030969
983.617 1.3624816650148661
984.627 1.0944
985.643 0.8186456692913385
986.647 0.7848286852589642
987.657 0.3160316831683168
988.658 0.5357202797202797
989.677 0.42959764474975465
990.687 0.26005544554455445
991.688 0.7871808191808192
992.697 1.0106719524281467
993.707 0.8235089108910891
994.727 0.38625882352941177
995.737 1.0727287128712872
996.757 0.912086274509804
997.767 0.8018376237623762
998.797 0.43563495145631065
999.807 0.2167128712871287
1000.846 0.27386333012512026
1001.947 0.5435785649409628
1002.957 0.5965510406342913
1003.977 1.008564705882353
1004.997 1.1158588235294118
1005.999 0.5024191616766467
1007.046 0.31358166189111747
1008.047 0.5365674325674326
1009.057 0.574289108910891
1010.067 0.7259881188118812
1011.107 0.7681846153846155
1012.147 0.2525538461538462
1013.186 0.18959769008662175
1014.247 0.22692554194156456
1015.417 0.08418461538461539
1016.427 0.08626534653465345
1017.647 0.3049967213114754
1018.657 0.8018376237623762
1019.667 0.49843960396039605
1020.696 0.5636851311953353
1021.727 0.19106886517943744
1022.847 0.048857142857142856
1023.866 0.6235284872298624
1024.867 0.7543816183816184
1025.887 0.3433411764705882
1027.076 0.2334398654331371
1028.086 0.22754851485148514
1029.138 0.2394976213130352
1030.587 0.0906335403726708
1031.607 0.09656470588235294
1043.855 0.01340300457217505
1044.863 0.10857142857142857
1045.95 0.11074885004599816
1046.993 0.1154209012464046
1048.063 0.11250841121495327
1049.083 0.10729411764705882
1050.093 0.1191920792079208
1051.183 0.12048440366972477
1052.193 0.10835643564356436
1053.262 0.11261365762394762
1054.302 0.11575384615384615
1055.353 0.11454234062797336
1063.299 0.0013772967530833124
1064.45 0.8383388357949609
1065.451 1.49217982017982
1066.452 2.23621978021978
1067.64 1.7645858585858587
1068.7 2.049011320754717
1069.84 1.6074877192982457
1070.861 1.7272477962781585
1071.88 1.4915564278704614
1072.889 1.8735540138751239
1073.891 1.660878243512974
1074.899 2.8088809523809526
1075.9 2.0126993006993006
1076.901 2.8535384615384616
1077.902 3.71363036963037
1078.903 4.10396003996004
1079.904 1.9162757242757242
1080.909 2.9079004975124376
1081.92 2.5821879327398616
1082.939 2.7470618253189403
1083.94 3.3660819180819184
1084.941 2.4490069930069933
1085.95 2.7082418235877106
1086.969 1.7148263002944064
1088.154 2.067699578059072
1089.27 2.8199139784946237
1090.271 2.5474045954045956
1091.279 2.151492063492064
1092.29 2.9227299703264094
1093.3 3.105283168316831
1094.301 2.9496503496503497
1095.309 3.304777777777778
1096.319 2.612340594059406
1097.32 3.2805434565434566
1098.321 3.966729270729271
1099.329 4.032920634920635
1100.33 3.3957402597402595
1101.332 3.756878243512974
1102.339 3.4750377733598414
1103.341 3.6590658682634727
1104.342 3.341538461538461
1105.346 3.661729083665339
1106.35 4.265131474103586
1107.354 3.5293479561316055
1108.649 2.3787490347490348
1109.65 4.984407592407592
1110.759 3.20390261496844
1111.76 4.476043956043957
1112.81 3.3246399999999996
1113.811 4.042541458541458
1114.969 3.591896373056995
1115.97 3.9512727272727277
1116.971 4.113894105894106
1118.159 3.1753866891322664
1119.161 3.6321996007984034
1120.17 3.038644202180376
1121.187 3.1151465093412
1122.19 1.7735832502492521
1123.192 3.6568383233532935
1124.194 3.4721117764471057
1125.195 3.929982017982018
1126.359 3.6239175257731957
1127.377 4.298797642436149
1128.379 4.7875608782435135
1129.38 3.9546933066933065
1130.397 4.268310717797443
1131.399 3.832814371257485
1132.4 3.0725514485514487
1133.417 3.0729360865290065
1134.419 3.437924151696607
1135.449 3.23224854368932
1136.45 4.621242757242757
1137.451 3.4535464535464535
1138.518 2.939223992502343
1139.519 3.5626613386613384
1140.52 3.3926553446553447
1141.521 4.092875124875125
1142.53 3.991540138751239
1143.531 3.4279960039960042
1144.539 2.993468253968254
1145.54 4.051364635364635
1146.541 3.339076923076923
1147.558 4.1927551622418875
1148.598 0.684
1149.628 0.0637514563106796
1150.648 0.0643764705882353
1151.689 0.27890874159462054
1152.69 2.7393006993006996
1153.691 4.0854425574425575
1154.809 3.1691305903398925
1155.879 3.001981308411215
1156.881 2.5885508982035925
1158.438 1.4004829800899166
1159.458 2.189550539744848
1160.459 2.645802197802198
1161.468 1.9328999008919723
1162.479 2.7174995054401583
1163.488 3.716765113974232
1164.498 3.0901069306930693
1165.499 2.5802037962037963
1166.578 2.20540500463392
1167.588 3.0231445544554454
1168.589 1.607976023976024
1169.59 2.5474045954045956
1170.598 1.8018571428571428
1171.599 2.886329670329671
1172.6 2.277090909090909
1173.608 2.9833174603174606
1174.698 1.5343633027522934
1175.699 2.1428811188811188
1176.7 1.404171828171828
1177.701 2.306877122877123
1178.708 2.2082303872889772
1179.709 2.264015984015984
1180.728 2.1584125736738704
1181.729 2.682941058941059
1182.73 3.84441958041958
1183.731 3.6405354645354646
1184.778 2.6918586437440304
1185.78 3.8917162837162835
1186.781 4.356595404595406
1187.782 4.668283716283716
1188.788 4.070592445328032
1189.819 3.1131639185257027
1190.827 2.727849056603773
1191.828 2.969742257742258
1192.829 3.348899100899101
1193.849 2.1167372549019605
1194.85 3.2887112887112884
1195.858 3.848595829195631
1196.859 4.235300699300699
1197.869 3.2238970297029703
1198.878 3.0355996035678894
1199.879 4.1932307692307695
1200.881 4.576031968031968
1201.889 4.292420634920635
1202.89 4.525938061938062
1204.068 3.90553480475382
1205.069 4.249398601398601
1206.071 3.891836163836164
1207.238 3.6065604113110536
1208.239 4.410997002997003
1209.24 4.291420579420579
1210.248 3.9366984126984126
1211.259 3.3590741839762615
1212.269 4.0585267326732675
1213.289 3.583796078431373
1214.29 4.381330669330669
1215.291 3.4846673326673328
1216.292 4.6203316683316675
1217.294 3.5061636726546905
1218.298 4.2236812749003985
1219.299 3.1426093906093904
1220.3 3.8589250749250747
1221.318 3.288558505408063
1222.319 4.539212787212788
1223.329 4.279192079207921
1224.399 3.7446803738317755
1225.4 4.5640359640359645
1226.401 4.24437962037962
1227.419 3.535347740667976
1228.42 4.613922077922078
1229.428 3.1812512413108243
1230.537 3.9075924256086565
1231.698 3.5929371231696816
1232.858 3.7879862068965515
1233.859 4.427668331668332
1234.86 4.134809190809191
1235.868 3.1408253968253965
1236.869 4.10941058941059
1237.87 3.498949050949051
1239.02 3.68592
1240.022 4.019756243756244
1241.028 4.523538767395626
1242.038 3.72119603960396
1243.048 3.5613861386138614
1244.058 4.5329821782178215
1245.06 4.580515484515485
1246.068 1.7791507936507938
1247.078 3.5104475247524753
1248.218 4.071277192982456
1249.219 4.77373026973027
1250.22 4.525746253746254
1251.222 3.622674650698603
1252.224 4.450251497005988
1253.228 3.8961035856573702
1254.229 3.5614625374625377
1255.257 3.2150972762645917
1256.258 3.1203596403596405
1257.265 3.815030784508441
1258.267 3.7937742257742255
1259.268 3.3686713286713292
1260.278 4.65339405940594
1261.279 4.31617982017982
1262.28 3.982145854145854
1263.287 3.10716186693148
1264.288 2.6705134865134865
1265.407 3.4172307692307693
1266.408 3.0065934065934066
1267.41 2.512734530938124
1268.418 4.056809523809524
1269.419 3.206817182817183
1270.42 3.687064935064935
1271.421 3.701106893106893
1272.437 3.582275590551181
1273.579 0.21083012259194395
1274.597 6.146161100196464
1275.667 2.1127925233644858
1276.668 2.8753966033966036
1277.679 2.880807121661721
1278.68 3.7767672327672326
1279.737 3.174894985808893
1280.738 3.597234765234765
1281.887 3.663261966927763
1282.888 3.645986013986014
1283.897 2.8405232903865216
1284.907 2.698590099009901
1285.908 2.4371228771228775
1286.909 3.644091908091908
1287.918 4.285645193260654
1288.919 3.656423576423576
1289.92 4.068395604395604
1290.927 2.60909632571996
1291.928 2.130405594405594
1292.937 2.245201189296333
1293.947 2.768578217821782
1294.948 2.3310049950049954
1295.957 3.751548067393459
1296.967 3.414423762376238
1297.968 3.1477242757242756
1299.056 2.183897058823529
1300.058 2.337341317365269
1301.059 1.3646913086913088
1302.066 1.8040754716981133
1303.067 1.9351528471528474
1304.068 2.8485034965034965
1305.076 2.1062857142857143
1307.897 0.04932151719248493
1308.916 6.123666339548577
1309.917 3.084475524475524
1310.927 2.821251485148515
1311.928 3.771908091908092
1312.946 1.6460510805500983
1313.956 1.8555881188118812
1314.957 1.9753206793206792
1315.958 2.6277162837162837
1316.967 2.8959841427155597
1317.977 1.7869861386138615
1318.979 1.978885114885115
1319.986 1.667392254220457
1320.987 2.0882157842157842
1322.956 0.11672117826307771
1323.957 0.9293106893106893
1324.966 1.1605629335976215
1325.967 1.0495744255744255
1326.976 0.9589058473736372
1327.996 1.4484705882352942
1329.006 1.2569346534653467
1330.007 1.2901018981018981
1331.016 1.605264618434093
1332.027 0.9829080118694362
1333.036 1.778806739345887
1334.037 1.7602237762237762
1337.916 0.14338953338489302
1338.917 6.2977022977022985
1339.927 2.733243564356436
1340.977 2.7282590476190474
1341.986 1.7571139742319128
1342.996 1.1919207920792079
1343.997 1.3953566433566436
1344.998 2.267948051948052
1346.006 2.812
1347.016 1.9985900990099013
1348.017 2.121966033966034
1349.018 2.1857022977022975
1350.026 1.5414126984126983
1351.036 2.0454732673267326
1352.046 2.286463366336634
1353.066 2.016298039215686
1354.076 1.894788118811881
1355.077 1.6237682317682318
1356.078 1.801062937062937
1357.085 1.6057279046673285
1358.086 1.609966033966034
1359.095 1.2473339940535184
1360.096 1.4035484515484515
1361.097 1.2624575424575424
1362.098 1.7820899100899101
1363.106 1.7449761904761905
1364.117 1.5798615232443125
1365.125 1.4657142857142857
1366.126 1.6702817182817182
1367.235 1.7425644724977458
1368.236 2.154517482517483
1369.275 2.091272377285852
1370.276 2.072287712287712
1371.286 2.132308910891089
1372.296 2.0553425742574256
1373.297 1.4212987012987013
1374.445 0.8471080139372822
1375.446 1.4978301698301697
1376.447 2.3164995004995004
1377.456 2.5814390485629337
1378.465 1.8463587710604559
1379.476 1.8077626112759644
1380.486 1.3914613861386138
1381.737 1.5962014388489207
1382.746 1.7679603567889
1383.755 2.1150445986124877
1384.756 1.6182137862137862
1385.757 2.252211788211788
1386.765 2.5948571428571428
1387.766 2.0346693306693306
1388.767 3.0065934065934066
1389.776 2.1318216055500496
1390.777 2.7879320679320685
1391.786 2.0630406342913776
1392.795 1.5513174603174604
1393.796 1.0197002997003
1394.797 1.7711568431568432
1395.805 1.6317936507936508
1396.816 1.456371909000989
1397.826 2.1041982160555
1398.835 1.4514727452923688
1399.846 1.7861127596439168
1400.856 1.7406178217821782
1401.865 2.1508899900891967
1402.867 1.8576463536463537
1403.925 1.4445444234404539
1405.106 0.6579373412362405
1406.115 2.169554013875124
1407.146 2.1383899127061103
1408.147 1.618093906093906
1409.155 2.323428571428572
1410.156 2.519040959040959
1411.038 2.8322724177071508
