0.0 1.526314540059347
1.001 1.585294705294705
2.009 1.3073650793650793
3.019 1.3327841584158417
4.029 1.120570297029703
5.039 1.3002772277227723
6.049 1.3652910891089107
7.064 1.2444374384236452
8.069 1.5463164179104478
9.07 1.3383736263736266
10.081 1.3098160237388725
11.089 1.2485714285714287
12.099 1.001378217821782
13.1 1.1917042957042958
14.179 1.018483781278962
15.189 1.1269069306930695
16.209 1.190964705882353
17.219 0.9580356435643564
18.229 0.9752079207920793
19.239 0.8018376237623762
20.249 0.8668514851485148
21.259 0.7088158415841583
22.28 0.7181665034280117
23.289 0.5857046580773043
24.309 0.4828235294117647
25.319 0.4767683168316832
26.322 0.41462811565304086
27.68 0.30152577319587626
28.689 0.29285232903865216
29.699 0.3792475247524753
30.739 0.35778461538461537
31.769 0.3493281553398058
32.808 0.4436881616939365
33.828 0.39698823529411764
34.859 0.33967798254122206
35.878 0.483297350343474
36.889 0.4158338278931751
37.898 0.5965510406342913
38.918 0.43990588235294115
39.949 0.4776721629485936
40.978 0.4573294460641399
41.988 0.3684118811881188
42.998 0.39008316831683165
44.009 0.3184174085064293
45.038 0.49987172011661807
46.058 0.450635294117647
47.059 0.3935904095904096
48.278 0.30524692370795736
49.281 0.6219421734795614
50.298 0.3228318584070797
51.328 0.4678834951456311
52.329 0.4852107892107892
53.358 0.5424139941690962
67.142 0.01746720835751596
68.143 0.6559840159840159
69.163 1.1158588235294118
70.182 0.981793915603533
71.183 1.301034965034965
72.193 1.1855841584158415
73.205 1.2773412462908011
74.213 1.14
75.217 0.13054980079681275
76.222 1.3333014925373132
77.252 0.4143844660194175
78.272 0.5150117647058824
79.273 0.5794525474525475
80.282 0.6833221010901883
81.292 0.45959603960396034
82.312 0.5686588235294118
83.332 0.3433411764705882
84.342 0.24921980198019802
85.372 0.27625631067961165
86.392 0.2896941176470588
87.393 0.26239360639360637
88.402 0.27115956392467794
89.422 0.27896470588235295
90.432 0.28172673267326737
91.442 0.26005544554455445
92.452 0.10201980198019803
93.563 0.029551755175517554
97.262 0.005917274939172749
98.274 0.075699604743083
99.312 0.2424971098265896
100.322 0.3250693069306931
101.362 0.4735384615384616
102.363 0.7871808191808192
103.372 0.8026323092170465
104.382 0.600459405940594
105.422 0.34726153846153845
106.432 0.2167128712871287
107.502 0.16364859813084112
108.512 0.15169900990099008
109.522 0.10835643564356436
135.395 0.0021149460827890078
136.405 0.6934811881188119
137.415 0.9643722772277228
138.416 0.7479880119880119
139.435 0.986755642787046
140.436 1.2367792207792208
141.445 1.2843766105054508
142.446 1.5087632367632369
143.455 1.4036868186323093
144.456 1.6399600399600398
145.465 1.5121506442021801
146.475 1.6361821782178216
147.485 1.4998178217821783
148.495 1.9395801980198022
149.505 1.7382019801980197
150.506 2.186613386613386
151.507 2.169286713286713
152.508 2.366081918081918
153.555 1.5679083094555875
154.565 2.1499564356435643
155.566 1.9023536463536466
156.575 1.9134667988107037
157.595 1.8499137254901963
158.605 1.3652910891089107
159.606 1.2573026973026973
160.625 1.1428930323846909
161.626 1.618093906093906
162.635 0.828828543111992
163.645 0.8018376237623762
164.655 0.8776871287128714
165.695 1.4460307692307692
166.705 2.0154297029702968
167.715 1.6731881188118813
168.725 2.03710099009901
169.726 1.4695704295704295
170.735 1.5401863230921704
171.755 0.7617882352941177
172.775 0.7447843137254903
173.785 1.170249504950495
174.786 1.4431648351648354
175.795 1.848388503468781
176.796 2.18021978021978
177.815 1.428412168792934
178.885 1.1088747663551402
179.895 1.3111128712871287
180.916 0.6538530852105778
181.945 0.4254227405247813
182.956 0.6494955489614244
183.966 1.4022970297029704
184.977 1.1799169139465875
185.985 1.513650793650794
187.005 1.9312941176470588
188.006 1.7538301698301697
189.035 2.1102585034013606
190.045 1.8854019801980197
191.046 1.6335664335664335
192.055 1.507647175421209
193.056 1.742897102897103
194.064 1.0205714285714287
195.094 0.4993864077669903
196.095 0.6559840159840159
197.135 0.7830769230769231
198.136 1.7164915084915087
199.146 1.3327841584158417
200.155 1.1325272547076313
201.325 2.0149606837606835
202.335 2.03710099009901
203.336 2.2130189810189806
204.345 2.212662041625372
205.346 2.0162237762237765
206.347 1.9615584415584417
207.355 2.0085714285714285
208.374 1.3576918547595682
209.375 1.4978301698301697
210.384 1.6314687809712587
211.394 1.7337029702970297
212.404 1.7382019801980197
213.405 1.6946253746253748
214.406 1.4477042957042956
215.415 1.9523488602576808
216.426 1.8555568743818003
217.427 2.28955044955045
218.435 2.486285714285714
219.436 2.256751248751249
220.445 2.0110842418235877
221.446 2.055416583416583
222.447 2.28955044955045
223.454 1.8303237338629592
224.455 1.5306293706293708
225.456 1.465030969030969
226.465 1.859234886025768
227.474 1.106331020812686
228.475 1.239976023976024
229.485 1.9287445544554456
230.504 1.1106732090284592
231.524 0.8905411764705882
232.525 1.005842157842158
233.526 1.2837082917082916
234.535 2.4078969276511395
235.536 2.3114165834165834
236.546 2.6375603960396035
237.554 2.534222222222222
238.555 2.803404595404596
239.565 2.817267326732673
240.566 2.4863456543456546
241.574 2.0347936507936506
242.584 2.1282851485148515
243.594 1.8095524752475247
244.595 1.005842157842158
245.604 1.208451932606541
246.605 1.793022977022977
247.607 2.101588822355289
248.614 1.8547527308838132
249.615 1.2873926073926074
250.625 1.1377425742574259
251.634 1.5013042616451933
252.704 2.4385196261682247
253.705 2.438073926073926
254.714 2.3581684836471757
255.715 2.8362037962037965
256.717 2.5821636726546906
257.774 2.7066490066225164
258.775 3.1815224775224773
259.777 2.8661397205588823
260.784 2.8084369414101293
261.787 2.754169491525424
262.789 2.877061876247505
263.794 2.7486885572139306
264.854 2.2343849056603773
265.855 2.5802037962037963
266.856 2.8252707292707293
267.864 2.1867936507936507
268.884 1.4484705882352942
269.894 0.9905425742574258
270.924 1.2856543689320388
271.925 1.650893106893107
272.926 2.3223496503496506
273.945 2.6250049067713443
274.955 1.7490376237623761
275.971 2.2512755905511814
276.975 2.675123505976096
277.976 2.6066013986013985
278.984 2.838222222222222
279.985 2.5847432567432564
280.994 2.9827552031714566
281.995 2.879936063936064
282.996 2.770605394605395
284.004 2.849079365079365
285.015 2.851450049455984
286.024 2.9004876114965317
287.025 2.9127352647352645
288.026 2.748739260739261
289.094 2.904209737827715
290.095 3.0065934065934066
291.104 2.6618671952428152
292.105 2.639408591408591
293.106 2.562877122877123
294.114 2.052
295.124 1.3264475247524752
296.125 2.055416583416583
297.134 1.81584935579782
298.145 1.8772067260138476
299.154 2.1692765113974235
300.175 1.5586914789422135
301.184 2.0282735381565904
302.185 2.28955044955045
303.186 2.4644795204795207
304.194 2.479936507936508
305.195 2.4708731268731268
306.204 2.021930624380575
307.214 2.0307643564356437
308.225 2.57633234421365
309.226 2.5410109890109887
310.234 2.5125079365079364
311.244 2.940807920792079
312.324 1.879014814814815
313.325 2.012323676323676
314.334 1.9887571853320118
315.335 1.967952047952048
316.344 2.0978553022794846
317.345 1.5524955044955044
318.424 1.2213382761816498
319.433 0.1301565906838454
320.443 0.7368237623762376
321.484 1.2133563880883766
322.625 1.7894476570289133
323.626 2.027156843156843
324.634 1.6285714285714286
325.644 1.4781465346534652
326.653 1.6703429137760157
327.654 1.6444995004995007
328.655 1.814889110889111
329.656 1.8194285714285712
330.673 1.9262300884955754
331.675 1.7193133732534929
332.683 1.661142857142857
333.714 1.0234413191076626
334.724 1.614510891089109
335.744 1.2276078431372548
336.745 1.8039560439560438
337.753 1.4485079365079367
338.845 0.8518681318681318
339.853 1.7045714285714288
340.854 1.5679680319680318
341.855 1.7820899100899101
342.864 1.002370664023786
343.874 0.9968792079207921
344.893 1.2350932286555447
345.903 1.2505980198019804
346.904 1.2463696303696303
347.905 1.546101898101898
348.913 1.8348571428571427
349.924 0.9029634025717113
350.933 1.2039484638255697
351.934 1.322901098901099
352.944 1.023049504950495
353.974 1.0200233009708737
354.983 1.3341050545094153
355.994 1.2710108803165183
357.004 1.1269069306930695
358.005 1.3994325674325674
359.023 0.8967544204322201
360.033 0.9210297029702971
361.034 1.0714405594405594
362.053 1.1751128557409225
363.073 0.9441882352941178
364.083 1.0618930693069308
365.113 0.907557281553398
366.114 1.465030969030969
367.123 1.2907195242814669
368.145 0.8182857142857143
369.154 0.8677106045589693
370.171 0.9684955752212389
371.173 0.8673852295409182
372.193 0.7296
373.204 0.41134718100890205
374.213 0.6724757185332012
375.518 0.10043831417624521
376.523 1.7579940298507464
377.553 0.6906407766990291
378.573 0.5901176470588235
393.823 0.007894032786885247
394.853 0.19125436893203884
396.563 0.1856
397.583 0.39698823529411764
399.193 0.11838012422360247
400.203 0.22754851485148514
401.223 0.3433411764705882
402.233 0.29256237623762377
403.243 0.3250693069306931
404.253 0.39008316831683165
405.283 0.4568854368932039
406.363 0.17226666666666668
407.473 0.1971891891891892
408.493 0.33261176470588233
409.633 0.028800000000000003
410.663 0.4187961165048544
412.096 0.1909281228192603
413.103 0.9781132075471698
414.123 0.7188705882352942
415.153 0.43563495145631065
416.173 0.4935529411764706
417.203 0.32316893203883496
418.214 0.5087715133531158
419.243 0.5955918367346938
420.273 0.39313398058252425
421.303 0.37188349514563107
422.313 0.33590495049504954
423.317 0.45781673306772913
424.323 0.7769065606361829
425.333 1.2569346534653467
426.343 1.2569346534653467
427.344 1.0103816183816183
428.354 1.6795247524752477
429.363 1.674846382556987
430.373 1.5278257425742576
431.383 1.1530772277227723
432.393 1.2569346534653467
433.403 1.3544554455445545
434.404 1.239976023976024
435.413 1.5835718533201188
436.423 1.445639603960396
437.433 1.4628118811881188
438.434 1.6663656343656343
439.443 1.681189296333003
440.453 1.467310891089109
441.473 1.4806588235294118
442.483 1.0510574257425742
443.494 0.6431730959446093
444.495 0.8418461538461538
445.503 1.1725714285714286
446.606 0.11883227561196737
447.613 2.0717296222664014
448.635 1.359968688845401
449.643 1.1553650793650794
450.653 1.0077148514851484
451.654 1.0167752247752249
452.663 0.9698315163528245
453.673 1.2352633663366337
454.683 1.7228673267326733
455.703 1.6460549019607844
456.704 1.8740939060939061
457.713 2.212662041625372
458.723 1.987421782178218
459.793 2.0805383177570094
460.803 2.2754851485148517
461.805 1.7083912175648703
462.813 1.9325714285714286
463.823 1.9332435643564356
464.824 2.3004835164835162
465.843 2.652765456329735
466.844 2.377014985014985
467.853 2.238858275520317
468.943 1.931919266055046
469.953 2.0391199207135777
470.962 1.577228939544103
471.973 2.078385756676558
472.983 1.9549148514851487
473.993 1.690360396039604
475.003 0.7521584158415842
476.014 0.9742433234421364
477.032 0.709532416502947
478.033 0.9402437562437562
479.043 1.6515168316831683
480.123 1.7268740740740742
481.124 2.0335504495504497
482.142 1.6170373280943027
483.153 1.3531157270029674
484.322 1.2864602224123183
485.332 1.7553742574257427
486.342 1.4194693069306932
487.353 1.119461918892186
488.354 1.2026373626373628
489.383 0.6913119533527696
490.402 0.7884749754661432
491.414 0.7461818181818182
492.422 0.6188571428571429
493.442 0.7617882352941177
494.462 0.8306196078431373
495.483 0.6860097943192948
496.502 0.4403375858684985
497.532 0.4568854368932039
498.552 0.27896470588235295
499.573 0.15006464250734575
500.622 0.11476072449952336
501.672 0.21888
502.682 0.26005544554455445
503.922 0.30374193548387096
504.942 0.4077176470588235
505.992 0.2709942857142857
507.042 0.19803428571428572
508.052 0.1842059405940594
509.082 0.2975067961165049
510.102 0.4184470588235294
511.132 0.4143844660194175
512.142 0.4442613861386139
513.152 0.3250693069306931
514.222 0.22926355140186916
515.253 0.28660329776915616
516.282 0.28716034985422734
517.332 0.2501485714285714
521.462 0.05034769975786925
522.922 0.32232328767123286
523.932 0.33590495049504954
526.84 0.045072902338376894
528.232 0.9161063982746227
529.262 0.15937864077669903
530.512 0.2013696
531.542 0.27625631067961165
532.562 0.20385882352941176
533.613 0.18743292102759276
534.632 0.2678076545632974
535.653 0.354413320274241
536.662 0.5314727452923687
537.687 0.43776
538.722 0.5330859903381642
539.752 0.6268893203883494
540.772 0.3004235294117647
541.782 0.2383841584158416
542.822 0.21046153846153845
543.853 0.2335286129970902
544.912 0.2686912181303116
545.952 0.1262769230769231
546.953 0.8527792207792207
547.965 1.1291699604743084
548.972 1.6736603773584906
549.973 1.8303616383616386
550.982 1.778806739345887
551.983 1.4695704295704295
552.992 2.18012289395441
554.002 1.7056950495049503
555.012 1.5973386138613863
556.022 0.8668514851485148
557.032 0.6609742574257427
558.042 0.5634534653465347
559.073 0.6899709020368575
560.222 0.3944717145343777
561.262 0.37883076923076925
562.292 0.21250485436893202
563.302 0.33590495049504954
564.322 0.1716705882352941
565.328 0.641844930417495
566.332 0.5668207171314741
567.333 0.8855784215784216
568.342 1.1650664023785926
569.344 1.4198802395209582
570.352 1.253079365079365
571.362 1.3219485148514853
572.372 1.3544554455445545
573.382 1.0880633663366335
574.392 1.289441584158416
575.412 0.8949960784313725
576.421 1.0087135777998018
577.422 1.2245034965034967
578.423 1.1525114885114887
579.432 1.3774905847373637
580.433 1.6399600399600398
581.434 1.8303616383616386
582.442 1.7742222222222221
583.452 2.1779643564356435
584.453 1.742897102897103
585.454 1.4978301698301697
586.455 1.6663656343656343
587.462 2.293132075471698
588.463 1.6335664335664335
589.465 1.736622754491018
590.472 1.569493545183714
591.482 2.117449504950495
592.483 2.2740779220779226
593.492 1.8266957383548066
594.501 1.876424182358771
595.512 1.7689574678536102
596.513 1.8740939060939061
597.522 1.778806739345887
598.532 1.9224079207920792
599.533 1.8476883116883116
600.541 1.6005079365079367
601.542 0.4701218781218781
602.552 1.987421782178218
603.561 1.9198097125867197
604.572 1.9205064292779428
605.573 2.17568031968032
606.574 1.9506253746253746
607.581 2.0911539225422047
608.582 2.0007512487512487
609.601 1.1858527968596664
610.621 0.7725176470588235
612.024 0.21061154668567356
613.047 0.4386158357771261
614.051 0.5777211155378487
615.081 0.43563495145631065
616.141 0.3200603773584905
617.181 0.10959999999999999
618.191 0.3142336633663367
619.211 0.5579294117647059
620.221 0.5296158415841583
621.231 0.3372356435643564
622.251 0.3004235294117647
623.271 1.1846901960784315
624.281 1.5169900990099012
625.283 0.6116407185628743
626.321 0.6220578034682082
627.331 0.4009188118811881
628.341 0.38374653465346537
629.411 0.2761570093457944
630.412 0.6013186813186814
631.413 1.6727592407592409
632.421 1.8285079365079366
633.422 2.0818221778221777
634.423 2.591136863136863
635.431 2.2193650793650797
636.432 1.6772987012987013
637.438 1.9799284294234591
638.441 2.1976869391824527
639.442 2.011684315684316
640.624 0.781590524534687
641.631 1.0107169811320755
642.644 0.6806238894373149
643.671 0.7610204479065238
644.672 1.4978301698301697
645.681 0.8785569871159564
646.682 1.1634445554445554
647.701 2.341307163886163
648.703 1.6537804391217563
649.711 1.8457142857142859
650.712 1.7756963036963036
651.713 2.03808991008991
652.731 1.8705854616895876
653.732 1.6444995004995007
654.733 2.121014985014985
655.751 2.4770766208251476
656.752 2.6066093906093903
657.761 2.3906362735381568
658.772 2.478908011869436
659.773 2.0600279720279717
660.781 2.3930793650793656
661.831 2.464121904761905
662.833 2.621317365269461
663.841 2.0673650793650795
664.842 1.8522277722277722
665.85 1.7045714285714288
666.851 0.830913086913087
667.871 0.6911372549019608
668.872 1.6946253746253748
670.101 1.2859886086248982
671.111 1.6578534653465347
672.122 1.8447319485657765
673.131 1.9740416253716553
674.151 1.1632313725490198
675.161 1.5061544554455446
676.166 1.0236179104477614
677.171 1.0825870646766167
678.172 1.2791688311688312
679.2 0.7984435797665369
680.201 0.7807872127872127
681.209 1.6285714285714286
682.21 1.5023696303696303
683.221 1.5154896142433234
684.24 0.8914151128557409
685.241 0.8901178821178821
686.29 0.7094299332697808
687.291 0.4263896103896104
688.301 1.0835643564356436
689.311 1.3372831683168318
690.312 1.5306293706293708
691.381 1.2634761459307764
692.4 1.2995328753680078
693.411 0.8984688427299704
694.42 0.8785569871159564
695.44 0.9057254901960784
696.451 0.8984688427299704
697.46 0.5748582755203172
698.461 1.207176823176823
699.47 1.5293399405351833
700.471 1.721030969030969
701.48 1.9089633300297324
702.49 1.272269306930693
703.491 1.5962277722277722
704.501 1.24609900990099
705.502 1.7319640359640358
706.51 1.6828571428571428
707.511 1.5351688311688312
708.542 1.061493695441319
709.56 0.6235284872298624
710.57 0.600459405940594
711.58 1.0618930693069308
713.983 0.19583520599250936
714.99 0.6086037735849057
716.195 0.5668647302904565
717.211 0.872503937007874
718.212 0.983976023976024
719.243 0.8385800193986421
720.25 0.7870029791459783
721.26 0.9860435643564357
722.261 1.3119680319680318
723.262 1.6007672327672329
724.285 1.6688797653958944
725.29 1.6052855721393036
726.292 2.173508982035928
727.301 2.000237859266601
728.311 2.3016554455445544
729.32 1.9523488602576808
730.33 1.5756673267326733
731.34 1.0944
732.35 0.574289108910891
733.351 0.583992007992008
734.36 1.030406342913776
735.38 0.6115764705882353
736.39 0.8560158415841584
737.4 0.7629940594059406
738.43 0.9562718446601941
739.44 1.1052356435643564
740.46 1.2276078431372548
741.47 1.4194693069306932
742.48 0.7693306930693069
743.49 0.7476594059405941
744.5 0.5354455445544554
745.51 0.5417821782178218
746.53 0.6759529411764706
747.531 0.8418461538461538
748.54 1.1650664023785926
749.56 1.3411764705882354
750.57 0.8885227722772278
751.58 0.8496792079207921
752.59 1.0402217821782178
753.6 0.8885227722772278
754.61 1.0880712871287128
755.621 1.4288902077151338
756.741 1.5577142857142858
757.75 1.84388503468781
758.77 0.912
759.78 0.871350495049505
760.79 1.5061544554455446
761.8 0.9427009900990099
762.82 0.5409254901960784
763.84 1.0407529411764707
764.85 1.668689108910891
765.851 1.6554325674325674
766.89 1.9319499518768044
767.9 1.4303049504950496
768.91 1.5603326732673266
770.749 0.22859815116911364
771.76 0.1842059405940594
772.77 1.4628118811881188
773.779 1.0629454905847373
774.799 0.5731372549019608
775.809 1.2027564356435643
776.81 1.3775664335664335
777.82 1.3155881188118812
778.84 1.2016941176470588
779.841 0.9949090909090907
780.85 1.1325510406342914
781.859 1.2581803766105053
782.869 0.845180198019802
783.87 1.0650469530469533
784.88 1.4303049504950496
785.97 0.8877211009174312
787.01 0.8628923076923077
788.011 0.7762477522477522
789.02 0.8894033696729435
790.039 0.8743945044160943
791.04 1.2682357642357642
792.05 1.2135920792079207
793.059 1.002370664023786
794.069 0.7584950495049506
795.099 0.9350213592233009
796.112 1.0803553800592298
797.129 1.543299901671583
798.13 3.1423296703296706
799.14 2.605053465346535
800.149 2.499171456888008
801.151 2.5146053946053946
802.164 2.2084106614017767
803.17 1.7623538767395626
804.171 2.027156843156843
805.172 2.9674005994005994
806.18 3.0010793650793652
807.19 1.2786059405940593
808.199 1.02406342913776
809.209 2.03710099009901
810.22 1.6715331355093968
811.259 2.2268796920115497
812.269 2.058772277227723
813.289 1.2490666666666665
814.299 1.668689108910891
815.31 1.5091592482690404
816.329 1.7935701668302255
817.33 1.7100979020979021
818.349 1.525071638861629
819.359 1.289441584158416
820.361 0.8673852295409182
821.369 1.292
822.469 1.1383272727272726
823.479 1.2786059405940593
824.5 1.254111655239961
825.51 0.8171722772277228
826.519 0.9870208126858276
827.529 1.0618930693069308
828.53 1.6335664335664335
829.549 1.7506104023552505
830.559 1.467310891089109
831.56 1.5196963036963036
832.569 1.1822556987115957
833.579 0.9905425742574258
834.589 1.1377425742574259
835.591 1.544558882235529
836.619 1.5968871595330738
837.62 1.589834165834166
838.629 1.7245748265609513
839.63 2.7050069930069927
840.639 3.3994212091179383
841.64 3.2844595404595407
842.641 3.4375224775224775
843.642 3.207928071928072
844.649 3.2540218470705065
845.65 2.5300779220779224
846.659 1.9848880079286424
847.66 2.256751248751249
848.661 3.0985974025974024
849.662 1.7866293706293706
850.679 2.8669105211406096
851.68 2.951928071928072
852.689 2.5208642220019817
853.699 2.3558336633663366
854.7 3.1969950049950047
855.701 3.5905854145854144
856.702 2.6175424575424575
857.709 3.3409652432969215
858.71 3.2516603396603396
859.719 2.5859425173439052
860.72 2.3724755244755245
861.729 3.2692646184340934
862.73 3.109530469530469
863.749 2.753884200196271
864.759 2.6375603960396035
865.76 2.5191368631368634
866.761 2.5655944055944055
867.769 2.4401587301587297
868.77 2.4098141858141857
869.771 1.9287592407592409
870.779 2.4428571428571426
871.78 2.4863456543456546
872.781 2.027156843156843
873.839 2.476521739130435
874.85 3.041804154302671
875.851 2.420747252747253
876.859 1.9805079365079366
877.948 2.134685032139578
878.949 2.8644635364635365
879.95 2.3332827172827173
880.959 2.2713974231912784
881.968 2.4774786917740337
882.969 2.503672327672328
883.97 1.9615584415584417
884.971 2.5410109890109887
885.979 2.5188571428571427
886.98 2.234885114885115
887.989 2.1629335976214072
888.999 2.3449980198019804
890.0 2.9956603396603394
891.01 2.334162376237624
892.011 1.9943576423576423
893.019 2.3125714285714287
894.029 2.485861386138614
895.03 2.191152847152847
896.031 2.4535464535464535
897.039 2.925079365079365
898.04 2.820731268731269
899.049 2.423246778989098
900.05 2.9564675324675327
901.051 3.6452507492507493
902.058 3.9278331678252236
903.069 2.8081503461918893
904.078 2.9221803766105054
905.079 2.672207792207792
906.08 3.2516603396603396
907.088 3.0553650793650795
908.089 2.551944055944056
909.099 2.8976158415841584
910.108 2.722442021803766
911.109 2.5956763236763236
912.123 2.143589338598223
913.128 2.6724616915422885
914.148 2.5365960784313724
915.149 2.31781018981019
916.162 2.5865350444225075
917.168 2.169383697813121
918.169 2.613002997002997
919.179 2.2583128712871288
920.189 2.659239603960396
921.198 2.1520872150644204
922.199 2.755132867132867
923.209 2.3124910891089105
924.21 2.256751248751249
925.211 2.672207792207792
926.218 2.5910784508440914
927.229 2.8036557863501486
928.23 2.868851148851149
929.259 1.6318056365403304
930.26 3.6671168831168828
931.261 3.404723276723277
932.268 3.873493545183714
933.269 3.5796523476523476
934.279 3.28769900990099
935.28 3.164195804195804
936.281 2.847136863136863
937.288 2.938852035749752
938.289 3.5140539460539464
939.29 4.410565434565435
940.291 3.7044555444555445
941.298 3.569191658391261
942.338 2.814023076923077
943.348 3.2443564356435646
944.349 3.623384615384615
945.35 4.082573426573426
946.351 4.301234765234765
947.352 4.344967032967032
948.353 4.15271128871129
949.358 4.273225870646767
950.359 3.0985974025974024
951.36 3.9513766233766234
952.458 3.795817850637523
953.468 4.187057425742574
954.469 4.465230769230769
955.558 4.048279155188246
956.559 4.3340339660339655
957.748 1.8631051303616484
958.758 2.4271841584158413
959.759 2.8362037962037965
960.768 2.5208642220019817
961.769 3.6124595404595405
962.778 2.206319127849356
963.779 2.186613386613386
964.788 1.761617443012884
965.789 2.4426133866133863
966.798 3.50788503468781
967.799 4.235636363636364
968.8 4.1153726273726265
969.849 3.868796949475691
970.85 4.180971028971029
971.851 3.6671168831168828
972.852 4.159104895104895
973.853 4.191904095904096
974.858 3.7986069651741294
975.86 4.220487025948104
976.868 4.6405079365079365
977.869 4.021514485514485
978.87 4.530829170829171
979.871 3.8092467532467533
980.872 3.9951088911088912
982.478 2.390714819427148
983.479 4.421498501498501
984.488 3.4428067393458868
985.498 2.8759445544554456
986.508 2.2908198019801977
987.509 4.672959040959041
988.519 4.522962376237624
989.568 3.6810066730219257
990.569 4.2575024975024975
991.57 3.503120879120879
992.579 3.6055024777006937
993.58 3.7655144855144855
994.587 2.895380337636544
995.588 2.377014985014985
996.597 2.488325074331021
997.598 2.940995004995005
998.599 3.4375224775224775
999.699 3.0924799999999997
1000.758 3.0838980169971673
1002.107 2.429058561897702
1003.108 2.306877122877123
1004.11 2.2763433133732534
1005.117 2.547606752730884
1006.168 2.5554938154138918
1007.177 2.8309058473736375
1008.178 2.4972787212787213
1009.179 4.027908091908093
1010.18 3.8465854145854146
1011.189 4.907068384539148
1012.257 4.435295880149813
1013.258 4.60736063936064
1014.259 4.552695304695305
1015.298 3.811233878729548
1016.309 4.745812067260138
1017.388 4.653790546802595
1018.389 4.552695304695305
1019.39 4.21377022977023
1020.448 4.094465028355388
1021.449 4.836827172827173
1022.45 2.278769230769231
1023.457 2.960587884806355
1024.458 3.732715284715285
1025.459 3.5140539460539464
1026.46 3.5905854145854144
1027.462 3.0408942115768465
1028.478 3.3221417322834648
1029.487 2.5534033696729432
1030.488 3.0001998001998005
1031.497 3.2041863230921708
1032.578 2.899655874190564
1033.857 4.236341948310139
1034.858 2.770605394605395
1035.957 2.5335031847133758
1037.078 2.932867082961641
1038.117 3.1462967244701345
1039.197 3.034074074074074
1040.198 2.9191288711288714
1041.207 1.8266957383548066
1042.208 2.7159400599400603
1043.209 2.519144855144855
1044.317 2.7993646209386287
1045.318 3.236187812187812
1046.319 2.9236683316683316
1047.327 2.7947936507936504
1048.329 2.756918163672655
1049.337 2.6427936507936507
1050.339 2.7132295409181637
1051.347 2.6210793650793653
1052.348 3.0503256743256744
1053.428 3.149748148148148
1054.429 3.9732427572427573
1055.43 3.3828571428571426
1056.438 3.3485079365079367
1057.439 3.7983136863136866
1058.44 3.0876643356643356
1059.447 3.27575769612711
1060.448 2.726873126873127
1061.449 2.7815384615384615
1062.45 2.8644635364635365
1063.457 2.7975690168818272
1064.458 2.9236683316683316
1065.459 2.90181018981019
1066.46 3.4593886113886114
1067.467 3.8191539225422044
1068.469 3.29210379241517
1069.477 3.1313650793650796
1070.478 3.186061938061938
1071.479 3.109530469530469
1072.48 3.9951088911088912
1073.487 2.938852035749752
1074.597 3.4491387387387387
1075.607 3.666946534653465
1076.608 3.6124515484515487
