0.0 1.7274245754245754
1.219 1.2516488925348648
2.227 1.9542857142857144
3.24 1.7654649555774926
4.247 2.1627169811320757
5.26 1.7546614017769002
6.272 1.211193675889328
7.279 1.4064746772591856
8.28 2.252211788211788
9.287 1.7433803376365442
10.288 1.9351528471528474
11.299 1.292660731948566
12.359 0.8156377358490566
13.467 1.0708447653429602
14.479 1.3517786561264822
15.487 1.2702857142857142
16.5 0.9768055281342547
17.507 1.2824150943396226
18.527 1.298258823529412
19.54 1.0848410661401775
20.547 1.3802264150943397
21.559 1.377897233201581
22.56 1.2026373626373628
23.567 1.1193962264150943
24.579 1.31301185770751
25.58 2.055416583416583
26.587 1.4499463753723933
27.607 1.3948235294117646
28.619 1.4968537549407115
29.627 1.3137142857142856
30.747 1.2157142857142857
31.76 1.3072300098716683
32.767 1.630188679245283
33.78 1.4305547877591316
34.787 1.630188679245283
35.8 0.879573543928924
36.807 1.2172075471698114
37.827 1.3626352941176472
38.828 1.2837082917082916
39.84 1.600505928853755
40.847 1.2108520357497519
41.859 1.5464347826086957
42.867 1.274793650793651
43.888 1.68286777668952
44.9 1.529296442687747
45.907 1.6953962264150944
46.999 1.3070183150183148
48.007 1.5091428571428571
49.039 1.701124031007752
50.047 1.8565714285714285
51.048 1.6773226773226773
52.052 1.8530677290836655
53.06 1.5787936507936506
54.067 1.9344905660377358
55.068 1.4477042957042956
56.08 1.7086482213438734
57.088 1.3182222222222222
58.1 2.0330750988142294
59.107 1.4390784508440913
60.127 1.6201411764705884
61.128 1.3165074925074924
62.132 1.3298486055776892
63.139 1.2280754716981133
64.14 0.8354525474525475
65.159 1.4606319921491657
66.179 1.3563607843137253
67.187 1.5417142857142858
68.199 1.7023241106719367
69.2 2.0882157842157842
70.207 1.5042859980139025
71.22 1.6961579466929912
72.227 1.4608142999006952
73.239 1.8492332015810278
74.24 1.207176823176823
75.26 1.4377411764705883
76.267 1.5975849056603775
77.28 1.344126357354393
78.287 1.6193207547169812
79.307 1.313443137254902
80.327 1.8454588235294118
81.34 0.8255557749259625
82.347 0.7607547169811321
83.36 1.0263376110562685
84.368 0.9337142857142856
85.38 0.6641581027667984
86.427 0.42856160458452724
87.439 0.9192094861660078
88.892 0.4748429752066116
89.899 0.4999245283018867
90.907 0.25422222222222224
91.92 1.2640157946692991
92.927 1.7714716981132075
93.939 1.5833675889328063
95.047 1.6733574007220215
96.051 2.1255776892430283
97.072 1.8481018609206659
98.079 1.836679245283019
99.087 1.719936507936508
100.092 2.245818181818182
101.099 2.217056603773585
102.111 1.529296442687747
103.119 2.2908571428571425
104.124 2.0517572139303484
105.127 2.055848454636092
106.139 1.8835370919881307
107.14 1.4695704295704295
108.147 2.2713962264150944
109.152 1.768628855721393
110.259 1.7935031616982837
111.267 1.4765714285714286
112.28 1.0587482724580455
113.287 0.9500218470705065
114.3 1.5341046396841065
115.507 1.227824357912179
116.52 1.3828548864758146
117.524 1.3625498007968129
118.527 1.052011964107677
119.54 1.2532122408687068
120.559 1.374712463199215
121.56 0.9557162837162837
122.567 0.9998490566037734
123.568 0.9293106893106893
124.591 0.7105063538611925
125.707 0.32361290322580644
126.727 1.555764705882353
127.739 1.2048695652173913
128.747 1.596
129.759 1.3301501976284584
130.767 1.3073650793650793
131.779 1.6545770750988142
132.78 1.3711728271728274
133.788 1.4982857142857142
134.8 1.3562687747035573
135.807 1.3802264150943397
136.831 1.3190078125
137.848 1.5065486725663717
138.859 1.5046646884272996
139.867 1.1770793650793652
140.872 1.2849671641791045
141.887 0.7331940886699506
142.92 0.42817424975798646
143.939 0.27923846908734057
144.94 0.45918881118881116
145.947 0.9889811320754718
148.8 0.04594181563266737
149.807 1.3741251241310826
150.82 0.7670523198420532
151.827 0.8694339622641509
153.927 0.07296
154.939 0.9535366336633664
156.088 1.4802993907745865
157.091 1.1893280159521433
158.119 1.079657587548638
159.12 1.0714405594405594
160.139 1.4821118743866537
161.147 1.1770793650793652
162.159 1.3193359683794468
163.167 1.1553650793650794
164.179 0.6488537549407115
165.208 0.28716034985422734
166.259 0.19784586108468125
167.267 0.5754285714285715
168.28 0.8966949654491609
169.407 0.47985803016858913
170.419 0.5947826086956521
171.467 0.44903816793893125
172.479 0.6921106719367589
173.48 1.1917042957042958
174.487 0.9282859980139027
175.5 0.8642843040473841
176.507 0.9346415094339623
177.528 0.42875612144955927
178.56 0.4816124031007752
179.567 0.5433962264150943
180.568 0.9074445554445555
181.739 1.4711801878736124
182.747 1.8782857142857143
183.759 1.6049960474308298
184.78 1.6185543584720863
185.783 0.7965224327018943
186.787 0.6040478087649402
187.799 1.0608427299703265
188.808 1.138870168483647
189.927 0.923395889186774
190.947 0.997835294117647
191.967 1.0514823529411765
192.98 1.1127660414610068
193.988 1.0467936507936508
195.007 1.4176722276741904
196.019 1.226498023715415
197.027 1.606857142857143
198.028 1.3602397602397602
199.04 1.6221343873517788
200.047 1.4780377358490566
201.059 1.3454545454545455
202.06 1.629026973026973
203.068 1.5353650793650793
204.08 1.8816758893280632
205.087 1.645569016881827
206.107 1.7318823529411767
207.119 1.9573754940711463
208.127 1.4499463753723933
209.151 1.8489375000000001
210.159 1.8067936507936508
211.16 2.0772827172827175
212.168 1.785079365079365
213.347 1.7582357930449535
214.36 2.0310681145113523
215.379 1.2073326790971541
216.387 1.889142857142857
217.539 1.1819444444444445
218.54 1.3994325674325674
219.547 1.5432452830188679
220.559 1.2805691699604744
221.56 1.661826173826174
222.567 1.5042859980139025
223.579 1.9573754940711463
224.667 0.9094705882352941
225.68 1.5449081934846987
226.699 1.1536329735034347
227.708 1.3883369672943509
228.72 1.6113201581027667
229.727 1.091304865938431
230.74 1.6745508390918065
231.747 1.5477576961271102
232.767 1.7596235294117646
233.779 1.662352475247525
234.795 1.6049763779527557
235.799 0.8220557768924301
236.807 1.3245714285714287
237.811 1.5369561752988046
238.827 0.8338897637795276
239.847 0.450635294117647
240.867 0.4935529411764706
241.868 1.169838161838162
242.879 0.7405895153313551
243.939 0.18584150943396227
244.96 0.3644427032321254
245.979 0.8162355250245339
246.987 0.912
248.319 0.49638438438438437
249.859 0.16344935064935068
250.867 1.403355864811133
251.871 1.6068844621513945
252.895 1.945125
253.899 1.8357928286852587
254.9 1.8476883116883116
255.911 1.6390583580613254
256.92 2.0174271555996035
257.927 1.6129731876861966
258.931 1.7004621513944225
259.939 1.513650793650794
260.948 1.7245748265609513
261.952 1.5523824701195221
262.96 1.824
263.98 1.5173019607843137
264.987 1.9960357497517378
265.988 1.67004995004995
266.999 1.8663818001978238
268.0 2.011684315684316
269.007 1.5912293942403177
270.012 2.3412537313432833
271.019 2.069418073485601
272.027 1.9696507936507939
273.032 2.1888
274.039 1.9824746772591855
275.04 2.1146213786213783
276.047 1.8584150943396225
277.067 1.6460549019607844
278.079 2.3899446640316206
279.08 2.245818181818182
280.099 2.130967615309127
281.112 2.02026456071076
282.119 1.765116186693148
283.2 1.7860203515263646
284.207 2.032301886792453
285.212 1.9101930348258707
286.219 2.2387924528301886
287.227 2.078222222222222
288.24 2.089571569595262
289.252 2.0222608695652178
290.26 1.7525079365079366
291.267 1.9453584905660377
292.28 1.4305547877591316
293.287 1.6627924528301887
294.3 1.473761105626851
295.307 1.445433962264151
296.319 1.2481264822134386
297.34 0.9754201762977472
298.359 0.80549558390579
300.367 0.06527490039840637
301.379 1.8125103857566767
302.391 1.4058498023715413
303.4 1.273530227948464
304.407 2.1735849056603773
305.412 1.746849751243781
306.419 1.8692830188679246
307.432 1.452161895360316
308.439 1.717132075471698
309.44 1.414905094905095
310.459 1.4928518155053976
311.471 0.988584980237154
312.479 0.521142857142857
313.48 1.322901098901099
314.487 1.0478331678252235
315.5 1.2424086870681144
316.507 1.3150188679245283
317.52 0.7067166831194472
318.547 0.5967517039922103
319.579 0.9226046511627908
320.58 1.4212987012987013
321.687 0.854316169828365
322.78 0.4205379688929552
323.8 0.450635294117647
324.807 0.9020377358490567
325.827 0.7340549019607843
326.847 0.8368941176470588
327.859 0.8975810276679843
328.86 0.983976023976024
329.867 0.9500218470705065
330.879 1.1246798418972332
331.888 1.0087135777998018
332.899 0.7189396636993077
333.907 0.7274285714285714
334.919 0.8002529644268775
335.927 0.8577142857142857
337.039 0.7520575539568346
338.059 0.7832470588235294
339.067 0.8251428571428571
340.079 0.6921106719367589
341.108 0.478600583090379
342.119 0.718915924826904
343.127 0.38
344.14 0.8966949654491609
345.147 0.8476981132075472
346.168 0.8405484818805092
347.179 1.2123916913946586
348.319 0.7584
349.327 1.161714285714286
350.339 0.8912569169960474
351.347 0.912
352.359 0.75699604743083
353.379 0.5364705882352941
354.38 0.5511928071928072
355.387 0.9672452830188679
356.4 1.1235695952615992
357.419 0.9173542688910696
358.427 1.2268571428571429
359.439 1.297707509881423
360.44 1.07598001998002
361.447 1.2498113207547168
362.467 1.2446117647058823
363.479 0.9345217391304347
364.48 1.2245034965034967
365.499 1.27805299313052
366.5 0.9885154845154845
367.507 1.162867924528302
368.52 1.0911589338598224
369.527 0.9717576961271103
370.551 1.0580625
371.559 1.054188679245283
372.56 1.1634445554445554
373.567 1.2172075471698114
374.587 1.0666666666666667
375.6 1.1667838104639683
376.607 1.2063396226415093
377.62 1.1064481737413623
378.627 1.445433962264151
379.632 1.5644258706467662
380.639 1.3449294935451839
381.647 1.6502857142857141
382.659 1.4860395256916996
383.672 1.912229022704837
384.679 1.6890407149950346
385.68 1.7975624375624375
386.687 2.1301132075471694
387.691 1.9120956175298804
388.692 2.252211788211788
389.707 1.5463408866995074
390.708 1.8112047952047952
391.719 1.5344569732937685
392.807 1.593470588235294
393.811 1.4824541832669322
394.919 1.6140938628158845
395.927 1.9
396.94 1.4953761105626853
397.947 1.9779622641509436
398.948 1.7319640359640358
399.952 2.08197609561753
400.959 1.8194558093346573
401.999 1.9511384615384615
403.003 1.7440637450199203
404.008 1.5617273631840796
405.019 1.742813056379822
406.027 1.470222222222222
407.031 1.6459601593625497
408.039 1.7090714285714288
409.04 1.661826173826174
410.107 1.409439550140581
411.119 1.7843478260869565
412.159 1.4144615384615384
413.167 1.7154285714285713
414.18 1.6898400789733465
415.187 1.8258113207547169
416.199 1.540110671936759
417.207 1.292
418.347 1.4823859649122808
419.367 1.5664941176470588
420.379 1.0706086956521739
421.4 0.7547737512242898
422.427 0.7885647517039922
423.44 0.6590167818361303
424.447 0.5868679245283018
425.459 0.34605533596837945
427.147 0.13615165876777252
428.547 0.32374857142857144
429.559 0.8543241106719367
430.56 0.9074445554445555
431.568 0.9662857142857143
432.607 0.231730510105871
433.847 0.23313548387096775
434.859 0.8651383399209486
435.86 1.3119680319680318
436.867 1.1239086395233366
437.879 1.1354940711462451
438.88 1.2791688311688312
439.888 1.122793650793651
440.899 1.3422908011869434
441.9 1.1807712287712289
442.907 0.895682224428997
443.919 1.1571225296442689
444.92 1.169838161838162
445.927 0.9934935451837139
446.939 1.4599209486166007
447.947 1.2313650793650792
448.959 1.22200790513834
449.968 0.7484003964321111
450.98 1.0814229249011857
451.987 1.1021727904667329
453.0 1.2964264560710759
454.007 1.189116186693148
455.011 1.3516494023904384
456.031 1.2338823529411767
457.039 0.9490793650793651
458.048 0.8351714568880079
459.067 0.41885770363101077
460.099 0.23330232558139535
461.107 0.20628571428571427
462.127 0.09656470588235294
463.139 0.151399209486166
464.411 0.0430188679245283
465.519 0.7745270758122743
466.52 0.9621098901098901
467.524 1.0682390438247011
468.527 1.1129491525423731
469.631 0.6980289855072463
470.639 0.6405714285714286
471.652 0.8210700888450149
472.659 0.858566037735849
473.66 0.8026533466533466
474.667 1.0433207547169812
475.68 1.1451767028627837
476.687 0.9282859980139027
477.688 1.2135704295704295
478.699 1.2989910979228487
479.72 0.8298139079333986
480.723 1.0911266201395813
481.739 1.3033700787401574
482.759 0.9701019607843138
483.771 1.146308300395257
484.779 1.346285714285714
485.792 1.246894373149062
486.8 1.5742857142857143
487.807 1.4173426017874877
488.811 1.4824541832669322
489.819 1.2096507936507939
490.839 1.298258823529412
491.859 0.997835294117647
492.86 1.0869130869130872
493.867 1.3476226415094341
494.88 1.2748193484698913
495.919 0.6152993262752646
497.052 0.21250485436893202
498.079 0.554126582278481
501.929 0.03405352039490777
502.948 2.0345593719332675
503.967 0.483297350343474
504.999 0.37116279069767444
506.039 0.16836923076923077
507.107 0.09234456928838951
508.167 0.06182641509433962
541.119 0.0003321194464675892
542.14 0.04287561214495592
543.539 0.04693638313080772
544.615 0.040684014869888485
545.899 0.05109034267912772
546.955 0.08304834123222748
548.319 0.03209384164222874
549.523 0.07271760797342192
550.539 0.0754015748031496
551.599 0.08259622641509433
552.739 0.057600000000000005
553.795 0.07254545454545454
554.879 0.06057564575645756
555.999 0.039155635062611806
557.08 0.08099167437557817
558.159 0.11156997219647821
563.259 0.01716705882352941
564.323 0.30857142857142855
565.855 0.21716971279373368
566.859 0.11815139442231076
567.999 0.10405614035087718
569.099 0.10783999999999999
570.119 0.12687058823529412
571.219 0.06862545454545455
572.259 0.1036923076923077
573.295 0.07286486486486486
574.419 0.12472597864768682
575.439 0.1480156862745098
576.459 0.15858823529411764
577.479 0.1480156862745098
578.635 0.11194463667820069
583.939 0.020331825037707387
585.055 0.28989247311827954
586.099 0.22724904214559388
587.139 0.4355076923076923
588.283 0.13197202797202795
589.319 0.16654826254826258
590.335 0.14859842519685038
591.439 0.11721739130434783
592.539 0.06722909090909092
593.575 0.1145019305019305
594.58 0.10730348258706468
595.6 0.10572549019607842
596.62 0.10572549019607842
597.679 0.10183191690273842
598.775 0.09839416058394161
599.779 0.15037450199203187
600.835 0.15318181818181817
601.84 0.15022487562189055
605.979 0.005210920512201015
607.039 0.5697207547169811
608.096 0.10202459791863766
609.175 0.10993883225208526
610.239 0.10135338345864663
611.275 0.1040926640926641
612.319 0.10329501915708812
613.355 0.1040926640926641
614.395 0.1036923076923077
615.523 0.11472340425531916
618.715 0.020270676691729324
619.895 0.23761355932203387
621.115 0.2374032786885246
622.24 0.086272
623.419 0.09146734520780321
624.52 0.12733151680290644
625.539 0.12699509322865554
626.659 0.13480000000000003
627.835 0.11004081632653062
628.839 0.13963346613545818
629.855 0.10614173228346456
630.92 0.11138403755868545
631.959 0.11417131857555342
633.116 0.09320656871218669
641.936 0.006813605442176871
643.359 0.11484469430780042
644.9 0.274834523036989
645.979 0.04997219647822058
647.299 0.016339393939393942
649.479 0.009893577981651375
651.279 0.005991111111111111
655.5 0.0025548448235015397
663.707 0.0026280004873888143
664.767 0.07121509433962264
665.847 0.0798814814814815
666.903 0.0919090909090909
667.908 0.0965731343283582
669.103 0.06316987447698745
670.128 0.10520975609756097
675.167 0.004280214328239731
676.187 0.09515294117647059
678.243 0.235284046692607
679.247 0.10741035856573705
680.287 0.1036923076923077
681.387 0.1372509090909091
682.427 0.11406153846153846
683.687 0.11982222222222222
684.763 0.14031226765799257
685.888 0.1342008888888889
686.984 0.12791240875912407
688.083 0.11775068243858053
692.988 0.026382874617737
694.024 0.08923552123552124
695.144 0.24482857142857145
696.227 0.3584709141274238
697.547 0.06535757575757577
698.611 0.12162406015037594
699.647 0.12491119691119691
700.663 0.11687093596059113
701.707 0.11362452107279694
702.768 0.1219679547596607
705.947 0.0305303554576911
706.967 0.11629803921568627
708.043 0.23910780669144982
709.227 0.04554054054054054
710.283 0.12254545454545455
711.327 0.10329501915708812
712.443 0.11595698924731182
713.548 0.10735203619909503
714.647 0.12756323930846222
715.827 0.14622372881355933
717.047 0.06187540983606557
719.463 0.058026490066225164
720.703 0.07827096774193548
722.007 0.04134969325153374
723.103 0.11828884826325411
726.391 0.029518248175182484
727.427 0.24982239382239382
728.432 0.504326368159204
729.543 0.16501170117011701
730.607 0.1824360902255639
731.823 0.14189473684210527
732.887 0.1621654135338346
734.727 0.023443478260869566
735.903 0.2554557823129252
737.127 0.10572549019607842
738.188 0.1219679547596607
739.307 0.07709740840035746
740.463 0.09328719723183392
741.464 0.1292787212787213
742.503 0.09341289701636188
743.708 0.11634190871369295
744.783 0.13041116279069767
745.831 0.14406106870229007
751.367 0.029520231213872834
752.527 0.5284689655172414
754.727 0.029410909090909088
756.507 0.01211685393258427
757.667 0.12085517241379311
759.028 0.1267773695811903
760.083 0.14310521327014217
761.103 0.1691607843137255
762.267 0.12970446735395189
763.567 0.14931692307692307
764.571 0.23630278884462153
766.683 0.04012121212121213
767.727 0.165272030651341
768.787 0.1932981132075472
770.028 0.19117485898468975
771.063 0.2604830917874396
772.307 0.16470739549839228
773.327 0.23259607843137253
777.828 0.018143523661408575
778.832 0.6168286852589641
780.128 0.16641975308641976
782.627 0.0697110844337735
783.783 0.4836539792387543
784.863 0.2096888888888889
786.103 0.059638709677419355
787.107 0.12889243027888447
788.223 0.15460931899641575
789.224 0.24778421578421578
790.443 0.1769319114027892
791.503 0.1932981132075472
792.647 0.18853146853146854
795.707 0.05638692810457516
796.783 0.28062453531598514
797.883 0.4509672727272727
799.184 0.0746010760953113
800.247 0.11159360301034807
801.387 0.10405614035087718
802.427 0.14516923076923077
803.503 0.10022304832713755
806.107 0.004141321044546851
807.963 0.27806896551724136
809.008 0.12383540669856459
810.243 0.11351578947368421
811.248 0.1931462686567164
812.283 0.1354512077294686
813.327 0.13428352490421455
814.347 0.1480156862745098
815.367 0.1691607843137255
816.423 0.16339393939393942
819.771 0.03543130227001195
820.928 0.26097839239412274
821.988 0.37642264150943394
823.007 0.13757801766437683
824.087 0.10983703703703704
825.128 0.10359269932756965
826.367 0.08703793381759484
827.487 0.07702857142857142
828.523 0.12491119691119691
829.587 0.0810827067669173
830.683 0.049197080291970806
831.763 0.09985185185185184
835.908 0.018211821471652595
837.108 0.10783999999999999
839.171 0.04107416383906931
840.272 0.08815258855585831
841.351 0.10993883225208526
842.631 0.10952500000000001
843.691 0.13225660377358492
844.831 0.14189473684210527
845.891 0.12208301886792453
847.011 0.0962857142857143
848.132 0.11543978590544157
849.171 0.15568816169393648
850.231 0.13225660377358492
854.191 0.02681212121212121
855.431 0.20136774193548387
856.432 0.5063416583416583
857.491 0.14256468366383382
858.511 0.15858823529411764
859.547 0.15613899613899612
861.775 0.04840215439856373
862.991 0.11528947368421052
864.032 0.22950240153698367
865.067 0.1323594202898551
866.152 0.13914838709677418
867.211 0.12219830028328613
868.247 0.12491119691119691
869.327 0.12980740740740737
870.347 0.15858823529411764
871.351 0.13963346613545818
872.411 0.15260377358490568
873.431 0.1480156862745098
874.591 0.12085517241379311
878.115 0.0061203178206583435
879.211 0.25582481751824815
880.307 0.3738978102189781
881.387 0.09985185185185184
882.407 0.10572549019607842
883.487 0.09985185185185184
884.491 0.09666932270916336
885.519 0.14686381322957198
886.532 0.1490384995064166
889.876 0.00644976076555024
891.691 0.272467217630854
892.727 0.1145019305019305
893.772 0.12383540669856459
894.935 0.11127085124677558
895.991 0.16339393939393942
897.011 0.13744313725490195
898.068 0.1428344370860927
902.016 0.044125633232016216
903.075 0.45667233238904625
904.091 0.1593694581280788
905.132 0.12431123919308358
906.351 0.14154552912223134
907.631 0.160075
908.731 0.12744727272727271
909.871 0.09459649122807018
911.087 0.10642105263157894
912.347 0.08558730158730157
913.391 0.10329501915708812
914.431 0.09332307692307693
915.527 0.10823357664233577
916.551 0.1685
919.052 0.05112834866053578
