0.0 0.03144827586206896
1.305 0.0754758620689655
2.756 0.08648931771192281
3.786 0.16639067055393586
4.796 0.06501386138613861
6.247 0.04525430737422467
7.356 0.04934174932371506
8.487 0.07741114058355437
9.546 0.12401133144475922
10.566 0.10729411764705882
11.636 0.08182429906542056
12.656 0.08583529411764705
13.676 0.11802352941176472
14.726 0.13549714285714284
15.746 0.09656470588235294
16.827 0.060743755781683624
17.887 0.08259622641509433
19.096 0.09957320099255583
20.097 0.4263896103896104
21.108 0.4329970326409495
22.161 0.30140170940170946
23.457 0.1943722007722008
25.077 0.12159999999999999
26.086 0.19523488602576808
27.998 0.028619246861924685
29.057 0.09300849858356941
30.136 0.08114179796107507
31.256 0.029314285714285713
32.307 0.04165176022835395
33.446 0.057650570676031604
34.596 0.028549565217391302
35.676 0.06079999999999999
36.756 0.0912
37.976 0.04485245901639344
39.066 0.02008073394495413
40.396 0.024685714285714287
41.446 0.020845714285714287
42.456 0.04716039603960396
43.566 0.06263063063063062
44.699 0.045443954104148275
46.056 0.018971260132645537
48.186 0.025690140845070427
49.256 0.06136822429906542
50.356 0.01989818181818182
51.476 0.029314285714285713
52.586 0.01971891891891892
53.976 0.015746762589928055
54.988 0.03244268774703557
56.006 0.04300196463654224
57.286 0.0357
58.426 0.028800000000000003
59.445 0.042959764474975466
60.626 0.06492203389830509
61.746 0.048857142857142856
63.076 0.04114285714285715
64.135 0.06200566572237961
65.146 0.08659940652818991
66.426 0.05985000000000001
67.726 0.025255384615384614
69.175 0.025474120082815736
70.186 0.043299703264094956
71.216 0.053126213592233004
72.276 0.051622641509433964
73.496 0.035881967213114756
82.521 0.014523213296398892
83.524 0.6019700897308076
84.565 0.21885878962536023
85.585 0.32188235294117645
86.596 0.26656379821958454
87.606 0.16253465346534654
88.636 0.14875339805825244
90.536 0.029882105263157897
91.596 0.7576808309726157
92.606 0.8886415841584159
93.726 0.66535
94.735 0.6707472745292369
95.736 0.8044835164835165
96.753 0.7294631268436579
97.795 0.46425335892514397
98.895 0.3037818181818182
100.327 0.12227932960893854
101.355 0.35592996108949415
102.366 0.7416973293768546
103.387 0.7401371204701274
104.395 0.9268571428571429
105.435 0.6285538461538462
106.455 0.5964627450980392
107.475 0.7451215686274509
108.476 0.81603996003996
109.486 0.8282693069306931
110.495 0.755187314172448
111.498 0.842209371884347
112.786 0.9486869983948636
113.796 1.0740514851485148
114.805 0.9110961347869178
115.816 0.7473076162215628
116.827 1.4386310583580613
117.906 1.2069907235621522
119.136 1.299147967479675
120.145 0.9436352824578791
121.175 0.8964116504854368
122.195 0.7296
123.206 0.8723165182987143
124.215 0.7700931615460852
125.375 0.5400827586206897
126.385 0.7043168316831683
127.395 0.6284673267326734
128.425 0.281747572815534
129.435 0.5526178217821782
130.446 0.8893293768545995
131.455 1.1702200198216055
132.456 1.270897102897103
133.466 0.8601504950495049
134.486 1.1987686274509803
135.487 1.1621738261738264
136.495 0.895920634920635
137.496 1.0893026973026974
138.497 1.2992047952047951
139.635 1.2685272407732864
140.645 1.635390099009901
141.775 1.5194194690265488
142.785 1.7445386138613863
143.795 1.129149653121903
144.807 1.4194466403162054
145.815 1.4838809523809522
146.835 1.550062745098039
147.845 1.6470178217821783
148.857 1.2437744807121662
149.867 1.3846970297029702
150.975 1.4542815884476534
151.976 1.5962277722277722
152.985 1.2313894945490587
154.0 1.4559368836291913
155.005 1.851223880597015
156.015 1.3688158415841583
157.024 1.375183349851338
158.025 1.4611708291708292
159.045 1.6186980392156862
160.115 1.5770317757009344
161.116 2.1428811188811188
162.117 1.5962517482517482
163.126 2.0747591674925667
164.128 2.0965269461077845
165.146 1.9882357563850688
166.154 2.4754285714285715
167.165 1.7180296735905043
168.166 1.7039600399600399
169.175 2.25604757185332
170.176 1.822041958041958
171.186 2.416348514851485
172.187 2.0293146853146853
173.196 2.0100931615460853
174.427 1.982544272948822
175.445 1.4144833005893909
176.495 1.4492800000000001
177.505 1.592839603960396
178.574 1.3197455565949485
179.584 1.5603326732673266
180.585 1.3557002997002996
181.595 0.808649504950495
182.596 1.5196963036963036
183.604 1.123174603174603
184.605 1.486897102897103
185.624 1.0031638861629049
186.634 1.2677702970297031
187.635 1.0605074925074924
188.644 0.8962220019821605
189.646 1.1515124875124876
190.665 0.9410559371933268
191.666 0.7106493506493506
192.676 0.7378613861386139
193.824 1.1910662020905922
194.854 1.0200233009708737
195.865 0.6529297725024729
197.066 1.1601598667776853
198.174 1.4232274368231046
199.175 2.055416583416583
200.184 1.4553815659068385
201.474 1.3958387596899224
202.475 2.055416583416583
203.485 1.3831049504950494
204.494 1.48402775024777
205.498 1.7486500498504487
206.504 1.761375745526839
207.505 2.0335504495504497
208.514 1.6584816650148662
209.515 1.7963076923076924
210.524 2.0825054509415266
211.526 2.26088622754491
212.527 0.38748451548451546
213.534 1.7388679245283019
214.535 1.3365914085914086
215.544 1.5618790882061446
216.546 1.1204710578842316
217.554 1.6828571428571428
218.564 0.8597386138613862
219.566 1.3980359281437127
220.594 1.0414552529182879
221.611 1.1848818897637796
222.614 1.232973080757727
223.624 0.7985742574257425
224.644 0.9549176470588235
225.665 1.0826092066601372
226.667 1.1049181636726546
227.783 1.248688172043011
228.784 1.5087632367632369
229.794 1.2256237623762376
230.795 1.25603996003996
231.804 1.2438174603174603
232.806 1.5727904191616766
233.822 1.2308188976377954
234.86 1.2370144648023145
235.864 1.5914581673306774
236.874 1.1703468780971258
237.895 1.2318197845249756
238.905 1.4859544103072349
239.906 1.2055224775224775
240.924 1.537320235756385
241.934 1.2428939544103073
242.943 1.3991833498513377
243.944 1.2791688311688312
245.074 0.7300318584070797
246.084 1.0835643564356436
247.094 1.1269069306930695
248.104 0.9860435643564357
249.113 0.46737760158572844
250.133 0.6115764705882353
251.173 0.4735384615384616
252.253 0.48153333333333337
253.254 1.3233566433566435
255.497 0.43735236396074934
256.504 1.1193962264150943
257.509 1.0231243781094528
258.514 1.4843701492537313
259.606 1.7176776556776556
260.694 0.722375
261.704 1.6125544554455447
262.705 1.7381978021978022
263.713 1.5954444444444442
264.724 1.537345202769535
265.763 1.2218517805582292
266.873 0.20704864864864864
267.883 0.34138613861386136
268.893 0.7151524752475248
269.903 0.6501386138613862
271.654 0.11250256996002284
272.703 0.47990848427073407
273.733 0.27625631067961165
274.743 0.41886732673267324
275.793 1.0290285714285716
276.925 1.167575971731449
277.985 0.9705056603773584
278.993 1.358436507936508
280.174 1.1026113463166807
281.175 1.7957562437562438
282.184 1.5934826560951438
283.195 1.737891196834817
284.203 1.8968492063492064
285.413 1.3052363636363635
287.065 0.847961259079903
288.133 0.7272734082397004
289.354 1.3372590163934426
290.355 1.7934785214785216
291.363 1.4521428571428572
292.373 1.3218059405940594
293.374 1.9460859140859141
294.383 1.390810703666997
295.393 1.7553742574257427
296.394 1.8756203796203799
297.395 1.8306013986013987
298.404 2.1584301288404366
299.424 1.7770520117762514
300.434 1.9485623762376238
301.435 2.3287432567432567
302.443 2.2908571428571425
303.453 1.7259247524752475
304.473 2.2339077526987245
305.474 1.471192807192807
306.483 2.25604757185332
307.484 1.6243436563436564
308.533 1.7615633937082937
309.535 2.4490069930069933
310.543 1.894269841269841
311.556 1.837243830207305
312.563 2.525195630585899
313.573 1.82929900990099
314.574 1.9461898101898103
315.633 2.050893295561851
316.635 2.6547784431137726
317.637 2.09511377245509
318.643 2.005662027833002
319.645 1.9971177644710578
320.653 1.8451349206349208
321.654 1.9896823176823175
322.914 1.6528825396825395
323.923 1.7805714285714287
324.924 1.4145534465534466
325.932 1.7714716981132075
326.933 1.5363756243756244
327.934 1.8372907092907094
328.973 2.0264793070259866
330.143 1.9879452991452988
331.153 1.8547314172447968
332.154 2.110081918081918
333.163 1.4705094152626363
334.164 2.2084795204795205
335.165 2.295944055944056
336.166 1.6644075924075923
337.173 1.9018867924528302
338.183 1.7359524752475248
339.192 1.681189296333003
340.202 0.9944554455445543
341.204 1.3338341658341657
342.207 1.298616151545364
343.213 1.348962226640159
344.233 0.9227294117647059
345.243 0.9021069306930694
346.252 1.2485714285714287
347.302 0.5828800000000001
348.312 0.1842059405940594
349.322 0.5417821782178218
350.332 0.6501386138613862
351.353 0.4668313725490196
352.392 0.1053320500481232
353.412 0.6759529411764706
354.482 0.2761570093457944
355.503 0.12862683643486778
356.512 1.0205714285714287
357.513 1.0285634365634366
358.552 0.5793262752646775
359.562 0.6872237623762376
360.572 0.8885227722772278
361.592 0.9451148184494602
362.612 0.6909882352941177
363.632 0.8905411764705882
364.652 0.5586509803921569
365.672 0.7832470588235294
366.682 0.5934178217821782
367.684 0.9283832335329342
368.712 0.6681556420233463
369.722 0.6977742574257426
370.742 0.6979294117647058
371.761 0.7728204121687929
372.772 0.806971315529179
373.782 0.9565544554455446
374.792 0.8996594059405941
375.812 0.9531529411764706
376.822 1.0434534653465344
377.832 1.0798653465346535
378.842 1.0351524752475247
380.202 0.6092705882352941
381.352 0.8850365217391304
382.372 0.33560784313725495
383.382 0.8885227722772278
384.411 0.5839844509232265
385.432 0.6752908912830557
386.562 0.5717734513274336
387.591 0.6913119533527696
388.822 0.4006628757108042
389.832 0.6718099009900991
390.842 0.6633584158415841
391.862 0.5805265225933203
393.032 0.6011076923076923
394.052 0.7188705882352942
395.191 0.46611413520632133
396.201 0.5526178217821782
397.222 0.42875612144955927
398.232 0.44239999999999996
399.242 0.5201108910891089
400.251 0.5302517343904857
401.263 0.7546166007905138
402.392 0.7428166519043402
403.393 0.9293106893106893
404.412 0.7292090284592737
405.431 0.9880745829244357
406.433 0.9223233532934133
407.532 0.9087723132969034
408.542 1.3219485148514853
409.543 0.8316803196803197
410.772 0.860139951179821
411.781 1.0412527254707633
412.891 0.9011145175834083
413.892 1.1151728271728272
414.922 0.8862368932038834
415.923 0.942025974025974
416.931 0.8921507936507936
417.961 0.7657609329446065
418.971 0.4511793855302279
420.0 1.2153002915451896
421.004 1.2054103585657368
422.012 1.44615873015873
423.082 1.2335700934579439
424.151 1.2793863423760523
425.152 1.8695544455544453
426.162 1.432530693069307
427.163 1.793022977022977
428.171 1.4132380952380952
429.261 1.3098201834862386
430.271 1.798716831683168
431.291 1.5475999999999999
432.292 1.629858141858142
433.293 1.694081918081918
434.371 1.6545899814471243
435.391 1.2231529411764706
436.393 1.0157604790419161
437.431 0.8722080924855491
438.461 0.5737631067961164
439.481 0.42917647058823527
440.491 0.4009188118811881
441.492 0.8493506493506494
442.641 1.8118085291557877
443.651 2.047936633663366
444.661 1.2860356435643563
445.691 1.2147805825242721
446.692 1.5306293706293708
447.701 1.0372725470763131
448.702 1.2463696303696303
449.711 1.0783492063492064
450.871 1.2507724137931033
452.101 1.3087674796747968
453.331 1.357417886178862
454.491 1.4090620689655173
455.752 1.0501379857256143
456.762 0.9001188118811881
457.771 1.159611496531219
458.901 1.2540530973451327
459.993 1.2845347985347986
461.091 1.527016393442623
462.141 1.4078095238095238
463.151 1.4844831683168318
464.161 1.0666772277227723
465.201 1.2487615384615385
466.211 1.441140594059406
467.212 1.1098421578421578
468.221 1.0043131813676909
469.251 1.2270135922330097
470.261 1.4736475247524752
471.271 1.0984950495049504
472.28 1.1307829534192269
473.29 1.4194693069306932
474.301 1.231572700296736
475.303 1.2005274725274726
476.51 1.1700480530240265
477.52 1.6470178217821783
478.521 1.3586093906093906
479.53 1.6594965312190288
480.54 1.2561268582755203
481.541 1.5354245754245752
482.55 1.575191278493558
483.721 1.7071699402220326
484.722 2.219412587412587
485.73 1.6896206554121151
486.811 1.6880888066604995
487.821 1.970479207920792
488.831 1.9922217821782178
489.84 1.808333002973241
490.853 1.86399209486166
491.861 2.009087301587302
492.862 1.9905294705294705
493.871 2.0496253716551043
494.881 2.0163960396039604
496.131 2.11226901521217
497.133 2.5448622754491015
498.14 1.8317219463753724
499.141 2.0689150849150852
500.143 1.8104111776447105
501.151 1.6672698412698412
502.231 1.7094148148148147
503.251 1.899105882352941
504.26 1.176325074331021
505.38 1.5405785714285716
506.391 1.9593115727002965
507.393 1.4927904191616765
508.491 1.917056466302368
509.492 2.45994005994006
510.501 1.8458830525272547
511.511 2.34049900990099
512.512 2.044483516483517
513.53 1.3097288801571711
514.54 1.8420594059405941
515.56 1.3813098039215685
516.57 1.5510327056491575
517.58 0.8725148514851485
518.581 1.0823736263736263
519.59 1.2137165510406345
520.61 0.6311294117647059
521.62 1.7896531219028742
522.63 1.0882772277227721
523.639 1.106331020812686
524.64 0.6848111888111889
525.65 0.8668514851485148
526.66 0.8576174430128839
527.661 0.7434485514485515
528.97 0.45983193277310924
529.979 0.4726105054509415
530.98 0.491988011988012
531.998 0.5057699115044247
533.009 0.248973293768546
534.161 0.1995
535.17 0.42808325074331016
536.171 0.7543816183816184
537.229 0.36483175803402645
538.24 0.45464688427299704
539.25 0.8235089108910891
540.259 0.552800792864222
541.271 0.17302766798418973
542.28 1.060812685827552
543.281 1.1841118881118882
544.29 1.0414350842418236
545.299 0.8831635282457879
546.31 1.0217052423343225
547.319 1.1960673934588701
548.35 0.6485664403491755
549.351 1.1467252747252745
550.449 0.8206047358834243
551.5 0.4373434823977165
552.519 0.3544180569185476
553.529 0.49843960396039605
554.53 0.82396003996004
555.539 0.7490267591674925
556.54 0.7373186813186813
557.569 0.8610689990281827
558.571 0.8820299700299701
559.59 0.7967733071638862
560.759 0.9618066723695466
561.88 0.800542372881356
562.909 0.6168629737609329
563.919 0.5597386138613861
564.959 0.6734769230769231
565.969 0.5634534653465347
566.979 0.5296396039603961
568.009 0.6228038834951456
569.019 0.7043168316831683
570.039 0.5855450980392156
571.05 0.6417012858555885
572.139 0.5125289256198348
573.149 0.47912079207920794
574.169 0.6759529411764706
575.179 0.5677465346534654
576.189 0.6125227722772277
577.349 0.6884689655172413
578.569 0.8070754098360655
579.599 0.15937864077669903
580.629 0.6162640776699029
581.638 0.527183349851338
582.639 0.5512407592407592
583.699 0.5881660377358491
584.708 0.7484003964321111
585.929 0.4715544635544635
586.938 0.5739464816650148
587.939 0.6778501498501498
589.069 0.411716814159292
590.099 0.6056388349514563
591.109 0.49907326732673263
592.119 0.6826455445544554
593.129 0.5777900990099011
594.139 0.5904554455445544
595.199 0.5284301886792453
596.279 0.6964666666666667
597.488 0.7482812241521919
598.609 0.8021052631578947
599.619 0.7723881188118812
600.628 0.7449355797819625
601.629 0.7653146853146854
602.664 0.6820946859903382
603.668 0.7043984063745019
604.799 0.6565658709106985
605.809 0.8776871287128714
606.828 0.7108762278978389
608.199 0.6700452224653537
609.208 1.106331020812686
610.229 0.34999412340842306
611.278 0.31298379408960914
612.309 0.06368962172647914
647.391 0.002495638789122627
1097.923 0.0
