0.0 0.9087068114511353
1.009 1.702882061446977
2.018 2.0869454905847373
3.02 0.9054530938123753
4.027 0.9668560079443893
5.038 1.0479920870425323
6.267 0.9023075671277461
7.457 1.0673747899159665
8.458 1.0217142857142858
9.477 1.2956859666339549
10.487 1.0923247524752477
11.583 1.0485693430656933
12.588 1.449623880597015
13.597 1.4347433102081268
14.607 1.1806574257425744
15.657 1.1632609523809525
16.667 1.0741883052527255
17.677 0.9173623762376237
18.687 0.8585742574257426
19.688 1.1478921078921078
20.697 1.3326065411298316
21.698 1.229978021978022
22.747 1.0393746425166825
23.757 0.3250693069306931
24.787 0.4482485436893204
25.807 0.450635294117647
26.827 0.20853333333333332
27.897 0.2352448598130841
28.927 0.22313009708737863
30.067 0.25511578947368424
31.077 0.574289108910891
32.117 0.42220769230769234
33.127 0.6176316831683168
34.427 0.22729846153846156
35.446 0.23666339548577037
36.457 0.6061958456973293
37.467 0.6273821782178218
38.477 0.5959603960396039
39.487 0.6168871287128712
40.677 0.7359730866274179
41.687 0.7584950495049506
42.706 0.4381864573110893
43.707 0.7434485514485515
44.737 0.5627728155339806
45.977 0.5880903225806452
46.987 0.9535366336633664
48.007 0.7087372549019608
49.027 0.8190431372549019
50.037 0.8018376237623762
51.047 0.6199326065411298
52.066 0.6002590775269873
53.067 0.6450509490509491
54.077 0.6311049504950494
55.087 1.08769900990099
56.097 1.0382953419226957
57.117 1.2478196078431372
58.126 0.7323369672943508
59.306 0.618
60.426 0.7312214285714286
61.527 1.0806394187102635
62.528 1.1664655344655346
63.716 1.1165117845117845
64.726 1.2552
65.727 0.8131788211788211
66.728 0.7835364635364636
67.747 0.7466692836113836
68.756 0.8026481665014865
69.826 0.7960971962616822
70.956 0.8685522123893806
71.987 0.9765741998060136
72.997 0.5833742574257427
73.998 0.9273846153846154
75.006 0.8266746031746032
76.016 0.9761029702970297
77.027 0.6730534653465345
78.176 0.7778033072236727
79.236 0.7841358490566038
80.246 1.3002772277227723
81.256 0.7144396039603961
82.306 0.7106514285714286
83.326 0.8261647058823529
84.336 0.729069306930693
85.356 0.7403294117647059
86.366 0.6564118811881189
87.386 0.633035294117647
88.417 0.393086323957323
89.436 0.5262571148184495
90.446 0.49843960396039605
91.457 0.3682453016815035
92.466 0.5206263627353817
93.516 0.37522285714285714
94.536 0.28656470588235294
95.566 0.5737631067961164
96.577 0.45464688427299704
97.856 0.07701016419077406
98.857 0.18586213786213787
99.866 0.7583191278493558
100.898 0.5726511627906977
101.917 0.3650166830225711
102.937 0.27896470588235295
104.106 0.11234217279726262
105.356 0.0963072
106.357 1.0354685314685315
107.366 1.0118929633300298
108.546 0.9203796610169492
109.556 0.899358415841584
110.566 0.6858930693069306
111.597 0.668741028128031
112.617 0.3669647058823529
113.628 0.21649851632047476
114.646 0.20425933202357563
115.676 0.5530495626822157
116.677 0.7358961038961039
117.726 0.752701620591039
118.736 0.9338851485148515
119.746 0.7759128712871287
120.756 1.0044118811881189
121.778 0.6079608610567514
122.797 0.6603807654563297
123.806 0.6927730426164519
124.886 0.7816296296296297
125.897 1.0944
126.906 0.913585728444004
128.137 1.0186774979691307
129.146 1.0629454905847373
130.156 0.8787326732673267
131.175 0.8204514229636899
132.177 0.8729740518962076
133.186 1.606414271555996
134.187 1.1376143856143857
135.756 0.7701363926067558
136.826 0.45003364485981306
137.836 0.48392079207920785
138.855 0.6779038272816487
139.866 0.8010445103857566
141.106 0.2754967741935484
142.136 0.5100116504854368
143.156 0.6437647058823529
144.165 0.6150089197224975
145.166 0.7543816183816184
146.175 0.88398810703667
147.185 1.1878178217821782
148.205 1.1516784313725492
149.216 1.2342868447082096
150.366 0.955304347826087
151.416 1.1839238095238094
152.424 1.2288809523809523
153.425 1.3044795204795205
154.426 1.462841158841159
155.445 1.6175387634936211
156.456 1.346650840751731
157.466 1.1339960396039603
158.486 1.5879529411764706
159.495 0.77198810703667
160.545 0.8748190476190477
161.675 1.0786194690265485
162.676 1.3009230769230768
163.685 1.0810386521308226
164.696 1.1947378832838775
165.716 1.266894117647059
166.726 1.1649980198019803
167.736 1.2306613861386138
168.745 1.0871199207135778
169.756 0.9109159248269041
170.765 1.0777641228939545
171.766 1.3417942057942058
172.775 1.1905966303270565
173.785 1.0631841584158417
175.025 0.8886193548387097
176.045 0.901270588235294
177.055 0.7617663366336634
178.066 1.1826231454005935
179.075 0.9790525272547078
180.085 1.0580831683168317
181.096 1.1966449060336302
182.105 1.2333399405351833
183.196 1.190775435380385
184.205 1.204468253968254
185.406 1.3138850957535386
186.415 1.2605986124876116
187.416 1.4182217782217783
188.418 1.5777964071856287
189.435 1.1654119960668634
190.445 1.0432158415841584
191.455 1.0961980198019803
192.485 1.0481553398058252
193.495 1.4844831683168318
194.496 1.098141858141858
195.505 0.9434529236868187
196.516 0.8931275964391691
197.525 1.0802775024777007
198.535 0.6826455445544554
199.544 0.56800792864222
200.555 0.8397227722772277
201.57 0.549895566502463
202.575 0.5440079681274901
203.596 0.7824799216454456
204.615 0.5326633954857704
205.625 0.43385530227948466
206.815 0.3157848739495799
207.825 0.4767683168316832
209.055 0.41940162601626013
210.085 0.5737631067961164
211.105 0.44217254901960784
212.114 0.3579306243805748
213.195 0.4955633672525439
214.263 0.9778651685393258
215.265 0.7945149700598803
216.298 0.8206544046466602
217.305 1.0320794438927507
218.306 1.3002917082917083
219.463 1.2011892826274848
220.475 1.5933438735177865
221.485 1.4672158415841585
222.486 1.7723156843156844
223.487 1.3272567432567433
224.495 1.283253968253968
225.555 1.276822641509434
226.565 1.8733240832507434
227.785 1.3527344262295082
228.795 1.8010534653465347
230.025 1.2830894308943088
231.145 1.3541571428571428
232.525 1.1816811594202898
233.545 1.5953915603532876
234.745 1.1063133333333333
235.754 1.354013875123885
236.755 1.1512327672327671
237.775 0.9998823529411764
238.785 1.373489108910891
239.995 0.9640793388429753
241.045 1.1200914285714287
242.054 1.106331020812686
243.065 0.13062710187932738
244.274 0.9253068651778329
245.285 1.4180652818991097
246.364 0.7938016682113067
247.575 1.27730470685384
248.595 1.533098039215686
249.624 0.8591409135082605
250.634 0.6136237623762376
251.644 0.9535366336633664
252.664 0.7721687929342492
253.675 0.995893175074184
254.694 0.7028773307163887
255.695 0.7653146853146854
256.704 0.5116907829534192
257.745 0.6938559077809798
258.754 1.519254707631318
259.764 1.3933861386138615
260.775 1.2945835806132542
261.974 0.9768006672226857
262.975 1.240031968031968
263.984 1.3093676907829532
264.994 0.9406336633663366
265.995 1.2785534465534465
267.074 0.8813493975903615
268.084 1.0676118811881188
269.095 1.2665163204747776
270.105 1.196950495049505
271.114 1.119207135777998
272.124 0.5418138613861385
273.164 0.3475957651588066
274.185 0.743843290891283
275.194 1.0141526263627354
276.274 0.8120222222222222
277.294 0.8368941176470588
278.298 0.7042552342971087
279.314 0.8774724409448819
280.323 0.661629335976214
281.334 0.3658239366963402
282.342 0.304
285.273 0.041072671443193445
292.745 0.127220556745182
293.755 0.30339801980198017
294.845 0.46185688073394493
295.855 0.4049504950495049
296.865 0.26005544554455445
297.875 0.28172673267326737
298.955 0.020266666666666665
300.085 0.4831504424778761
301.095 0.41175445544554456
302.165 0.14319252336448599
303.175 0.5932277227722772
304.176 0.8199800199800199
305.185 1.0797779980178395
306.205 0.9924156862745098
307.215 1.3765708622398416
308.226 0.6746666666666666
309.375 0.6438781549173194
310.387 0.8730750988142292
311.395 1.3457936507936508
312.396 1.290917082917083
313.435 0.9246121270452358
314.445 1.1924514851485148
315.446 0.8626893106893107
316.635 0.8572649285113542
317.806 0.966729291204099
318.946 0.9369052631578947
320.126 1.1378169491525423
321.315 0.8533086627417998
322.316 0.974041958041958
323.325 0.9982001982160554
324.326 0.936999000999001
325.547 1.0112825552825553
326.726 1.1198710771840543
327.935 1.2365723738626964
328.946 1.447580613254204
329.947 1.4856903096903096
331.085 0.9987908611599297
332.095 1.388150495049505
333.226 1.0783023872679045
334.246 1.496956862745098
335.255 1.4593062438057482
336.426 1.109868488471392
337.445 0.6092639842983317
338.455 0.9682534653465346
339.515 1.0096528301886794
340.543 1.5483346303501948
341.545 1.263001996007984
342.665 1.67275
343.845 1.4133898305084747
344.855 1.9599445544554455
346.075 1.5715344262295081
347.194 1.647928507596068
348.425 1.5106872461413483
349.427 1.8127904191616766
350.444 1.23294395280236
351.575 1.3100618921308576
352.58 1.3460616915422887
353.826 1.092879614767255
354.834 1.2926349206349208
355.835 1.3701658341658343
357.034 1.010188490408674
358.035 1.4183496503496504
359.036 1.2663096903096902
360.095 1.2500623229461756
361.104 1.5890743310208129
362.289 1.1865113924050634
363.295 1.709320079522863
364.296 1.7923596403596402
365.415 1.157640750670241
366.424 1.6245550049554016
367.475 1.079101807802093
368.495 0.9257960784313725
369.504 0.9561942517343904
370.516 1.1362134387351779
371.634 0.6912415026833632
372.644 0.7726415841584159
373.744 0.7799127272727272
374.746 0.9360798403193613
375.794 0.6161221374045801
378.1 0.05683954900260191
379.114 0.9487541954590325
380.124 0.8343445544554455
381.144 0.25738823529411764
382.154 0.5201108910891089
383.164 0.6176316831683168
384.167 1.094333000997009
385.174 0.9161072492552136
386.175 1.3744335664335665
387.194 1.172027477919529
388.204 1.4660277227722773
389.205 1.3200079920079921
390.214 0.9300297324083251
391.215 1.2255264735264737
392.225 1.1163485148514851
393.234 1.2335460852329037
394.244 1.2016475247524752
395.254 1.328229702970297
396.264 1.338970297029703
397.274 1.3604039603960396
398.289 1.4197438423645319
399.294 1.4150129353233831
400.414 1.2577642857142857
401.415 1.619876123876124
402.424 1.3669692765113974
403.434 1.4494732673267325
404.454 1.008564705882353
405.464 0.9301465346534653
406.484 0.9794039215686274
407.488 1.1754581673306772
408.494 1.310703777335984
409.504 1.297671287128713
410.723 1.056597210828548
411.724 1.4157282717282715
412.743 1.4696918547595683
413.874 1.1355897435897435
414.884 1.1321980198019803
415.894 1.4357940594059404
416.904 1.3818217821782177
418.154 1.0682112
419.164 1.508958415841584
420.173 0.9039365708622398
421.184 1.1267814045499505
422.298 1.0106570915619388
423.304 1.4797452736318406
424.313 1.1601665014866205
425.354 0.3743400576368876
426.373 0.5799568204121688
427.384 0.9921740850642928
428.535 0.9056959165942658
429.544 1.125637264618434
430.583 0.9853551491819056
431.593 1.058938613861386
432.603 1.052384539147671
433.613 1.085647524752475
434.614 1.104799200799201
435.633 1.1210520117762512
436.643 1.0939326732673267
437.645 1.0256303696303695
438.675 0.8395417475728155
439.684 0.9731298315163528
440.685 0.9212387612387611
441.713 0.7501867704280156
442.833 0.9620928571428571
443.843 0.9968792079207921
444.853 0.5113504950495049
446.003 0.9245565217391304
447.004 1.3884995004995004
448.209 0.10886378737541529
449.213 0.9651075697211156
450.223 1.6315009900990098
451.224 1.8087032967032968
452.233 1.6912903865213083
453.243 1.4337980198019802
454.443 1.2169266666666667
455.453 1.5607683168316833
456.465 1.4358181818181817
457.633 1.4946506849315069
458.634 1.6201238761238759
459.713 1.3347247451343838
460.714 1.6713286713286715
461.723 0.9309970267591675
462.724 1.7687352647352648
463.725 1.250237762237762
464.733 1.6504444444444444
465.753 1.2457803921568626
466.754 1.7834645354645353
467.763 1.5890109018830527
468.782 0.4281100196463654
469.783 0.9352487512487512
470.823 1.1699000000000002
471.893 1.8079551401869158
472.963 0.32729719626168224
473.978 1.0684970414201185
474.983 1.6210547263681592
475.984 1.13588011988012
476.993 1.476876114965312
478.012 1.7664926398429834
479.014 1.7716683316683315
480.033 1.6715760549558392
481.043 1.5531564356435643
482.053 1.5387247524752474
483.063 1.6154059405940593
484.223 1.3335703192407249
485.243 1.1587764705882353
486.253 0.7913029702970297
487.382 1.0372010628875112
488.563 1.1994716342082983
489.773 1.268317355371901
490.933 1.3624620689655174
492.103 1.3190837606837604
493.123 1.3886117647058822
494.344 1.3907016393442622
495.352 1.205142857142857
496.362 0.9924277227722773
497.372 1.0530772277227722
498.383 1.2524391691394658
499.402 1.2944533856722276
500.403 1.536783216783217
501.413 1.4728316831683168
502.423 1.2555643564356433
503.433 1.208649504950495
504.442 1.015388888888889
505.533 1.1029074243813015
506.723 1.1373512605042018
507.732 1.594418235877106
508.733 1.1487552447552447
509.923 1.0331226890756302
510.932 1.323258671952428
511.943 1.0112601384767559
513.163 1.1667803278688527
514.182 1.2458331697742886
515.192 0.9035881188118811
516.202 1.1919207920792079
517.213 0.9832561819980218
518.214 1.0073206793206793
519.222 1.4114285714285713
520.232 0.9989861386138614
521.242 1.154138613861386
522.243 1.2711528471528473
523.363 1.3604357142857142
524.402 1.6575938402309915
525.442 1.5021076923076924
526.443 1.5471808191808192
527.452 1.5486144697720516
528.462 1.4691326732673267
529.472 1.5016633663366339
530.482 1.6141526263627353
531.492 1.6144079207920794
532.493 1.5307172827172826
533.502 0.3881308225966303
534.643 1.1874005258545135
535.652 1.7914285714285714
536.662 1.274621782178218
537.675 1.5922685093780848
538.682 1.417638170974155
539.702 1.6737882352941176
540.703 0.7543816183816184
548.122 0.01766707103383205
549.525 0.03997146932952924
550.528 1.3748195413758724
551.536 2.022047619047619
552.765 1.9590561432058584
553.985 1.3541311475409836
554.986 1.9570189810189809
556.006 1.5526117647058824
557.016 2.047936633663366
558.026 2.1129504950495046
559.035 1.7974707631318139
560.045 2.0696079207920794
561.046 1.6628011988011988
562.047 2.503672327672328
563.066 1.8587583497053044
564.075 2.4512824578790884
565.076 1.7188571428571429
566.085 1.6920356788899902
567.096 1.9160118694362018
568.105 1.4988015873015872
569.106 1.322901098901099
570.115 1.2798731417244795
571.125 0.9860435643564357
572.225 0.8357236363636364
581.545 0.041031011911149266
582.565 4.861356862745097
583.566 0.8746453546453548
584.575 1.2594285714285713
585.585 1.1160712871287128
586.595 1.3869623762376238
587.615 1.132792156862745
588.625 1.5061544554455446
589.644 0.7955363457760314
590.645 0.22959440559440558
591.664 0.5692168792934248
592.855 0.8637581863979849
594.065 0.7597487603305785
595.075 0.8005306930693069
596.085 1.2135920792079207
597.095 1.2786059405940593
598.115 1.3304470588235293
599.125 1.5061544554455446
600.135 1.2098376237623762
601.144 1.5293399405351833
602.145 1.3666333666333665
603.155 1.3327841584158417
604.164 1.3124122893954413
605.185 1.0886425073457393
606.205 1.3411764705882354
607.215 1.4844831683168318
608.224 1.3124122893954413
609.235 1.4721899109792285
610.244 0.9805
611.245 1.2791688311688312
612.254 1.0629454905847373
613.274 1.0300235294117648
618.584 0.03527683615819209
619.795 4.203203963666391
620.804 0.7592467789890981
621.809 1.3829731343283582
622.814 1.3285253731343285
623.824 1.2244277227722773
624.855 1.390556741028128
625.864 1.1040158572844398
626.874 1.3869623762376238
627.884 1.1931020812685826
628.894 1.1052356435643564
629.904 0.689869306930693
630.914 1.170249504950495
631.924 1.3002772277227723
633.084 1.1585504745470232
634.094 1.5169900990099012
635.114 1.4377411764705883
636.13 1.3787716535433072
637.244 1.1816014362657092
638.245 1.4212987012987013
639.254 1.3774905847373637
640.288 0.8467311411992262
641.314 0.5231765853658537
642.334 0.6437647058823529
643.344 1.2569346534653467
644.354 0.9246574257425741
645.364 0.9752079207920793
646.374 0.9860435643564357
647.384 1.0402217821782178
648.393 1.064
649.394 1.169838161838162
653.494 0.15349268292682927
654.684 4.558608403361344
655.693 0.41216253716551043
656.713 0.8261647058823529
657.734 0.7717610186092067
658.773 0.4213282001924928
659.793 0.16094117647058823
692.413 0.0016774984671980378
694.22 0.024239202657807307
695.773 0.007047005795235029
697.514 0.012572085008615739
698.992 0.03702300405953992
700.832 0.011895652173913045
702.017 0.009235443037974684
706.156 0.010576467745832326
707.619 0.0374025974025974
708.702 0.06063157894736842
709.779 0.12193871866295265
710.818 0.12639846005774785
711.898 0.10133333333333333
712.937 0.1158652550529355
713.958 0.13934573947110673
715.002 0.13627586206896553
716.037 0.11631304347826087
717.12 0.16168421052631576
718.137 0.13989380530973453
719.262 0.15564799999999998
720.375 0.1474932614555256
721.395 0.13948235294117647
722.5 0.15846515837104072
723.597 0.13966818596171376
724.719 0.16581818181818184
725.776 0.13459981078524125
726.916 0.1536
727.918 0.15291017964071857
728.98 0.14879849340866289
730.438 0.006172839506172839
731.657 0.11671205906480722
732.76 0.13890843155031732
733.817 0.1656613055818354
734.837 0.1716705882352941
736.002 0.12212188841201718
737.199 0.13714285714285712
738.4 0.16416
739.418 0.18275834970530452
740.579 0.13196899224806202
741.629 0.1667657142857143
742.66 0.12737924345295829
743.697 0.18996335583413695
744.736 0.1579980750721848
745.796 0.1548679245283019
746.857 0.15472196041470312
747.897 0.15784615384615383
748.9 0.15275772681954136
749.938 0.14760693641618497
751.16 0.12538134206219312
752.201 0.18923342939481266
753.237 0.15845559845559845
754.275 0.15815028901734104
764.401 0.012944104285996445
765.435 1.5455319148936173
766.438 0.15275772681954136
767.441 0.12002392821535393
768.523 0.17194824399260628
769.538 0.16173399014778328
770.576 0.14760693641618497
771.615 0.1579980750721848
772.719 0.13878260869565218
773.92 0.1457985012489592
774.976 0.1761818181818182
776.037 0.15472196041470312
777.039 0.15291017964071857
778.876 0.0496418072945019
779.94 0.09257142857142857
781.035 0.14991780821917808
782.079 0.14675862068965517
783.218 0.13451799824407373
784.377 0.12275409836065573
785.396 0.13961923454367028
786.416 0.11802352941176472
787.455 0.1158652550529355
788.53 0.12216558139534883
789.599 0.1228512628624883
790.696 0.12969188696444847
791.776 0.0912
792.839 0.10295390404515523
793.9 0.09283317624882188
794.997 0.10973928896991797
796.059 0.08244067796610169
797.157 0.08970491803278688
798.218 0.05157398680490104
799.274 0.08290909090909092
800.596 0.05794856278366112
801.656 0.08259622641509433
802.717 0.06188878416588125
804.218 0.051037974683544304
805.238 0.05364705882352941
806.323 0.04034654377880184
826.0 0.002224729379478579
827.099 0.13941401273885348
832.96 0.026097935505886367
835.922 0.3030600945307225
837.121 0.08214845704753963
838.138 0.12913274336283187
839.159 0.12862683643486778
840.32 0.15082170542635662
841.541 0.14341031941031943
842.622 0.16198334875115633
843.639 0.1721769911504425
847.188 0.043099464637926174
848.218 0.5208854368932038
849.283 0.15428571428571428
850.336 0.1247179487179487
851.339 0.13093519441674972
852.342 0.13093519441674972
853.419 0.12193871866295265
854.499 0.16213333333333332
856.659 0.03576666666666666
857.837 0.08361290322580645
858.958 0.13667796610169494
859.979 0.11790793339862879
861.02 0.15769452449567722
862.097 0.11177715877437326
863.218 0.11715254237288135
864.236 0.1290058939096267
865.274 0.1370635838150289
866.439 0.11272789699570815
867.656 0.13488907148726376
868.896 0.13238709677419352
869.998 0.12910344827586206
871.059 0.1237775683317625
872.081 0.14991780821917808
873.136 0.15560189573459715
874.139 0.13093519441674972
875.199 0.1548679245283019
876.296 0.1497810218978102
877.318 0.16062622309197655
878.337 0.16109911678115799
879.339 0.15291017964071857
880.498 0.12275409836065573
881.499 0.18586213786213787
882.557 0.15516068052930057
883.598 0.15769452449567722
884.619 0.16078354554358473
885.656 0.1371957569913211
886.676 0.15035917566241414
887.696 0.16094117647058823
888.76 0.15428571428571428
889.814 0.15574952561669828
890.875 0.15472196041470312
891.895 0.16094117647058823
893.115 0.11661639344262295
894.116 0.17492907092907092
895.179 0.11324929444967075
896.257 0.12182560296846012
897.337 0.12159999999999999
898.456 0.08802144772117963
899.516 0.1342188679245283
900.536 0.1287529411764706
901.558 0.12850097847358122
902.56 0.15291017964071857
903.614 0.15574952561669828
904.636 0.12850097847358122
905.677 0.17872046109510087
906.735 0.14481663516068055
907.898 0.1035116079105761
915.72 0.015390437228330351
916.722 0.8191616766467067
918.456 0.21482814302191464
919.598 0.09583187390542908
920.696 0.17940983606557376
921.733 0.15830279652844742
922.878 0.12425502183406115
923.894 0.19388976377952757
924.914 0.13948235294117647
925.958 0.12579310344827585
927.156 0.1461636060100167
928.215 0.155014164305949
929.216 0.15306293706293708
930.276 0.18584150943396227
931.377 0.1292207084468665
932.438 0.15472196041470312
933.456 0.13975638506876228
934.536 0.13173333333333334
935.594 0.12412854442344046
944.218 0.020274582560296846
945.277 1.0543380547686498
946.333 0.13472727272727272
947.455 0.1365561497326203
948.456 0.13119680319680319
949.495 0.12639846005774785
950.498 0.10911266201395814
951.554 0.13472727272727272
952.621 0.12308153701968133
953.775 0.09483535528596188
954.853 0.13197773654916511
955.916 0.11324929444967075
957.056 0.11520000000000001
958.074 0.09675442043222005
959.155 0.09111563367252544
960.196 0.09461671469740633
961.496 0.06734769230769232
962.519 0.09628152492668622
963.535 0.06462992125984252
964.737 0.06373377703826955
965.818 0.060743755781683624
966.956 0.057701230228471005
968.157 0.0546744379683597
969.194 0.031660559305689485
973.34 0.007918958031837916
974.937 0.04796994364433312
976.82 0.057746149761019654
978.059 0.07949636803874092
979.119 0.10324528301886793
980.182 0.09265851364063969
981.279 0.08978669097538741
982.3 0.10718903036238982
983.361 0.08251837888784166
984.524 0.09410146173688735
985.558 0.11642553191489362
986.559 0.0983976023976024
987.822 0.06065558194774347
988.881 0.10334277620396601
989.921 0.11575384615384615
990.939 0.18275834970530452
992.039 0.12933818181818182
993.04 0.17492907092907092
994.061 0.12862683643486778
995.122 0.14440716305372292
996.231 0.1680650406504065
997.239 0.16285714285714287
998.32 0.15185938945420907
999.34 0.16094117647058823
1000.401 0.15472196041470312
1001.423 0.16062622309197655
1002.44 0.1183716814159292
1003.497 0.1863689687795648
1004.542 0.1570909090909091
1005.562 0.16094117647058823
1015.685 0.012947940333893114
1016.697 1.5358735177865614
1017.717 0.13948235294117647
1019.78 0.06528356761997091
1020.837 0.12424597918637653
1021.857 0.16094117647058823
1022.962 0.1287529411764706
1024.04 0.15228200371057515
1025.08 0.16836923076923077
1026.081 0.15306293706293708
1027.119 0.15815028901734104
1028.202 0.12126315789473684
1029.26 0.18619281663516069
1030.361 0.11928065395095368
1031.439 0.18273840445269016
1032.597 0.11340932642487048
1033.677 0.152
1034.878 0.15491090757701914
1036.018 0.1536
1037.037 0.13961923454367028
1038.099 0.13396610169491527
1039.1 0.14212987012987016
1040.18 0.07385925925925925
1041.237 0.12424597918637653
1042.317 0.14186666666666667
1043.36 0.1259137104506232
1044.44 0.07474814814814815
1045.46 0.13948235294117647
1046.541 0.1316114708603145
1047.68 0.15373485513608431
1048.842 0.07909122203098108
1050.057 0.1351111111111111
1051.1 0.1259137104506232
1052.697 0.05886537257357546
1053.898 0.11846128226477935
1055.705 0.07253569452130602
1056.878 0.13971696504688833
1057.88 0.1201437125748503
1058.979 0.11949772520473158
1060.018 0.1158652550529355
1061.02 0.06273852295409181
1062.08 0.12389433962264153
1063.138 0.10344045368620038
1068.603 0.0200256175663312
