0.0 0.7922138613861387
1.103 0.11883227561196737
2.12 2.1024503441494593
3.121 1.1917042957042958
4.141 0.9075450980392157
5.15 0.9058790882061447
6.16 0.9691722772277228
7.161 0.9366233766233766
8.17 1.1046739345887018
9.26 0.8540477064220183
10.48 1.0273967213114754
11.491 1.4033630069238376
12.523 0.6236434108527131
13.7 0.5429804587935428
15.186 0.7408236877523553
16.189 1.6164386839481555
17.2 1.0205578635014838
18.21 0.5417821782178218
19.232 0.2141682974559687
20.34 0.2666859205776173
21.36 0.1712470588235294
22.37 0.26005544554455445
23.4 0.27625631067961165
24.44 0.1368
25.51 0.19433271028037385
26.52 0.16253465346534654
27.529 0.4729752229930625
28.65 0.5470686886708296
29.67 0.5150117647058824
30.77 0.14923636363636367
31.8 0.43203883495145634
32.81 0.9560950495049505
33.811 1.4649510489510489
34.82 1.3651456888007927
35.94 1.3692357142857143
36.95 1.1831128712871286
38.09 1.2491940298507465
39.1 1.4858059405940593
40.11 1.4523643564356434
41.111 1.3655384615384614
42.12 1.2786838453914768
43.4 1.5269141716566865
44.41 1.2782336633663367
45.629 1.1822805578342905
46.631 1.500007984031936
47.632 1.5213986013986014
48.69 1.108196597353497
49.7 1.434439603960396
50.701 1.7135104895104896
51.84 1.333822651448639
53.2 1.1625294117647058
54.22 1.7780313725490196
55.23 1.115421782178218
56.24 1.5274930693069306
57.26 1.1501960784313725
58.27 1.361679207920792
59.31 0.9525923076923077
60.311 1.7474845154845153
61.319 1.1890634920634922
62.32 1.812963036963037
63.33 1.2268514851485148
64.573 1.4783703703703703
65.58 1.7709155908639522
66.68 0.60624
67.69 1.323920792079208
68.7 1.1950019801980198
69.713 1.2748193484698913
70.719 1.1050497017892644
71.73 1.3231018793273985
72.879 1.148031331592689
74.109 1.4774353132628153
75.11 1.4102217782217783
76.229 0.8802144772117962
77.24 1.3499742828882295
78.249 1.0552784935579782
79.462 0.9048976897689769
80.479 1.35937069813176
81.48 1.0080479520479522
82.49 0.751009900990099
83.51 0.8583529411764705
84.519 0.6523845391476709
85.539 0.6564941176470589
86.551 0.5035335968379446
87.559 0.5542063492063491
88.576 0.9329321533923305
89.809 0.5703876723438768
90.879 0.09205233644859813
91.889 0.6704158415841585
92.909 0.3648
93.919 0.5092752475247525
94.92 0.5043916083916083
95.929 0.8243250743310209
96.999 0.4704897196261682
98.25 0.043741007194244605
99.259 0.5773478691774034
100.329 0.9980785046728972
101.339 1.1269069306930695
102.359 0.6126117647058824
103.559 0.5234199999999999
104.579 0.7188705882352942
105.589 0.5409900990099009
106.59 0.5794525474525475
107.619 0.1914402332361516
108.819 0.02736
109.839 0.33261176470588233
110.889 0.08338285714285715
111.899 0.3045465346534654
112.919 0.39698823529411764
113.939 0.450635294117647
114.988 0.26081982840800766
115.99 0.16440718562874254
116.999 0.23862041625371655
118.038 0.2527969201154957
119.049 0.3680474777448071
120.399 0.18168296296296296
121.429 0.36125825242718446
122.439 0.37556435643564356
123.448 0.44470168483647177
124.45 0.3167425149700599
125.459 0.3266917740336967
126.469 0.6718099009900991
127.47 0.559936063936064
128.489 0.6873562315996075
129.519 0.45371650485436893
130.538 0.3758979391560353
131.569 0.392752667313288
132.576 0.5602624254473161
133.579 1.1653120638085743
134.629 0.1649142857142857
135.718 0.2311404958677686
136.738 0.21458823529411764
137.839 0.4473024523160763
138.859 0.40061960784313727
140.488 0.4838649478207489
141.498 0.6290901883052527
142.499 0.5601998001998001
143.639 0.5965894736842104
144.649 0.7693306930693069
145.659 0.6131801980198021
146.669 0.8491247524752475
147.688 0.782107948969578
148.699 0.8477546983184966
149.713 0.8073057199211047
150.909 0.7559197324414715
151.91 0.9621098901098901
153.088 0.6819354838709677
154.109 0.7610421155729676
155.129 0.901270588235294
156.138 0.7229573835480673
157.139 1.0386413586413588
158.149 0.7917383548067394
159.309 0.6142965517241379
160.318 0.7873015873015874
161.338 0.7924313725490195
162.749 0.7057349397590362
163.878 0.8788945969884854
164.889 1.0500178041543027
165.909 0.7550196078431373
166.918 0.9010822596630327
167.95 0.8326279069767442
168.978 0.7832762645914397
170.188 0.7708628099173552
171.189 0.9402437562437562
172.198 0.6090227948463826
173.428 0.7595512195121951
174.438 1.0727287128712872
175.448 0.8422336633663366
176.47 0.8863248532289628
177.578 1.0284115523465704
178.588 1.2027564356435643
179.589 0.9367912087912088
180.598 0.8601387512388503
181.608 0.8587247524752475
182.628 0.7324470588235295
183.818 0.898036974789916
184.819 1.158905094905095
185.829 0.948609900990099
186.839 1.0154059405940594
187.848 1.2441625371655105
188.869 1.146256611165524
189.878 1.22793260654113
190.939 1.0128934967012253
191.949 1.2755564356435645
192.968 1.2400157016683022
193.978 1.2926811881188118
195.048 1.1483663551401868
196.049 1.2135704295704295
197.058 0.69596828543112
198.067 0.8243250743310209
199.078 0.6673313550939665
200.088 0.9149861386138614
201.089 1.2245034965034967
202.098 0.6506005946481666
203.438 0.5350029850746268
204.618 0.9979254237288135
205.627 0.4880872150644202
207.157 0.4389647058823529
208.168 1.1636399604352126
209.178 1.7001900990099008
210.288 1.3993873873873874
211.308 1.4928549019607842
212.427 1.2534334226988384
213.428 1.6774345654345655
214.448 1.0322196078431374
215.458 1.711659405940594
216.468 1.2525940594059408
217.538 1.500044859813084
218.548 1.6839287128712872
219.569 1.8555063663075417
220.698 1.4869725420726305
221.699 1.4124915084915086
222.717 1.2219960707269155
223.718 1.735232767232767
224.719 1.4589330669330671
225.728 1.359659068384539
226.738 1.0750653465346534
227.748 1.1403009900990098
229.128 0.6356869565217392
230.137 1.1540138751238853
231.138 1.061034965034965
232.147 0.9106362735381566
233.167 0.7032862745098039
234.168 0.6262297702297702
235.177 0.8243250743310209
236.187 0.43372673267326733
237.188 0.5557882117882118
238.277 0.4321322314049587
239.507 0.1423609756097561
240.521 0.5752426035502958
241.537 0.49181889763779524
242.748 0.5018530140379851
243.757 0.6724757185332012
244.767 0.5716514851485148
245.801 0.6553268858800775
246.807 0.8050258449304175
247.808 0.5868371628371628
249.617 0.06654726368159204
250.637 0.7238588235294118
251.647 0.5634534653465347
260.984 0.044619042519010395
261.994 0.26005544554455445
263.084 0.311251376146789
264.373 0.322432893716059
265.374 0.4946493506493507
266.424 0.6459733333333334
267.473 0.6498226882745471
268.483 0.5526178217821782
269.484 0.5085074925074925
271.003 0.33862277814351543
272.004 0.6650389610389611
273.024 1.382886274509804
274.034 1.4495920792079209
275.045 1.489835806132542
276.254 1.3428089330024813
277.304 1.419344761904762
278.473 1.3862104362703165
280.405 0.1699378881987578
283.373 0.08480862533692722
284.389 0.9371338582677164
285.403 0.4489151873767258
286.554 0.327860990443093
287.573 0.49135230618253195
288.583 0.539659405940594
289.594 0.5862336633663366
290.814 0.6337114754098361
291.844 0.8216932038834951
293.014 0.4439726495726496
294.113 0.8989117379435851
295.114 1.2747652347652347
296.144 1.080854368932039
297.145 1.1013786213786214
298.154 0.9448880079286421
299.183 0.9134149659863946
300.393 0.6768727272727273
303.353 0.007394594594594594
304.473 0.1848357142857143
305.624 0.4534005212858384
306.973 0.4431371386212009
307.974 0.9378141858141859
308.975 0.7805474525474526
310.053 0.8324675324675325
311.054 1.1451908091908092
312.055 1.193022977022977
313.153 0.8469143897996357
314.154 1.411180819180819
315.163 1.180804757185332
316.314 0.9314613379669852
317.324 1.1692356435643563
318.333 0.8997581764122894
319.503 0.987965811965812
320.513 1.295881188118812
321.514 1.1116883116883116
322.515 1.133834165834166
323.533 0.8395206286836935
324.542 0.8680436075322101
325.543 0.9041998001998002
326.744 0.720932556203164
327.753 1.0863111992071357
328.763 1.0640712871287128
329.773 0.9199841584158416
330.783 0.7953188118811881
331.793 1.1380752475247526
332.803 0.952340594059406
334.063 0.6519746031746032
335.065 1.3883033932135729
336.073 1.096301587301587
337.082 0.8921942517343905
338.093 1.095343224530168
339.094 0.785934065934066
340.103 1.154386521308226
341.123 1.0870352941176469
342.133 0.6146930693069308
343.143 0.9357465346534654
344.385 0.8440901771336554
345.393 1.11624230387289
346.403 0.8612963330029733
347.473 0.6440448598130841
348.474 1.1558681318681319
349.483 0.8877066402378592
350.503 0.7305411764705881
351.505 0.9430969030969032
352.513 0.8199920634920634
353.532 0.47521099116781157
354.922 0.12597410071942444
360.637 0.022938746937346866
362.476 0.052659053833605224
363.666 0.8394084033613446
364.767 0.8477674841053588
365.826 0.8841170915958452
367.027 0.827736885928393
368.196 0.9076749358426005
369.33 0.782342151675485
370.466 0.887056338028169
371.547 0.8370397779833487
372.727 0.9352677966101695
373.977 0.877024
374.987 0.9828277227722773
376.457 0.5973877551020408
377.606 0.8395892080069627
378.616 0.6208840436075322
379.617 0.86392007992008
380.626 0.8668780971258672
381.627 0.8343336663336663
382.856 0.6610968266883646
384.006 0.9604591304347826
385.016 1.2181782178217821
386.036 0.8764313725490195
387.546 0.8262622516556292
388.547 1.1295664335664335
389.556 0.8601625371655105
390.568 0.5330830039525691
391.906 0.6134529147982063
392.916 0.857029702970297
393.926 0.9321425742574257
394.936 1.0481188118811882
395.937 0.9500579420579421
397.096 0.9875064710957722
398.236 1.080680701754386
399.396 1.0061018119068161
400.416 1.1695058823529412
401.426 0.7116198019801981
402.427 0.7756163836163836
403.446 0.9343748773307163
404.456 0.5712031714568879
405.476 0.4828235294117647
406.486 0.6399049504950496
407.497 1.1492067260138477
408.527 0.9562718446601941
409.536 0.9340396825396825
410.546 1.5686653465346536
411.547 1.4304975024975024
412.556 0.9792348860257682
413.566 1.2768316831683169
414.577 1.2296633663366336
415.586 1.2664182358771061
416.596 0.996459405940594
417.637 0.6909971181556196
418.646 0.5910247770069377
419.656 1.0293861386138614
420.665 0.7792428146679881
421.686 0.7898217433888345
422.706 0.5973254901960785
423.725 0.6229165848871443
424.747 0.32648140900195693
425.756 0.42300891972249755
426.776 0.7994117647058824
427.786 1.4793425742574258
428.876 1.3957064220183486
429.886 1.2497980198019802
430.896 1.134621782178218
431.906 0.991730693069307
432.966 0.7355849056603774
434.147 0.8024521591871294
435.155 1.7888540218470705
436.186 1.298498545101843
437.295 1.5271632100991885
438.297 1.6311288711288712
439.306 1.1652566897918732
440.315 1.7241070366699704
441.316 0.7871808191808192
442.325 0.6704142715559961
443.326 0.7654665334665336
444.335 1.1141328047571852
445.376 0.5920461538461539
446.385 0.5285550049554014
447.396 0.9605618199802176
448.406 1.3702732673267326
449.445 1.4134667949951876
450.455 0.6849791873141725
451.465 0.8668514851485148
452.475 0.4591841584158416
453.495 0.6130588235294118
454.505 0.574289108910891
455.515 0.429169474727453
456.535 0.450635294117647
457.555 0.5042823529411765
458.578 0.5502404692082111
459.585 0.8150943396226416
460.815 0.7919153783563874
461.816 1.158905094905095
462.826 0.7944950495049505
463.836 1.1713188118811881
464.845 0.7954331020812686
466.055 0.796290909090909
467.065 0.9318653465346535
468.075 0.6561980198019802
469.085 0.5549148514851484
470.095 0.5703445544554455
471.105 0.7910019801980198
472.106 0.600015984015984
473.146 0.6141615384615385
474.415 0.1795744680851064
475.425 0.5201108910891089
476.446 0.4379236043095005
477.455 0.6073974231912784
478.465 0.46310495049504946
479.495 0.4926446601941748
480.505 0.574289108910891
481.534 0.4501613216715258
482.555 0.578820763956905
483.585 0.39364820213799806
484.615 0.5100116504854368
485.625 0.4527128712871287
486.635 0.5055366336633663
487.645 0.5736079207920791
488.765 0.5473100983020553
489.766 0.8083756243756244
490.925 0.7596479723899915
491.926 1.1566033966033966
492.935 0.7910327056491576
494.027 0.9420659340659341
495.035 1.3111587301587302
496.055 1.286062745098039
497.065 1.3101069306930693
498.075 1.3560633663366335
499.085 1.404780971258672
500.086 1.2330469530469532
501.094 1.263404761904762
502.095 1.2026133866133866
503.105 1.2417188118811884
504.114 1.0794126984126984
505.125 0.8830544015825915
506.126 1.0515964035964036
507.144 0.9799764243614932
508.164 0.693356862745098
509.365 0.9164866666666667
510.385 1.0456705882352941
511.395 1.1221386138613862
512.405 1.0077861386138613
513.434 1.1094110787172011
514.435 1.0578461538461539
515.446 1.0206053412462908
516.625 1.0417981340118745
517.825 1.0721733333333334
518.854 0.7976676384839649
526.672 0.016765413149143003
528.127 0.2854323024054983
529.167 0.37883076923076925
531.327 0.020266666666666665
533.53 0.05467029972752044
534.532 0.41504191616766467
535.688 0.19880968858131487
536.867 0.10210687022900765
537.877 0.37787722772277227
538.888 0.5737210682492582
539.897 0.3842299306243806
540.927 0.5312621359223302
541.937 0.45223762376237625
542.949 0.6272252964426877
543.967 0.4486135693215339
544.977 0.44209900990099005
546.007 0.47813592233009705
547.008 0.24052747252747253
548.027 0.3758979391560353
549.047 0.18912659470068696
550.067 0.33261176470588233
551.076 0.37962338949454905
552.077 0.46202597402597406
553.087 0.409829702970297
554.117 0.4147871720116618
555.126 0.4842180376610506
556.156 0.43563495145631065
557.187 0.43521241513094083
558.206 0.3870853778213935
559.207 0.5575864135864136
560.417 0.43841983471074386
561.437 0.4828235294117647
562.476 0.49506063522617905
563.486 0.38544950495049507
564.506 0.5472
565.517 0.6061958456973293
566.527 0.47823366336633666
567.556 0.6168629737609329
568.617 0.42099905749293115
569.636 0.5584769381746811
570.656 0.5579294117647059
571.666 0.4173148514851485
572.686 0.5042823529411765
573.716 0.5100116504854368
574.926 0.4817785123966942
575.936 0.5417821782178218
576.956 0.5901176470588235
577.976 0.517435294117647
579.006 0.7225165048543689
580.016 0.7592467789890981
581.038 0.5286575342465754
582.046 0.7165714285714285
583.047 0.5657222777222777
584.066 0.7088361138370952
585.076 0.580432111000991
586.097 0.8039177277179236
587.106 0.561593657086224
588.126 0.6866823529411764
589.136 0.5806099009900991
590.177 0.5887262247838617
591.296 0.6023163538873995
592.306 0.6826455445544554
593.316 0.715120792079208
594.427 0.5102502250225022
595.436 0.666984126984127
596.446 0.6609742574257427
597.456 0.47633267326732676
598.486 0.5950135922330098
599.576 0.26834495412844034
600.586 0.6501386138613862
601.596 0.5636356435643565
602.646 0.6253714285714287
603.648 0.6553293413173652
604.676 0.43068482490272375
605.686 0.5851247524752475
606.726 0.5000538461538462
607.736 0.7043168316831683
608.756 0.6544941176470588
611.186 0.08291028806584362
612.216 0.4993864077669903
613.346 0.15495929203539824
647.931 0.002215064334248952
648.968 0.021107039537126327
650.268 0.025255384615384614
651.566 0.025294298921417564
652.646 0.020266666666666665
653.869 0.035793949304987735
655.286 0.023170077628793227
656.787 0.029164556962025315
657.848 0.030944392082940624
660.205 0.009286380992787441
664.374 0.005251439539347409
665.571 0.045714285714285714
666.693 0.08778609625668449
667.713 0.05364705882352941
669.256 0.05674141283214518
670.393 0.06737730870712402
671.413 0.042917647058823526
675.212 0.005001316135825217
676.55 0.02453811659192825
677.654 0.059478260869565217
678.713 0.07233994334277621
680.012 0.04212471131639724
681.033 0.032156709108716944
682.472 0.04563168867268936
683.852 0.03965217391304348
685.033 0.03706689246401355
686.413 0.02379130434782609
687.674 0.034715305313243454
688.85 0.037224489795918365
690.192 0.04077496274217585
691.574 0.031675832127351665
700.715 0.015537855579868708
701.834 0.30341376228775696
702.993 0.08498360655737705
704.552 0.03509942270686337
705.572 0.09656470588235294
706.713 0.047957931638913244
711.764 0.03894991090873094
712.814 0.07664761904761905
713.871 0.0828306527909177
715.213 0.07339493293591655
716.353 0.06720000000000001
717.59 0.06193047696038804
718.61 0.05364705882352941
719.63 0.05364705882352941
721.071 0.05316308119361554
722.511 0.06079999999999999
723.532 0.05359451518119491
724.611 0.08114179796107507
725.775 0.05641237113402062
727.095 0.06632727272727272
728.354 0.06954090548054011
729.41 0.08290909090909092
730.531 0.06833898305084747
731.732 0.06378684429641966
732.931 0.05476563803169308
734.071 0.06720000000000001
735.193 0.04877005347593583
742.394 0.004559366754617414
743.533 0.0864758560140474
745.592 0.13603496843127733
746.732 0.0768
747.793 0.05157398680490104
748.794 0.08746453546453546
749.893 0.0796651501364877
751.033 0.06720000000000001
752.174 0.057549517966695884
753.673 0.04380520346897932
755.012 0.049039581777445856
756.152 0.0768
757.291 0.057650570676031604
758.612 0.05799242997728993
759.65 0.07380346820809248
760.73 0.07093333333333333
761.851 0.06833898305084747
762.89 0.07373243503368625
763.892 0.07645508982035928
765.013 0.07810169491525423
766.093 0.07093333333333333
767.152 0.07233994334277621
768.23 0.07106493506493508
769.332 0.06951724137931034
770.372 0.07366153846153846
771.811 0.04191243919388465
772.891 0.07584950495049504
773.912 0.08575122428991185
775.009 0.09976298997265269
776.011 0.09829940119760479
777.109 0.09967213114754098
778.25 0.1088955223880597
779.273 0.12837536656891496
780.53 0.10447732696897374
781.591 0.10314797360980207
782.631 0.11575384615384615
783.872 0.06173086220789686
784.909 0.09498167791706848
785.971 0.072135593220339
786.972 0.07653146853146854
788.251 0.05989679437060203
789.272 0.08575122428991185
793.883 0.02842593797440902
795.192 0.23756760886172654
796.231 0.06319923002887393
800.113 0.04504070066975785
802.429 0.061540587219343704
803.55 0.07810169491525423
804.631 0.05061979648473636
805.713 0.06068761552680222
806.809 0.05991240875912409
808.891 0.02102593659942363
810.21 0.06637755875663383
811.353 0.028724409448818898
812.532 0.05569465648854962
814.032 0.029184
815.173 0.047957931638913244
816.192 0.0644396467124632
817.43 0.026520193861066237
818.791 0.04020573108008817
820.729 0.016941176470588237
827.671 0.0031529818496110634
848.652 0.0010432295886754683
850.852 0.014923636363636365
851.854 0.03276646706586826
852.933 0.020285449490268767
854.194 0.026036478984932592
855.452 0.03479809220985692
856.671 0.03591140278917145
857.872 0.0364496253122398
859.514 0.013338208409506398
860.576 0.041220338983050844
861.614 0.06326011560693642
863.151 0.02848145738451529
864.374 0.035793949304987735
865.574 0.0456
866.593 0.0644396467124632
867.794 0.0546744379683597
868.873 0.03042817423540315
870.134 0.043394131641554326
873.701 0.042881973647322685
875.312 0.026949720670391062
876.594 0.04245974781765276
877.713 0.09780160857908847
878.894 0.04633361558001693
880.094 0.05472
885.633 0.003951615815129084
886.652 0.3329381746810599
887.653 0.06559840159840159
888.674 0.07503232125367287
889.713 0.08426564003849857
890.811 0.08970491803278688
892.07 0.043463065925337566
893.354 0.03409345794392523
894.577 0.035793949304987735
895.652 0.05090232558139535
896.833 0.055600338696020324
898.053 0.035881967213114756
899.173 0.03908571428571429
900.495 0.03311346444780635
906.83 0.01036527229676401
908.071 0.035274778404512486
909.45 0.047617113850616385
910.631 0.055600338696020324
912.791 0.04513703703703704
913.83 0.042132820019249284
914.831 0.021866133866133865
915.93 0.0796651501364877
917.051 0.04881355932203389
918.17 0.05868096514745308
919.213 0.0629568552253116
920.371 0.05670466321243524
921.511 0.057600000000000005
922.874 0.04817608217168011
923.951 0.0812924791086351
925.053 0.059586206896551724
926.071 0.08600392927308448
927.15 0.07099907321594068
928.171 0.08575122428991185
929.251 0.0912
930.274 0.09628152492668622
931.332 0.09309640831758034
932.45 0.06852236135957067
933.451 0.0983976023976024
934.609 0.06615544041450777
946.849 0.004963398692810457
947.893 0.03144827586206896
948.973 0.08106666666666666
949.992 0.0966594700686948
951.014 0.08566731898238747
952.093 0.08114179796107507
953.25 0.07567156439066551
954.252 0.09829940119760479
955.369 0.06858370635631156
956.51 0.047957931638913244
957.589 0.09128452270620946
958.67 0.07086771507863089
959.871 0.045562031640299754
960.933 0.061830508474576266
962.21 0.07713077525450274
963.35 0.06720000000000001
965.213 0.04699516908212561
966.391 0.08361290322580645
967.67 0.06845347928068804
968.794 0.09736654804270461
969.828 0.0680154738878143
970.933 0.07923257918552036
972.015 0.14160443622920516
973.033 0.15050687622789785
974.173 0.06720000000000001
975.332 0.09300849858356941
976.511 0.08354198473282444
977.87 0.08858278145695364
982.249 0.002499200730760448
983.593 0.4099940476190476
984.671 0.13197773654916511
985.771 0.08954181818181818
986.791 0.1287529411764706
987.972 0.09266723116003386
989.114 0.10541506129597197
990.131 0.1183716814159292
991.191 0.12389433962264153
992.329 0.13463620386643235
993.408 0.10142724745134384
994.489 0.10123959296947271
995.691 0.05434276206322795
996.889 0.0822170283806344
997.996 0.09886178861788618
1009.418 0.011475398354053581
1010.77 0.8750614359733532
1011.827 0.08180889309366131
1013.05 0.007358953393295176
1014.166 0.05883870967741935
1015.21 0.04193103448275862
1016.308 0.10963934426229509
1017.587 0.09412353401094606
1018.61 0.10697947214076248
1019.713 0.11906436990027199
1020.809 0.10983941605839416
1021.87 0.08251837888784166
1023.029 0.07554098360655738
1024.067 0.04217341040462428
1025.129 0.072135593220339
1026.169 0.06313846153846155
1027.248 0.07099907321594068
1028.43 0.055553299492385785
1029.509 0.07099907321594068
1030.651 0.06708231173380035
1032.38 0.05696703296703297
1033.608 0.0623843648208469
1035.012 0.03897435897435897
1040.534 0.013460340456356393
1041.595 0.07220358152686146
1042.855 0.07817142857142859
1044.271 0.061830508474576266
1045.272 0.05466533466533467
1046.353 0.05061979648473636
1047.372 0.03203140333660451
1052.155 0.004557089084065245
1053.553 0.08155650929899856
1055.455 0.0047360672975814925
1056.895 0.038
1058.011 0.04903225806451613
1059.055 0.06289655172413793
1060.273 0.08086699507389164
1061.472 0.06389324437030859
1062.511 0.07373243503368625
1063.592 0.07086771507863089
1064.612 0.0643764705882353
1065.793 0.02895173581710415
1067.072 0.08556684910086004
1068.295 0.0805363859362224
1069.434 0.09608428446005268
1070.454 0.09656470588235294
1071.511 0.07247682119205298
1072.591 0.030399999999999996
1074.797 0.03922030825022665
1076.173 0.014505813953488373
1077.234 0.04125918944392083
1078.452 0.03594088669950739
1079.515 0.05147695202257761
1080.714 0.04563803169307756
1082.07 0.04035398230088496
1083.433 0.04014673514306676
1087.393 0.011057337711543318
1088.533 0.11520000000000001
1104.714 0.0018382053025152959
1106.251 0.007120364346128822
1107.453 0.05462895174708819
1108.553 0.05969454545454546
1109.694 0.047957931638913244
1110.773 0.08114179796107507
1111.95 0.0557892948173322
1112.952 0.07645508982035928
1114.032 0.0912
1121.953 0.0020906451205655848
1123.351 0.03131330472103004
1125.552 0.014923636363636365
1127.893 0.009349850491243058
1129.153 0.05211428571428572
1130.251 0.009967213114754098
1132.092 0.01783378598587724
1133.094 0.032799200799200796
1134.331 0.035388843977364595
1136.577 0.014617987533392699
1137.654 0.13210027855153203
1139.07 0.05410169491525423
1141.075 0.03820847880299252
1142.36 0.034066926070038916
1144.153 0.02939431121026213
1145.251 0.03986885245901639
1146.534 0.04265003897116135
1147.591 0.04141532639545885
1148.611 0.03218823529411765
1149.893 0.04268330733229329
1150.933 0.04209230769230769
1152.072 0.04804214223002634
1153.152 0.020266666666666665
1154.611 0.04500616860863606
1155.692 0.060743755781683624
1157.61 0.009438998957247133
1158.791 0.027800169348010162
1160.313 0.02876215505913272
1161.373 0.030973584905660382
1162.631 0.03479809220985692
1163.633 0.04368862275449102
1164.991 0.024176730486008838
1166.153 0.01883648881239243
1171.446 0.0
