0.0 1.055650655021834
1.193 0.9340553359683794
2.2 0.901648460774578
3.212 0.8414861660079052
4.22 0.8177301587301588
5.452 0.7826233766233767
6.46 0.9659603174603174
7.472 0.7402529644268775
8.48 1.0383968253968254
9.492 1.046909090909091
10.5 0.9597301587301587
11.502 1.044311377245509
12.504 1.0061556886227545
13.52 1.1555669291338584
14.54 1.190964705882353
15.56 0.8579294117647058
16.572 0.947399209486166
17.58 0.944968253968254
18.6 0.994313725490196
19.616 1.126692913385827
20.62 0.924597609561753
21.64 0.8835764705882353
22.652 1.1679367588932807
23.68 0.8903813229571984
24.693 1.2640157946692991
25.7 0.9950268123138034
26.72 1.1218901960784315
27.732 0.9850592885375494
28.832 1.0460436363636363
29.992 1.1199241379310345
31.22 1.139400651465798
32.232 1.3517786561264822
33.24 1.0559761904761904
34.245 1.16967960199005
35.252 1.4563018867924529
36.256 0.8778725099601594
37.26 1.2317450199203188
38.268 1.045642857142857
39.273 1.2522985074626864
40.3 0.874157740993184
41.312 0.9231699604743082
42.32 1.2377142857142858
43.324 1.0210597609561753
44.333 1.410029732408325
45.353 1.0433882352941177
46.36 0.8967864945382323
47.368 1.3354285714285714
48.372 1.0406772908366535
49.46 1.130639705882353
50.465 1.4483104477611939
51.48 1.0903566502463053
52.493 1.0474076999012834
53.496 0.8729012961116651
54.5 0.8666454183266932
55.513 1.1775873642645607
56.536 0.8023460410557185
57.552 0.23081889763779528
58.56 1.14
59.561 0.8855784215784216
60.593 0.2304418604651163
61.8 0.1904092792046396
62.812 0.3568695652173913
63.852 0.8405692307692307
64.86 1.1182857142857143
65.873 0.7255676209279368
66.92 1.003461318051576
68.36 0.076
69.713 0.056620842572062076
70.725 1.0421660079051382
71.733 0.9140793650793652
72.74 0.9237735849056604
73.753 0.7662625863770977
74.772 1.093919528949951
75.837 0.3699380281690141
76.852 0.1834792899408284
77.853 0.27332667332667326
78.86 0.08694339622641509
79.893 0.2592061955469506
80.9 0.5868679245283018
82.092 0.6175973154362416
83.1 0.8685714285714285
84.332 0.42009090909090907
85.361 0.4360583090379009
86.372 0.584545994065282
87.38 0.5174523809523809
88.401 0.5037884427032322
89.433 0.37116279069767444
90.512 0.16228359592215014
91.572 0.2735033050047214
92.58 0.7708571428571429
93.753 0.568927536231884
94.761 0.5862857142857143
95.772 0.6711454005934717
96.78 0.7039365079365079
97.793 0.7238381046396841
98.8 0.44435352532274086
99.801 1.2026373626373628
100.92 1.171124218051832
101.932 1.5367667984189721
102.992 1.3113358490566038
104.004 1.0165375494071147
105.24 0.34781229773462785
106.256 0.6462992125984253
107.26 0.6872430278884463
108.285 1.0143219512195123
109.292 0.7498867924528302
110.293 0.7975544455544455
111.3 1.0759245283018868
112.313 0.7343494570582428
113.393 0.9398518518518518
114.413 0.9441882352941178
115.525 0.8323309352517986
116.532 1.0759245283018868
117.541 0.8668305252725471
118.552 1.451782393669634
119.692 1.3370947368421051
120.693 1.7602237762237762
121.713 1.1676392156862747
122.76 1.2701356255969436
123.764 1.6786613545816733
124.992 1.2964885993485342
125.993 1.5743616383616383
127.0 1.1991499503475669
128.013 1.2454807502467917
129.02 1.1088778550148957
130.12 1.3121381818181819
131.136 1.3141417322834645
132.14 1.0791394422310758
133.153 0.6333978282329714
134.172 1.0310343473994112
135.173 0.5501938061938062
136.18 1.093553128103277
137.204 1.3476484375000002
138.213 1.637153617443013
139.225 1.5498656126482213
140.233 1.6102936507936507
141.244 1.5706033630069238
142.713 1.4093941456773316
143.721 2.052
144.724 1.729778664007976
145.725 1.7235324675324675
146.793 1.6889662921348316
147.892 1.575985441310282
148.9 0.8251428571428571
149.908 0.6948571428571428
151.12 0.8022310231023102
152.121 1.4431648351648354
153.124 1.4184646061814556
154.132 1.138984126984127
155.145 1.6258479763079963
156.153 0.8883571428571428
157.16 1.3802264150943397
158.161 1.1181938061938064
159.772 0.6105127250155183
160.777 1.1869611940298508
161.78 1.541942173479561
162.825 1.3177416267942583
163.832 1.8475471698113208
164.834 1.2650778443113773
165.845 1.5912640949554897
166.856 1.2307814045499506
167.861 1.51364776119403
168.865 1.1136175298804782
169.873 1.4128301886792454
170.88 1.1121509433962264
171.892 1.2868932806324112
172.9 0.8480555555555556
173.913 0.8630365251727542
174.92 1.0759245283018868
175.96 0.4478846153846153
177.12 0.48115862068965515
178.132 1.0273517786561264
179.14 0.42342857142857143
180.153 0.3161618953603159
181.172 0.7303159960745829
182.193 0.6860097943192948
183.201 1.012031746031746
184.212 0.9840079129574679
185.213 1.3338341658341657
186.217 1.0128685258964145
187.22 1.2438843469591228
188.233 1.029188548864758
189.241 1.3571428571428572
190.245 1.4715537848605575
191.34 0.9953607305936073
192.345 1.3503044776119404
193.561 0.7380000000000001
194.572 0.7077111770524233
195.58 1.0531428571428572
196.601 1.1362037218413321
197.605 1.1990438247011952
198.616 1.0185242334322453
199.633 1.0278938053097344
200.652 0.966594700686948
201.656 0.6792270916334662
202.66 0.8720318725099602
203.68 0.485678431372549
204.681 0.7106493506493506
205.745 0.4937142857142857
206.761 0.6353858267716536
207.793 0.6999069767441861
208.801 0.6297142857142857
209.82 0.5155171736997056
210.841 0.3542879529872674
211.845 0.5232191235059761
212.86 0.3773793103448275
213.881 0.3322859941234085
214.913 0.36055813953488375
215.932 0.33150147203140334
217.08 0.43852264808362373
218.112 0.6574883720930232
219.121 0.45354212091179386
220.132 0.584545994065282
221.136 0.6213227091633466
222.14 0.48854980079681276
223.165 0.8007804878048781
224.18 0.6036492610837437
225.181 0.8527792207792207
226.185 0.7406693227091633
227.284 0.7966515013648772
228.305 0.6862135161606268
229.313 0.8259622641509434
230.332 0.6060843964671246
231.336 0.8393306772908367
232.344 0.8251428571428571
233.353 0.664396432111001
234.364 0.952593471810089
235.372 0.7285555555555555
236.393 0.7610421155729676
237.421 0.734568093385214
238.433 0.564600790513834
239.452 0.6980961727183513
240.46 0.8034285714285715
241.473 0.6731846001974334
242.481 0.8142857142857143
243.493 0.720300395256917
244.5 0.956377358490566
245.513 0.6442250740375123
246.532 0.8914151128557409
247.545 0.8075261599210266
248.572 0.8098773125608568
249.573 0.597898101898102
250.58 0.9998490566037734
251.593 0.881350444225074
252.612 1.1599136408243376
253.62 0.8142857142857143
254.633 0.41420730503455083
255.641 0.4564528301886792
256.652 0.497946587537092
257.673 0.5252262487757101
258.84 0.3002570694087403
259.846 0.5874512922465209
260.873 0.47953261927945473
261.892 0.3405377821393523
262.913 0.39659941234084234
263.961 0.38638167938931295
264.993 0.19022480620155038
266.001 0.7622936507936509
267.012 0.703351137487636
268.02 0.7382857142857143
269.033 0.6290148075024679
270.052 0.5554543670264965
271.073 0.6860097943192948
272.36 0.2891188811188811
273.373 0.18879841897233204
274.552 0.4362748091603053
275.553 0.5903856143856144
276.564 0.6202571711177053
277.576 0.8326956521739131
278.593 0.6593982300884955
279.612 0.7428380765456329
280.621 1.0412527254707633
281.633 0.828885375494071
282.832 0.9533077564637198
283.86 0.5003579766536965
284.932 0.18376119402985072
287.732 0.05081142857142858
288.733 0.6230009990009989
289.752 0.4725574092247301
291.825 0.08974819102749637
292.833 0.42342857142857143
293.845 0.5786324110671937
294.852 0.8650645481628599
295.853 0.7981138861138861
296.865 0.5230671936758894
297.872 0.6466017874875869
298.985 0.9823755615453729
299.993 1.3419047619047617
301.004 1.3134638971315529
302.005 1.1385334665334665
303.012 1.2521072492552134
304.084 1.1064104477611942
305.153 1.0081197380729654
306.164 0.8984688427299704
307.18 0.5127244094488188
308.204 0.3313125
309.212 0.9642619047619049
310.232 1.430721568627451
311.252 1.5825098039215686
312.253 1.5174105894105894
313.265 1.4694150197628457
314.273 1.395793650793651
315.786 0.0866305353602115
316.792 3.997988071570577
317.804 1.3370434782608696
318.825 1.3454025465230166
319.837 1.4169169960474308
320.844 1.4814075546719683
321.845 1.3975544455544453
322.852 1.4034558093346574
323.873 1.447890303623898
324.884 2.251584569732938
325.892 1.7094126984126983
326.905 2.0418716683119444
327.912 0.8691717974180735
328.913 1.275052947052947
329.924 1.8201068249258159
330.925 1.8247912087912088
331.932 1.818152929493545
332.944 1.7465533596837945
333.945 1.5895704295704296
334.948 1.6029990029910268
336.065 1.6655756490599822
337.073 1.910857142857143
338.085 1.4324505928853757
339.092 1.4239205561072492
340.105 1.5016939782823295
341.113 1.2811428571428571
342.132 0.8606790971540725
343.145 1.2760790513833993
344.153 1.2237936507936509
345.225 1.4165671641791047
346.233 1.7914285714285714
347.245 1.083067193675889
348.252 1.5758490566037735
349.268 1.339968503937008
350.292 1.3786874999999998
351.305 1.9543613030602172
352.525 1.9553508196721312
353.532 1.336754716981132
355.705 0.22159963184537507
356.736 1.588019398642095
357.764 0.4577743190661479
358.793 0.4041516034985423
359.801 0.6188571428571429
360.812 0.6819703264094955
361.972 0.25473103448275863
363.001 0.26588921282798833
364.485 0.2717789757412399
365.492 1.1302641509433964
366.692 1.2678866666666668
367.7 0.9554285714285715
368.905 0.2270539419087137
369.913 1.2761666666666667
370.925 1.3517786561264822
371.945 1.1111529411764707
372.972 1.3321441090555015
373.993 1.0699862879529873
375.001 1.1386666666666667
376.004 1.4948434695912263
377.016 1.2407430830039525
378.017 1.7055584415584415
379.025 1.3078253968253968
380.033 1.7045714285714288
381.044 1.2541167161226507
382.052 1.4114285714285713
383.065 1.0205567620927936
384.073 1.3354285714285714
385.092 1.0002904808635917
386.104 1.1354940711462451
387.105 1.147972027972028
388.113 0.613531746031746
389.125 1.2328221343873518
390.372 1.0525998396150762
391.373 1.2682357642357642
392.376 0.9553579262213361
393.505 0.7909867139061116
394.513 1.3245714285714287
395.521 0.8761031746031747
396.572 0.9067021883920077
397.585 1.1559802566633761
398.593 1.0241031746031748
399.605 0.988102766798419
400.633 0.9754708171206226
401.645 1.22200790513834
402.653 0.9514444444444444
403.665 0.9025612648221344
404.805 0.6527999999999999
405.984 0.7623002544529263
406.993 0.8026323092170465
408.001 0.8468571428571429
409.012 0.9092937685459941
410.024 0.7723162055335968
411.044 1.1158588235294118
412.052 1.346285714285714
413.068 1.1220472440944882
414.073 1.5789850746268657
415.085 0.9565770750988142
416.092 0.7933584905660378
417.104 0.391897233201581
418.365 0.833167327517843
419.445 0.8114370370370371
420.452 0.6194716981132076
421.456 0.7303266932270917
422.473 0.8178407079646017
423.492 0.6009028459273797
424.504 0.7245533596837945
425.513 0.7267076313181368
426.525 0.5188616600790513
427.532 0.7064150943396227
428.56 0.6281089494163423
429.561 0.5247872127872127
430.652 0.508839596700275
431.656 0.6540239043824702
432.677 0.546664054848188
433.7 0.40652199413489737
434.705 0.2207442786069652
435.713 0.20628571428571427
436.725 0.681296442687747
437.961 0.8173009708737864
438.964 1.4075533399800597
439.972 1.270873015873016
440.985 1.0967423494570583
442.012 1.3898578383641675
443.153 1.4064504820333041
444.168 1.4697931034482759
445.172 1.4045737051792826
446.177 1.5959800995024875
447.224 1.3834422158548234
448.321 1.487168641750228
449.485 1.5505154639175256
450.492 1.5376444885799403
451.508 1.4344803149606298
452.512 1.6154820717131475
453.525 1.6985849802371542
454.533 1.579079365079365
455.548 1.4879527093596059
456.565 0.5022064896755162
457.572 0.9889811320754718
458.584 1.22200790513834
459.601 0.88792133726647
460.613 0.5471383399209486
461.625 0.6164110671936759
462.632 0.9833406156901688
463.645 1.6262213438735178
464.652 1.8475471698113208
465.664 1.6018656126482214
466.681 1.2441061946902654
467.692 1.3964154302670622
468.704 1.2734150197628458
469.705 1.4193566433566434
470.713 1.479968253968254
471.724 1.288166172106825
472.725 0.9402437562437562
473.745 0.912
474.764 0.4625632973503435
475.776 0.5082687747035574
476.785 0.8460178394449951
477.804 0.6980961727183513
478.892 0.5714485294117647
479.905 0.756248766041461
480.913 0.7274285714285714
481.925 0.502197628458498
482.932 0.9129056603773584
483.945 0.6830799605133269
484.953 0.8685714285714285
485.964 0.7793946587537093
486.972 0.7672301587301588
487.993 1.0504524975514202
489.012 0.7625358194308145
490.033 1.071890303623898
491.041 0.7759444444444444
492.052 0.584545994065282
493.084 0.8801860465116279
494.085 0.7952927072927073
495.284 0.9479165971643035
496.305 0.7610421155729676
497.313 0.8150943396226416
498.324 0.8211592482690405
499.332 0.7493015873015874
500.364 0.6893023255813955
501.372 0.6633730158730159
502.393 0.600258570029383
503.425 0.636279069767442
504.433 0.5313333333333334
505.445 0.605596837944664
506.472 0.3959571567672833
507.473 0.8965114885114885
508.485 0.9140553359683795
509.533 1.0541679389312977
510.545 0.9516521739130435
511.585 0.8088307692307692
512.592 1.2715471698113208
513.593 0.8902297702297702
514.605 1.3301501976284584
515.612 1.1205084409136048
516.625 1.0253425468904245
517.637 1.0765770750988144
518.641 1.0464382470119522
519.644 1.1771964107676969
520.664 0.6017725490196079
521.685 1.469929411764706
522.692 1.0844965243296922
523.693 1.249070929070929
524.713 1.298258823529412
525.725 0.5659604743083003
526.745 1.3197176470588237
527.753 0.9506984126984127
528.764 1.0824925816023736
529.773 0.9002497522299306
531.266 0.08784986595174263
532.281 1.7623566502463055
533.285 0.6867250996015936
534.292 0.7607547169811321
535.313 0.6393104799216455
536.324 0.8984688427299704
537.325 0.827932067932068
538.345 1.1480470588235292
539.348 0.9632063808574277
540.364 1.615748031496063
541.365 1.5532707292707293
542.473 0.8557328519855596
543.484 1.5920158259149357
544.504 1.6416
545.505 1.0667732267732268
546.513 0.765079365079365
547.552 0.7478575553416746
548.625 0.8878956197576887
549.645 1.802541176470588
550.652 1.3805124131082422
551.665 1.8798183613030603
552.673 1.4259126984126982
553.881 1.0566158940397352
554.884 0.9601914257228314
555.892 0.49942857142857144
556.905 0.6246317867719645
557.913 0.9011428571428571
558.921 0.9337142857142856
559.932 0.7793630069238379
560.948 1.4326299212598426
561.965 0.8152448377581122
562.984 0.7840157016683024
564.953 0.09453658536585366
566.345 0.29882758620689653
567.465 0.3912064343163539
568.473 0.5645714285714286
569.513 0.5261538461538462
571.112 0.1920750469043152
572.113 0.6997162837162837
573.633 0.41691052631578945
574.641 0.8794285714285714
575.645 0.8772988047808765
576.665 1.0514823529411765
577.673 1.0255412115193643
578.685 1.0250592885375496
579.692 0.9000913604766634
580.713 1.2969872673849168
581.732 0.5976683022571149
583.524 0.12825
584.545 0.3858805093046033
585.572 0.4184148003894839
586.593 0.49306953966699313
587.612 0.42959764474975465
588.645 0.34461181026137466
589.652 0.5107924528301886
590.668 0.5924409448818898
591.673 0.5649432835820895
592.685 0.9083952569169961
593.692 1.1737358490566037
594.705 0.838878578479763
595.713 0.9228571428571429
596.721 0.9445714285714285
597.724 0.6824007976071784
598.732 0.988
599.745 0.7687344521224088
600.904 1.027002588438309
601.913 1.2907195242814669
602.921 1.129761904761905
603.924 1.1377946161515453
604.945 0.840720861900098
605.972 0.8862473222979552
606.985 0.8318736426456071
608.004 0.5849892051030422
609.012 1.0965714285714288
610.025 0.8783652517275419
611.028 0.634520438683948
612.104 0.9705204460966543
613.273 1.0801575342465755
614.293 0.6008470588235294
615.484 0.3124231738035264
616.726 0.10553301127214171
617.745 0.954567222767419
618.753 0.7015714285714286
619.761 0.9771428571428572
620.785 0.790328125
621.793 1.161714285714286
622.805 0.8938814229249011
623.812 1.5432452830188679
624.825 1.2789891411648568
625.832 1.1649572989076464
626.844 1.252308300395257
627.845 1.2805274725274725
628.852 1.200826216484608
629.861 1.232372646184341
630.985 1.1887188612099646
632.065 1.1045333333333334
633.073 0.8692063492063491
634.285 0.9897755775577558
635.292 1.141132075471698
636.332 0.9365538461538461
637.345 0.4619230009871669
638.353 0.8902857142857143
639.372 0.6570598626104024
640.385 0.8426771964461995
641.397 0.681296442687747
642.412 0.46363743842364535
643.444 0.14846511627906978
644.68 0.07083495145631068
645.713 0.347
646.753 0.2209846153846154
647.844 0.11034280476626948
648.972 0.07761702127659574
697.621 0.0004499167506012457
698.821 0.02736
700.177 0.04035398230088496
701.317 0.057600000000000005
702.397 0.050666666666666665
703.501 0.03965217391304348
704.541 0.15784615384615383
705.565 0.12825
706.597 0.13786046511627909
707.701 0.11895652173913043
708.861 0.14151724137931035
710.001 0.096
712.041 0.04147058823529411
713.361 0.10778181818181819
714.517 0.15147404844290654
715.621 0.15860869565217392
716.677 0.14509090909090908
717.721 0.07129501915708812
718.781 0.12389433962264153
719.917 0.16377464788732393
721.001 0.12115129151291512
722.181 0.0968271186440678
723.217 0.21127413127413125
724.301 0.12115129151291512
725.341 0.13822307692307692
726.441 0.12933818181818182
727.461 0.09656470588235294
728.497 0.10563706563706562
729.617 0.04092857142857143
730.681 0.039330827067669175
731.845 0.09402061855670105
732.861 0.09694488188976379
733.921 0.07227169811320755
735.097 0.06514285714285713
736.117 0.042917647058823526
737.761 0.021591240875912406
738.937 0.037224489795918365
740.361 0.030741573033707864
741.561 0.07296
742.681 0.048857142857142856
743.857 0.046530612244897955
744.877 0.05364705882352941
746.017 0.0384
747.081 0.04114285714285715
748.117 0.03169111969111969
749.281 0.01861855670103093
750.321 0.05261538461538461
751.357 0.06338223938223939
752.401 0.06289655172413793
753.541 0.06720000000000001
754.581 0.07366153846153846
756.277 0.05187264150943396
757.417 0.048
758.421 0.05450199203187251
759.561 0.057600000000000005
760.657 0.05996712328767123
761.781 0.058419928825622774
762.841 0.051622641509433964
764.017 0.046530612244897955
765.397 0.036840579710144934
766.477 0.12159999999999999
767.481 0.09810358565737053
768.541 0.12389433962264153
770.261 0.033581395348837216
771.361 0.1392872727272727
772.441 0.10133333333333333
773.461 0.11802352941176472
775.057 0.045313283208020055
776.181 0.08762989323843416
777.201 0.07510588235294118
778.237 0.06338223938223939
779.321 0.05047970479704797
780.441 0.048857142857142856
781.741 0.04212471131639724
782.761 0.042917647058823526
784.141 0.02146086956521739
785.497 0.048424778761061944
786.841 0.032595681310498885
788.241 0.03908571428571429
789.481 0.035303225806451614
790.597 0.0392258064516129
792.421 0.018009873834339
793.597 0.027918367346938776
819.205 0.0004273664479850047
821.169 0.0390061099796334
823.449 0.028031578947368418
825.025 0.03472081218274111
826.149 0.058419928825622774
827.169 0.0643764705882353
828.269 0.10944
829.329 0.11356981132075473
830.789 0.06184657534246576
831.825 0.12676447876447877
832.965 0.13440000000000002
834.025 0.1342188679245283
835.053 0.14746303501945524
836.169 0.06691039426523297
837.189 0.13948235294117647
838.269 0.14186666666666667
839.353 0.14134317343173433
840.985 0.08449509803921569
842.049 0.03932330827067669
843.105 0.13472727272727272
844.229 0.14604982206405695
845.249 0.16094117647058823
846.285 0.1573050193050193
847.365 0.06914074074074074
848.669 0.12588957055214722
849.729 0.19616603773584904
850.785 0.15545454545454546
851.865 0.16213333333333332
852.925 0.09261886792452831
853.945 0.16094117647058823
854.969 0.14962499999999998
855.989 0.1716705882352941
857.005 0.10692413793103449
858.025 0.16094117647058823
859.089 0.15428571428571428
860.145 0.16581818181818184
861.189 0.12670498084291187
862.225 0.15845559845559845
863.245 0.16094117647058823
864.285 0.15784615384615383
865.365 0.10454074074074074
866.409 0.15724137931034482
867.433 0.14962499999999998
868.769 0.11544910179640719
869.845 0.16273605947955394
870.849 0.16350597609561754
871.869 0.16094117647058823
872.949 0.09334814814814815
874.029 0.152
875.069 0.16836923076923077
876.085 0.1252992125984252
877.105 0.16094117647058823
878.129 0.1603125
879.189 0.06554716981132075
880.269 0.16213333333333332
881.325 0.15545454545454546
882.429 0.13878260869565218
883.649 0.08720655737704919
884.709 0.16519245283018866
886.769 0.0425009708737864
887.965 0.2508050209205021
889.245 0.0513
890.425 0.08347118644067797
891.589 0.08461855670103093
892.649 0.10324528301886793
893.709 0.08259622641509433
894.889 0.09274576271186441
896.369 0.05701621621621621
897.433 0.14400000000000002
898.669 0.13281553398058255
899.709 0.16836923076923077
901.009 0.10253538461538463
902.069 0.1548679245283019
904.969 0.022642758620689655
906.149 0.3624745762711864
907.273 0.126576512455516
908.449 0.15820408163265307
909.509 0.1445433962264151
910.909 0.08526857142857144
912.209 0.13469538461538463
913.289 0.15214087117701575
914.309 0.11802352941176472
915.729 0.09167887323943662
916.789 0.03947169811320755
917.809 0.1716705882352941
918.973 0.12222680412371136
920.049 0.14239405204460964
921.789 0.0785609195402299
922.829 0.1368
923.889 0.11356981132075473
924.929 0.06313846153846155
925.949 0.08583529411764705
926.985 0.09507335907335908
928.029 0.06289655172413793
929.625 0.04156892230576441
930.669 0.06289655172413793
932.009 0.049002985074626866
933.129 0.048857142857142856
934.149 0.05364705882352941
935.409 0.04342857142857143
936.789 0.04758260869565218
938.049 0.04342857142857143
939.225 0.018612244897959183
940.269 0.06289655172413793
941.845 0.020263959390862944
943.365 0.028800000000000003
944.665 0.03367384615384616
945.805 0.028800000000000003
947.049 0.04398713826366559
948.265 0.036000000000000004
949.605 0.024501492537313433
964.809 0.0007198105761641672
968.573 0.01744527098831031
969.689 0.1863225806451613
970.869 0.06492203389830509
974.349 0.005206896551724138
975.493 0.057398601398601395
976.513 0.1288792934249264
977.549 0.1478918918918919
978.733 0.09243243243243243
980.009 0.0857680250783699
981.149 0.048
982.169 0.0643764705882353
983.233 0.04018796992481203
984.533 0.04209230769230769
985.589 0.05181818181818182
986.633 0.052464046021093
987.653 0.0643764705882353
988.793 0.048
989.849 0.06218181818181817
990.929 0.08106666666666666
991.949 0.08583529411764705
992.953 0.13080478087649403
994.109 0.09467128027681661
995.153 0.08700383141762452
996.209 0.14509090909090908
997.273 0.10285714285714286
998.293 0.13948235294117647
999.313 0.13948235294117647
1000.329 0.09451181102362205
1001.349 0.16094117647058823
1002.369 0.13948235294117647
1003.393 0.14962499999999998
1004.429 0.062270270270270274
1005.449 0.15021176470588235
1006.493 0.14675862068965517
1007.829 0.09979041916167665
1008.833 0.13080478087649403
1009.889 0.14509090909090908
1011.073 0.09243243243243243
1012.133 0.10641509433962264
1013.169 0.09507335907335908
1014.233 0.11314285714285713
1015.313 0.12159999999999999
1016.549 0.08457605177993527
1017.629 0.0608563484708063
1018.709 0.10133333333333333
1019.873 0.10342268041237114
1021.125 0.07867092651757188
1023.053 0.06403319502074688
1024.313 0.05926349206349207
1025.353 0.1368
1026.553 0.12768
1027.753 0.10031999999999999
1028.933 0.07419661016949151
1030.049 0.06864516129032257
1031.369 0.05803636363636364
1032.553 0.036452702702702705
1033.853 0.05892923076923077
1034.893 0.05261538461538461
1035.957 0.14400000000000002
1036.973 0.04308661417322835
1038.009 0.1162007722007722
1039.829 0.044391208791208794
1041.013 0.07394594594594595
1041.614 0.1274675540765391
