0.0 0.9183020730503455
1.008 0.9974603174603175
2.02 1.136885375494071
3.027 0.7761350546176762
4.039 1.0273517786561264
5.048 1.030406342913776
6.059 0.9246132542037586
7.08 1.1254848188050932
8.088 1.1725714285714286
9.099 0.7730642927794263
10.12 0.9647012732615082
11.127 0.6303396226415094
12.128 0.32799200799200795
13.148 0.450635294117647
14.159 0.4654718100890208
15.167 0.41707936507936505
16.176 1.138870168483647
17.18 1.4606533864541833
18.187 1.091304865938431
19.2 1.2964264560710759
20.247 1.2795721107927411
21.259 1.892490118577075
22.347 1.2514705882352941
23.359 1.7735335968379449
24.367 1.462063492063492
25.379 0.9922213438735177
26.387 1.5417142857142858
27.408 1.0870597453476982
28.419 0.7902195845697328
29.427 1.0748571428571427
30.44 0.6806238894373149
31.447 0.8413426017874875
32.46 1.2424086870681144
33.479 1.1921334641805694
34.499 1.0237490196078431
35.507 0.7925714285714285
36.527 0.7617882352941177
37.539 0.5407114624505929
38.547 0.5147936507936509
39.567 0.7510588235294118
40.579 0.6921106719367589
41.599 0.5150117647058824
42.619 0.5150117647058824
43.62 0.5794525474525475
44.651 0.3547002909796314
45.66 0.5748582755203172
46.667 0.7064150943396227
47.707 0.7787076923076923
48.727 0.7725176470588235
49.807 0.541274074074074
50.82 0.7886594274432378
51.827 0.9129056603773584
52.84 0.9831233958538994
53.867 0.8462706913339825
54.887 0.9656470588235294
55.899 0.9516521739130435
56.919 0.7877019607843138
57.927 0.9771428571428572
58.932 1.0671761194029852
59.979 0.8823686723973256
60.98 0.9621098901098901
62.0 0.997835294117647
63.008 1.0531428571428572
64.02 0.848
65.052 0.7317209302325581
66.067 0.9272748768472907
67.808 0.07532873563218391
68.812 1.3673306772908367
69.827 0.6253714285714287
70.867 0.5892923076923077
71.868 0.6341178821178821
72.887 0.3866378802747792
73.9 0.34571372161895364
74.919 0.15481844946025516
75.927 0.32571428571428573
76.931 0.3924143426294821
77.94 0.9653280475718532
78.959 0.8484553483807654
79.967 0.7210793650793651
80.987 1.1265882352941174
82.007 0.5686588235294118
83.019 0.6164110671936759
84.028 0.661629335976214
85.04 0.6641343873517787
86.067 0.6393768257059396
87.999 0.24924223602484474
89.019 0.38625882352941177
90.032 0.8966949654491609
91.039 0.6481906653426017
92.051 0.7245533596837945
93.059 0.4885714285714286
94.079 0.6974117647058823
95.099 0.3433411764705882
96.259 0.11321379310344828
97.287 0.15707392996108951
98.711 0.2555056179775281
99.732 0.2271341821743389
101.227 0.5636709030100334
102.267 0.1999384615384615
103.519 0.07867092651757188
104.527 1.2377142857142858
105.539 0.45419762845849804
106.54 0.4637282717282718
107.559 0.8591952894995093
108.56 0.9402437562437562
109.567 0.6629433962264151
110.579 0.5668300395256918
111.592 0.8210700888450149
112.599 1.336754716981132
113.619 0.7510588235294118
114.627 0.5147936507936509
115.639 0.45419762845849804
116.647 0.35828571428571426
117.659 0.529897233201581
118.667 1.0097142857142856
119.739 0.7494925373134328
120.74 1.3886273726273723
121.747 1.1627408142999007
122.768 0.8512438785504407
123.771 1.0693040877367894
124.779 1.2811428571428571
125.787 1.122793650793651
126.807 1.4484705882352942
127.827 0.6766162904808636
128.879 0.3328973384030418
129.887 0.7319365079365079
130.899 1.5031778656126482
132.027 1.1488794326241134
133.047 1.5235764705882353
134.059 1.4382924901185772
135.067 1.101079365079365
136.079 1.2868932806324112
137.088 0.8026323092170465
138.1 0.696600790513834
139.107 1.3584905660377358
140.12 1.7546614017769002
141.128 1.52
142.139 1.4180652818991097
143.147 1.166222222222222
144.159 1.4382924901185772
145.168 1.3494549058473737
146.179 1.5696142433234421
147.187 1.4593650793650792
148.207 1.6630588235294117
149.219 1.4211541501976284
150.227 1.5634285714285714
151.379 1.2199444444444443
152.387 1.348962226640159
153.388 1.3666333666333665
154.399 1.076162215628091
155.408 1.7137284440039644
156.411 1.3357048853439681
157.419 1.6502857142857141
158.452 1.3392913843175218
159.459 1.728
160.467 1.5787936507936506
161.471 1.8748685258964146
162.48 1.566382556987116
163.487 1.8475471698113208
164.5 1.635822309970385
165.507 2.0431698113207544
166.519 1.2589407114624505
167.527 2.1497142857142855
168.539 1.4319683794466402
169.559 1.8776470588235294
170.56 1.6007672327672329
171.699 1.8103740122914838
172.707 2.2582857142857145
173.72 1.635822309970385
174.747 1.9927244401168454
175.76 1.8951076011846002
176.779 1.8946889106967615
177.78 2.1538141858141855
178.787 2.0150784508440913
179.799 1.0706086956521739
180.807 1.3616507936507938
181.808 1.8476883116883116
182.819 1.4766844708209694
183.827 1.661142857142857
184.84 1.1991944718657452
185.847 1.5151539225422046
186.859 1.5356205533596836
187.867 1.0142222222222221
188.88 1.1775873642645607
189.892 1.3950355731225297
190.908 0.8554330708661418
192.159 0.34992805755395684
193.187 0.5110038910505836
194.219 0.29693023255813955
195.22 0.7762477522477522
196.239 0.41885770363101077
197.24 0.1904095904095904
198.247 1.0215849056603772
199.252 1.8185552238805969
200.26 1.5462222222222222
201.268 1.6177142857142857
202.272 1.3888764940239042
203.428 1.9162906574394465
204.439 1.7536379821958459
205.44 1.6007672327672329
206.447 2.358339622641509
207.459 1.7563952569169958
208.607 2.0059094076655053
209.612 2.1234626865671644
210.627 1.9668492610837438
211.647 1.5772235294117647
212.651 1.1272669322709163
213.659 1.1725714285714286
214.667 1.2268571428571429
215.68 0.879573543928924
216.7 0.6866823529411764
217.708 1.161714285714286
218.748 0.12615206929740136
219.76 1.9080474308300395
220.767 1.0433207547169812
221.779 0.8867667984189724
222.799 0.7447843137254903
223.807 0.7382857142857143
224.819 0.5731541501976285
226.7 0.20363636363636362
227.707 1.3956067527308837
228.727 1.3197176470588237
229.74 1.5341046396841065
230.76 1.238337254901961
231.767 1.4671698113207547
232.78 1.4845725567620929
233.787 1.8149433962264152
234.8 1.1496623889437314
235.807 1.7388679245283019
236.808 1.5351688311688312
237.812 1.7876653386454184
238.819 1.77598411122145
239.827 2.073714285714286
240.839 1.8537233201581027
241.84 1.8740939060939061
242.852 2.2493596837944665
243.859 1.5042859980139025
244.867 2.2713962264150944
245.88 1.6790286278381048
246.967 1.7157534498620055
247.968 1.2573026973026973
248.979 1.5804391691394657
249.98 1.07598001998002
250.999 0.5477369970559373
252.028 0.6168629737609329
253.039 1.039192878338279
254.047 0.9056507936507937
255.06 1.2532122408687068
256.067 1.434566037735849
257.079 0.578215628090999
260.16 0.028416747809152872
261.179 2.657224730127576
262.18 1.1042397602397602
263.184 0.4469163346613546
264.207 1.7375092864125121
265.212 2.2976955223880595
266.219 1.8411916583912613
267.22 1.7274245754245754
268.227 1.189116186693148
269.259 0.5514418604651163
270.271 0.19465612648221342
272.927 0.008240963855421685
274.039 0.275568345323741
275.047 0.4342857142857143
276.059 0.378498023715415
277.087 0.2129182879377432
278.091 0.37061354581673306
279.115 0.2395625
280.12 1.1445418326693229
281.14 0.5579294117647059
282.159 0.7088361138370952
283.167 0.7427936507936508
284.172 1.3938626865671644
285.179 1.4780377358490566
286.188 0.8071357779980178
287.199 0.8768189910979229
288.219 0.7188705882352942
289.259 0.4419692307692308
290.267 0.7210793650793651
291.279 1.449106719367589
292.295 1.368
293.313 1.1236184857423794
294.32 1.5215094339622641
295.332 1.0318418972332015
296.339 1.5106415094339622
297.351 1.5356205533596836
298.367 1.0816377952755907
299.379 1.5788774703557311
300.388 1.4145332011892964
302.4 0.641844930417495
303.412 1.7780237154150196
304.419 1.836679245283019
305.44 1.2597960784313726
307.047 0.177065339141257
308.379 1.9835195195195194
309.399 0.8476235294117647
310.415 0.5708976377952756
311.419 1.5805577689243027
312.439 1.2919843137254903
313.452 1.8582112537018758
314.459 1.199992055610725
315.471 1.2436363636363637
316.499 1.1009494163424123
317.508 1.4642616451932606
318.519 1.3314658753709199
319.531 0.4586877470355731
320.559 0.7239221789883269
321.579 0.42917647058823527
322.58 1.2791688311688312
323.587 1.3956067527308837
324.591 1.7004621513944225
325.6 1.3494549058473737
326.607 1.3693584905660376
327.612 1.2087402985074627
328.619 1.1021727904667329
329.647 0.7877976653696498
330.66 1.2640157946692991
331.667 1.3630029791459781
332.68 1.6961579466929912
333.687 1.4390784508440913
334.692 1.894782089552239
335.7 1.513650793650794
336.711 1.6995133531157272
337.719 0.8730793650793651
338.739 0.5901176470588235
339.759 0.6223058823529412
340.779 0.4935529411764706
341.807 0.2767937743190661
342.819 0.40012648221343877
344.079 0.37709206349206353
345.119 0.4104
346.188 0.11261365762394762
347.199 0.7151524752475248
348.207 0.9445714285714285
349.227 0.9066666666666666
350.228 0.8408871128871128
351.779 0.21168278529980655
352.787 0.29314285714285715
353.8 0.6698203356367225
354.807 0.9889811320754718
355.819 0.4154308300395257
356.827 0.673142857142857
357.828 0.6669170829170828
358.839 0.6386706231454006
359.859 0.8261647058823529
360.867 0.7210793650793651
361.887 0.9441882352941178
362.899 0.9408379446640316
363.967 0.8650187265917604
364.98 1.1235695952615992
365.987 1.1846037735849055
366.999 1.0220375865479723
368.0 1.3775664335664335
369.007 1.5432452830188679
370.02 1.344126357354393
371.027 1.630188679245283
372.031 1.3888764940239042
373.039 1.7154285714285713
374.051 1.4535968379446642
375.06 2.0065807730426166
376.072 1.6266245059288538
377.211 1.8391992976294995
378.219 1.9434285714285715
379.251 1.2769534883720932
380.252 2.0882157842157842
381.26 1.9045079365079367
382.271 2.1325103857566763
383.28 1.9026204162537164
384.367 1.6050045998160074
385.371 2.256382470119522
386.372 1.8740939060939061
387.379 2.380075471698113
388.399 1.678243137254902
389.412 1.635822309970385
390.419 2.010566037735849
391.427 1.491936507936508
392.439 1.676205533596838
393.459 1.3670901960784314
394.467 1.5417142857142858
395.587 1.4209142857142858
396.599 1.1679367588932807
397.611 1.0381660079051382
399.0 0.09443227665706051
400.019 2.0345593719332675
401.027 1.7914285714285714
402.039 1.2589407114624505
403.048 1.323258671952428
404.051 1.172035892323031
405.059 1.7697142857142858
406.072 1.4089476801579468
407.079 1.6193207547169812
408.091 1.0814229249011857
409.092 0.8573186813186813
410.099 1.0324528301886793
411.108 1.106331020812686
412.119 0.6647912957467854
413.12 0.6669170829170828
415.799 0.1429787234042553
416.8 1.093306693306693
417.808 1.0965714285714288
418.828 0.283443137254902
419.859 0.49890203685741996
420.867 0.8685714285714285
421.927 0.7536905660377358
422.948 0.8083682664054849
423.96 1.0165375494071147
424.967 1.0215849056603772
425.979 1.1030513833992095
426.999 1.0344784313725492
428.007 1.2702857142857142
429.051 1.0002145593869731
430.06 1.1714093161546086
431.079 1.1062139352306182
432.08 0.9885154845154845
433.087 1.2172075471698114
434.1 1.2748193484698913
435.107 1.015237338629593
436.139 1.230139534883721
437.147 0.8685714285714285
438.159 0.7029249011857707
439.16 0.5730589410589411
440.167 0.6520754716981132
441.187 0.38625882352941177
442.207 0.5579294117647059
443.211 0.8829322709163347
444.319 0.3004187725631769
445.328 0.9978671952428146
446.332 1.1336414342629482
447.339 1.0324528301886793
448.34 0.8026533466533466
449.347 0.5868679245283018
450.36 0.5185705824284303
451.367 0.6086037735849057
452.379 0.46501185770750986
453.539 0.31525517241379314
454.568 0.478600583090379
455.579 0.6927952522255193
456.587 0.673142857142857
457.607 0.6223058823529412
458.62 0.7238381046396841
459.627 0.5805124131082423
460.631 0.6976254980079681
461.639 0.7274285714285714
462.643 0.6758247011952192
463.647 0.6585498007968128
464.679 0.668093023255814
465.687 0.47771428571428576
466.716 0.3935160349854227
467.736 0.42917647058823527
468.748 0.3676837944664032
471.46 0.04834821099225378
472.467 0.9611439920556107
473.5 0.3496147144240077
474.519 0.34367811579980373
475.528 0.3470842418235877
476.559 0.33967798254122206
477.579 0.32188235294117645
478.62 0.36795389048991356
479.647 0.3516572541382668
480.656 0.3470842418235877
481.787 0.16851635720601238
482.808 0.3108481880509304
483.847 0.3159961501443696
484.848 0.31705894105894106
485.86 0.3352411067193676
486.887 0.36231353456669907
487.899 0.4217549407114624
488.919 0.5686588235294118
489.92 0.6058581418581418
490.927 0.7064150943396227
491.943 0.7109291338582677
492.948 0.7731582089552239
493.967 0.6014367026496565
494.999 0.44979844961240306
496.019 0.43990588235294115
497.04 0.5252262487757101
498.059 0.483297350343474
499.067 0.7057142857142856
500.087 0.5257411764705883
501.119 0.48781395348837203
502.12 0.3106653346653347
503.14 0.6008470588235294
504.159 0.5906967615309127
505.167 0.38
506.179 0.45419762845849804
507.196 0.312070796460177
508.227 0.3078331716779825
509.24 0.2808923988153998
510.259 0.16555839057899902
511.279 0.19312941176470588
512.296 0.2152212389380531
513.3 0.22890836653386457
514.308 0.31485714285714284
515.339 0.32999418040737144
516.34 0.37076523476523476
517.359 0.3329381746810599
518.36 0.4373226773226774
519.487 0.5963868677905945
520.499 0.5515256916996047
521.508 0.41216253716551043
522.52 0.46501185770750986
523.54 0.5686588235294118
524.559 0.6336565260058882
525.719 0.5228137931034482
526.727 0.42342857142857143
527.76 0.4555585672797677
528.8 0.43144615384615387
529.827 0.3836260954235638
530.839 0.24872727272727269
531.847 0.13028571428571425
541.64 0.01338425405902175
542.648 1.0253333333333332
543.747 0.08962329390354867
545.179 0.038212290502793296
546.192 0.6374096742349457
547.207 0.7978876847290641
548.22 1.0803553800592298
549.227 0.9391539225422046
550.228 0.9511768231768233
551.235 0.6955471698113207
552.239 1.2280717131474104
553.247 1.1481666666666668
554.259 0.9624664031620553
555.267 0.456
556.387 0.6196571428571428
557.4 1.3288371174728528
558.407 0.6303396226415094
559.419 0.8759525691699604
560.42 0.9338501498501498
561.427 0.8476981132075472
562.447 0.42917647058823527
563.459 0.6704822134387352
564.468 0.6290901883052527
565.48 0.23158893280632412
566.52 0.4524923076923077
567.527 0.4021132075471698
568.547 0.5901176470588235
569.559 0.529897233201581
570.587 0.4577743190661479
571.607 0.4720941176470589
572.628 0.2938530852105779
573.647 0.8162355250245339
574.659 0.7678102766798418
575.667 0.7382857142857143
576.679 0.7137391304347827
577.687 0.42793650793650795
578.719 0.29693023255813955
579.739 0.20385882352941176
580.839 0.1392872727272727
581.847 0.09771428571428571
583.379 0.042861618798955614
584.387 1.033479125248509
585.399 0.9624664031620553
586.4 0.40906293706293706
587.419 0.5477369970559373
588.428 0.5748582755203172
589.439 0.7148249258160237
590.447 0.8247619047619048
591.472 0.634380487804878
592.48 0.9988571428571429
593.488 0.7382857142857143
594.499 0.703620178041543
595.507 0.5473650793650794
596.519 0.8651383399209486
597.52 0.7653146853146854
598.527 0.7498867924528302
599.539 0.5515256916996047
600.56 0.48680117531831535
601.58 0.5686588235294118
602.588 0.5862857142857143
606.468 0.03379015210105698
607.471 2.023369890329013
608.479 0.9576507936507936
609.488 0.702794846382557
610.567 1.0649860982391104
611.579 1.2156837944664032
612.58 1.3119680319680318
613.588 1.025079365079365
614.599 1.2340415430267062
615.607 1.161714285714286
616.627 0.9808313725490195
617.64 1.1775873642645607
618.647 1.0759245283018868
619.66 1.0632339585389932
620.667 1.1846037735849055
621.699 0.8907906976744187
622.719 0.16094117647058823
624.2 0.022168804861580016
625.439 0.4718127522195319
626.447 0.36914285714285716
627.48 0.6038799612778315
628.519 0.2620365736284889
629.567 0.16836641221374046
697.0 0.001278424510254623
700.256 0.0402678955453149
701.319 0.17652681091251177
702.379 0.07227169811320755
703.419 0.08418461538461539
704.679 0.12159999999999999
705.955 0.06003761755485894
707.0 0.07330909090909091
708.079 0.0608563484708063
709.255 0.046530612244897955
710.259 0.07630278884462152
711.32 0.05157398680490104
712.359 0.03159961501443696
713.479 0.048857142857142856
714.499 0.07510588235294118
715.655 0.05680276816608997
716.756 0.05964032697547684
720.643 0.01689323385644456
721.675 0.04241860465116279
722.899 0.04470588235294117
725.3 0.10210412328196584
726.32 0.042290196078431375
727.475 0.03734718614718615
728.555 0.029955555555555555
729.635 0.03994074074074075
730.759 0.03837722419928826
731.779 0.03171764705882353
732.919 0.03783859649122807
734.135 0.03547368421052632
735.32 0.03640168776371308
736.375 0.0408872037914692
737.42 0.041278468899521525
738.655 0.03492793522267206
739.775 0.04814285714285715
740.795 0.03171764705882353
742.255 0.029545205479452052
743.515 0.042793650793650787
744.52 0.03219104477611941
745.759 0.03481517352703794
746.919 0.03718620689655172
748.015 0.03935766423357664
749.255 0.026090322580645163
750.679 0.022719101123595507
751.855 0.03668027210884354
752.919 0.05067669172932331
753.935 0.04245669291338583
754.999 0.04054135338345865
756.619 0.030439506172839508
757.879 0.03423492063492063
759.559 0.022
760.759 0.03594666666666667
761.815 0.03063636363636364
784.895 0.0004672443674176777
805.323 0.0005279028784021931
806.668 0.02405353159851301
807.683 0.03795862068965517
808.983 0.04147692307692308
829.903 0.006265391969407266
830.928 0.5078790243902439
832.484 0.04851413881748072
833.703 0.026539786710418376
834.868 0.055539914163090134
836.043 0.036711489361702127
837.123 0.05991111111111111
838.587 0.05892896174863388
840.003 0.05331073446327683
841.623 0.033283950617283946
842.763 0.07567719298245613
844.128 0.0632029304029304
845.343 0.04437860082304527
847.007 0.03240384615384616
848.703 0.04450943396226415
850.143 0.007488888888888889
853.847 0.005822894168466522
854.852 0.03222310756972112
856.443 0.006778126964173475
857.463 0.06343529411764706
858.527 0.020270676691729324
859.667 0.03783859649122807
860.803 0.03797183098591549
861.988 0.02730126582278481
863.007 0.031748773307163886
866.743 0.005361884368308351
868.143 0.02310857142857143
869.308 0.018513304721030042
870.424 0.03865232974910394
871.587 0.046362854686156495
872.623 0.1040926640926641
873.744 0.10581980374665477
874.783 0.12455052935514917
875.823 0.11406153846153846
877.003 0.10052881355932203
878.247 0.07801929260450159
879.363 0.05797849462365591
880.843 0.043718918918918916
881.863 0.042290196078431375
884.043 0.014840366972477065
885.223 0.04569491525423729
886.296 0.020100652376514448
887.323 0.031501460564751706
888.603 0.025275
889.743 0.03783859649122807
891.183 0.014977777777777777
892.547 0.04743695014662756
893.943 0.023174785100286536
895.003 0.03057844990548204
896.163 0.017158620689655173
897.267 0.029304347826086957
898.443 0.019755102040816326
899.911 0.029384196185286104
901.003 0.059252747252747255
902.067 0.05067669172932331
903.211 0.05443356643356643
912.063 0.0012182557614098509
913.364 0.4909208301306687
914.387 0.16866471163245356
915.408 0.1901194906953967
916.423 0.16999408866995075
917.908 0.05083367003367003
919.263 0.26150258302583024
920.427 0.08338144329896907
921.663 0.2093980582524272
922.743 0.2096888888888889
923.883 0.18919298245614036
924.927 0.17560153256704983
925.983 0.1838181818181818
927.063 0.18681481481481482
929.667 0.004141321044546851
930.807 0.22978245614035087
931.863 0.5616666666666665
932.867 0.16111553784860558
933.927 0.16277735849056602
935.003 0.17037918215613385
937.367 0.01824703891708968
939.543 0.21239705882352944
940.563 0.09515294117647059
941.583 0.12687058823529412
942.587 0.08592828685258963
943.803 0.0798157894736842
944.823 0.12687058823529412
945.987 0.12970446735395189
947.027 0.1659076923076923
948.147 0.15419481680071492
949.167 0.19030588235294119
952.268 0.024343115124153502
953.367 0.2943767060964513
954.383 0.41395275590551184
955.467 0.10943173431734317
956.503 0.15613899613899612
957.627 0.11513167259786476
958.748 0.14429973238180197
959.847 0.11775068243858053
960.887 0.15553846153846154
962.008 0.10581980374665477
963.063 0.10221800947867297
964.083 0.10572549019607842
965.143 0.018898113207547168
966.603 0.03693150684931507
968.448 0.03506991869918699
969.603 0.04668398268398268
971.187 0.047656565656565654
972.327 0.009459649122807017
973.343 0.04245669291338583
974.683 0.02414328358208955
980.051 0.008035767511177348
981.312 0.034207771609833466
982.547 0.08731983805668017
983.867 0.05718787878787879
984.872 0.06438208955223881
985.931 0.05091595845136921
987.047 0.048315412186379934
988.067 0.06343529411764706
989.071 0.10741035856573705
990.331 0.09414603174603176
991.391 0.10776559546313799
992.627 0.06480258899676376
993.635 0.12838095238095237
1000.307 0.011314148681055156
1001.352 0.061917703349282295
1002.527 0.06424510638297871
1003.571 0.0826360153256705
1005.527 0.18745194274028626
1006.727 0.09885333333333335
1007.807 0.22965925925925929
1008.867 0.05086792452830188
1009.907 0.06221538461538461
1010.951 0.06197701149425287
1011.987 0.09368339768339769
1013.007 0.09515294117647059
1014.087 0.08986666666666666
1015.107 0.06343529411764706
1019.747 0.013944827586206895
1021.151 0.17556695156695157
1022.231 0.05991111111111111
1023.311 0.05991111111111111
1024.451 0.06621754385964912
1025.531 0.0798814814814815
1026.611 0.08986666666666666
1027.707 0.09839416058394161
1028.787 0.08986666666666666
1029.803 0.0955275590551181
1030.887 0.06963837638376384
1031.951 0.07094736842105263
1033.031 0.05991111111111111
1034.187 0.06530103806228374
1035.192 0.07511243781094527
1036.227 0.0625159420289855
1037.252 0.0631258536585366
1038.371 0.06746023235031279
1039.691 0.05718787878787879
1040.851 0.06535172413793103
1041.971 0.06711428571428571
1043.067 0.06887591240875912
1044.227 0.06507586206896553
1057.188 0.0018023300671244503
1058.471 0.17511457521434137
1059.491 0.04272941176470588
1060.531 0.05141538461538462
1061.831 0.18249846153846153
1062.887 0.042666666666666665
1064.471 0.039636363636363636
1066.187 0.16130536130536133
1067.371 0.06678378378378379
1068.407 0.041637065637065644
1069.691 0.06719003115264797
