0.0 1.0514823529411765
2.792 0.04696237907560014
3.804 3.021913043478261
4.811 1.8149433962264152
5.816 1.9120956175298804
6.823 1.9824746772591855
7.835 2.0330750988142294
8.836 1.6991648351648352
9.843 2.0649056603773586
10.855 1.6374387351778656
11.868 1.836604146100691
12.879 1.6823659742828883
13.899 2.0859607843137256
14.9 2.339676323676324
15.907 0.9282859980139027
16.92 1.5449081934846987
17.924 1.4760796812749004
18.927 1.4293758723828514
19.931 1.1663426294820718
20.939 1.2205079365079365
21.94 1.6836923076923076
23.011 0.8728141923436041
24.024 0.3565172754195459
25.031 0.9672452830188679
26.036 1.4592
27.044 1.1553650793650794
28.055 1.3531157270029674
29.063 1.122793650793651
30.067 1.776764940239044
31.068 2.278617382617383
32.075 1.9562264150943396
33.08 1.6161751243781095
34.088 1.737142857142857
35.099 1.0112126607319485
36.1 1.3447672327672326
37.219 1.167899910634495
38.228 1.6378037661050546
39.232 1.3625498007968129
40.239 0.9934935451837139
41.251 1.2328221343873518
42.271 1.5387607843137254
43.284 1.6421401776900297
44.291 1.4064746772591856
45.303 1.6113201581027667
46.331 1.5161400778210117
47.336 1.6552119402985075
48.343 0.6194716981132076
49.363 0.6223058823529412
50.375 0.772300395256917
51.388 1.188390918065153
52.395 1.3041509433962264
53.396 1.1962437562437562
54.407 1.493839762611276
55.416 1.3060693756194253
56.419 1.800358923230309
57.427 1.3942222222222223
58.44 1.4260691016781837
59.56 1.3329714285714287
60.572 1.5788774703557311
61.619 1.5931461318051576
62.623 1.7440637450199203
63.691 1.4299531396438612
64.704 1.804193484698914
65.712 1.6113650793650791
66.724 1.9141185770750986
67.736 1.6698814229249013
68.755 1.7828302257114819
69.763 1.7416507936507937
70.775 2.1736600790513836
71.776 1.9724915084915087
72.788 1.8969802371541502
73.795 2.293132075471698
74.799 1.8466932270916334
75.927 1.7989219858156027
76.939 2.0547035573122527
77.94 1.7756963036963036
78.951 2.05673590504451
79.959 1.8176507936507937
81.039 1.9092740740740741
82.043 2.4416892430278887
83.051 1.9370793650793652
84.064 2.175849950641658
85.071 2.4235471698113207
86.075 1.0729163346613546
87.076 2.2084795204795205
88.084 1.4159126984126984
89.095 1.4830148367952523
90.103 2.2519603174603176
91.119 2.1695748031496063
92.12 2.427140859140859
93.127 2.210701092353525
94.147 2.20398431372549
95.16 2.5820493583415596
96.176 1.9649133858267716
97.179 2.077678963110668
98.18 2.131948051948052
99.192 1.7455810276679842
100.211 2.0369695780176644
101.219 2.005880952380952
102.231 2.2105928853754944
103.243 2.2277312252964427
104.251 2.002222222222222
105.264 2.089571569595262
106.276 2.303430830039525
107.283 2.004210526315789
108.295 2.232221343873518
109.383 2.2171176470588234
110.396 1.6961579466929912
111.416 0.8905411764705882
112.428 0.12951778656126484
113.447 0.9605652600588812
114.455 0.5537142857142856
115.467 0.6272252964426877
116.487 0.6759529411764706
117.507 0.46136470588235295
118.527 0.44701960784313727
119.551 0.23247656249999998
120.599 0.26106870229007634
122.811 0.019790235081374324
123.831 0.5042823529411765
124.832 0.31705894105894106
125.883 0.3436270218839201
126.892 0.17354212091179386
127.916 0.21375
128.923 0.6856325719960278
130.107 0.40048648648648655
131.127 0.901270588235294
132.128 1.126105894105894
133.139 1.15826706231454
134.147 1.0685079365079366
135.148 1.3994325674325674
136.176 1.3138677042801556
137.299 0.925805877114871
138.307 1.3137142857142856
139.319 0.9453280632411067
140.331 1.1679367588932807
141.351 1.190964705882353
142.352 1.1853106893106893
143.363 1.3531157270029674
144.364 1.1087792207792209
145.371 1.1085283018867924
146.384 1.188390918065153
147.396 1.0534703557312253
148.403 1.336754716981132
149.416 1.4923636363636363
150.435 1.3039921491658488
151.447 1.3409644268774703
152.455 1.1770793650793652
153.468 1.1667838104639683
154.475 0.6955471698113207
155.479 0.4142151394422311
156.499 0.35407058823529414
157.599 0.10944
165.723 0.018071885770556375
166.731 0.456
167.735 0.8393306772908367
168.736 0.983976023976024
169.863 0.8779911268855367
170.883 1.1480470588235292
171.888 1.2196298507462686
172.907 1.1428930323846909
173.908 0.8746453546453548
174.916 0.8577142857142857
175.919 0.9820139581256232
176.92 0.8901178821178821
177.927 1.260679245283019
178.94 1.3180335636722607
179.944 1.094565737051793
180.951 1.2715471698113208
181.959 0.930063492063492
182.96 0.5658021978021978
183.971 0.7360949554896142
184.983 0.9624664031620553
186.112 0.11619858156028368
187.115 1.8269670987038882
188.116 1.2463696303696303
189.124 1.0097142857142856
190.135 0.8704886251236399
191.155 0.912
192.163 0.6622857142857144
193.168 0.34881274900398407
194.207 0.1474648700673725
195.567 0.0643764705882353
196.588 0.37998431372549024
197.599 0.9201186943620178
198.607 1.0097142857142856
199.811 0.5908305647840532
200.871 0.4585660377358491
201.891 0.19312941176470588
203.004 0.1377841726618705
204.019 0.08625812807881773
237.639 0.001302120824533746
238.704 0.04110422535211268
239.983 0.06845347928068804
241.163 0.07419661016949151
242.244 0.12148751156336725
243.308 0.11314285714285713
244.408 0.14923636363636367
245.587 0.13923664122137402
246.727 0.13440000000000002
247.747 0.15021176470588235
251.348 0.051594557067481256
252.387 0.2106641000962464
253.547 0.32099310344827586
254.627 0.14186666666666667
255.668 0.16820749279538905
256.816 0.15252961672473866
257.867 0.13536822074215032
258.887 0.16094117647058823
260.987 0.04899047619047619
262.091 0.10744927536231884
263.115 0.1895625
264.18 0.18226478873239438
265.236 0.20424242424242425
266.271 0.16670917874396135
267.315 0.18593103448275863
269.484 0.009943752881512218
270.739 0.23068047808764938
272.136 0.09389111747851002
273.139 0.6128494516450649
274.3 0.20434797588285958
275.303 0.2150348953140578
276.339 0.23941312741312742
277.543 0.18809302325581395
279.479 0.11061157024793389
280.603 0.1343202846975089
281.623 0.19030588235294119
282.664 0.22812307692307693
283.791 0.1913753327417924
284.823 0.19854263565891472
287.443 0.04939236641221374
288.483 0.6221538461538462
289.487 0.16111553784860558
290.508 0.21124387855044074
291.547 0.21796342637151106
292.563 0.21228346456692912
293.568 0.21460696517412936
295.627 0.02094997571636717
297.487 0.21949247311827957
298.507 0.17973333333333333
299.551 0.20659003831417624
300.552 0.2046913086913087
301.571 0.2010755642787046
302.588 0.2120747295968535
303.591 0.20428315054835494
306.115 0.0299080824088748
307.195 0.36945185185185186
308.231 0.47882625482625485
309.28 0.2056053384175405
310.315 0.20838647342995167
312.823 0.05159808612440192
314.139 0.3921702127659574
315.199 0.15260377358490568
316.219 0.19030588235294119
317.22 0.23701098901098902
318.319 0.1766260236578708
319.423 0.2051304347826087
320.599 0.18340136054421768
323.823 0.043483870967741936
326.512 0.25265600595016735
327.647 0.14251982378854627
328.763 0.15460931899641575
329.783 0.1691607843137255
330.787 0.16111553784860558
334.308 0.06479068446464073
336.607 0.14402087864288823
337.871 0.05972151898734178
338.991 0.03851428571428571
340.051 0.05086792452830188
341.312 0.0769674861221253
343.015 0.0633235466823253
344.215 0.04493333333333333
345.435 0.05303606557377049
362.181 0.00782706317926669
363.231 0.43355428571428567
364.291 0.10768301886792453
365.332 0.0937252641690682
370.535 0.018653853546031135
371.555 0.2319686274509804
372.579 0.464
373.66 0.09975948196114709
374.795 0.11401585903083701
375.819 0.11584375
376.999 0.10976081424936386
378.019 0.15858823529411764
379.159 0.12297543859649124
381.203 0.015827788649706458
382.68 0.2399025050778605
383.759 0.09994439295644116
384.803 0.1549425287356322
385.983 0.13708474576271185
387.103 0.1444285714285714
388.184 0.13966327474560591
389.204 0.13744313725490195
390.403 0.13491242702251874
391.547 0.1036923076923077
392.727 0.1373174872665535
396.587 0.002793782383419689
397.808 0.5568786885245902
398.927 0.1252832886505809
399.931 0.15037450199203187
401.011 0.159762962962963
402.031 0.13744313725490195
403.115 0.15917343173431736
405.371 0.04302127659574468
407.411 0.1895529411764706
408.471 0.10173584905660377
409.516 0.1857531100478469
410.695 0.15549448685326547
411.755 0.15260377358490568
412.776 0.15843290891283054
413.799 0.1581231671554252
414.855 0.15318181818181817
415.875 0.15858823529411764
418.979 0.006948453608247422
420.039 0.3459018867924529
421.079 0.4147692307692308
422.083 0.15037450199203187
423.163 0.1497777777777778
424.204 0.15538904899135444
425.263 0.16293106704438146
428.063 0.015405714285714285
429.143 0.43792592592592594
430.203 0.13225660377358492
431.228 0.15781463414634148
432.263 0.1562898550724638
433.307 0.1549425287356322
434.367 0.16277735849056602
435.448 0.1496392229417206
436.487 0.15568816169393648
437.527 0.15553846153846154
441.447 0.016506122448979595
442.735 0.27629813664596276
443.771 0.43718918918918914
444.775 0.16111553784860558
445.831 0.15318181818181817
446.995 0.13896907216494844
448.052 0.173441816461684
449.595 0.00698898250162022
450.735 0.13243508771929824
452.039 0.23865030674846627
453.155 0.08696774193548387
454.2 0.11351578947368421
457.68 0.037664367816091955
458.759 0.4992356215213358
459.92 0.13877691645133508
463.503 0.06667931900641921
464.743 0.2000258064516129
465.803 0.4155471698113208
466.864 0.11180395852968897
467.888 0.1895625
469.027 0.13255136084284458
470.107 0.1497777777777778
471.143 0.17695752895752895
472.363 0.13259016393442624
473.387 0.1685
474.491 0.11828985507246377
475.907 0.0056949152542372875
476.908 0.11850549450549451
477.927 0.15874386653581943
479.071 0.1413986013986014
480.075 0.10741035856573705
481.127 0.1640152091254753
482.192 0.15188732394366197
483.195 0.16127617148554338
484.391 0.13525083612040137
488.091 0.0453881081081081
489.375 0.17996261682242992
490.415 0.4467360308285164
491.456 0.13467050912584053
492.499 0.1654304889741131
493.615 0.12562007168458783
494.659 0.17560153256704983
497.875 0.016766169154228853
499.539 0.3101538461538461
500.603 0.08123540489642184
501.699 0.13775182481751824
502.963 0.11944303797468356
503.979 0.13798425196850395
504.983 0.15037450199203187
506.063 0.11982222222222222
507.119 0.14296969696969697
508.184 0.15188732394366197
513.267 0.010607908715325595
514.987 0.14950697674418603
516.067 0.42091851851851847
517.127 0.07121509433962264
518.311 0.05464864864864864
519.652 0.0563764002987304
520.867 0.07100576131687242
521.911 0.06197701149425287
539.044 0.007650712117674527
540.543 0.594977985323549
541.623 0.0798814814814815
542.843 0.07955409836065575
543.883 0.07258461538461539
545.248 0.06324926686217008
546.423 0.06424510638297871
547.468 0.12383540669856459
548.527 0.14256468366383382
549.667 0.12297543859649124
550.687 0.1691607843137255
553.951 0.019823529411764705
554.971 0.2960313725490196
555.991 0.40175686274509803
556.992 0.15082517482517485
558.036 0.13428352490421455
559.092 0.14296969696969697
560.135 0.144751677852349
561.176 0.15538904899135444
564.096 0.018478409869773817
565.155 0.3156789423984891
566.979 0.18835526315789475
568.035 0.12254545454545455
569.055 0.1480156862745098
570.099 0.14461302681992336
571.139 0.15553846153846154
572.18 0.15538904899135444
573.219 0.15568816169393648
574.244 0.15781463414634148
575.263 0.14816094210009814
578.779 0.024536973833902163
580.284 0.257956146179402
581.363 0.44974976830398516
582.383 0.15858823529411764
583.428 0.134155023923445
584.468 0.13480000000000003
585.484 0.13798425196850395
586.507 0.1475816226783969
588.427 0.016850000000000004
589.967 0.2090805194805195
591.027 0.14243018867924528
592.091 0.14189473684210527
593.111 0.15858823529411764
594.175 0.1621654135338346
595.231 0.14296969696969697
596.271 0.14516923076923077
597.392 0.14429973238180197
600.871 0.012398965219890774
602.035 0.5744054982817869
603.691 0.01302415458937198
604.895 0.13435215946843856
606.0 0.12687058823529412
607.079 0.12992771084337348
608.26 0.11870618120237086
609.319 0.14256468366383382
610.519 0.12581333333333333
611.583 0.1520300751879699
612.619 0.13532046332046332
613.639 0.12687058823529412
616.419 0.049876258992805754
617.424 0.10730348258706468
618.427 0.16127617148554338
619.443 0.15921259842519686
620.463 0.1480156862745098
621.483 0.15858823529411764
626.547 0.025554502369668244
628.288 0.31361472110408284
629.367 0.07423169601482854
