0.0 0.35319999999999996
1.008 0.5517380952380951
2.019 0.580486646884273
3.028 0.3579306243805748
4.196 0.36232191780821915
5.295 0.38673703366697
6.307 0.4651304347826087
7.319 0.5200632411067194
8.327 0.5754285714285715
9.336 0.6182438057482657
10.363 0.46684323271665046
11.383 0.41885770363101077
12.423 0.19856153846153848
13.444 0.27869147894221347
14.451 0.49624627606752736
15.456 1.161281592039801
16.464 0.5516349206349206
17.471 1.6127586891757695
18.499 1.1469338521400778
19.512 1.5479170779861797
20.52 1.5521428571428573
21.528 1.418015873015873
22.539 1.3643363006923837
23.56 0.9850421155729676
24.568 1.4656349206349206
25.587 1.4913680078508342
26.595 1.373436507936508
27.695 1.0527418181818182
28.696 1.3823296703296704
29.868 1.1270511945392492
30.876 1.5203888888888888
31.883 1.5964965243296922
33.032 1.2467049608355092
34.036 1.5565737051792827
35.043 1.3363813306852035
36.044 1.3735544455544455
37.112 1.1107116104868915
38.131 1.1293660451422962
39.152 1.2529363369245836
40.159 1.32853227408143
41.16 1.327072927072927
42.367 1.1245600662800332
43.38 1.4748904244817376
44.388 1.2663095238095239
45.468 1.2215555555555555
46.615 1.3256843940714909
47.616 1.6394325674325674
48.627 1.0534178217821781
49.636 1.406414271555996
50.815 1.0259338422391857
51.824 1.0069217046580774
52.832 0.9411031746031746
53.843 1.0807438180019784
54.851 0.9752301587301587
55.86 1.1946323092170466
56.864 1.0473386454183267
57.879 1.2411980295566503
58.948 1.0300018709073904
60.02 1.5102537313432836
61.039 1.623685966633955
62.051 1.9604505928853757
63.239 1.2308350168350168
64.243 1.5371553784860557
65.26 0.943834808259587
66.267 1.5541132075471698
67.268 1.2782337662337662
68.276 1.281
69.288 1.0674703557312253
70.289 1.0637122877122878
71.296 1.0024230387288977
72.308 1.333391304347826
73.311 1.1369730807577267
74.331 0.8905411764705882
75.332 0.6921638361638361
76.503 1.1339709649871903
77.691 0.9912929292929292
79.119 0.4501471618780658
80.3 0.5261100762066045
81.719 0.6824637068357998
82.728 1.1483211100099109
83.74 0.8449644268774703
84.747 0.8368301886792453
85.907 0.2830344827586207
86.92 0.35899703849950637
87.928 1.1834285714285713
88.94 1.0444664031620554
89.947 1.0226335650446872
90.959 0.8369407114624505
91.96 0.6114525474525474
92.98 1.0622117647058824
94.0 0.5268784313725491
95.04 0.284123076923077
96.067 0.44756377799415775
97.071 0.15260557768924304
98.08 0.282005946481665
99.115 0.3179207729468599
100.12 0.6860417910447761
101.128 0.7098809523809524
102.22 0.2773479853479853
103.227 0.6412075471698113
104.259 0.30753488372093024
105.26 0.2527712287712288
106.359 0.1593303002729754
107.608 0.47315932746196954
108.66 0.22069961977186311
109.907 0.17552526062550122
111.1 0.887094719195306
112.107 1.3693584905660376
113.12 0.7076406712734453
114.187 0.5602399250234301
115.192 0.6213227091633466
116.3 0.5070830324909747
117.416 0.3628387096774194
118.523 0.3064715447154472
119.547 0.39606647116324534
120.567 0.39698823529411764
121.599 0.5115581395348837
122.608 0.6399365708622398
123.616 0.5552857142857143
124.64 0.790875
125.648 0.6795396825396824
126.66 0.7914545454545455
127.667 1.1445561072492554
128.68 0.9377453109575519
129.684 1.151187250996016
130.688 1.3080478087649403
131.692 0.9309243027888446
132.72 1.1391128404669262
133.728 1.0711031746031747
134.739 1.3097685459940653
135.747 0.7612142857142856
136.752 1.4865830845771144
137.759 1.0525124131082424
138.764 1.5660398406374503
139.767 1.643493519441675
140.848 1.0563108233117484
141.86 1.3904426877470355
142.867 1.3392413108242305
143.888 1.009183153770813
144.892 1.2030358565737052
145.9 1.278190476190476
146.907 1.2364329692154914
147.912 1.035804975124378
148.92 1.4514285714285713
149.928 1.425563492063492
151.008 1.0996222222222223
152.18 1.2760068259385666
153.288 1.3190613718411555
154.347 1.4024627006610009
155.359 1.6514150197628457
156.36 1.693946053946054
157.368 1.1528809523809522
158.48 1.2591654676258992
159.487 1.602566037735849
160.492 1.9307064676616914
161.5 1.6424285714285713
162.507 1.5450486593843098
163.688 1.4186418289585097
164.692 1.427768924302789
165.707 1.1495147928994083
166.728 0.9539823702252694
167.76 0.3775038759689922
168.768 0.7382857142857143
169.785 0.6496283185840709
170.79 1.1717529880478086
171.807 1.5485939036381515
172.86 1.1945223171889838
173.867 1.512127110228401
174.979 1.2613237410071945
176.199 1.4906360655737707
177.287 1.4326470588235296
178.3 1.9655123395853902
179.307 1.2279642502482622
180.347 1.571492307692308
181.352 2.1061094527363187
182.36 1.2976190476190477
183.367 1.8148003972194637
184.38 1.0217786561264823
185.387 1.6669076464746773
186.562 1.035315744680851
187.659 1.2717007299270076
188.66 1.5087632367632369
189.667 0.8500417080436942
190.848 0.8729889923793395
191.86 1.2889169960474307
192.867 0.7324568023833168
193.871 0.8398565737051792
194.887 1.0013070866141731
195.888 1.0774265734265733
197.684 0.45871269487750554
198.688 0.9377370517928286
199.792 1.0818478260869566
200.999 0.6588036454018227
202.008 0.6367888999008918
203.02 0.8199604743083004
204.027 0.9656166832174777
205.147 0.8940642857142856
206.16 1.6797235932872656
207.168 1.8244285714285713
208.18 0.19718577075098814
209.328 1.1274146341463416
210.34 1.43300395256917
211.347 1.400095332671301
212.528 1.0255241320914479
213.54 1.6938339920948617
214.547 1.6508043694141015
215.552 1.5729432835820898
216.56 1.4350555555555558
217.58 1.3848470588235293
218.587 1.4736127110228403
219.6 1.3676525172754195
220.619 1.2589205103042198
221.688 1.0771786716557532
222.692 1.632
223.7 1.105357142857143
224.84 1.146119298245614
225.848 1.307753968253968
226.871 1.214514173998045
227.879 1.0581825396825397
228.899 1.3861019607843137
229.907 1.3041827209533265
230.911 0.9853466135458165
231.919 0.8305873015873017
232.92 0.9635724275724277
234.119 0.8355763135946622
235.139 0.9656470588235294
236.168 0.5260485908649174
237.248 0.8187185185185185
238.26 0.8975810276679843
239.279 0.5784494602551521
240.308 0.6806763848396501
241.427 0.26944057193923143
242.44 0.3654017769002962
243.507 0.5743805060918463
244.587 0.40418518518518515
245.62 0.6674462729912874
246.768 0.6839790940766551
247.784 0.652244094488189
248.811 0.8331606621226874
249.92 0.8023949504057709
251.139 0.7533781788351107
252.239 0.8488945454545455
253.248 1.0218434093161546
254.271 0.9519217986314761
255.288 0.7821435594886922
256.3 0.7074466403162055
257.307 0.7054776564051639
258.32 0.9649516288252714
259.34 0.8405019607843137
260.36 0.7939764705882353
261.368 0.6517222222222222
262.568 0.67912
263.587 0.5889224730127575
264.74 0.632187337380746
265.759 0.5262571148184495
266.88 0.30408563782337195
267.92 0.24203076923076924
269.04 0.40062857142857144
270.088 0.26106870229007634
276.7 0.006620689655172414
277.72 0.5057333333333334
278.732 1.2536600790513834
279.733 1.3721638361638362
280.74 1.7208190854870775
281.752 1.1196758893280634
282.819 1.2059081537019682
283.827 1.2366825396825398
284.848 1.0532184133202744
285.88 0.8483720930232559
287.047 0.05626735218508998
288.079 0.1741627906976744
289.08 0.7762477522477522
290.088 0.3293174603174603
291.1 0.5947826086956521
292.115 0.25299704433497533
293.147 0.318139534883721
294.22 0.11219384902143523
295.227 0.8614816285998015
296.328 0.539400544959128
297.5 0.943419795221843
298.507 0.8415491559086394
299.511 0.7194262948207171
300.52 0.4209554013875124
301.528 0.5862857142857143
302.54 0.43212648221343875
303.547 0.8198053624627606
304.559 0.97901185770751
305.567 0.8539761904761904
306.88 0.4266565118050267
307.887 0.834883813306852
308.987 0.5869963636363636
309.999 0.5402134387351778
311.007 0.660047619047619
312.052 0.7337931034482759
313.067 0.4584275862068965
314.347 0.43491250000000004
315.359 0.7245533596837945
316.362 0.6245104685942173
317.379 0.6807007874015747
318.38 0.6635924075924076
319.4 0.5973019607843137
320.419 0.6378802747791952
321.427 0.6274920634920635
322.619 0.5243355704697987
323.635 0.7451732283464567
324.64 0.6296995024875622
325.647 0.5915551142005959
326.652 0.6227422885572138
327.66 0.6224603174603175
328.667 0.6472293942403178
329.672 0.6205850746268656
330.68 0.6345079365079365
331.907 0.5469991850040751
332.92 0.7098045409674235
333.987 0.3334283036551078
335.0 0.6143336623889437
336.008 0.8045793650793651
337.128 0.6108428571428571
338.14 0.7449249011857707
339.387 0.6037594226142743
340.412 0.5124995121951219
341.439 0.32589678675754624
342.619 0.3617084745762712
343.627 0.4534339622641509
344.648 0.535945151811949
345.659 0.4529535113748764
346.66 0.492947052947053
347.68 0.5317098039215686
348.688 0.49622222222222223
349.699 0.5827022749752719
350.7 0.587060939060939
351.71 0.6203089108910891
352.799 0.4641836547291093
353.808 0.4979504459861248
354.82 0.5711462450592886
355.84 0.5737411764705883
356.848 0.5638968253968255
357.879 0.5584946653734238
358.888 0.45397819623389496
359.9 0.5296916996047432
360.919 0.6135819430814524
361.94 0.4329794319294809
363.027 0.38258693652253906
364.048 0.26255827619980415
365.06 0.3879920948616601
366.087 0.48165920155793573
367.088 0.4156803196803197
368.179 0.12037396883593034
369.187 0.36543650793650795
370.2 0.7495518262586377
371.208 0.6455873015873016
372.22 0.8994387351778657
373.428 0.9195894039735099
374.488 0.4897962264150944
375.659 0.42182749786507256
376.671 0.5949169960474309
377.68 0.6751159563924677
378.712 0.5622480620155038
379.848 0.7699647887323944
381.008 0.7954620689655173
382.208 0.8307466666666666
383.219 1.122271018793274
384.24 0.8053907933398629
385.252 1.1676205533596837
386.26 1.2150873015873016
387.279 1.4026614327772327
388.28 1.1431368631368632
389.287 1.3633922542204568
390.299 1.150505928853755
391.3 1.170117882117882
392.307 1.4207507447864947
393.312 1.4363064676616915
394.319 1.4517338629592849
395.339 1.2721960784313726
396.34 0.5307892107892108
397.568 1.057628664495114
398.759 1.111328295549958
400.067 1.0597859327217125
401.072 1.2093452736318409
402.08 1.1960555555555556
403.087 1.2063396226415093
404.099 0.5734782608695652
405.1 0.9511768231768233
406.111 0.8851434223541048
407.12 0.8985292368681863
408.139 0.6879528949950932
409.147 0.9578888888888889
410.16 1.0029615004935835
411.168 1.1018174603174604
412.172 1.1855219123505976
413.18 1.226436507936508
414.199 1.210692836113837
415.412 0.9864402308326463
416.42 1.2451507936507937
417.427 1.31145183714002
418.439 1.3246166007905138
419.56 1.1035004460303302
420.572 1.4257470355731225
421.639 0.728232427366448
422.78 0.9632602979842244
423.804 1.3075078125000001
424.812 1.1192777777777778
426.012 0.9564666666666668
427.019 1.0203535253227407
428.307 0.7902111801242235
429.32 0.5723435340572557
430.327 0.4627527308838133
431.82 0.5917265415549599
432.868 0.6960534351145039
433.892 1.1179062499999999
434.899 1.1713445878848063
436.04 1.3192988606485538
437.18 0.8808350877192982
438.231 0.8037982873453853
439.239 1.2925555555555557
440.24 1.4582697302697303
441.252 1.3837549407114627
442.26 1.3659365079365078
443.399 0.794935908691835
444.4 0.9868371628371627
445.401 0.8061058941058942
446.408 0.8883018867924528
447.412 0.8334422310756971
448.507 0.9913716894977169
449.647 1.0766666666666667
450.652 1.024637450199203
451.667 0.5970916256157636
452.672 0.31579701492537315
453.684 0.31510671936758894
454.735 0.7574957183634634
455.74 0.8700956175298804
456.747 1.276266137040715
457.82 1.030143522833178
458.831 1.2657725024727993
459.84 1.4569117938553022
460.848 1.3256428571428571
462.019 1.0876379163108454
463.02 1.3836803196803196
464.259 1.076274414850686
465.26 0.938941058941059
466.3 1.0858307692307692
467.312 1.2745138339920947
468.319 1.4208619662363455
469.328 1.0921387512388503
470.332 1.4716892430278885
471.34 1.2613650793650795
472.56 1.2824983606557376
473.564 1.438964143426295
474.567 1.4740977068793621
475.572 1.5367960199004975
476.667 1.1725954337899542
477.672 1.1325134328358208
478.68 0.5161825396825397
479.684 1.1355458167330679
480.688 1.253545816733068
481.708 0.4695686274509804
482.792 0.2523985239852398
483.8 0.35828571428571426
484.859 1.0010122757318225
485.86 1.496815184815185
486.871 1.4304965380811077
487.872 1.405074925074925
489.031 1.2383779119930975
490.2 1.067230111206159
491.207 1.1910784508440915
492.372 0.9715227467811158
493.379 1.141132075471698
494.38 0.9465414585414584
495.399 0.8611815505397449
496.4 1.2808791208791208
497.42 1.1225333333333334
498.432 0.9569723320158103
499.439 1.0048301886792455
500.44 1.011964035964036
501.459 0.6552070657507361
502.492 0.6568518877057116
503.5 0.5136666666666666
504.519 0.727701668302257
505.648 0.7976049601417183
506.651 1.0474815553339978
507.671 0.8443999999999999
508.679 0.9828650793650795
509.684 0.8337353233830845
510.939 0.9450995884773663
511.94 1.2791688311688312
513.079 0.43116417910447763
514.212 0.31875728155339805
515.372 0.48115862068965515
516.38 0.5487619047619049
517.392 0.605596837944664
518.639 0.4434001603849238
519.647 0.7274285714285714
520.691 0.6630377733598409
521.7 0.6941684836471754
522.712 0.7101739130434782
523.719 0.7390188679245283
524.728 0.7917859266600594
525.82 0.55192673992674
526.839 0.7303159960745829
527.859 0.7510588235294118
528.86 0.5831368631368632
529.879 0.8269754661432777
530.899 0.6697254901960784
531.9 0.7543816183816184
532.928 0.7877976653696498
533.932 0.6438725099601593
534.947 0.9057103448275863
535.951 0.6255776892430279
536.959 0.8577142857142857
538.179 0.7251081967213114
539.18 0.9511768231768233
540.208 0.6827782101167315
541.219 0.8443442136498516
542.22 0.6211628371628372
543.228 0.8251428571428571
544.232 0.6705179282868525
545.247 0.9164926108374385
546.252 0.5038248756218906
547.26 0.7491428571428571
548.267 0.7064150943396227
549.292 0.48288
550.3 0.6297142857142857
551.627 0.09877317256970611
552.64 1.2262450592885377
553.672 0.8695813953488373
554.679 0.6818351539225422
555.747 0.8377154072620215
556.76 0.6664639684106614
557.772 0.8543241106719367
558.78 0.8685714285714285
559.792 0.5925849802371541
560.799 0.8150943396226416
561.808 0.647230921704658
562.812 0.8938326693227092
563.819 0.77812909632572
564.831 1.211193675889328
565.832 0.9720839160839161
566.879 0.7839541547277937
567.907 0.5753378773125609
568.987 0.3952
570.38 0.015712849964106247
571.392 0.5409486166007905
572.399 0.9237735849056604
573.408 0.7891456888007928
574.412 0.7521274900398406
575.979 0.2989865985960434
576.991 0.9949090909090907
578.0 0.9396471754212091
579.012 1.2328221343873518
580.02 1.1074285714285712
581.032 0.7467114624505928
582.04 1.0748571428571427
583.052 1.5070355731225298
584.071 1.0398665358194308
585.079 1.530857142857143
586.08 0.9413066933066934
587.1 0.5686588235294118
588.111 0.11907418397626113
589.115 1.1227410358565737
590.12 1.091582089552239
591.139 1.5035917566241412
592.143 1.4170517928286852
593.152 1.1383706640237858
594.159 1.3150188679245283
595.16 1.3447672327672326
596.168 0.9956666666666666
597.171 0.8619900299102692
598.18 1.0195599603567889
599.192 1.1787509881422924
600.359 0.9070368466152527
601.379 1.105129411764706
602.391 1.0814229249011857
603.392 1.1807712287712289
604.471 0.49699351251158486
605.56 0.694317722681359
606.572 0.5515256916996047
607.579 0.8150943396226416
608.6 0.7717610186092067
609.631 0.7218157129000969
610.652 0.7610421155729676
611.66 0.8468571428571429
612.672 0.9949090909090907
613.679 0.89387090367428
614.687 1.3584905660377358
615.692 1.2958567164179107
616.7 1.2485714285714287
617.76 1.1482566037735848
618.772 1.0165375494071147
619.792 1.2338823529411767
620.799 1.423698113207547
621.8 1.6727592407592409
622.811 1.3319802176063302
623.819 1.8801509433962265
624.831 1.827604743083004
625.832 1.3112967032967031
626.839 1.7388679245283019
628.299 0.7196054794520549
629.312 1.178527147087858
630.319 1.3041509433962264
631.331 1.524806324110672
632.332 1.5743616383616383
633.339 1.2017557100297915
634.372 0.8793339787028073
635.38 1.216
636.392 1.4707351778656128
637.399 1.3693584905660376
638.419 0.7712235294117648
639.452 1.345486931268151
640.46 1.3354285714285714
641.471 1.2556913946587538
642.472 1.3447672327672326
643.48 0.9299523809523809
644.492 1.1895652173913043
645.511 1.2565731108930325
646.519 1.3571428571428572
647.52 1.2135704295704295
648.54 0.9763764705882353
649.568 0.3679533073929961
650.608 0.18941538461538462
651.612 0.29431075697211156
652.632 0.33261176470588233
653.732 0.18903272727272727
655.132 0.10162285714285715
703.656 0.0006766136344901492
704.736 0.0912
705.799 0.13384007525870179
706.955 0.12307266435986158
708.035 0.12159999999999999
709.1 0.13358873239436617
710.235 0.14463436123348017
711.336 0.1689809264305177
712.4 0.1645714285714286
713.479 0.18256904541241892
714.536 0.17601513718070008
715.6 0.17485714285714285
716.675 0.1628874418604651
717.8 0.16537600000000002
718.835 0.20090434782608696
719.879 0.19917241379310346
721.099 0.20632131147540983
722.155 0.20727272727272728
723.232 0.19306963788300838
724.284 0.22886692015209126
725.319 0.17975652173913045
789.155 0.002743029011842847
790.715 0.021046153846153846
791.776 0.08251837888784166
792.895 0.47922788203753347
794.096 0.11846128226477935
795.139 0.26232023010546496
796.256 0.25451029543419873
797.3 0.14700383141762452
800.915 0.06753858921161826
802.34 0.030719999999999997
803.896 0.04220051413881748
806.096 0.03979636363636364
807.675 0.02079290690310323
822.563 0.0014701773240193446
823.583 0.03218823529411765
824.683 0.05969454545454546
827.547 0.0038238993710691827
828.583 0.07394594594594595
829.624 0.22077233429394813
830.644 0.10729411764705882
831.764 0.16611428571428574
832.804 0.14732307692307692
833.844 0.14732307692307692
835.004 0.13208275862068966
836.088 0.13124723247232473
837.267 0.11138931297709924
838.364 0.15962078395624432
839.399 0.11631304347826087
840.479 0.13173333333333334
841.484 0.15245373134328358
842.503 0.15035917566241414
843.583 0.10133333333333333
844.604 0.13934573947110673
845.608 0.19620717131474105
846.644 0.19014671814671816
847.708 0.15428571428571428
848.764 0.1969090909090909
849.788 0.13893750000000002
850.823 0.21147826086956523
852.064 0.1587365028203062
853.124 0.16519245283018866
854.143 0.022728164867517175
855.183 0.1999384615384615
856.204 0.1715024485798237
857.244 0.17889230769230768
858.324 0.19253333333333333
859.444 0.18565714285714285
860.488 0.18868965517241376
861.524 0.24296525096525096
862.544 0.1716705882352941
863.608 0.23657142857142857
864.78 0.177419795221843
865.804 0.192375
866.924 0.17588571428571426
867.944 0.20385882352941176
868.948 0.14170517928286852
869.964 0.1831181102362205
871.027 0.17502163687676386
872.284 0.16542243436754178
873.343 0.17568271954674222
874.648 0.16772413793103447
875.764 0.20593548387096774
876.844 0.20266666666666666
877.903 0.1653484419263456
878.943 0.18941538461538462
881.623 0.06115820895522388
882.779 0.29635294117647065
884.584 0.017112465373961216
885.66 0.1118810408921933
886.684 0.192375
887.703 0.1933189401373896
888.784 0.19235522664199814
889.888 0.24782608695652178
890.903 0.21585798816568047
891.924 0.21437806072477963
892.98 0.16581818181818184
894.147 0.2250694087403599
895.364 0.1708594905505341
896.564 0.21888
897.627 0.21620319849482594
898.684 0.23813812677388835
899.703 0.21479882237487732
900.807 0.15399624765478423
901.864 0.22778429517502366
902.907 0.1993633748801534
904.144 0.17694421988682296
905.164 0.23604705882352944
906.227 0.20590780809031045
907.244 0.2152212389380531
908.387 0.2010708661417323
909.547 0.2075586206896552
910.608 0.21661074458058435
911.684 0.18307806691449816
912.751 0.20513589503280225
913.967 0.054
915.184 0.279
916.368 0.20335135135135135
917.404 0.0716911196911197
918.444 0.14732307692307692
919.587 0.191496062992126
920.604 0.22598230088495574
921.663 0.19635127478753542
922.743 0.18256904541241892
923.804 0.22692554194156456
924.808 0.239808764940239
925.968 0.2075586206896552
927.023 0.21784265402843603
928.051 0.2129182879377432
929.088 0.20071042471042472
930.124 0.22183783783783784
931.147 0.21395894428152495
932.168 0.21437806072477963
933.204 0.22183783783783784
934.208 0.19620717131474105
935.224 0.23697637795275592
936.284 0.21681509433962265
937.288 0.20710756972111555
938.328 0.21046153846153845
939.343 0.21564532019704433
940.364 0.08217825661116553
941.503 0.18256014047410007
942.508 0.20690149253731344
943.679 0.19626302305721607
944.743 0.19542857142857142
945.867 0.19473309608540923
946.968 0.18886103542234334
948.044 0.172907063197026
949.167 0.16567052537845056
950.224 0.21763636363636363
958.871 0.016453336417254542
959.884 0.21607107601184602
960.931 0.4703724928366762
962.044 0.9242911051212938
967.38 0.12653223388305845
968.464 0.13124723247232473
969.584 0.16611428571428574
970.643 0.20668555240793202
971.764 0.21477966101694915
972.888 0.2044697508896797
973.963 0.19342883720930232
975.004 0.22077233429394813
976.124 0.16611428571428574
977.164 0.2209846153846154
978.208 0.19917241379310346
979.323 0.1864896860986547
980.344 0.19294025465230166
981.423 0.1927117701575533
982.644 0.1971891891891892
983.684 0.18959769008662175
984.808 0.1849964412811388
985.864 0.15545454545454546
986.871 0.1630188679245283
988.044 0.15860869565217392
989.084 0.1999384615384615
990.148 0.216
991.164 0.1723464566929134
992.192 0.22356420233463034
997.407 0.023084180249280918
999.123 0.5374825174825175
1000.323 0.07296
1001.327 0.16350597609561754
1002.507 0.1576677966101695
1003.792 0.17885136186770426
1004.824 0.20148837209302328
1005.844 0.15021176470588235
1006.924 0.16213333333333332
1008.103 0.12995419847328246
1009.244 0.12469062226117442
1010.247 0.13093519441674972
1011.384 0.12512928759894457
1012.407 0.13907331378299118
1013.444 0.1373281853281853
1014.584 0.1248
1015.744 0.1037793103448276
1016.824 0.14186666666666667
1018.124 0.08418461538461539
1019.688 0.07697186700767263
1020.883 0.08242343096234309
1022.047 0.05641237113402062
1023.323 0.06003761755485894
1024.703 0.03965217391304348
1025.968 0.060559683794466405
1027.227 0.043463065925337566
1030.932 0.002953846153846154
1041.347 0.0010507921267402785
1042.451 0.20817391304347826
1043.896 0.901270588235294
1044.928 0.05302325581395349
1046.028 0.10944
1047.072 0.12579310344827585
1048.291 0.1436456111566858
1049.351 0.16519245283018866
1050.407 0.12436363636363634
1051.488 0.1316114708603145
1052.548 0.08259622641509433
1053.632 0.08076752767527676
1055.028 0.05487679083094556
1056.267 0.07949636803874092
1057.308 0.06313846153846155
1058.432 0.04868327402135231
1059.552 0.08794285714285713
1060.788 0.06198058252427185
1064.252 0.03475288683602771
1066.808 0.06566197183098592
1068.012 0.0454485049833887
1069.068 0.114
1070.328 0.10422857142857143
1071.388 0.10324528301886793
1072.528 0.1248
1073.652 0.05937366548042704
1074.668 0.14003149606299214
1075.932 0.08658227848101267
1077.168 0.09739805825242719
1078.228 0.11356981132075473
1079.312 0.06180811808118082
1080.528 0.09000000000000001
1081.676 0.0857979094076655
1086.252 0.02864335664335664
1087.428 0.2160952380952381
1088.568 0.057600000000000005
1089.68 0.07873381294964028
1091.052 0.0478600583090379
1092.089 0.1371957569913211
1093.332 0.061631536604987935
1094.448 0.05883870967741935
1095.748 0.04910153846153846
1096.812 0.05142857142857143
1098.028 0.07200000000000001
1099.032 0.09810358565737053
1100.532 0.07296
1101.552 0.08583529411764705
1102.648 0.0698978102189781
1103.968 0.04694545454545455
1104.988 0.05364705882352941
1106.248 0.08685714285714285
1107.288 0.11575384615384615
1108.348 0.09292075471698114
1109.368 0.08583529411764705
1110.528 0.09434482758620688
1111.708 0.08347118644067797
1112.788 0.08106666666666666
1113.808 0.046956862745098034
1114.872 0.09257142857142857
1116.028 0.09467128027681661
1117.068 0.09470769230769231
1118.112 0.1153103448275862
1119.168 0.11943181818181818
1120.228 0.1445433962264151
1121.248 0.13948235294117647
1122.288 0.14732307692307692
1123.452 0.1073127147766323
1124.532 0.152
1125.628 0.1497810218978102
1126.648 0.10140392156862746
1127.672 0.13907331378299118
1128.708 0.15845559845559845
1129.772 0.12342857142857143
1130.808 0.0884864864864865
1131.828 0.16094117647058823
1132.908 0.152
1134.132 0.10190849673202614
1135.288 0.08520415224913495
1136.328 0.16836923076923077
1137.392 0.11314285714285713
1138.488 0.13570072992700732
1139.492 0.15260557768924304
1140.58 0.12070588235294118
1141.812 0.07063636363636364
1142.988 0.13028571428571425
1144.088 0.14923636363636367
1145.168 0.09874074074074075
1146.208 0.14732307692307692
1147.212 0.15260557768924304
1148.628 0.07140677966101695
1149.808 0.11129491525423728
1151.048 0.11473548387096774
1152.208 0.08728965517241379
1153.232 0.14962499999999998
1154.248 0.10771653543307086
1155.408 0.12768275862068965
1156.528 0.04713571428571429
1157.628 0.12933818181818182
1158.682 0.10383301707779886
