0.0 1.0164187500000001
1.01 0.870891089108911
2.1 0.7727339449541285
3.12 0.9624156862745098
4.129 0.9565113974231914
5.13 0.7608951048951049
6.14 1.1032000000000002
7.149 1.1763171456888006
8.16 1.3510425321463897
9.36 1.0687533333333334
10.38 1.101286274509804
11.39 1.005639603960396
12.399 0.9696253716551042
13.41 1.0133649851632047
14.419 1.0317145688800793
15.42 1.0963516483516484
16.499 1.1964411492122335
17.63 1.244449160035367
18.649 0.9240274779195289
19.65 0.3826573426573427
20.869 0.34709762100082037
21.879 0.3250693069306931
22.89 0.5565499505440158
24.209 0.2972251705837756
25.229 0.5150117647058824
26.239 0.4008396039603961
27.24 0.5466533466533465
28.249 0.39981764122893954
29.259 0.6073974231912784
30.269 0.4334257425742574
31.279 0.2167128712871287
32.299 0.2575058823529412
33.3 0.39906493506493507
34.369 0.4568606173994388
35.54 0.7307258753202391
36.67 0.7790159292035398
37.759 0.7996914600550964
38.96 0.7938917568692756
39.98 0.7296
41.009 0.46834596695821185
42.029 0.7403294117647059
43.039 0.5948752475247524
44.059 0.815435294117647
45.069 0.7252435643564356
46.079 0.6930376237623762
47.109 0.7735145631067961
48.119 0.9427009900990099
49.139 0.6863137254901962
50.249 0.48935495495495496
51.259 0.6718099009900991
52.269 0.5532198019801979
53.279 0.7368237623762376
54.289 0.3828910891089109
55.299 0.6501386138613862
56.308 0.5223151635282457
57.319 0.7360949554896142
58.329 0.5731009900990099
59.338 0.4473419226957383
60.339 0.6231848151848152
61.359 0.49764705882352944
62.369 0.6718099009900991
63.7 0.1704282494365139
64.719 0.3870176817288802
65.889 0.7698119658119658
66.899 0.9210297029702971
67.919 0.5098509803921568
69.058 0.5188551360842845
70.069 0.38573293768545996
71.129 0.12389433962264153
72.159 0.24438058252427186
73.169 0.2907485148514851
74.17 0.5575864135864136
75.181 0.5056933728981207
76.249 0.28692134831460675
77.279 0.19125436893203884
78.288 0.27866005946481665
79.289 0.6477682317682317
80.359 0.6034542056074765
81.388 0.31886381322957197
82.398 0.7368237623762376
83.399 0.5777022977022978
84.409 0.6108910891089109
85.419 0.6465267326732673
86.619 0.7070066666666667
87.639 0.5042823529411765
88.659 0.5686745098039215
89.669 0.7043168316831683
90.688 0.556702649656526
91.698 0.6141702970297029
92.699 0.809046953046953
93.709 0.4966891089108911
94.739 0.4887611650485437
95.758 0.19142688910696762
96.778 0.6544941176470588
97.799 0.4945817825661116
98.828 0.5955918367346938
99.848 0.3120392156862745
100.869 0.4823506366307541
101.888 0.31299803536345777
102.918 0.42500970873786403
103.919 0.4008151848151848
104.938 0.5047772325809617
106.158 0.25071475409836064
107.189 0.49890203685741996
108.19 0.7871808191808192
109.229 0.5259672762271416
110.438 0.771076923076923
111.458 0.8798117647058823
112.468 0.729069306930693
113.479 0.995893175074184
114.499 0.8001882352941178
115.509 0.8346851485148514
116.529 0.8156313725490195
117.538 1.0954846382556986
118.548 0.8636910891089109
119.698 0.9984208695652175
120.709 1.320640949554896
121.718 1.1495738354806742
122.719 0.8714725274725275
123.729 1.509330693069307
124.839 0.5051675675675675
125.898 1.0675278564683663
126.918 1.1158588235294118
127.938 0.48498823529411766
128.958 0.6437647058823529
129.969 0.6095430267062315
131.038 0.8000449017773621
132.058 0.7645377821393523
133.068 0.580380198019802
134.069 0.6127472527472528
135.078 0.6474767096134787
136.088 0.5610059405940594
137.169 0.4200259019426457
138.388 0.5464938474159147
139.398 0.7368237623762376
140.408 0.8358019801980198
141.418 0.9318653465346535
142.429 0.5762057368941642
143.468 0.5687930702598653
144.478 0.6501386138613862
145.509 0.505086323957323
146.518 0.9653280475718532
147.529 0.8453887240356084
148.568 0.4675957651588066
149.578 0.39008316831683165
150.598 0.2467764705882353
151.608 0.6710178217821782
152.678 0.8909233644859813
153.688 0.6934811881188119
154.888 0.34656
155.898 0.3798178217821782
156.918 0.4828235294117647
157.949 0.4564422890397672
159.049 0.12933818181818182
161.217 0.047509225092250924
162.357 0.06725899912203687
163.368 0.33557270029673586
164.378 0.24553663366336634
165.379 0.5575864135864136
166.388 0.5653121902874133
167.448 0.40265660377358486
168.458 0.2383841584158416
169.468 0.446590099009901
170.488 0.5579294117647059
171.498 0.4009188118811881
172.508 0.5818930693069306
173.528 1.0461254901960786
174.538 1.2636673267326732
175.548 1.314780198019802
176.549 1.0498221778221777
177.568 0.7840157016683024
178.578 0.7394138613861386
179.598 0.9886588235294117
180.678 0.7051703703703704
181.687 0.5965510406342913
182.698 0.7164629080118694
183.708 0.7077306930693069
184.787 0.677531047265987
185.788 0.8418461538461538
186.798 0.6025663366336633
187.818 1.0944
188.838 0.9270509803921568
189.858 0.8583529411764705
190.898 0.6487923076923077
191.917 0.7625358194308145
192.928 0.7144451038575669
193.93 0.720814371257485
194.938 0.7937857142857143
195.947 1.0576808721506443
196.948 1.1463976023976024
197.957 1.2267460317460317
199.098 1.0650236634531112
200.117 0.7947556427870461
201.128 0.6719762611275965
202.267 0.6967585601404741
203.328 0.965210179076343
204.338 1.584483168316832
205.347 1.4658870168483646
206.357 1.2825742574257426
207.368 1.469246290801187
208.568 1.29402
209.578 1.4485544554455447
210.588 1.249370297029703
211.589 1.434965034965035
212.59 1.293002997002997
213.598 1.5053253968253968
214.607 1.437637264618434
215.618 1.165950544015826
216.628 1.1129029702970297
217.838 1.0867041322314048
218.848 1.3216792079207922
219.917 1.1255378858746492
220.918 1.5465734265734266
221.927 1.4675044598612488
222.937 1.4007920792079207
223.938 1.7401718281718281
224.939 1.6142417582417583
225.947 1.980801587301587
226.948 1.4157202797202795
227.949 1.9635564435564437
228.977 1.22284046692607
229.978 1.824807192807193
231.057 1.4497349397590362
232.058 1.8382497502497501
233.068 1.2478415841584158
234.117 1.5458379408960914
235.207 1.4601394495412845
236.208 2.032807192807193
237.217 1.3990723488602579
238.447 1.5814894308943088
239.448 2.0784415584415585
240.568 1.55755
241.697 1.5847440212577502
242.698 1.829962037962038
243.708 1.334479207920792
244.717 1.8260535183349849
245.728 1.6801978239366961
246.757 1.0763926141885327
247.758 1.292147852147852
248.767 0.6659266600594649
249.777 1.1505663366336634
250.787 0.9033663366336634
251.807 1.140305882352941
252.817 0.8779881188118812
253.827 0.9084118811881188
254.847 1.0976
255.857 0.8739881188118812
256.906 0.5167588179218303
257.997 0.22068560953253896
259.037 0.42888461538461536
260.047 0.44470168483647177
261.068 0.48144955925563176
262.077 0.8568642220019822
263.087 0.6574574257425743
264.106 0.6708694798822374
265.116 0.9752079207920793
266.127 0.271351137487636
267.136 1.0087135777998018
268.167 0.7347662463627546
269.236 0.7193264733395698
270.256 1.0514823529411765
271.257 0.759968031968032
272.267 0.8324831683168317
273.286 0.7720667320902846
274.316 0.7733048543689321
275.317 0.9293106893106893
276.326 0.7010029732408325
277.337 0.9850682492581603
278.346 0.7906679881070366
279.486 0.6954736842105264
280.487 0.8965114885114885
281.856 0.43309276844411976
282.886 0.9997434402332361
283.887 0.6895504495504495
284.896 0.8351714568880079
286.096 0.5526066666666667
287.106 0.7584950495049506
288.316 0.5028165289256198
289.326 0.6067960396039603
290.336 0.5008079207920793
291.496 0.5547241379310346
292.506 0.6934811881188119
293.507 0.6496463536463537
294.508 0.8934425574425574
295.516 0.7676507936507937
296.527 0.4882532146389713
297.536 0.7586362735381565
298.547 0.8924470820969337
299.556 0.7315996035678889
300.567 0.9150069238377844
301.577 1.2352633663366337
302.587 0.7418534653465346
303.646 1.0043588290840415
304.667 0.9754515181194908
305.676 0.6941684836471754
306.686 0.6869306930693069
307.706 0.6920627450980392
308.726 0.7403294117647059
309.736 0.6299168316831683
310.746 0.7210455445544555
311.747 0.6669170829170828
312.766 0.660090284592738
313.776 0.9427009900990099
314.826 0.47731047619047623
316.047 0.35852579852579847
317.557 0.20293509933774834
318.566 0.4865649157581764
319.606 0.34726153846153845
320.686 0.1824
321.696 0.3616079207920792
322.705 1.3437224975222992
323.726 0.3108481880509304
324.776 0.5914742857142858
325.876 0.9705527272727272
326.926 0.9191390476190476
327.936 1.1844435643564355
328.946 1.0393029702970298
329.956 0.7620039603960397
330.966 1.0316673267326733
331.99 0.9403046875
333.186 0.7695652173913043
334.196 1.0067801980198021
335.206 1.0436673267326733
336.216 0.9896871287128712
337.226 0.9971722772277227
338.256 0.39313398058252425
339.276 0.1716705882352941
341.525 0.08759092930191197
342.536 0.3947299703264095
343.775 0.3871896690879742
344.795 0.5042823529411765
345.796 0.38925874125874127
346.845 0.26081982840800766
347.856 0.49956083086053416
348.875 0.6351246319921492
349.885 0.7686574257425742
351.066 0.4626248941574937
352.075 0.7286818632309218
353.076 0.6373946053946054
354.085 0.3702913776015857
355.125 0.4956230769230769
356.145 0.5203294117647059
357.15 0.6860417910447761
358.386 0.5284401294498382
359.395 0.732868186323092
360.415 0.6881725490196078
361.435 0.5481803921568627
362.586 0.646853171155517
363.595 0.882402378592666
364.755 0.4610344827586207
365.825 0.4459140186915888
366.835 0.5603247524752475
367.855 0.5519529411764706
368.875 0.6472627450980392
369.895 0.5303058823529412
370.905 0.7514851485148516
371.925 0.7264078431372549
372.986 0.6057530631479736
374.015 0.6621089494163425
375.026 0.8085776458951534
376.035 0.744816650148662
377.146 0.6322952295229523
378.155 0.7192626362735383
379.156 0.784951048951049
380.175 0.6444514229636898
381.177 0.7692614770459082
382.185 0.8163174603174603
383.195 0.8054336633663366
384.215 0.5102274509803921
385.216 0.6558641358641358
386.217 0.767952047952048
387.655 0.641134909596662
388.666 0.8172185954500494
389.725 0.733423984891407
390.925 0.8893200000000001
391.936 1.011790306627102
392.945 0.783215064420218
394.125 0.995206779661017
395.126 1.047864135864136
396.225 0.9524367606915377
397.295 0.9873570093457944
398.305 0.9420831683168316
399.505 0.8498866666666667
400.555 0.9143314285714286
401.615 0.9024830188679245
402.626 0.9035489614243323
403.705 1.0850639481000925
404.706 1.1209270729270728
405.715 1.0127571853320119
406.725 0.8800712871287129
407.735 1.0839841584158416
408.736 1.149986013986014
409.745 1.0862953419226957
410.756 1.2583026706231453
411.765 0.9994687809712587
412.775 0.9342891089108911
413.785 0.8309227722772278
414.795 0.6597386138613862
415.945 0.7189356521739131
417.145 0.92044
418.364 0.5424708777686629
419.365 0.6657262737262737
420.366 0.7868611388611388
421.381 0.6980413793103448
422.384 0.6556251246261217
423.395 0.21649851632047476
424.405 0.350170297029703
425.415 0.6619881188118812
426.625 0.6588495867768595
427.827 0.5767787021630615
428.835 1.1966395233366436
430.225 0.4701237410071943
431.425 0.30260000000000004
432.434 1.1180733399405351
433.435 1.122021978021978
434.436 1.0556163836163839
435.445 1.0040911793855303
436.446 1.2781538461538462
437.455 1.3532923686818634
438.456 1.4960959040959043
439.515 1.1913578847969781
440.524 1.538410307234886
441.705 1.0123217612193058
442.765 1.2695169811320755
443.766 1.3308611388611389
444.775 1.556352824578791
445.974 1.1275195996663887
446.975 1.6473046953046955
448.035 1.2388905660377358
449.04 1.5411502487562188
450.044 1.6551155378486055
451.045 1.2619780219780221
452.047 0.9757844311377246
453.224 1.4394902293967715
454.225 1.1387172827172825
455.234 1.0617165510406343
456.244 1.321552475247525
457.254 0.483350495049505
458.255 1.2316803196803194
459.264 1.1893518334985131
460.475 1.0065532617671344
461.476 1.2632887112887112
462.484 1.3433253968253969
463.494 0.9450693069306931
464.495 1.4546573426573426
465.496 1.5129350649350648
466.505 1.6373359762140733
467.525 1.1783450980392156
468.534 1.4315163528245787
469.555 1.33415083251714
470.556 2.1260419580419576
471.594 1.4586127167630059
472.595 1.9392767232767232
473.605 1.3837782178217821
474.606 1.9180339660339658
475.615 1.864832507433102
476.624 1.7172249752229929
477.754 1.4956955752212389
478.774 1.9424549019607844
479.775 1.1454705294705294
480.795 1.519670588235294
481.796 1.2053066933066932
483.004 0.8396225165562914
484.005 1.166985014985015
485.014 1.1862200198216055
486.134 0.9609071428571428
487.144 1.1028356435643565
488.145 1.2944735264735265
489.153 1.0635
490.164 0.8012027695351137
491.184 0.5902274509803922
492.193 0.7267076313181368
493.214 0.6334730656219394
494.224 0.8140356435643564
495.374 0.9882573913043479
496.394 1.2497333333333334
497.404 1.4795326732673268
498.414 1.5405544554455446
499.534 1.2679857142857143
500.774 1.3844451612903226
502.004 1.1291642276422766
503.024 1.1496392156862747
504.025 1.1098821178821179
505.033 1.15934126984127
506.123 0.867148623853211
507.133 1.106331020812686
508.134 0.9074205794205795
509.144 0.9924990099009902
510.145 0.8355004995004994
511.154 0.921942517343905
512.173 0.672062806673209
513.214 0.5486186359269933
514.223 0.9110961347869178
515.224 1.0512847152847153
516.225 1.1985054945054945
517.404 0.927782866836302
518.405 0.8965114885114885
519.407 0.9791648351648351
520.413 1.3490337972167
521.424 0.9451394658753708
522.454 0.7738075801749271
523.633 0.7876776929601357
524.654 0.9503310479921646
525.674 0.9736549019607843
526.683 1.0286065411298315
527.684 1.093978021978022
528.693 1.1977086223984144
529.723 0.8970330097087378
530.725 1.4737822177822177
531.734 1.4274886025768088
532.743 1.2699147670961346
533.754 1.5008031651829872
534.853 1.2299763421292085
535.854 1.4322317682317682
536.863 0.6706600594648167
537.873 1.1377425742574259
538.904 0.4684927255092144
539.989 0.22211070110701106
540.993 0.7520478087649403
542.003 1.027461386138614
543.004 1.4378421578421579
544.013 1.1918097125867195
545.023 1.3460673267326733
546.133 0.7726702702702702
547.153 1.0192941176470587
548.174 0.8333320274240941
549.263 0.8392800734618917
550.273 1.3002772277227723
551.283 0.8644356435643564
552.293 1.0682138613861385
553.303 0.9598811881188118
554.313 1.24609900990099
555.333 0.8993333333333333
556.344 1.1843481701285854
557.353 0.8889672943508423
558.373 0.4155137254901961
559.383 0.9427009900990099
560.393 0.6069782178217822
561.453 0.8822867924528303
562.463 0.6501386138613862
563.493 0.6481398058252428
564.513 0.4562117647058823
565.523 0.5959603960396039
566.713 0.5463663865546218
567.733 0.5042823529411765
568.752 0.5584769381746811
569.822 0.3961943925233645
570.842 0.5579294117647059
571.862 0.5901176470588235
572.873 0.5250959446092978
573.883 0.49651485148514857
574.893 0.6934811881188119
575.952 0.6158564683663834
576.963 0.6711454005934717
577.973 0.7151524752475248
578.992 0.45656526005888126
580.002 0.8018376237623762
581.003 0.7653146853146854
582.012 0.5140297324083252
583.023 0.660320474777448
584.033 0.8560158415841584
585.043 0.6928712871287129
586.053 0.9643722772277228
587.063 0.8766970297029703
588.132 1.0294031805425632
589.133 1.0714405594405594
590.142 0.6662517343904856
591.162 0.7617882352941177
592.182 0.5724156862745097
593.212 0.6587650485436893
594.262 0.4687009523809524
595.283 0.4609128305582762
596.322 0.5161270452358037
597.344 0.567545988258317
598.352 0.44214285714285717
599.362 0.6826455445544554
600.492 0.5015929203539823
601.502 0.6393029702970296
602.512 0.7368237623762376
603.522 0.48325544554455446
604.532 0.5634534653465347
605.552 0.4720941176470589
606.572 0.35501176470588236
607.582 0.48760396039603965
608.602 0.46136470588235295
609.632 0.31875728155339805
610.662 0.31875728155339805
611.663 0.2879360639360639
612.692 0.35097376093294463
613.702 0.24921980198019802
614.782 0.1824
615.882 0.11938909090909092
616.962 0.11146666666666667
617.972 0.4595326732673267
619.002 0.4568854368932039
620.552 0.0988490322580645
621.562 1.018550495049505
622.574 0.7053596837944663
623.582 0.6188571428571429
624.632 0.5941028571428572
625.662 0.23375533980582522
626.672 0.4009188118811881
627.682 0.9065821782178218
628.692 1.0384237623762376
629.712 1.0836705882352942
630.722 0.5499881188118811
631.742 0.9549176470588235
632.762 0.9285725490196078
633.772 1.5386613861386138
634.781 0.7779742319127849
636.252 0.15623657375934738
637.382 1.1026619469026548
638.482 0.37806545454545454
639.492 0.7693306930693069
640.502 0.814708910891089
641.522 0.7725176470588235
642.532 1.018550495049505
643.552 0.7146117647058824
644.572 1.0192941176470587
645.582 0.8657584158415842
646.612 1.0306485436893205
647.622 0.899358415841584
648.641 0.6731854759568203
649.651 0.899358415841584
650.652 0.9074445554445555
651.672 0.901270588235294
653.377 0.07687507331378299
654.382 1.9098666666666666
655.391 0.8568642220019822
656.401 0.9110961347869178
657.421 0.8065254901960783
658.422 0.8746453546453548
659.423 1.1370389610389613
660.432 0.9166699702675917
661.442 1.2244277227722773
662.462 1.1480470588235292
663.472 0.7616079207920792
664.481 1.2473339940535184
665.622 0.8205644171779142
666.652 0.9881475728155339
667.662 1.3869623762376238
668.672 1.0632950495049505
669.922 1.1417005604483585
670.931 1.3666442021803766
671.941 1.2027564356435643
672.952 1.24486646884273
673.961 1.163623389494549
674.972 1.320640949554896
676.131 1.2654357204486626
677.141 1.3002772277227723
678.152 1.1149673590504452
679.252 1.2404436363636364
680.271 1.537320235756385
681.281 1.3219485148514853
682.282 1.2200919080919084
683.291 1.4534152626362735
684.302 1.7211632047477745
685.311 0.915147670961348
686.322 1.0175430267062315
687.331 1.605264618434093
688.522 0.7994357682619648
689.541 0.7433320235756384
690.551 1.3219485148514853
691.561 0.9210297029702971
692.571 1.2786059405940593
693.581 1.3435643564356436
694.582 1.0605074925074924
695.591 1.1931020812685826
696.622 0.9553443258971872
697.691 0.2354649204864359
698.701 0.15169900990099008
699.771 0.08182429906542056
701.121 0.02432
702.161 0.29464615384615384
744.234 0.0007803579492786347
745.74 0.029067729083665336
747.054 0.00832876712328767
748.156 0.01986206896551724
752.59 0.0024682002706359943
753.593 0.0982013958125623
754.67 0.09145403899721448
755.948 0.09419718309859156
756.987 0.1158652550529355
758.049 0.072135593220339
759.65 0.028017489069331665
760.809 0.07554098360655738
761.829 0.11802352941176472
762.832 0.10911266201395814
763.99 0.122860103626943
765.009 0.15035917566241414
766.029 0.08583529411764705
767.067 0.1370635838150289
768.11 0.1364065196548418
771.088 0.02572464741437206
772.17 0.14160443622920516
778.553 0.030821870593764684
779.59 0.7495467695274831
780.672 0.12137523105360444
781.971 0.11794919168591224
783.11 0.1729517120280948
784.168 0.1655047258979206
785.21 0.17854894433781188
786.567 0.12097273397199707
787.689 0.16581818181818184
788.751 0.15457627118644068
789.806 0.18672227488151658
790.85 0.15724137931034482
791.908 0.15516068052930057
792.968 0.1548679245283019
793.97 0.15291017964071857
795.027 0.15545454545454546
796.069 0.15754318618042223
797.289 0.014872131147540983
798.311 0.09637573385518591
799.328 0.18293805309734512
800.352 0.12825
801.507 0.1610805194805195
802.509 0.1747544910179641
803.528 0.15035917566241414
804.53 0.15291017964071857
805.568 0.15815028901734104
806.607 0.1474648700673725
807.649 0.15754318618042223
808.688 0.13693166506256013
809.708 0.15021176470588235
810.769 0.14440716305372292
812.108 0.11442569081404032
813.146 0.1792369942196532
814.147 0.15306293706293708
815.168 0.15006464250734575
816.169 0.15306293706293708
817.227 0.15516068052930057
818.349 0.12680213903743315
828.938 0.02168190404231205
830.006 1.3733632958801496
831.008 0.10922155688622755
832.129 0.13667796610169494
833.168 0.1158652550529355
834.169 0.12026373626373627
836.126 0.02012468063362289
837.17 0.07337931034482759
838.387 0.09891865242399342
839.632 0.0967717041800643
840.848 0.09899999999999999
841.97 0.06827807486631016
843.127 0.06621261884183233
844.587 0.04497534246575343
845.629 0.03150863723608446
846.649 0.0643764705882353
847.946 0.02531380107941403
848.989 0.0314784276126558
850.208 0.008977850697292863
870.754 0.0015979752749926991
872.314 0.021046153846153846
873.453 0.20177699736611063
874.515 0.05152542372881356
875.534 0.05369970559371933
876.734 0.07296
877.755 0.07503232125367287
878.896 0.06714110429447853
880.138 0.0881159420289855
881.235 0.08978669097538741
882.536 0.07570791698693312
883.593 0.0828306527909177
884.613 0.09656470588235294
885.655 0.10502879078694818
886.693 0.09489017341040464
887.733 0.08418461538461539
888.812 0.10152133580705008
889.814 0.1201437125748503
896.932 0.018414161281258782
897.956 0.8025962854349952
899.054 0.10963934426229509
900.092 0.11597687861271676
901.438 0.08130757800891529
902.553 0.098152466367713
903.613 0.1342188679245283
904.618 0.1088955223880597
906.013 0.10198709677419354
907.076 0.08236312323612419
908.191 0.12759820627802693
909.596 0.10905053380782918
910.634 0.16869364161849712
911.672 0.10543352601156068
912.775 0.09922030825022665
913.935 0.09434482758620688
915.031 0.09985401459854015
916.153 0.08778609625668449
917.233 0.08106666666666666
918.373 0.096
919.532 0.09442622950819674
920.58 0.09398473282442749
921.613 0.14832139399806388
922.676 0.12354468485418628
923.733 0.12424597918637653
924.734 0.17492907092907092
925.771 0.1477492767598843
926.833 0.13396610169491527
927.872 0.1579980750721848
928.933 0.15472196041470312
930.116 0.11101267962806424
931.137 0.15006464250734575
932.157 0.13948235294117647
933.297 0.1248
934.335 0.15815028901734104
935.578 0.11445856798069186
936.615 0.17940983606557376
937.618 0.12002392821535393
938.655 0.169019305019305
943.478 0.013614762595894671
944.494 0.366236220472441
946.713 0.212805768364128
947.734 0.07503232125367287
948.814 0.14186666666666667
950.039 0.16080979591836733
951.059 0.15021176470588235
952.077 0.11825540275049116
953.194 0.06858370635631156
954.196 0.1419880239520958
955.514 0.10794537177541731
956.794 0.09405
957.855 0.10314797360980207
959.019 0.09402061855670105
960.236 0.09891865242399342
961.293 0.14495364238410596
962.435 0.10541506129597197
971.759 0.014058993886088169
972.774 1.207866009852217
973.813 0.1579980750721848
974.995 0.12962436548223352
976.172 0.15806966864910793
977.178 0.19581709741550696
978.211 0.1589157792836399
979.232 0.12862683643486778
980.293 0.17535155513666353
981.294 0.15306293706293708
982.332 0.12652023121387285
983.395 0.16472624647224837
984.415 0.15021176470588235
985.617 0.1547820299500832
986.653 0.15845559845559845
987.734 0.11136355226641999
989.02 0.17871228615863144
990.335 0.13315893536121673
1012.254 0.00898727131712213
1013.413 2.653377049180328
1014.713 0.08418461538461539
1015.714 0.16399600399600398
1016.731 0.1183716814159292
1017.732 0.13119680319680319
1018.752 0.11802352941176472
1019.815 0.11324929444967075
1020.972 0.022962834917891098
1022.011 0.06319923002887393
1023.09 0.10142724745134384
1024.133 0.08394247363374881
1025.213 0.0912
1026.251 0.08434682080924856
1027.471 0.09867540983606557
1028.492 0.07503232125367287
1029.571 0.0608563484708063
1030.692 0.058576271186440675
1043.662 0.01263716268311488
1045.917 0.019526385809312638
1046.918 0.3386693306693307
1048.017 0.10977252047315741
1049.235 0.08086699507389164
1050.54 0.08386206896551723
1051.959 0.10026215644820295
1053.195 0.06198058252427185
1054.215 0.08583529411764705
1055.277 0.08244067796610169
1061.354 0.028772091492512752
1062.458 0.4066666666666667
1063.717 0.10431135822081017
1064.775 0.0827523629489603
1065.817 0.11553166986564299
1066.915 0.09967213114754098
1067.917 0.09829940119760479
1068.937 0.09656470588235294
1069.957 0.09656470588235294
1071.019 0.10305084745762712
1072.336 0.0747881548974943
1073.414 0.10152133580705008
1074.699 0.0596171206225681
1075.718 0.0966594700686948
1076.756 0.09489017341040464
1077.836 0.10133333333333333
1078.897 0.10314797360980207
1079.978 0.11136355226641999
1081.035 0.13459981078524125
1082.114 0.09128452270620946
1083.236 0.06827807486631016
1084.316 0.07093333333333333
1085.335 0.08591952894995093
1086.356 0.09647012732615083
1087.395 0.09479884504331088
1088.497 0.09931034482758622
1089.602 0.08921739130434783
1090.694 0.10021978021978022
1091.714 0.09656470588235294
1092.776 0.09274576271186441
1093.777 0.0983976023976024
1094.857 0.10133333333333333
1095.974 0.09797672336615935
1097.054 0.10133333333333333
1098.055 0.0983976023976024
1099.14 0.08069308755760368
1100.156 0.0754015748031496
1101.196 0.05261538461538461
1102.199 0.06546759720837486
1103.877 0.052207513416815746
1105.297 0.08477746478873238
1106.499 0.09104825291181365
1119.332 0.010213667887477596
1120.454 1.30726559714795
1121.459 0.13067462686567166
1122.476 0.12913274336283187
1123.597 0.12691525423728814
1124.655 0.15516068052930057
1125.763 0.10864981949458483
1126.796 0.11653823814133592
1127.876 0.13173333333333334
1128.877 0.16399600399600398
1129.98 0.10911332728921125
1131.374 0.0064619799139167865
1132.515 0.047957931638913244
1133.739 0.08941176470588234
1134.835 0.10983941605839416
1135.856 0.11790793339862879
1136.954 0.09967213114754098
1137.974 0.05175686274509804
1139.198 0.1251764705882353
1140.217 0.1288792934249264
1141.315 0.11960655737704919
1142.354 0.047776708373436
1143.415 0.11346277097078228
1144.436 0.09647012732615083
1145.8 0.09628152492668622
1146.974 0.10254173764906305
1148.077 0.07875249320036265
1151.659 0.03055276381909548
1152.86 0.0728992506244796
1154.138 0.059943661971830986
1155.818 0.02605714285714286
1156.107 0.0
