0.0 0.6419076923076923
1.088 0.5934705882352942
2.109 0.23581586679725758
3.129 0.5042823529411765
4.201 0.26543283582089555
5.208 0.46732075471698115
6.22 0.6100869565217392
7.228 0.9771428571428572
8.268 0.2525538461538462
9.3 0.5726511627906977
10.304 0.8074336989032902
11.321 0.8007866273352999
12.328 0.6086037735849057
13.329 0.491988011988012
14.333 1.6459601593625497
15.34 1.678172790466733
16.361 1.7516317335945153
17.368 2.2387924528301886
18.388 1.6460549019607844
19.392 1.8094661354581676
20.4 1.470222222222222
21.401 1.618093906093906
22.441 1.0882461538461539
23.449 0.7057142857142856
24.46 0.865994065281899
25.588 1.3332198581560284
26.6 1.5464347826086957
27.708 1.5449530685920578
28.709 1.814889110889111
29.712 1.4993738783649053
30.728 1.745007874015748
31.748 1.6245960784313724
32.752 1.86396812749004
33.76 1.5245079365079366
34.768 1.205142857142857
35.781 1.2424086870681144
36.789 0.5147936507936509
37.792 1.1020378863409772
38.8 1.6828571428571428
39.801 1.3055744255744255
40.808 1.7388679245283019
41.812 1.4869800796812749
42.82 1.8674285714285712
43.829 1.4904578790882062
44.84 2.121685459940653
45.853 1.7654649555774926
46.864 1.7364826904055388
47.868 1.9511713147410357
48.88 1.972679841897233
49.888 2.2713962264150944
50.892 1.8139920318725098
52.02 1.48845390070922
53.029 1.8981169474727453
54.12 1.2480073327222732
55.121 1.2682357642357642
56.128 1.3258867924528301
57.148 1.184713725490196
58.16 1.4815494071146245
59.161 1.403972027972028
60.168 1.5758490566037735
61.24 1.4232835820895524
62.248 1.4982857142857142
63.26 1.2868932806324112
64.268 1.2965079365079366
65.269 1.5415624375624375
66.288 0.8743945044160943
67.308 1.2768
68.361 1.143247863247863
69.368 0.5977358490566038
70.38 0.48031620553359683
71.4 0.997835294117647
72.448 0.9294045801526718
73.6 0.0855
74.792 0.17444295302013424
75.861 0.6696950420954163
76.868 1.5432452830188679
77.881 1.5016939782823295
78.905 0.6670625
79.92 0.6145891625615764
81.361 0.11392088827203331
82.368 0.2608301886792453
83.388 0.8261647058823529
84.408 0.8628078431372548
85.428 1.0095544651619235
86.448 0.9441882352941178
87.468 1.0300235294117648
88.548 0.4196740740740741
89.56 1.2544505928853753
90.58 0.8368941176470588
91.629 0.2503870352716873
92.649 0.5042823529411765
93.66 0.6864648862512364
94.668 0.9662857142857143
95.68 1.1571225296442689
96.681 0.9994485514485515
97.689 1.0314285714285714
98.708 0.7840157016683024
99.841 0.8830079435127979
100.848 0.8803018867924528
101.868 0.6008470588235294
102.88 0.6164110671936759
103.92 0.6103384615384615
105.1 0.43975593220338977
106.101 0.9730429570429571
107.109 1.0748571428571427
108.12 0.952593471810089
109.121 1.07598001998002
110.128 0.956377358490566
111.24 1.3524028776978416
112.261 1.3505817825661115
113.268 1.0759245283018868
114.288 1.1632313725490198
115.292 1.9838725099601595
116.305 0.9011806515301085
117.341 0.5704401544401544
118.349 0.5971428571428571
119.36 0.995893175074184
120.372 1.075098814229249
121.381 1.5293399405351833
122.388 1.6519245283018869
123.408 1.313443137254902
124.42 1.6221343873517788
125.428 0.9707936507936508
126.44 1.5031778656126482
127.452 1.3562687747035573
128.46 1.6285714285714286
129.528 1.2954007490636703
130.54 1.7627193675889326
131.548 1.6656507936507938
132.553 1.851223880597015
133.56 1.6564369414101292
134.568 1.737142857142857
135.58 1.529296442687747
136.588 1.7045714285714288
137.601 1.560197433366239
138.613 1.7843478260869565
139.748 0.8718096916299559
140.76 1.6545770750988142
141.82 1.5219924528301887
142.821 1.7383576423576423
143.852 1.4798836081474298
144.86 1.5091428571428571
145.868 1.6502857142857141
146.88 1.5833675889328063
148.06 1.4970576271186442
149.069 1.7462675916749255
150.08 1.7256577645895155
151.081 1.8804875124875124
152.088 1.6020973187686198
153.108 1.3626352941176472
154.121 1.4116327739387957
155.128 1.0732234359483612
156.148 1.534305882352941
157.16 1.3454545454545455
158.164 1.0137370517928288
159.172 1.6982222222222223
160.18 1.4982857142857142
161.412 1.2917467532467533
162.413 1.629026973026973
163.448 1.5904772946859904
164.449 1.8476883116883116
165.453 1.7158884462151396
166.461 2.334285714285714
167.468 1.9063992055610726
168.54 1.8520597014925373
169.548 2.1171428571428574
170.568 1.8284549019607845
171.572 2.4416892430278887
172.573 1.6444995004995007
173.62 1.6663228271251194
174.621 1.967952047952048
175.628 1.4173426017874877
176.641 1.2964264560710759
177.648 1.4019622641509435
178.668 0.9057254901960784
179.681 2.236335636722606
180.688 2.047682224428997
181.692 1.8902948207171315
182.693 1.967952047952048
183.708 1.535558620689655
184.72 1.6437628458498024
185.728 1.2651916583912612
186.74 1.3842213438735178
187.749 1.5293399405351833
188.76 1.0869871414441146
189.761 1.2901018981018981
190.82 1.0687214353163361
191.821 1.6071608391608392
192.868 1.0766303724928366
193.909 0.35744092219020174
194.92 0.6539901088031652
195.948 0.8197354085603112
196.98 0.5726511627906977
197.988 1.0976603773584908
199.001 1.3995256916996046
200.02 1.707650637880275
201.021 1.513302697302697
202.028 1.260679245283019
203.048 0.9164549019607843
204.06 1.449106719367589
205.068 1.850222222222222
206.072 1.5696573705179284
207.14 1.4695955056179775
208.148 1.9217142857142857
209.16 1.3562687747035573
210.161 1.967952047952048
211.169 1.7416507936507937
212.181 1.9790039525691698
213.188 1.3086633565044687
214.189 1.6836923076923076
215.2 1.076162215628091
216.22 1.2553411764705882
217.228 0.8360000000000001
218.321 1.035476669716377
219.328 1.3150188679245283
220.34 1.2868932806324112
221.36 1.0022901960784314
222.38 1.180235294117647
223.381 1.1917042957042958
224.388 0.9500218470705065
225.408 0.815435294117647
226.42 0.9083952569169961
227.708 0.4248447204968944
228.72 0.9020711462450594
229.721 1.1042397602397602
230.728 1.0107169811320755
231.748 0.7877019607843138
234.208 0.2713756097560976
235.749 1.6811747888239117
236.761 1.3193359683794468
237.776 1.50951724137931
238.78 1.1926693227091634
239.8 0.7617882352941177
240.808 0.7817142857142857
241.88 0.8515820895522388
242.96 0.8816
245.408 0.4470588235294118
246.412 1.4106772908366534
247.428 1.2925984251968505
248.44 1.4815494071146245
249.453 1.1388588351431392
250.468 1.3801300492610837
251.472 1.181768924302789
252.48 1.1834285714285713
253.5 1.2875294117647058
254.505 0.8539064676616914
255.509 1.2317450199203188
256.521 0.9949090909090907
257.609 0.8994117647058824
258.621 1.1571225296442689
259.64 1.1384337585868496
260.66 0.5579294117647059
261.688 0.2812140077821012
262.72 0.3923720930232558
263.729 0.42300891972249755
264.748 0.5906967615309127
265.749 0.4154565434565435
266.76 0.5737210682492582
267.94 0.6066983050847458
268.948 2.1714285714285717
269.949 2.377014985014985
270.961 1.3409644268774703
272.12 0.08498360655737705
273.14 0.4720941176470589
274.149 1.3169236868186323
275.16 2.11535509396637
276.172 2.260173913043478
277.181 1.761617443012884
278.316 2.0674537444933923
279.321 2.4828179104477615
280.328 1.6564369414101292
281.332 1.7658645418326695
282.341 1.002370664023786
283.38 0.26333012512030796
284.44 0.17551698113207548
285.441 0.5794525474525475
286.448 0.5216603773584906
287.449 0.6997162837162837
288.648 0.5149357798165137
289.669 0.41803721841332026
290.676 0.478188679245283
291.688 1.2544505928853753
292.8 0.9882589928057555
293.808 1.1182857142857143
294.82 0.7137391304347827
295.968 0.5243205574912891
297.168 0.05481135225375626
298.181 1.203680157946693
299.188 2.1953207547169815
300.192 1.5539302093718843
301.2 1.4222857142857142
302.201 0.6559840159840159
303.208 0.6239841112214498
304.221 0.8966949654491609
305.24 1.439152109911678
306.248 1.4810793650793652
307.252 1.7549641434262948
308.26 1.426793650793651
309.262 1.4978301698301697
310.268 1.1902982107355866
311.28 1.6221343873517788
312.281 1.546101898101898
313.3 1.858009813542689
314.304 1.7158884462151396
315.308 2.049274900398406
316.32 1.7347667984189723
317.4 2.0106074074074076
318.428 1.735284046692607
319.448 2.1181490196078427
320.449 2.0007512487512487
321.461 1.5076679841897234
322.468 2.140981132075472
323.48 1.691509881422925
324.628 1.5292473867595817
325.64 1.7086482213438734
326.648 1.8067936507936508
327.66 1.7735335968379449
328.661 1.589834165834166
329.668 1.5665367793240557
330.672 1.6068844621513945
331.68 2.128
332.681 1.6882317682317682
333.688 2.032301886792453
334.692 1.7594900398406375
335.76 1.7770187265917603
336.768 1.7262857142857142
337.808 1.4670769230769232
338.812 1.7549641434262948
339.828 1.4909606299212599
340.832 1.6132589641434263
341.848 1.8033385826771653
342.861 2.193121421520237
343.868 1.667304865938431
344.889 2.0580293829578844
345.9 0.7622393669634026
346.908 1.9562264150943396
347.921 1.279305034550839
348.929 1.8565714285714285
349.94 1.4225598417408507
350.948 1.986857142857143
351.96 1.4535968379446642
352.961 1.1042397602397602
353.968 1.2172075471698114
354.98 1.2156600790513834
355.989 0.8460178394449951
357.001 0.7137391304347827
358.04 0.7733205004812319
359.052 1.0381660079051382
360.08 0.5429416342412451
361.128 0.26106870229007634
362.148 0.4184470588235294
363.153 0.9256119402985075
364.16 0.3848897715988084
365.169 1.692416253716551
366.18 0.6058160237388724
367.189 0.4772408325074331
368.2 0.8813135509396638
369.201 2.055416583416583
370.208 1.8194558093346573
371.28 1.7720410830999067
372.308 2.0653073929961088
373.309 1.6773066933066931
374.312 1.7458025922233302
375.32 1.2422222222222223
376.329 1.6269573835480673
377.34 1.5632838773491593
378.341 1.8476883116883116
379.348 1.6129652432969215
380.36 2.0330750988142294
381.368 1.7525079365079366
382.372 2.2454820717131474
383.38 1.8067936507936508
384.381 1.7100979020979021
385.4 2.0835485770363102
386.401 1.6554325674325674
387.408 2.3474716981132073
388.432 1.6503125
389.62 1.533037037037037
390.629 1.702882061446977
391.64 1.4397151335311573
392.648 1.1879365079365078
393.66 1.7735335968379449
394.668 1.3507936507936509
395.68 1.5464347826086957
396.688 1.6873650793650794
397.7 2.0871462450592886
398.708 1.6982222222222223
399.789 1.6442849213691026
400.808 2.137248282630029
401.813 1.9755303482587063
402.816 2.138608175473579
403.82 1.7921912350597609
404.821 1.9724915084915087
405.828 2.1627169811320757
406.84 1.7888379446640317
407.841 1.9242197802197802
408.849 1.4593650793650792
409.861 1.6870197628458496
410.869 1.3073650793650793
411.88 1.2232166172106824
412.881 0.8965114885114885
413.888 0.3414101290963257
414.901 0.9074985192497533
415.908 1.6519245283018869
416.92 1.1724268774703557
417.921 1.6946253746253748
418.933 1.767209486166008
419.94 1.8692830188679246
420.948 1.405079365079365
421.972 1.881
422.993 1.6658805093046032
424.0 1.6736603773584906
425.02 1.0988549019607843
426.021 1.0823736263736263
427.029 0.7708571428571429
428.061 0.5514418604651163
429.068 0.5587765640516384
430.073 1.2196298507462686
431.08 1.0867924528301887
432.109 0.5893722060252673
433.688 0.17327422419252694
434.708 0.5579294117647059
435.72 0.7678102766798418
436.728 0.8902857142857143
437.98 0.5980319488817891
438.988 0.684
440.0 0.6488537549407115
441.008 0.8251428571428571
442.028 0.7510588235294118
443.04 0.5452015810276679
444.048 0.9228571428571429
445.061 0.9939269496544916
446.248 0.4333344566133109
447.3 0.44733079847908747
448.304 0.5822470119521912
449.32 0.6032125984251968
450.34 0.5257411764705883
451.36 0.5579294117647059
452.368 0.5754285714285715
453.548 0.44903050847457626
454.56 0.3676837944664032
455.58 0.6544941176470588
456.592 1.6221343873517788
457.6 1.6656507936507938
458.601 1.814889110889111
459.632 1.3737342386032978
460.641 1.681189296333003
461.648 1.4173426017874877
462.668 1.7810823529411763
463.68 0.923699604743083
464.688 1.042285714285714
465.701 1.0371411648568607
466.708 0.8739463753723933
467.72 1.1679367588932807
468.728 1.368
469.729 1.1197122877122878
470.732 1.2547956131605187
471.74 1.346285714285714
472.748 1.1336507936507936
473.752 1.6677609561752988
474.76 1.2096507936507939
475.768 1.824
476.772 1.3561752988047808
477.776 1.6568605577689244
478.789 1.225295162882527
479.792 1.4184646061814556
480.8 1.14
481.808 1.025079365079365
482.809 1.2901018981018981
483.828 1.2458331697742886
484.841 1.0416268509378084
485.848 1.1954716981132076
486.868 1.190964705882353
487.88 0.7182292490118577
488.892 1.6653913043478261
489.9 1.1770793650793652
490.901 1.2682357642357642
491.92 1.2458331697742886
492.932 0.988584980237154
493.94 1.4005714285714288
494.948 1.292
495.952 0.9964621513944224
496.96 1.2377142857142858
497.961 1.3165074925074924
498.973 1.600505928853755
499.988 1.481647290640394
501.001 1.5449081934846987
502.008 1.445433962264151
503.012 1.1708685258964144
504.013 1.7164915084915087
505.028 1.4953761105626853
506.033 1.437420895522388
507.041 1.3942222222222223
508.048 1.4671698113207547
509.088 1.2145230769230768
510.093 1.3529970089730807
511.101 1.748
512.12 1.6154504416094209
513.2 1.6559407407407407
514.208 1.6177142857142857
515.22 1.524806324110672
516.221 1.2946413586413585
517.241 1.3840941176470587
518.252 1.195236399604352
519.26 1.52
520.268 1.274793650793651
521.273 1.785886567164179
522.28 1.558625620655412
523.292 1.8492332015810278
524.309 1.501732283464567
525.321 1.751905138339921
526.34 1.6369303238469086
527.348 1.7805714285714287
528.353 1.3766049751243783
529.36 1.6519245283018869
530.361 1.6663656343656343
531.373 1.449106719367589
532.381 1.205142857142857
533.401 0.8306196078431373
534.408 1.0867924528301887
535.413 1.0236179104477614
536.421 0.807936507936508
537.452 0.7536605237633365
538.46 0.4451428571428572
539.468 0.6514285714285715
540.48 0.681296442687747
543.4 0.11618630136986301
544.408 0.22165079365079365
545.428 1.008564705882353
546.46 0.7423255813953489
547.5 0.32621538461538463
548.512 0.35895652173913045
549.52 0.6972698412698414
550.54 0.6759529411764706
551.548 0.673142857142857
552.56 0.6704822134387352
553.58 0.6223058823529412
554.621 0.43103170028818444
555.64 0.5092365063788028
556.648 1.3571428571428572
557.668 1.1373176470588235
558.672 0.8111553784860557
559.688 0.9155905511811023
560.7 0.9192094861660078
561.72 0.6652235294117647
562.728 0.38450793650793647
563.74 0.7353675889328064
564.741 0.6341178821178821
565.776 0.3383652173913043
566.788 0.4217549407114624
567.8 0.5190830039525691
568.868 0.4141423220973783
569.881 0.6698203356367225
570.9 0.7301275760549558
571.901 1.006033966033966
572.92 0.8314347399411188
573.94 1.0407529411764707
574.988 0.37593893129770994
576.029 0.25231123919308357
577.048 0.15035917566241414
578.1 0.10403041825095058
579.108 0.4342857142857143
580.12 0.7461818181818182
581.121 0.5183936063936064
582.132 1.0500178041543027
583.14 1.0097142857142856
584.141 1.043180819180819
585.148 1.2824150943396226
586.152 1.3080478087649403
587.16 1.2096507936507939
588.168 1.5091428571428571
589.181 1.0956446199407701
590.188 1.4671698113207547
591.192 1.4715537848605575
592.2 1.3507936507936509
593.208 1.910857142857143
594.209 1.4586373626373628
595.213 1.7113625498007967
596.221 1.405079365079365
597.228 1.423698113207547
598.24 1.1507984189723321
599.248 1.368
600.26 1.0489802371541501
601.281 0.9593725490196079
602.288 1.2172075471698114
603.3 0.9949090909090907
604.309 0.6986719524281467
605.321 0.8326956521739131
606.328 0.8476981132075472
607.36 0.7635348837209303
608.42 0.4379169811320755
609.428 0.8468571428571429
610.433 1.5354268656716417
611.441 1.0685079365079366
612.448 1.162867924528302
613.46 0.5407114624505929
614.461 0.5466533466533465
615.468 0.6520754716981132
616.481 0.7283237907206318
617.488 1.1520000000000001
618.592 1.4018550724637682
619.621 0.638134110787172
621.048 0.015338472319551506
622.064 0.4847244094488189
623.468 0.1247179487179487
627.589 0.03180587236107741
628.968 1.2970790427846266
688.344 0.0007372675828617622
690.608 0.05317314487632509
691.66 0.10412940057088488
692.72 0.09292075471698114
693.744 0.106875
694.864 0.07817142857142859
695.944 0.11146666666666667
696.964 0.11802352941176472
698.105 0.11509903593339177
699.308 0.09097256857855363
701.68 0.10139629005059023
703.024 0.10604761904761906
704.141 0.07838137869292748
705.184 0.10512968299711815
706.284 0.10944
707.504 0.08970491803278688
708.625 0.10738983050847457
709.9 0.09441882352941176
710.98 0.13173333333333334
712.24 0.09554285714285714
713.344 0.10904347826086956
714.604 0.08685714285714285
715.704 0.16913454545454545
716.72 0.16157480314960632
717.724 0.19620717131474105
718.82 0.12397080291970804
719.844 0.1603125
720.904 0.1548679245283019
721.96 0.1969090909090909
722.98 0.13948235294117647
724.0 0.10729411764705882
725.005 0.2177910447761194
726.04 0.19033043478260872
727.101 0.17535155513666353
728.104 0.0982013958125623
729.14 0.12676447876447877
730.22 0.17226666666666668
731.26 0.10523076923076922
732.38 0.09771428571428571
733.444 0.09257142857142857
734.56 0.09806451612903226
735.565 0.13067462686567166
736.601 0.1795830115830116
737.68 0.15214087117701575
738.7 0.15021176470588235
740.605 0.022979527559055118
742.6 0.1832260651629073
743.604 0.16111553784860558
744.92 0.1229179331306991
745.94 0.17973333333333333
747.184 0.130032154340836
748.204 0.17973333333333333
751.444 0.05043950617283951
752.74 0.3648395061728395
753.784 0.09296551724137932
754.804 0.17973333333333333
755.824 0.15858823529411764
762.609 0.019317907148120858
763.64 1.0861998060135791
765.321 0.05682331945270672
766.48 0.0837411561691113
767.644 0.12043986254295533
768.784 0.07581019332161686
770.141 0.06357553426676493
771.364 0.061723630417007354
772.58 0.06207894736842105
773.584 0.053705179282868526
774.604 0.05286274509803921
775.684 0.03994074074074075
776.8 0.01932616487455197
778.72 0.02808333333333333
780.445 0.04376115942028986
781.804 0.03174098601913171
783.04 0.0261747572815534
784.504 0.02946448087431694
785.56 0.020424242424242428
786.924 0.02371847507331378
788.044 0.009628571428571427
789.4 0.01590560471976401
790.6 0.017973333333333334
802.368 0.0009163834126444595
803.448 0.03567407407407407
804.672 0.044052287581699344
805.812 0.1080982456140351
806.952 0.10001403508771929
807.973 0.12069735553379039
814.656 0.037362860990573094
815.868 0.4524092409240924
816.888 0.10572549019607842
817.908 0.13744313725490195
819.048 0.12297543859649124
820.128 0.11982222222222222
821.308 0.15536271186440678
822.313 0.1394945273631841
824.248 0.04379121447028424
825.252 0.09666932270916336
826.309 0.10202459791863766
827.412 0.12710063463281956
828.433 0.12674632713026446
829.728 0.09992895752895753
830.868 0.14189473684210527
831.888 0.13744313725490195
832.909 0.14787071498530852
834.072 0.12054342218400689
838.908 0.03790901571546732
839.912 0.33297211155378487
841.048 0.43667605633802814
842.088 0.14516923076923077
843.089 0.1292787212787213
844.093 0.15037450199203187
845.128 0.14587053140096617
846.152 0.11584375
848.448 0.03757491289198606
851.508 0.09112679738562092
852.513 0.10730348258706468
853.532 0.13757801766437683
854.592 0.13225660377358492
855.649 0.1530368968779565
856.753 0.1562898550724638
857.808 0.1635488151658768
858.868 0.15260377358490568
859.872 0.16111553784860558
863.868 0.02428828828828829
864.972 0.3516521739130435
866.008 0.458007722007722
867.028 0.1480156862745098
868.048 0.15858823529411764
869.113 0.15188732394366197
870.192 0.1602079851439183
871.848 0.019536231884057974
872.852 0.16111553784860558
873.948 0.26426277372262774
875.232 0.14277881619937693
876.252 0.12687058823529412
877.272 0.17973333333333333
878.448 0.12838095238095237
879.512 0.1317593984962406
880.528 0.1273700787401575
881.652 0.15350889679715304
882.792 0.13243508771929824
887.609 0.022387378036122067
888.992 0.6082082429501084
890.028 0.1040926640926641
891.088 0.15260377358490568
892.112 0.1474375
893.488 0.11755813953488371
895.692 0.06363685882886971
897.772 0.15998461538461536
898.888 0.10629390681003584
899.952 0.1621654135338346
901.068 0.14494623655913977
902.128 0.15260377358490568
903.192 0.15231638418079094
904.249 0.16323935666982026
905.252 0.13977268195413758
906.348 0.1475912408759124
911.068 0.025132203389830507
912.388 0.5310303030303031
913.493 0.10735203619909503
914.628 0.09501321585903084
915.708 0.10983703703703704
916.828 0.0962857142857143
917.848 0.11629803921568627
919.048 0.13480000000000003
921.456 0.05821926910299003
923.472 0.1704126984126984
924.492 0.08458039215686275
925.513 0.1373085210577865
926.628 0.1160609865470852
927.808 0.15921259842519686
928.828 0.12687058823529412
929.848 0.12687058823529412
930.912 0.1317593984962406
931.992 0.12980740740740737
939.332 0.014692098092643052
941.128 0.3842850779510022
942.132 0.042964143426294815
944.128 0.03241683366733467
945.508 0.054701449275362315
946.993 0.03630976430976431
948.268 0.025374117647058825
951.313 0.007083087027914615
952.352 0.062275264677574584
953.576 0.06167320261437908
954.776 0.09885333333333335
955.796 0.10572549019607842
956.876 0.08986666666666666
962.973 0.021497785796293255
964.096 0.2001780943900267
965.116 0.05286274509803921
967.292 0.11327941176470588
968.301 0.06412685827552032
969.356 0.05110900473933649
970.452 0.05903649635036497
971.553 0.05876839237057221
972.672 0.07709740840035746
973.876 0.06269767441860465
974.997 0.057719892952720786
976.152 0.06535757575757577
977.156 0.06444621513944224
978.237 0.06983163737280296
979.352 0.0580304932735426
980.756 0.05376638176638177
981.776 0.07408047105004907
982.796 0.09515294117647059
983.896 0.0784290909090909
985.032 0.06645070422535211
986.116 0.059690036900369
987.212 0.07871532846715328
995.776 0.00881457262961233
996.836 0.26451320754716984
999.212 0.20424242424242425
1000.337 0.06710044444444445
1001.516 0.05488040712468193
1002.616 0.08823272727272728
1003.692 0.07015613382899628
1004.696 0.07518725099601593
1005.732 0.07286486486486486
1006.773 0.07251488952929876
1007.776 0.07526221335992024
1008.796 0.0740078431372549
1010.132 0.05650299401197605
1011.156 0.07371875
1012.256 0.058821818181818177
1013.312 0.05106060606060606
1014.416 0.08791304347826087
1015.536 0.04936917562724015
