0.0 1.2856229022704837
1.008 1.6937142857142857
2.019 1.8122571711177051
3.027 1.795936507936508
4.04 2.182317867719645
5.047 1.8955312810327705
6.059 2.2493596837944665
7.06 1.7756963036963036
8.08 1.6460549019607844
9.088 2.128
10.108 2.064501960784314
11.12 2.0006324110671936
12.127 1.7325124131082423
13.152 1.853375
14.159 2.2061886792452827
15.16 1.7319640359640358
16.168 2.3125714285714287
17.188 1.7318901960784314
18.192 1.639585657370518
19.2 2.323428571428572
20.207 1.558625620655412
21.208 1.8367552447552447
22.227 1.6798900883218841
23.231 2.1255776892430283
24.24 1.8050029732408326
25.247 1.7433803376365442
26.26 2.2471391905231983
27.284 2.024375
28.379 1.8931141552511417
29.38 2.1538141858141855
30.4 1.8928313725490196
31.408 2.2365714285714287
32.42 1.994308300395257
33.428 2.1107936507936502
34.44 2.3358735177865615
35.447 1.5368897715988084
36.46 1.9410069101678185
37.468 1.9298492063492063
38.48 1.4644347826086956
39.488 1.824
40.492 1.6286852589641434
41.5 1.7805714285714287
42.519 1.7335897939156033
43.539 1.9527529411764706
44.548 1.859234886025768
45.647 1.876265696087352
46.648 1.3557002997002996
47.668 1.5235764705882353
48.696 0.802863813229572
49.7 0.8502310756972112
50.708 1.4114285714285713
51.716 1.1987936507936507
52.72 1.7331633466135459
53.727 1.6999086395233367
54.739 2.0006324110671936
55.74 1.6007672327672329
56.748 1.910857142857143
57.759 1.1519366963402573
58.768 1.572725470763132
59.779 1.3034856577645895
60.8 1.0611714005876594
61.808 1.064
62.827 0.8421746810598626
63.828 1.158905094905095
64.839 1.1041424332344212
65.84 0.8791848151848153
66.86 0.7510588235294118
67.867 0.6846792452830188
68.868 0.9949090909090907
69.88 0.8912569169960474
70.887 1.4019622641509435
71.899 1.529296442687747
72.9 1.8695544455544453
73.907 1.5477576961271102
74.908 2.0772827172827175
75.919 1.6390583580613254
76.92 1.7711568431568432
77.948 1.058365758754864
78.952 1.1990438247011952
80.119 1.6075132819194515
81.12 1.6399600399600398
82.239 1.4515245755138517
83.24 1.7383576423576423
84.248 1.5896507936507938
85.256 1.8348571428571427
86.459 1.1500315876974232
87.46 1.3775664335664335
88.471 1.201566765578635
89.48 0.8071357779980178
90.488 0.8468571428571429
91.7 0.5688712871287129
92.708 0.36914285714285716
94.06 0.2509349112426036
95.068 0.521142857142857
96.099 0.4183899127061106
97.107 1.2702857142857142
98.119 1.449106719367589
99.12 1.2618421578421577
100.127 1.5541132075471698
101.14 1.311715695952616
102.148 1.5417142857142858
103.16 1.3454545454545455
104.167 1.4671698113207547
105.18 1.3504442250740376
106.188 1.035936507936508
107.199 1.1907418397626113
108.2 1.2026373626373628
109.208 1.025079365079365
110.219 1.2773412462908011
111.22 1.2181098901098901
112.228 1.444
113.239 1.374765578635015
114.248 1.1542200198216055
115.26 1.2436363636363637
116.299 1.152492781520693
117.3 1.1042397602397602
118.308 1.2377142857142858
119.312 1.2689721115537849
120.32 1.444
121.328 1.4512063492063492
122.347 1.1572443572129538
123.348 1.8586213786213786
124.36 1.5941818181818181
125.367 1.7932075471698112
126.368 1.5023696303696303
127.528 1.6172137931034483
128.548 1.4162823529411765
129.567 1.2995328753680078
130.568 1.1306533466533468
131.572 1.3407490039840637
132.58 1.216
133.6 1.0237490196078431
134.62 1.190964705882353
135.627 1.1021727904667329
136.628 1.147972027972028
137.648 1.2768
138.659 1.3359604352126608
139.667 1.3897142857142857
140.779 1.2047769784172664
141.78 1.3884995004995004
142.787 1.445433962264151
143.792 1.1261452736318407
144.8 1.758857142857143
145.808 1.2856507936507937
146.82 1.7302766798418971
147.828 1.3833650793650794
148.839 1.7103382789317505
149.84 1.4805034965034964
150.848 1.6937142857142857
151.859 1.5524589515331353
152.868 1.8330386521308226
153.88 1.4211541501976284
154.887 1.7606037735849056
155.888 1.3602397602397602
156.9 1.8384189723320157
157.92 1.5602196078431372
158.928 1.824
159.948 1.410007843137255
160.959 1.6020890207715133
162.107 1.1479303135888501
163.108 1.2901018981018981
164.119 1.2665163204747776
165.12 0.8135864135864136
166.128 1.3354285714285714
167.148 1.180235294117647
168.16 0.848
169.168 1.292
170.18 1.4058498023715413
171.188 1.2205079365079365
172.208 1.4484705882352942
173.22 1.1183557312252965
174.24 1.5021176470588236
175.319 1.3937645968489343
176.331 0.9624664031620553
177.348 1.6679646017699115
178.36 1.2913833992094863
179.38 1.630870588235294
180.388 1.3725
181.4 1.7194624505928855
182.407 1.1673803376365444
183.42 1.4692833168805528
184.428 1.4765714285714286
185.44 1.1616126482213438
186.448 1.346285714285714
187.459 1.3359604352126608
188.467 1.9325714285714286
189.479 1.2156837944664032
190.48 0.9511768231768233
191.488 0.6948571428571428
192.508 0.8583529411764705
193.531 0.5714330400782013
194.548 1.2590442477876107
