0.0 1.542095238095238
30.566 0.004288163318720147
35.537 0.026367330516998595
36.7 1.2367463456577816
37.717 0.7747964601769911
38.721 1.1772430278884463
39.728 1.0650566037735847
40.74 0.999399209486166
41.753 1.0263376110562685
42.76 0.9889811320754718
43.772 0.7831146245059288
44.784 0.9840948616600791
46.016 0.7992727272727272
47.044 1.0991524752475248
48.045 1.2245034965034967
49.057 1.22200790513834
50.065 1.0142222222222221
51.076 1.3314658753709199
52.085 1.4859544103072349
53.088 0.648295114656032
54.117 0.5105072886297376
61.628 0.04513486885900679
68.42 0.27140636042402827
69.428 1.748
70.441 2.024750246791708
71.448 2.3909433962264153
72.453 1.4637213930348258
73.46 1.7606037735849056
74.484 0.6243124999999999
75.488 0.239808764940239
76.52 0.40297674418604656
77.672 0.247
78.68 0.6622857142857144
79.688 0.6514285714285715
80.7 0.3676837944664032
81.72 0.3004235294117647
82.729 0.18889197224975224
83.74 0.4762967359050445
84.741 0.491988011988012
85.76 0.49403729146221786
86.78 0.3433411764705882
87.781 0.491988011988012
88.92 0.7246215978928886
89.928 1.0314285714285714
90.941 1.9338361303060216
91.96 1.1858527968596664
92.968 0.8468571428571429
93.969 0.3826573426573427
95.088 0.3716461126005362
96.1 0.5623399209486166
97.108 0.42793650793650795
98.129 0.9539823702252694
99.14 1.0067181008902075
100.148 0.8142857142857143
101.161 0.8903770977295163
102.168 0.8694339622641509
103.189 0.7074476003917728
104.2 0.7144451038575669
105.201 1.1087792207792209
106.22 1.1706535819430814
107.28 1.1193358490566039
108.288 1.3354285714285714
109.301 1.3288371174728528
110.308 1.069569016881827
111.32 1.0814229249011857
112.321 1.4212987012987013
113.332 1.3467853610286844
114.341 1.4534152626362735
115.36 1.3362119725220807
116.361 1.4540979020979021
117.368 1.1673803376365444
118.369 1.486897102897103
119.381 1.6020890207715133
120.4 1.3147085377821393
121.409 1.507647175421209
122.42 1.1627853610286845
123.428 1.6937142857142857
124.568 0.8583859649122806
125.572 1.4824541832669322
126.573 1.6727592407592409
127.58 1.3630029791459781
128.581 1.7711568431568432
129.6 1.4221315014720315
130.601 1.7602237762237762
131.62 1.6691501472031403
132.728 1.71286642599278
133.729 1.301034965034965
134.741 1.2328221343873518
158.579 0.005498447856363789
180.649 0.005938921613049388
208.68 0.01618779208733188
209.693 1.1127660414610068
210.701 1.530857142857143
211.713 0.7831146245059288
212.72 0.6955471698113207
213.721 1.3119680319680318
214.733 1.529296442687747
215.736 1.5057547357926222
216.74 1.2907729083665338
217.753 1.912229022704837
218.76 1.645569016881827
219.775 1.869014807502468
220.78 1.387494527363184
221.785 1.8838925373134328
222.793 1.3833650793650794
223.801 1.606857142857143
224.813 1.1138656126482214
225.832 0.648855740922473
226.833 0.8965114885114885
227.84 1.1085283018867924
228.852 1.0102134387351778
229.853 0.983976023976024
230.88 0.7885647517039922
231.892 0.5515256916996047
232.893 0.44825574425574427
233.9 0.9282859980139027
234.921 1.4913882352941177
235.94 1.05697350343474
236.952 1.0814229249011857
237.96 1.0531428571428572
239.08 1.0007428571428572
240.085 1.4592
241.092 1.434566037735849
242.1 1.3399365079365078
243.113 1.620533070088845
244.121 1.2325878848063556
245.144 0.5348973607038123
246.152 1.4982857142857142
247.16 0.9816507936507937
248.181 1.2326738491674827
249.192 1.0933175074183976
250.201 0.7962893954410306
251.212 1.1366172106824926
252.22 0.38
253.237 0.7425132743362831
272.81 0.006696571808102999
290.996 0.03276014516661168
292.001 0.8058268656716419
293.096 1.7290520547945205
294.108 1.8104664031620554
295.184 1.8756877323420074
296.188 1.6132589641434263
297.208 1.5235764705882353
298.216 1.274793650793651
299.237 1.5435220372184133
300.249 1.377897233201581
301.256 1.6736603773584906
302.277 1.6230048971596476
303.289 2.0655177865612653
304.476 1.3683706823925863
305.496 1.9572078431372548
306.504 2.073714285714286
307.509 1.4746109452736318
308.516 1.9453584905660377
309.525 1.653153617443013
310.529 1.776764940239044
311.536 1.667304865938431
312.537 2.0226173826173826
313.549 1.6698814229249013
314.636 1.3088500459981602
315.649 0.6418953603158934
316.737 0.9153529411764706
317.749 1.1246798418972332
318.856 0.8839747064137309
319.868 1.1246798418972332
320.876 1.1725714285714286
321.925 0.9119847473784557
322.944 0.8484553483807654
323.964 0.7081411764705883
324.977 0.7238381046396841
326.096 0.8549419124218052
327.097 0.9949090909090907
328.136 0.4318614051973051
329.144 0.5537142857142856
330.209 0.5035267605633803
331.217 0.6622857142857144
333.776 0.07020242282141462
334.777 0.8418461538461538
335.789 1.3301501976284584
336.928 0.8591395961369622
337.956 0.6068171206225681
338.969 0.4969634748272458
339.976 1.445433962264151
340.977 1.1087792207792209
341.984 1.1193962264150943
342.988 1.0573386454183267
343.996 0.9273650793650794
345.008 1.1354940711462451
346.016 1.150857142857143
347.036 1.2490666666666665
348.048 1.2003794466403162
349.056 1.0205714285714287
350.057 0.8245194805194805
351.069 0.8975810276679843
352.076 1.0650566037735847
353.084 0.9490793650793651
354.096 1.2544505928853753
355.105 1.4208761149653122
356.124 0.8636545632973504
357.144 0.9656470588235294
358.156 1.0273517786561264
359.176 1.045207843137255
360.184 1.346285714285714
361.197 1.1343731490621916
362.204 0.9826256206554123
363.216 0.8975810276679843
364.237 0.8360744368266405
386.565 0.005870297384450018
471.528 0.012033755870202324
472.584 0.0919090909090909
473.589 0.11803383084577114
474.725 0.09501321585903084
475.728 0.1182691924227318
477.108 0.04688695652173913
478.448 0.08047761194029851
487.685 0.014189888491934609
488.784 0.44986351228389443
489.888 0.1477391304347826
490.948 0.14129556185080264
494.244 0.016359223300970876
495.424 0.18277966101694915
496.584 0.409048275862069
497.628 0.11362452107279694
498.829 0.116729392173189
499.869 0.14516923076923077
500.884 0.08499704433497537
501.924 0.11406153846153846
505.188 0.019823529411764705
506.704 0.19816358839050133
507.724 0.09515294117647059
508.944 0.0972327868852459
509.964 0.10572549019607842
510.965 0.08618581418581417
511.968 0.09676570289132602
513.025 0.0918221381267739
514.125 0.09803636363636363
515.164 0.10379210779595766
516.265 0.09794732061762035
517.285 0.09515294117647059
523.248 0.018084856615797416
524.328 0.5491851851851852
525.384 0.10212121212121213
526.464 0.09985185185185184
527.508 0.07230651340996168
528.528 0.12687058823529412
529.584 0.10212121212121213
530.604 0.10572549019607842
531.784 0.09138983050847457
532.864 0.10983703703703704
533.944 0.0798814814814815
539.824 0.0036680272108843537
541.284 0.19204383561643834
556.684 0.019507532467532465
557.945 0.051311657414750196
559.008 0.05072436500470367
560.344 0.04035928143712575
561.468 0.03837722419928826
562.485 0.03181120943952802
563.784 0.04981062355658199
565.044 0.03423492063492063
566.089 0.041278468899521525
567.244 0.02801038961038961
568.324 0.031501460564751706
569.584 0.05991111111111111
570.624 0.06221538461538461
571.644 0.042290196078431375
573.008 0.03162463343108504
574.009 0.021546453546453542
575.449 0.022466666666666666
576.624 0.027533617021276595
578.105 0.007281566509115463
580.368 0.0142960671674768
591.632 0.0019147727272727274
592.816 0.08197297297297296
593.832 0.10614173228346456
594.872 0.0888923076923077
595.976 0.10185507246376811
597.116 0.12653906935908693
601.036 0.005502040816326531
602.396 0.27585882352941177
604.561 0.08901387604070306
605.612 0.13338915318744055
606.616 0.12889243027888447
607.637 0.12674632713026446
608.696 0.14256468366383382
609.756 0.14243018867924528
613.533 0.028551760656605772
615.012 0.32729634641407307
616.092 0.10983703703703704
617.172 0.1397925925925926
618.197 0.1262517073170732
619.472 0.10995450980392157
620.672 0.16176
621.776 0.11721739130434783
622.952 0.12838095238095237
624.212 0.16261587301587302
625.232 0.1480156862745098
629.292 0.01859310344827586
630.297 0.3440558325024925
631.316 0.4444828263002944
632.356 0.17627692307692308
633.376 0.15858823529411764
634.412 0.15613899613899612
635.433 0.15843290891283054
637.036 0.013454772301933872
670.093 0.01039271561242702
671.216 0.16324844167408728
672.236 0.23259607843137253
673.357 0.21163960749330954
674.397 0.21775384615384616
675.433 0.21859459459459457
676.44 0.18205362462760674
680.197 0.040185254192174606
681.856 0.4687797223898612
682.892 0.135011583011583
683.896 0.2040796812749004
684.897 0.21546453546453545
686.852 0.07170946291560103
687.918 0.10125821596244132
688.977 0.2531293673276676
690.136 0.10235030198446937
691.217 0.21947086031452356
692.312 0.16742283105022832
693.332 0.19030588235294119
694.476 0.19795804195804195
695.592 0.18359856630824373
696.612 0.1691607843137255
701.832 0.016527203065134097
702.853 0.8132889324191969
704.013 0.12085517241379311
705.016 0.17202791625124625
706.113 0.21626982680036463
708.061 0.09411088295687886
709.413 0.19827218934911245
710.641 0.10546699266503667
711.732 0.1680366636113657
712.773 0.21754466858789626
713.792 0.16932679097154074
714.836 0.17560153256704983
715.856 0.1691607843137255
716.985 0.13384397163120568
718.036 0.18504480457578645
723.392 0.0140941000746826
724.512 0.7799142857142857
725.896 0.0935028901734104
726.932 0.1145019305019305
728.116 0.08197297297297296
729.212 0.15743065693430655
730.232 0.13744313725490195
732.613 0.05504913901721966
746.056 0.009388380569813285
747.196 0.10405614035087718
748.277 0.1496392229417206
749.356 0.13992215013901763
750.46 0.11721739130434783
751.496 0.1145019305019305
752.58 0.09948339483394834
753.72 0.12297543859649124
754.756 0.12491119691119691
755.76 0.15037450199203187
756.796 0.1145019305019305
757.88 0.1492250922509225
763.26 0.007708550185873605
764.277 0.6925152409046215
765.36 0.20757156048014774
766.456 0.10823357664233577
767.516 0.12208301886792453
768.556 0.11406153846153846
769.676 0.0962857142857143
772.6 0.018440492476060194
773.62 0.2839529411764706
774.901 0.12647380766223612
775.916 0.1593694581280788
776.981 0.11138403755868545
778.017 0.1040926640926641
779.056 0.13492974013474493
780.061 0.10730348258706468
781.116 0.13288341232227488
782.2 0.12932841328413283
783.316 0.11595698924731182
784.356 0.12443076923076922
790.14 0.02237344398340249
791.176 0.06841698841698841
792.256 0.20397037037037039
793.316 0.05086792452830188
794.32 0.4403824701195219
795.616 0.09153086419753087
796.696 0.09985185185185184
798.017 0.05714458743376231
799.36 0.06423827252419956
800.8 0.0748888888888889
801.92 0.15405714285714284
803.04 0.12517142857142857
804.24 0.14378666666666667
805.4 0.04515862068965518
806.416 0.10635108481262327
807.418 0.14005194805194804
808.56 0.141646234676007
809.636 0.10022304832713755
810.761 0.1342008888888889
811.876 0.1450762331838565
812.965 0.13863728191000918
814.02 0.12266161137440758
815.021 0.12467532467532466
820.636 0.007682279608192341
821.681 0.2448842105263158
823.096 0.36351095406360423
824.116 0.05286274509803921
825.296 0.07311186440677966
826.556 0.07702857142857142
827.68 0.1343202846975089
828.84 0.12085517241379311
829.86 0.15858823529411764
830.88 0.10572549019607842
831.944 0.1320075329566855
832.977 0.09395546950629234
833.996 0.10582924435721296
856.521 0.0032831076581576026
857.66 0.04733977172958735
858.76 0.06862545454545455
859.96 0.07195329441201001
861.22 0.11135186656076251
862.404 0.12751351351351353
863.48 0.12026765799256506
864.541 0.1219679547596607
865.556 0.13812019704433498
866.576 0.08458039215686275
867.6 0.07371875
868.965 0.05530256410256411
870.1 0.057007929515418505
