0.0 1.6007641791044775
1.227 1.359439282803586
2.239 2.3250592885375494
3.248 1.6097680872150646
4.255 1.9018867924528302
5.26 1.3766049751243783
6.267 1.5215094339622641
7.355 0.9396470588235294
8.375 0.8047058823529412
9.395 0.6115764705882353
10.407 0.5082687747035574
11.419 0.378498023715415
13.015 0.5857042606516291
14.016 0.7325154845154845
15.019 0.12002392821535393
16.027 2.0628571428571427
17.032 2.2151004975124375
18.039 1.765116186693148
19.047 2.2257142857142855
20.051 1.8139920318725098
21.06 2.1195480673934592
22.067 2.2279245283018865
23.075 1.7633650793650792
24.08 1.4483104477611939
25.087 0.5651320754716982
26.095 0.228
27.107 0.151399209486166
28.127 0.042917647058823526
29.128 0.16853546453546456
30.504 0.07158139534883722
31.519 1.4124768472906404
32.548 0.5530495626822157
33.567 0.5906967615309127
34.579 0.7506719367588933
35.607 0.6281089494163423
36.615 0.8142857142857143
37.619 1.0464382470119522
38.635 0.6723149606299214
39.655 0.42917647058823527
40.659 0.7085258964143426
41.687 0.8197354085603112
42.699 0.9192094861660078
43.708 0.9481387512388503
44.715 1.7497358490566037
45.719 1.1708685258964144
46.72 1.7602237762237762
47.727 1.2217199602780535
49.015 0.47582608695652173
50.035 0.7725176470588235
51.036 0.5466533466533465
52.115 0.14199814643188136
53.12 1.4201631840796018
54.14 1.180235294117647
55.147 1.1302641509433964
56.148 1.1525114885114887
57.16 1.4707351778656128
58.176 1.394015748031496
59.18 1.6677609561752988
60.187 1.558625620655412
61.188 1.8367552447552447
62.195 1.8520595829195632
63.199 2.0274741035856576
64.207 1.3073412698412699
65.22 2.2471391905231983
66.239 1.7013935230618253
67.243 1.9120956175298804
68.247 2.103776892430279
69.256 1.6423072348860257
70.26 2.1364780876494023
71.279 1.540270853778214
72.287 1.737142857142857
73.295 1.2422222222222223
74.307 1.7735335968379449
75.308 1.6335664335664335
76.319 1.6886884272997031
77.32 1.513302697302697
78.471 1.4357463075586447
79.479 1.6982222222222223
80.48 1.3775664335664335
81.488 1.1879365079365078
82.507 1.6002512266928361
83.508 1.5679680319680318
84.515 1.532377358490566
85.519 1.3298486055776892
86.528 1.2313650793650792
87.54 1.51399209486166
88.559 1.0999332679097154
89.56 1.618093906093906
90.627 1.1427628865979382
91.639 1.6221343873517788
92.64 1.6071608391608392
93.647 1.7433803376365442
94.655 1.7307936507936508
95.66 1.5680955223880597
96.667 1.6999086395233367
97.676 1.2581803766105053
98.687 1.2340415430267062
99.695 1.1445079365079367
100.728 1.0382497579864471
101.74 0.49745454545454537
102.768 0.3406692607003891
103.779 0.4221721068249258
104.927 0.28041811846689896
105.995 0.25617977528089886
106.996 0.2951928071928072
108.019 0.8224281524926687
109.02 0.7885234765234765
110.035 0.8733635467980295
111.055 0.4980078431372549
112.06 0.5880358208955224
113.607 0.18393277310924372
114.608 0.8746453546453548
115.62 1.3995256916996046
116.627 1.9996981132075469
117.647 1.5065725490196078
118.655 1.6937142857142857
119.66 1.5399482587064677
120.667 1.8692830188679246
121.679 1.6049960474308298
122.68 2.0007512487512487
123.7 1.2705254901960783
124.707 1.7714716981132075
125.716 1.4470723488602577
126.72 1.9838725099601595
127.727 1.765116186693148
128.84 1.8919964061096135
129.847 2.3040000000000003
130.851 2.0647011952191234
131.94 1.9839412304866852
132.947 2.488754716981132
133.96 2.0031431391905237
135.079 1.8036103663985703
136.08 1.9898181818181815
137.087 1.4282105263157894
138.1 1.0587482724580455
139.107 1.6953962264150944
140.12 1.3009121421520238
141.128 1.5091428571428571
142.136 1.3073650793650793
143.14 1.3952509960159363
144.235 1.223481278538813
145.239 1.3189482071713148
146.247 1.433142857142857
147.248 1.239976023976024
148.26 1.600505928853755
149.267 1.5042859980139025
150.268 1.9570189810189809
151.28 1.4536047430830041
152.299 1.7291305201177625
153.307 0.9273650793650794
154.32 1.5665153010858834
155.339 1.4973110893032384
156.34 1.6727592407592409
157.455 1.43710134529148
158.472 1.2805663716814157
159.488 1.1417952755905512
160.635 0.7100261551874455
161.64 0.5989253731343283
162.66 1.2768
163.787 1.2178740017746228
164.788 1.8914205794205792
165.8 1.8447319485657765
166.807 1.9779622641509436
167.82 1.776268509378085
168.827 1.9344905660377358
169.84 1.5926080947680157
170.852 1.5464347826086957
171.855 1.0956570289132603
173.279 0.5845003513703443
174.527 0.342
175.528 1.2026373626373628
176.535 1.0478331678252235
177.539 1.0682390438247011
178.547 0.8251428571428571
179.559 0.5560158102766798
180.567 1.0205714285714287
181.587 0.8261647058823529
182.619 1.2089302325581397
183.635 0.9523779527559055
184.64 1.1325134328358208
185.647 1.0650566037735847
186.652 0.7341213930348258
187.655 1.0583928215353937
188.656 1.0277082917082916
189.668 0.923699604743083
190.676 1.150857142857143
191.7 1.047375
192.708 0.9925079365079365
193.715 1.1737358490566037
194.727 1.2436363636363637
195.739 1.1075415019762844
196.759 1.2231529411764706
197.768 1.2473339940535184
198.779 0.9354381800197824
199.78 1.2901018981018981
200.787 1.0215849056603772
201.82 0.3116360116166505
202.887 0.34873102155576385
203.895 0.29314285714285715
204.9 0.5989253731343283
207.276 0.0551882105263158
208.28 2.2393625498007967
209.287 1.0976603773584908
210.307 0.9549176470588235
211.308 0.911984015984016
212.327 1.0739941118743868
213.34 1.0803553800592298
214.407 0.8350515463917525
215.42 1.0155340572556761
216.44 1.0729411764705883
217.448 1.1363492063492062
218.46 0.7002371541501976
219.467 0.956377358490566
220.468 1.005842157842158
221.476 0.8622222222222221
222.48 1.0682390438247011
223.487 1.0650566037735847
224.488 0.911984015984016
225.5 1.1138656126482214
226.507 1.0759245283018868
227.535 0.9944902723735408
228.548 1.1343731490621916
229.559 1.1149673590504452
230.636 0.928921077065924
231.647 1.0608427299703265
232.655 1.0531428571428572
233.659 0.9810358565737051
234.667 0.8513650793650793
235.676 0.9870208126858276
236.688 1.0706086956521739
237.699 0.9679129574678537
238.7 1.0714405594405594
239.72 1.105129411764706
240.727 0.9826256206554123
241.747 1.190964705882353
242.767 1.1587764705882353
243.779 0.8263715415019763
244.787 1.1834285714285713
245.8 0.9291056268509379
246.807 0.9934935451837139
247.82 1.0587482724580455
248.835 1.142920197044335
249.839 1.0073625498007968
250.847 1.0097142857142856
251.855 1.0314285714285714
252.975 0.9323428571428571
253.98 1.0998447761194028
254.987 1.1520000000000001
256.035 0.9650687022900762
257.039 1.1336414342629482
258.04 1.0605074925074924
259.051 0.8118694362017804
260.427 0.34530232558139534
261.435 0.5645714285714286
262.439 0.34881274900398407
263.535 0.679007299270073
264.547 0.9732806324110673
265.559 0.5992727272727273
266.567 0.9771428571428572
267.568 1.0167752247752249
268.579 0.9634183976261128
269.587 0.645079365079365
270.607 0.901270588235294
271.627 0.9656470588235294
272.64 0.9011806515301085
273.647 1.141132075471698
274.66 1.2316051332675222
275.667 1.0478331678252235
276.68 1.1775873642645607
277.707 1.1508782862706914
278.719 0.9453280632411067
279.887 0.9557260273972603
280.888 1.2135704295704295
281.92 0.8739844961240311
282.927 1.0324528301886793
283.936 1.0846382556987118
284.94 0.9964701195219123
285.96 1.190964705882353
286.967 1.1520000000000001
287.98 0.9768055281342547
288.987 0.9998490566037734
289.988 1.1370389610389613
290.999 0.9137883283877349
292.007 0.9011428571428571
293.02 0.8426771964461995
296.796 0.034721059602649006
297.807 1.4011632047477744
298.819 0.9408379446640316
299.827 0.8034285714285715
300.828 0.4045234765234765
301.84 0.5719525691699605
302.847 1.13598411122145
303.855 0.8142857142857143
304.86 0.8493850746268656
305.867 1.2325878848063556
306.879 1.2003794466403162
307.88 0.9293106893106893
308.907 0.8143018500486855
309.92 1.2964264560710759
310.927 1.2172075471698114
311.939 0.9128853754940711
312.94 0.9402437562437562
313.947 1.141132075471698
315.048 0.9086721162579473
316.06 1.2760790513833993
317.068 1.4114285714285713
318.08 0.8804426877470356
319.087 1.0215849056603772
320.099 1.1030513833992095
321.1 0.9229170829170829
322.107 1.2389433962264151
323.115 1.2377142857142858
324.12 0.995470646766169
325.127 1.054188679245283
326.14 1.0263376110562685
327.236 0.763036496350365
328.32 0.4442214022140221
329.327 0.2608301886792453
330.407 0.16213333333333332
331.415 0.11942857142857144
332.419 0.4251155378486056
333.427 0.7817142857142857
334.451 0.7374375000000001
335.46 0.40581962338949457
336.467 1.4889056603773585
337.471 1.7721555333998005
338.475 1.9402709163346612
339.48 1.8012975124378108
340.499 2.0513287536800786
341.507 1.8285079365079366
342.599 1.8281611721611721
343.607 2.0954285714285716
344.608 1.7538301698301697
345.627 2.2016879293424925
346.628 1.885026973026973
347.68 1.7416273764258554
348.687 1.9996981132075469
349.699 1.7023162055335967
350.7 2.110081918081918
351.708 1.8285079365079366
352.72 2.0871462450592886
353.728 1.1553650793650794
354.732 1.1554422310756973
355.819 0.9002391904323827
356.827 1.0531428571428572
357.839 0.9408379446640316
359.176 0.09810778443113774
360.179 2.121571286141575
361.187 1.2811428571428571
362.207 0.9701019607843138
363.22 1.0500178041543027
364.227 1.162867924528302
365.232 1.1043661691542288
366.28 0.6578931297709923
368.355 0.05801638554216868
369.36 0.5118089552238807
370.38 0.450635294117647
371.387 0.38037735849056603
372.407 0.3111529411764706
373.447 0.18941538461538462
374.607 0.13208275862068966
375.628 0.05359451518119491
414.655 0.0011216849873164731
415.815 0.04717241379310344
416.819 0.09810358565737053
417.839 0.07510588235294118
419.859 0.023841584158415842
420.879 0.06343529411764706
421.899 0.10572549019607842
422.955 0.10212121212121213
424.035 0.0798814814814815
425.139 0.09768115942028986
426.339 0.11682666666666666
427.659 0.08986666666666666
428.739 0.10983703703703704
429.819 0.0798814814814815
431.16 0.08041759880686056
432.255 0.07878721461187214
438.519 0.0017215836526181354
440.655 0.15146067415730338
441.779 0.3645836298932384
442.935 0.10261591695501729
444.099 0.10191065292096219
445.123 0.11584375
446.199 0.14031226765799257
447.339 0.09459649122807018
451.62 0.02267133847231955
452.655 0.3125797101449276
453.779 0.19336654804270464
454.839 0.17009254013220018
456.159 0.09803636363636363
457.179 0.21145098039215685
458.476 0.09977486507324594
459.519 0.144751677852349
460.615 0.11807299270072993
461.62 0.11803383084577114
462.675 0.12266161137440758
463.739 0.11148872180451128
464.8 0.1219679547596607
465.823 0.11145259042033236
466.839 0.12129133858267717
467.895 0.12254545454545455
471.78 0.008327413127413127
472.815 0.14587053140096617
473.835 0.11629803921568627
474.879 0.495816091954023
475.935 0.11233333333333333
476.995 0.11190943396226415
478.059 0.14189473684210527
479.875 0.09501321585903084
481.059 0.2081891891891892
482.079 0.15858823529411764
483.099 0.11652652259332023
484.335 0.09597411003236246
485.439 0.11721739130434783
486.519 0.1397925925925926
487.543 0.09478125
488.899 0.11133923303834808
490.215 0.11472340425531916
495.939 0.011303983228511531
496.995 0.5412424242424242
498.059 0.10135338345864663
499.199 0.056757894736842104
500.399 0.12581333333333333
501.579 0.09138983050847457
502.719 0.11351578947368421
504.055 0.07264670658682634
505.3 0.060632931726907625
545.567 0.0005356247050935009
546.651 0.46757195571955723
547.787 0.11391549295774647
548.843 0.15430303030303033
550.103 0.0064
551.123 0.0740078431372549
552.203 0.1397925925925926
553.267 0.1520300751879699
554.287 0.12687058823529412
555.348 0.16262393967954758
556.388 0.1659076923076923
557.463 0.16050604651162792
558.531 0.18175280898876406
562.547 0.03222310756972112
563.628 0.309254394079556
564.647 0.4868145240431796
565.683 0.18736679536679537
566.687 0.16111553784860558
567.728 0.1450297790585975
571.207 0.05937338315607934
572.663 0.25720962199312714
573.744 0.08978353376503237
574.943 0.15290075062552125
576.067 0.1918861209964413
577.068 0.22623776223776224
578.123 0.1635488151658768
579.187 0.1520300751879699
582.892 0.023285290148448046
583.943 0.6772064700285443
584.987 0.14489059500959692
586.027 0.1659076923076923
587.031 0.16111553784860558
588.227 0.17131772575250834
591.484 0.0766644151059257
592.523 0.4343253128007699
593.763 0.03354838709677419
594.768 0.11803383084577114
595.844 0.13028996282527883
596.963 0.1156461126005362
597.983 0.1480156862745098
599.087 0.12698550724637683
600.168 0.1197113783533765
601.203 0.09377391304347826
602.387 0.10929729729729729
603.483 0.12791240875912407
604.584 0.09794732061762035
605.943 0.060091243561442235
613.703 0.0027793814432989688
614.927 0.470718954248366
616.067 0.06621754385964912
617.387 0.049018181818181815
618.683 0.033283950617283946
619.703 0.05286274509803921
620.843 0.04729824561403509
621.887 0.05164750957854406
622.943 0.06127272727272728
624.008 0.06075492957746479
625.043 0.09395546950629234
626.088 0.1651138755980861
628.967 0.00374574505036471
631.083 0.2591909262759924
632.103 0.10572549019607842
633.127 0.11584375
634.187 0.13225660377358492
635.243 0.19403030303030303
636.287 0.1549425287356322
637.323 0.1562898550724638
638.467 0.1413986013986014
641.747 0.06955121951219512
642.983 0.12077669902912622
644.067 0.4974464944649446
645.083 0.1593694581280788
646.103 0.11629803921568627
647.224 0.09619982158786798
648.248 0.11584375
649.283 0.09377391304347826
650.387 0.10744927536231884
651.427 0.14516923076923077
652.468 0.1450297790585975
653.543 0.13041116279069767
655.607 0.06717829457364342
656.651 0.10329501915708812
657.728 0.11014298978644382
658.747 0.12699509322865554
659.831 0.16912177121771216
660.847 0.0955275590551181
661.928 0.1197113783533765
663.235 0.07425860749808723
664.247 0.09590513833992095
665.287 0.1036923076923077
666.347 0.12208301886792453
667.367 0.09515294117647059
668.467 0.11479272727272728
669.707 0.12428387096774193
670.928 0.08832104832104831
675.079 0.025979282100698626
676.163 0.14833948339483397
677.167 0.6883824701195219
678.383 0.15076315789473685
679.567 0.19127027027027024
680.811 0.15603858520900318
681.888 0.05862952646239555
682.907 0.179909715407262
684.027 0.18294285714285713
685.247 0.1502688524590164
686.727 0.16781596752368064
687.787 0.21364528301886793
688.788 0.1939180819180819
691.943 0.042974326465927096
692.968 0.28856195121951217
693.987 0.4973974484789008
695.031 0.14461302681992336
696.047 0.16982677165354332
697.207 0.12085517241379311
701.003 0.04591671059567738
702.008 0.11637810945273631
704.784 0.1159971181556196
705.908 0.08634875444839858
706.943 0.16670917874396135
707.947 0.15037450199203187
709.223 0.11831974921630092
710.332 0.15558521190261498
711.347 0.1593694581280788
712.492 0.15069344978165938
713.527 0.11461256038647344
717.923 0.026984531392174705
719.003 0.5791407407407407
720.388 0.13236678700361013
721.627 0.13926069410815176
722.631 0.16111553784860558
723.683 0.13326235741444867
724.687 0.12889243027888447
727.748 0.05691212022214962
728.767 0.2434072620215898
729.847 0.10697312326227988
731.047 0.06290666666666667
732.203 0.09328719723183392
733.267 0.0810827067669173
734.423 0.08395847750865051
735.728 0.06610881226053639
736.748 0.09515294117647059
737.903 0.0746943722943723
739.447 0.04190673575129534
740.472 0.07364682926829268
741.663 0.036218303946263644
751.791 0.016135860979462874
752.851 0.313811320754717
753.951 0.08823272727272728
755.191 0.07827096774193548
756.411 0.10607213114754098
757.448 0.0935930568948891
758.647 0.08094745621351127
759.691 0.09296551724137932
760.716 0.11573073170731708
761.931 0.06213004115226338
763.411 0.029145945945945946
764.431 0.05286274509803921
765.671 0.07827096774193548
766.752 0.07980758556891768
768.211 0.1108704592186429
769.311 0.08823272727272728
770.467 0.13060207612456748
771.788 0.06530809992429977
773.047 0.05139316918189039
774.091 0.09296551724137932
775.111 0.11629803921568627
782.211 0.013453521126760563
783.271 0.10173584905660377
784.327 0.13275757575757577
785.347 0.12687058823529412
786.412 0.15188732394366197
787.447 0.1562898550724638
788.528 0.1496392229417206
789.547 0.15874386653581943
790.611 0.14189473684210527
795.191 0.03296419213973799
796.552 0.26940191036002936
797.571 0.41273405299313054
798.66 0.14853994490358127
799.672 0.11721739130434783
800.707 0.11461256038647344
801.711 0.15037450199203187
805.212 0.04004341616680949
807.331 0.22341048653755313
808.551 0.13259016393442624
809.651 0.14705454545454547
810.727 0.16035687732342005
811.971 0.12136334405144694
813.007 0.13532046332046332
814.031 0.1685
815.271 0.1304516129032258
