0.0 1.6395885262116716
1.034 2.5002749273959344
2.04 1.3267435387673958
3.05 1.566716831683168
4.051 1.3393566433566435
5.11 1.4785420207743154
6.111 2.0137382617382618
7.16 2.1696703296703297
8.161 1.8478001998001998
9.17 1.902445986124876
10.23 1.9199547169811322
11.232 2.1975249500998
12.24 2.0976428571428576
13.241 1.9142937062937062
14.242 2.737102897102897
15.4 2.326708117443869
16.401 2.336799200799201
17.41 2.54238728897716
18.411 1.7075884115884117
19.412 2.0334385614385613
20.42 3.1519999999999997
21.421 3.3638841158841157
22.43 2.9273459621136593
23.431 3.608263736263736
24.433 2.8172375249501
25.441 3.2166190476190475
26.442 3.02407992007992
27.5 2.6225374625374624
28.501 2.7540459540459543
29.502 2.825222777222777
30.51 2.3137698412698415
31.511 2.1172267732267733
32.52 2.0982891326021935
33.521 2.7988651348651348
34.53 2.2268622398414273
35.532 2.084654690618762
36.533 2.7313486513486516
37.58 2.4856316831683163
38.711 2.6730963748894783
39.721 2.7746772277227723
40.731 2.74413478691774
41.741 2.2190415841584157
42.751 2.0921821782178216
43.752 2.850325674325674
44.753 2.7735304695304692
45.761 3.046222222222222
46.771 2.7526970297029703
47.781 1.8530677290836655
48.782 2.565090909090909
49.791 2.4260693756194254
50.792 2.423192807192807
51.801 2.8213914767096133
52.811 3.129687562189055
53.812 2.9300299700299703
54.973 2.2334539190353144
55.981 2.8011428571428576
56.991 2.2887524752475246
58.081 2.89123184079602
59.091 2.292879207920792
60.102 2.5259901088031653
61.252 2.210504347826087
62.261 2.635670961347869
63.262 1.7093226773226773
64.271 2.025133795837463
65.472 2.28588176519567
66.482 2.882281188118812
67.483 2.8497502497502496
68.492 2.7941645193260656
69.493 3.4474565434565436
70.502 3.90007532210109
71.503 3.422577422577423
72.511 2.5095292949354513
73.512 1.8654945054945056
74.521 2.098235877106046
75.571 2.20344380952381
76.572 2.3943416583416584
77.573 2.562917082917083
78.582 2.561189296333003
79.592 2.482558415841584
80.593 2.996459540459541
81.601 2.452722222222222
82.602 2.2311528471528472
83.603 2.4603876123876125
84.622 2.5047144259077525
85.701 2.4371899907321595
86.702 2.973794205794206
87.712 2.6607762376237623
88.713 2.4113966033966037
89.722 2.5837859266600596
90.732 2.249156435643564
91.733 1.9771748251748251
92.742 2.603131813676908
93.752 1.9977245508982036
94.753 2.4708731268731268
95.762 2.208586719524281
96.763 3.1377902097902095
97.772 1.0351952428146682
98.792 1.9895976447497545
99.802 2.4705267326732674
100.803 1.9415704295704295
101.812 2.118771060455897
102.822 2.5355405940594062
103.842 1.9570671936758894
104.852 2.5138693069306934
105.854 2.0198562874251498
106.862 2.2500555555555555
107.865 2.662348953140578
108.883 2.7808888888888887
110.013 2.2989522123893806
111.172 2.428286453839517
112.173 1.8804875124875124
113.203 1.636706796116505
114.544 0.09774198359433257
115.552 3.9858430983118174
116.554 2.016055888223553
117.562 2.154404761904762
118.563 2.6209870129870128
119.572 2.559746283448959
120.583 2.293942631058358
121.593 3.066487128712871
122.613 2.6565725490196077
123.626 2.7116920039486674
124.633 2.1864389275074476
125.753 2.0102285714285713
126.914 2.2057674418604654
127.923 1.7476551040634292
128.933 1.7630287413280477
129.943 2.0804435643564356
130.944 1.758073926073926
131.973 1.8266588921282798
132.983 2.860609900990099
133.984 2.428275724275724
134.985 2.995300699300699
135.993 2.5618809523809523
137.004 2.6232878338278933
138.013 3.227531746031746
139.014 2.6673166833166837
140.026 2.9323396603396605
141.213 2.882163437236731
142.223 3.174843564356436
143.224 2.1085394605394603
144.233 2.2142081268582756
145.234 2.6567352647352642
146.243 1.4487215064420218
147.253 1.5061544554455446
148.254 1.137894105894106
149.263 1.6703429137760157
150.275 2.005666333666334
151.463 2.271104377104377
152.464 2.6567352647352642
153.474 2.243611881188119
154.484 2.2294945490584737
155.574 3.206037735849056
156.584 1.6995960396039604
157.593 1.9848880079286424
158.594 1.4715524475524477
159.603 1.7896531219028742
160.634 1.4351324828263001
161.688 1.7250218423551757
162.694 1.7881950248756218
163.71 1.8098110236220475
164.714 1.5850836653386455
165.734 1.6570566037735848
166.735 2.0226173826173826
167.745 1.7849821782178217
168.754 1.876424182358771
170.889 0.21917377049180328
171.914 5.731239024390244
173.234 1.625018181818182
174.244 1.5498851485148515
175.264 1.6952470588235293
176.385 1.5239678858162358
177.394 2.559746283448959
178.474 2.160540740740741
179.494 2.0385882352941174
180.514 1.8669176470588236
181.524 1.4116910891089112
182.534 1.8528950495049505
183.545 1.4180652818991097
184.554 1.936769078295342
185.654 2.4531636363636364
186.674 2.2317176470588236
187.675 1.846033966033966
188.676 2.0277802197802197
189.734 2.359054820415879
190.894 2.6338758620689657
192.035 2.609002629272568
193.164 2.641055801594331
194.225 2.5156343072573044
195.226 2.627932067932068
196.295 2.2609766136576237
197.296 2.5249550449550444
198.297 2.886193806193806
199.298 2.5725394605394603
200.305 2.2103515392254223
201.335 2.385638834951456
202.336 2.602605394605394
203.346 2.1821861386138615
204.365 2.137248282630029
205.385 1.0893254901960783
206.394 1.3883369672943509
207.395 1.3557002997002996
208.405 1.1223128712871286
209.406 2.4052747252747255
210.415 2.570592666005946
211.425 2.093837623762376
212.555 2.103646017699115
213.565 2.0262653465346534
214.566 1.8671088911088913
215.567 2.1975464535464533
216.575 2.367031746031746
217.576 2.604843156843157
218.577 2.109242757242757
219.585 2.025047619047619
220.586 2.6653746253746253
221.587 2.7004675324675325
223.522 0.6805416020671834
224.526 5.517537848605578
225.536 3.1156039603960393
226.537 3.2867692307692313
227.538 2.7027372627372626
228.656 2.5693738819320218
229.657 3.3783256743256747
230.658 3.667188811188811
231.847 3.2081614802354923
232.915 2.4800299625468165
233.916 3.1815224775224773
235.015 2.527934485896269
236.016 3.244467532467533
237.017 3.205050949050949
238.026 3.1389177403369675
239.027 3.1148291708291707
240.028 3.181106893106893
241.046 1.2361510934393638
242.056 1.8203881188118811
243.057 2.173922077922078
244.186 2.508825509300266
245.187 1.5962277722277722
246.196 1.8221922695738355
247.206 2.0652990099009902
248.217 3.165982195845697
249.226 2.951357142857143
250.241 3.18575763546798
251.256 2.7629349112426036
252.266 2.242978217821782
253.276 1.6066138613861385
254.286 1.9504158415841586
255.296 1.3911445544554455
256.306 1.614510891089109
257.326 1.4162823529411765
258.336 1.7002455445544553
259.356 1.6523294117647058
260.416 1.1242792452830188
261.417 2.3834085914085916
262.426 2.478065411298315
263.431 2.9837373134328358
264.436 2.1182646766169158
265.447 1.8776577645895154
266.467 1.5484118811881187
267.486 1.533872423945044
268.496 2.017948514851485
269.516 1.5753176470588235
270.526 1.275889108910891
271.647 1.3617655677655678
272.656 1.9079246778989098
273.666 1.5169900990099012
274.696 0.9487766990291263
276.526 0.18563149261891743
277.567 1.2883688760806917
278.577 1.648348514851485
279.587 2.0696079207920794
280.588 2.234901098901099
281.647 2.347603399433428
282.649 2.724590818363273
283.657 2.434595238095238
284.667 1.6586772277227724
285.668 2.1204715284715285
286.677 2.2232864222001982
287.687 2.967832335329341
288.688 2.9922317682317683
289.787 2.0369062784349405
290.788 2.9081958041958043
291.797 1.909986124876115
292.927 1.907151515151515
293.928 2.3287432567432567
294.937 1.7934826560951438
295.938 2.2303456543456543
296.947 1.465538156590684
298.107 1.4916003475238924
299.117 1.690360396039604
300.158 1.526386167146974
301.167 1.4723177755710029
302.183 1.7339842519685038
303.188 1.2537154228855723
304.237 1.4698951382268826
305.247 2.1237861386138617
306.248 1.9291908091908092
307.249 1.7317162837162836
308.268 1.650836935166994
309.277 1.9848880079286424
310.278 1.5123836163836162
311.287 1.4208681863230923
312.307 1.3411764705882354
313.317 1.0945029702970297
314.318 1.2463696303696303
315.557 1.0775141242937853
316.567 1.2786059405940593
317.568 1.2573026973026973
318.748 0.9902305084745762
319.758 1.0033188118811882
320.768 1.3379960396039603
321.858 1.3492036697247707
322.859 1.7383576423576423
324.148 1.0125058184639255
325.149 1.243876123876124
326.179 1.432357281553398
327.254 1.5573730232558138
328.258 1.5283030907278168
329.268 1.628229702970297
330.278 2.0804435643564356
331.288 1.5582811881188117
332.298 1.380879207920792
333.328 0.9905161923454368
334.338 0.8668514851485148
335.348 0.9860435643564357
336.387 0.502075072184793
337.388 0.8199800199800199
338.408 1.1118406374501992
339.428 1.0886980392156864
340.449 1.5113653281096964
341.458 1.191484126984127
342.618 0.9797862068965516
343.628 1.3869623762376238
344.638 0.9411643564356436
345.648 0.9103524752475248
346.658 0.8668514851485148
347.659 0.7664095904095904
348.908 0.8629296740994853
349.909 1.0386413586413588
350.918 0.9344935579781962
351.929 0.9041345202769535
352.939 1.3761267326732671
353.958 0.7485714285714286
354.968 0.8990811881188118
355.979 0.9634183976261128
356.998 0.5883572129538764
358.009 0.8118694362017804
359.028 0.6759920792079208
360.029 0.7749050949050948
361.159 0.8772601769911504
362.169 1.0618930693069308
363.179 1.0033346534653464
364.199 1.1271529411764707
365.209 0.9490109018830525
366.213 1.0909243027888447
367.259 1.1790669216061185
368.269 1.6253465346534652
369.27 1.220715284715285
370.279 2.0065807730426166
371.28 1.6774185814185814
372.29 1.4372752475247526
373.309 0.9997956777996072
374.339 0.6622980392156862
375.379 0.4840615384615385
376.409 0.30813203883495144
377.469 0.24778867924528306
378.499 0.2550058252427184
379.92 0.09276150035385705
380.959 0.3296862367661213
382.009 0.1667657142857143
383.03 0.20365915768854065
384.049 0.4618174681059863
385.099 0.16788494726749761
386.469 0.10384817518248175
518.518 0.0003315133018803626
519.679 0.7171197243755383
520.688 1.4639920713577799
521.878 1.1260773109243698
522.879 1.6824455544455543
523.958 1.2296051899907323
524.959 1.7847352647352648
525.969 1.5193346534653465
526.989 1.8648235294117648
527.999 1.6122138613861385
529.018 1.6052993130520117
530.029 1.706263105835806
531.039 2.0536554455445546
532.04 2.4975264735264737
533.041 2.3940779220779222
534.198 2.7085427830596367
535.278 2.2472
536.359 2.725439407955597
537.389 2.7174990291262136
538.469 2.706088888888889
539.598 2.2947316209034545
540.599 2.5074445554445557
541.6 2.8384015984015982
542.602 2.8184111776447107
543.609 3.0342641509433963
544.689 2.922725925925926
545.69 3.1943896103896106
546.691 3.8460259740259737
547.789 3.0203715846994537
548.869 3.989525925925926
549.87 2.853906093906094
550.879 3.042069375619425
552.039 2.402041379310345
553.05 3.206330365974283
554.059 2.3079088206144696
555.069 2.1340514851485146
556.07 2.1923436563436565
557.079 2.4729752229930626
558.08 2.141922077922078
559.081 2.28163036963037
560.099 2.251827111984283
561.101 2.6786013986013986
562.109 2.103515873015873
563.12 2.338183976261128
564.148 1.585330739299611
565.149 1.6946253746253748
566.159 0.8161663366336633
567.169 1.7011960396039605
568.179 1.423120792079208
569.18 1.5087632367632369
570.189 1.201514370664024
571.289 1.6477527272727273
572.29 1.793022977022977
573.299 1.3265887016848363
574.359 1.335011320754717
575.36 1.629026973026973
576.371 2.0435608308605344
577.389 2.437765407554672
578.4 1.5974441147378833
579.41 1.372918811881188
580.42 1.690360396039604
581.421 1.6159360639360638
582.44 1.9801029702970299
583.45 2.0262653465346534
584.46 1.828491089108911
585.47 2.3946772277227724
586.48 1.1521504950495052
587.5 1.4780377358490566
588.51 1.3761267326732671
589.7 0.9730554621848739
593.051 0.24486541330945988
594.33 4.393250977326036
595.331 1.5196963036963036
596.34 1.9089633300297324
597.36 1.3464
598.361 1.7602237762237762
599.37 1.7968126858275522
600.371 1.7711568431568432
601.39 1.2943434739941118
602.4 1.4303049504950496
603.42 1.3173596837944666
604.52 1.7313963636363636
605.53 1.592839603960396
606.531 1.1242197802197802
607.532 1.6836923076923076
608.57 1.4914980079681275
609.68 1.3867315315315316
610.681 2.2084795204795205
611.69 1.6875084241823588
612.691 1.823992007992008
613.701 2.2935888223552894
614.71 2.117922695738355
615.731 1.6185543584720863
616.741 1.1818138613861384
617.75 1.5613002973240833
618.761 2.1079760479041916
619.771 1.743390099009901
620.773 1.7880878243512976
621.821 1.8616641221374046
622.831 2.3513346534653468
623.855 1.7200474308300395
624.861 2.959013916500994
625.871 1.849639603960396
626.872 2.973794205794206
627.892 2.0748549019607845
628.902 3.300283716283716
629.903 2.218781218781219
630.911 2.382222222222222
631.912 2.212115884115884
632.921 2.191119920713578
633.942 1.8600474308300394
634.951 1.4641030723488602
635.961 2.1671287128712873
636.962 2.148779220779221
637.982 2.3197019607843137
639.121 2.3858402107111503
640.144 2.2786627565982407
641.151 1.4132432969215492
642.152 1.7055584415584415
643.281 1.0675004428697963
644.291 0.9643722772277228
645.292 0.8418461538461538
646.301 1.015714568880079
647.311 0.9968792079207921
648.331 1.0836705882352942
649.332 0.9088191808191809
650.341 1.4425688800792864
651.342 0.9785734265734265
652.343 1.7492907092907095
653.361 1.56928094302554
654.362 1.6347892107892108
655.372 1.4052356435643565
656.522 1.531881739130435
657.642 1.6315
658.652 1.4519762376237624
659.662 1.0349386138613863
660.663 1.5098021978021978
661.672 1.8873815659068383
662.693 1.3794162585700294
663.702 2.0174271555996035
664.722 1.7222099009900989
665.742 1.4070117647058822
666.753 1.3625637982195846
667.762 1.4859544103072349
668.772 1.135390099009901
669.792 1.2147948463825569
670.793 1.086793206793207
671.802 1.5601823587710606
672.812 1.7228673267326733
673.822 1.2274376237623763
674.842 1.064
675.854 0.56701185770751
676.892 0.5482543352601156
677.902 0.504118811881188
678.912 0.8776871287128714
679.933 0.8320870425321464
680.942 1.0195599603567889
681.962 0.9638666666666668
682.972 0.9968792079207921
684.042 0.7014878504672897
685.062 0.7617882352941177
686.092 0.3506330097087379
698.967 0.010180349514563107
700.003 1.548977777777778
701.065 0.041220338983050844
715.618 0.001504123144584937
716.628 0.5201108910891089
717.678 0.4990095238095238
718.738 0.45138867924528303
719.739 0.5997442557442557
720.868 0.6256085031000885
721.869 0.9885234765234765
722.879 1.1348752475247526
723.888 1.078366699702676
725.069 1.0349940728196443
726.078 1.204804757185332
727.089 1.3314658753709199
728.108 1.1096761530912658
729.109 0.7991928071928072
730.128 0.819846908734053
731.129 0.6892227772227774
732.138 0.8005714285714286
733.178 0.38748461538461537
734.298 0.39292857142857146
735.449 0.7476907037358819
736.519 0.878392523364486
737.598 1.0364411492122336
738.599 1.2666533466533467
739.609 1.4274772277227723
740.799 0.9859563025210083
741.809 1.1569029702970295
742.819 1.4873821782178218
743.829 1.5886099009900991
744.839 1.5339722772277227
745.853 1.447984220907298
747.039 1.3454097807757166
748.049 1.5494970297029704
749.059 0.755239603960396
750.089 0.4568854368932039
751.128 0.24226371511068334
752.129 0.18586213786213787
753.159 0.32938252427184467
754.189 0.3506330097087379
755.209 0.6020078431372549
756.289 1.204911111111111
757.299 0.7368237623762376
758.31 0.5897131552917902
759.329 0.8162355250245339
760.339 0.7210376237623762
761.347 0.8142857142857143
762.349 0.5261716566866267
763.369 0.4935529411764706
793.921 0.005734346345297354
795.023 0.00993103448275862
797.584 0.012819992190550567
798.883 0.04212471131639724
853.637 0.0001998758081601344
854.638 0.5357202797202797
855.648 0.38753267326732677
856.657 1.2773835480673934
857.667 0.9336792079207921
858.668 1.0552727272727271
859.669 1.1014185814185815
860.678 1.382049554013875
861.688 1.1274930693069307
862.698 1.5945346534653466
863.818 1.2909428571428572
864.838 1.3139058823529413
865.888 1.02144
868.067 0.12566498393758604
869.068 1.5461658341658342
870.168 0.5670981818181818
871.188 0.9046117647058823
872.197 1.2230009910802777
873.198 1.026141858141858
874.199 1.2535784215784214
875.2 1.19804995004995
876.389 1.4955828427249789
877.398 1.4613994053518335
878.418 0.9329019607843138
879.608 1.0177949579831933
880.618 0.9210297029702971
881.638 0.7510588235294118
882.858 0.4491672131147541
883.888 0.5631378640776699
885.778 0.09843809523809524
886.818 1.1189923076923078
887.819 1.2901018981018981
889.038 1.314907301066448
890.039 1.2952727272727271
891.048 1.4487770069375618
892.168 1.4459357142857143
893.169 1.6559360639360639
894.188 1.3089931305201177
895.398 1.087305785123967
896.419 1.3304603330068558
897.42 1.6802957042957043
898.448 1.6053696498054477
899.469 1.5936062683643486
900.47 1.8542337662337665
901.478 1.833904761904762
902.479 1.5851908091908091
903.489 1.4847207920792078
904.499 1.4711603960396038
905.508 1.451203171456888
906.638 1.5625609284332689
907.639 1.7383576423576423
908.649 1.0877227722772278
909.659 1.2061465346534654
910.669 1.5820039603960396
911.689 1.3151080277502478
912.699 1.328411881188119
913.709 1.7445386138613863
914.719 1.2313742574257425
915.729 1.7770455445544555
916.739 1.5334265734265735
917.749 1.622970297029703
918.759 2.1129504950495046
919.769 1.5704475247524752
920.819 1.1333942857142856
921.829 1.5278257425742576
922.83 1.6538421578421578
923.831 2.0118521478521476
924.839 1.9629603174603172
925.841 1.5320239520958083
926.859 1.9246522593320234
927.86 2.733266733266733
928.869 2.2081823587710607
929.879 1.778059405940594
930.91 1.4117866149369547
931.919 2.0366223984142717
932.92 2.5255384615384613
933.93 2.057417821782178
934.931 1.9716123876123877
935.939 2.2944285714285715
937.039 2.26103758020165
938.139 2.1182472727272725
939.14 2.30559040959041
940.16 2.628705882352941
941.161 2.0730869130869136
942.169 2.2818015873015876
943.299 1.851575221238938
944.301 2.4162077922077927
945.309 2.019515873015873
946.31 1.7677202797202798
947.33 2.9827764705882354
948.331 2.253058941058941
949.35 2.3086712463199213
950.351 3.1815224775224773
951.36 2.4576428571428575
952.37 2.2014732673267328
953.38 2.3460673267326735
954.42 2.160253846153846
955.43 2.589718811881188
956.44 1.5771326732673265
957.45 1.5867092907092906
958.59 1.654063157894737
959.6 2.040609900990099
960.601 1.870897102897103
961.61 1.8330079365079366
962.62 1.8621716566866267
963.63 1.3892831683168316
964.64 1.3869623762376238
965.65 1.0984237623762376
966.66 1.6361821782178216
967.671 1.6705534465534466
968.68 1.7790366699702678
969.72 1.6648538461538462
970.721 2.0335504495504497
971.731 2.0121663366336633
972.75 1.7606037735849056
973.77 1.3197176470588237
974.82 0.5361904761904761
975.821 1.5087632367632369
976.831 2.362170297029703
978.1 1.888901185770751
979.11 2.1454574257425745
980.181 1.9572511671335202
981.182 2.4708731268731268
982.201 1.8010834151128559
983.211 0.9427009900990099
984.22 0.37962338949454905
985.28 0.5424905660377358
986.286 1.5556580516898608
987.292 2.4971689860834987
988.3 1.799095238095238
989.301 1.353894105894106
990.331 1.4769087378640777
991.332 1.353294705294705
992.341 1.7858315163528244
993.361 1.7536549019607843
994.372 2.3448704253214636
995.492 1.6331857142857142
996.681 1.6498502943650126
997.692 1.9160118694362018
998.711 1.4745450941526266
999.831 1.8607428571428573
1000.832 2.044483516483517
1002.031 1.6136847372810676
1003.033 1.8021556886227545
1004.041 1.2702857142857142
1005.045 1.1596653386454183
1006.051 2.066958250497018
1007.061 1.8321742574257427
1008.081 1.6845176470588237
1009.091 1.3781898101898105
1010.092 1.8695544455544453
1011.101 1.4406105054509415
1012.111 1.766209900990099
1013.112 1.814889110889111
1014.121 1.4054920634920633
1015.122 1.9242197802197802
1016.131 2.1431754212091176
1017.132 2.230001998001998
1018.181 2.5396987607244994
1019.332 2.909650738488271
1020.386 2.8931612903225807
1021.387 3.443916083916084
1022.392 2.405787064676617
1023.393 2.7582177822177822
1024.412 2.4658711595639247
1025.421 2.615215064420218
1026.422 2.3776863136863136
1027.432 2.4055128712871285
1028.442 1.8951762376237622
1029.462 2.2256825396825395
1030.463 3.1450869130869132
1031.464 3.6669970029970034
1032.472 2.9635238095238097
1033.474 1.7368383233532934
1034.492 1.6835228628230614
1035.562 1.662751401869159
1036.563 2.2850109890109884
1037.572 1.7299504459861248
1038.573 1.9505214785214784
1039.592 1.9504158415841586
1040.602 1.4875168316831682
1041.603 2.306877122877123
1042.604 2.537670329670329
1043.732 2.899482269503546
1044.742 2.8276849451645067
1045.782 2.1728384615384617
1046.892 2.647718918918919
1047.893 2.7223336663336664
1048.902 2.3624420218037665
1049.922 1.629168986083499
1050.923 1.0073606393606394
1051.932 1.5184935579781962
1052.952 0.5950352941176471
1053.972 0.42917647058823527
1054.992 0.8026323092170465
1058.006 0.043502157318287424
1059.015 3.0516471754212096
1060.094 1.1657782217782218
1061.422 1.2063795180722892
1062.423 1.3994325674325674
1063.433 1.2606178217821782
1064.603 1.733251282051282
1065.613 2.34049900990099
1066.623 1.9727683168316834
1067.633 1.9489425742574258
1068.643 2.1888
1069.653 1.484820614469772
1071.283 0.7871018404907977
1072.303 2.3013882352941177
1073.493 0.8853512605042017
1074.494 1.2901018981018981
1075.513 1.186331697742885
1076.523 1.2072633663366337
1077.524 1.4322317682317682
1078.533 0.9714886025768087
1079.543 0.8015603960396038
1080.663 0.8743857142857142
1081.673 1.1810851485148515
1082.694 0.5936454456415279
1083.723 0.4254227405247813
1084.734 0.8010445103857566
1085.763 0.48229022704837116
1086.783 0.8368941176470588
1087.793 1.0402217821782178
1088.794 0.7808191808191808
1089.834 1.4175
1090.864 1.4527433628318585
1091.883 1.1593640824337585
1092.894 1.0724985163204748
1093.913 0.8269754661432777
1094.933 0.6852549019607843
1095.953 0.9761744301288404
1096.955 0.8892614770459082
1097.973 0.9201964636542239
1098.983 0.6393029702970296
1100.015 0.3923720930232558
1101.055 0.2375076923076923
1102.904 0.13613412655489454
1104.414 0.17394437086092715
1105.514 0.5398327272727274
1106.524 0.8776871287128714
1107.554 0.5494601941747572
1108.579 0.4283629268292683
1109.683 0.41941304347826086
1110.684 0.9293106893106893
1111.714 0.9056
1112.733 0.7811030421982336
1113.734 0.6778501498501498
1114.744 0.41627722772277226
1115.764 0.7188705882352942
1116.804 0.44719766309639725
1117.814 0.5016871287128714
1118.864 0.5760761904761905
1119.874 0.8885227722772278
1120.884 0.7204356435643564
1122.314 0.626589562764457
1123.344 1.0306485436893205
1124.354 0.5863049504950495
1125.364 0.8199920792079208
1126.374 0.5851247524752475
1127.384 0.3792475247524753
1128.404 0.36825098039215687
1129.416 0.16221343873517788
1130.496 0.5674666666666667
1131.505 1.0453914767096135
1132.515 0.8874455445544553
1133.554 1.0545062560153995
1134.564 1.0510574257425742
1135.576 0.7005533596837945
1136.586 0.8677623762376239
1137.715 0.7676457041629762
1138.815 0.9034763636363637
1139.816 1.1878281718281718
1140.835 0.6229881422924902
1141.846 1.0608427299703265
1142.856 1.2676551040634292
1144.034 1.046811544991511
1145.055 1.225794319294809
1146.056 1.0636323676323678
1147.064 1.1325714285714288
1148.067 1.0972203389830508
1149.075 1.0489920634920633
1150.085 1.5494970297029704
1151.097 0.9955652173913043
1152.115 0.9333045186640471
1153.205 0.5637253731343284
1154.265 0.3097358490566038
1155.275 0.20587722772277228
1156.295 0.1287529411764706
1157.405 0.12817297297297298
1158.425 0.10729411764705882
1159.485 0.1342188679245283
1160.505 0.15021176470588235
1163.296 0.04003152991759226
1166.635 0.02949865229110512
1167.715 0.13173333333333334
1169.005 0.03393488372093023
1170.016 0.295461918892186
1171.017 0.19486113886113887
1172.135 0.3328228980322004
1173.138 0.17043270189431706
1174.146 1.2494285714285713
1175.156 0.7157386138613862
1176.177 0.7979862879529873
1177.185 0.5232460317460317
1178.196 0.5498793273986152
1179.205 0.33375619425173436
1180.206 0.34985814185814185
1181.226 0.08799215686274509
1182.236 0.6284673267326734
1183.296 0.7425509433962264
1184.406 1.1160432432432432
1185.556 1.1831652173913043
1186.566 0.9465029702970297
1187.587 1.3424877571008813
1188.596 1.553206349206349
1189.598 1.2296127744510978
1190.626 1.4611253701875615
1191.836 1.1826909090909092
1192.876 1.3102307692307693
1194.097 1.1388262295081968
1195.116 1.2243532875368006
1196.126 0.7395009900990098
1197.196 0.7458392523364485
1198.226 0.669390291262136
1199.236 0.7643168316831683
1200.246 1.0708039603960395
1201.256 1.067580198019802
1202.276 0.9766666666666667
1203.336 0.7266716981132075
1204.346 1.2677702970297031
1205.347 1.106925074925075
1206.357 1.1465267326732675
1207.367 1.0336633663366337
1208.376 0.8864142715559961
1209.387 0.9508447082096935
1210.396 0.6833221010901883
1211.406 0.46413465346534655
1212.516 0.8562306306306307
1213.524 1.6394285714285715
1214.527 1.3884745762711863
1215.536 1.6209474727452924
1216.549 1.4747572427572426
1217.557 1.3226190476190478
1218.567 1.3111128712871287
1219.577 0.9326574257425743
1220.587 0.41175445544554456
1221.853 0.3377777777777778
1223.348 0.08767357859531771
1224.357 1.885531746031746
1225.377 1.1643372549019608
1226.387 1.0712633663366335
1227.397 1.1208
1228.577 1.256006779661017
1229.587 1.4519762376237624
1230.597 0.9724910891089108
1231.608 0.8288110781404551
1232.617 1.3733518334985133
1233.637 0.4077176470588235
1234.647 0.5898693069306931
1235.657 0.7512712871287128
1236.667 0.9650851485148515
1237.677 0.574289108910891
1238.687 0.43635643564356436
1239.697 0.899358415841584
1240.707 0.7090376237623762
1241.739 1.1197672162948593
1242.757 1.0320471512770135
1243.947 0.24351596638655462
1244.957 0.4442613861386139
1245.977 0.7081411764705883
1246.997 0.6331450980392156
1248.007 0.6493544554455446
1249.158 0.7331016507384883
1250.168 0.851651485148515
1251.177 0.8446349206349206
1252.198 0.9452223310479922
1253.208 1.1095207920792078
1254.218 1.2634376237623763
1255.228 1.323041584158416
1256.248 1.1898039215686274
1257.258 1.4050455445544554
1258.268 1.5028831683168316
1259.418 1.5733704347826087
1260.428 1.5278257425742576
1261.438 1.0182336633663367
1262.458 1.4377411764705883
1263.468 1.3217267326732673
1264.488 1.551992156862745
1265.508 1.5924627450980393
1266.518 1.1594138613861387
1267.548 0.7650174757281554
1268.568 0.49050497017892647
1269.578 0.574289108910891
1270.588 0.8235089108910891
1271.598 0.5447049504950495
1272.608 0.6067960396039603
1273.638 0.6020275049115914
1274.648 0.48847524752475247
1275.678 0.43563495145631065
1276.688 0.5417821782178218
1277.698 0.48975841584158414
1278.718 0.6948571428571428
1279.738 0.5042823529411765
1280.758 0.3111529411764706
1281.858 0.09552727272727272
1282.878 0.4184470588235294
1283.888 0.7160878243512974
1284.898 0.9929821782178219
1285.909 1.0454282888229476
1286.929 1.042423529411765
1287.938 1.1054747274529235
1288.948 0.9616063936063936
1289.959 1.450540059347181
1290.969 1.3972752475247525
1292.369 1.0035885714285715
1293.379 1.1919207920792079
1294.394 1.0535487684729066
1295.399 1.3225154228855722
1296.409 1.7177188118811881
1297.619 1.6664859504132232
1298.629 2.1129504950495046
1299.659 1.2045231071779745
1300.679 1.4162823529411765
1301.689 0.8936475247524752
1302.699 1.3111128712871287
1303.709 1.061441584158416
1304.719 1.2547956131605187
1305.729 0.8219722772277228
1306.739 0.9752079207920793
1307.749 0.8776871287128714
1309.02 0.10312509834775767
1310.029 1.005248761149653
1311.099 0.2352448598130841
1312.179 0.16213333333333332
1313.329 0.09516521739130436
1314.399 0.06136822429906542
1347.051 0.0006703417861080485
1348.13 0.5274216867469879
1349.15 0.5257411764705883
1350.177 0.75362874251497
1351.57 0.026458004307250538
1352.571 0.4154565434565435
1353.601 0.7393242718446601
1354.611 0.6697980198019803
1355.62 0.7144737363726462
1356.741 0.5394041034790366
1357.761 0.7889960784313725
1358.911 0.6483826086956521
1359.941 0.6938485436893204
1360.971 0.4893980582524271
1361.98 0.42506243805748267
1362.991 0.5543738872403561
1364.16 0.45433704020530363
1365.171 0.5520712166172106
1366.19 0.42038861629048085
1367.211 0.3311733594515181
1368.221 0.4453465346534654
1371.682 0.06640392950014448
1372.692 0.7588831683168317
1373.902 0.39879669421487607
1374.912 0.7411643564356435
1375.922 0.99489900990099
1376.932 0.7258138613861386
1379.91 0.2889751511081263
1380.94 0.4045514563106796
1381.968 0.618
1382.99 0.6867430830039526
1384.0 0.6808475247524752
1385.02 0.8661647058823528
1386.03 0.45564356435643566
1387.07 0.7366153846153846
1388.1 0.8720785083415113
1389.3 0.7987933333333332
1390.31 0.7154772277227722
1391.32 0.7857663366336634
1392.33 0.9171564356435643
1393.331 1.1151728271728272
1394.35 0.7818488714425907
1395.47 0.5472
1396.65 0.41999322033898306
1397.861 0.2982262592898431
1398.88 0.9582805970149253
1399.9 0.6622980392156862
1400.922 0.38550293542074365
1402.531 0.2312591671845867
1403.54 0.4989335976214073
1404.55 0.9589940594059406
1405.551 0.917898101898102
1406.661 0.8725981981981983
1407.871 1.0823933884297523
1409.101 1.0580032520325204
1410.291 0.914346218487395
1411.301 0.7061702970297029
1412.542 0.8812248186946011
1413.561 1.2049381746810597
1414.741 0.8602847457627119
1415.743 1.0670419161676648
1416.751 1.0932698412698412
1417.762 1.0976300692383778
1418.771 1.3140693756194253
1419.772 1.160975024975025
1420.781 1.1524836471754212
1421.782 1.2605714285714287
1422.791 1.2394132804757183
1423.802 0.9299307616221564
1424.811 0.6465490584737364
1425.821 0.7250217821782178
1426.952 0.8877807250221044
1428.042 0.9740183486238532
1429.043 1.3611908091908091
1430.181 0.7156555360281195
1431.182 0.39164835164835166
1432.223 0.5992391930835734
1433.241 0.6621925343811395
1434.243 0.9393053892215568
1435.421 0.8720557213930348
1436.431 0.9968792079207921
1437.441 0.8328871287128712
1438.451 1.1369663366336633
1439.471 0.9852000000000001
1440.491 1.1817768924302787
1441.501 1.24609900990099
1442.512 1.223841740850643
1443.523 1.7103382789317505
1444.524 1.2014945054945056
1445.552 1.5803222003929271
1446.553 1.618093906093906
1447.562 1.3118810703666999
1448.582 1.2338823529411767
1449.602 0.86
1450.612 1.3327841584158417
1451.712 0.42038545454545456
1452.732 0.4828235294117647
1453.742 0.8205465346534653
1454.941 0.2647005838198499
1455.982 0.6375145631067961
1456.992 0.6189623762376237
1458.003 0.41134718100890205
1459.062 0.6271954674220962
1460.472 0.7451234042553192
1461.492 0.7396549019607842
1462.522 0.6800155339805825
1463.712 0.43700840336134456
1464.732 0.3755294117647059
1465.752 0.26823529411764707
1466.952 0.2536848364717542
1467.982 0.2550058252427184
1469.002 0.26823529411764707
1470.032 0.23375533980582522
1471.052 0.27256470588235293
1472.092 0.3230230769230769
1473.112 0.5104627450980392
1474.142 0.4619495145631068
1475.152 0.5634534653465347
1476.182 0.5191533980582523
1477.202 0.4998901960784314
1478.212 0.5092752475247525
1479.213 0.30017182817182814
1480.222 0.36877700693756194
1481.223 0.4313926073926074
1482.232 0.5729157581764123
1483.252 0.4143450980392157
1494.665 0.011506878121440463
1495.854 0.23175777964676197
1496.875 0.3322859941234085
1497.925 0.39450666666666667
1498.926 0.6092467532467531
1499.936 0.8098297029702971
1501.006 0.6919102803738318
1502.077 0.9504761904761905
1503.296 0.9918884331419194
1504.306 1.0620198019801979
1505.316 0.936190099009901
1506.417 0.6862343324250681
1507.426 1.0708899900891973
1508.486 0.7778792452830189
1509.506 1.0885411764705883
1510.566 0.8046264150943396
1511.576 0.46593267326732674
1512.696 0.1368
1513.736 0.09581322957198445
1514.786 0.1136457142857143
1515.976 0.11955630252100839
1517.006 0.13812815533980582
1518.046 0.21046153846153845
1519.076 0.19044660194174756
1520.176 0.25956363636363633
1521.226 0.38736761904761907
1522.398 0.46062116040955625
1523.406 0.762436507936508
1524.416 0.5310653465346534
1525.436 0.5211294117647058
1526.466 0.10228349514563106
1527.476 0.42826930693069304
1528.486 0.6962217821782178
1529.506 0.5531269841269841
1530.526 0.4939529411764706
1531.536 0.4634613861386139
1532.556 0.8157725490196078
1533.557 0.6705694305694305
1534.576 0.6749603174603174
1535.776 0.6988800000000001
1536.796 0.9519372549019607
1537.806 0.9318653465346535
1538.817 0.8422156280909989
1539.857 0.9927716535433071
1540.867 1.0401584158415842
1541.871 1.1137131474103585
1542.876 1.270734328358209
1543.877 0.9315084915084915
1545.037 1.097282229965157
1546.217 1.5328542372881357
1547.218 1.70602997002997
1548.237 1.8786732090284592
1549.246 1.6411020812685826
1550.247 1.7138541458541459
1551.257 1.8167049504950497
1552.267 1.8923326732673267
1553.327 1.668845283018868
1554.337 1.5889663366336633
1555.437 1.3767332722273145
1556.467 1.4381126213592232
1557.607 1.5380070175438594
1558.737 1.9063433628318585
1559.747 2.004594059405941
1560.757 2.0498602794411176
1561.767 1.223968316831683
1562.777 1.3995722772277228
1563.787 1.7212831683168317
1564.987 1.8042799999999999
1565.991 1.6786613545816733
1566.997 1.2780198807157057
1568.127 1.668311504424779
1569.277 1.7039165217391306
1570.467 1.5844436974789917
1571.477 1.8203881188118811
1572.478 1.2605234765234767
1573.487 1.1714093161546086
1574.497 1.0402217821782178
1575.527 0.775642718446602
1576.547 0.6974117647058823
1577.568 0.7749187071498531
1578.577 1.1497165510406344
1579.637 0.5520452830188679
1580.657 0.4184470588235294
1581.718 0.29267621776504293
1582.738 0.4720941176470589
1583.758 0.5890509803921569
1584.797 0.8110567853705486
1585.798 0.6474085914085914
1586.868 0.622586011342155
1587.878 0.845180198019802
1588.888 0.8019485148514851
1589.908 1.298258823529412
1590.918 0.7681029702970298
1591.938 0.9516521739130435
1592.948 1.018550495049505
1593.949 0.8088311688311689
1594.958 0.9110961347869178
1595.978 0.7269882352941177
1596.998 0.9742433234421364
1598.009 0.8984688427299704
1599.028 0.7962671905697446
1600.038 0.7162851485148515
1601.058 1.0632541707556427
1602.078 0.8402933597621407
1603.088 0.9222336633663366
1604.108 1.0514823529411765
1605.168 0.9631547169811321
1606.178 1.3436198019801981
1607.179 1.0752607392607392
1608.188 1.4208761149653122
1609.198 1.0888633663366336
1610.208 1.170249504950495
1611.221 0.8447541954590325
1612.228 0.9781132075471698
1613.368 0.7044561403508772
1614.395 0.5115014605647518
1615.398 0.5346520438683947
1616.4 0.6771736526946107
1617.429 0.8211921568627452
1618.44 0.8984688427299704
1619.448 0.7193730158730159
1620.458 0.845180198019802
1621.478 0.5479215686274509
1622.508 0.6014367026496565
1623.518 0.5417821782178218
1624.548 0.31875728155339805
1625.798 0.1481856
1626.799 0.07653146853146854
1630.76 0.049819194732843755
1631.769 0.752372646184341
1632.801 0.21209302325581397
1633.819 0.10326129666011788
1634.879 0.1445433962264151
1639.31 0.01720243737305349
1640.349 0.2668103946102021
1641.429 0.34453333333333336
1642.439 0.8364910891089109
1643.589 1.0044591304347825
1644.73 1.1964171779141104
1645.731 1.2482557442557443
1646.899 0.9190753424657534
1647.909 1.3219485148514853
1648.919 1.2517940594059405
1649.929 1.2027564356435643
1650.93 1.3356563436563436
1652.109 1.2674469889737066
1653.26 1.5503110338835795
1654.38 1.6392943294329434
1655.46 1.6087777777777779
1656.56 1.729418181818182
1657.579 1.812647693817468
1658.58 1.5306293706293708
1659.59 1.7197604790419163
1660.62 1.6739805825242717
1661.621 2.452027972027972
1662.622 2.1282157842157843
1663.629 2.4012552135054617
1664.64 1.6366626746506987
1665.65 1.6602138613861386
1666.861 1.6152138728323702
1667.87 1.9415024777006937
1668.871 0.4154565434565435
1670.1 0.6636253081347575
1671.102 0.8191616766467067
1672.11 0.6948571428571428
1673.13 0.42917647058823527
1674.2 0.1789981308411215
1675.43 0.02669268292682927
1680.948 0.0019833272924972816
1683.321 0.6983126843657816
1684.34 0.8914151128557409
1685.612 0.3503207547169811
1686.618 1.1046123260437377
1687.621 1.4921316051844467
1688.622 1.69194005994006
1689.632 0.788530693069307
1690.64 0.5539285714285714
1691.641 1.0714405594405594
1692.649 0.5905873015873015
1693.66 0.8907537091988131
1694.85 0.8834621848739496
1695.87 0.8690823529411764
1696.91 0.3683076923076923
1697.941 0.15922405431619788
1699.001 0.12710188679245282
1700.151 0.10468173913043478
1738.482 0.0028551303122798777
1739.511 0.27652478134110786
1740.531 0.5472
1741.551 0.2804156862745098
1742.742 0.4701057934508816
1743.772 0.6144543689320389
1745.012 0.5560516129032258
1746.013 0.6768751248751249
1747.032 0.2899784102060844
1748.178 0.29361403508771927
1749.192 0.44189349112426035
1750.252 0.4692603773584906
1751.282 0.47813592233009705
1752.294 0.4632806324110672
1753.302 0.4635238095238095
1754.352 0.33564952380952384
1755.572 0.46786885245901644
1756.592 0.5955372549019609
1758.202 0.3585490683229814
1759.422 0.3139672131147541
1766.241 0.025678838539375273
1767.251 0.3690772277227723
1768.261 1.0323168316831683
1769.262 1.2896863136863137
1770.263 1.5602397602397602
1771.281 1.4715992141453829
1772.282 2.2481518481518483
1773.332 2.198041904761905
1774.343 3.155173095944609
1775.352 3.0412685827552033
1776.493 2.9579246275197195
1777.612 3.5432564789991066
1778.613 4.4794565434565445
1779.622 4.310842418235877
1780.634 3.052859140859141
1781.642 2.3243412698412698
1782.662 1.3571058823529412
1783.742 1.585925925925926
1784.743 2.7004675324675325
1785.754 2.096255744255744
1786.755 3.2834765234765237
1787.842 3.38255013799448
1788.892 3.659352380952381
1790.042 3.901523478260869
1791.043 4.193630369630369
1792.044 3.661490509490509
1793.062 3.542082514734774
1794.063 3.451788211788212
1795.064 3.6417022977022975
1796.083 3.6087596439169136
1797.093 3.3157069306930693
1798.094 2.9485714285714284
1799.182 4.372676470588235
1800.184 5.308167664670658
1801.197 1.679897334649556
1802.202 2.7986149253731343
1803.323 2.367421944692239
1804.325 2.350609390609391
1805.332 1.6845283018867925
1806.344 1.793022977022977
1807.362 1.4728172888015718
1808.363 0.5903856143856144
1809.382 0.6336565260058882
1810.402 0.34938039215686273
1811.423 0.6752908912830557
1812.433 0.845180198019802
1813.462 0.4679650145772595
1829.134 0.008363450740173558
1834.982 0.11804347081978436
1835.991 0.34790882061446976
1837.132 0.9304049079754602
1838.183 1.1006888677450046
1839.292 1.2967258536585364
1840.302 0.9790574257425744
1841.312 0.9175603960396039
1842.332 1.1324705882352943
1843.342 0.9643168316831683
1844.542 1.0184620874219446
1845.562 1.1244627450980391
1846.612 0.9717714285714286
1847.632 0.9656470588235294
1848.633 0.812035964035964
1849.652 0.8279801390268123
1850.672 0.40114509803921566
1851.932 0.3561142857142857
1852.933 1.171156843156843
1853.942 1.1892725470763132
1855.052 1.3616792792792791
1856.053 1.3647392607392608
1857.062 1.389201189296333
1858.072 1.179160396039604
1859.082 0.7160633663366336
1860.112 0.6629793915603533
1861.252 1.034982456140351
1862.253 1.5155564435564437
1863.262 0.9327888999008919
1864.282 0.6211764705882352
1865.433 0.6406046915725455
1889.48 0.018659458560319375
1890.55 0.7651588785046729
1891.551 1.254801198801199
1892.56 0.9637026759167493
1893.57 0.9424079207920791
1894.76 0.5436030277544156
1895.761 0.9849670329670329
1896.771 0.8606178217821783
1897.811 0.9900615384615385
1898.831 1.497521568627451
1899.841 1.4520475247524753
1900.85 1.2609078295341922
1901.853 1.1565942173479562
1902.88 0.770001947419669
1904.08 0.7997106812447434
1905.22 1.3418666666666665
1906.23 1.0436435643564357
1907.241 0.9201186943620178
1908.25 0.4956987115956392
1909.251 1.005842157842158
1910.281 0.543526213592233
1911.29 0.7700931615460852
1912.321 0.40709990300678955
1913.361 0.24203076923076924
1914.371 0.1191920792079208
1915.401 0.23375533980582522
1916.407 0.5548151093439363
1917.421 0.6122603550295858
1918.441 0.7489960784313725
1919.451 0.422590099009901
1920.461 0.5801584158415842
1921.471 1.0149861386138612
1922.491 1.1704549019607844
1923.492 1.3038401598401599
1924.501 1.2793974231912786
1925.502 1.4146573426573428
1926.511 1.194434093161546
1927.531 1.2637019607843138
1928.691 0.9583931034482759
1929.692 1.6836923076923076
1930.701 0.9134905847373638
1931.712 1.3694243323442135
1932.731 1.1599136408243376
1933.732 0.9508411588411588
1934.751 1.0769940357852883
1935.761 0.33590495049504954
1936.811 0.1902552380952381
1937.812 0.17492907092907092
1938.861 0.15649189704480457
1939.961 0.13961923454367028
1941.021 0.19616603773584904
1942.051 0.23375533980582522
1943.501 0.08302344827586207
1944.511 0.8500059464816649
1945.542 0.28660329776915616
1946.561 0.1933189401373896
1947.602 0.19974639769452449
1948.924 0.09106202723146746
1950.934 0.06524240915878546
1951.942 1.6472460317460318
1952.952 0.7524673267326732
1954.088 0.9786690140845069
1955.233 1.39835807860262
1956.331 1.408
1957.333 2.047057884231537
1958.342 1.9022001982160555
1959.352 1.912578217821782
1960.353 2.2445634365634364
1961.362 1.8993300297324083
1962.363 1.8538421578421578
1963.373 2.0278970297029706
1964.382 2.373439048562934
1965.383 2.4605794205794203
1966.384 2.3653546453546457
1967.403 3.14234126984127
1968.41 2.7833008937437937
1969.412 2.7225948103792414
1970.413 2.552375624375624
1971.423 3.210566336633663
1972.442 2.7826124876114964
1973.443 2.4945614385614387
1974.444 2.776999000999001
1975.453 2.1750009910802772
1976.454 2.4168551448551447
1977.633 2.4111111111111114
1978.823 2.4511865546218488
1979.824 3.1137342657342657
1980.983 2.7055323554788613
1981.993 2.6438970297029707
1983.003 1.5275608782435128
1984.013 1.4519762376237624
1985.022 0.9761744301288404
1986.023 1.8181418581418582
1987.043 2.5536
1988.083 1.2937674418604652
1989.102 0.5577468105986261
1990.103 1.322901098901099
1991.133 1.6362873786407766
1992.134 2.2849710289710288
1993.223 2.378027079303675
1994.233 1.8095524752475247
1995.243 1.2912158415841584
1996.263 1.8776470588235294
1997.273 1.3026138613861387
1998.283 0.845180198019802
1999.303 0.8798117647058823
2000.335 0.8907906976744187
2001.343 0.608
2002.353 0.46593267326732674
2008.123 0.02905095320623917
2069.822 0.0007095090682182855
2107.331 0.00496008957850116
2108.34 0.41216253716551043
2109.351 0.7685697329376855
2110.371 0.6513019607843137
2111.381 0.9277782178217822
2112.391 0.7186772277227723
2113.411 0.7402315996074582
2114.413 0.53787624750499
2115.451 0.6220500963391137
2116.471 0.6177882352941176
2117.491 0.4985568627450981
2118.711 0.6422032786885247
2119.781 0.9153196261682243
2120.636 0.9338292397660818
