0.0 1.4263736263736264
1.009 2.0065807730426166
2.039 1.3131184466019417
3.04 1.5363036963036962
4.065 1.1728250244379275
5.119 1.1871043643263754
6.13 1.4187220573689416
7.209 1.2798887859128822
8.359 1.526928695652174
9.36 1.7864215784215784
10.369 1.8193141724479682
11.38 2.0922255192878336
12.39 2.1471841584158415
13.391 2.622577422577423
14.4 2.6874212091179386
15.401 3.975656343656344
16.409 2.050427860696517
17.419 1.5812990099009903
18.429 1.649029702970297
19.439 1.5820039603960396
20.44 1.4863216783216782
21.449 1.318097512437811
22.569 1.3906285714285713
23.57 1.7383576423576423
24.579 1.4282497522299307
25.6 1.553998041136141
26.88 1.844879786286732
27.889 1.8872705649157582
28.89 1.5419140859140859
29.9 1.6715722772277226
30.901 2.685946053946054
31.91 2.938049850448654
32.95 2.284253846153846
33.951 2.4643436563436563
35.12 2.050949529512404
36.141 2.197375122428991
37.142 2.2046913086913085
38.143 2.5398041958041957
39.144 2.9443756243756245
40.15 2.098123260437376
41.151 3.015608391608392
42.16 2.8725269461077847
43.161 2.5735784215784214
44.162 2.921854145854146
45.163 2.3623016983016982
46.17 2.584293942403178
47.181 2.6144000000000003
48.182 2.6863296703296706
49.183 3.3857822177822174
50.191 3.523936507936508
51.201 3.8254257425742577
52.209 3.6910677290836653
53.36 3.0836629018245003
54.43 2.8241943925233643
55.431 2.809798201798202
56.44 2.1519524281466795
57.441 1.9679200799200798
58.531 1.8769174311926606
59.541 2.578883168316832
60.552 2.11328981206726
61.553 2.4435964035964033
62.581 2.731748031496063
63.59 1.2039484638255697
64.751 1.14388285960379
65.752 2.1975464535464533
67.164 1.97085552407932
68.171 2.622911618669315
69.172 2.041318681318681
70.18 2.052
71.181 1.5836963036963037
72.191 1.8854019801980197
73.201 1.5690139720558882
74.202 2.219412587412587
75.212 2.401314851485149
76.213 1.4904375624375625
77.221 2.6491428571428575
78.231 2.1491548451548455
79.232 1.9903456543456541
80.242 2.29619801980198
81.252 2.7739247524752475
82.261 1.68800792864222
83.271 2.193679207920792
84.281 2.008982178217822
85.291 1.961251485148515
86.311 1.4484705882352942
87.321 1.3156514851485148
88.322 2.341130869130869
89.323 2.9640679320679317
90.332 3.124551040634292
91.432 2.457250909090909
92.442 2.2754851485148517
93.461 1.5234671968190854
94.462 1.6095104895104897
95.471 1.6378037661050546
96.481 1.3544554455445545
97.501 0.7756235294117647
98.521 1.0650566037735847
99.532 1.1149673590504452
100.541 1.0195599603567889
101.551 0.9270732673267327
102.561 0.9643722772277228
103.582 1.0965714285714288
104.592 0.9054257425742575
105.602 1.3436198019801981
106.612 1.1249821782178215
107.621 1.0006977205153618
108.811 1.2305989847715737
109.812 1.0495744255744255
110.822 1.289441584158416
111.832 0.9958653465346535
112.842 1.0835643564356436
113.852 1.07037125748503
114.862 0.9242851485148516
115.872 1.1269069306930695
117.172 0.7854769230769231
118.182 0.8668514851485148
119.202 0.9104549019607844
120.203 0.9074445554445555
121.302 0.8603351548269582
122.312 1.2352633663366337
123.322 1.0600079207920792
124.332 1.4844831683168318
125.342 1.374249504950495
126.352 1.4628118811881188
127.362 1.0477940594059405
128.373 1.7536379821958459
129.472 2.4705930018416207
130.562 2.0326091743119266
131.563 2.0869530469530466
132.572 2.142834489593657
133.573 1.7084515484515483
134.582 1.434037661050545
135.723 1.9910604732690622
136.733 2.4271841584158413
137.752 1.6478508341511287
138.913 1.6564961240310077
139.923 2.0154297029702968
140.943 1.4162823529411765
141.944 1.5624775224775225
142.945 1.3338341658341657
143.953 2.1497142857142855
145.063 1.2694763636363637
146.074 1.8185875370919882
147.083 2.18012289395441
148.093 1.4519762376237624
149.103 1.2480792079207919
150.153 1.372952380952381
151.163 2.2754851485148517
152.164 1.6304255744255745
153.165 2.214441558441558
154.173 2.486285714285714
155.174 1.8783376623376622
156.193 1.833844946025515
157.203 2.091279207920792
158.234 1.5721125121241513
159.235 2.3393166833166834
160.243 2.3885714285714283
161.244 1.8254145854145853
162.253 1.3774905847373637
163.263 1.1088950495049503
164.283 1.4162823529411765
165.293 1.2923960396039604
166.313 1.6094117647058823
167.323 1.3432712871287127
168.334 1.894362017804154
169.354 1.214658823529412
170.364 1.7553742574257427
171.513 1.5582872062663184
172.514 1.978885114885115
173.516 2.0648071928071925
174.524 2.9857142857142858
175.543 2.010119047619048
176.544 1.85389010989011
177.554 3.0773227722772276
178.563 1.9098116947472745
179.564 1.9400679320679322
180.703 2.482327144120248
181.814 2.7784410441044107
182.815 3.3783176823176824
183.816 2.990761238761239
184.824 2.5715396825396826
185.874 2.4663054755043228
186.876 2.3264191616766468
187.884 1.9827936507936508
188.904 1.8582117647058825
189.914 2.264649504950495
190.944 2.0646745098039214
191.945 2.3776383616383616
192.954 2.350763131813677
193.955 2.973794205794206
196.605 0.7423637735849057
197.606 5.813986013986014
198.625 2.674630029440628
199.626 3.3575544455544453
200.634 3.7022857142857144
201.644 2.5161584158415837
202.804 3.3141655172413795
203.805 3.6407112887112882
204.806 3.5594085914085913
205.815 3.238422200198216
206.816 3.201734265734266
207.935 2.753422698838248
208.945 3.198415841584158
209.946 3.1925594405594406
210.947 3.066237762237762
211.948 3.0162797202797202
212.949 4.071096903096904
213.975 2.588102564102564
214.977 3.8553852295409183
215.986 2.9467670961347867
216.987 4.63562037962038
217.988 3.4579660339660343
219.005 4.005850746268656
220.099 3.889148080438757
221.105 4.514671968190855
222.386 0.25507572209211554
223.495 7.519437330928765
224.497 2.6895344655344653
225.505 4.636
226.506 4.034301698301698
227.507 3.4196203796203792
228.508 3.7281758241758243
229.515 2.3286991062562064
230.526 3.6047002967359045
231.536 2.821592079207921
232.546 2.817267326732673
233.555 2.208864222001982
234.585 2.503672327672328
235.586 2.774201798201798
236.596 3.7281982160555
237.813 0.17825472473294987
238.815 6.589213572854292
239.895 2.451519699812383
240.896 2.252211788211788
241.897 2.2229770229770227
242.916 2.878304219823356
243.926 1.8114772277227724
244.945 2.0825054509415266
245.946 1.9081798201798201
246.955 2.4255381565906835
247.986 1.7430533462657614
249.065 1.9819610750695087
250.135 2.121262759924386
251.136 2.219412587412587
252.146 1.538669306930693
253.156 1.447143706640238
254.176 2.2317176470588236
255.185 1.4750763131813676
256.186 1.9849030969030967
257.316 2.2471079646017698
258.326 3.0448158415841586
259.327 2.450517482517483
260.356 2.2172517006802726
261.376 2.737631372549019
262.477 2.5983069936421432
263.486 2.8515123885034686
264.496 2.546376237623762
265.497 1.8144735264735263
266.686 1.6533826745164004
267.696 1.2244277227722773
268.726 1.328155339805825
269.736 1.4935762376237625
270.758 1.8113458870168484
271.767 2.46011496531219
272.777 2.4705267326732674
274.097 1.5719757575757576
275.099 2.1895808383233533
276.116 1.7932007952286284
277.117 1.7055584415584415
278.122 1.584278606965174
279.136 1.6297278106508875
280.146 1.5491960396039604
281.147 1.9242197802197802
282.194 2.0278280802292263
283.196 1.6849740518962075
284.206 1.6036752475247524
285.217 1.5521424332344214
286.227 1.7549641434262948
287.247 1.8230588235294118
288.257 1.702882061446977
289.258 2.0882157842157842
290.266 1.768563492063492
291.267 1.978885114885115
292.268 2.476003996003996
293.278 2.454518811881188
294.28 2.3969421157684634
295.287 2.3572512413108244
296.298 2.9549830508474573
297.307 2.9941962338949457
298.308 2.248135864135864
299.317 1.832
300.358 1.7064438040345822
301.367 2.253404761904762
302.517 2.166553043478261
303.527 2.654732673267327
304.577 2.4071238095238097
305.597 2.532141176470588
306.607 2.5885508982035925
307.608 1.585974025974026
308.617 1.667092170465808
309.627 2.004594059405941
310.628 2.1146613386613384
311.64 3.0998761238761237
312.642 4.146842315369262
313.648 3.1108548707753476
314.649 2.811172827172827
315.657 2.1171428571428574
316.677 1.9153980198019802
317.687 2.047936633663366
318.697 2.2814099009900994
319.698 2.450037962037962
320.699 2.8644635364635365
321.798 2.1793824975417895
322.808 2.431009900990099
323.899 2.228098991750687
324.968 2.5683517305893355
325.977 2.060812685827552
326.988 1.6294850299401198
328.007 1.7019980372914623
329.008 1.8707212787212786
330.105 1.8744649042844121
331.258 2.3108135299219428
332.268 2.496451485148515
333.278 2.0539960396039607
334.279 2.365162837162837
335.298 2.1372404317958784
336.308 2.3079920792079207
337.328 1.7597254901960784
338.329 1.956891108891109
339.338 2.3319722497522295
340.339 1.3750329670329668
341.348 2.1025094152626362
342.359 2.1207675568743816
343.361 2.895912087912088
344.368 2.0445362462760674
345.379 2.030884272997033
346.458 1.8332319109461965
347.468 1.3652910891089107
348.578 1.1566414414414414
349.588 1.3544554455445545
350.598 1.4086336633663366
351.609 1.8951137487636003
352.61 2.8425974025974026
353.611 2.0116443556443557
354.613 2.4513532934131734
355.629 2.4227874015748028
356.638 1.9523488602576808
358.299 0.42857074051776034
359.308 5.93591278493558
360.349 2.6668741594620555
361.359 2.894780198019802
362.369 3.436407185628742
363.398 2.479012633624879
364.432 3.1573823814133597
365.459 2.6220525803310615
366.46 2.6030449550449553
367.468 2.563
368.469 2.58614985014985
369.509 2.5490538461538463
370.51 2.4244715284715284
371.519 2.034394449950446
372.59 0.5059018867924528
374.209 0.03379864113650402
375.249 1.5541769230769231
376.251 2.025548902195609
377.279 2.4981867704280156
378.289 2.7920792079207923
379.459 2.3416068376068377
380.469 2.7522534653465343
381.47 2.3744895104895103
382.479 2.603131813676908
383.48 2.5346093906093903
384.484 2.515163346613546
385.509 2.455421309872923
386.519 2.5030336633663364
387.521 2.0523876123876126
388.529 2.2630079365079365
389.689 1.6002965517241379
390.69 2.4162077922077927
391.7 1.9573676907829531
392.709 1.9371734390485629
393.71 1.7448871128871128
394.78 2.4667214953271026
395.781 2.9956603396603394
396.79 2.7670802775024774
397.89 3.1704145454545456
398.9 2.9614257425742574
399.901 3.1163636363636362
400.91 2.6054628344895936
401.911 2.831664335664336
402.912 2.3686073926073927
403.929 2.347563492063492
404.93 1.2068251748251748
405.931 2.2084795204795205
406.94 2.0815777998017837
407.941 2.0125154845154847
409.08 1.9619875776397517
410.09 2.0804435643564356
411.1 1.6963881188118812
412.11 1.8019643564356436
413.111 1.9898181818181815
414.141 1.226326129666012
415.155 1.1116686390532544
416.16 0.7145950248756219
417.17 0.7368237623762376
418.36 0.19312941176470588
419.37 1.4942811881188118
420.408 1.2757456647398844
421.42 1.2569346534653467
422.421 1.167944055944056
423.43 1.2256412289395442
424.44 1.5087632367632369
425.45 0.8015762376237624
426.46 1.0293861386138614
427.461 1.1370389610389613
428.47 0.8823230921704658
429.471 1.1151728271728272
430.48 1.030406342913776
431.49 0.7884356435643564
432.5 0.9752079207920793
433.51 0.7279841584158415
434.53 1.1810851485148515
435.54 0.7840079207920791
436.55 1.0618930693069308
437.561 1.0663976261127595
438.57 1.343619425173439
439.581 1.8605954045954045
440.59 1.8397145688800791
441.591 1.2987092907092905
442.6 1.4469772051536176
443.601 1.5637722277722277
444.62 1.6057290836653388
445.621 1.7928791208791208
446.622 2.3254825174825173
447.631 1.4710485629335976
448.641 1.7733386138613862
449.691 2.125330761812922
450.701 1.6253465346534652
451.711 0.7588673267326733
452.731 1.1158588235294118
453.771 0.43144615384615387
454.811 0.2812349514563107
455.831 0.2575058823529412
456.851 0.23604705882352944
457.861 0.2708910891089109
458.891 0.2868815533980582
580.761 0.0010888471291061127
581.941 1.1197830508474576
582.952 1.117349159248269
583.972 1.245027450980392
585.224 0.5695846645367412
586.232 1.4350555555555558
587.233 1.3802037962037963
588.242 1.3204995044598613
589.372 1.155461946902655
590.423 1.3238439581351096
591.432 0.9729712586719524
592.485 1.1995209125475286
593.492 1.466121151936445
594.592 1.4995345454545455
595.602 2.0125069306930694
596.642 2.351930702598653
597.643 2.951928071928072
598.653 2.7503191278493557
599.663 3.059661016949152
600.664 2.276123876123876
601.673 2.2198216055500497
602.802 2.7604184397163123
603.983 2.4539881456392885
604.992 2.660277777777778
605.993 3.081238761238761
606.994 3.474853146853147
607.995 3.2651588411588417
608.997 4.086291417165668
610.083 3.9315908639523336
611.192 3.214946798917944
612.203 3.2317151335311576
613.363 3.0676965517241377
614.395 2.3648372093023253
615.403 2.2970238095238096
616.405 3.418634730538922
617.412 2.1489970208540217
618.416 2.0516892430278886
619.423 2.2954115308151097
620.424 1.8257902097902097
621.433 2.5163607532210106
624.133 0.7364888888888889
625.152 5.621071638861629
626.163 0.995893175074184
627.183 1.4270117647058824
628.193 0.7786772277227723
629.203 0.8560158415841584
630.223 0.8476235294117647
631.393 0.5560896551724138
632.394 1.9570189810189809
633.403 1.2843766105054508
634.413 1.5314297029702972
635.423 1.4425688800792864
636.433 1.1595643564356435
637.434 1.6836923076923076
638.443 1.2158412698412697
639.453 2.091279207920792
640.454 2.4439720279720283
641.455 2.46212987012987
642.463 1.368
643.643 1.2641898305084747
644.653 2.253813861386139
645.663 1.3765386138613862
646.683 1.8547314172447968
647.684 2.7894505494505495
648.704 2.699858823529412
649.713 1.9211734390485629
650.744 1.809908826382153
651.745 1.8695544455544453
652.763 1.7113163064833006
653.843 2.0741259259259257
654.844 2.5583376623376624
655.845 1.9755044955044954
656.864 2.1973518334985136
657.865 2.251172827172827
658.874 2.3098037661050546
659.884 1.9070732673267328
660.885 1.83391008991009
661.904 2.3038562874251496
662.905 2.149202797202797
663.906 2.776999000999001
664.907 2.4306573426573426
665.914 2.5595153922542204
666.924 1.885130869130869
667.934 2.0889267326732677
668.935 2.820731268731269
669.944 2.628336967294351
670.945 2.256711288711289
672.114 2.22194148020654
673.115 3.126857142857143
674.124 2.151524281466799
675.135 2.6388526211671612
676.274 2.561172958735733
677.424 2.571290434782609
678.425 3.1487232767232767
679.434 2.9129910802775028
680.435 3.1992247752247756
681.445 3.262756435643564
682.446 2.8569270729270726
683.524 2.169499072356215
684.525 3.0981018981018984
685.526 3.4762117882117884
686.535 3.4637462834489594
687.545 3.0253544554455445
688.625 3.4883481481481478
689.626 3.0855064935064935
690.634 2.374111111111111
691.635 3.575112887112887
693.965 0.4072618025751073
694.975 5.609560396039603
695.976 2.055416583416583
696.995 1.7398704612365063
698.075 2.0596007984031934
699.154 1.687236329935125
700.325 2.3706029035012812
701.335 2.4705267326732674
702.346 2.300850642927794
703.365 1.3881138370951913
704.381 1.8311811023622047
705.385 1.778616151545364
706.393 1.5684935323383087
707.395 1.8605508982035928
708.415 1.995670588235294
709.425 1.6199603960396038
710.455 1.5738407766990292
711.466 2.1758100890207714
712.475 1.895619425173439
713.476 1.6267972027972029
714.485 1.9113022794846382
715.495 1.682487128712871
716.505 1.7138059405940593
717.506 2.2850109890109884
718.525 1.7719405351833497
719.526 1.8185494505494504
720.535 1.9293716551040634
721.545 2.0262653465346534
722.555 1.5505980198019802
723.565 2.0215624375624373
724.725 2.398606896551724
725.726 2.17568031968032
726.735 1.95991278493558
727.746 2.164985163204747
728.756 1.7286221335992025
729.765 1.9306560951437064
730.766 1.1972267732267732
731.775 1.605264618434093
732.787 1.8525974282888231
733.815 2.0871462450592886
734.816 1.3666333666333665
735.826 1.1052356435643564
736.835 0.6833221010901883
742.016 0.07540474811812391
743.025 5.477423191278493
744.026 0.5390449550449551
745.069 0.3923720930232558
746.116 0.29267621776504293
747.146 0.2656310679611651
748.156 0.2383841584158416
749.596 0.0988
771.696 0.0029712217194570135
772.732 0.43311196911196914
774.136 0.3171339031339031
775.196 0.44053584905660376
776.206 0.5108198019801979
777.306 0.5310690909090909
778.326 0.6651372549019607
779.363 0.5363625843780135
780.404 0.43067692307692307
781.416 0.3019762845849802
782.434 0.3332652259332024
783.446 0.2973517786561265
784.497 0.28114938154138913
785.526 0.3973177842565598
786.566 0.2525538461538462
787.576 0.22754851485148514
788.626 0.16361142857142857
789.797 0.26168403074295477
790.857 0.2481908396946565
791.946 0.2965436179981634
792.956 0.34674059405940594
793.977 0.25322624877571004
794.987 0.3575762376237624
796.027 0.2966297376093294
797.187 0.3429310344827586
798.207 0.35407058823529414
799.217 0.2570693069306931
800.227 0.3142336633663367
801.277 0.18095861405197305
802.897 0.07431111111111112
804.317 0.03082816901408451
805.597 0.0342
806.617 0.05364705882352941
807.637 0.13948235294117647
809.137 0.10015466666666667
810.217 0.1824
811.227 0.15169900990099008
812.287 0.1342188679245283
813.337 0.13264761904761904
815.397 0.03718834951456311
816.557 0.018868965517241376
878.861 0.00035130970724191066
880.021 0.04717241379310344
881.381 0.04828235294117647
882.781 0.02345142857142857
884.181 0.02345142857142857
886.461 0.014028070175438598
887.721 0.02605714285714286
888.741 0.021458823529411763
890.021 0.02565
912.913 0.000478070941813734
922.687 0.0011197053406998157
923.948 0.008678826328310863
925.069 0.058576271186440675
926.107 0.05271676300578034
927.548 0.04556835530881333
928.81 0.05203169572107766
930.308 0.02644058744993324
931.328 0.05364705882352941
932.748 0.046242253521126764
933.787 0.06326011560693642
937.718 0.005568048842533706
939.159 0.06835253296321998
940.899 0.08180229885057472
942.101 0.11836272878535774
943.179 0.16243413729128015
944.258 0.09128452270620946
945.554 0.07516666666666667
946.663 0.07901805054151625
947.715 0.11443346007604563
956.469 0.0037505140507196714
957.479 0.6998732673267327
958.609 1.6612540747842761
959.679 1.6608598130841121
960.68 2.0346693306693306
961.689 1.2560475718533202
962.69 1.7787732267732268
963.71 2.117383548067393
964.72 1.8533227722772276
965.729 1.9797343904856295
966.73 2.2258141858141856
967.731 1.915788211788212
968.75 2.1312237623762376
969.751 2.2961278721278724
970.771 2.2192627450980393
971.78 2.5089078295341927
972.781 2.7469170829170833
973.8 2.59047619047619
974.801 2.784007992007992
975.802 2.8016623376623375
976.81 3.2113333333333336
977.869 2.166836638338055
978.89 3.5718384236453202
979.891 2.960831168831169
980.9 2.9872428146679884
981.911 3.721266073194857
982.921 3.341700693756194
983.941 3.012796828543112
984.951 2.7400633663366336
985.96 2.899615460852329
986.961 2.6056663336663335
987.97 2.802719524281467
989.071 2.051080882352941
990.081 3.3144316831683165
991.082 2.346413586413586
992.09 3.3566587301587303
993.101 2.848909990108803
994.13 3.166952755905512
995.141 3.233250247279921
996.142 3.0511728271728273
997.161 3.3397055937193323
998.171 3.6772039603960396
999.182 3.631632367632368
1000.183 3.711928071928072
1001.191 3.9551190476190476
1002.192 3.003092907092907
1003.401 3.3458593879239045
1004.451 3.3765104761904765
1005.453 3.3366626746506984
1006.461 2.557785714285714
1007.462 3.5182417582417584
1008.481 2.9751913640824337
1009.491 2.9604039603960395
1010.492 2.795572427572427
1011.501 2.532170465807731
1012.502 3.203388611388611
1014.611 1.0775571360834522
1015.612 5.745766233766234
1016.614 3.16414371257485
1017.623 3.0320396432111
1018.631 2.687642857142857
1019.633 2.997572854291417
1020.641 2.955277777777778
1021.671 2.734500970873787
1022.821 2.9299547826086956
1023.822 2.940995004995005
1024.842 2.248532803180914
1025.843 2.532843156843157
1026.851 1.898777777777778
1027.921 2.6854429906542054
1028.931 2.221306930693069
1029.961 1.4777612524461838
1030.962 1.8494785214785214
1031.966 2.3326852589641436
1032.972 3.378719681908549
1033.981 2.9262636273538156
1034.992 2.0924515484515482
1036.191 2.6751893244370306
1037.202 2.8253056379821957
1038.21 1.424317775571003
1039.231 0.9861390793339863
1040.251 0.7238381046396841
1041.252 2.5344975024975027
1042.261 2.5104301288404365
1043.262 2.8644635364635365
1044.272 1.7074772277227723
1045.291 1.5680955223880597
1046.323 0.6573023255813955
1047.332 2.3319722497522295
1048.342 1.9226138613861385
1049.442 2.1690327272727274
1050.452 2.6222257425742574
1051.922 0.27275102040816324
1052.932 1.766209900990099
1054.122 1.4247999999999998
1055.132 1.9070732673267328
1056.142 1.465869306930693
1057.152 1.9504158415841586
1058.162 1.5424000000000002
1059.172 2.1996356435643563
1060.182 2.2658851485148515
1061.202 2.074772277227723
1062.242 1.6405692307692308
1063.244 2.304574850299401
1064.253 1.7353894945490584
1065.272 1.7470382728164868
1066.431 2.227421150278293
1067.432 2.4162077922077927
1068.433 1.552015984015984
1069.442 1.5946323092170467
1070.484 1.9572923076923077
1071.492 1.571611111111111
1072.502 1.6206653465346534
1073.512 1.961251485148515
1074.523 1.564154302670623
1075.562 2.1846467757459096
1076.702 2.5274877192982457
1077.704 3.179544910179641
1078.705 4.496735264735265
1079.792 3.61148114075437
1080.793 3.8865214785214786
1081.795 3.5010538922155687
1082.852 2.822107852412488
1083.853 3.773426573426573
1084.854 2.574281718281718
1085.863 3.1707036669970265
1086.883 3.1127137254901958
1087.884 2.873974025974026
1088.892 2.761349206349206
1089.893 2.9816503496503497
1090.903 3.1965148514851487
1091.913 2.195778217821782
1092.914 2.613002997002997
1093.915 2.4262777222777223
1094.933 2.2364557956777995
1095.943 1.4844831683168318
1097.153 1.4734333333333336
1098.173 1.4713719332679098
1099.193 1.027513725490196
1100.195 1.2888143712574849
1101.203 1.3245714285714287
1102.223 1.255580198019802
1103.423 1.2159666666666666
1104.428 2.3565782652043867
1105.443 1.5602837438423647
1106.453 1.3870891089108912
1107.484 1.4316275460717751
1108.493 2.207674925668979
1109.494 3.0943136863136864
1110.503 3.0137879088206145
1111.703 1.8724399999999999
1112.704 0.983976023976024
1113.733 0.8614810495626822
1114.773 0.35778461538461537
1115.783 0.39008316831683165
1116.793 0.8018376237623762
1117.794 1.140947052947053
1118.823 1.0663937007874016
1119.825 1.2001996007984033
1120.834 2.460868186323092
1121.933 2.592007279344859
1122.934 2.13014985014985
1123.944 1.1893280159521433
1126.323 0.10580580075662042
1127.453 0.06779469026548672
1128.484 0.11158058252427185
1129.485 0.5794525474525475
1130.493 0.684
1131.503 0.4323960396039604
1132.504 1.0277082917082916
1133.544 1.4391
1134.554 2.1913102081268585
1144.537 0.03103996794550736
1145.548 0.34674059405940594
1146.577 0.4573294460641399
1147.587 0.422590099009901
1148.618 0.3078331716779825
1149.638 0.35309019607843134
1150.678 0.41691050583657585
1151.898 0.6477114754098361
1152.908 0.9910019801980198
1153.909 0.7321638361638362
1155.07 1.0234832041343669
1156.078 1.0915238095238096
1157.079 1.3784855144855144
1158.088 1.3981050545094154
1159.158 1.0830803738317756
1160.269 1.0646912691269126
1161.29 0.9539823702252694
1162.298 0.36914285714285716
1163.328 0.23375533980582522
1164.629 0.050471944657955424
1165.648 0.3426418056918547
1166.658 0.7151524752475248
1167.698 0.24003076923076924
1168.848 0.5995408695652173
1169.858 0.6681188118811882
1170.91 0.48472243346007604
1171.928 0.9102475442043222
1172.939 0.6386706231454006
1173.949 0.30283564356435644
1175.11 0.12254263565891473
1176.118 0.6622857142857144
1177.128 0.9722772277227723
1178.129 1.2612187812187812
1179.319 0.8792134453781513
1180.329 1.2088079207920792
1181.339 1.057750495049505
1182.349 1.4628118811881188
1183.358 1.0419108027750248
1184.359 1.0044035964035964
1185.378 1.2458331697742886
1186.488 0.9004322200392927
1187.509 0.8253555337904015
1188.51 0.5051988011988012
1189.569 0.19635127478753542
1190.646 0.11177715877437326
1191.659 0.5077670286278381
1192.67 0.759137487636004
1193.671 1.0167752247752249
1194.699 0.7826303501945525
1195.709 0.6929663366336634
1196.859 0.9838608695652173
1197.899 0.9145923076923077
1198.909 1.0472158415841584
1199.91 1.4109010989010988
1201.021 1.4147974797479748
1202.059 1.296169556840077
1203.311 1.1921534772182252
1204.33 1.9976290480863594
1205.351 1.8028834476003919
1206.429 1.2552282003710575
1207.431 1.38711377245509
1208.439 1.1351428571428572
1209.449 1.18209900990099
1210.45 1.181298701298701
1211.64 1.148524369747899
1212.66 1.2768
1213.669 0.6363528245787908
1214.689 0.5150117647058824
1215.719 0.27625631067961165
1216.759 0.1999384615384615
1217.83 0.1328403361344538
1218.932 0.09931034482758622
1219.989 0.0931844843897824
1220.99 0.13119680319680319
1222.079 0.12059504132231404
1228.07 0.001826740110165248
1230.714 0.012553706505295007
1233.509 0.003226914817465999
1234.72 0.04518579686209744
1235.74 0.42959764474975465
1236.751 0.5072047477744808
1237.76 0.23502874132804755
1239.0 0.2533049180327869
1240.032 0.20148837209302328
1241.211 0.13923664122137402
1242.48 0.11547990543735225
1243.49 0.06501386138613861
1244.581 0.3965902841429881
1245.59 1.03204757185332
1246.62 0.7187650485436894
1247.621 0.6738061938061939
1248.671 0.6544838095238095
1249.73 0.9947195467422097
1250.74 1.0788356435643562
1251.771 0.797074684772066
1252.774 0.9437764471057883
1253.781 0.9698033763654418
1254.79 1.2243488602576806
1255.792 0.7234570858283433
1256.801 0.9002021803766105
1257.811 0.9860435643564357
1258.831 0.5764313725490195
1259.84 0.5748582755203172
1260.86 0.3580235294117647
1262.09 0.8256
1263.261 0.9086934244235696
1264.281 1.0850588235294116
1265.291 0.8355881188118812
1266.481 0.9031126050420167
1267.491 1.2352633663366337
1268.501 0.8966415841584159
1269.511 0.7321108910891089
1270.512 0.8746453546453548
1271.531 0.6939980372914621
1272.751 0.6139213114754098
1273.901 0.09516521739130436
1275.763 0.04704567436861903
1276.911 0.8516306620209059
1277.921 1.115920792079208
1278.922 1.0493986013986014
1280.081 0.8404762726488352
1281.141 1.044822641509434
1282.161 0.5042823529411765
1283.481 0.3432969696969697
1284.501 0.23791304347826087
1285.521 0.3755294117647059
1286.541 0.49277647058823526
1287.581 0.4735384615384616
1288.731 0.24839652173913043
1289.751 0.6115764705882353
1290.761 0.41822574257425743
1291.891 0.4725805309734514
1292.894 0.5346520438683947
1293.901 0.5671181727904667
1294.911 0.6393029702970296
1295.921 0.4377108910891089
1296.931 0.3684118811881188
1298.092 0.18852713178294575
1299.112 0.21030588235294118
1300.161 0.23262608695652173
1301.201 0.03156923076923077
1302.202 0.3742577422577423
1303.212 0.7819881188118812
1304.222 0.9025584158415841
1305.242 0.8219362549800797
1306.402 1.0181034482758622
1307.412 0.994209900990099
1308.421 0.7249078295341923
1309.432 0.8876439169139466
1310.452 0.2642823529411765
1311.492 0.17889230769230768
1312.552 0.648045283018868
1313.652 0.9809090909090908
1314.672 0.9227294117647059
1315.682 0.6690376237623762
1316.692 0.9488
1317.693 1.329902097902098
1318.702 1.459663032705649
1319.722 0.9128235294117647
1320.773 1.4100923076923078
1321.782 1.3850703666997026
1322.783 1.5962277722277722
1323.792 1.2887373637264619
1324.962 1.2881504273504274
1325.963 1.6399600399600398
1326.972 1.0398652130822599
1327.982 1.1594138613861387
1328.993 1.450215628090999
1330.003 1.8312237623762375
1331.023 1.568779324055666
1332.042 1.605738959764475
1333.043 2.0226173826173826
1334.052 1.2606937561942517
1335.066 1.3275266272189348
1336.273 0.5982009950248757
1337.283 1.0618930693069308
1338.303 1.1745803921568627
1339.304 1.650893106893107
1340.323 1.1916859666339548
1341.343 1.6952470588235293
1342.344 1.0042917082917082
1343.353 0.9870208126858276
1344.382 0.8614810495626822
1345.392 0.3972039603960396
1346.393 0.809046953046953
1347.403 0.7259881188118812
1348.423 0.7617882352941177
1349.542 0.32633422698838255
1350.553 0.4329970326409495
1351.573 0.7151524752475248
1352.583 0.8668514851485148
1353.623 0.5580153846153846
1354.634 0.9634183976261128
1355.648 0.8104694280078896
1356.663 0.9265338645418327
1357.664 0.6583016983016983
1358.673 0.553165510406343
1359.693 0.3755294117647059
1360.705 0.49745454545454537
1361.743 0.40319373776908024
1362.768 0.5552078048780488
1363.813 0.42603636363636366
1364.823 0.7151524752475248
1365.833 0.5684039603960396
1366.853 0.7592467789890981
1367.873 0.6266901960784315
1368.893 0.6327764705882353
1369.903 0.6908673267326734
1370.913 0.6865267326732674
1371.953 0.7303159960745829
1372.984 0.4474258001939864
1374.003 0.5477369970559373
1375.034 0.42642095053346263
1376.054 0.633035294117647
1377.067 0.581309381237525
1378.094 0.45822005842259006
1379.114 0.3420156862745098
1380.133 0.34367811579980373
1381.153 0.3004235294117647
1382.163 0.15410189810189812
1383.173 0.3142336633663367
1384.203 0.11687766990291261
1385.393 0.04598319327731093
1416.149 0.0003914683313824945
1418.85 0.016207330618289523
1420.067 0.026977814297452753
1421.429 0.024105726872246696
1422.868 0.02281584433634468
1424.406 0.01423146944083225
1425.509 0.029766092475067996
1427.028 0.014409479921000657
1428.846 0.018059405940594058
1430.226 0.03172173913043479
1436.585 0.00516307595533889
1438.127 0.14219974059662774
1439.446 0.033188779378316914
1440.526 0.04053333333333333
1441.685 0.03780310880829015
1442.807 0.06425048923679061
1447.41 0.009510319356941126
1448.511 0.07952043596730245
1449.869 0.10476583210603829
1451.089 0.06361967213114754
1452.127 0.11597687861271676
1453.268 0.08731914893617021
1457.131 0.04526223142635258
1464.147 0.02109350057012543
1465.157 0.39008316831683165
1466.211 0.4350740037950664
1467.226 0.5263605911330049
1468.247 0.4224407443682664
1469.436 0.4654936921783011
1470.447 0.4329970326409495
1471.457 0.2669227722772277
1472.496 0.1474648700673725
1473.517 0.1715024485798237
1474.527 0.17417821782178217
1475.537 0.3684118811881188
1476.557 0.3224235294117647
1477.607 0.3648
1478.617 0.3847049504950495
1479.628 0.6043996043521267
1480.837 0.48635235732009924
1481.857 0.5472
1482.877 0.6121254901960784
1483.888 0.7806607319485658
1484.997 0.5573597835888189
1486.008 0.677080118694362
1487.017 0.4051456888007929
1488.047 0.764357281553398
1489.057 0.8240475247524752
1490.068 0.859236399604352
1495.418 0.10737495327102804
1496.598 0.05564745762711864
1497.599 0.24052747252747253
1498.618 0.3544180569185476
1499.628 0.34674059405940594
1500.638 0.3575762376237624
1501.889 0.22317505995203835
1502.919 0.37188349514563107
1504.119 0.10922666666666667
1505.138 0.5554543670264965
1506.159 0.3001292850146915
1507.299 0.25084191829484903
1508.428 0.31070327723649244
1509.449 0.3430048971596474
1510.478 0.3297026239067055
1511.488 0.27760792079207924
1512.489 0.36079120879120885
1513.519 0.27703300970873784
1514.549 0.36125825242718446
1515.569 0.2879372549019608
1516.589 0.3648
1517.619 0.2791456310679612
1518.679 0.16673962264150946
1519.689 0.3684118811881188
1520.719 0.24620582524271845
1521.739 0.266078431372549
1522.8 0.247555136663525
1523.819 0.35230618253189405
1524.98 0.06598449612403101
1525.999 0.3318271119842829
1527.029 0.27472621359223304
1528.039 0.2756910891089109
1529.049 0.3684118811881188
1530.069 0.28217468105986265
1531.199 0.2400070796460177
1532.36 0.258838931955211
1533.379 0.3432384690873405
1534.389 0.3575762376237624
1535.55 0.21043927648578814
1536.559 0.3376808721506442
1537.809 0.28927359999999996
1538.829 0.3648
1539.94 0.16535013501350138
1540.949 0.3656610505450941
1542.02 0.28611764705882353
1543.029 0.2878969276511397
1544.2 0.2118736122971819
1545.389 0.33167367535744324
1546.39 0.36079120879120885
1547.399 0.2750842418235877
1548.42 0.27670127326150834
1549.45 0.36125825242718446
1550.48 0.27111456310679616
1551.5 0.2787607843137255
1552.519 0.3544180569185476
1553.52 0.17611988011988014
1554.55 0.36125825242718446
1555.77 0.24386229508196722
1556.9 0.12590442477876107
1559.681 0.07083495145631068
1564.182 0.04516329704510109
1565.201 0.5369970559371934
1569.112 0.007490667348504218
1570.131 0.4618174681059863
1571.242 0.3291665166516652
1572.272 0.44626019417475726
1573.291 0.5262571148184495
1574.302 0.47097922848664686
1575.342 0.6313846153846153
1576.352 0.5520237623762376
1577.362 0.6501148514851485
1578.402 0.5165538461538463
1579.412 0.8456633663366336
1580.632 0.5487147540983607
1581.783 0.866015638575152
1582.792 0.7694192269573836
1583.832 0.45982307692307695
1584.902 0.21045233644859812
1585.912 0.15169900990099008
1586.922 0.16253465346534654
1588.082 0.10827586206896551
1589.092 0.16253465346534654
1592.755 0.06267212667212667
1594.092 0.2446133133881825
1595.132 0.16836923076923077
1596.172 0.2209846153846154
1597.192 0.2896941176470588
1598.213 0.29574142997061703
1599.232 0.5341195219123506
1600.242 0.3841821782178218
1601.262 0.5199215686274509
1602.292 0.49748349514563106
1603.323 0.20168380213385062
1604.332 0.7678889990089197
1605.343 0.9293214638971317
1606.352 0.7126660059464817
1607.523 0.854264730999146
1608.533 0.943809900990099
1609.712 0.7524318766066838
1610.722 1.170249504950495
1611.723 0.6153606393606393
1612.733 0.7228435643564356
1613.753 0.7185960784313725
1614.773 0.8323668993020938
1615.783 0.8472871287128714
1616.793 0.8441821782178217
1617.803 0.6147326732673267
1618.823 0.673043137254902
1619.843 0.7697211155378486
1620.853 0.6875643564356436
1621.863 0.6384316831683168
1623.103 0.581774193548387
1624.183 0.5970888888888889
1625.193 0.8967603960396039
1626.203 0.843120792079208
1627.213 0.9603722772277228
1628.223 1.0879841584158416
1629.383 0.8361862068965518
1630.384 1.4101898101898103
1631.393 1.4610901883052527
1632.553 1.2821241379310346
1633.733 1.3020949152542374
1634.753 1.4414117647058824
1635.774 1.4788873653281098
1637.264 1.395302013422819
1638.266 2.482379241516966
1639.274 2.5104761904761905
1640.275 1.9224535464535466
1641.284 2.088428146679881
1642.293 1.9805351833498512
1643.294 1.8545054945054944
1644.304 1.8462811881188117
1645.305 2.350609390609391
1646.314 2.3692765113974232
1647.315 2.5294065934065935
1648.324 1.9483528245787909
1649.334 2.817267326732673
1650.335 2.1886753246753248
1651.344 2.4514093161546087
1652.354 2.4007920792079207
1653.355 2.6895344655344653
1654.364 2.124566897918731
1655.394 2.022931237721022
1656.524 2.2315681415929203
1657.705 2.4998950042337
1658.746 2.6442420749279543
1659.754 2.6274285714285712
1660.774 1.8977063492063493
1661.784 1.8652910891089107
1662.794 1.8009346534653465
1663.804 1.8962376237623761
1664.814 1.2594455445544555
1665.974 1.1009878260869566
1666.984 1.0835643564356436
1667.994 1.289441584158416
1669.004 0.9726970297029703
1670.005 1.585294705294705
1671.094 0.7508952734012975
1672.114 0.7188705882352942
1673.264 0.41872695652173914
1674.274 1.2677702970297031
1675.286 1.3100790513833993
1676.308 1.6379334637964775
1677.314 1.6970815109343937
1678.315 1.5542857142857143
1679.316 1.572763236763237
1680.334 1.2075599214145385
1681.354 1.087764705882353
1682.494 1.215964912280702
1683.535 1.2894140249759847
1684.536 1.3178181818181818
1685.645 1.3427087466185752
1686.655 1.7553742574257427
1687.656 1.3831608391608392
1688.664 1.9
1689.665 1.53576023976024
1690.675 1.2992000000000001
1691.715 1.7442703777335986
1692.726 1.3002176063303659
1693.735 1.1231000991080278
1694.736 1.5962277722277722
1695.815 1.2199592215013901
1696.835 1.753217910447761
1698.055 1.2927081967213114
1699.065 1.3219485148514853
1700.085 1.3411764705882354
1701.095 1.0779564356435642
1702.115 1.4859544103072349
1703.125 1.1075009900990098
1704.135 1.2801821782178218
1705.166 1.3436818622696414
1706.185 1.707650637880275
1707.267 1.5040079920079918
1708.385 1.3905903398926656
1709.386 1.7274245754245754
1710.395 1.4428384539147672
1711.406 2.197459940652819
1712.426 1.4593254901960784
1713.454 1.8062490272373541
1714.455 2.438073926073926
1715.456 1.907196803196803
1716.472 2.4990236220472446
1717.476 2.3396733067729083
1718.477 2.186613386613386
1719.487 1.2946455445544554
1720.496 1.5401863230921704
1721.506 1.5250930693069307
1722.508 2.173508982035928
1723.526 1.373155206286837
1724.527 1.661826173826174
1725.536 1.252321110009911
1726.537 1.9023536463536466
1727.545 1.5013888888888889
1728.546 1.661826173826174
1729.566 1.3495843137254901
1730.576 1.3436198019801981
1731.586 0.9173702970297031
1732.596 1.148578217821782
1733.606 1.2677702970297031
1734.616 0.8316577114427861
1735.626 0.9643722772277228
1736.646 0.6008470588235294
1737.676 0.3924815533980582
1738.686 0.4009188118811881
1739.716 0.3099375
1740.746 0.24438058252427186
1741.856 0.1478918918918919
1758.569 0.0078578352180937
1763.397 0.3272195526097763
1764.398 0.6596603396603397
1765.407 0.7961228939544103
1766.587 0.7992135593220339
1767.588 1.1952847152847155
1768.596 1.0426349206349208
1769.787 1.2840436607892527
1770.797 1.7781386138613862
1771.807 1.4628118811881188
1772.817 1.9177980198019802
1773.827 1.7426613861386138
1774.847 1.6817019607843138
1775.907 1.2954339622641509
1776.918 1.7161780415430268
1777.927 1.827
1778.928 1.7892907092907093
1779.937 1.7565589692765113
1781.007 1.645158878504673
1782.008 1.8063376623376621
1783.237 1.6347078925956062
1784.247 1.8095524752475247
1785.257 1.5128158415841584
1786.267 1.565758415841584
1787.277 1.4348118811881188
1788.448 1.6226814688300597
1789.457 1.8655777998017837
1790.458 1.412995004995005
1791.459 1.6072567432567433
1792.467 1.986857142857143
1793.468 1.5827772227772228
1794.598 1.5222017699115045
1795.607 1.8655777998017837
1796.609 1.6474011976047906
1797.617 2.2582857142857145
1798.618 1.4372027972027974
1799.628 1.4019643564356434
1800.658 1.3456621359223302
1801.667 1.6920356788899902
1802.907 1.1232451612903227
1803.916 1.9523488602576808
1804.918 1.6992654690618763
1805.928 1.8420594059405941
1806.93 1.344814371257485
1807.938 1.9977142857142858
1808.948 1.7288633663366335
1809.949 1.6555124875124874
1810.968 1.9844440039643212
1811.978 1.9554455445544554
1812.998 1.8790588235294117
1813.999 2.427140859140859
1815.008 1.886493557978196
1816.028 2.1150445986124877
1817.029 1.8593006993006993
1818.038 2.3319722497522295
1819.049 2.1442930693069306
1820.058 2.7115956392467786
1822.093 0.5885375494071147
1823.098 2.400891542288557
1824.265 2.4151225364181665
1825.469 2.664584717607973
1826.479 2.8389386138613864
1827.489 2.2849236868186322
1828.499 2.4517544554455446
1829.509 2.201815659068384
1830.51 1.1574265734265734
1831.519 1.876424182358771
1832.528 1.541515873015873
1833.529 1.7711568431568432
1834.539 1.2277544554455446
1835.719 2.400589830508475
1836.75 2.4667086614173224
1837.778 0.869543859649123
1838.798 0.5686588235294118
1839.892 0.49017915904936016
1841.901 0.06524240915878546
1842.918 2.479575221238938
1843.938 0.5364705882352941
1844.978 0.37883076923076925
1846.168 0.21152268907563024
1851.259 0.025796110783736004
1852.329 0.12273644859813083
1853.359 0.2656310679611651
1854.389 0.43563495145631065
1855.43 0.1826628242074928
1856.45 0.1287529411764706
1857.519 0.16380168381665108
1858.529 0.8091405940594059
1859.599 0.6460934579439253
1860.68 0.5978760407030527
1861.681 0.8930029970029969
1862.819 0.7656731107205624
1863.826 0.8593366434955312
1864.899 0.6940242311276794
1866.069 0.4544205128205129
1867.082 0.9831233958538994
1868.097 0.9743999999999999
1869.1 1.0412043868394814
1870.261 1.0559793281653747
1871.269 1.2737222222222222
1872.27 0.7762477522477522
1873.289 0.674143277723258
1874.299 0.9535366336633664
1875.3 0.8130029970029969
1876.31 1.3310257425742575
1877.5 1.0246252100840336
1878.889 1.0526594672426206
1879.899 0.6501386138613862
1880.91 0.8292067260138476
1881.959 0.37956069364161854
1882.979 0.26823529411764707
1883.989 0.19504158415841583
1885.339 0.07296
1886.46 0.09436574487065119
1934.526 0.0015938085132942204
1935.596 0.29661308411214954
1936.826 0.407219512195122
1937.827 0.8759080919080919
1939.126 0.8455815602836879
1940.136 1.1568554455445543
1941.137 0.8064655344655345
1942.146 1.116408325074331
1943.156 0.6888633663366337
1944.166 0.8967445544554455
1945.176 0.8459009900990099
1946.186 1.2006257425742575
1947.187 1.0988531468531468
1948.206 1.1256918547595682
1949.236 0.5597946692991116
1951.356 0.2632754716981132
1952.376 0.20385882352941176
1953.466 0.224851376146789
1954.486 0.2575058823529412
1955.496 0.6176316831683168
1956.516 0.5698684985279685
1957.517 0.3713726273726274
1958.538 0.472
1959.556 0.5923222003929274
1960.566 0.5808633663366337
1961.586 0.6581960784313726
1962.587 0.7883236763236763
1963.597 0.6648237623762376
1964.697 0.84248
1965.707 1.5012277227722772
1966.787 1.1904962962962964
1967.789 1.549125748502994
1968.797 1.1656349206349208
1970.056 0.3563971405877681
1971.058 0.666251497005988
1972.067 0.4862874132804757
1973.217 0.7448904347826086
1974.227 1.0530693069306931
1975.248 1.3976101860920667
1976.267 0.942852652259332
1977.287 1.3466196078431372
1978.637 0.7061629629629629
1979.827 1.0376201680672268
1980.997 0.7884581196581197
1982.017 0.6437647058823529
1983.027 0.5417821782178218
1984.047 0.3006588235294118
1985.057 0.4009188118811881
1986.947 0.023161904761904762
1988.997 0.8794575609756098
1990.067 0.03068411214953271
1991.084 0.6026194690265487
1992.09 0.649789264413519
1993.097 0.49476861966236346
1994.257 0.7769103448275863
1995.264 1.3395590863952334
1996.377 1.0893800539083558
1997.588 1.3946094137076797
1998.597 1.5031992071357778
1999.607 1.482851485148515
2000.608 1.2174545454545453
2001.618 1.345188118811881
2002.627 1.1843330029732408
2003.637 1.2786059405940593
2004.638 1.039928071928072
2005.639 1.128799200799201
2006.739 0.9369818181818182
2007.748 1.1931020812685826
2008.768 0.8414666666666667
2009.958 1.2102453781512605
2010.959 2.25186013986014
2011.96 2.112047952047952
2013.058 1.623832422586521
2014.068 1.9411168316831684
2015.083 2.165982266009852
2016.099 1.5164094488188975
2017.108 1.4243012884043607
2018.118 1.2537029702970295
2019.138 0.8418504486540379
2020.298 0.9284758620689655
2021.308 1.961251485148515
2022.318 0.7824396039603961
2023.328 0.9318653465346535
2024.338 0.7770772277227722
2025.348 1.0510574257425742
2026.358 0.8141069306930694
2027.838 0.7690378378378379
2029.093 0.04360159362549801
2030.128 0.8851710144927537
2031.338 1.5631338842975206
2032.349 2.060763600395648
2033.358 1.9553934588701685
2034.64 2.199756630265211
2035.641 2.4837482517482514
2036.649 2.3898015873015876
2037.659 2.3320554455445546
2038.698 2.1579668938656282
2039.889 1.4382267002518894
2040.89 3.5641798201798203
2041.899 3.150073339940535
2042.908 1.9957343904856293
2044.108 1.6581199999999998
2045.122 1.6728994082840236
2046.128 1.5556580516898608
2047.129 1.8914205794205792
2048.14 3.453151335311573
2049.4 2.733826173826174
2050.409 2.0428225966303275
2051.428 1.61099116781158
2052.429 1.1821698301698302
2053.629 1.5442466666666668
2054.63 1.2354365634365634
2055.639 0.4772408325074331
2056.65 0.5520712166172106
2057.679 0.40454474708171206
2058.699 0.2921568627450981
2059.779 0.43573333333333336
2060.789 0.28172673267326737
2061.799 0.6826455445544554
2062.809 0.5959603960396039
2063.829 0.4827450980392157
2064.862 0.4069197651663405
2065.869 0.33690566037735853
2066.969 0.2288290909090909
2067.989 0.1824
2068.999 0.34674059405940594
2070.229 0.3643081967213115
2071.23 0.7762477522477522
2072.249 0.5762119725220806
2073.269 0.6652235294117647
2074.27 1.037946053946054
2075.283 1.4565844027640673
2076.291 1.2309444444444444
2077.3 0.97198017839445
2078.301 0.9131428571428571
2079.31 0.9093835480673935
2080.32 0.8979405940594058
2081.321 0.9831528471528471
2082.33 1.1621248761149652
2083.341 1.072007912957468
2084.342 1.6907012987012988
2085.56 1.1345155993431855
2086.57 1.1160712871287128
2087.571 0.8646953046953046
2088.581 1.1474930693069307
2089.59 1.5462755203171457
2090.6 1.7325508982035929
2091.61 1.5191207920792078
2092.841 1.3366953696181965
2094.06 1.6822838392124693
2095.071 2.1325103857566763
2096.08 1.1741526263627355
2097.09 1.614510891089109
2098.101 0.8750148367952523
2099.11 1.05209910802775
2100.141 0.4820795344325897
2101.15 0.7809395441030723
2102.16 0.5201108910891089
2104.153 0.06576618163572504
