0.0 1.8254178217821782
1.005 2.6499980099502487
2.01 0.9757611940298508
3.021 1.7600158259149359
4.141 1.3828142857142858
5.143 2.7185149700598803
6.151 2.191293650793651
7.152 2.5496423576423575
8.153 2.354285714285714
9.161 3.1920714285714284
10.261 2.430261187214612
11.262 2.440303696303696
12.271 1.617110009910803
13.272 2.3325794205794206
14.281 1.8507829534192268
15.291 1.3111128712871287
16.301 1.3237702970297032
17.311 1.3516039603960397
18.441 1.2874690265486726
19.465 1.5708125
20.471 1.4926600397614314
21.481 1.3538851485148515
22.491 1.1598732673267327
23.521 1.4344077669902913
24.651 0.5260460176991151
25.661 1.614510891089109
26.681 1.0587764705882352
27.701 1.0514823529411765
28.711 0.8774415841584158
29.712 2.0226173826173826
30.721 1.2723805748265609
31.722 1.7933746253746252
32.723 2.134857142857143
33.731 1.6032936507936508
34.732 1.9023536463536466
35.741 1.3912388503468782
36.761 1.7231372549019608
37.762 1.820043956043956
38.771 1.9241783944499504
39.781 1.3991524752475248
40.801 1.4189306930693069
41.812 1.953962413452028
42.882 1.763603738317757
43.883 2.4152007992007993
44.891 1.5493253968253968
45.911 2.084241823587711
46.912 2.196267732267732
48.112 2.5376333333333334
49.152 2.7051615384615384
50.153 2.9956603396603394
51.162 2.2754727452923684
52.163 2.274989010989011
53.172 1.7647809712586722
54.173 2.055416583416583
55.182 1.547591674925669
56.192 1.8758882235528944
57.193 1.5505534465534465
58.282 1.4274527089072544
59.283 1.4431648351648354
60.782 0.9755250166777852
62.632 0.07088804759329367
63.642 4.21180198019802
64.652 1.5335683168316832
65.662 1.4508673267326733
66.672 2.008118811881188
67.842 1.662994871794872
68.942 1.6679345454545456
69.943 1.9023536463536466
70.952 1.5821129831516354
71.953 1.5436083916083916
72.973 1.4592
73.992 1.3210363101079492
75.005 1.504781836130306
76.012 1.5753247269116186
77.013 1.9351528471528474
78.143 1.285717352415027
79.152 1.6594965312190288
80.202 1.1226514285714286
81.203 1.9023536463536466
82.212 1.755528245787909
83.232 2.0174271555996035
84.233 1.4721838161838163
85.243 1.863730693069307
86.252 1.6444479682854314
87.253 1.9460859140859141
88.263 1.596348514851485
89.273 2.03710099009901
90.283 1.6749069306930693
91.284 1.553022977022977
92.293 2.0065807730426166
93.303 1.571824351297405
94.313 2.253813861386139
95.314 1.6686993006993007
96.323 1.664380574826561
97.334 2.164985163204747
98.343 1.9242021803766107
99.344 2.2084795204795205
100.353 1.6423468780971258
101.354 1.5976823176823178
102.363 1.769157581764123
103.373 2.221306930693069
104.374 1.793822177822178
105.383 1.7669692765113973
106.393 1.8103524752475249
107.473 2.0676148148148146
108.493 2.138857142857143
109.494 1.7079080919080918
110.503 2.136737363726462
111.504 1.9820499500499498
112.544 1.9210692307692305
113.563 2.4729752229930626
114.564 2.127136863136863
115.565 2.0140499500499502
116.574 2.012765113974232
117.583 2.18012289395441
118.594 2.0277886340977065
119.603 1.4859544103072349
120.614 0.7134243323442138
121.633 1.0202944062806671
122.644 1.3314658753709199
123.733 1.4866716417910448
124.734 1.3557002997002996
125.746 1.5356205533596836
126.753 1.3150188679245283
127.754 0.8685394605394605
128.874 1.8297214285714285
129.897 2.171683284457478
130.904 1.506152929493545
131.933 2.2477589893100096
132.934 2.055416583416583
133.964 1.2875294117647058
134.965 1.6287152847152848
135.966 2.3943416583416584
136.974 1.4758333333333333
137.984 1.8312237623762375
139.014 1.2338823529411767
140.024 0.8586376237623763
141.065 1.208991354466859
142.084 1.3760628683693517
143.095 0.7159010880316519
144.194 1.6205808823529413
145.344 1.3787965217391305
146.354 1.6856158415841584
147.364 2.2350099009900988
148.374 1.8877148514851485
149.504 1.3743150442477876
150.544 1.7565153846153847
151.545 2.186613386613386
152.555 2.0074534653465346
153.556 1.6464175824175826
154.564 1.9977142857142858
155.634 1.5482990654205608
156.644 1.9504158415841586
157.647 2.062229312063809
158.654 1.6865143992055613
159.864 2.06377276524645
160.865 2.5255384615384613
161.866 1.9365514485514488
163.265 0.8178298784846318
164.274 1.2039484638255697
165.284 1.1052356435643564
166.54 0.6605031847133759
167.854 0.27484931506849314
171.265 0.7981002638522428
172.275 0.9535366336633664
173.335 0.9588
174.345 2.0154297029702968
175.365 1.05998431372549
176.394 0.6806763848396501
177.445 0.406104662226451
178.465 0.4260862745098039
179.475 0.5959603960396039
180.495 0.4935529411764706
181.505 0.4334257425742574
182.535 0.19125436893203884
183.565 0.1934135922330097
184.737 0.11183617747440273
185.775 2.1972536162005785
186.776 1.903992007992008
187.777 1.7751608391608393
188.785 1.0393333333333332
189.786 1.385974025974026
190.796 1.1065267326732673
191.805 1.2113696729435086
193.045 0.9933612903225808
194.096 1.0961217887725974
195.113 1.1729557522123895
196.115 0.7317844311377245
197.125 0.6531816367265468
198.167 0.7772130518234166
199.175 1.758857142857143
200.176 1.984711288711289
201.177 1.9244115884115884
202.205 1.6376637168141592
203.366 2.020713178294574
204.367 2.242165834165834
205.546 1.8485631891433418
206.666 2.307946380697051
207.676 2.2659168316831684
208.677 2.9847272727272727
209.678 2.7015704295704297
210.696 2.6683929273084477
211.697 2.1975464535464533
212.718 2.1325103857566763
213.726 1.9030634920634921
214.736 2.3946772277227724
215.756 1.572541176470588
216.782 2.2613333333333334
217.786 1.8156972111553784
218.796 1.6578534653465347
219.806 1.7537346534653466
220.807 1.7216543456543456
221.808 2.1975464535464533
222.817 1.8592687312687313
223.826 1.6288602576808722
224.846 1.8561882352941177
225.856 1.2353663366336634
226.866 1.3002772277227723
227.886 1.126105894105894
228.946 0.644822641509434
229.966 0.5042823529411765
230.976 1.2569346534653467
231.986 0.854780198019802
233.016 0.7517958783120706
234.018 0.6090299401197604
235.036 0.4192691552062868
236.226 0.9264201680672268
237.229 1.8348713858424726
238.236 1.5846991062562066
239.256 0.7832470588235294
240.257 1.0092867132867132
241.526 0.7713790386130812
242.527 0.8965114885114885
243.547 1.180235294117647
244.567 0.677443137254902
247.462 0.04529094678645473
248.498 1.2311984435797665
249.553 0.2800834123222749
250.607 0.18689943074003795
309.545 0.00037137330754352036
310.579 0.4868704061895551
311.598 0.2555289499509323
312.716 0.09788908765652951
313.953 0.8070542510121457
315.259 0.9467932618683002
316.359 0.9439927272727272
317.369 0.9531643564356436
318.56 1.00975986565911
319.569 1.109653121902874
320.589 0.7840470588235293
321.619 0.8390834951456311
322.639 0.6437647058823529
323.64 0.6033646353646354
324.649 1.40400396432111
325.65 1.4705534465534464
326.659 1.8577522299306246
327.799 1.176021052631579
328.85 1.6538610846812558
329.851 2.400487512487513
330.86 2.1018275520317147
331.869 2.0948424182358774
332.87 1.7158921078921077
333.917 1.819797516714422
334.98 2.1506980244590785
335.982 2.700263473053892
336.99 2.3562460317460316
338.006 2.81140157480315
339.009 2.177914257228315
340.069 1.1563471698113208
342.873 0.15611982881597716
343.94 0.2920262417994377
344.95 1.5585188118811881
345.951 1.9556763236763235
346.97 2.1665947006869475
348.19 2.543577208918249
349.54 2.211940740740741
350.541 2.935144855144855
351.551 2.927112871287129
352.56 2.988281466798811
353.562 3.133972055888224
354.57 2.5900476190476196
355.572 2.467313373253493
356.69 2.132751341681574
357.811 2.1355860838537017
358.812 1.9994165834165831
359.82 1.9641031746031747
360.83 1.780491089108911
361.95 1.93035
362.951 2.3943416583416584
363.961 1.9034138613861387
364.98 2.2016879293424925
365.99 1.5380831683168317
367.009 1.6324710500490678
368.021 1.3193359683794468
369.03 1.6269573835480673
370.04 0.8458534653465347
371.05 1.0293861386138614
372.061 1.0067181008902075
373.071 1.2645227722772276
374.11 1.6623797468354429
375.15 0.40428461538461535
376.331 0.2224013547840813
377.351 1.212423529411765
378.36 0.7375540138751239
379.361 1.2193886113886114
380.37 0.9002497522299306
381.371 1.005842157842158
382.372 1.4863536463536464
383.381 1.453193260654113
384.43 0.528695652173913
385.46 0.5312621359223302
386.48 0.43990588235294115
387.5 0.0643764705882353
388.501 0.48899100899100906
389.721 1.2495788604459124
390.731 1.9179089108910892
391.741 1.4661148514851485
392.751 1.885988118811881
393.761 1.6526178217821783
394.962 1.579718120805369
395.971 1.8473102081268582
396.982 1.8819703264094956
397.991 1.424253716551041
398.992 1.7281918081918082
400.021 1.6454985250737464
401.031 1.1810851485148515
402.043 1.2056205533596838
403.061 1.184400785854617
404.062 1.5328591408591408
405.072 0.8117482517482517
406.091 0.5780490677134446
407.121 0.6587650485436893
408.127 0.5813757455268389
409.141 0.5720236686390532
410.161 0.7739282868525896
411.202 0.6483227665706052
412.203 1.2354365634365634
413.211 1.4861904761904763
414.222 1.2639446092977251
415.254 1.5538274509803922
416.262 1.272690476190476
417.401 0.8599964881474977
418.412 1.1149673590504452
419.422 0.8270019801980198
420.423 1.380963036963037
421.431 1.4272222222222222
422.452 1.5113653281096964
423.461 1.481157581764123
424.472 1.2712640949554894
425.473 1.3144535464535467
426.483 1.5061544554455446
427.492 0.9833974231912784
428.512 1.3304470588235293
429.522 1.3544554455445545
430.542 0.7448508946322068
431.552 1.441140594059406
432.563 1.5451711177052423
433.572 1.1047215064420217
434.662 0.9423706422018348
435.712 1.3447009523809523
436.752 1.199630769230769
437.772 0.4087921568627451
438.812 0.17889230769230768
440.032 0.13455737704918033
441.072 0.05261538461538461
443.292 0.00985945945945946
446.482 0.017153605015673982
449.742 0.04699877300613497
450.842 0.11938909090909092
451.978 0.06743661971830986
453.002 0.171
454.292 0.10977984496124032
455.293 0.34985814185814185
456.302 0.46165312190287416
457.552 0.44391680000000006
458.553 0.6725834165834166
459.563 0.7649663366336633
460.573 0.7168237623762376
461.582 0.7722735381565906
462.583 1.114117882117882
463.584 1.2835244755244755
464.586 1.3000638722554891
465.724 1.1562460456942003
466.725 1.9052867132867133
467.733 1.5636031746031749
468.863 1.5218714285714288
469.873 1.8695366336633663
470.874 1.9632847152847153
471.884 1.7387722772277228
472.885 1.6733426573426573
473.914 2.2724074436826642
474.924 1.5497821782178218
476.113 1.494183347350715
477.133 1.2231529411764706
478.137 1.260406374501992
479.203 1.199294559099437
480.204 1.814889110889111
481.213 0.6724440039643211
483.224 0.2340089507707608
484.245 1.8089089128305582
485.254 1.561974231912785
486.424 1.3570324786324788
487.834 1.4800397163120569
488.844 1.9466138613861383
489.854 1.9027247524752475
490.865 1.8938635014836795
491.923 1.7699810964083176
493.003 1.6260222222222223
494.014 1.5183541048466864
495.034 1.4977647058823529
496.035 1.8476883116883116
497.044 1.534089197224975
498.045 1.6727592407592409
499.074 1.05266472303207
500.084 2.058772277227723
501.094 1.4449029702970297
502.095 1.814889110889111
503.164 1.5285837231057062
504.174 2.1021148514851484
505.184 1.226669306930693
506.194 1.8420594059405941
507.204 1.3193346534653465
508.205 1.7055584415584415
509.214 1.17193260654113
510.234 1.6795247524752477
511.244 1.3406732673267328
512.245 1.304807192807193
513.246 1.3338341658341657
514.264 0.9956620825147346
515.265 1.069114885114885
516.434 1.1833977758768177
517.584 1.2755130434782609
518.587 1.7600877367896313
519.605 1.709186640471513
520.745 1.4179368421052632
521.746 1.581202797202797
522.855 1.861742110009017
523.856 1.8476883116883116
524.865 1.555219028741328
525.874 1.5426600594648168
526.875 1.4045554445554447
528.034 1.6957169974115616
529.095 1.6348199811498587
530.194 1.5596505914467698
531.205 1.4190069238377843
532.207 1.3549860279441117
533.325 1.6113846153846154
534.345 1.9634823529411767
535.346 1.353038961038961
536.354 1.2070873015873016
537.355 1.7274245754245754
538.356 1.4291868131868133
539.365 1.7919920713577797
540.366 1.7820899100899101
541.375 0.7787591674925669
542.425 0.5315657142857143
543.434 0.5748582755203172
544.445 0.8226943620178041
545.475 0.6375145631067961
546.794 0.15202426080363912
548.505 0.0448
549.545 1.8444692307692307
550.555 1.415279207920792
551.556 1.9485634365634366
552.585 1.341418853255588
553.595 1.7084277227722773
554.605 1.359627722772277
555.608 1.2045623130608176
556.635 1.6026352015732546
557.636 2.3144775224775227
558.646 2.489821782178218
559.655 2.0530822596630327
560.665 2.249156435643564
561.676 3.131533399800598
562.686 2.6655683168316835
563.696 2.5724435643564356
564.705 1.7298553022794847
565.706 2.776999000999001
566.715 2.3796923076923076
567.716 2.5967872127872127
568.718 2.946986027944112
569.719 2.7007472527472527
570.721 2.739576846307385
571.736 3.420187812187812
572.746 2.228348514851485
573.767 3.013390793339863
574.776 2.201404761904762
575.786 2.297156435643564
576.866 1.4088366533864543
577.876 1.7553742574257427
578.886 1.576839603960396
579.887 2.17568031968032
580.906 0.9511050049067713
581.926 1.9620717131474101
582.927 1.925946053946054
583.928 2.591136863136863
585.017 2.3171129476584023
586.018 3.441046953046953
587.027 3.267163528245788
588.028 3.7082197802197805
589.036 3.2117857142857145
590.037 3.0579740259740262
591.046 3.9589296333002975
592.056 2.6062257742257744
593.057 2.4693706293706295
594.066 2.0493399405351833
595.068 2.1452774451097802
596.076 2.1316111111111113
597.077 2.0555684315684313
598.296 2.3191258278145694
599.297 2.733266733266733
600.306 1.2206461843409315
601.317 1.028367952522255
602.327 0.7693306930693069
603.356 0.6062274052478134
604.587 0.35561332250203087
605.608 0.645281096963761
606.626 0.23651080550098233
607.63 0.28341035856573704
608.666 0.5810038610038609
610.347 0.4295348007138608
611.367 1.076486274509804
612.37 1.2657068793619142
613.377 1.082550148957299
614.387 1.4303049504950496
615.388 0.9369590409590409
616.437 1.0210486177311726
617.447 0.8776871287128714
618.477 0.7650174757281554
619.587 0.10822342342342342
620.607 0.2467764705882353
622.332 0.11419826086956521
623.375 1.7395129434324066
624.377 1.731441117764471
625.387 1.3003722772277229
626.398 1.7672640949554896
627.407 1.3821684836471755
628.457 1.4370590476190475
629.477 1.996484126984127
630.478 2.0005034965034967
631.479 1.8163756243756242
632.489 1.743160396039604
633.507 1.8345854616895876
634.528 1.766751491053678
635.537 1.592721506442022
636.538 1.7632607392607391
637.608 1.6818168224299066
638.609 1.8039560439560438
639.627 0.8777539682539683
640.647 0.3755294117647059
641.657 0.3792475247524753
642.958 0.11776787086856264
644.649 0.012943820224719101
645.657 1.2244206349206348
646.697 1.1156
647.717 1.0729411764705883
648.718 0.77806993006993
649.737 0.9451148184494602
650.857 0.7352928571428571
651.863 0.5874512922465209
652.868 0.5009194029850746
653.877 0.6073974231912784
654.888 0.6973056379821959
655.889 0.5903856143856144
656.897 0.39130952380952383
657.948 0.35403996194100856
658.969 0.23581586679725758
660.007 0.305757225433526
661.028 0.34352987267384916
662.038 0.5309465346534654
663.048 0.3062336633663367
664.138 0.36879266055045873
665.198 0.40265660377358486
666.258 0.18584150943396227
667.268 0.12718415841584157
683.338 0.005448164281269446
684.418 0.3588814814814815
685.508 0.5691743119266055
686.528 0.5686588235294118
687.548 0.8266666666666667
688.557 0.6011258671952427
689.558 0.8120519480519481
690.568 1.0338772277227721
691.668 1.0890545454545453
692.669 1.6442837162837163
693.688 1.334711198428291
694.918 1.3902018047579983
695.928 1.1039445544554454
696.938 0.9535366336633664
698.038 0.37532363636363636
699.039 1.396875124875125
700.198 0.8340052219321149
701.238 0.6734769230769231
702.249 0.09742433234421366
703.318 0.05492984097287184
704.328 0.3250693069306931
705.579 0.3965211830535571
707.038 0.5626703221384509
708.058 0.9343748773307163
709.068 0.2684910891089109
710.069 0.8134185814185815
711.078 0.7153617443012883
712.09 1.0058814229249011
713.119 0.8295743440233236
714.132 0.48627048371174725
715.138 1.0236739562624255
716.139 1.0728151848151848
717.149 1.3202851485148515
718.158 1.1982794846382558
719.228 1.3757682242990654
720.238 1.9801980198019802
721.239 2.6567352647352642
722.25 2.190116716122651
723.299 2.0542993326978074
724.331 1.336186046511628
725.332 1.734897102897103
726.339 1.9212393247269117
727.34 1.9863496503496505
728.35 1.933069306930693
729.351 1.9035124875124874
730.53 1.8457465753424658
731.54 2.741417821782178
732.541 2.3052467532467533
733.589 1.9764885496183207
734.59 2.613002997002997
735.611 1.879252485089463
736.619 2.28
737.629 1.9088237623762376
738.63 1.9524555444555445
739.631 2.350609390609391
740.659 1.7241138370951916
741.67 2.059624134520277
742.739 2.2328306828811972
743.74 2.099148851148851
744.741 1.9684715284715286
745.759 2.273252725470763
746.87 2.1113087308730876
747.879 1.9306560951437064
748.889 1.4939247524752475
749.934 1.8222545454545453
750.939 1.132167330677291
751.96 0.546664054848188
753.025 0.18496901408450706
754.031 0.44602783300198806
755.039 0.47771428571428576
756.08 0.3046770428015564
757.1 0.2575058823529412
758.139 0.231730510105871
759.15 0.33557270029673586
760.179 0.6651661807580175
761.2 0.6527236580516899
762.689 0.34958226997985226
763.71 0.7503232125367286
764.72 0.605980198019802
765.73 0.9427009900990099
766.739 0.779567888999009
767.74 0.9183776223776223
768.76 0.46719999999999995
770.78 0.08668514851485148
771.83 1.4750704761904763
772.91 1.1804222222222223
773.942 1.9789302325581397
775.07 1.4649520426287745
776.071 1.859076923076923
777.08 1.8381684836471754
778.09 1.2827009900990098
779.1 1.6705267326732673
780.101 1.711216783216783
781.11 1.6390168483647176
782.291 1.7242497861420016
783.471 1.920922033898305
784.57 1.8496087352138308
785.591 1.636662095984329
786.67 1.793201112140871
787.671 1.9097062937062939
788.871 1.8309266666666668
789.872 2.186613386613386
790.881 1.6585768087215065
791.882 1.2952887112887113
793.02 1.5373848857644992
794.021 1.9570189810189809
795.022 1.547956043956044
796.03 1.5806111111111112
797.031 1.9023536463536466
798.051 1.5365878848063557
799.06 1.4105609514370665
800.061 1.661826173826174
801.071 1.5947801980198018
802.08 1.8113458870168484
803.101 1.310868447082097
804.11 1.3666442021803766
805.281 1.105065755764304
806.291 1.7120316831683169
807.312 1.9294025465230165
808.321 1.2793736372646185
809.331 1.8312237623762375
810.351 1.5526117647058824
811.361 1.9179089108910892
812.561 1.5204933333333333
813.571 1.7011960396039605
814.572 1.7820899100899101
815.591 1.5689892051030423
816.601 2.0804435643564356
817.611 1.4725623762376236
818.612 1.8476883116883116
819.621 1.4242061446977206
820.631 1.6470178217821783
821.641 1.2406574257425742
822.651 1.2569346534653467
823.671 1.0273492063492062
824.681 1.4086336633663366
825.682 0.9148691308691309
826.871 1.0506442388561816
827.881 1.018550495049505
828.901 1.2072669322709164
829.911 1.5169900990099012
830.912 0.5925514485514486
831.922 1.766209900990099
832.932 1.5541148514851486
833.952 1.6483086053412461
834.953 2.0489590409590406
835.954 2.5935984015984017
836.962 2.004952380952381
838.081 1.824893655049151
839.282 2.3110541215653617
840.662 2.3963072463768116
841.783 2.7646101694915255
842.862 2.5864763670064876
843.992 2.6603185840707964
844.993 3.104991008991009
845.995 2.69861876247505
847.002 3.2925600794438927
848.005 3.36461814556331
849.092 2.136139834406624
850.222 2.4940106194690266
851.233 2.6737566765578635
852.242 2.248317145688801
853.243 2.7283516483516483
854.432 2.44309503784693
855.433 1.9277602397602398
856.442 2.040451932606541
857.443 2.020755244755245
858.444 2.0826933066933067
859.473 1.92664047151277
860.483 1.900261386138614
861.484 2.0641438561438563
862.573 1.9096345270890724
863.743 1.9569162393162396
864.753 2.3946772277227724
865.762 1.6345371655104064
867.523 0.07443043725156161
868.533 4.892087128712871
869.558 2.029065088757396
870.573 1.789856157635468
873.202 0.06516546215290986
874.203 5.242845154845155
875.213 1.8528950495049505
876.222 1.5477740336967294
877.223 2.0663496503496503
878.233 1.555390099009901
879.242 1.5678017839444995
880.253 2.0799044776119406
881.254 1.4262057942057942
882.413 1.682643658326143
883.423 2.0804435643564356
884.623 1.7634333333333334
885.633 2.058772277227723
886.643 1.7324118811881186
887.654 1.7536379821958459
888.663 1.623603567888999
889.673 1.863730693069307
890.683 1.4162554890219559
891.684 1.9351528471528474
892.694 1.6024554455445545
893.833 1.5619174714661983
894.843 2.1129504950495046
895.993 1.7525982608695652
896.994 1.814889110889111
898.183 1.9892970212765961
899.184 2.613002997002997
900.194 1.7097742574257424
901.243 0.9180857959961869
902.244 0.8855784215784216
903.273 1.7067866927592956
904.333 1.0324528301886793
905.365 0.8059534883720931
906.584 1.2038195242001641
907.593 1.1171774033696729
908.614 1.1727717923604308
909.623 1.4534152626362735
910.624 0.9826173826173827
911.633 1.138870168483647
912.833 1.0443266666666666
913.834 1.6071608391608392
914.853 0.93398233562316
915.854 1.475964035964036
916.873 0.914630029440628
917.883 1.148578217821782
918.884 1.0277082917082916
919.924 0.6333461538461538
920.933 1.0412527254707633
922.033 0.695650909090909
923.043 0.8560158415841584
924.054 0.9850682492581603
925.056 0.7077285429141716
926.064 1.2702857142857142
927.084 0.9028862745098039
928.497 0.09322332859174964
929.504 3.1559840954274354
930.505 1.0595324675324675
931.514 0.975571853320119
932.576 0.7623352165725047
933.704 0.7249902395740905
934.724 0.6866823529411764
935.734 0.6934811881188119
936.744 0.6298138613861385
937.764 0.5364705882352941
938.784 0.3169176470588236
939.794 0.6067960396039603
940.824 0.5100116504854368
941.854 0.3034796116504854
942.874 0.2467764705882353
943.877 0.9117367896311067
944.885 1.3924920634920632
945.894 1.3580654112983153
947.035 1.0561122807017542
948.045 1.518542574257426
949.275 1.344780487804878
950.276 1.7495144855144855
951.285 1.3668662041625372
952.286 1.7036163836163838
953.295 1.3890426164519327
954.296 1.624135864135864
955.304 1.7805079365079366
956.315 1.6027220573689416
957.316 1.4983336663336664
958.325 1.6452091179385528
959.345 1.6959762140733399
960.535 1.4210890756302523
961.735 1.3828533333333333
962.875 1.5205263157894737
964.015 1.606463157894737
965.025 2.03710099009901
966.026 1.5338901098901099
967.035 1.9740416253716553
968.036 1.25799000999001
969.045 1.4208761149653122
970.055 1.3436198019801981
971.085 0.9448077669902912
972.095 1.148578217821782
973.096 1.1925034965034964
974.105 0.9525550049554015
975.125 1.180235294117647
976.138 0.8778361303060217
977.335 1.01915455304929
978.336 1.2463696303696303
979.346 1.0539722772277227
980.356 1.2786059405940593
981.365 1.0462398414271556
982.376 1.1735944609297726
983.377 1.372843156843157
984.555 0.9752461799660441
985.636 1.3217537313432837
987.016 1.168921739130435
988.025 1.2581803766105053
989.026 1.2643196803196803
990.035 1.6486501486620417
991.036 1.261874125874126
992.056 1.231349019607843
993.065 1.4534152626362735
994.066 1.1576663336663335
995.067 1.7055584415584415
996.076 1.148455896927651
997.246 1.1041709401709403
998.257 1.2556913946587538
999.266 1.1523805748265608
1000.565 0.9356918335901386
1001.576 0.8277168494516451
1006.933 0.10623259286914317
1007.983 0.48467809523809524
1008.984 0.9806273726273728
1010.013 1.4765636540330416
1011.193 1.4812677966101695
1012.203 1.9474772277227723
1013.403 1.2985333333333333
1014.413 1.119318811881188
1015.415 0.8658043912175649
1016.463 1.28112213740458
1017.473 1.4194693069306932
1018.483 0.9244990099009901
1019.488 1.1325134328358208
1020.663 0.8352953191489363
1021.683 1.2875294117647058
1022.703 0.747435294117647
1023.704 1.2463696303696303
1024.713 1.3449514370664024
1025.733 1.2030117647058822
1026.743 1.571168316831683
1027.744 1.124011988011988
1028.753 1.507647175421209
1029.754 1.1324195804195805
1030.774 1.4377411764705883
1031.783 1.174493557978196
1032.863 1.4239850187265917
1033.873 1.7011960396039605
1034.884 1.2207161226508407
1036.044 1.3889586206896551
1037.284 1.5363806451612905
1038.294 1.9242534653465346
1039.295 1.9168271728271729
1040.304 2.120816650148662
1041.313 2.0901407333994055
1042.314 1.976991008991009
1043.325 1.9268367952522256
1044.334 2.0382715559960354
1045.335 1.9417702297702297
1046.494 1.6615081967213114
1047.503 1.6321506442021803
1048.504 1.8258221778221777
1049.955 0.09033218470020675
1050.964 4.186822596630328
1051.965 2.0663496503496503
1052.984 1.7203140333660452
1053.985 2.295944055944056
1054.994 1.8570782953419227
1055.995 1.70626973026973
1057.004 2.0085714285714285
1058.006 1.252
1059.014 1.7805714285714287
1060.034 1.2693882352941177
1061.054 1.1587764705882353
1062.064 0.5851247524752475
1063.094 0.3400077669902912
1064.114 0.3362378592666006
1065.484 0.24763795620437956
1066.534 0.26081982840800766
1067.554 0.11802352941176472
1068.604 0.10422857142857143
1069.614 0.2708910891089109
1070.644 0.3825087378640777
1071.704 0.20941886792452832
1072.725 0.24653476983349656
1073.744 0.2899784102060844
1074.784 0.5631378640776699
1075.804 0.558964705882353
1076.834 0.27436893203883495
1077.864 0.40375922330097086
1078.885 0.535945151811949
1079.904 0.6983389494549059
1080.914 0.6600316831683167
1081.975 0.5842865221489161
1082.995 0.7725176470588235
1084.007 0.7683399209486167
1085.015 0.5243492063492065
1086.055 0.5261538461538462
1087.075 0.38625882352941177
1088.104 0.31209329446064143
1089.125 0.2894103819784525
1090.141 0.3167425149700599
1091.295 0.4544887348353553
1092.315 0.2575058823529412
1093.338 0.39582404692082107
1094.345 0.6546256206554122
1095.355 0.6900831683168317
1096.635 0.22640625
1097.755 0.2053833780160858
1098.766 0.5489851632047478
1099.775 0.5428424182358771
1100.785 0.4265149700598802
1101.815 0.4224621359223301
1113.083 0.0029137380191693292
1114.093 0.1788910891089109
1115.094 0.36079120879120885
1116.163 0.42840785781103835
1117.255 0.6065714285714285
1118.314 0.9675769593956562
1119.324 1.1993663366336633
1120.464 1.2122596491228073
1121.465 1.419036963036963
1122.484 1.444836113837095
1123.544 1.4350415094339624
1124.594 1.4940342857142859
1125.595 1.955204795204795
1126.774 1.551050042408821
1127.775 1.6995004995004994
1128.825 1.9991085714285715
1129.944 1.9462325581395348
1131.114 1.9182222222222223
1132.684 1.4613656050955415
1133.697 1.126105894105894
1134.704 1.9659185700099304
1135.705 2.013610389610389
1136.714 2.0666402378592665
1137.715 2.0312327672327672
1138.975 1.701664
1140.044 2.102420954162769
1141.164 1.9993285714285713
1142.324 1.9691931034482757
1143.364 1.814553846153846
1144.374 1.8818455445544553
1145.375 1.9132867132867135
1146.404 0.60444703595724
1147.415 1.3964154302670622
1148.464 1.356049571020019
1149.465 1.7383576423576423
1150.595 1.154378761061947
1151.634 1.2639846005774784
1152.765 1.297266136162688
1153.775 1.2690267591674926
1154.784 1.180455896927651
1155.804 0.9656470588235294
1156.81 0.7873558648111332
1157.815 0.8753830845771144
1158.835 0.8671764705882352
1159.844 0.9327333994053518
1160.894 1.1508114285714286
1161.923 1.3533476144109056
1162.924 1.2036123876123876
1163.925 1.3884995004995004
1164.945 1.056478431372549
1166.005 1.2889811320754718
1167.016 1.7752878338278932
1168.025 0.8581248761149654
1169.035 1.1377425742574259
1170.055 1.3774905847373637
1171.065 0.8296792079207921
1172.066 1.2026373626373628
1173.205 0.824828797190518
1174.817 0.08131017369727046
1175.825 2.792920634920635
1176.995 0.9478495726495727
1178.005 1.1919207920792079
1179.015 0.9393425742574258
1180.035 0.9549176470588235
1181.075 0.6219307692307692
1182.085 0.6393029702970296
1183.135 0.4278933333333333
1184.142 0.8476981132075472
1185.155 0.7886594274432378
1186.175 0.7403968253968254
1187.185 0.7476594059405941
1188.196 0.7025519287833828
1189.205 0.8460178394449951
1190.235 0.8083728155339805
1191.315 0.9038814814814815
1192.325 1.0835643564356436
1193.335 0.7216712871287129
1194.355 1.3626352941176472
1195.365 0.7742970297029703
1196.383 0.7134774066797643
1197.385 1.1359041916167665
1198.435 0.6252723809523809
1199.455 0.39698823529411764
1200.465 0.6067960396039603
1201.475 0.3998811881188119
1202.486 0.5412462908011868
1203.515 0.35097376093294463
1204.785 0.2370771653543307
1205.825 0.29464615384615384
1206.835 0.28172673267326737
1207.875 0.284123076923077
1209.145 0.27014354066985646
1210.185 0.2736
1211.215 0.2550058252427184
1212.256 0.2733371757925072
1213.306 0.28141714285714287
1214.526 0.4211803278688525
1215.536 0.49843960396039605
1216.546 0.369029702970297
1217.556 0.5201108910891089
1218.557 0.40222177822177824
1219.626 0.32205051449953226
1220.646 0.6118745098039217
1221.666 0.6418666666666667
1222.697 0.6010630455868089
1223.706 0.6109811694747275
1224.716 0.5620514851485149
1225.717 0.4993006993006993
1226.726 0.3769514370664024
1227.757 0.5519767216294859
1228.786 0.32197473275024296
1229.796 0.3055154536390827
1230.806 0.2123009900990099
1231.826 0.2467764705882353
1232.846 0.20385882352941176
1233.889 0.1386385426653883
1234.896 0.16350597609561754
1238.957 0.032275794139374536
1239.967 0.7542178217821783
1240.986 0.2255387634936212
1242.016 0.12553009708737864
1243.036 0.26823529411764707
1244.047 0.3883125618199802
1245.256 0.416153078202995
1246.287 0.25475848690591657
1247.307 0.3062666666666667
1248.337 0.40375922330097086
1249.376 0.29004042348411935
1250.487 0.33777857785778576
1251.497 0.48589306930693066
1252.502 0.634881592039801
1253.507 0.7847004975124378
1254.738 0.6081169780666126
1255.747 0.7324638255698711
1256.767 0.6560235294117647
1257.787 0.6855686274509804
1258.807 0.6774117647058824
1259.808 1.0287152847152847
1260.997 0.8791455004205214
1262.027 0.9942679611650485
1263.028 1.169838161838162
1264.037 0.8817998017839446
1265.038 0.8881678321678322
1266.047 1.077645193260654
1267.048 1.1093946053946053
1268.057 0.9818037661050545
1269.059 1.3543473053892214
1270.068 1.0896095143706641
1271.238 1.1131076923076924
1272.247 1.4523845391476708
1273.287 1.2913692307692308
1274.298 1.7211632047477745
1275.299 1.386253746253746
1276.338 1.4221597690086623
1277.34 1.8895329341317366
1278.539 1.404650542118432
1279.547 0.47203968253968254
1280.602 1.2722047393364928
1281.978 1.1251337209302326
1282.979 1.6399600399600398
1283.98 1.618093906093906
1284.998 1.2206836935166994
1286.005 1.5758490566037735
1287.008 1.2962233300099701
1288.019 1.5587893175074186
1289.038 1.4069322865554466
1290.039 1.1231648351648353
1292.448 0.50426899128269
1293.628 2.114677966101695
1294.638 1.5603326732673266
1295.708 1.224889719626168
1296.719 1.5912640949554897
1297.739 1.6416
1298.748 1.1984539147670963
1299.893 0.11447336244541485
1300.898 2.658212935323383
1301.921 1.1173802541544477
1302.929 1.530857142857143
1303.939 1.2386613861386138
1304.94 1.1917042957042958
1305.958 0.8181218074656189
1306.968 0.899358415841584
1307.969 0.8677002997002997
1308.988 0.8680274779195288
1310.019 0.7430455868089234
1311.02 0.5658501498501498
1312.028 0.8251428571428571
1313.048 0.5366039215686275
1314.058 0.9245429141716567
1315.08 0.9866066536203522
1316.088 1.1245317460317459
1317.089 0.9662497502497503
1318.1 1.187339268051434
1319.338 1.1032487644151565
1320.34 1.2090379241516966
1321.349 1.3816610505450941
1322.379 0.5436582524271846
1323.409 1.1647766990291262
1324.528 1.1467739052725647
1325.629 1.1261980018165303
1326.639 0.8776871287128714
1327.64 1.0306573426573427
1328.648 1.1366746031746031
1329.66 1.068687747035573
1330.669 0.9643607532210109
1331.679 1.0591524752475248
1332.699 1.1910745098039217
1333.7 1.1643956043956043
1334.709 1.2173875123885034
1335.71 1.2655664335664334
1336.809 1.568793448589627
1337.819 1.9829227722772276
1338.82 1.107036963036963
1339.83 1.4858455445544556
1340.87 1.3995692307692307
1341.876 1.0616779324055665
1342.889 1.760979269496545
1343.89 1.4052747252747255
1344.899 1.8330386521308226
1345.907 1.3245714285714287
1346.939 0.9080543689320388
1347.95 0.7360949554896142
1348.959 0.7809395441030723
1349.969 0.7201435692921236
1350.979 0.8126732673267326
1351.989 0.5959603960396039
1353.009 0.6437647058823529
1354.02 0.5515410484668645
1355.05 0.7417838899803536
1356.07 0.8368941176470588
1357.08 0.7059801980198019
1358.09 0.8379247524752474
1359.091 0.9985854145854146
1360.109 1.1036414342629481
1361.11 1.2682357642357642
1362.13 0.8013882352941176
1363.131 1.3003476523476525
1364.15 1.229919528949951
1365.17 1.4098790882061445
1366.18 1.2375128712871286
1367.19 1.4537584158415842
1368.191 1.07414985014985
1369.21 1.2603650637880277
1370.23 1.6920356788899902
1371.24 1.4086336633663366
1372.25 1.3449346534653466
1373.26 1.8312237623762375
1374.27 1.0632237623762375
1375.28 1.690360396039604
1376.34 1.145524528301887
1377.341 1.465030969030969
1378.351 1.0034534653465346
1379.36 1.3124122893954413
1380.361 1.002957042957043
1381.37 0.6290901883052527
1382.38 0.8343445544554455
1383.381 1.1036243756243758
1384.43 1.2486482364156337
1385.45 1.0954846382556986
1386.451 1.0305614385614386
1387.46 1.605264618434093
1388.461 1.456007992007992
1389.47 1.1122378592666007
1390.491 1.3080478087649403
1391.492 0.8284355644355644
1392.498 1.6970815109343937
1393.501 1.0164227318045862
1394.511 1.4628118811881188
1395.531 1.278780198019802
1396.54 1.3969316154608524
1397.57 0.7118912621359224
1398.59 0.5042823529411765
1399.6 0.7608475247524752
1400.611 1.4198802395209582
1401.62 0.948408325074331
1402.621 1.0823736263736263
1403.651 0.9426563106796116
1404.662 0.9046726013847676
1405.681 0.7547537091988131
1406.691 1.0077148514851484
1407.701 0.789481188118812
1408.71 0.6260535183349851
1409.711 0.5193126873126873
1410.921 0.6536819317235637
1411.922 0.9777102897102897
1412.991 0.7604340505144995
1413.992 1.4757162837162838
1415.102 1.0433513513513513
1416.121 0.65441592039801
1417.142 0.6965014691478942
1418.15 0.7057142857142856
1419.171 0.5046033300685602
1420.266 0.11970045662100456
1421.421 1.1625974025974026
1422.423 1.463568862275449
1423.432 1.083139742319128
1424.442 1.3050455445544555
1425.533 1.1204252978918423
1426.542 1.2185609514370666
1427.552 1.2104237623762377
1428.553 1.4312087912087912
1429.561 1.0096190476190476
1430.571 0.8235089108910891
1431.582 0.6429357072205737
1432.591 0.8134786917740336
1433.592 1.118913086913087
1434.618 1.290346978557505
1435.622 1.194788844621514
1436.631 1.323258671952428
1437.635 1.1609800796812748
1438.642 1.1436107249255212
1439.652 1.3761267326732671
1440.653 1.179004995004995
1441.672 1.530936211972522
1442.692 0.9763764705882353
1443.722 0.32938252427184467
1444.744 1.2378786692759296
1445.762 0.8891170108161259
1446.783 1.0716676557863503
1447.792 0.8948820614469772
1448.793 1.5415624375624375
1449.802 1.3417641228939543
1450.812 1.573980198019802
1451.852 1.5315460717749756
1452.853 2.110081918081918
1453.863 1.466938613861386
1454.872 1.3511040634291378
1455.873 1.0167752247752249
1457.072 0.7915771526001705
1458.102 0.4887611650485437
1459.104 0.6990179640718563
1460.112 0.608
1461.132 0.5565803921568627
1462.151 0.8720318725099602
1463.152 0.8418461538461538
1464.182 0.723968932038835
1465.183 1.0747652347652348
1466.184 1.5276643356643356
1467.203 1.283940417080437
1468.423 1.2016065573770494
1469.463 1.4333384615384617
1470.464 1.2602037962037962
1471.483 1.5098724239450443
1472.503 1.4581019607843138
1473.513 1.3067405940594061
1474.523 1.2400633663366336
1475.533 1.6036752475247524
1476.543 1.1449504950495049
1477.963 0.8552619718309858
1478.973 0.8235089108910891
1479.974 1.0622977022977023
1480.983 1.3991833498513377
1481.993 1.1144871287128713
1482.994 1.2280679320679322
1484.063 1.2733695042095416
1485.083 1.5950666666666666
1486.093 1.5673742574257428
1487.103 1.3060752475247526
1488.113 0.9101940594059406
1489.123 0.7158257425742575
1490.124 1.978885114885115
1491.125 1.6018221778221777
1492.133 1.839952380952381
1493.144 1.492763600395648
1494.145 1.2573026973026973
1495.154 1.0449157581764124
1496.155 1.5756003996003995
1497.164 1.6654192269573835
1498.254 1.9861858736059481
1499.255 2.241278721278721
1500.264 1.4545728444003965
1501.273 1.2256412289395442
1502.373 1.0096581818181818
1503.393 0.9871058823529412
1504.403 0.6718099009900991
1506.154 0.23125528269560253
1507.164 0.8041029702970298
1508.165 1.3447672327672326
1509.173 0.609579365079365
1510.183 0.8126732673267326
1511.344 0.5805133505598621
1512.363 0.7947556427870461
1513.373 1.1674613861386138
1514.384 1.015620178041543
1515.404 0.997835294117647
1516.413 0.6864459861248761
1517.414 1.4103656343656346
1518.424 1.5316118811881188
1519.434 1.8256871287128713
1520.454 1.4398039215686274
1521.464 1.6036752475247524
1522.474 0.9359920792079208
1523.484 1.2244277227722773
1524.504 1.2435396825396827
1525.505 1.2054585414585417
1526.514 1.1605629335976215
1527.524 1.1059643564356436
1528.525 1.048759240759241
1529.894 1.5464535464535467
1531.014 1.0730428571428574
1532.015 1.0495744255744255
1533.074 0.8496090651558074
1534.104 0.9456466019417477
1535.114 0.6176316831683168
1536.644 0.15736470588235296
1537.664 0.2829725490196079
1538.694 0.23375533980582522
1539.784 0.1405651376146789
1540.844 0.1548679245283019
1541.914 0.16364859813084112
1549.106 0.018224694104560624
1550.114 0.8228957298907646
1551.154 0.18941538461538462
1552.194 0.2120846153846154
1553.214 0.35407058823529414
1554.404 0.2611361344537815
1555.414 0.2383841584158416
1556.474 0.299411320754717
1557.475 0.34260139860139865
1558.494 0.3866378802747792
1559.505 0.31825123639960434
1560.525 0.28945882352941177
1561.804 0.3867146207974981
1562.814 0.42300891972249755
1563.825 0.2958180019782393
1564.874 0.375580552907531
1565.875 0.5221738261738262
1566.885 0.8264475247524752
1567.889 1.0431713147410357
1568.975 0.7874401473296502
1569.976 1.184031968031968
1571.199 0.9185609157808667
1572.275 0.845112558139535
1573.445 0.8332581196581197
1574.455 1.307809900990099
1575.465 1.132190099009901
1576.675 0.9597818181818182
1577.836 1.1522825150732128
1579.045 1.1673382961124896
1580.175 1.1773309734513275
1581.176 1.3338341658341657
1582.195 1.0233169774288517
1583.206 1.264917903066271
1584.215 1.3797819623389496
1585.235 1.253207843137255
1586.246 1.4999723046488627
1587.256 1.7165386138613863
1588.326 1.8679028037383176
1589.327 2.1975464535464533
1590.337 1.541267326732673
1591.346 1.6704380574826563
1592.356 2.0454415841584157
1593.357 1.7935664335664336
1594.375 1.7522671905697444
1595.376 1.8586213786213786
1596.396 1.3988392156862743
1597.406 1.3477861386138614
1598.415 1.1534271555996036
1599.426 1.4613649851632047
1600.436 1.0656871287128713
1601.606 1.13551452991453
1602.616 1.6036752475247524
1603.636 1.1726745098039215
1604.646 1.2569346534653467
1605.666 0.7796313725490196
1606.667 1.275220779220779
1607.696 1.2773177842565597
1608.846 1.1404521739130433
1609.847 1.3119680319680318
1610.856 1.1833181367690784
1611.877 1.4577708129285016
1612.886 1.3064047619047618
1614.046 1.0882827586206898
1615.056 1.3436198019801981
1616.066 1.0077148514851484
1617.077 0.6719762611275965
1618.086 0.3362378592666006
1619.326 0.18534193548387098
1620.336 0.8235089108910891
1621.356 0.4935529411764706
1622.366 0.37230891089108914
1623.376 0.6501386138613862
1624.386 0.7584950495049506
1625.406 0.5158274509803922
1626.437 0.668741028128031
1627.446 0.5854588701684835
1628.466 0.5042823529411765
1629.476 0.46593267326732674
1630.496 0.5257411764705883
1631.537 0.43604995196926033
1632.556 0.5369970559371934
1633.576 0.4417176470588235
1634.577 0.5466533466533465
1635.606 0.47771428571428576
1636.626 0.23505882352941176
1637.646 0.38625882352941177
1638.676 0.39313398058252425
1639.7 0.265140625
1640.736 0.38625882352941177
1641.737 0.4154565434565435
1642.767 0.3821825242718447
1643.837 0.4128598130841121
1645.047 0.41564297520661164
1646.087 0.4630153846153846
1647.107 0.3005019607843137
1648.117 0.49138217821782176
1649.187 0.5314841121495327
1650.197 0.6435960396039605
1651.207 0.5869544554455446
1652.227 0.48327058823529406
1653.747 0.30006842105263165
1654.757 0.4550970297029703
1655.777 0.41862745098039217
1656.917 0.33651929824561405
1658.207 0.22535813953488373
1659.227 0.4077176470588235
1660.248 0.3437649363369245
1661.267 0.3815034347399411
1662.277 0.4334257425742574
1663.317 0.34224615384615387
1664.328 0.3743461918892186
1665.337 0.4038691774033697
1666.447 0.44814492753623186
1667.467 0.5067607843137255
1668.537 0.48829158878504675
1669.657 0.4849214285714286
1670.668 0.5148011869436202
1671.9 0.5781688311688311
1672.905 0.591379104477612
1673.907 0.6770219560878243
1674.918 0.719406528189911
1675.923 0.7536238805970149
1677.108 0.5223223628691983
1678.118 0.7814019801980198
1679.128 1.0103287128712872
1680.138 0.9097346534653465
1681.148 0.7676831683168317
1682.278 0.6994397859054415
1683.288 0.6826455445544554
1684.298 0.6677465346534653
1685.318 0.5826352941176471
1686.578 0.48835555555555554
1687.598 0.6759529411764706
1688.618 0.5786117647058824
1689.638 0.4720941176470589
1690.648 0.23120792079207922
1691.658 0.6934811881188119
1692.678 0.4863137254901961
1693.828 0.5705043478260869
1694.879 0.9271931493815414
1695.88 1.3286473526473526
1696.888 1.4913333333333332
1697.89 1.3284475524475525
1698.898 1.1488333333333334
1699.91 1.2753471810089019
1700.919 1.4086977205153615
1702.029 1.1786882882882883
1703.03 1.465030969030969
1704.031 1.32214985014985
1705.038 1.0614975173783516
1706.239 0.9024146544546212
1707.248 1.7245748265609513
1708.258 1.0726422200198218
1709.269 1.2556913946587538
1710.278 0.49082259663032707
1711.368 0.41165504587155965
1712.369 0.5794525474525475
1713.378 0.9772289395441033
1714.379 1.1231488511488512
1715.38 1.3157642357642356
1716.579 1.0113094245204337
1717.589 1.1269069306930695
1718.609 0.953
1719.779 0.7170666666666666
1720.799 0.6974117647058823
1721.819 0.6636470588235295
1722.829 0.6393029702970296
1724.029 0.7632592592592592
1725.049 1.1265882352941174
1726.059 0.5195643564356436
1727.069 0.5201108910891089
1728.119 0.4586057142857143
1729.309 0.29761344537815126
1730.319 0.46593267326732674
1731.4 0.12125069380203515
1732.409 1.2501328047571854
1733.419 0.8698138613861386
1734.42 1.1390689310689313
1735.529 0.9567466185752931
1736.53 0.7996403596403596
1737.539 0.873213082259663
1738.54 1.065062937062937
1739.549 0.9077581764122893
1740.749 0.7770866666666667
1741.76 1.0098832838773493
1742.859 1.115530482256597
1743.869 1.5061544554455446
1744.87 1.2544335664335666
1745.872 1.2140119760479042
1746.88 1.257373015873016
1747.892 1.2936126482213437
1749.1 1.316268434134217
1750.31 1.2574214876033059
1751.5 1.2787697478991595
1753.1 0.93161
1754.11 1.4303049504950496
1755.13 0.9961019607843138
1756.139 1.4642616451932606
1757.14 1.0156643356643356
1758.32 1.1043457627118645
1759.33 1.5494970297029704
1760.34 1.2122534653465344
1761.52 1.2447457627118643
1762.65 1.3268389380530974
1763.75 0.6265818181818182
1764.881 0.7450822281167109
1765.89 0.7871000991080278
1766.9 1.0944
1767.904 0.8823027888446215
1768.92 1.2171968503937007
1769.93 0.9196990099009901
1770.941 1.3314658753709199
1771.95 0.9482576808721507
1772.96 1.3111128712871287
1773.961 1.0451548451548451
1775.111 1.0393947826086956
1776.113 1.50725748502994
1777.281 1.30513698630137
1778.29 1.681189296333003
1779.301 1.2754658753709198
1780.311 1.7553742574257427
1781.312 1.337158841158841
1782.351 1.3781020211742059
1783.36 1.5510327056491575
1784.54 0.5862915254237288
1785.63 0.41165504587155965
1786.8 0.21513846153846153
1787.905 0.3474678733031674
1788.93 0.4591141463414634
1789.96 0.4993864077669903
1790.99 0.3580893203883495
1792.026 0.41198455598455597
1794.182 0.06079406307977737
1797.061 0.27446560111188323
1798.071 0.8615445544554455
1799.081 0.5644673267326733
1800.091 0.7105663366336634
1801.101 0.3547881188118812
1802.102 0.7672807192807193
1803.291 0.644445199660153
1804.402 0.7944194419441944
1805.521 0.8442109025915996
1806.522 0.8639360639360639
1807.531 0.8568642220019822
1808.541 0.5156039603960396
1809.551 0.7368237623762376
1810.601 0.3648
1811.701 0.2453890909090909
1812.711 0.8560158415841584
1813.722 0.8340731948565776
1814.731 0.7739147670961348
1815.812 0.6859722479185939
1816.871 1.167773371104816
1817.872 1.805202797202797
1818.892 2.3744206349206345
1819.923 1.6758331716779826
1820.972 2.109898758357211
1821.973 2.404203796203796
1822.974 2.1564835164835165
1823.992 2.4669394240317777
1824.995 2.614468594217348
1826.003 1.7991190476190477
1827.012 1.727047619047619
1828.022 1.961251485148515
1829.023 1.6643596403596403
1830.032 2.2069217046580776
1831.033 1.8804875124875124
1832.042 1.6954608523290386
1833.043 2.036731268731269
1834.062 1.748
1835.072 1.3297108910891087
1836.283 2.2088852188274153
1837.482 2.488120100083403
1838.722 2.109367741935484
1839.723 1.8320719280719282
1840.782 1.4817677053824365
1841.802 1.9527529411764706
1842.803 1.8617062937062938
1843.812 2.060812685827552
1844.817 1.6528238805970148
1845.822 1.8776437810945275
1846.832 2.1562930693069307
1847.835 1.899676969092722
1848.842 1.8505104270109234
1849.843 2.3615424575424577
1850.854 1.7044352126607318
1851.862 2.2072222222222218
1853.013 2.0780052128583835
1854.014 2.241278721278721
1855.023 2.019234886025768
1856.142 2.1763574620196606
1857.153 2.3057091988130565
1858.163 1.8101940594059407
1859.173 2.0154297029702968
1860.183 1.5764457711442785
1861.212 2.1909271137026236
1862.213 1.591096903096903
1863.232 1.673279685966634
1864.233 2.1428811188811188
1865.253 1.9738498023715414
1866.254 3.136247752247752
1867.255 3.258053946053946
1868.263 2.7826587301587304
1869.403 2.2361473684210527
1870.405 3.1674251497005987
1871.424 2.846045142296369
1872.443 2.3163729146221783
1873.583 2.0559719298245613
1874.584 2.481806193806194
1875.595 2.3748331668331666
1876.703 2.423054151624549
1877.704 2.77404995004995
1878.708 3.0935856573705176
1879.713 2.7983107569721115
1880.934 2.7067504132231406
1881.938 3.582533864541833
1882.943 3.8489552238805964
1883.954 2.386144411473788
1884.955 2.771068931068931
1886.023 2.583070821529745
1887.024 3.4904375624375628
1888.054 2.6625087378640777
1889.064 3.3627168316831684
1890.07 3.1648190854870775
1891.073 2.814444666001994
1892.083 2.7989544554455446
1893.087 2.6361513944223107
1894.094 2.4071102284011916
1895.114 2.0763058823529414
1896.133 2.8147924528301886
1897.134 2.2475044955044954
1898.144 1.8843722772277227
1899.153 1.887222993062438
1900.159 1.8173121272365804
1901.204 1.8975628626692458
1902.304 2.068050909090909
1903.305 2.6571668331668334
1904.314 1.950422200198216
1905.315 2.0454505494505497
1906.454 2.1976119402985073
1908.465 0.0816310293386375
1909.494 5.89060700389105
1910.504 2.5030336633663364
1911.514 2.1671287128712873
1912.704 2.2768873949579835
1913.804 2.62656
1914.805 2.242533466533467
1915.814 2.353633300297324
1916.815 1.7720839160839161
1917.816 2.1236123876123876
1918.984 2.332376712328767
1919.985 2.92191008991009
1920.994 2.8725074331020815
1921.996 2.733266733266733
1923.004 1.8756349206349208
1924.005 2.3446073926073927
1925.094 2.3423103764921946
1926.204 2.243394594594595
1927.414 2.0058446280991733
1928.415 1.7492907092907095
1929.424 1.7053875123885034
1930.425 1.8357242757242755
1931.426 2.291116883116883
1932.484 2.795243856332703
1933.485 3.3455184815184817
1934.495 2.3456475247524757
1935.496 2.303704295704296
1936.604 2.911819494584838
1937.605 3.3127192807192807
1938.606 2.855952047952048
1939.614 2.6692698412698412
1940.625 1.8960237388724035
1941.635 2.9256237623762376
1942.645 2.200364356435643
1943.654 2.2434806739345885
1944.655 1.8496863136863138
1945.656 2.809798201798202
1946.665 2.1271833498513377
1947.695 2.411081188118812
1948.715 2.344901960784314
1949.716 2.935944055944056
1950.725 2.8742913776015855
1951.735 2.4234534653465345
1952.746 2.305606393606394
1953.755 2.125478691774034
1954.765 2.1887049504950493
1955.775 1.900340594059406
1956.785 2.784760396039604
1957.867 2.3085554445554446
1958.876 1.7902160555004956
1959.877 2.5474045954045956
1960.886 1.8097680872150643
1961.986 1.8898181818181818
1962.996 2.4488554455445546
1964.004 2.0230634920634922
1965.005 2.5583376623376624
1966.006 1.888047952047952
1967.024 2.4081100196463656
1968.045 2.679056491575818
1970.396 0.18545640153126328
1971.577 4.911485182049111
1972.585 1.2702857142857142
1973.586 1.8804875124875124
1974.587 2.121014985014985
1975.596 1.9190168483647176
1976.597 2.45994005994006
1977.606 1.7308780971258673
1978.608 2.0752095808383233
1979.616 1.4615634920634921
1980.617 2.4927392607392607
1981.626 1.8736967294350844
1982.627 1.8972707292707292
1983.835 1.8853973509933777
1984.836 2.3834085914085916
1985.837 1.9019700299700302
1986.846 2.494667988107037
1987.856 1.8275722772277228
1988.876 2.7660659340659337
1989.986 2.0494774774774775
1991.046 2.0278867924528305
1992.048 2.2294051896207585
1993.056 3.04
1994.076 2.4838216055500495
1996.887 0.45940946282461753
1998.166 4.539183737294762
1999.167 1.8258221778221777
2000.168 2.121014985014985
2001.337 1.8404242942686055
2002.338 2.6348691308691308
2003.346 2.8771428571428572
2004.347 2.4853306693306694
2005.349 3.350003992015968
2006.356 2.489986097318769
2007.366 1.3761267326732671
2008.506 0.5362736842105263
2009.826 0.3896727272727273
2010.828 0.10933066933066934
2011.986 1.5669360967184802
2013.117 2.8578815207780726
2014.127 3.1346045589692766
2015.337 2.526320661157025
2016.338 3.361958041958042
2017.346 1.883484126984127
2018.347 1.7274245754245754
2019.348 1.4870649350649352
2020.358 2.2732356435643566
2021.367 1.8770664023785926
2022.447 1.8565333333333331
2023.457 2.210471287128713
2024.467 1.2090376237623761
2025.468 1.4016943056943059
2026.476 1.986857142857143
2027.478 1.551497005988024
2028.487 1.6486184340931616
2029.527 1.5598846153846155
2030.557 1.9976290480863594
2031.567 1.7637940594059407
2032.577 1.8445465346534655
2033.588 1.9150939663699307
2034.597 1.6137006937561942
2035.617 1.813441584158416
2036.627 1.8855287128712872
2037.637 1.6162772277227722
2038.638 1.6743336663336663
2039.878 1.3870193548387095
2040.905 2.3550379746835444
2041.908 1.8365702891326023
2042.918 1.9180594059405942
2043.923 2.0734487562189057
2044.924 2.055856143856144
2045.94 2.2225054945054943
2046.941 2.1230449550449553
2047.942 2.0222497502497503
2048.947 1.9948099502487562
2050.006 2.0255486307837582
2051.008 2.9599041916167663
2052.009 2.3166913086913086
2053.028 2.5026967615309124
2054.029 2.831664335664336
2055.038 2.338013875123885
2056.058 2.265633466135458
2057.059 2.474749250749251
2058.088 2.606312925170068
2059.089 2.897262737262737
2060.098 2.0144618434093164
2061.118 2.040436507936508
2062.12 2.1134545454545455
2063.248 2.272730496453901
2064.249 2.7004675324675325
2065.25 1.9170349650349652
2066.258 1.9326031746031749
2067.268 2.1996356435643563
2068.269 2.0510209790209792
2069.278 2.238517343904856
2070.279 2.59582017982018
2071.398 2.482110207768744
2072.429 2.127511154219205
2073.628 2.1977648040033357
2074.629 2.831664335664336
2075.639 0.7656871287128714
2076.738 2.3194249317561417
2077.739 2.5583376623376624
2078.749 2.3339960396039605
2079.758 2.689902874132805
2080.759 1.6672687312687313
2081.778 2.13869314796425
2082.788 1.8016396039603961
2083.939 1.8454839270199828
2084.94 2.241278721278721
2085.959 1.859854759568204
2087.149 1.8804504201680674
2088.279 1.9647929203539822
2089.281 2.5557844311377242
2090.282 2.0025734265734263
2091.289 1.8571439920556105
2092.299 1.8512871287128712
2093.309 1.856839603960396
2094.549 1.7701483870967745
2095.615 0.12295684803001876
2096.619 3.726557768924303
2097.62 1.7184975024975024
2098.629 1.5769038652130822
2099.63 1.6229210789210788
2100.839 2.0627229114971053
2102.002 2.248495270851247
2103.189 2.309573715248526
2104.19 2.5474045954045956
2105.199 1.7893835480673934
2106.269 1.713555140186916
2107.279 1.7896531219028742
2108.299 1.3789254901960784
2109.319 1.3626352941176472
2110.329 1.2135920792079207
2111.33 0.700987012987013
2112.337 1.0650566037735847
2113.339 1.8458443113772456
2114.341 1.4948343313373251
2115.349 1.7697142857142858
2116.35 1.61194005994006
2117.351 2.2740779220779226
2118.37 1.6768523290386521
2119.38 2.4488554455445546
2120.39 1.4852356435643563
2121.399 2.0391199207135777
2122.4 1.2579020979020978
2123.42 1.38711377245509
2124.58 1.1276413793103448
2125.581 1.4212987012987013
2126.589 1.4222857142857142
2127.809 0.8432262295081967
2129.269 0.7605865102639296
2130.51 0.5379403706688155
2131.511 0.8887272727272727
2132.52 1.4314370664023786
2133.63 1.260663063063063
2134.879 1.4107157726180943
2135.915 1.0992741312741314
2136.93 1.196831527093596
2137.939 0.6238334985133797
2138.94 0.7215824175824177
2140.009 0.634731524789523
2141.03 0.24653476983349656
2142.089 0.1343456090651558
2143.09 0.06559840159840159
2144.742 0.013249394673123485
2145.75 1.6016984126984126
2146.77 1.3181254901960784
2147.78 1.2801506442021802
2148.93 1.0997495652173914
2149.934 1.2345657370517928
2150.94 1.0548628230616304
2151.95 0.9370297029702971
2152.96 0.9180198019801981
2153.981 1.316466209598433
2154.99 1.2259028741328049
2156.005 1.4548886699507388
2157.021 1.2400629921259843
2158.071 0.9874285714285714
2159.111 0.9972461538461539
2160.12 0.9870208126858276
2161.25 0.3908955752212389
2166.74 0.007973770491803278
2187.154 0.0005361026746350544
2188.184 0.36125825242718446
2189.634 0.5465986206896551
2190.644 0.41175445544554456
2191.984 0.2934268656716418
2192.993 0.29018037661050544
2194.024 0.392752667313288
2195.395 0.1756557257476295
2196.784 0.36340388768898485
2197.834 0.17718857142857142
2199.144 0.06765996908809892
2200.735 0.03439346323067253
2202.624 0.011587083112758072
2205.315 0.004066889632107023
2206.374 0.11014919735599621
2207.414 0.1262769230769231
2208.454 0.10523076923076922
2209.534 0.10133333333333333
2212.474 0.007444897959183672
2213.544 0.08705046728971962
2214.545 0.1073966033966034
2215.564 0.42959764474975465
2216.565 0.4743496503496503
2217.745 0.529871186440678
2218.905 0.8305586206896551
2220.015 0.8648360360360361
2221.194 0.8663409669211196
2222.265 0.8967096171802055
2223.445 0.8555254237288136
2224.555 0.9341045045045044
2225.584 1.1240275319567354
2226.585 0.6469530469530469
2227.615 0.5483961165048544
2228.624 0.41216253716551043
2229.625 0.43598801198801196
2230.645 0.8013002973240833
2231.655 0.8811168316831683
2232.665 1.1354138613861386
2233.795 1.1364672566371683
2234.797 1.4556723276723276
2235.815 1.3720835820895523
2236.825 1.2819564356435644
2237.835 1.7177742574257424
2238.846 1.9593115727002965
2239.865 1.4118469087340528
2240.885 1.532377358490566
2241.889 1.1606374501992032
2242.895 1.479506958250497
2243.911 0.9601889763779528
2244.925 0.7167114624505929
2245.935 1.1370389610389613
2247.115 0.8947728813559322
2248.116 1.169838161838162
2249.126 1.2352633663366337
2250.135 0.9507631318136768
2251.136 1.2901018981018981
2252.235 1.3055796178343948
2253.236 1.7055584415584415
2254.346 1.3595387387387385
2255.356 1.8528950495049505
2256.366 1.466661386138614
2257.376 1.5806178217821782
2258.377 1.978885114885115
2259.446 1.2803143124415342
2260.577 1.2261149425287357
2261.726 1.5334934725848564
2262.728 1.0994091816367264
2263.766 1.2542736030828516
2264.776 1.6361821782178216
2265.786 1.3306059405940593
2266.796 1.3455762376237625
2267.806 1.485330693069307
2268.908 1.5601234119782212
2269.916 1.6502857142857141
2270.926 1.1090822596630328
2271.927 1.2463696303696303
2272.936 0.7955520317145689
2273.956 1.1265882352941174
2274.976 0.8122666666666666
2275.977 1.3338341658341657
2276.986 1.5330267591674926
2278.147 0.11289577950043066
2279.161 3.5065562130177517
2280.246 1.3043834101382488
2281.247 1.322901098901099
2282.256 0.9636392467789892
2283.267 0.9717665677546984
2284.276 1.12802378592666
2285.288 0.7634782608695653
2286.289 1.0007272727272727
2287.307 1.2288991008991008
2288.316 1.5618790882061446
2289.328 1.0406561264822134
2290.336 1.042285714285714
2291.346 0.9529821782178218
2292.347 1.2463696303696303
2293.356 0.2884281466798811
2294.951 0.8951172413793104
2295.956 1.3516494023904384
2297.147 1.3985222502099077
2298.157 1.8661940594059405
2299.167 1.8066613861386138
2300.175 1.851031746031746
2301.177 2.1860119760479044
2302.178 2.1685594405594406
2303.357 1.4860932994062763
2304.367 1.734059405940594
2305.368 1.7488431568431566
2306.377 1.8574112983151636
2307.378 1.9348491508491508
2308.597 2.092895816242822
2309.598 2.2740779220779226
2310.607 1.7798533201189295
2311.687 2.378051851851852
2313.098 2.3690829199149537
2314.378 2.65203125
2315.527 2.5526475195822456
2316.528 1.9646513486513486
2317.529 1.90993006993007
2318.53 2.7223336663336664
2319.531 2.508819180819181
2320.537 2.698648111332008
2321.538 2.8828291708291705
2322.539 2.805442557442557
2323.737 2.433409015025042
2324.738 3.0721918081918083
2325.739 2.718649350649351
2326.748 2.418140733399405
2327.749 2.3764715284715283
2328.758 2.342501486620417
2329.769 3.1933531157270028
2330.771 2.8476483516483517
2331.777 2.4275785288270377
2332.778 3.356451548451549
2333.798 2.813222222222222
2334.799 3.1359520479520477
2336.058 1.8942589356632247
2337.088 1.7744155339805825
2338.089 1.490261738261738
2339.188 2.3384615384615386
2340.189 2.7545894105894106
2341.19 3.3310289710289713
2342.199 3.517098116947473
2343.209 3.6546613861386144
2344.239 3.683174852652259
2345.24 3.64807992007992
2346.418 3.4731273344651954
2347.419 4.307628371628371
2348.428 3.713276511397423
2349.429 4.143632367632367
2350.438 4.51209514370664
2351.779 0.2567337807606264
2352.808 6.0352964042759965
2353.81 3.691688622754491
2354.811 2.774945054945055
2356.049 2.85061277283751
2357.051 4.150674650698603
2358.058 2.5061449851042705
2359.059 3.0175264735264737
2360.088 2.730215743440233
2361.099 3.2758612487611494
2363.099 0.407068
2364.818 3.8204723676556136
2365.849 1.390556741028128
2366.85 2.2850109890109884
2367.858 2.1497142857142855
2368.859 1.6182777222777223
2369.979 1.7725857142857142
2370.999 2.566845927379784
2372.01 1.9022670623145401
2373.198 1.5761885521885521
2374.21 1.7194624505928855
2375.219 1.2904578790882062
2376.229 1.9937584158415842
2377.239 1.4736475247524752
2378.259 1.113356862745098
2379.408 1.5313559617058312
2380.459 2.0242359657469073
2381.469 2.253813861386139
2382.47 1.8757162837162837
2383.471 2.352455544455544
2384.479 2.8865873015873014
2385.48 2.3046073926073927
2386.481 3.9365114885114885
2387.49 2.5277224975222996
2388.589 1.4242547770700638
2389.59 2.3834085914085916
2390.591 2.31164035964036
2391.6 1.7190802775024776
2392.61 2.2152950495049506
2393.679 2.25334331150608
2394.809 2.4743858407079644
2395.959 2.521768494342907
2396.97 2.478908011869436
2398.002 1.9281094819159335
2399.66 0.07905428226779251
2400.679 4.98212365063788
2401.819 1.8915298245614036
2402.83 1.872712166172107
2403.839 1.8113458870168484
2404.85 1.5763877349159248
2405.87 1.4592
2406.88 1.2551524752475247
2407.881 1.9460859140859141
2408.882 1.5842157842157842
2409.927 1.7175272727272728
2410.931 1.3480239520958086
2411.938 1.6410566037735848
2412.94 1.4926467065868263
2413.97 1.4574488188976378
2414.972 2.011684315684316
2415.99 2.0855952848722983
2417.0 1.2119841584158415
2418.001 2.0772827172827175
2419.01 1.9631952428146682
2421.651 0.037764483150321854
2422.69 4.8266025024061605
2423.7 1.9287445544554456
2424.72 0.9579843137254902
2425.731 1.0933175074183976
2426.75 0.5167576054955838
2429.06 0.14212987012987016
2430.061 2.3717002997003
2431.071 1.6795247524752477
2432.08 1.1318533201189296
2433.092 1.308521739130435
2434.1 1.5280714285714287
2435.11 1.5566257425742573
2436.112 1.5305094905094905
2437.12 1.0453571428571429
2438.15 0.6869436893203883
2439.151 0.34985814185814185
2440.18 0.21585798816568047
2441.201 0.1822213516160627
2443.3 0.020855645545497858
2444.351 0.711337773549001
2445.391 0.1368
2446.44 0.22952144899904672
2447.87 0.08418461538461539
2450.177 0.03320676202860858
2452.49 0.07573702422145327
2453.66 0.05713504273504274
2454.671 0.22732344213649852
2455.72 0.19444804575786462
2456.76 0.18941538461538462
2458.1 0.08152835820895522
2459.12 0.11802352941176472
2487.991 0.00265345848775588
2489.584 0.006870056497175141
2490.947 0.0160704845814978
2492.086 0.03843371378402108
2493.106 0.03143529411764706
2494.426 0.044078297872340425
2495.727 0.006930053804765565
2497.246 0.03602369980250164
2498.585 0.04086631814787155
2499.628 0.041971236816874403
2500.708 0.04053333333333333
2501.849 0.057549517966695884
2503.265 0.046372881355932205
2504.427 0.027951807228915663
2505.507 0.050666666666666665
2506.726 0.05386710418375718
2507.765 0.042132820019249284
2508.906 0.047957931638913244
2510.066 0.04717241379310344
2511.125 0.05181818181818182
2512.228 0.049610154125113326
2513.327 0.04979071883530482
2514.767 0.03315
2516.088 0.03313853141559424
2517.226 0.06731810193321618
2518.366 0.048
2519.465 0.04979071883530482
2520.466 0.04373226773226773
2521.667 0.0364496253122398
2523.029 0.04017621145374449
2524.145 0.04903225806451613
2525.249 0.03965217391304348
2527.487 0.024450402144772117
2529.028 0.03327709279688514
2530.187 0.03780310880829015
2531.508 0.036602006688963205
2532.725 0.01798520953163517
2534.165 0.02281584433634468
2535.27 0.029712217194570137
2536.566 0.025333333333333333
2539.173 0.008395857307249713
2540.373 0.10031999999999999
2541.376 0.17458025922233303
2542.474 0.07234972677595627
2543.476 0.1638323353293413
2552.707 0.005927851803704908
2553.708 0.5656983016983017
2554.718 1.2753346534653465
2555.727 1.3517066402378592
2556.728 1.1364315684315682
2557.868 1.498414035087719
2558.869 1.9862537462537462
2559.899 2.1929484936831876
2560.909 2.424650148662042
2561.91 2.5190249750249754
2562.927 1.5935984251968505
2563.948 0.849332027424094
2564.958 0.7910019801980198
2565.96 1.6694211576846307
2566.968 1.737142857142857
2567.988 1.174388888888889
2568.998 2.03710099009901
2570.008 1.3832158415841584
2571.018 1.798716831683168
2572.086 2.073460674157303
2573.109 1.4265884652981426
2574.12 1.363940652818991
2575.128 1.2371031746031746
2576.148 1.0323529411764705
2577.158 1.2569346534653467
2578.179 1.199897435897436
2579.18 1.771220779220779
2580.181 1.9495704295704295
2581.199 1.6170216110019646
2582.208 1.7679603567889
2583.228 1.3377432835820897
2584.229 1.7383576423576423
2585.258 1.4656793002915451
2586.259 1.443020979020979
2587.26 1.5377262737262738
2588.269 1.510390485629336
2589.278 1.5593894945490585
2590.279 1.5705654345654345
2591.319 1.7243153846153847
2592.34 1.6413633692458376
2593.359 1.7884586241276172
2594.369 1.9150257425742574
2595.519 1.5948730434782608
2596.529 2.1021148514851484
2597.539 1.6419089108910891
2598.852 2.0666433430515063
2599.859 2.0866415094339623
2600.869 1.5568554455445545
2601.87 1.793022977022977
2602.879 1.5003528245787907
2604.033 1.5226988847583642
2605.039 1.7514751491053677
2606.049 1.3804356435643566
2607.199 1.7308521739130436
2608.2 2.5672647352647355
2609.209 1.8202656095143708
2610.21 2.0497182817182815
2611.35 1.654975438596491
2612.36 2.0696079207920794
2613.37 1.757639603960396
2614.449 1.65432437442076
2615.45 2.0772827172827175
2616.459 1.782398414271556
2617.47 1.7915331355093969
2618.589 1.6982377122430743
2619.61 1.8972458374143
2620.62 1.4110415841584159
2621.621 1.4757002997002997
2622.629 1.758857142857143
2623.63 1.4495744255744254
2624.64 1.8203881188118811
2625.641 1.978885114885115
2626.649 1.5662857142857143
2627.65 1.8476883116883116
2628.66 1.5830415841584158
2629.67 1.961251485148515
2630.69 1.8594509803921568
2631.692 2.4684071856287426
2632.7 1.980587301587302
2633.71 2.7955960396039603
2634.73 2.1974581673306774
2635.74 2.3838415841584157
2636.742 1.6589061876247506
2637.75 2.7251428571428575
2638.751 2.0624895104895105
2639.81 3.3249436485195796
2640.811 2.9152927072927075
2641.812 2.9837202797202798
2642.82 1.9460714285714287
2643.821 2.9426253746253743
2644.84 2.7955900497512443
2645.841 2.657014985014985
2648.342 0.9207580967612955
2649.35 5.799777777777777
2650.46 2.3599783783783783
2651.461 2.7988651348651348
2652.63 2.30711377245509
2653.631 2.973794205794206
2654.64 2.319199207135778
2655.641 2.6473686313686313
2656.642 2.9628611388611388
2657.65 2.092126984126984
2658.651 2.408007992007992
2659.653 2.715249500998004
2660.671 2.898648111332008
2661.672 3.252491508491508
2662.681 2.7392619047619045
2663.682 2.2330869130869133
2664.691 2.0186957383548068
2665.761 2.0709479659413432
2666.762 2.7116563436563434
2667.791 2.118802721088435
2668.802 2.3490089020771516
2669.811 2.411567888999009
2671.243 2.189100169779287
2672.341 2.1906812386156647
2673.342 2.263144855144855
2674.35 2.516119047619048
2675.431 1.901017576318224
2676.441 2.1185742574257422
2677.451 2.190930693069307
2678.461 2.378344554455446
2679.621 2.4034827586206897
2680.622 2.755132867132867
2681.623 2.2626173826173828
2682.631 1.9586587301587302
2683.751 2.395792857142857
2684.752 2.6239360639360636
2685.761 2.05987710604559
2686.762 2.3834085914085916
2687.763 1.6962237762237762
2688.771 1.6872777777777779
2689.792 1.6386836434867778
2690.801 2.1909692765113973
2691.821 1.3395361744301288
2692.871 1.6225432835820897
2693.881 1.1142495049504952
2694.891 1.4628118811881188
2695.901 1.4628118811881188
2696.911 1.2401267326732675
2697.912 1.6071608391608392
2698.913 1.7492907092907095
2699.921 1.511984126984127
2700.932 1.8077626112759644
2701.942 2.1021148514851484
2702.952 1.5063366336633661
2703.961 1.8547314172447968
2704.972 1.3289020771513353
2708.221 0.256
2709.223 1.1653013972055888
2710.232 1.4754568880079286
2711.242 1.3394138613861386
2712.047 1.8217341614906832
