0.0 1.1163956043956045
1.019 1.2496172718351324
2.029 1.3327841584158417
3.349 0.8090666666666667
4.359 1.5117782178217822
5.36 1.3625974025974026
6.361 1.3046233766233766
7.37 2.0488721506442023
8.499 2.0746028368794325
9.5 2.440311688311688
10.501 2.3805074925074923
11.669 2.363445205479452
12.671 2.440247752247752
13.68 2.1064103072348863
14.682 2.272814371257485
15.83 1.9541602787456445
16.839 2.440436075322101
17.88 1.6536176753121996
18.881 2.787220779220779
19.94 2.2025760151085927
20.941 2.996123876123876
21.95 2.4547076313181373
23.072 2.6889839572192513
24.161 2.140334251606979
25.162 2.222793206793207
26.17 2.1392063492063493
27.179 2.139623389494549
28.29 2.225634563456346
29.301 3.697788328387735
30.302 2.8849550449550447
31.534 2.259753246753247
32.59 4.012322274881517
33.591 3.370717282717283
34.6 3.517581764122894
35.601 3.726697302697303
36.61 3.6533280475718537
37.611 2.967168831168831
38.613 2.744183632734531
39.62 2.4460377358490564
40.621 2.6544495504495504
41.622 3.3464295704295703
42.631 3.098886025768087
43.632 2.817262737262737
44.64 2.6987936507936503
45.642 2.6436087824351295
46.65 3.1552777777777776
47.7 2.498102857142857
48.701 3.2689870129870124
49.82 2.765454870420018
50.821 3.787244755244755
51.832 3.9558927507447867
52.833 3.301098901098901
53.841 2.727579365079365
54.851 3.0858513379583745
55.852 3.374001998001998
56.871 3.073685039370079
57.872 3.1736583416583417
58.873 3.1962197802197805
59.881 2.613428571428572
60.901 2.1121254901960786
61.912 2.60661876247505
63.001 3.6843048668503213
64.002 3.884779220779221
65.021 3.7758822374877328
66.031 3.3920792079207924
67.042 2.3168431568431567
68.051 2.0133994053518336
69.161 2.0354882882882883
70.181 2.0600470588235296
71.192 1.7688466864490602
72.211 2.4833634577603143
73.231 1.9465176470588235
74.232 3.204843156843157
75.242 3.588586138613861
76.391 3.52401044386423
77.392 3.9363516483516485
78.402 3.404720792079208
79.411 2.747274529236868
80.423 2.482490118577075
81.442 2.948757605495584
82.443 3.1838881118881117
83.461 3.0700196463654223
84.462 3.1798121878121877
85.463 3.2460899100899097
86.631 2.8823972602739727
87.632 2.45994005994006
88.641 1.9523488602576808
89.642 0.9232047952047951
90.652 1.7228673267326733
91.653 1.8832447552447553
92.662 1.7526342913776016
93.676 2.834242843040474
94.682 3.7637296222664016
95.732 3.980822857142857
96.783 3.7407649857278784
97.832 3.454657769304099
98.842 2.9946851485148516
99.843 2.480639360639361
100.844 2.1239560439560443
101.862 3.063889980353635
102.922 2.3825811320754715
103.923 3.002045954045954
104.924 3.6673006993006996
105.932 4.2205
106.933 4.394125874125875
107.944 4.056167832167833
110.035 1.395745576279292
111.053 7.751104125736739
112.062 3.031349851337958
113.072 4.183185628742516
114.073 3.6375864135864133
115.083 4.0972752475247525
116.177 3.5913126142595977
117.183 4.427244532803181
118.362 3.5688488964346345
119.363 5.1604075924075925
120.393 3.579444120505345
121.442 3.2039733079122974
122.714 0.10324528301886793
123.763 6.191572926596759
124.773 3.92250297029703
125.774 3.1324915084915084
126.775 3.4329830169830173
127.992 2.2141594083812657
128.993 2.8425974025974026
130.013 3.2295529411764705
131.015 2.5256047904191616
132.082 3.118133083411434
133.083 3.946837162837163
134.164 3.886761238761239
135.183 3.6730598626104025
136.193 3.096451485148515
137.203 3.3482138613861383
138.313 2.8697297297297295
139.315 4.263896103896104
141.165 1.6471091891891891
142.173 6.485571428571428
143.183 2.373005940594059
144.213 3.1790225711481845
145.223 2.4911366336633662
146.225 3.1346586826347305
147.233 2.851111111111111
148.243 3.6191049504950494
149.274 2.9943238469087343
150.384 3.228936936936937
151.393 3.865142857142857
152.503 3.356821621621622
153.513 3.109829702970297
154.523 1.9829227722772276
155.563 2.178953846153846
156.697 0.1155837742504409
157.703 7.100954274353877
158.704 3.323652347652348
159.743 2.766313763233879
161.714 0.06107762557077625
162.773 5.3632407932011334
163.783 2.2321425742574257
164.794 1.5201278721278721
165.803 1.9891377601585725
166.804 1.8747172827172827
167.814 1.7308039603960397
168.823 1.9957343904856293
169.833 1.5685386138613862
170.834 2.613002997002997
171.844 1.690360396039604
172.854 1.3317185332011894
173.864 1.5494970297029704
174.873 1.3215808383233532
175.874 1.4544895104895104
176.875 2.5146053946053946
177.876 2.5813066933066935
178.895 2.76243375858685
179.913 3.0044479682854313
180.914 2.605154845154845
181.915 2.5474045954045956
182.924 2.0235401387512386
183.944 1.9546692836113835
184.954 1.3823207920792078
185.994 0.5051076923076924
187.004 0.5526178217821782
188.016 0.605596837944664
189.165 0.9700887728459531
190.184 1.4208761149653122
191.264 1.1397185185185186
192.274 1.5169900990099012
193.275 1.3782137862137862
194.284 2.0282735381565904
195.285 1.8933386613386611
196.334 1.8988674928503337
197.335 2.6348691308691308
198.344 1.9049444444444443
199.403 1.7246458923512749
200.534 1.5738954827280778
201.555 1.757900097943193
210.567 0.06193342210386151
211.607 0.24068527430221365
212.618 0.6061958456973293
213.637 0.7241687929342493
214.639 1.034802395209581
215.648 1.4797383548067393
216.683 1.8952268244575936
217.688 2.163319402985075
218.818 2.135653097345133
219.948 2.0467327433628317
220.949 2.0571668331668334
222.048 1.9024931756141947
223.049 2.203916083916084
224.05 2.704655344655345
225.058 2.057531746031746
226.078 2.0286980392156866
227.079 2.4052747252747255
228.098 1.9647841584158414
229.1 2.391952095808383
230.108 1.5017040714995036
231.118 1.8095524752475247
232.128 1.1651881188118811
233.138 1.463568862275449
234.148 1.1878732673267327
235.158 1.289441584158416
236.159 1.1174425574425575
237.168 0.7050148662041625
238.178 1.543073267326733
239.189 1.7482809099901087
240.198 1.4901962338949453
241.208 1.1909702970297031
242.219 1.1799169139465875
243.228 1.176491575817641
244.348 1.07935
245.349 1.618093906093906
246.358 1.3635123885034688
247.369 1.3537171117705242
248.378 1.5257482656095143
249.379 1.4782257742257743
250.388 1.5898037661050546
251.458 1.6376523364485982
252.469 1.5946719524281465
253.472 1.6284275724275723
254.473 1.5206153846153845
255.749 1.1914294670846395
256.759 1.1594138613861387
257.769 0.6501386138613862
258.779 0.7284594059405941
259.799 1.105129411764706
260.849 0.5941028571428572
261.948 0.11949772520473158
262.949 0.2951928071928072
263.979 0.7440077669902914
264.989 1.0510574257425742
265.999 0.9677623762376237
267.009 1.057211881188119
268.159 1.0239513043478259
269.169 0.8235089108910891
270.179 0.510669306930693
271.189 0.845180198019802
272.199 0.8343445544554455
273.209 0.7966970297029703
274.219 0.7368237623762376
275.229 0.7693306930693069
276.249 0.6709098039215685
277.25 0.6778501498501498
278.259 0.6724757185332012
279.261 0.44118962075848306
280.269 0.9011428571428571
281.339 0.9023850467289719
282.349 1.1822556987115957
283.35 1.268883116883117
284.359 1.5184935579781962
285.362 1.6628434695912264
286.369 1.6444647467725917
287.37 1.7865574425574426
288.381 2.124858555885262
289.389 1.672809523809524
290.45 1.003890669180019
291.47 1.180235294117647
292.5 1.3281475728155339
293.501 2.6855224775224773
294.56 1.9488725212464588
295.561 1.7602237762237762
296.68 1.4319785522788204
297.69 1.5169900990099012
298.7 0.8776871287128714
299.965 0.10477378097521982
300.98 1.3282679802955664
302.021 0.567700288184438
303.03 0.6412075471698113
304.044 0.4150453648915187
305.05 0.5553671641791045
306.07 0.4828235294117647
307.1 0.39313398058252425
465.607 0.0020878320831256665
466.617 1.2907195242814669
467.706 1.8187180899908173
468.716 1.9226534653465346
469.907 1.476352644836272
471.097 1.2243025210084033
472.257 1.5900344827586208
473.287 1.5477203883495145
474.367 1.492962962962963
475.369 2.193454545454545
476.397 1.590793774319066
477.417 1.8883764705882355
478.43 0.9677630799605134
479.437 1.5114041708043693
480.447 1.7311952191235058
481.457 1.541061386138614
482.537 1.4270444444444446
483.548 2.027624134520277
484.557 3.061565906838454
485.568 2.534401598401598
486.577 2.510271555996036
487.587 2.1912633663366337
488.588 2.959208791208791
489.589 2.3447992007992005
490.597 2.0817698412698413
491.717 1.5508214285714288
492.718 1.9025134865134863
493.897 1.986802374893978
494.908 2.339885262116716
496.097 1.7071421362489485
497.107 1.916419801980198
498.108 2.339676323676324
499.128 2.54395242814668
500.137 2.4755203171456888
501.138 1.7138221778221778
502.139 2.4551768231768234
503.288 2.058743255004352
504.477 2.1986621392190155
505.568 2.4844729605866176
506.728 2.475006896551724
507.738 2.6872396039603963
508.739 2.079296703296703
509.758 3.173433962264151
510.768 2.522859405940594
511.858 1.9753467889908256
512.998 2.337817543859649
514.118 2.4499214285714284
515.128 2.589718811881188
516.129 2.2132347652347653
517.13 2.433942057942058
518.138 2.1655952380952384
519.139 2.9038321678321677
520.14 2.9037922077922076
521.149 3.1798612487611493
522.159 2.907128712871287
523.178 2.3083528245787908
524.198 2.195921568627451
525.199 2.670993006993007
526.288 2.603247015610652
527.289 2.8644635364635365
528.309 1.8584941176470589
529.318 2.0569752229930622
530.389 2.2504873949579833
531.39 2.8357002997003
532.399 2.765827552031715
533.4 2.316875124875125
534.419 2.5461825318940137
535.429 2.5901861386138614
536.439 2.682431683168317
537.441 3.094243512974052
538.558 2.475810205908684
539.569 3.2356162215628093
540.579 3.2271445544554456
541.589 3.088158415841584
543.471 0.7538958554729012
544.479 6.115603174603175
545.481 2.097053892215569
546.489 2.26165873015873
547.49 2.3856703296703294
548.499 2.41612685827552
549.519 2.6936
550.529 3.041869306930693
551.53 2.682373626373626
552.531 2.6525394605394603
553.549 2.2868118811881186
554.559 2.7218534653465345
555.669 2.9719063063063063
556.67 3.1943896103896106
557.689 2.2014774066797638
558.7 1.8237442557442558
559.701 2.097206793206793
560.709 3.000746031746032
568.776 0.2817969505392339
569.777 1.5962277722277722
570.787 1.7856792079207922
571.798 2.5885024727992088
572.808 2.4416650148662042
573.81 2.9396487025948104
574.917 3.305640469738031
576.138 3.5574774774774776
577.145 4.170510427010923
578.148 4.243549351944169
579.149 4.136223776223777
580.247 3.5494499089253186
581.248 3.8333346653346654
582.257 3.2497046580773046
583.258 4.206857142857143
584.259 3.5166913086913087
585.307 3.4200687022900764
586.308 3.5066693306693306
587.309 5.258805194805196
588.318 4.490584737363727
590.299 1.8998404846037356
591.327 8.242311284046693
592.338 3.4315014836795252
593.348 4.128380198019802
594.349 4.570021978021977
595.368 2.782037291462218
596.377 2.9176769078295344
597.477 2.347614545454545
598.487 3.232222001982161
599.688 3.131317235636969
600.707 3.083124875124875
601.708 2.219412587412587
604.717 0.42624659355267536
605.869 4.899395833333333
606.888 1.8257899901864574
607.898 1.7356987115956393
608.918 1.650478431372549
609.927 1.9089633300297324
610.928 1.802093906093906
611.947 1.6072306182531897
612.958 1.4613649851632047
613.988 0.9775223300970874
614.998 0.46732673267326735
616.047 0.37883076923076925
617.078 0.32906304558680893
618.108 0.2550058252427184
619.138 0.22313009708737863
629.153 0.013087568647029455
630.188 1.7449429951690822
646.063 0.004136314960629921
647.123 0.38987169811320754
648.124 0.647016983016983
649.133 1.097300297324083
650.153 0.6388470588235294
651.155 0.835441117764471
652.173 0.9369823182711199
653.264 0.5866104491292392
654.293 0.8285869776482022
655.314 0.7213790401567092
656.433 0.5259195710455764
657.454 0.6044584980237153
658.473 0.3993326790971541
659.494 0.3537238001958864
660.533 0.10856592877767084
661.543 0.33590495049504954
662.553 0.25723752495009977
663.563 0.33590495049504954
664.585 0.3544892367906066
665.603 0.4622711198428291
666.874 0.4333343823760818
667.894 0.828721568627451
668.903 0.6906957383548067
670.114 0.596320396366639
671.253 0.42602985074626865
672.254 0.30612587412587416
673.263 0.47468780971258673
674.284 0.5769010773751225
675.304 0.6725411764705882
676.514 0.5668561983471074
677.714 0.43918
678.733 0.13961923454367028
679.914 0.08340050804403049
680.984 0.051140186915887856
682.094 0.1183135135135135
683.114 0.07290980392156862
684.124 0.16253465346534654
685.154 0.3072466019417476
686.174 0.3433411764705882
687.194 0.3696078431372549
688.254 0.26923018867924525
689.275 0.4394750244857982
690.294 0.39046123650637876
691.304 0.6164435643564357
692.344 0.3325692307692308
693.464 0.21489285714285714
694.514 0.11465142857142857
695.634 0.16611428571428574
717.877 0.0004920199613361508
718.997 0.048857142857142856
720.057 0.041298113207547164
721.357 0.025274826789838337
749.808 0.00115402460456942
751.386 0.020806083650190113
752.387 0.011876123876123875
802.728 0.00017893963171172604
803.848 0.058628571428571426
805.449 0.041014366021236724
806.688 0.026520193861066237
807.788 0.05969454545454546
808.888 0.05969454545454546
810.032 0.7084265734265734
811.049 0.9455889872173058
812.059 1.1134970297029703
813.418 0.9269403973509934
814.429 0.8546772277227722
815.458 0.7096054421768707
816.459 0.9504095904095905
817.469 1.2014653465346534
818.47 1.3194885114885115
819.49 1.4501098039215685
820.499 1.1010743310208126
821.509 1.512308910891089
822.519 1.5650376237623762
823.529 2.058772277227723
824.549 1.3129176470588237
825.779 1.1225626016260162
826.789 1.6470178217821783
827.79 1.601182817182817
828.799 1.6027591674925667
829.809 1.379770297029703
830.919 1.6702630630630633
831.939 1.5459686274509805
832.949 1.490978217821782
833.95 1.650893106893107
834.969 1.3094249263984297
835.979 1.45009900990099
837.039 1.0976528301886792
838.249 1.3089586776859503
839.339 1.2647266055045874
840.539 1.1979600000000001
841.709 1.1922940170940173
842.719 1.5278257425742576
843.729 1.2112031714568878
844.739 1.226740594059406
845.749 1.4266455445544555
846.769 1.418007843137255
847.77 1.8258221778221777
848.789 1.2572777777777777
849.79 1.3086833166833167
850.999 1.47647311827957
852.01 1.7103382789317505
853.029 1.217648675171737
854.03 1.5415624375624375
855.04 0.9570455445544555
856.06 1.3840941176470587
857.061 1.3432487512487512
858.129 1.2341947565543072
859.27 2.0007512487512487
860.28 1.668689108910891
861.29 0.906249504950495
862.3 1.3652910891089107
863.31 1.7553742574257427
864.32 1.115073267326733
865.34 1.5021176470588236
866.341 1.1335784215784215
867.35 1.1798771060455895
868.36 1.5135524752475247
869.37 1.4194693069306932
870.38 1.1203960396039603
871.39 1.5820039603960396
872.4 1.1172198019801982
873.41 1.3977980198019802
874.42 1.061758415841584
875.421 1.2463696303696303
876.432 0.7871730959446093
877.44 1.162867924528302
878.441 1.015064935064935
879.47 1.4232591133004926
880.48 1.1814811881188119
881.49 1.4519762376237624
882.501 0.9052423343224529
883.502 1.5087632367632369
884.52 1.200803180914513
885.53 1.171857425742574
886.54 1.3436198019801981
887.55 1.160419801980198
888.561 1.180708209693373
889.58 1.359840954274354
890.581 0.9971228771228772
891.59 1.2147948463825569
892.591 0.9614465534465535
893.592 1.158905094905095
894.611 1.1613637264618435
895.661 1.0472914285714285
896.671 1.1919207920792079
897.677 0.9672683896620279
898.69 1.2899743336623888
899.77 1.2888143712574849
900.791 0.7025347698334966
901.801 0.9535366336633664
902.812 0.5068565776458952
903.881 1.3416576239476148
904.901 1.4303049504950496
905.902 1.4036843156843155
907.351 0.823392684610076
908.361 1.7337029702970297
909.371 1.303619801980198
910.381 1.2551762376237623
911.382 1.2242317682317683
912.391 1.6769910447761196
913.401 1.3486019801980198
914.601 1.8106866666666668
915.791 1.8966252100840335
916.792 2.121014985014985
917.794 1.970634730538922
918.803 1.8616451932606541
919.811 2.0794603174603177
920.812 2.2042677322677324
921.992 2.2453694915254236
923.011 1.374712463199215
924.041 0.5950135922330098
925.042 0.26188211788211785
926.043 2.5515684315684317
927.051 2.4773015873015876
928.052 2.0007512487512487
929.062 1.723421782178218
930.063 1.7327312687312688
931.081 2.0649056603773586
932.082 1.520031968031968
933.083 1.7055584415584415
934.092 1.7304737363726461
935.093 2.04616983016983
936.112 1.9570743310208127
937.242 1.7700176991150443
938.252 1.961251485148515
939.253 1.5515684315684315
940.263 1.4679524752475248
941.422 1.641725625539258
942.762 1.5157014925373133
943.763 1.8476883116883116
944.772 1.438041625371655
945.782 1.8894495049504951
946.792 2.459691089108911
947.793 0.8971988011988012
948.802 1.8981169474727453
949.812 1.768150495049505
950.813 1.8924835164835165
951.932 2.415699731903485
952.933 2.134585414585415
953.943 2.0696079207920794
954.952 1.810846382556987
955.962 1.9472316831683167
956.963 2.011684315684316
957.964 2.1428811188811188
958.972 1.4192539682539682
959.973 1.8804875124875124
961.052 1.3701723818350324
962.053 1.7274245754245754
963.072 1.4702963689892052
964.073 1.7492907092907095
965.082 1.3916669970267592
966.083 2.1975464535464533
967.092 1.946901883052527
968.103 1.8036953511374878
969.113 1.9144316831683168
970.114 2.45994005994006
971.122 1.954603174603175
972.143 1.919134061569017
973.144 2.4052747252747255
974.146 2.392974051896208
975.153 2.725346573982125
976.154 2.6881678321678324
977.173 2.9358565737051796
978.174 2.2886073926073927
979.332 2.347585492227979
980.363 2.260011639185257
981.373 2.4584158415841584
982.404 2.5116663433559654
983.413 2.5488999008919726
984.414 1.4777782217782218
985.422 2.045200795228628
986.634 2.539049504950495
987.733 2.735359417652411
988.734 2.044483516483517
989.763 1.617430515063168
990.773 1.8745663366336636
991.774 1.541138861138861
992.784 2.1562930693069307
993.793 1.702882061446977
994.804 1.22713353115727
995.805 2.2084795204795205
996.823 1.592895874263261
997.844 1.6617764589515334
998.845 2.427140859140859
999.853 2.0985476190476193
1000.854 1.9083716283716283
1001.863 2.073062438057483
1002.883 1.7732326043737576
1003.885 1.7180359281437125
1004.974 1.8938108356290175
1005.975 2.7423376623376625
1006.984 2.586806739345887
1008.004 1.9014039215686276
1009.023 0.7020843964671246
1010.025 1.2888143712574849
1011.043 0.6772809430255403
1012.054 0.29008902077151333
1013.074 0.33557270029673586
1014.114 0.2525538461538462
1015.126 0.2919841897233202
1016.134 1.3899444444444442
1017.144 1.3544554455445545
1018.165 1.101032640949555
1019.174 1.2808800792864221
1020.184 2.210471287128713
1021.194 1.4411485148514849
1022.195 1.5306293706293708
1023.244 1.1754585319351762
1024.444 1.34976
1025.454 1.770170297029703
1026.634 1.556535593220339
1027.794 1.5326413793103448
1028.914 1.6126357142857144
1029.915 1.6727592407592409
1030.924 1.4285351833498514
1031.927 1.4930408773678963
1032.934 1.9344905660377358
1033.945 1.1991849653808109
1035.134 0.9540117746005047
1036.144 1.289441584158416
1037.145 1.2293546453546453
1038.155 1.4736475247524752
1039.175 1.0547814045499506
1040.334 0.9850215703192406
1041.354 0.8583529411764705
1042.374 0.9871058823529412
1043.387 0.8777492596248766
1044.414 0.8418461538461538
1045.423 0.39046977205153616
1046.441 0.35546456692913386
1047.449 0.3705079365079365
1048.466 0.37472566371681415
1049.474 0.8034285714285715
1050.644 0.6884239316239316
1051.655 1.1474421364985163
1052.665 1.3443643564356433
1053.695 1.2201320388349515
1054.705 1.2786059405940593
1055.715 0.8931881188118812
1056.735 1.0375999999999999
1057.965 1.3354276422764226
1058.966 1.3775664335664335
1059.975 1.2329276511397422
1060.985 1.0402217821782178
1062.025 0.5173384615384615
1063.206 0.2038679085520745
1064.254 0.3550534351145038
1065.265 0.8668514851485148
1066.275 0.7066217821782179
1067.285 0.7259881188118812
1068.306 0.7807326150832518
1069.325 1.0310343473994112
1070.335 0.6990336633663367
1071.365 0.8075184466019417
1072.375 0.5695445544554456
1073.387 0.776703557312253
1074.406 0.9986261040235527
1075.421 1.5151553784860556
1076.426 1.2075621890547263
1077.429 1.232
1078.442 1.264664031620553
1079.445 1.4908634097706879
1080.486 1.3377384615384615
1081.496 1.614510891089109
1082.505 1.1881863230921703
1083.506 1.2497742257742257
1084.546 1.298830769230769
1085.566 1.785886567164179
1086.576 1.0701227722772277
1087.586 1.0564435643564358
1088.596 1.3111128712871287
1089.606 0.8752158415841584
1090.625 0.9988571428571429
1091.646 0.3423467189030362
1092.846 0.10944
1093.856 1.148578217821782
1094.866 1.0631762376237623
1095.886 1.0789116186693146
1096.896 1.3869623762376238
1098.097 0.5785045795170691
1099.106 1.192238095238095
1100.116 1.2027564356435643
1101.126 1.1152158415841584
1102.128 1.6033612774451098
1103.286 1.313257340241796
1104.406 1.3354285714285714
1105.407 1.6917162837162838
1106.416 1.380455896927651
1107.418 1.2307385229540917
1108.436 1.2363064833005895
1109.438 0.8886626746506986
1110.446 1.2268571428571429
1111.476 0.981835294117647
1112.486 1.3219485148514853
1113.508 0.35092337917485267
1114.516 1.3571428571428572
1115.526 0.936071287128713
1116.776 0.7296576
1117.796 0.6008470588235294
1118.806 0.3250693069306931
1120.057 0.11372661870503598
1121.126 0.17403928905519178
1122.196 0.11250841121495327
1123.276 0.12262184873949582
1124.287 0.12989910979228486
1126.716 0.009011115685467272
1130.376 0.05681311475409836
1132.138 0.037287904599659284
1133.147 0.23862041625371655
1134.167 0.4828235294117647
1135.197 0.5556893203883495
1136.217 0.6938666666666666
1137.407 0.8737210084033614
1138.447 1.1900000000000002
1139.457 1.0507009900990099
1140.467 0.6947089108910891
1141.477 0.7159207920792079
1142.507 0.3679145631067961
1143.557 0.3805485714285714
1144.627 0.24547289719626167
1145.668 0.18923342939481266
1146.807 0.8287269534679543
1147.987 1.0420271186440677
1149.067 1.1459185185185186
1150.087 0.9946117647058824
1151.098 0.9407398615232443
1152.099 1.208007992007992
1153.108 1.1140614469772052
1154.111 0.7466480558325024
1155.337 1.315014681892333
1156.418 1.5176614246068454
1157.427 1.3449514370664024
1158.442 0.9231211822660098
1159.498 0.9072306220095694
1160.707 0.8116592224979322
1161.727 0.8905411764705882
1162.737 0.7098693069306931
1163.738 1.2901018981018981
1164.747 0.9076313181367691
1165.757 1.347089108910891
1166.758 1.3557002997002996
1167.777 0.7308891069676154
1168.798 0.9647012732615082
1169.818 0.8455579781962339
1170.828 1.4194693069306932
1171.838 0.7353584158415841
1172.848 0.9427009900990099
1173.878 0.46751067961165044
1175.028 0.1155837742504409
1176.268 0.08411612903225806
1177.278 0.8568642220019822
1178.283 1.1781094527363183
1179.288 1.4604258706467663
1180.298 1.200380198019802
1181.308 1.1386534653465346
1182.329 1.095380999020568
1183.338 1.039191278493558
1184.339 0.512071928071928
1185.538 0.29070450751252086
1186.539 1.241934065934066
1187.548 0.9509058473736373
1188.558 1.0071524752475247
1189.568 1.286510891089109
1190.569 1.045034965034965
1191.709 1.092778947368421
1192.859 1.0611060869565216
1193.898 1.118429258902791
1194.908 1.5061544554455446
1195.928 0.7990979228486647
1196.938 0.48567920792079206
1197.958 1.1265882352941174
1198.978 0.7725176470588235
1199.999 0.7824799216454456
1201.009 1.3518881118881116
1202.019 1.9381544554455445
1203.029 1.0050851485148515
1204.239 0.7706776859504132
1205.248 0.9544816650148662
1206.338 0.7041174311926606
1207.348 0.8235089108910891
1208.358 1.0402217821782178
1209.369 0.86064490603363
1210.381 0.378498023715415
1211.49 0.3195908675799087
1212.499 0.7260812685827552
1213.509 1.571168316831683
1214.709 0.9036200000000001
1215.719 1.1236277227722773
1216.729 1.129758415841584
1217.739 0.9271445544554456
1218.919 1.1391525423728812
1219.929 1.4628118811881188
1220.939 1.1010772277227723
1221.949 1.3012277227722773
1222.959 1.9395801980198022
1223.96 1.4567832167832169
1224.969 1.7354212091179386
1225.979 1.3888792079207921
1226.989 1.8854019801980197
1227.999 1.5564514851485147
1229.009 1.1870732673267328
1230.01 1.3785894105894105
1231.019 1.0526223984142717
1232.039 1.323258671952428
1233.04 1.2997802197802197
1234.05 1.437560396039604
1235.06 1.5154217821782179
1236.069 1.1714093161546086
1237.089 0.9028235294117647
1238.09 1.1151728271728272
1239.249 0.5274408973252804
1240.259 0.899358415841584
1241.26 0.7762477522477522
1242.279 0.6043807654563298
1243.3 0.7931988246816847
1244.309 0.8677106045589693
1245.32 0.7228170128585559
1246.36 0.7840769230769231
1247.529 1.266070588235294
1248.559 0.5626330097087379
1249.57 0.497946587537092
1250.6 0.2975067961165049
1251.65 0.4194895238095238
1252.66 0.39008316831683165
1254.17 0.10146754966887417
1255.18 0.3145450941526263
1256.19 0.4975841584158416
1257.21 0.6652235294117647
1258.22 0.4344633663366337
1259.23 0.7627247524752476
1260.24 0.7057504950495049
1261.241 0.961926073926074
1262.25 0.9308543111992071
1263.26 1.0899881188118812
1264.27 0.9795485148514852
1265.28 0.7757623762376238
1266.3 0.8878509803921569
1267.51 0.8741157024793389
1268.52 1.3869623762376238
1269.541 1.2032125367286974
1270.551 1.1315881188118813
1271.69 1.0079578577699737
1272.701 0.952593471810089
1273.723 0.9261204343534056
1274.74 1.1191504424778762
1275.75 0.7966415841584158
1276.76 1.148578217821782
1277.781 0.8096532810969638
1278.8 0.8082537165510406
1279.81 1.0835643564356436
1280.971 0.5171748492678725
1282.001 0.7650174757281554
1283.011 0.41648316831683163
1284.03 0.4725574092247301
1285.06 0.31875728155339805
1286.09 0.24438058252427186
1287.142 0.13523954372623576
1299.106 0.014109662320294215
1300.141 0.45467826086956525
1301.161 0.4077176470588235
1302.181 0.28209411764705883
1303.191 0.39008316831683165
1304.201 0.32345346534653463
1305.221 0.3060156862745098
1306.301 0.3757555555555555
1308.692 0.041194479297365125
1310.323 0.026839975475168604
1311.471 0.2903205574912892
1312.491 0.2253176470588235
1313.511 0.18391372549019605
1314.601 0.372102752293578
1315.621 0.6007626613704071
1316.631 0.8057188118811881
1317.712 0.6390601295097131
1318.722 0.9044277227722772
1319.741 0.5935230618253189
1320.921 0.7587681779298546
1321.922 1.0257342657342658
1323.062 0.6860421052631579
1324.081 0.7428537782139353
1325.091 0.5959603960396039
1326.112 0.47163173359451516
1327.123 0.5160118694362018
1328.131 0.49942857142857144
1329.142 0.42849455984174084
1330.152 0.9101940594059406
1331.172 0.7511437066402379
1332.192 0.7960078431372549
1333.262 0.864814953271028
1334.272 1.069409900990099
1335.282 0.4315009900990099
1336.332 0.5002971428571428
1337.342 0.2167128712871287
1338.352 0.5998970297029703
1339.362 0.9272000000000001
1340.383 1.0679412340842311
1341.542 1.5236652286453838
1342.543 1.691828171828172
1343.553 1.4689108910891089
1344.573 1.6026196078431372
1345.583 1.3760237623762375
1346.593 1.949378217821782
1347.603 1.5442059405940596
1348.612 1.1419147670961347
1349.664 1.3003802281368821
1350.674 1.9287445544554456
1351.692 1.0480318725099602
1352.693 1.4431648351648354
1353.782 1.1629605142332418
1354.783 1.322901098901099
1355.793 1.0605069306930694
1356.804 1.4212987012987013
1357.913 0.7988097385031561
1359.253 0.24520597014925377
1360.263 2.3318970297029704
1361.272 1.106331020812686
1362.274 1.2778922155688621
1363.362 0.29684558823529417
1364.445 0.30315789473684207
1365.461 0.3016062992125984
1366.462 0.6887832167832167
1367.514 0.7253948126801152
1368.613 0.27882802547770696
1369.632 0.625405299313052
1370.662 0.5100116504854368
1371.678 0.6893858267716536
1372.693 0.43961752988047803
1373.715 0.5247123287671234
1374.723 0.6008015873015873
1376.103 0.6582260869565217
1377.113 0.6910970297029704
1378.114 0.7237402597402598
1379.123 1.1605629335976215
1380.124 1.0505254745254746
1381.133 1.145125867195243
1382.153 0.8798117647058823
1383.173 0.3700652818991098
1384.174 0.8637122877122877
1385.175 0.7845514485514485
1386.183 1.0582222222222222
1387.193 0.9088237623762375
1388.195 0.8593612774451097
1389.213 1.2040550098231828
1390.223 0.832459405940594
1391.234 0.4871216617210682
1392.243 0.56401189296333
1393.253 0.4725386138613861
1394.254 0.5466533466533465
1395.303 0.35897807435653
1396.314 0.3247477744807122
1397.475 0.2993695090439276
1398.584 0.8028710550045086
1399.724 0.6527999999999999
1400.733 0.7066481665014865
1401.734 0.8655904095904096
1402.743 0.7616650148662042
1403.754 1.0824925816023736
1404.824 0.612418691588785
1405.844 0.6984235294117647
1406.854 0.7445623762376238
1407.864 0.9752079207920793
1408.874 0.7977821782178217
1409.884 0.8276118811881188
1410.885 0.9506893106893106
1411.894 1.0631199207135777
1412.904 1.2121980198019802
1413.905 1.2901018981018981
1414.914 1.3335659068384538
1416.095 1.167187129551228
1417.104 1.4642616451932606
1418.114 1.0942415841584159
1419.115 1.1683676323676322
1420.314 1.0987623019182653
1421.324 1.3327841584158417
1422.407 0.9037636195752539
1423.426 1.5682826300294408
1424.427 1.2245034965034967
1425.428 0.9514805194805195
1426.434 1.2753466135458167
1427.448 1.0350453648915188
1428.449 1.3666333666333665
1429.465 1.1292362204724409
1430.474 1.507647175421209
1431.494 1.255521568627451
1432.515 1.5006464250734572
1433.595 1.288903096903097
1434.615 1.292650980392157
1435.625 1.2857980198019803
1436.635 1.3809029702970297
1437.645 1.3977980198019802
1438.665 1.5012644135188866
1439.679 0.9772623274161736
1440.685 1.3176358208955223
1441.735 0.9463619047619047
1442.755 1.4162823529411765
1443.765 1.4953188118811882
1444.775 1.5357465346534656
1445.776 1.4978301698301697
1446.785 1.4859544103072349
1447.795 1.1811722772277229
1448.825 1.655575638506876
1449.835 1.384340594059406
1450.845 1.3869623762376238
1451.865 1.545035294117647
1452.875 1.0997465346534656
1453.895 1.5541132075471698
1454.905 1.301029702970297
1455.955 0.9741409523809524
1456.956 0.9511768231768233
1458.336 1.1920521739130436
1459.345 1.7571139742319128
1460.357 1.3204268774703556
1461.365 0.7708571428571429
1462.375 0.6521663366336634
1463.399 0.9209236790606654
1464.405 0.8567634194831014
1465.406 1.126105894105894
1466.426 1.3520392156862744
1467.453 0.7284128529698151
1468.455 0.7317844311377245
1469.495 0.1757923076923077
1481.161 0.01594788273615635
1482.192 0.3078331716779825
1483.232 0.5051076923076924
1484.271 0.3723426371511068
1485.322 0.29016936251189346
1486.352 0.380978640776699
1487.612 0.3425904761904762
1488.632 0.582321568627451
1489.652 0.5605098039215686
1490.662 0.9349386138613861
1491.679 1.0456873156342181
1492.682 0.8674297108673978
1493.683 0.9097622377622377
1494.692 1.177181367690783
1495.702 1.0974891089108911
1496.832 1.0866761061946901
1497.842 1.067881188118812
1498.852 0.9443801980198019
1499.861 1.0982279484638258
1500.882 1.0906562193927523
1502.112 1.1870764227642274
1503.122 1.5169900990099012
1504.252 0.765670796460177
1505.292 0.8944615384615384
1506.302 1.3761267326732671
1507.303 1.1807712287712289
1508.312 0.8448840436075322
1509.332 1.1587764705882353
1510.342 1.1594138613861387
1511.362 0.8184313725490195
1512.372 1.0402217821782178
1513.382 0.7186930693069307
1514.392 0.8379247524752474
1515.413 0.8396787463271302
1516.622 0.907454094292804
1517.643 1.1362037218413321
1518.662 0.9525338567222768
1519.663 1.0816863136863137
1520.692 1.2411273080660836
1521.703 0.8757623762376239
1522.712 0.867559960356789
1523.723 0.9656656775469832
1524.732 0.9020336967294351
1525.923 0.9946801007556675
1526.932 1.138870168483647
1527.952 0.727278431372549
1529.302 0.34048
1530.322 0.450635294117647
1534.394 0.03218860510805501
1535.402 1.1640993048659383
1536.412 0.19504158415841583
1539.756 0.013090909090909092
1540.763 1.536325719960278
1541.773 0.5792237623762376
1542.783 0.5359049504950496
1543.953 0.4286017094017094
1545.173 0.4720065573770492
1546.203 0.5244194174757282
1547.223 0.427278431372549
1548.233 0.4643089108910891
1549.243 0.5279683168316831
1550.473 0.504949593495935
1551.483 0.7220277227722772
1552.493 0.7812752475247524
1553.503 0.7250376237623762
1554.553 0.7336761904761906
1555.563 1.1377425742574259
1556.663 0.6599709090909092
1557.677 0.8470532544378698
1558.683 1.2033320079522862
1559.693 1.12709702970297
1560.713 0.9296000000000001
1561.724 0.9929574678536103
1562.733 0.885217046580773
1563.743 1.0380514851485148
1564.744 1.3567472527472528
1565.754 1.419239603960396
1566.793 0.9171896053897979
1568.213 0.05394929577464788
1569.214 1.0871448551448553
1570.223 1.0221367690782952
1571.233 0.9303683168316832
1572.254 1.0658883447600391
1573.263 1.2826560951437065
1574.264 1.4042197802197802
1575.284 1.2912549019607844
1576.285 1.1994405594405593
1577.294 1.257165510406343
1578.303 1.2255460852329036
1579.354 1.0006393910561369
1580.363 1.3883369672943509
1581.364 1.1360879120879122
1582.594 1.1963967479674797
1583.604 1.3869623762376238
1584.614 1.1590574257425743
1585.624 1.4628118811881188
1586.644 0.8828078431372549
1587.744 1.2260072727272726
1588.745 1.5743616383616383
1589.764 1.1474386653581943
1590.854 1.1199633027522935
1591.864 1.4736475247524752
1592.874 1.1767366336633664
1593.89 0.934992125984252
1594.895 1.1753067729083666
1595.904 1.4169126984126983
1596.934 1.271906796116505
1597.947 1.620533070088845
1598.954 1.3504428997020854
1599.955 1.2822537462537462
1600.964 1.7896531219028742
1601.965 1.162917082917083
1602.974 1.4425688800792864
1603.984 0.4397227722772277
1604.994 1.3436198019801981
1606.004 1.006011881188119
1607.014 1.2135920792079207
1608.035 0.9088316831683169
1609.044 1.3883369672943509
1610.045 1.0073366633366634
1611.054 1.4208761149653122
1612.055 1.0958001998001998
1613.075 1.2025238095238096
1614.285 1.2541289256198347
1615.306 1.5006464250734572
1616.315 1.1566541129831518
1617.388 1.1488536812674743
1618.585 1.3224461152882208
1619.595 1.5846653465346534
1620.665 1.3025271028037382
1621.815 1.5151165217391303
1622.825 2.03710099009901
1623.835 1.2443168316831683
1624.845 1.3618138613861386
1625.925 1.7121037037037037
1626.926 2.21026973026973
1627.945 1.802739941118744
1628.946 1.8184535464535465
1629.955 1.8371774033696728
1630.965 1.6606495049504952
1631.966 1.9684795204795205
1633.025 1.7597733711048158
1634.026 2.186613386613386
1635.035 1.5976134786917737
1636.045 2.1888
1637.055 1.5093465346534654
1638.065 2.1454574257425745
1639.075 1.3450455445544556
1640.076 2.17568031968032
1641.077 1.707260739260739
1642.086 1.6506402378592666
1643.095 1.8973875123885033
1644.287 1.855035413153457
1645.296 2.0716590683845393
1646.306 2.1562930693069307
1647.315 1.6532249752229928
1648.316 1.9460859140859141
1649.325 1.3774905847373637
1650.336 1.0166805143422353
1651.496 0.8774068965517241
1652.506 0.9535366336633664
1653.526 0.5579294117647059
1654.545 0.40811776251226695
1655.575 0.4143844660194175
1656.586 0.23590900098911965
1657.596 0.15169900990099008
1658.616 0.1287529411764706
1659.636 0.2575058823529412
1660.656 0.4184470588235294
1661.686 0.4993864077669903
1662.696 0.9535366336633664
1663.698 0.9197445109780439
1664.706 0.728563492063492
1665.707 1.2354365634365634
1666.716 1.1982239841427156
1667.736 0.8595450980392156
1668.746 1.5061544554455446
1669.756 1.249219801980198
1670.766 1.2823920792079206
1671.776 1.7011960396039605
1672.777 1.1751848151848152
1673.886 1.1367574391343553
1674.906 1.4982857142857142
1675.916 1.3477465346534656
1676.917 1.470897102897103
1678.106 1.4118316498316499
1679.107 1.7164915084915087
1680.108 1.3575624375624376
1681.236 1.277304964539007
1682.246 1.4519762376237624
1683.247 1.13603996003996
1684.266 1.3404985279685966
1685.418 1.4365208333333332
1686.427 1.778806739345887
1687.429 1.271049900199601
1688.437 1.4488508946322067
1689.446 1.6486501486620417
1690.487 1.4585313432835822
1691.496 1.8872705649157582
1692.497 1.250237762237762
1693.507 1.5048237623762377
1694.587 2.025103703703704
1695.617 1.7425447394296951
1696.877 1.6858031746031743
1697.878 2.3287432567432567
1698.879 2.2351888111888107
1699.897 1.9197406679764244
1701.147 2.586566037735849
1702.157 1.690360396039604
1705.779 0.2927730535615682
1706.788 6.562061446977205
1707.797 1.1438731417244796
1709.508 1.080967855055523
1710.577 2.0627116104868914
1711.587 1.0618930693069308
1712.597 1.3219485148514853
1713.599 1.213005988023952
1714.607 1.8692830188679246
1715.608 1.530981018981019
1716.617 2.245201189296333
1717.627 1.3108118811881189
1718.629 1.8676886227544909
1719.637 1.2909920634920633
1720.647 1.787881188118812
1721.648 1.3795644355644356
1722.657 1.8872705649157582
1723.658 1.5793006993006993
1724.678 1.7611450980392158
1725.828 1.5999582608695653
1726.838 2.004594059405941
1727.848 1.5158019801980198
1728.867 1.815610337972167
1729.877 1.9179089108910892
1730.898 1.3525719882468168
1731.918 1.4629411764705882
1732.928 1.9395801980198022
1733.938 1.6344950495049504
1734.968 1.7862446601941746
1736.378 0.9081191489361702
1737.478 1.70856
1738.488 0.8460178394449951
1739.49 1.9878323353293412
1740.498 1.8543650793650794
1741.499 2.0062257742257743
1742.508 2.0002457879088205
1743.509 1.9747932067932066
1744.538 1.7277556650246306
1745.548 1.7988118811881189
1746.558 1.8095524752475247
1747.568 1.3194534653465346
1748.569 1.4983736263736265
1749.588 1.6144475247524752
1750.589 1.9351528471528474
1751.598 1.3381645193260654
1752.609 1.4330603363006924
1753.618 1.373668979187314
1754.638 1.965142857142857
1755.639 1.7740899100899101
1756.768 1.3724074402125774
1757.779 1.905186943620178
1758.78 1.4992207792207792
1759.789 1.8221922695738355
1760.899 1.4745153153153154
1761.908 1.702882061446977
1762.909 1.0979260739260739
1763.989 1.235851851851852
1764.998 1.033479125248509
1765.999 0.9402437562437562
1767.018 0.45606280667320903
1768.019 0.5903856143856144
1769.238 0.3510155865463495
1770.269 0.3078331716779825
1771.279 0.3142336633663367
1772.328 0.21908865586272638
1773.418 0.18072660550458713
1774.428 0.30339801980198017
1775.598 0.13095384615384614
1776.669 0.2656806722689076
1777.679 0.24921980198019802
1778.768 0.12059504132231404
1779.799 0.10614936954413191
1780.808 0.1301565906838454
1781.851 0.22034899328859062
1783.029 0.01233276740237691
1784.099 0.11250841121495327
1785.159 0.11356981132075473
1786.319 0.2730620689655172
1787.339 0.33261176470588233
1788.499 0.2684206896551724
1789.519 0.2896941176470588
1790.579 0.2374641509433962
1792.989 0.03553858921161826
1794.749 0.3154837976122797
1795.759 0.4009188118811881
1796.76 0.7692467532467532
1797.909 1.021556135770235
1798.969 1.2076226415094342
1799.98 1.0210089020771513
1801.159 1.4203562340966922
1802.16 1.5855984015984015
1803.169 1.5366422200198218
1804.17 1.580043956043956
1805.171 1.6280919080919083
1806.23 1.3296241737488197
1807.24 1.6798336633663367
1808.249 1.9713379583746284
1809.25 1.8877202797202797
1810.251 1.5998961038961037
1811.26 1.403567888999009
1812.27 1.6578534653465347
1813.271 0.8482157842157841
1814.279 1.2931031746031747
1815.48 1.6121831806827642
1816.669 1.4828393608074013
1817.81 1.6716774758983348
1818.979 1.686350727117194
1820.05 1.8614005602240895
1821.2 1.989746086956522
1822.21 1.9293705179282867
1823.22 1.204039603960396
1824.23 1.9179089108910892
1825.24 1.4653227722772277
1826.35 1.4107315315315316
1827.36 1.8476883116883116
1828.361 1.350065934065934
1829.37 1.795139742319128
1830.38 1.8478178217821781
1831.381 1.6706573426573428
1832.411 1.7295324165029469
1833.42 1.6788582755203172
1834.421 1.672999000999001
1835.651 1.3086959349593497
1836.76 1.3840577096483317
1837.83 1.404785046728972
1838.93 1.423447272727273
1839.931 1.8476883116883116
1840.932 1.3426253746253747
1841.94 1.4982857142857142
1842.941 0.6023736263736263
1843.951 0.9752079207920793
1845.402 0.5515423845623708
1846.403 1.8854185814185815
1847.42 1.8101396263520158
1848.421 2.2603636363636364
1849.431 1.7811247524752476
1850.441 1.7337029702970297
1851.451 1.18270099009901
1852.461 1.145330693069307
1853.471 1.2786059405940593
1854.491 0.9677411764705883
1855.492 1.6836923076923076
1856.501 1.4581486620416253
1857.511 1.571168316831683
1858.55 0.29590760346487005
1860.111 0.007010890454836643
1861.132 2.1139431929480903
1862.141 0.6724757185332012
1863.151 1.0727287128712872
1864.152 0.8734305694305694
1865.161 0.8785569871159564
1866.171 0.7043168316831683
1867.212 0.28999807877041306
1868.542 0.10778181818181819
1874.381 0.020617228977564652
1875.412 1.2101028128031037
1876.432 0.2255387634936212
1877.461 0.2754052478134111
1878.491 0.37188349514563107
1879.621 0.3358999106344951
1880.632 0.4449535113748764
1881.641 0.44753221010901884
1882.651 0.7920237623762376
1883.682 0.5910378273520853
1884.701 0.8679880358923231
1885.802 0.6790118074477748
1886.811 0.9398295341922696
1887.832 0.9304211557296769
1888.852 0.7964941176470588
1890.091 0.8779624489795919
1891.093 0.6990179640718563
1892.131 0.349888246628131
1893.132 0.5138541458541458
1894.142 0.4159524752475248
1895.167 0.41640585365853655
1896.292 0.20004266666666667
1897.322 0.777126213592233
1898.572 1.3126143999999997
1899.582 1.0693940594059406
1900.702 0.7507071428571429
1901.712 0.8513821782178218
1902.882 0.5830222222222223
1903.892 0.6718099009900991
1905.112 0.7183934426229509
1906.133 0.5681018609206661
1907.152 0.3758979391560353
1908.172 0.565764705882353
1909.173 0.9678561438561438
1910.182 1.1534905847373635
1911.213 0.8068205625606206
1912.222 1.388765113974232
1913.382 1.3576413793103448
1914.622 1.3883395311236864
1915.632 1.2342178217821782
1916.642 0.9052990099009901
1917.742 0.8492072727272728
1918.763 0.546664054848188
1919.792 0.5317784256559767
1920.812 0.5165647058823529
1921.822 1.0293861386138614
1922.823 0.5706133866133867
1923.862 0.5161270452358037
1924.872 0.33590495049504954
1926.112 0.22168387096774195
1927.162 0.21888
1928.173 0.09742433234421366
1996.026 0.0004838695415088501
1997.035 0.41216253716551043
1998.176 0.45257790368271955
1999.196 0.5222196078431373
2000.246 0.6141104761904762
2001.386 0.7738947368421054
2002.546 1.266896551724138
2003.716 1.5312820512820513
2004.726 1.13009900990099
2005.727 1.214257742257742
2006.916 1.3626913372582
2007.917 0.970941058941059
2008.926 1.1230525272547076
2009.946 1.1337882352941178
2010.966 1.1704549019607844
2011.976 1.1594138613861387
2012.986 0.35077227722772275
2013.996 0.6176316831683168
2015.006 0.6826455445544554
2016.017 0.5984094955489614
2017.036 0.5906967615309127
2018.046 0.422590099009901
2019.066 0.3004235294117647
2021.726 0.07990676691729323
2022.737 0.35722255192878344
2023.836 0.7779654231119199
2024.846 0.8129029702970297
2025.867 1.072822722820764
2027.036 1.023110350727117
2028.046 0.5767049504950494
2029.056 0.5841346534653465
2030.067 0.8226943620178041
2031.206 1.0911255487269536
2032.208 1.482059880239521
2033.217 1.4652923686818633
2034.237 1.6012627450980392
2035.247 1.7823841584158415
2036.257 1.6442851485148515
2037.267 1.8094653465346535
2038.268 2.339676323676324
2039.277 1.7578751238850348
2040.377 2.2535999999999996
2041.397 2.104086274509804
2042.407 1.8526178217821783
2043.456 1.9702900763358777
2044.463 2.919126117179742
2045.467 2.5814581673306773
2046.468 2.160295704295704
2047.469 2.498989010989011
2048.47 2.846793206793207
2049.489 2.7905807730426164
2050.547 2.4803024574669186
2051.697 2.1167234782608695
2052.698 2.2303456543456543
2053.699 1.356819180819181
2054.707 1.7154285714285713
2055.717 1.3465742574257427
2056.727 2.253813861386139
2057.728 2.0603876123876126
2058.738 2.9613465346534653
2059.74 2.8894291417165667
2060.749 2.75952380952381
2061.758 3.205407333994054
2062.759 3.236835164835165
2063.76 3.9114885114885114
2064.778 2.8237125748503
2065.788 2.3491643564356437
2066.789 2.8644635364635365
2067.798 2.1988253968253963
2068.808 2.306463366336634
2069.828 2.9263777335984096
2070.829 2.7365194805194806
2072.038 2.280516129032258
2073.048 2.654732673267327
2074.049 2.416167832167832
2075.249 2.468586666666667
2076.258 2.5488999008919726
2077.259 1.7510809190809191
2078.378 1.5864950848972297
2079.408 1.6256621359223302
2080.428 0.9451148184494602
2082.5 0.06325868725868726
2083.518 2.024746561886051
2084.52 1.1031377245508982
2085.528 0.8005
2086.558 0.6906407766990291
2087.608 0.21888
2088.648 0.1999384615384615
2090.099 0.015084769124741557
2100.501 0.005260526821765045
2127.977 0.0003983547482983293
2129.057 0.152
2197.252 0.002242979690593152
2198.424 0.4839795221843003
2199.844 0.046242253521126764
2201.084 0.02647741935483871
2202.344 0.02605714285714286
2203.784 0.0285993031358885
2229.357 0.00042795135494466815
2231.277 0.0057
2232.435 0.05670466321243524
2233.617 0.055553299492385785
2235.038 0.06931456720619282
2236.137 0.03783075523202912
2237.258 0.07810169491525423
2238.418 0.06604137931034483
2239.658 0.12356129032258065
2240.68 0.08566731898238747
2241.717 0.10575120540019287
2242.858 0.0864
2250.869 0.013661215828236175
2251.879 0.5667564356435644
2253.039 1.001655172413793
2254.04 1.3093386613386613
2255.049 0.9308701684836471
2256.109 1.2548830188679243
2257.119 1.6774811881188116
2258.12 2.2109730269730274
2259.299 2.0441526717557252
2260.31 1.9766646884272998
2261.319 2.040737363726462
2262.32 1.9426413586413587
2263.329 2.0502438057482655
2264.33 2.56991008991009
2265.34 3.5104792079207927
2266.341 4.373226773226772
2267.35 3.1305450941526263
2268.351 3.292107892107892
2269.359 1.8022539682539682
2270.37 1.2674342235410483
2271.379 2.136737363726462
2272.469 0.05258715596330275
2273.47 1.3119680319680318
2274.476 1.478671968190855
2275.48 2.692398406374502
2276.49 1.9315009900990099
2277.5 1.558550495049505
2278.651 1.3026307558644659
2279.67 1.450767096134787
2280.68 1.0944
2281.689 1.1605629335976215
2282.84 0.7934735013032146
2283.86 0.997835294117647
2284.87 0.8410059880239521
2285.9 0.7331417475728156
2286.91 0.2708910891089109
2299.661 0.0017165712493137793
2315.993 0.0007215282880235121
2317.013 0.5427764705882353
2318.023 0.7954613861386138
2319.024 0.704983016983017
2320.063 0.9933397497593841
2321.234 0.5236686592655849
2322.293 1.1292237960339944
2323.314 1.0333028798411121
2324.324 0.8733386138613862
2325.484 1.0103310344827585
2326.494 1.452807920792079
2327.504 1.5637702970297032
2328.884 0.6300314960629921
2329.914 0.4311059280855199
2331.134 0.09867540983606557
2332.154 0.9334588235294118
2333.163 0.36918929633300296
2334.374 0.7774599504541702
2335.384 0.899358415841584
2336.385 0.7394925074925075
2337.394 0.7653914767096135
2338.404 0.5675485148514852
2339.414 0.6393029702970296
2340.434 0.447921568627451
2341.444 0.7584950495049506
2342.454 0.7796514851485149
2343.464 0.7883405940594059
2344.474 0.8724277227722772
2345.475 0.9308691308691309
2346.544 1.0656164639850327
2347.554 1.4736475247524752
2348.564 1.5145742574257428
2349.565 1.6013026973026971
2350.574 1.4642616451932606
2351.575 1.322901098901099
2352.584 1.5578751238850348
2353.585 1.4319360639360639
2354.594 1.5184935579781962
2355.604 1.0727287128712872
2356.615 1.2473273986152322
2357.735 1.7028571428571428
2358.736 2.350609390609391
2359.756 1.782325396825397
2360.905 1.3908859878154916
2361.915 1.6370376237623763
2362.925 1.317560396039604
2363.935 1.6578534653465347
2365.015 1.2255204678362572
2366.035 0.9763764705882353
2367.045 1.5386613861386138
2368.055 1.6253465346534652
2369.476 0.5859704433497537
2370.495 1.2700514851485147
2371.515 1.2184705882352942
2372.525 1.9179089108910892
2373.535 1.7337029702970297
2374.536 1.3701578421578422
2375.555 1.8730029850746268
2376.575 1.3996549019607845
2377.631 1.3783636363636362
2378.635 1.9441437125748502
2379.639 1.2255059760956175
2380.655 1.7234645669291337
2381.666 1.4352838773491592
2382.678 1.5218339920948618
2383.685 1.7823396226415094
2384.695 1.35089900990099
2385.696 0.9949090909090907
2386.705 0.9842933597621407
2387.716 1.3954342235410484
2388.875 1.5793615185504746
2389.876 0.5794525474525475
2390.885 0.7050148662041625
2391.905 0.32188235294117645
2401.846 0.013184991449552357
2402.955 0.605826714801444
2404.396 0.22006939625260236
2405.405 0.3602854311199207
2406.406 0.634981018981019
2407.438 0.4448759689922481
2408.446 0.42173809523809525
2409.475 0.4566841593780369
2410.515 0.33673846153846154
2411.596 0.0800740055504163
2412.616 0.4686745098039216
2413.636 0.330721568627451
2414.706 0.15580560747663552
2415.746 0.16836923076923077
2416.806 0.051622641509433964
2417.816 0.10835643564356436
2418.845 0.06417103984450924
2419.988 0.18192125984251967
2421.006 0.09675442043222005
2423.052 0.03209384164222874
2424.606 0.07498069498069497
2425.944 0.4000956651718984
2427.247 0.3733967766692249
2428.256 0.530005946481665
2429.416 0.2585448275862069
2430.473 0.30026111636707664
2431.526 0.13143399810066478
2432.646 0.09771428571428571
2433.686 0.08418461538461539
2434.886 0.07803208556149732
2435.967 0.07086771507863089
2437.076 0.062131650135257
2438.396 0.08290909090909092
2439.406 0.08668514851485148
2440.426 0.05364705882352941
2441.566 0.048
2442.128 0.058419928825622774
