0.0 1.5175089820359282
1.003 2.6388354935194416
2.069 0.3926454033771107
3.109 1.2156153846153845
4.268 0.9218912855910267
5.398 1.1460035398230088
6.555 1.0883595505617976
7.758 1.1624472152950955
8.759 1.3629490509490507
9.909 1.1180452173913042
10.969 1.4600754716981132
11.979 1.405718811881188
13.118 1.0153959613696224
14.198 1.162548148148148
15.218 1.3992156862745098
16.398 1.012935593220339
17.399 1.241334665334665
18.428 1.4102001943634594
19.588 1.0898068965517242
20.748 1.0056275862068966
21.75 1.4667145708582834
22.978 1.0468534201954396
23.979 1.3089870129870131
25.139 1.0548827586206895
26.358 1.1645020508613617
27.359 1.1063976023976023
28.578 1.1281706316652995
29.579 1.4360919080919081
30.758 1.0734656488549617
31.768 1.3578693069306929
32.788 0.7789333333333333
33.797 0.7747472745292368
34.808 0.9276280909990109
35.818 0.9420356435643564
36.827 1.0649752229930625
37.828 1.4325114885114885
38.838 0.8347485148514852
39.928 1.094730275229358
40.978 1.248472380952381
42.198 1.12552131147541
43.208 1.0881346534653464
44.428 0.7562032786885247
45.438 0.8505188118811882
46.456 0.9747740667976424
47.487 0.847208535402522
48.488 0.6759160839160839
49.537 0.8515614871306005
50.553 0.9964173228346456
51.558 0.9525174129353233
53.178 0.4831604938271605
54.197 0.6604749754661433
55.207 0.7916277227722773
56.428 0.5760786240786241
57.447 0.7404749754661433
58.448 0.7325714285714285
59.537 0.8559926470588235
60.557 1.0121568627450979
61.567 1.2058059405940593
62.568 0.951904095904096
63.587 0.9237762512266928
64.588 1.447968031968032
65.597 1.3085431119920714
66.677 0.7575333333333333
67.678 1.215944055944056
68.679 0.9763436563436564
69.699 1.116666666666667
70.717 0.819591355599214
71.767 0.9223771428571428
72.949 0.9994517766497462
74.077 1.0096823425022183
75.097 1.1052941176470588
76.098 1.045922077922078
77.237 1.2308551360842843
78.337 1.2805163636363637
79.397 1.0610037735849058
80.398 1.1917042957042958
81.407 1.1518889990089196
82.552 1.0981938864628822
83.768 1.1955
84.769 1.4708411588411587
85.777 0.9830396825396825
86.787 0.9755643564356437
87.797 1.0834455445544555
88.798 1.3236603396603395
90.027 1.090454027664768
91.028 1.2904375624375624
92.037 0.8835678889990088
93.038 1.0964875124875124
94.047 1.238414271555996
95.057 1.2662653465346534
96.058 1.1041918081918083
97.257 1.0911426188490407
98.258 1.3544855144855144
99.267 1.322061446977205
100.277 1.1471366336633664
101.287 1.0912554455445544
102.477 0.8230857142857143
103.567 0.9543486238532111
104.666 0.8999963603275706
105.677 0.8609693372898121
106.846 0.8526946107784431
107.857 0.9903461918892187
109.137 0.5064187499999999
110.157 0.6156705882352941
111.167 0.922550495049505
112.177 0.9595485148514852
113.186 0.6934628344895937
114.189 0.8587676969092722
115.197 0.8526111111111111
116.267 0.8027140186915888
117.268 1.2055944055944054
118.347 1.0063392029657088
119.466 1.1172046470062555
120.497 0.9118913676042676
121.507 1.0905425742574257
122.517 0.7691168316831684
123.526 1.0436471754212093
124.607 1.0879555966697503
125.727 1.1698857142857144
126.736 1.0817998017839445
127.846 1.0659603603603602
128.967 1.1590294380017843
130.106 1.1299596136962247
131.246 1.0502456140350878
132.256 0.978091089108911
133.257 0.5567392607392608
134.265 0.9359285714285714
135.266 0.6532027972027973
136.267 0.8431648351648352
137.276 0.8484677898909811
138.286 0.8315722772277228
139.296 0.9976871287128712
140.316 1.2109882352941177
141.446 0.9100318584070797
142.447 1.0813506493506493
143.448 1.083868131868132
144.456 1.1121984126984128
145.586 0.916141592920354
146.607 1.0040195886385896
147.616 0.7702358771060456
148.665 0.5290142993326978
149.666 0.5684635364635364
150.686 0.38729411764705884
151.699 0.339964461994077
152.756 0.3992734153263955
153.986 0.36795447154471544
155.056 0.4536
156.086 0.2868815533980582
157.145 0.1653484419263456
158.146 0.4842437562437562
159.167 0.5095239960822723
160.176 0.8616689791873142
161.186 0.7715089108910892
162.196 0.930819801980198
163.207 0.8270069238377844
164.216 1.0958176412289395
165.226 0.8439841584158415
166.236 0.9325465346534653
167.356 1.017292857142857
168.387 1.0399999999999998
169.436 0.9520686367969495
170.437 1.2265494505494505
171.447 0.9739722772277228
172.496 0.9017121067683508
173.586 1.0473467889908257
174.636 0.5287390476190476
175.656 0.9387607843137254
176.657 1.0273806193806196
177.666 1.1227433102081268
178.876 0.8563305785123966
179.877 0.9684795204795205
181.087 1.1809190082644627
182.096 1.2989920634920633
183.105 1.2856689791873142
184.256 0.9581303214596004
185.306 0.9409066666666667
186.315 0.9142200198216055
187.346 0.9293579049466537
188.357 0.9832957467853611
189.367 1.0614019801980197
190.396 0.8515374149659863
191.415 0.9791277013752456
192.516 0.8118946412352407
193.525 0.7850624380574827
194.551 0.7089278752436647
195.555 0.6400956175298804
196.557 0.5073293413173653
197.565 0.4962063492063492
198.645 0.3526518518518519
199.775 0.46913982300884954
200.79 0.6157950738916256
201.966 0.6912517006802722
202.985 0.46349754661432774
204.025 0.18756153846153847
205.035 0.20587722772277228
206.055 0.33302745098039216
207.266 0.4873129644921553
208.285 0.8764671246319922
209.405 0.44505
210.547 0.45281260945709284
211.604 0.5557388836329235
212.686 0.6111571164510167
213.895 0.5586435070306038
215.055 0.6790068965517242
216.065 0.7792633663366336
217.075 0.6835881188118812
218.095 0.6471607843137255
219.155 0.25907924528301884
220.164 0.5446184340931616
221.167 0.7925104685942175
222.325 0.5677098445595855
223.335 0.7301702970297029
224.355 0.6943058823529411
225.366 0.6730919881305638
226.375 0.7492963330029733
227.395 0.7393411764705883
228.566 0.637472245943638
229.574 0.8583888888888889
230.575 0.8190849150849152
231.576 0.7396843156843157
232.585 0.8450109018830525
233.726 0.6337528483786152
234.735 0.8557224975222992
236.295 0.3892769230769231
237.334 0.5013564547206165
238.574 0.4157290322580645
239.754 0.6486983050847458
240.764 0.6001029702970297
241.794 0.4912932038834951
242.945 0.5104013900955691
243.954 0.56401189296333
245.095 0.4698475021910605
246.115 0.49719215686274504
247.124 0.5180733399405352
248.264 0.439880701754386
249.334 0.518377570093458
250.535 0.4874004995836802
251.764 0.4557982099267697
252.774 0.4334257425742574
253.794 0.45230588235294117
254.804 0.5720712871287129
255.814 0.6107485148514852
256.834 0.8162588235294118
258.254 0.4951492957746479
259.264 0.5266534653465346
260.274 0.5633663366336634
261.284 0.5516356435643563
262.304 0.49577254901960777
263.334 0.3825087378640777
264.384 0.26939428571428575
265.394 0.2657742574257426
266.404 0.43714851485148515
267.444 0.2525538461538462
268.904 0.08977534246575343
269.934 0.1527611650485437
271.004 0.16364859813084112
272.014 0.31866138613861383
273.194 0.42094915254237286
274.224 0.43563495145631065
275.254 0.36125825242718446
276.264 0.2678336633663366
277.274 0.44292277227722776
278.354 0.43444444444444447
279.364 0.41175445544554456
280.374 0.17171485148514853
281.594 0.09867540983606557
282.644 0.07296
284.184 0.06293506493506494
285.204 0.26823529411764707
286.234 0.053126213592233004
287.261 0.22456864654333009
288.324 0.2724666039510818
289.545 0.425344262295082
290.824 0.5021798279906177
292.025 0.6109575353871773
293.034 0.8026323092170465
294.134 0.4121090909090909
295.144 0.7072950495049505
296.154 0.4334257425742574
297.184 0.3019106796116505
298.203 0.49403729146221786
299.205 0.4923592814371257
300.394 0.5281816652649285
301.424 0.6268893203883494
302.47 0.32861950286806885
303.583 0.2751913746630728
304.593 0.46593267326732674
305.594 0.575024975024975
306.634 0.3797230769230769
307.653 0.4021511285574092
308.664 0.5161701285855588
309.693 0.497290573372206
310.724 0.4585916585838991
311.873 0.4050130548302872
312.894 0.4394750244857982
313.897 0.3526221335992024
314.914 0.31215732546706
315.923 0.27115956392467794
318.494 0.08092104239595489
319.504 0.42057029702970294
320.545 0.5082881844380404
321.553 0.4196825396825397
322.563 0.34605940594059403
323.566 0.6657228315054836
324.743 0.7985998300764655
325.744 1.0301938061938063
326.754 0.8778059405940594
327.894 0.9497333333333334
328.903 1.0483250743310208
329.913 0.9618851485148514
330.924 0.7414915924826905
331.953 0.5495276967930028
332.973 0.4843529411764706
333.993 0.5190745098039217
335.01 0.48225762045231074
336.013 0.5665882352941176
337.053 0.5464
338.843 0.09782346368715084
339.943 0.41285090909090916
340.973 0.22313009708737863
341.993 0.20385882352941176
343.497 0.08714893617021276
344.933 0.20105292479108636
345.983 0.10422857142857143
347.243 0.22319999999999998
348.446 0.19104239401496256
349.453 0.21735849056603773
350.464 0.11654995054401583
351.493 0.1913469387755102
352.576 0.192
353.613 0.13209643201542912
354.672 0.20668555240793202
355.703 0.21229873908826383
356.723 0.1783686274509804
357.744 0.11790793339862879
358.764 0.1824
359.773 0.20489197224975222
360.793 0.4077176470588235
361.813 0.2076
362.823 0.24921980198019802
363.882 0.1625004721435316
364.893 0.2597982195845697
365.943 0.2501485714285714
366.973 0.1612893203883495
367.983 0.3575762376237624
369.072 0.17815243342516068
370.133 0.22713962264150947
371.184 0.16376022835394866
372.203 0.24701864573110893
373.222 0.15035917566241414
374.258 0.09425482625482626
375.302 0.2096551724137931
376.303 0.35662737262737265
377.333 0.32944466019417473
378.336 0.3382492522432702
379.343 0.4227765640516385
380.352 0.4402537165510406
381.372 0.35904313725490195
382.373 0.4045234765234765
383.402 0.2791292517006803
384.432 0.2949359223300971
385.46 0.3938988326848249
386.462 0.5554650698602794
387.463 0.6690189810189809
388.472 0.5373412698412698
389.482 0.560190099009901
390.492 0.6262257425742574
391.512 0.6032862745098039
392.533 0.5885210577864839
393.543 0.6859643564356437
394.564 0.47688932419196867
395.612 0.7232320916905444
396.633 0.85035847208619
397.643 0.8289663366336634
398.812 0.5608767123287671
399.832 0.7251686274509804
400.844 0.5169565217391303
401.852 0.4808015873015873
402.872 0.5345098039215685
403.882 0.4057821782178218
404.892 0.31021782178217816
406.612 0.20920930232558138
408.012 0.16416
409.143 0.681053934571176
410.393 0.892576
411.402 1.109129831516353
412.422 0.8705333333333333
413.603 0.9177578323454699
414.612 1.1269137760158572
415.613 0.7201758241758243
416.692 0.9337089898053753
417.752 1.0341735849056604
418.903 0.9781407471763682
419.912 1.1293716551040633
420.922 0.7958495049504951
421.963 1.0021902017291067
422.964 0.9873726273726274
424.063 0.9585950864422202
425.203 1.0101122807017544
426.342 1.037998244073749
427.343 1.1661458541458543
428.344 1.0156883116883118
429.352 1.0082460317460318
430.362 1.0161029702970297
431.372 0.9702415841584159
432.527 0.7413056277056277
433.532 1.2332258706467663
434.539 1.0422641509433963
435.542 1.2874895314057826
436.545 1.3012323030907278
437.547 1.1746267465069862
438.553 1.2018051689860836
439.562 1.1302755203171457
440.57 1.2085079365079368
441.792 1.0180687397708674
442.802 1.2516673267326732
443.804 1.2801197604790417
445.002 1.0251886477462437
446.012 1.3894390485629335
447.013 1.3596963036963037
448.232 1.1356915504511895
449.242 1.2562376237623762
450.243 1.387244755244755
451.252 1.2693121902874134
452.253 0.9844315684315683
453.472 1.0221821164889253
454.483 1.1768783382789316
455.503 0.901364705882353
456.652 0.9376153176675369
457.672 0.9777098039215686
458.682 0.7311128712871288
459.772 0.8215119266055046
460.823 0.9559276879162703
461.852 0.5108260447035957
462.854 0.8803672654690619
463.902 1.1018244274809161
464.912 1.1601663366336634
465.913 1.3302857142857143
466.923 1.332831683168317
468.032 1.1226041478809738
469.052 1.3562745098039215
470.142 0.9633174311926606
471.143 1.1330349650349651
472.152 1.4247056491575818
473.172 1.3970951913640826
474.301 0.9946005314437555
475.302 1.3501458541458542
476.431 0.9572860938883968
477.432 1.2703296703296705
478.443 1.260003956478734
479.451 1.101190476190476
480.452 0.7430969030969031
481.453 1.2745414585414585
482.544 1.1698331805682862
483.612 1.2246891385767789
484.622 1.2912792079207922
485.631 1.3974390485629336
486.811 0.9590779661016948
487.822 1.3813095944609297
488.825 1.1729850448654038
489.832 1.2838530287984111
490.902 1.0645158878504675
492.031 0.9798618246235606
493.071 1.1121307692307691
494.151 1.2332148148148148
495.261 1.1540900900900901
496.271 1.0373518334985135
497.282 0.9803996043521266
498.471 1.200578637510513
499.601 1.338138053097345
500.602 1.025118881118881
501.611 0.9198889990089197
502.851 0.7621612903225805
503.931 0.9679777777777778
505.061 0.9067823008849557
506.062 1.0007672327672326
507.171 0.5084508566275925
508.361 0.4163764705882353
509.531 0.13095384615384614
510.543 0.8395098814229249
511.551 0.5840396825396825
512.554 0.880630109670987
513.561 0.6308877855014896
514.57 0.8249672943508425
515.571 0.7772387612387612
516.88 0.550252100840336
518.071 0.45832409739714525
519.081 0.6315247524752475
520.091 0.6277544554455445
521.101 0.6719366336633664
522.111 0.7310019801980199
523.141 0.2903533980582524
524.171 0.5066485436893204
525.3 0.853583702391497
526.311 1.0114183976261129
527.331 0.7145411764705882
528.771 0.6125777777777778
529.772 1.1107452547452545
530.791 0.612828263002944
531.87 0.5541649675625578
532.94 0.5068635514018691
533.941 0.5747212787212788
534.944 0.8561834496510469
535.96 0.573732283464567
536.97 0.5001742574257425
538.2 0.33711869918699183
539.41 0.4596429752066116
540.411 0.9865014985014986
541.42 0.9913577799801783
542.47 0.4690285714285714
543.481 0.4794935707220574
544.65 0.7714559452523524
545.681 1.0580329776915616
546.74 0.6303153918791313
547.75 0.7890772277227723
548.78 0.7651572815533981
549.81 0.2858330097087379
550.83 0.3467607843137255
551.84 0.5439524752475247
552.841 0.5981778221778221
553.85 0.725994053518335
554.89 0.41293846153846153
555.921 0.40841125121241517
556.93 0.1175079365079365
557.95 0.3433411764705882
558.96 0.26499009900990095
559.97 0.5565940594059405
561.0 0.6820038834951456
562.009 0.5314727452923687
563.01 0.5255304695304694
564.04 0.7549980582524272
565.07 0.4227728155339806
566.09 0.5091921568627451
567.1 0.8010148662041626
568.12 0.7792156862745099
569.14 0.5829333333333333
570.15 0.6270653465346535
571.16 0.5165227722772278
572.18 0.2896941176470588
573.19 0.5932910891089109
574.209 0.5936329735034347
575.21 0.4656703296703297
576.23 0.5793882352941176
577.25 0.2383294117647059
578.29 0.2209846153846154
579.329 0.2106641000962464
580.339 0.2555247524752476
581.379 0.33673846153846154
582.389 0.20386534653465346
583.4 0.292272997032641
584.48 0.22163703703703705
585.489 0.39046977205153616
586.529 0.24946923076923075
587.53 0.491988011988012
588.63 0.5678981818181817
589.631 1.061954045954046
590.84 1.2903887510339123
591.841 1.7574185814185814
593.02 0.9016861747243426
594.03 1.3883485148514851
595.26 1.0162601626016259
596.3 1.3046923076923076
597.302 1.3962437562437564
598.31 1.146015873015873
599.49 1.1274372881355934
600.5 1.3550099009900989
601.55 0.7791847619047618
602.553 1.2372003988035893
603.56 1.3290486593843098
604.561 1.6336783216783217
605.68 0.9237104557640751
606.681 1.3086353646353646
607.689 1.2796349206349207
608.69 1.1008831168831168
609.699 1.302739345887017
610.801 0.8751288566243194
612.02 1.0281936013125512
613.21 1.034601680672269
614.419 0.9662464846980976
615.42 1.2373306693306692
616.469 0.8872221163012393
617.7 1.0941023558082859
618.82 1.1951571428571428
619.83 1.3684752475247524
620.84 1.1958295341922696
622.019 1.6144461407972859
623.069 1.6566400000000001
624.28 1.1037291494632533
625.289 1.4010148662041624
626.459 0.9823247863247865
627.59 1.294210433244916
628.6 1.5977267326732674
629.61 1.407691089108911
630.619 1.5340971258671952
631.699 0.9804444444444443
632.7 1.4951128871128871
633.939 1.1275221953188053
634.949 1.2946613861386138
635.96 1.1683877349159246
636.979 1.1342021589793914
637.981 0.8731097804391218
638.989 1.2107380952380953
640.12 0.9759717064544651
641.129 1.3260178394449949
642.36 0.8318115353371243
643.361 1.2703856143856145
644.459 0.9441238615664844
645.46 1.26614985014985
646.469 1.213217046580773
647.479 1.0475722772277227
648.689 1.054790082644628
649.699 1.4891485148514851
650.729 0.6912699029126212
651.799 1.0045009345794391
652.809 1.5155758176412288
653.919 1.2312432432432434
654.92 1.4836283716283718
655.938 1.1071355599214145
657.02 1.2905286506469502
658.199 1.430485568760611
659.209 1.455437623762376
660.219 0.905750495049505
661.229 0.8910891089108911
662.239 1.4292277227722774
663.24 1.144183816183816
664.249 1.105934588701685
665.279 0.8152776699029126
666.439 1.197103448275862
667.539 1.2118327272727272
668.541 1.3145548902195607
669.549 1.3692301587301587
670.553 1.1377211155378486
671.579 1.1626510721247565
672.589 1.6635009900990099
673.748 0.9432407247627265
674.759 1.2820811078140455
675.76 0.9425374625374624
676.88 1.1308571428571428
677.889 1.3165113974231915
679.049 0.9578068965517241
680.059 1.36270099009901
681.168 0.9668169522091975
682.348 1.0956949152542372
683.358 1.1637782178217821
684.438 0.5457703703703705
685.468 0.5143533980582524
686.568 0.48444363636363635
687.598 0.40375922330097086
688.628 0.16198058252427186
689.668 0.2630769230769231
690.708 0.1536076923076923
691.739 0.22291367604267703
692.788 0.2058646329837941
693.798 0.22754851485148514
694.888 0.26020550458715597
695.918 0.3506330097087379
696.928 0.5348514851485148
698.018 0.6178715596330276
699.048 0.6261281553398059
700.058 0.6735841584158416
701.078 0.43626666666666664
702.228 0.33840695652173913
703.238 0.422590099009901
704.248 0.4937821782178218
705.268 0.6600470588235293
706.288 0.6045725490196079
707.299 0.5758100890207716
708.318 0.5855544651619233
709.348 0.3776621359223301
710.368 0.4184470588235294
711.398 0.23875728155339807
712.417 0.2577585868498528
713.418 0.26239360639360637
714.437 0.18098527968596664
715.477 0.2209846153846154
716.487 0.1574178217821782
717.499 0.151399209486166
718.537 0.23195375722543352
719.578 0.17263400576368876
720.7 0.2343050847457627
721.707 0.5153922542204568
722.708 0.6037962037962038
723.717 0.46066204162537167
724.734 0.6796696165191741
725.738 0.7829721115537849
726.748 0.650170297029703
727.898 0.6797008695652175
729.097 0.46511426188490407
730.187 0.21084770642201836
731.287 0.11938909090909092
732.347 0.07227169811320755
734.118 0.01853867871259176
735.148 0.20667184466019417
736.168 0.1287529411764706
737.198 0.20187961165048543
738.228 0.13812815533980582
739.287 0.12235694050991501
740.317 0.19125436893203884
742.658 0.02337462622810765
743.707 0.052163965681601525
745.087 0.16410434782608696
746.127 0.2525538461538462
747.137 0.2167128712871287
748.157 0.2167686274509804
749.387 0.38398699186991875
750.677 0.4624062015503876
751.699 0.28912720156555777
752.737 0.2635838150289017
753.738 0.368959040959041
754.763 0.28893658536585365
755.807 0.33544827586206893
756.847 0.1999384615384615
757.907 0.08161509433962265
759.037 0.13558938053097344
760.047 0.22754851485148514
761.077 0.1313864077669903
776.38 0.007866692805332287
777.401 0.5890538687561215
778.541 1.4155083406496927
779.691 1.425107049608355
780.76 1.4919588400374182
781.762 1.629109780439122
782.763 1.917010989010989
783.902 1.5739139596136964
784.91 2.0514603174603177
785.911 1.7782697302697301
787.03 1.5197998212689903
788.161 1.5307444739168878
789.301 1.6194526315789473
790.31 1.5546402378592665
791.381 1.470140056022409
792.512 1.5909106984969053
793.56 1.7599007633587787
794.6 1.649369230769231
795.601 1.8445234765234766
796.79 1.622950378469302
797.8 1.4732277227722772
798.81 1.3721346534653465
799.95 1.0198526315789473
800.96 1.0591683168316832
801.962 1.102491017964072
802.97 0.9498888888888889
803.99 1.3369333333333333
805.18 1.1755361344537816
806.33 1.2815582608695653
807.34 1.409671287128713
808.35 1.2661465346534653
809.36 1.0813544554455445
810.37 1.0842059405940594
811.38 0.9951841584158415
812.381 1.1763036963036964
813.39 1.264840436075322
814.4 1.205829702970297
815.41 1.0514772277227724
816.419 0.6580218037661051
817.42 0.8450829170829172
818.43 1.4236435643564358
819.44 0.939279207920792
820.441 1.114173826173826
821.449 0.9913492063492064
822.589 0.830665496049166
823.59 1.1973226773226773
824.601 1.1594381800197824
825.602 1.4244155844155844
826.69 1.8533088235294117
827.691 2.181962037962038
828.85 1.7540362381363246
829.851 2.1413706293706296
831.02 1.611168520102652
832.19 1.9751247863247865
833.191 1.9145414585414586
834.193 1.9325908183632734
835.34 1.5876059285091546
836.36 1.8992862745098038
837.379 1.2141236506378803
838.381 1.5763752495009982
839.382 1.8133146853146853
840.389 1.4906216484607746
841.39 1.7806513486513484
842.421 1.7217941747572816
843.54 1.660911528150134
844.58 1.631676923076923
845.73 1.8876660869565216
846.82 1.826556473829201
847.829 2.0177601585728446
848.96 1.7397418213969937
849.969 2.286358771060456
851.141 1.7331877133105802
852.142 1.3587372627372625
853.219 1.363572887650882
854.4 1.3359729043183743
855.419 1.7452168792934248
856.42 2.1853746253746253
857.55 1.6113982300884955
858.554 1.8570438247011951
859.69 1.8768028169014086
860.849 1.8050664365832614
861.85 2.0045714285714284
862.86 1.5585346534653466
863.875 1.4898837438423644
864.961 2.1694069981583795
866.01 2.3228015267175572
867.011 2.1444315684315685
868.02 2.0359484638255703
869.022 1.7694451097804391
870.22 1.8035459098497495
871.229 1.7842854311199208
872.269 1.6120307692307694
873.27 1.483996003996004
874.28 1.250590099009901
875.439 0.9528904227782571
876.481 1.3993704414587333
877.519 1.184508670520231
878.52 1.2983256743256741
879.529 1.3901209117938553
880.53 1.3604395604395605
881.54 1.5466376237623762
882.544 1.2754501992031873
883.549 1.46726368159204
884.638 1.1339871441689624
885.649 1.2277823936696342
886.659 1.030019801980198
887.669 1.1138059405940595
888.839 0.7928957264957265
889.979 0.9916561403508772
890.988 0.6803409316154608
892.039 0.8460057088487154
893.248 0.9325988420181968
894.274 1.3241013645224171
895.409 0.9404969162995594
896.519 1.147300900900901
897.528 0.9774430128840436
898.529 0.910033966033966
899.549 0.8873803921568627
900.55 0.5891468531468531
901.558 0.6072301587301586
902.568 0.6039524752475247
903.578 0.8779643564356435
904.588 0.9119049504950496
905.589 1.2566153846153845
906.598 1.0392943508424182
907.633 1.0123130434782608
908.648 0.8982935960591133
909.649 1.1996803196803196
910.658 1.2722775024777007
911.808 1.0423234782608695
912.818 1.2027009900990098
913.859 1.1908011527377522
914.868 1.444820614469772
916.039 0.9268249359521776
917.049 1.1472237623762376
918.058 0.9236709613478692
919.059 1.1524075924075925
920.199 1.062498245614035
921.208 1.2173240832507435
922.209 0.9221018981018981
923.348 0.767029876977153
924.358 0.8790178217821781
925.398 0.6172692307692307
926.399 0.3535104895104895
927.408 0.24281466798810705
929.79 0.06432241813602015
930.808 1.1087151277013751
931.818 1.1597861386138615
933.278 0.37266849315068495
934.689 0.25595464209780294
935.71 0.7753104799216455
936.739 1.0290301263362487
937.898 1.100493528904228
938.918 1.0718117647058825
940.038 0.6904785714285714
941.039 1.0842837162837162
942.048 1.0264975222993062
943.239 1.0625356842989087
944.408 1.5938751069289994
945.419 1.6112284866468842
946.518 1.1260054595086442
947.708 1.1789915966386555
948.738 0.8233009708737863
949.768 1.2219961165048543
950.919 1.0130182450043441
952.047 1.0335248226950355
953.157 0.9641729729729729
954.188 0.9960349175557712
955.308 0.9642642857142857
956.319 1.174108803165183
957.338 0.977224730127576
958.347 0.6969276511397423
959.357 0.598059405940594
960.417 0.6346943396226415
961.427 0.6235009900990098
962.478 0.633210275927688
963.487 0.9179861248761151
964.488 0.6686433566433567
965.737 0.7187253803042433
966.868 0.9207922192749779
967.878 1.3487762376237624
968.888 1.0
969.907 1.0422139352306183
970.928 0.5559177277179237
972.287 0.032211920529801326
973.297 0.5936633663366336
974.307 0.8348277227722771
975.348 0.7552122958693563
976.357 0.575238850346878
977.358 0.7916083916083916
978.368 0.916839603960396
979.377 0.7823032705649158
980.387 0.8278495049504951
981.407 0.6856235294117647
982.437 0.48365048543689315
983.577 0.26142456140350884
984.587 0.4442613861386139
985.588 0.8557042957042957
986.589 1.2678841158841159
987.608 1.2957958783120707
988.628 1.2643843137254904
989.637 1.179647175421209
990.818 1.0595563082133785
991.827 0.8269811694747276
992.867 1.0029384615384616
993.878 1.2543841584158415
994.968 1.637856880733945
996.078 1.6462774774774775
997.098 1.6390196078431372
998.107 1.1132210109018832
999.108 1.5775264735264736
1000.207 1.1035341219290264
1001.208 1.607864135864136
1002.347 1.2908516242317822
1003.357 1.4405861386138612
1004.368 1.1086290801186944
1005.377 1.400769078295342
1006.387 1.164831683168317
1007.397 0.9997940594059407
1008.538 1.0353023663453111
1009.547 0.9839444995044597
1010.551 1.1470996015936255
1011.627 1.1967657992565055
1012.637 1.5257267326732673
1013.648 1.2713036597428289
1014.818 1.331719658119658
1015.826 1.2665396825396826
1016.838 1.0029407114624507
1017.967 0.730947741364039
1018.977 1.019889108910891
1019.987 0.8932514851485147
1020.997 1.1165861386138611
1022.007 1.040229702970297
1023.017 1.1236356435643566
1024.038 1.149633692458374
1025.047 1.41198810703667
1026.057 1.226130693069307
1027.066 1.1286897918731418
1028.177 1.040950495049505
1029.337 1.2380811044003452
1030.346 1.1547433102081268
1031.347 1.2382097902097904
1032.356 1.1642576808721505
1033.357 1.0494545454545454
1034.367 0.9423683168316831
1035.487 1.0483285714285715
1036.506 0.7654406280667321
1037.516 0.8162376237623762
1038.517 0.5226293706293706
1039.536 0.3186810598626104
1040.616 0.2736
1041.636 0.27662745098039215
1042.746 1.09310990990991
1043.747 1.4737262737262737
1044.895 0.9550662020905923
1045.947 0.9998631178707225
1046.958 1.0316122650840753
1047.966 1.1527063492063492
1048.967 1.0891668331668332
1049.977 0.9271445544554456
1050.986 0.8759008919722497
1051.998 0.48186561264822136
1053.006 0.5379285714285714
1054.026 0.9192078431372549
1055.076 0.8206857142857142
1056.077 0.7381978021978021
1057.087 0.7793425742574258
1058.097 0.978891089108911
1059.117 1.0745019607843138
1060.136 0.6447576054955839
1061.357 0.2849140049140049
1062.666 0.2758991596638655
1063.686 0.7738666666666667
1064.687 1.2976703296703298
1065.786 1.2153011828935396
1066.906 1.1492357142857144
1067.918 0.9678814229249011
1068.926 0.7453968253968254
1069.937 1.1432087042532144
1071.136 0.9760667222685571
1072.157 0.8967208619000979
1073.166 0.5501684836471754
1074.186 0.6687843137254902
1075.196 0.7230336633663367
1076.216 0.6145176470588235
1077.226 0.6705742574257426
1078.246 0.569427450980392
1079.256 0.6285782178217822
1080.276 0.654086274509804
1082.086 0.06651049723756906
1083.096 0.7491485148514851
1084.116 0.8209333333333333
1085.136 0.6597411764705883
1086.376 0.7722709677419355
1087.377 0.08746453546453546
1088.496 0.7835567470956211
1089.497 1.1526153846153846
1090.666 0.9385731394354149
1091.676 1.2048316831683168
1092.677 1.0843876123876122
1093.686 1.228693756194252
1094.7 1.1542507403751232
1095.705 1.154889552238806
1096.717 1.1104490603363004
1097.726 1.099187314172448
1098.826 1.2883563636363635
1099.837 1.3794263105835805
1100.896 1.0038753541076488
1102.076 1.3456338983050848
1103.086 1.2761821782178215
1104.096 1.1091722772277228
1105.165 0.9173956969130028
1106.166 1.1607032967032966
1107.186 1.1354196078431373
1108.295 0.8440541027953111
1109.336 0.8862785782901057
1110.345 0.7220852329038652
1111.356 0.7188209693372898
1112.376 0.7145725490196079
1113.566 0.6088941176470588
1114.576 0.8854257425742575
1115.586 0.6989069306930693
1116.595 0.5476709613478692
1117.615 0.5388862745098039
1118.616 0.5829370629370629
1119.625 0.8810227948463826
1120.626 1.0808231768231769
1121.646 1.1764549019607844
1122.647 1.143088911088911
1123.656 1.22005946481665
1124.665 1.1825094152626363
1125.775 0.8958414414414414
1126.805 1.2813203883495146
1127.815 1.1851722772277227
1128.816 1.1386373626373627
1129.825 0.6734667988107037
1130.826 0.9316523476523477
1131.836 1.0292752475247524
1132.995 0.946567730802416
1133.997 1.1063473053892214
1135.046 1.1209151572926597
1136.047 1.2653586413586413
1137.055 1.1936904761904763
1138.106 1.2056555661274977
1139.125 1.164836113837095
1140.136 1.3029317507418399
1141.156 1.1411843137254902
1142.245 1.0939044117647059
1143.255 1.185291089108911
1144.276 1.0863153770812928
1145.277 1.1195204795204794
1146.295 1.0547190569744598
1147.325 1.0287424684159379
1148.385 1.0199169811320754
1149.445 1.075577358490566
1150.615 1.0354529914529913
1151.616 1.223968031968032
1152.617 1.3537982017982018
1153.785 1.0014041095890411
1154.876 0.996538955087076
1155.877 1.2012627372627374
1156.895 1.0023497053045185
1157.916 0.557790401567091
1159.036 0.8351428571428571
1160.045 1.0055873015873016
1161.205 0.9199724137931035
1162.216 1.1650405539070228
1163.285 1.0130065481758652
1164.295 0.9436118811881188
1165.305 1.0488871287128714
1166.315 1.132689108910891
1167.316 1.095088911088911
1168.325 1.0765986124876115
1169.334 0.9630238095238095
1170.345 1.1467220573689416
1171.346 1.0806793206793208
1172.555 0.8988188585607941
1173.556 1.114077922077922
1174.565 1.1745728444003964
1175.575 0.9656554455445545
1176.774 0.8045304420350291
1177.775 0.9821618381618382
1178.945 0.9109196581196581
1180.035 1.0469357798165138
1181.055 1.1245019607843136
1182.065 1.0334257425742575
1183.075 1.1152554455445545
1184.076 0.9250749250749251
1185.185 0.8704851217312894
1186.195 1.1776237623762378
1187.196 0.9640119880119881
1188.205 1.0485708622398415
1189.395 0.901653781512605
1190.405 1.1762851485148516
1191.555 1.1294121739130434
1192.574 1.0536581532416502
1193.584 0.6345663366336634
1194.604 0.6833254901960785
1195.614 0.7437465346534654
1196.704 0.5392880733944954
1197.714 0.6284118811881189
1198.724 0.6475326732673267
1199.734 0.7416633663366337
1200.744 0.5603643564356435
1201.764 0.7661803921568627
1202.904 0.778
1203.915 1.021349159248269
1204.925 0.9184237623762376
1205.934 0.7923092170465807
1206.935 1.0154165834165834
1207.945 0.9717782178217822
1208.946 1.033302697302697
1209.955 0.9332804757185332
1211.115 1.0696344827586206
1212.254 1.1004179104477612
1213.334 1.0328444444444445
1214.335 1.2172867132867136
1215.344 0.9870445986124876
1216.395 0.9753301617507135
1217.404 1.1615143706640239
1218.414 1.0316356435643566
1219.424 1.2153584158415842
1220.444 1.083356862745098
1221.504 0.7945509433962265
1222.514 0.7267722772277228
1223.564 0.9071161904761905
1224.624 1.1885552407932012
1225.625 1.2554005994005994
1226.644 1.157809617271835
1227.804 1.0431517241379311
1228.944 1.0850105263157894
1229.974 1.1474796116504853
1231.114 1.0083438596491228
1231.876 1.2022257217847767
