0.0 1.2335329341317365
1.009 1.8861930348258706
2.029 1.1467529411764705
3.038 1.2746560951437067
4.048 1.196720792079208
5.199 0.8225125977410948
6.219 1.1706039215686272
7.238 0.964883218842002
8.239 1.2781778221778222
9.418 1.0321764206955049
10.429 1.190211671612265
11.458 1.3977065111758988
12.459 1.3746253746253747
13.638 1.0273587786259541
14.659 1.2511655239960824
15.66 1.3383096903096903
16.661 1.2409190809190809
17.818 0.9955955056179776
18.828 1.1766732673267326
19.859 1.268787584869059
20.879 1.4565333333333332
22.028 0.9154464751958225
23.039 1.3523006923837784
24.04 1.3586973026973028
25.158 0.9676994633273703
26.159 1.3605114885114886
27.248 0.8688999081726355
28.559 1.3033993174061436
29.569 1.3560911793855304
30.578 1.2318810703666996
31.588 0.9906772277227722
32.828 0.847458064516129
33.918 1.1478311926605504
35.008 1.1511119266055045
36.058 1.1232761904761905
37.068 1.3262891089108912
38.218 0.770991304347826
39.418 0.6479466666666667
40.428 1.1117148514851485
41.448 0.8289647058823529
42.449 1.0162957042957041
43.568 0.8261233243967829
44.577 0.893978196233895
45.578 0.851956043956044
46.579 0.8194845154845154
47.798 0.8222346185397869
48.837 0.7985524542829644
49.848 0.6386706231454006
50.857 0.6814033696729436
51.878 0.5747855044074437
52.879 0.8254865134865135
53.898 0.8212914622178606
54.918 0.8102980392156862
55.927 0.4338473736372646
56.928 0.37715884115884113
57.938 0.34674059405940594
59.147 0.5125161290322581
60.157 0.993750495049505
61.177 0.8470980392156863
62.358 1.0202540220152414
63.438 0.955925925925926
64.668 1.004741463414634
65.678 1.0869227722772277
66.679 1.5429610389610389
67.688 0.9700931615460852
68.707 0.9520235525024534
69.708 0.5245314685314685
70.718 0.7127683168316831
71.848 0.4863504424778761
72.857 0.8271159563924677
73.858 0.8731508491508491
74.859 1.0905974025974028
75.867 1.2035714285714287
76.878 1.0428090999010882
77.887 1.049284440039643
78.888 1.0665014985014984
79.898 0.9882376237623762
81.057 1.0375220017256257
82.217 1.2389310344827587
83.218 1.101746253746254
84.227 0.7024697720515363
85.237 1.0510574257425742
86.238 0.9446553446553446
87.257 0.7925731108930325
88.477 0.6539213114754099
89.488 1.0380514851485148
90.558 1.110407476635514
91.677 1.1887113494191242
92.817 1.0275157894736842
93.818 1.116987012987013
94.827 1.0265450941526264
95.828 1.0028931068931068
96.837 1.0626759167492568
97.838 0.8531148851148851
98.847 1.0245708622398415
99.918 0.9430737628384687
100.927 1.0757185332011894
101.937 1.1547168316831684
102.938 0.9182177822177823
103.948 1.0714534653465344
104.958 1.11569900990099
105.963 0.9352915422885573
107.038 1.2114785847299812
108.047 1.0506560951437065
109.127 0.7874592592592593
110.128 1.1276563436563436
111.137 1.2165550049554015
112.347 0.9010578512396694
113.357 1.035192079207921
114.527 0.6704888888888889
115.528 0.928095904095904
116.767 0.6115060532687652
117.777 0.8818217821782179
118.977 0.9001
119.987 0.9933782178217822
121.016 0.5238872691933917
122.017 0.717010989010989
123.027 0.7005544554455446
124.037 0.8107168316831682
125.287 0.6385408
126.426 0.6791431079894644
127.437 0.7960197823936697
128.446 0.8512428146679881
129.456 0.7666217821782177
130.457 0.5128311688311689
131.466 0.8886184340931615
132.958 0.2619839142091152
134.117 0.519157894736842
135.137 0.20385882352941176
136.159 0.44780430528375736
137.166 0.4282264150943396
138.206 0.36689999999999995
139.226 0.5150117647058824
140.386 0.4396206896551724
141.387 1.0356363636363637
142.407 1.0109803921568628
143.518 0.5984734473447345
144.526 0.8997698412698414
145.536 0.9089267326732673
146.601 0.6654046948356808
147.607 0.964779324055666
148.767 0.7396689655172415
149.78 0.8355731225296442
151.018 0.5385589660743134
152.026 0.7404999999999999
153.246 0.5987409836065574
154.266 0.7875607843137254
155.306 0.5444
156.326 0.6782117647058823
157.357 0.6766401551891368
158.366 0.6642220019821605
159.376 0.637520792079208
160.426 0.4780571428571429
161.437 0.6052700296735906
162.448 0.5294718100890208
163.456 0.5877698412698413
164.496 0.5781153846153846
165.517 0.5477375122428991
166.526 0.47532210109018835
167.536 0.4462336633663367
168.557 0.5820333006856024
169.566 0.5546798810703667
170.596 0.5641864077669904
171.605 0.5043092170465808
172.615 0.3431445544554455
173.648 0.20129332042594383
174.666 0.8502654867256637
175.667 0.6418461538461537
176.746 0.7514884151992586
177.855 0.760165915238954
178.896 0.9009951969260327
179.967 0.9012485981308412
181.026 0.911010387157696
182.046 0.9570745098039216
183.057 0.9515489614243324
184.066 0.94795639246779
185.176 1.1656288288288288
186.278 1.0563194192377496
187.346 1.0368988764044944
188.396 1.033005714285714
189.397 1.1589610389610387
190.636 0.9152542372881356
191.735 1.163967242948135
192.996 0.8889770023790643
194.096 1.0387697907188354
195.117 0.5437571008814888
196.126 1.0032269573835482
197.146 0.6970901960784314
198.148 0.9558323353293413
199.227 0.9259536607970343
200.236 1.0970703666997026
201.406 0.7159863247863247
202.466 0.8759698113207547
203.485 0.6560785083415113
204.505 0.4720941176470589
205.525 0.4136862745098039
206.556 0.38961784675072747
207.595 0.3984677574590953
208.615 0.5868549019607843
209.795 0.6035186440677965
210.805 0.6432475247524752
212.235 0.23655384615384617
213.236 0.807016983016983
214.255 0.7991756624141314
215.265 0.6985663366336634
216.271 0.641638170974155
217.275 0.5341035856573706
218.385 0.7742270270270271
219.405 0.7456392156862744
220.435 0.49808932038834947
221.436 0.3739060939060939
222.475 0.3162117420596728
223.495 0.3004235294117647
224.496 0.2367952047952048
225.656 0.8098758620689656
226.685 0.9755179786200194
227.776 0.6936828597616864
228.796 0.8240313725490196
229.805 0.677248761149653
230.814 0.598017839444995
231.975 0.42430318690783814
232.996 0.2598628795298727
234.005 0.3034846382556987
235.025 0.6441803921568627
236.066 0.5879193083573486
237.076 0.7975920792079209
238.163 0.5391057957681693
239.165 0.5706906187624751
240.175 0.5599287128712871
241.305 0.556141592920354
242.316 0.5628961424332345
243.325 0.528372646184341
244.335 0.6389861386138614
245.345 0.7575920792079209
246.516 0.6766729291204099
247.525 0.8144935579781962
248.535 0.7568079207920793
249.675 0.8646736842105263
250.885 1.0500495867768596
251.896 1.1385637982195846
253.004 0.641927797833935
254.005 1.0027652347652347
255.055 0.8604342857142857
256.064 0.8451298315163529
257.065 0.7396843156843157
258.095 0.5409009708737864
259.236 0.5112287467134092
260.267 0.5920387972841901
267.788 0.01742746975136285
269.35 0.25165685019206147
270.51 0.4262689655172414
271.55 0.4452
272.56 0.46593267326732674
273.561 0.3996243756243756
275.389 0.06585557986870898
276.399 0.2070019801980198
277.4 0.45918881118881116
278.41 0.3244594059405941
279.442 0.3327984496124031
280.58 0.473518453427065
281.74 0.534744827586207
282.77 0.4993864077669903
283.78 0.3646415841584159
284.801 0.4859236043095005
285.822 0.4967051909892262
286.829 0.5082343594836147
287.84 0.4960079129574679
288.849 0.3110961347869178
289.859 0.4009188118811881
290.9 0.3520537944284342
291.93 0.32938252427184467
292.96 0.1826019417475728
293.969 0.3036987115956392
294.97 0.3734265734265734
295.98 0.5070574257425742
296.99 0.31333069306930694
298.009 0.3270107948969578
299.17 0.43433591731266147
300.18 0.643009900990099
301.449 0.36138691883372737
302.459 0.48521980198019804
303.46 0.336999000999001
304.469 0.16260852329038655
305.489 0.15021176470588235
308.859 0.03572225519287834
310.09 0.08897560975609756
311.17 0.19161481481481482
312.189 0.8614170755642786
313.199 0.6268039603960397
314.27 0.42786181139122315
315.289 0.47635721295387634
316.401 0.4862661870503597
317.419 0.3870176817288802
318.429 0.3292673267326733
319.43 0.491988011988012
320.459 0.4649640427599611
321.569 0.18732972972972972
322.589 0.3420156862745098
323.6 0.388320474777448
324.809 0.6309611248966087
325.819 0.46673267326732676
326.869 0.41133714285714285
327.889 0.2253176470588235
329.02 0.197552608311229
330.039 0.3332652259332024
331.069 0.41107572815533977
332.081 0.606102766798419
333.089 0.5862857142857143
334.1 0.248973293768546
335.109 0.21897619047619046
336.154 0.20163062200956938
338.759 0.06301727447216891
339.819 0.3641962264150943
340.829 0.574289108910891
341.84 0.6756320474777447
342.859 0.5915446516192345
343.899 0.6459461538461538
344.909 0.7520871287128712
345.919 0.9317227722772277
347.059 0.7745263157894736
348.06 1.0181738261738262
349.069 1.1818196233894944
350.1 0.8262580019398642
351.2 0.81624
352.209 0.61596828543112
353.22 0.6857448071216616
354.289 0.5384172123479887
355.312 0.8987605083088954
356.319 0.6406514399205561
357.359 0.5910384615384615
358.36 0.4154565434565435
359.388 0.1833385214007782
360.418 0.21250485436893202
361.438 0.2253176470588235
362.439 0.18356043956043958
363.589 0.4929391304347826
364.708 0.5685433422698839
365.749 0.399876923076923
366.949 0.37074666666666667
367.964 0.6145891625615764
368.978 0.5274150197628459
369.979 0.6505014985014985
370.989 0.5381940594059407
372.009 0.6131058823529412
373.019 0.6542415841584159
374.029 0.5831207920792079
375.039 0.5084831683168316
376.049 0.5951366336633662
377.059 0.4604752475247525
378.478 0.21594926004228332
379.535 0.3246698202459792
380.538 0.5019182452642074
381.769 0.26401949634443544
383.009 0.6202322580645161
384.019 0.6135603960396039
385.038 0.5250794896957801
386.048 0.5455603960396039
387.189 0.44816126205083257
388.208 0.5515682041216879
389.219 0.5285064292779426
390.399 0.4772135593220339
391.408 0.649942517343905
392.409 0.6299540459540458
393.569 0.46141379310344827
394.578 0.8632626362735382
395.579 0.7047832167832168
396.659 0.5573629629629628
397.668 0.8444638255698711
398.779 0.7652349234923492
399.8 0.9293163565132223
400.808 0.7360396825396825
401.818 0.8151366336633663
402.858 0.6546538461538461
403.859 0.8382817182817184
405.019 0.6982206896551725
406.028 0.9472428146679881
407.034 0.7343538767395626
408.048 0.5367021696252466
409.079 0.6445315227934044
410.088 0.7462675916749257
411.158 0.706773831775701
412.348 0.7456470588235293
413.388 0.45123076923076927
414.398 0.48435643564356434
415.418 0.5330666666666668
416.438 0.8253803921568628
417.458 0.7325960784313725
418.468 0.5938930693069308
419.488 0.5774901960784314
420.498 0.6339168316831683
421.538 0.37303846153846154
422.548 0.7106930693069308
423.639 0.7780384967919339
424.658 0.592918547595682
425.667 0.3362378592666006
426.668 0.5793166833166834
427.669 0.6621138861138861
428.688 1.0060686947988224
429.698 0.7354455445544554
430.928 0.4014959349593496
431.987 0.361699716713881
432.988 0.3031688311688312
433.998 0.5062178217821782
435.008 0.5256712871287128
436.098 0.6106128440366971
437.108 0.6247207920792079
438.118 0.6572514851485147
439.128 0.5899564356435643
440.155 0.6693904576436221
441.177 0.602027397260274
442.188 0.770706231454006
443.258 0.28638504672897197
444.261 0.4237128614157527
445.268 0.4093108242303873
446.288 0.5472
447.298 0.4375049504950495
448.307 0.5696967294350842
449.337 0.5250330097087379
450.357 0.4447450980392157
451.377 0.594156862745098
452.408 0.45631037827352083
453.428 0.6539764705882353
454.518 0.5520513761467891
455.528 0.7178851485148515
456.577 0.5450981887511915
457.587 0.8170772277227722
458.588 0.6988851148851148
459.598 1.1980831683168318
460.6 0.9748662674650699
461.717 0.9084547896150403
462.838 0.6185619982158787
463.857 0.9873994111874386
464.858 0.6254545454545455
465.859 0.7591288711288711
467.027 0.8912191780821918
468.028 1.0332547452547451
469.038 0.7439524752475247
470.048 1.0270653465346533
471.067 0.721766437684004
472.117 0.8716419047619047
473.288 0.8304765157984629
474.307 0.9218842001962709
475.357 0.6306742857142856
476.578 0.7050876330876331
477.587 0.9510723488602576
478.647 0.7272452830188678
479.648 0.6833406593406594
480.657 0.7318691774033697
481.667 0.7520950495049504
482.697 0.7107106796116504
483.707 0.6035168316831683
484.727 0.8313333333333334
485.757 0.6489631067961165
486.767 0.6910811881188118
487.787 0.5769803921568628
488.807 0.5465960784313726
489.817 0.48956831683168317
490.826 0.7465292368681863
491.907 0.5916373728029602
492.917 0.5092752475247525
493.977 0.1871245283018868
494.997 0.4522980392156863
495.998 0.8343896103896105
497.007 0.8115361744301288
498.008 0.8287472527472528
499.077 0.4712366697848457
500.087 0.7007175421209119
501.417 0.2861112781954887
502.427 0.5823128712871287
503.587 0.7459793103448276
504.598 0.9201819980217606
505.607 0.8858196233894945
506.617 0.9406415841584158
507.827 0.6588231404958678
508.837 0.8499247524752476
509.887 0.6458742857142857
510.897 0.8680792079207922
511.907 0.6251960396039604
513.127 0.7232000000000001
514.158 0.8519573229873908
515.367 0.72736476426799
516.377 0.9345029702970297
517.578 0.7430274771024147
518.59 0.7416126482213439
519.867 0.6517713390759593
520.868 0.8283716283716285
521.917 0.6427378455672068
522.918 0.919992007992008
523.927 0.6203211100099109
524.936 0.8260773042616452
525.967 0.5966091173617847
526.987 0.8418039215686274
527.996 0.8282101090188305
529.057 0.666540999057493
530.078 0.895741429970617
531.097 0.34942492639842987
532.106 0.6733954410307236
533.107 0.8445394605394605
534.118 0.9230227497527201
535.136 0.6683536345776031
536.147 0.9384134520276953
537.207 0.6778037735849057
538.217 0.9067881188118811
539.238 0.6733006856023507
540.247 0.9546243805748266
541.257 0.731429702970297
542.286 0.9197900874635567
543.497 0.6312799339388935
544.506 0.9110961347869178
545.526 0.4600156862745098
546.797 0.16579071597167586
547.798 0.9711808191808192
548.966 0.8122260273972604
550.159 0.3359329421626152
551.216 0.5280454115421003
552.217 0.8645754245754246
553.226 0.7489871159563924
554.227 0.7285834165834166
555.239 1.0251620553359684
556.316 0.7008653667595173
557.326 0.728530693069307
558.826 1.26535230125523
560.016 0.7979294117647059
561.017 0.961966033966034
562.038 0.8825230166503428
563.046 0.8335888778550148
564.097 0.7695832540437678
565.296 0.8390658882402001
566.476 0.9044881355932204
567.478 0.5818762475049901
568.566 0.9122941176470588
569.776 0.8450909090909091
570.877 0.9149863760217983
571.886 0.9826679881070367
572.897 0.9408189910979229
573.976 0.3900278035217794
574.978 0.6103073852295409
575.996 0.7555677799607073
576.997 0.9396523476523477
578.037 0.9659076923076924
579.156 0.9808543342269883
580.226 1.0420785046728973
581.297 1.0483809523809524
582.306 0.9501684836471754
583.317 1.1105835806132545
584.326 1.0666243805748266
585.336 0.7900752475247526
586.346 1.0622732673267326
587.386 0.7919999999999999
588.387 1.1485074925074925
589.397 1.1057821782178219
590.406 0.631603567888999
591.485 0.4175569972196478
592.496 0.663517309594461
593.656 1.135951724137931
594.695 0.9972204042348412
595.696 0.15567632367632367
596.716 0.4184470588235294
597.736 0.5874745098039216
598.746 0.9409188118811882
599.747 1.1503776223776225
600.748 1.2575664335664336
601.906 1.005208981001727
602.916 1.081639603960396
604.065 1.3359025239338553
605.126 1.3805994344957588
606.137 1.388929772502473
607.146 1.2576888007928642
608.157 1.2940059347181008
609.316 1.076714408973253
610.406 1.3133357798165135
611.565 1.1651837791199309
612.796 1.0097546709991878
613.806 1.1505887016848364
614.837 0.9355189136760427
615.846 1.13194846382557
616.885 1.0154225216554378
617.886 1.0444435564435564
618.935 0.5648579599618685
619.936 0.5673846153846154
621.006 0.5639327102803738
622.015 0.5097799801783944
623.125 0.5086630630630631
624.138 0.8092003948667325
625.145 0.47620258192651443
626.165 0.5086901960784314
627.235 0.5274915887850467
628.335 0.5137090909090909
629.415 0.5479555555555555
630.686 0.20665302911093628
631.725 0.5587911453320501
632.745 0.44530980392156866
633.765 0.5150117647058824
635.025 0.35467301587301586
636.055 0.4346252427184466
637.075 0.33071372549019606
638.115 0.3583230769230769
639.345 0.38259512195121953
640.346 0.875924075924076
641.356 0.839540594059406
642.365 1.094414271555996
643.375 1.0509227722772279
644.435 0.7575698113207547
645.445 1.1754217821782178
646.465 0.40739607843137254
647.476 0.4654718100890208
648.665 0.2825298570227081
649.784 0.5653762287756925
651.025 0.5917935483870967
652.265 0.4644129032258065
653.325 0.4955773584905661
654.624 0.2702140107775212
655.675 0.5715504761904762
656.685 0.7506059405940595
657.765 0.9132222222222222
658.767 1.4146986027944113
659.855 0.9706544117647058
661.075 0.9485639344262294
662.205 1.2295929203539824
663.415 1.0123305785123966
664.416 1.1085714285714285
665.585 0.9859093242087252
666.625 1.2342923076923078
667.627 1.2806387225548903
668.636 1.8158572844400396
669.644 1.2643571428571427
670.655 1.248158259149357
671.844 0.9711825063078217
672.855 1.3702472799208703
673.985 0.9647575221238938
674.994 1.3346759167492566
675.995 1.4262297702297704
676.996 1.4312807192807193
678.015 1.3042433758586849
679.025 0.7913188118811881
680.035 1.232071287128713
681.036 0.8025494505494506
682.055 1.278217860647694
683.075 1.0888392156862745
684.076 1.027836163836164
685.304 0.8246254071661238
686.315 1.0260890207715134
687.484 0.9798597091531224
688.504 1.0323529411764705
689.544 0.7127615384615384
690.545 1.0987012987012987
691.554 1.249887016848365
692.604 0.8621866666666665
693.614 1.259089108910891
694.624 1.1790178217821785
695.636 1.1663636363636363
696.855 0.9690828547990156
697.856 1.1956123876123876
699.055 1.1376547122602167
700.275 0.6804196721311475
701.277 1.3566467065868264
702.575 1.0160677966101694
703.584 1.4111238850346879
704.814 1.036747967479675
705.824 1.2045465346534656
707.005 1.0062794242167656
708.064 1.0745306893295563
709.354 0.8148403100775193
710.544 0.828564705882353
711.694 0.8206121739130435
712.696 1.0569660678642716
713.704 1.1063492063492064
714.714 1.4373861386138613
715.715 0.8742457542457542
716.734 1.1355368007850835
717.735 1.277922077922078
718.744 1.2668939544103073
719.754 0.8767445544554455
720.864 0.7776504504504504
721.865 1.1882437562437562
722.874 0.9368483647175422
723.924 1.0110019047619048
724.954 1.3018174757281555
725.984 0.9380660194174757
726.994 0.7542178217821783
728.004 0.7740752475247524
729.024 0.5263372549019608
730.113 0.534178145087236
731.123 0.3579306243805748
732.124 0.1967952047952048
733.133 0.09761744301288404
734.174 0.1199076923076923
735.274 0.11938909090909092
736.294 0.20385882352941176
737.313 0.2935897939156035
738.323 0.5634534653465347
739.334 0.5236874381800197
740.363 0.7678289601554908
741.373 0.4803168316831683
742.374 0.4263896103896104
743.414 0.2289923076923077
744.416 0.535185628742515
745.423 0.5463435948361469
746.433 0.8310970297029703
747.453 0.7407372549019607
748.475 0.7185518590998043
749.574 0.7291938125568698
750.613 0.5586371511068335
751.643 0.37188349514563107
752.654 0.15597230464886253
753.703 0.21908865586272638
754.733 0.27486601941747574
756.424 0.05063039621525724
758.814 0.12363514644351466
760.274 0.05996712328767123
761.654 0.2081333333333333
762.734 0.20266666666666666
763.783 0.0896930409914204
764.984 0.1093488759367194
766.033 0.13562631077216397
794.236 0.0034923944261248804
795.297 0.07975871819038644
796.307 0.17337029702970297
797.312 0.06533731343283583
798.526 0.07211861614497529
799.527 0.20680919080919077
800.536 0.29285232903865216
801.567 0.30104364694471386
802.767 0.30258
803.776 0.22777403369672944
804.8 0.12825
805.821 0.27184329089128306
806.916 0.009994520547945206
807.926 0.4764638255698712
809.146 0.1704393442622951
810.186 0.29636923076923083
811.657 0.10422857142857143
812.666 0.3036987115956392
814.167 0.055856095936042634
816.199 0.07001574803149607
817.206 0.27169811320754716
818.226 0.2635137254901961
819.227 0.27332667332667326
820.276 0.2041715919923737
821.296 0.4077176470588235
823.141 0.13949918699186992
824.148 0.4710943396226415
825.18 0.456
826.233 0.43851851851851853
827.246 0.25411253701875613
828.266 0.5686588235294118
829.436 0.18281025641025642
830.486 0.3335314285714286
831.496 0.15680000000000002
832.516 0.4403375858684985
833.556 0.3457
834.577 0.3322859941234085
835.596 0.24194700686947987
836.866 0.21906141732283466
837.899 1.0745169409486932
838.906 0.8335491559086394
839.916 1.1159603960396038
841.243 0.6190286576168929
842.248 0.6741810945273632
843.276 0.750817120622568
844.286 0.725370297029703
845.287 0.7575624375624376
846.456 0.9071274593669804
847.546 1.0809614678899082
848.637 1.0714133822181484
849.746 1.0684508566275925
850.776 1.019619417475728
851.886 1.1763531531531533
852.906 1.1433803921568628
853.916 1.0588356435643562
854.917 1.0831488511488512
855.936 0.747108930323847
857.046 0.6861477477477478
858.056 0.8408483647175421
859.057 0.817982017982018
860.186 0.8669760850310009
861.197 0.993084075173096
862.206 1.0974747274529235
863.246 0.7618
864.248 0.960998003992016
865.396 1.1271080139372822
866.397 1.5724995004995006
867.447 1.1737600000000001
868.457 1.5098772277227723
869.525 1.1266966292134832
870.656 1.3830450928381963
871.696 1.6192000000000002
872.826 1.706874336283186
873.946 1.5352285714285716
874.947 1.428995004995005
876.046 1.2120109190172883
877.056 1.3120712871287128
878.137 1.2298020351526364
879.157 1.0699607843137255
880.158 1.4719360639360637
881.165 1.1002105263157895
882.196 1.229113482056256
883.346 1.1612114882506528
884.525 1.0969847198641767
885.535 1.3401663366336634
886.536 0.9806353646353647
887.546 0.8585108910891089
888.555 0.8897363726461843
889.565 0.7993584158415842
890.705 0.9969614035087719
891.885 0.9450440677966101
893.045 1.002193103448276
894.046 1.1234045954045955
895.055 0.9392031714568879
896.056 0.8485594405594405
897.065 1.2571575817641227
898.077 0.9605612648221343
899.085 1.0125396825396826
900.095 0.9242376237623763
901.105 0.9468752475247525
902.225 0.9642857142857143
903.265 1.0513461538461537
904.285 1.082313725490196
905.295 0.7377108910891089
906.296 1.0802397602397602
907.315 0.7575426889106968
908.325 1.20369900990099
909.335 0.764229702970297
910.355 0.9225019607843137
911.356 1.13603996003996
912.365 1.1835084241823588
913.385 0.9222274509803922
914.405 0.9235607843137255
915.425 0.8801882352941177
916.525 0.5796945454545456
917.545 0.7867529411764705
918.565 0.8579215686274508
919.595 0.5373747572815533
920.625 0.6826873786407767
921.675 0.1480990476190476
922.685 0.4388594059405941
923.695 0.8033267326732674
924.716 0.8567678746327131
925.725 1.5643290386521307
926.845 1.2714071428571427
927.855 1.4967603960396039
928.925 1.1586691588785047
929.995 1.4526429906542055
931.125 1.3431716814159294
932.225 1.3126472727272727
933.255 1.5107106796116505
934.295 1.724446153846154
935.365 1.0086953271028039
936.405 1.2731923076923077
937.406 1.428923076923077
938.407 1.4850669330669328
939.415 1.4138174603174603
940.575 1.3874068965517243
941.585 1.5651722772277228
942.605 1.5470980392156863
943.615 1.4923485148514852
944.676 1.3798831291234686
945.785 1.2865500450856626
946.955 1.5741675213675215
947.956 1.6066733266733266
948.957 1.3773106893106892
950.055 1.0553151183970855
951.115 1.1193509433962265
952.124 0.9845550049554014
953.134 0.6086336633663366
954.135 0.4874805194805195
955.265 0.5067398230088496
956.276 1.2945202769535116
957.314 1.471761078998073
958.315 1.3565554445554446
959.324 1.481601585728444
960.365 1.2969298751200766
961.374 1.570126984126984
962.384 1.118209900990099
963.404 0.6553098039215686
964.434 0.9253048543689321
965.435 1.5362797202797205
966.585 1.3576904347826086
967.595 1.9109058473736373
968.605 2.352142574257426
969.745 1.4868771929824562
970.755 1.6641189296333003
971.785 1.521219417475728
972.965 1.5085491525423729
973.966 1.7422257742257743
975.085 1.3946666666666667
976.086 1.810005994005994
977.124 1.6963082851637763
978.254 1.2965663716814158
979.264 1.158921704658077
980.265 1.2766753246753246
981.276 1.75384371909001
982.404 1.205113475177305
983.405 1.3420579420579422
984.414 1.3467353815659069
985.415 1.2729750249750251
986.494 1.2245931417979612
987.504 1.0694257425742575
988.505 1.460803196803197
989.535 1.1855067961165047
990.544 1.125557978196234
991.545 1.1485474525474526
992.624 0.8745727525486561
993.625 1.522053946053946
994.634 1.2665768087215066
995.644 1.2230574257425744
996.654 0.9391762376237623
997.744 1.0098862385321101
998.844 1.182167272727273
999.965 0.9771917930419269
1001.084 1.084550983899821
1002.094 0.9338297029702971
1003.224 0.7900884955752212
1004.247 0.6899472140762464
1005.254 0.5965044687189672
1006.264 0.6248554455445544
1007.275 0.6264213649851632
1008.284 0.6524876114965312
1009.294 0.6951920792079208
1010.354 0.8666113207547169
1011.364 1.0981465346534653
1012.374 0.9178613861386139
1013.384 0.8500277227722772
1014.393 0.8066204162537166
1015.504 0.2167128712871287
1016.509 0.13054980079681275
1017.523 0.5369783037475345
1018.703 0.6798237288135593
1019.713 0.9177006937561942
1020.733 0.33261176470588233
1021.956 0.1562191332788226
1022.964 0.9355238095238095
1023.965 0.9434085914085915
1024.973 0.9366428571428571
1025.975 1.3566147704590819
1027.073 0.9984116575591986
1028.083 1.0713742574257425
1029.155 0.8693880597014926
1030.284 0.8860442869796279
1031.285 0.7690709290709291
1032.303 0.604958742632613
1033.323 0.3761803921568628
1034.343 0.1367921568627451
1035.363 0.32188235294117645
1036.383 0.2090509803921569
1037.423 0.2630769230769231
1038.443 0.19741176470588234
1039.483 0.1999384615384615
1040.923 0.0456
1041.933 0.15121506442021804
1042.943 0.5417821782178218
1043.972 0.21009135082604471
1045.013 0.05256484149855908
1046.353 0.016334328358208958
1047.371 0.27956777996070725
1048.373 0.7112814371257485
1049.393 0.8582745098039215
1050.403 0.9902336633663366
1051.413 0.5304475247524753
1052.453 0.5337615384615384
1053.513 0.868777358490566
1054.613 0.945389090909091
1055.623 0.664950495049505
1056.783 0.6675241379310345
1057.853 0.9537046728971963
1058.923 0.958796261682243
1059.983 0.8558867924528302
1060.993 0.8042059405940594
1062.213 0.5667081967213115
1063.223 0.7693227722772278
1064.375 0.9540069444444444
1065.513 1.2564217926186292
1066.523 1.2293623762376236
1067.524 1.1572027972027972
1068.693 0.7348160821214714
1069.703 0.7973227722772277
1070.704 0.7681598401598402
1071.705 0.5242597402597402
1072.713 0.6022619047619048
1073.723 0.7930930693069307
1074.733 0.9081980198019802
1075.794 0.6863562676720075
1076.803 0.6225649157581765
1077.813 0.5431603960396039
1078.852 0.4107949951876804
1079.863 0.15545004945598417
1080.873 0.28172673267326737
1081.892 0.25165063788027475
1082.893 0.24052747252747253
1083.965 0.19534328358208955
1084.983 0.3010137524557957
1086.053 0.19125233644859813
1087.112 0.21701983002832861
1088.113 0.2186613386613387
1089.123 0.310059405940594
1090.16 0.3173153326904532
1091.202 0.5009059500959693
1092.203 0.8721438561438561
1093.213 0.4983287128712871
1094.222 0.3253914767096135
1095.342 0.20768571428571428
1096.966 0.02021674876847291
1097.973 0.4564528301886792
1098.982 0.6854231912784935
1100.082 0.4723272727272727
1101.203 0.4250847457627118
1102.282 0.33697126969416125
1103.332 0.19803428571428572
1104.412 0.08106666666666666
1105.523 0.08865526552655266
1106.562 0.11151491819056786
1107.563 0.4373226773226774
1108.752 0.49545500420521454
1109.753 0.5025374625374626
1110.772 0.34367811579980373
1111.782 0.4676594059405941
1112.922 0.531319298245614
1113.965 0.3462627037392138
1114.992 0.24167478091528724
1116.012 0.3648
1117.032 0.3004235294117647
1118.062 0.3981902912621359
1119.102 0.2507307692307692
1120.112 0.546780198019802
1121.153 0.49148126801152736
1122.172 0.24701864573110893
1123.332 0.4178620689655173
1124.372 0.4931461538461538
1125.442 0.47854953271028033
1126.452 0.5309465346534654
1127.462 0.5531009900990099
1128.473 0.5502987141444116
1129.502 0.6278717201166182
1130.513 0.527129574678536
1131.532 0.6197919528949951
1132.542 0.5484277227722772
1133.552 0.5460752475247524
1134.562 0.4955089108910891
1135.742 0.4767186440677966
1136.752 0.574289108910891
1137.782 0.36020970873786406
1138.802 0.27380392156862743
1139.832 0.3400077669902912
1140.852 0.2492627450980392
1141.862 0.3792475247524753
1142.872 0.36946534653465346
1143.873 0.8327752247752247
1144.882 0.8456689791873142
1145.892 0.8391049504950494
1146.901 0.4687016848364718
1147.902 0.46539060939060933
1148.912 0.9781940594059406
1149.922 0.6899960396039604
1150.992 0.6614728971962617
1152.173 0.8224081287044877
1153.322 1.111331592689295
1154.392 1.1418317757009346
1155.422 1.4338019417475727
1156.423 1.685738261738262
1157.442 1.256298331697743
1158.462 1.4816392156862748
1159.472 1.4877702970297029
1160.522 1.1590780952380955
1161.542 1.1469882352941176
1162.553 1.2799525222551928
1163.602 0.761532888465205
1164.702 0.8872072727272727
1165.713 1.1360633036597427
1166.722 1.0522656095143708
1167.852 0.9219469026548673
1169.012 0.9154551724137932
1170.061 0.9560648236415634
1171.062 0.8576703296703297
1172.092 0.9252970873786407
1173.102 0.9922217821782178
1174.121 1.0335544651619235
1175.141 0.6616000000000001
1176.158 0.8665644051130776
1177.161 0.5822452642073779
1178.172 0.8326409495548961
1179.184 0.7564426877470356
1180.191 1.103022840119166
1181.212 0.5518903036238981
1182.243 0.688737148399612
1183.251 0.5461825396825396
1184.272 0.42177473065621934
1185.281 0.509224975222993
1186.301 0.577764705882353
1187.371 0.4609794392523365
1188.381 0.3792475247524753
1189.402 0.2924191968658178
1190.411 0.4065807730426164
1191.483 0.41469402985074627
1192.501 0.6610058939096267
1193.502 0.6595884115884115
1194.511 0.6039881070366699
1195.904 0.13355922469490308
1196.911 0.45972166998011926
1197.922 0.9017448071216617
1198.923 1.5235724275724276
1200.021 1.2679927140255007
1201.031 1.3561584158415843
1202.041 1.0950653465346534
1203.242 1.1269675270607826
1204.244 1.337077844311377
1205.441 0.9431846282372599
1206.621 1.1853694915254236
1207.791 1.0167384615384616
1208.801 0.7051564356435643
1209.991 0.9929546218487395
1211.001 0.9014891089108912
1212.021 0.8271137254901961
1213.032 0.619948565776459
1214.041 0.5567333994053519
1215.051 0.45295841584158414
1216.061 0.3865346534653465
1217.072 0.3873392680514342
1218.101 0.638134110787172
1219.202 0.45943687556766577
1220.212 0.4949692765113974
1221.3 0.18724264705882354
1222.301 0.44825574425574427
1223.33 0.47677356656948494
1224.42 0.47631559633027526
1225.421 0.8977182817182817
1226.44 0.40047890088321886
1227.481 0.3135369836695485
1228.501 0.38625882352941177
1229.601 0.13875636363636365
1230.811 0.09044628099173553
1231.83 0.34747006869479885
1233.021 0.7183005877413938
1234.061 1.1430307692307693
1235.151 1.009702752293578
1236.161 1.005061386138614
1237.162 0.9413866133866133
1238.171 0.9726144697720515
1239.181 1.0915722772277225
1240.37 1.0257695542472665
1241.391 0.9167091087169442
1242.492 0.5860926430517711
1243.5 0.5754285714285715
1244.52 0.5153725490196078
1245.54 0.8238823529411765
1246.551 0.9106547972304648
1247.641 0.6796550458715597
1248.872 0.7177626016260163
1249.98 0.7444620938628158
1250.99 0.831580198019802
1252.0 0.44281980198019805
1253.011 0.6846178217821782
1254.02 0.4483092170465808
1255.031 0.43586152324431254
1256.063 0.36455038759689923
1257.09 0.1980058422590068
1258.16 0.2659289719626168
1260.166 0.06533998005982053
1261.36 0.5902780569514238
1262.37 1.328308910891089
1263.384 1.0834082840236687
1264.39 1.1320318091451294
1265.4 1.0323564356435644
1266.46 0.7016301886792452
1267.48 0.7726274509803922
1268.5 0.6755450980392157
1269.52 0.7703607843137255
1270.53 0.5435405940594059
1271.69 0.4857310344827586
1272.7 0.5601267326732673
1273.83 0.7699681415929204
1274.833 0.9518165503489531
1275.86 0.5183407984420643
1276.87 0.63569900990099
1277.89 0.7561568627450981
1279.05 0.6806275862068966
1280.07 0.8136
1281.17 0.7181672727272727
1282.19 0.8333019607843137
1283.4 0.8172429752066116
1284.42 0.8379607843137256
1285.609 0.6724238856181665
1286.72 0.696
1287.73 0.9202376237623763
1288.76 0.7155184466019416
1289.77 0.8855287128712871
1290.98 0.8749685950413223
1292.06 0.8962814814814815
1293.16 0.9466981818181819
1294.36 0.8692176814011676
1295.45 0.9313981651376146
1296.639 0.8154953742640875
1297.64 0.9253146853146853
1298.66 0.8038039215686273
1299.67 0.8529188118811882
1300.85 0.49789830508474575
1301.859 0.6923369672943508
1302.86 0.7792687312687313
1303.87 0.7553267326732673
1304.872 0.7569421157684632
1306.079 0.7705053852526926
1307.22 1.1449745836985101
1308.221 1.5103936063936063
1309.4 1.0024495335029686
1310.41 1.0894574257425742
1311.64 1.0800390243902438
1312.642 1.2735409181636725
1313.65 1.1264126984126983
1314.659 1.071151635282458
1315.729 1.0623177570093458
1316.74 1.2399366963402572
1317.741 1.1343696303696302
1318.751 1.1983366336633663
1319.759 1.144095238095238
1320.76 0.9966593406593406
1321.769 0.9422081268582755
1322.779 0.7089029702970296
1323.81 0.5306382153249273
1324.819 0.6833696729435085
1325.82 0.5492347652347653
1326.889 0.5622076707202993
1327.899 0.7192871287128713
1328.9 0.6949210789210789
1329.911 0.8313273986152325
1330.931 0.6847450980392157
1331.94 1.07601189296333
1332.949 1.13201189296333
1333.951 0.9345229540918163
1335.059 1.026447653429603
1336.07 1.0986983184965382
1337.071 1.0644475524475523
1338.08 0.8769712586719525
1339.599 0.2586280447662936
1340.61 0.8060435643564358
1341.63 0.6590823529411765
1342.639 0.8776689791873142
1343.64 0.7915284715284715
1344.649 1.053280475718533
1345.669 0.9519843137254903
1346.759 0.9918458715596329
1347.86 1.0355240690281562
1348.99 1.0624212389380532
1350.009 1.073468105986261
1351.01 1.3319320679320679
1352.03 1.26881568627451
1353.039 0.8249197224975223
1354.04 1.08
1355.129 0.9771974288337925
1356.139 1.051469306930693
1357.14 0.9344255744255744
1358.152 1.0232411067193676
1359.159 1.0162780536246279
1360.169 1.3070574257425742
1361.179 0.8446336633663366
1362.189 0.6859564356435643
1363.208 0.4379587831207066
1364.349 0.5543908851884313
1365.359 0.6145188118811881
1366.389 0.8392466019417476
1367.449 1.0399471698113207
1368.45 1.1286633366633365
1369.459 1.1266204162537163
1370.469 1.0672158415841584
1371.479 1.0916118811881188
1372.489 1.3540673267326733
1373.619 0.898541592920354
1374.629 1.0227881188118813
1375.639 1.0912475247524753
1376.799 0.9284413793103449
1377.8 1.0748611388611389
1378.809 1.1329791873141724
1379.819 1.1394138613861389
1380.959 1.1991508771929824
1381.969 1.0937346534653465
1382.979 1.167310891089109
1383.993 1.0585641025641026
1384.999 1.171427435387674
1386.179 0.9301830508474576
1387.199 1.038627450980392
1388.209 1.0488316831683169
1389.219 0.8403801980198019
1390.288 0.8384733395696913
1391.392 0.11872463768115941
1392.518 0.950664298401421
1393.629 0.8034419441944194
1394.688 0.9541227573182248
1395.818 0.9269663716814159
1396.819 0.9375584415584416
1397.939 0.9952500000000001
1398.969 1.0701514563106798
1399.978 1.129595238095238
1400.999 1.13322624877571
1402.018 1.184792934249264
1403.019 1.1126953046953048
1404.069 0.9058133333333334
1405.079 1.3613478691774035
1406.088 1.2478255698711596
1407.089 1.348867132867133
1408.099 1.1217742574257425
1409.109 0.8552079207920793
1410.118 1.2076352824578793
1411.133 0.894951724137931
1412.258 0.9014471111111111
1413.259 1.1051988011988012
1414.269 0.9557861386138613
1415.289 1.2998588235294117
1416.298 0.8435520317145689
1417.318 0.9125019607843137
1418.319 0.7783816183816185
1419.518 0.9404303586321935
1420.519 1.2484235764235765
1421.528 0.8096729435084241
1422.538 1.0153425742574258
1423.548 0.8156828543111992
1424.568 0.9186196078431372
1425.569 0.9977382617382616
1426.588 0.9054602551521099
1427.758 0.9527179487179488
1427.87 1.2702857142857142
