0.0 0.008628352490421456
1.01 0.9222811881188119
2.029 1.0225632973503433
3.033 1.024637450199203
4.041 0.875452380952381
5.08 0.8807699711260828
6.193 0.5127475292003594
7.199 0.5745924453280318
8.2 0.5534865134865135
9.219 0.6571540726202159
10.229 0.481980198019802
11.429 0.4454866666666667
12.439 0.694471287128713
13.46 0.6535318315377082
14.469 0.5300693756194252
15.48 0.6774520276953512
16.481 0.6864575424575424
17.489 0.7947698412698413
18.49 0.6508851148851148
19.539 0.5419942802669209
20.549 0.8476356435643564
21.579 0.3487533980582524
22.58 0.37575224775224775
23.599 0.4403375858684985
24.629 0.3988038834951456
25.651 0.28053228962818
38.525 0.001700170887059189
39.645 0.2598357142857143
40.756 0.4673771377137714
41.757 0.7067092907092908
42.806 1.0821429933269782
43.906 1.3051054545454543
44.957 1.6726926736441485
45.996 1.6215206929740134
46.997 1.754901098901099
47.998 2.0403676323676323
49.097 1.6701801637852594
50.105 1.7858174603174601
51.257 1.4475277777777777
52.456 1.613444537114262
53.458 1.7200319361277445
54.476 1.6802671905697444
55.485 1.4644915758176413
56.521 1.4686409266409266
57.526 2.1630169154228858
58.626 1.6536654545454545
59.776 1.7380521739130437
60.896 1.7609785714285715
61.926 1.7180194174757282
63.096 1.3995757057313944
64.097 1.5543016983016982
65.196 2.0250336669699727
66.246 1.7723164918970449
67.247 1.4816543456543456
68.446 1.2058982485404504
69.447 1.9642597402597402
70.448 1.9285754245754245
71.646 1.647839732888147
72.657 2.1915331355093968
73.685 2.263533073929961
74.686 1.8039240759240758
75.775 1.5815757575757576
76.776 1.5125994005994006
77.787 1.6705835806132543
78.806 2.0115407262021594
79.967 1.6692093023255814
80.976 2.105189296333003
81.977 1.6467132867132865
82.986 2.357439048562934
83.987 1.9427692307692308
85.136 2.0298137510879024
86.137 2.125170829170829
87.285 1.6415331010452963
88.485 1.7510933333333332
89.486 1.889182817182817
90.492 1.7964612326043738
91.606 1.8160430879712746
92.756 1.7800834782608694
93.766 2.2242297029702973
94.946 1.4429084745762712
96.146 1.6078933333333334
97.325 1.6702018659881255
98.495 1.644382905982906
99.505 1.335279207920792
100.536 1.709819592628516
101.537 1.767216783216783
102.575 1.9822736030828516
103.714 2.0032449517120283
104.715 2.023008991008991
105.895 1.3733830508474574
106.897 1.7570139720558882
107.905 1.6206904761904761
108.906 1.7345614385614385
109.907 1.8258061938061936
111.016 1.6918088367899007
112.017 2.0408391608391607
113.019 1.519560878243513
114.185 1.3409331046312178
115.365 1.6064406779661016
116.576 1.785889347646573
117.577 1.9131428571428573
118.764 1.5157944397641114
119.766 1.9303153692614772
120.767 1.5224215784215787
121.865 1.2382295081967212
123.026 1.5434142980189494
124.035 1.8094667988107038
125.065 1.4045980582524271
126.075 2.0669148514851483
127.265 1.6056403361344538
128.466 1.8434238134887593
129.467 2.1476523476523472
130.474 1.4027567030784507
131.495 1.685335945151812
132.535 1.107476923076923
133.646 1.3639531953195319
134.654 1.7740238095238094
135.656 1.4567664670658682
136.664 1.699857142857143
137.744 1.5785849582172702
138.745 1.6484075924075923
139.746 1.6957042957042956
140.747 1.5112327672327672
141.755 1.438031746031746
142.944 1.27038519764508
144.064 1.2907857142857142
145.084 1.073356862745098
146.224 1.378884210526316
147.295 1.746793650793651
148.304 1.5552745292368682
149.305 1.505094905094905
150.364 1.0188781869688386
151.365 1.8341898101898102
152.366 1.991000999000999
153.405 1.6676188642925889
154.425 1.5121803921568628
155.426 2.08226973026973
156.614 1.739993265993266
157.625 1.897297725024728
158.635 2.1073267326732674
159.636 1.9457422577422578
160.755 1.5858016085790883
161.784 1.7821418853255588
162.785 1.7784295704295705
163.954 1.7376218990590249
164.955 1.987948051948052
165.956 1.1606553446553447
167.234 1.2701471048513302
168.264 1.196357281553398
169.454 1.5771361344537815
170.455 1.5317882117882118
171.554 1.8122001819836215
172.555 1.5478601398601401
173.564 1.4746164519326066
174.573 1.8735540138751239
175.574 0.9478601398601398
176.653 1.272044485634847
177.663 0.7918574257425743
178.684 1.0696650342801175
179.685 1.3183296703296703
180.874 1.2813658536585364
181.893 1.1917016683022572
182.894 0.8748131868131868
183.974 0.8498370370370371
185.114 1.265221052631579
186.115 1.4972787212787213
187.124 1.1292685827552031
188.134 1.7013148514851484
189.244 1.4353657657657657
190.363 1.4122361359570663
191.464 1.4246109090909091
192.465 1.7902017982017981
193.466 1.5063336663336664
194.493 1.5448646543330087
195.604 1.5057929792979299
196.634 1.6323728155339805
197.724 1.2778201834862384
198.773 1.4657769304099142
199.874 1.4459436875567664
200.884 1.7070574257425741
202.044 1.6295172413793102
203.045 1.522005994005994
204.164 1.2683038427167115
205.165 1.6928351648351647
206.166 1.2293866133866134
207.173 0.9573306852035749
208.234 0.9104467483506127
209.236 0.9348811188811189
210.243 1.2865779543197615
211.244 1.3032887112887113
212.414 1.6143316239316239
213.415 1.689006993006993
214.494 1.215696014828545
215.643 1.4023951261966927
216.774 1.520509734513274
217.775 1.5901858141858143
218.803 1.2666848249027238
219.813 1.516110891089109
220.814 1.2706413586413587
221.874 1.5455018867924528
222.883 1.8581407333994056
223.963 1.380414814814815
225.074 1.1750351035103512
226.203 1.0939025686448187
227.404 1.2374088259783513
228.416 1.7427734915924828
229.423 1.6516782522343594
230.603 1.2733694915254234
231.604 1.5438321678321678
232.763 1.185518550474547
233.764 1.3932787212787214
234.773 1.2203686818632309
235.774 0.9206073926073925
236.803 0.6117006802721088
237.813 0.4129821782178218
238.823 0.9195168316831683
239.964 1.0679824715162138
240.974 1.060340594059406
242.183 0.5657038875103391
243.203 0.450635294117647
244.305 0.15894736842105264
245.323 1.2248644400785853
246.334 0.946919881305638
247.343 1.0119484638255698
248.353 0.7985584158415842
249.363 1.0406257425742573
250.443 0.9353111111111112
251.444 1.0683716283716282
252.453 1.1715044598612487
253.643 0.7949512605042016
254.668 0.9515863414634147
255.763 0.5944036529680365
256.773 0.6557940594059406
257.783 0.7400633663366337
258.913 0.5113840707964602
259.962 0.41762440419447094
260.973 0.34639762611275965
262.082 0.1934571686203787
263.202 0.5627785714285715
264.232 0.4985009708737865
265.242 0.3792475247524753
266.272 0.2724660194174757
267.292 0.5732313725490197
268.313 0.5467267384916749
269.382 0.5494480823199251
270.422 0.5156307692307692
271.442 0.2340078431372549
272.443 0.5575864135864136
273.462 0.3887262021589794
274.482 0.661435294117647
275.492 0.6440475247524753
276.632 0.5180842105263158
277.642 0.5755168316831683
278.682 0.5795153846153847
279.702 0.5002823529411765
280.712 0.5119445544554455
281.732 0.44391372549019614
282.733 0.6369630369630369
283.734 0.696967032967033
284.762 0.6451906614785992
285.772 0.46857029702970293
286.782 0.37752079207920797
287.822 0.45985384615384617
288.842 0.3004235294117647
289.862 0.21005490196078433
290.882 0.450635294117647
291.892 0.4044673267326732
292.912 0.47986666666666666
293.935 0.4468269794721408
295.782 0.13628153762858689
296.813 0.18519495635305527
297.816 0.36182652043868396
298.833 0.3889872173058014
299.836 0.3600717846460618
300.842 0.3257017892644135
301.862 0.4318823529411765
302.942 0.41710370370370375
304.013 0.4826890756302521
305.038 0.4587707317073171
306.221 0.35577345731191884
307.232 0.24921980198019802
308.242 0.24921980198019802
309.262 0.3471843137254902
310.282 0.661035294117647
311.291 0.5207373637264617
312.292 0.6293786213786214
313.301 0.8301288404360753
314.302 0.984903096903097
315.382 0.6334814814814815
316.422 0.7094999999999999
317.423 0.9812027972027972
318.432 0.8334271555996036
319.442 0.7097425742574257
320.632 0.486581512605042
321.642 0.6998891089108911
322.652 0.6394455445544555
323.662 0.4860514851485149
324.671 0.5818592666005947
325.682 0.5789436201780416
326.701 0.44731697742885185
327.711 0.3792475247524753
328.721 0.25142970297029704
329.771 0.2501485714285714
350.464 0.010048615473831731
351.534 0.10228037383177571
352.614 0.10133333333333333
353.776 0.09418244406196213
354.984 0.07133774834437087
356.164 0.946786440677966
357.263 1.0623839854413102
358.274 1.241980198019802
359.284 1.14590099009901
360.294 0.8541386138613861
361.324 0.6395728155339806
362.504 0.5988474576271187
363.514 0.7173306930693069
364.614 0.6390763636363637
365.624 0.9826455445544554
366.834 0.815781818181818
367.844 1.0304554455445545
369.014 0.7601846153846155
370.017 1.0224047856430707
371.024 0.8658351539225422
372.044 0.6934196078431372
373.084 0.4476076923076923
374.274 0.4428302521008403
375.414 0.2592
376.424 0.39411485148514847
377.434 0.8373227722772277
378.443 0.6474846382556987
379.454 0.8522176063303659
380.463 0.8379306243805749
381.483 0.5847999999999999
382.503 0.4083529411764706
383.504 0.46508691308691313
384.517 0.37327541954590326
385.523 0.6785606361829026
386.643 0.520992857142857
387.664 0.6890342801175318
388.667 0.6212243270189431
389.675 0.5646984126984126
390.683 0.6455952380952381
391.694 0.642207715133531
392.822 0.6334539007092198
393.834 0.5672094861660079
394.843 0.9808840436075323
395.953 0.5974486486486486
397.134 0.8217491525423728
398.153 0.6492718351324828
399.163 0.521639603960396
400.173 0.4882613861386139
401.243 0.6099663551401869
402.254 0.5472680514342236
403.266 0.514403162055336
404.273 0.9614617676266137
405.274 0.8009910089910091
406.323 0.6056129647283127
407.363 0.6926230769230769
408.393 0.2868815533980582
409.423 0.23620970873786407
410.443 0.5282274509803921
411.463 0.8065098039215686
412.493 0.42500970873786403
413.503 0.28492673267326735
414.523 0.38625882352941177
415.543 0.39907450980392156
416.583 0.4547
417.743 0.33656551724137934
418.783 0.34726153846153845
419.793 0.3168237623762376
420.803 0.47601584158415844
421.823 0.3092549019607843
422.833 0.19504158415841583
423.873 0.19806923076923075
424.883 0.5961029702970297
425.893 0.7357544554455445
426.913 0.5613490196078432
427.933 0.48497254901960785
428.963 0.41133203883495145
429.993 0.33930873786407767
431.003 0.6310811881188118
432.033 0.5769320388349514
433.038 0.5929950248756218
434.043 0.8533810945273632
435.083 0.9918538461538462
436.103 0.9233411764705883
437.104 0.4701218781218781
438.143 0.33484504331087583
439.333 0.326090756302521
440.543 0.5232396694214876
441.553 1.079493069306931
442.563 1.1074138613861386
443.583 1.034556862745098
444.844 1.1010499603489294
445.853 0.9784816650148661
447.003 0.9173565217391304
448.013 1.0821782178217823
449.014 0.8117962037962038
450.172 0.8678272884283247
451.213 0.8635773294908742
452.293 1.1171925925925925
453.314 0.9669813907933399
454.322 0.821595238095238
455.372 0.9484419047619048
456.572 0.9131666666666666
457.643 0.9655327102803739
458.667 0.874421875
459.713 0.9519388145315487
460.762 1.0924003813155387
461.763 1.164963036963037
462.792 0.7427249757045675
463.813 0.7795651322233105
464.822 0.8791119920713578
465.823 0.547932067932068
466.842 0.855332679097154
468.002 0.6074620689655172
469.003 1.0315684315684317
470.012 1.041117938553023
471.022 1.2826772277227723
472.116 0.9648263254113345
473.133 0.9329321533923305
474.142 1.0608681863230924
475.152 0.819960396039604
476.153 0.78798001998002
477.162 0.46461843409316156
478.202 0.5816307692307692
479.212 0.5867485148514853
480.412 0.5651733333333332
481.453 0.6181978866474545
482.462 0.45409712586719525
483.463 0.7685834165834167
484.472 0.7706878097125868
485.482 0.8063683168316832
486.512 0.6317514563106796
487.532 0.879835294117647
488.533 0.650917082917083
489.542 0.48313181367690783
490.742 0.4806666666666667
493.372 0.0540958174904943
494.382 0.7062257425742574
495.392 1.1973069306930693
496.393 0.8102377622377622
497.402 0.6961744301288405
498.422 0.33877647058823523
499.452 0.053126213592233004
500.482 0.19844660194174754
501.512 0.21250485436893202
502.571 0.20668555240793202
503.582 0.19484866468842732
515.974 0.013247256294383473
517.394 0.015414084507042255
519.154 0.008804545454545456
520.394 0.02647741935483871
521.795 0.023434689507494645
523.074 0.02567005473025801
524.514 0.0228
525.774 0.02605714285714286
531.089 0.02466077140169332
532.099 1.1001663366336634
533.1 1.5518961038961039
534.249 0.4315126196692776
535.438 0.734748528174937
536.448 0.592570297029703
537.458 0.6878653465346535
538.518 0.7338716981132075
539.539 0.8354084231145935
540.558 0.5828851815505398
541.568 0.4442613861386139
542.569 0.4206673326673327
543.588 0.49253778213935234
544.608 0.5686588235294118
545.618 0.4614970297029703
546.628 0.6767445544554455
547.778 0.7734886956521739
548.779 1.451876123876124
549.78 1.3945734265734266
550.888 1.4372202166064982
552.071 1.0290448013524935
553.198 1.2846181172291296
554.239 1.2040422670509126
555.258 1.1592620215897937
556.259 1.2520039960039961
557.26 1.244851148851149
558.268 1.3960396825396828
559.339 1.173139122315593
560.458 1.1775656836461126
561.668 1.318300826446281
562.669 1.507172827172827
563.819 1.1128765217391303
564.82 0.9442877122877124
565.938 0.9634060822898032
566.939 1.5094105894105894
568.118 1.1444139100932993
569.128 1.3591366336633666
570.129 1.3677362637362638
571.228 1.0507879890809828
572.238 1.3345742574257426
573.368 0.9257911504424778
574.369 1.2351888111888112
575.378 1.3454667988107039
576.469 0.9725022914757103
577.478 1.1007777777777779
578.488 1.0330059405940595
579.489 1.3333946053946055
580.508 1.031262021589794
581.517 0.879207135777998
582.639 0.7767557932263814
583.768 0.851925597874225
584.778 1.1709227722772277
585.788 0.9497900990099011
586.797 0.8942160555004954
587.798 0.616951048951049
588.828 0.32601941747572816
589.867 0.3159961501443696
590.869 0.6172135728542915
592.318 0.1953457556935818
593.488 0.9634324786324786
594.658 1.1366905982905982
595.788 0.890409982174688
596.789 1.0156883116883118
597.808 0.9902021589793917
598.907 1.2004440400363967
599.909 1.3746813186813187
600.918 1.542057482656095
601.92 1.1805588822355289
602.948 1.3623735408560314
603.958 1.355968316831683
605.091 0.9681129744042365
606.108 1.033447394296952
607.128 0.6984941176470588
608.129 0.9931828171828173
609.137 0.8538968253968254
610.237 0.9505163636363636
611.247 1.0344396039603958
612.409 0.9479242685025817
613.427 0.9090609037328093
614.437 0.7594455445544555
615.517 0.6216518518518518
616.527 1.1506693069306928
617.537 0.683350495049505
618.538 0.857926073926074
619.668 0.8946902654867257
620.787 0.8982520107238606
621.798 1.063295746785361
622.807 1.2867234886025767
623.848 0.9338943323727186
624.977 0.8863489813994685
625.978 1.1364155844155843
627.029 0.6590447193149381
628.037 1.0280952380952382
629.057 0.7549176470588236
630.257 0.8801266666666667
631.258 1.1786773226773228
632.457 0.9604537114261886
633.467 1.1053148514851485
634.477 1.0652752475247524
635.497 0.7785803921568628
636.528 0.7967099903006789
637.617 0.7002460973370064
638.627 0.7915881188118811
639.637 0.7870415841584159
640.647 0.7749861386138613
641.657 0.7832237623762376
642.777 0.5086857142857143
643.966 0.44372077375946173
644.967 0.6475764235764235
645.977 0.6039841584158415
646.987 0.5052277227722772
648.007 0.5853647058823529
649.028 0.4511185112634672
650.077 0.375580552907531
651.095 0.32581532416502945
652.097 0.5785708582834332
653.117 0.43424313725490193
654.119 0.9197125748502993
655.127 0.8528968253968254
656.136 0.9961308225966303
657.297 0.9578501291989664
658.377 0.8307766450417052
659.496 0.7644468275245755
660.707 0.8063286540049546
661.726 0.7362355250245338
662.756 0.7902912621359224
663.837 1.0048103607770582
664.843 0.8552922465208748
665.848 0.7037054726368158
666.857 0.8478493557978196
667.867 0.7320633663366336
668.876 0.8131298315163529
669.877 0.8542177822177822
670.887 1.1913980198019802
671.936 0.9114661582459486
672.937 0.7116803196803196
673.956 0.5369342492639844
674.968 0.526498023715415
675.976 0.7876825396825395
676.986 0.7293544554455446
677.996 0.7872158415841585
679.007 0.6888071216617211
680.026 0.7204710500490678
681.066 0.6224538461538461
682.257 0.5510184873949581
683.266 0.8012844400396432
684.267 1.070081918081918
685.387 0.8893142857142856
686.388 1.4297862137862136
687.507 1.2765898123324397
688.508 1.3479320679320679
689.516 1.013722222222222
690.526 0.7782653465346534
691.636 0.9617729729729729
692.656 0.5678352941176471
693.666 0.49843960396039605
694.667 0.40600999000999005
695.687 0.8700549019607843
696.696 0.8614707631318136
697.706 1.1495049504950496
698.707 1.1409070929070928
699.886 1.0101509754028837
700.896 1.0684673267326732
701.906 0.9765702970297029
702.966 0.9520150943396226
703.969 1.5132203389830508
704.976 1.225708043694141
706.096 1.5818642857142857
707.097 1.2959520479520479
708.107 1.3141465346534653
709.116 1.4327215064420218
710.286 1.4802188034188035
711.566 1.6721625
712.568 1.0102035928143713
713.606 1.0360539499036607
714.607 1.5118961038961036
715.616 1.288840436075322
716.706 1.112954128440367
717.708 1.2989780439121756
718.728 1.440164705882353
719.736 1.340373015873016
720.756 1.092172549019608
721.767 1.3973649851632046
722.776 1.389557978196234
723.876 1.3731418181818182
725.076 1.5934
726.077 1.784071928071928
727.091 1.671526627218935
728.097 1.5080159045725645
729.098 1.2777302697302697
730.106 1.4127777777777777
731.117 1.3982512363996042
732.166 1.2475881792183032
733.186 1.2451686274509806
734.236 1.5055466666666668
735.266 1.5214524271844658
736.337 1.4175686274509804
737.396 1.372154863078376
738.397 1.0589970029970028
739.496 1.3272502274795268
740.606 1.4931387387387387
741.616 1.6109465346534653
742.766 0.9469147826086955
743.776 1.2696079207920794
744.777 1.4074405594405595
745.955 1.0142139219015278
747.126 0.8456293766011955
748.127 1.216911088911089
749.176 1.077727359389895
750.206 1.2121087378640778
751.227 1.5820959843290892
752.345 1.1782397137745975
753.347 1.5358403193612773
754.435 0.6960441176470588
755.516 1.0232895467160035
756.535 0.9460333660451423
757.775 0.44936129032258065
758.94 0.10333390557939914
759.985 1.0204095693779904
761.088 1.1989193109700815
762.195 1.3364046973803072
763.396 1.686474604496253
764.405 1.4339028741328046
765.415 1.2751603960396038
766.416 1.5680879120879123
767.556 1.2784350877192983
768.565 1.561910802775025
769.685 0.9407357142857143
770.716 1.154172647914646
771.845 1.1108945969884854
772.855 1.3605861386138614
773.856 1.211004995004995
774.865 1.3570029732408324
775.875 0.9105188118811881
776.885 0.8536712871287128
777.925 0.7725461538461539
779.055 0.7967504424778761
780.065 0.7655049504950495
781.105 0.4936923076923077
782.186 0.19698057354301574
783.195 0.8923211100099109
784.205 0.635469306930693
785.215 0.6569346534653465
786.225 0.5428277227722772
787.235 0.3069148514851485
788.247 0.3060395256916996
789.286 0.3936939364773821
790.325 0.38433878729547644
791.345 0.4943529411764706
792.355 0.555429702970297
793.385 0.42606601941747574
794.405 0.3841176470588235
795.505 0.39726545454545453
796.515 0.5093386138613861
797.516 0.4274845154845155
798.544 0.41519066147859923
799.545 0.3672967032967033
800.546 0.6047552447552448
801.565 0.5939077526987243
802.575 0.2973465346534654
803.605 0.37514563106796117
804.615 0.7241029702970297
805.64 1.0759570731707317
806.744 0.8530434782608697
807.755 0.8374282888229476
808.756 1.1677042957042956
809.927 1.0524884713919729
810.967 1.2013153846153846
811.975 1.3598095238095238
812.986 1.158544015825915
813.994 0.7723174603174604
815.015 0.6197845249755142
816.095 0.9940222222222221
817.224 1.083677590788308
818.225 1.0952887112887113
819.229 0.9437450199203187
820.441 0.9779999999999999
821.465 0.9362890625
822.485 0.8834823529411765
823.486 1.2054345654345655
824.487 1.2354365634365634
825.495 1.039111111111111
826.504 0.8406263627353816
827.524 0.5680627450980393
828.534 0.5457663366336634
829.695 0.7639276485788113
830.704 1.1604281466798811
831.814 0.710536936936937
832.885 0.8804929971988796
833.904 0.7871246319921492
834.906 0.6611576846307387
835.915 0.767230921704658
836.945 0.6715961165048544
837.974 0.5743206997084547
839.004 0.29109902912621355
840.114 0.2241873873873874
841.124 1.02406342913776
842.174 0.8852723809523808
843.175 1.2167912087912087
844.374 1.0993761467889909
845.584 1.088013223140496
846.715 1.3943129973474802
847.724 1.3897244796828543
848.764 1.1930999999999998
849.766 1.4759281437125749
850.784 0.9964872298624755
851.794 1.1163168316831682
852.795 1.213018981018981
853.954 1.0048386540120793
854.964 1.145782178217822
855.974 0.865750495049505
857.104 1.243483185840708
858.224 1.2643214285714286
859.234 0.7805069306930693
860.254 0.4812235294117647
861.304 0.5711390476190477
862.344 0.8571615384615385
863.354 0.876
864.457 0.11906436990027199
865.464 1.3855571002979143
866.465 1.3539900099900102
867.474 1.6640872150644201
868.475 1.33393006993007
869.574 1.2541219290263874
870.744 1.3836102564102566
871.914 1.3324376068376067
872.915 1.6263976023976023
873.934 1.353397448478901
875.024 1.562965137614679
876.025 1.6984695304695305
877.037 0.949794466403162
878.094 1.0663462630085145
879.104 1.3019960396039603
880.106 1.2702754491017962
881.114 1.066293650793651
882.124 0.8483326732673268
883.156 0.496968992248062
884.164 0.59484126984127
885.304 1.1316561403508771
886.444 1.521024561403509
887.644 1.41122
888.646 1.6743872255489023
889.774 1.191886524822695
890.784 1.6119603960396038
892.324 0.7093194805194806
893.326 0.8214850299401196
894.334 0.9102936507936508
895.344 1.406027722772277
896.374 1.0873864077669901
897.383 1.4607651139742321
898.384 1.5505054945054946
899.385 1.6373626373626373
900.394 1.5934033696729435
901.493 1.483909008189263
902.603 1.396446846846847
903.607 1.5401115537848604
904.774 1.1517669237360753
905.783 1.5517304261645193
906.924 1.30777212971078
908.123 1.3156897414512094
909.124 1.379964035964036
910.133 1.0862239841427155
911.214 1.1675115633672526
912.404 1.2188504201680672
913.563 1.4401863675582398
914.565 1.83111377245509
915.574 1.0974985133795838
916.725 1.3489139878366638
917.726 1.5932467532467534
918.805 1.1303429101019462
919.813 1.2300873015873017
920.823 0.7326811881188119
921.825 0.8255169660678643
922.833 1.0432857142857141
923.903 0.5059588785046729
924.913 1.3224633663366336
925.914 1.3666413586413586
927.103 1.1405618166526492
928.293 1.3814857142857144
929.294 1.5979460539460542
930.303 1.1937680872150647
931.403 0.9319709090909092
932.534 1.2784084880636606
933.543 1.4801347869177404
934.544 1.298941058941059
935.553 0.9511992071357781
936.554 1.2905014985014984
937.573 1.2158351324828263
938.583 1.3150019801980197
939.783 1.2567733333333333
940.803 1.416313725490196
941.903 1.3276436363636364
943.038 1.361339207048458
944.043 1.2861930348258706
945.233 0.9548773109243698
946.323 1.001394495412844
947.363 1.117076923076923
948.373 1.069370297029703
949.382 1.3026997026759168
950.383 0.9366553446553446
951.413 0.9428737864077669
952.432 0.9700255152109912
953.443 0.921463897131553
954.493 0.5351085714285714
955.503 0.5872824578790881
956.523 0.4828235294117647
957.532 0.4125272547076313
958.542 0.44195643564356435
959.543 0.6122517482517483
960.573 0.6710834951456311
961.583 0.7039524752475247
962.603 0.6511921568627451
963.702 0.42490991810737033
964.722 0.5579294117647059
965.723 0.40858341658341657
966.743 0.5364705882352941
967.762 0.3605260058881256
968.792 0.44671844660194177
969.801 0.43582953419226955
970.872 0.5476825396825397
971.882 0.7416372646184342
972.912 0.3249320388349515
973.933 0.45049167482859936
974.942 0.622025768087215
975.953 0.7207992087042533
976.962 0.9073855302279485
977.963 0.5654985014985014
978.973 0.7404198019801981
979.982 0.7345966303270565
980.992 0.8589861386138613
981.993 0.8523156843156843
983.172 0.9372688719253605
984.182 0.897180198019802
985.262 0.6064888888888889
986.273 0.8421364985163204
987.282 0.6533994053518335
988.292 0.6713029702970297
989.362 0.6658766355140188
990.399 0.5041542912246866
991.402 0.760159521435693
992.432 0.6106873786407768
993.433 0.5442477522477522
994.442 0.6872547076313182
995.522 0.5956
996.703 0.96283149872989
997.712 0.9394727452923687
998.812 0.9137236363636363
999.822 0.820768316831683
1000.826 0.7735298804780877
1001.832 0.7389582504970178
1002.842 0.9862257425742573
1004.002 0.7269103448275862
1005.012 0.9835643564356435
1006.022 0.7306534653465345
1007.036 0.6905956607495068
1008.062 0.6288888888888889
1009.072 0.38137029702970293
1010.081 0.4357106045589693
1011.092 0.3578555885262117
1012.122 0.3506330097087379
1013.142 0.2023450980392157
1014.172 0.2975067961165049
1015.212 0.2094769230769231
1016.242 0.34925048543689324
1017.252 0.41175445544554456
1018.281 0.27364042759961127
1019.292 0.21649851632047476
1020.392 0.07595636363636363
1021.462 0.14319252336448599
1022.653 0.09188916876574307
1028.101 0.04198531571218796
1029.112 0.4005222551928783
1030.122 0.30356435643564356
1044.489 0.015763903389712536
1045.716 0.6971735941320294
1046.727 1.0540296735905046
1048.046 0.13275511751326766
1049.157 0.21943474347434744
1050.247 0.8404550458715596
1051.306 0.8608800755429651
1052.376 0.8854803738317758
1053.377 0.830953046953047
1054.568 0.9575617128463476
1057.056 0.42245659163987137
1058.057 0.6906853146853147
1059.066 0.9188899900891973
1060.076 0.5669069306930693
1061.086 0.8909861386138613
1063.406 0.1611344827586207
1064.407 1.0353566433566435
1065.408 0.9145254745254746
1066.416 0.9180079365079366
1067.556 1.060659649122807
1068.686 0.9501930912311781
1069.746 0.8966566037735849
1070.806 1.0737132075471698
1071.936 0.9800070796460176
1072.977 0.7968645533141211
1073.987 0.9986138613861386
1075.096 0.8769846708746619
1076.156 0.9578415094339623
1077.176 0.9081803921568627
1078.186 0.9344633663366336
1079.216 0.8172116504854369
1080.226 0.7795485148514851
1081.367 0.8987578947368422
1082.377 1.0835247524752476
1083.386 0.8237304261645194
1084.396 1.090360396039604
1085.416 0.44159215686274506
1086.456 0.4041384615384615
1087.676 0.4131213114754098
1088.686 0.5747643564356435
1089.705 0.48139744847890087
1090.706 0.5192887112887113
1091.716 0.5551128712871288
1092.736 0.5484470588235295
1093.936 0.35447333333333336
1095.056 0.47779285714285713
1096.076 0.5583058823529411
1097.106 0.6306407766990292
1098.116 0.5572514851485149
1099.126 0.6600871287128712
1100.145 0.5775073601570168
1101.155 0.44020594059405943
1102.196 0.46375408261287226
1103.205 0.5422794846382556
1104.206 0.5673366633366633
1105.225 0.5781825318940138
1106.235 0.5296871287128714
1107.276 0.4300019212295869
1108.295 0.41885770363101077
1109.305 0.27354455445544557
1110.515 0.35212561983471075
1111.535 0.41885770363101077
1112.545 0.3765623762376238
1113.565 0.4393254901960784
1114.595 0.5079922330097087
1115.605 0.5974891089108911
1116.606 0.6759480519480519
1117.645 0.3370625601539943
1118.785 0.5688561403508773
1119.795 0.574289108910891
1120.805 0.4943128712871287
1121.875 0.4442616822429907
1122.895 0.4184470588235294
1123.927 0.3914031007751938
1124.935 0.24834920634920638
1126.015 0.16213333333333332
1127.105 0.16064587155963303
1128.135 0.18062912621359223
1129.255 0.09955
1130.295 0.09470769230769231
1131.315 0.3648
1132.365 0.2089752380952381
1133.415 0.3022628571428571
1134.605 0.2302655462184874
1135.655 0.31268571428571434
1136.666 0.3125776458951533
1137.685 0.4403375858684985
1138.695 0.37482772277227727
1139.715 0.3392627450980392
1140.735 0.450635294117647
1141.755 0.33744313725490194
1142.775 0.4935529411764706
1143.785 0.3148990099009901
1144.806 0.3108481880509304
1145.845 0.17512223291626564
1147.325 0.05176216216216216
1148.385 0.6414415094339622
1149.395 0.6284673267326734
1150.444 0.5961410867492851
1151.454 0.6692594059405942
1152.515 0.2503977379830349
1153.635 0.16611428571428574
1154.655 0.49917647058823533
1155.665 0.3978059405940594
1156.727 0.21638418079096042
1157.754 0.083365141187926
1158.765 0.4005222551928783
1159.805 0.34900000000000003
1160.825 0.33258823529411763
1161.835 0.41175445544554456
1162.865 0.33711844660194173
1163.905 0.3318
1165.085 0.34040677966101696
1166.104 0.3329381746810599
1167.105 0.32795204795204796
1168.194 0.35173553719008266
1169.204 0.20451485148514853
1170.304 0.32890909090909093
1171.564 0.3859238095238095
1172.565 0.5138541458541458
1173.584 0.3910736015701668
1174.595 0.4257408506429278
1175.614 0.43621589793915605
1176.644 0.4924582524271845
1177.654 0.43723564356435646
1178.667 0.4488687068114512
1179.714 0.4486118546845124
1180.754 0.43580769230769234
1181.795 0.45181171950048027
1182.804 0.47877898909811695
1183.814 0.4612435643564356
1184.825 0.4142987141444115
1185.855 0.46010097087378643
1186.864 0.4754410307234886
1187.974 0.47204324324324326
1188.984 0.4814891089108911
1189.994 0.5100514851485148
1191.004 0.6218059405940594
1192.025 0.6526464250734575
1193.044 0.6257821393523062
1194.054 0.5367841584158416
1195.08 0.6482884990253411
1196.254 0.5003407155025553
1197.274 0.6315450980392155
1198.284 0.645790099009901
1199.294 0.6515485148514851
1200.485 0.5336893366918556
1201.494 0.6986798810703667
1202.515 0.6923330068560235
1203.674 0.48014495254529765
1204.714 0.6326461538461539
1205.904 0.6603361344537815
1206.914 0.8268514851485149
1208.014 0.57976
1209.024 0.7126653465346535
1210.034 0.6932277227722773
1211.037 0.47684945164506476
1212.044 0.6424389275074479
1213.294 0.45614720000000003
1214.304 0.6973782178217822
1215.314 0.6792554455445545
1216.334 0.5217176470588235
1217.374 0.21386153846153846
1218.384 0.6545029702970298
1219.593 0.5318511166253101
1220.594 0.6827332667332668
1221.604 0.6978851485148515
1222.614 0.6426455445544554
1223.644 0.6843650485436893
1224.754 0.5328216216216216
1225.764 0.6756198019801981
1226.784 0.6692
1227.794 0.6760237623762376
1228.804 0.4759841584158416
1229.864 0.4348754716981132
1230.894 0.5063223300970874
1231.913 0.48894210009813543
1233.344 0.31669370629370625
1234.364 0.4994588235294117
1235.383 0.5473209028459275
1236.404 0.5935279138099901
1237.424 0.6295294117647059
1238.434 0.6698059405940594
1239.444 0.6887128712871287
1240.454 0.6768237623762375
1241.474 0.5693411764705882
1242.484 0.6466613861386138
1243.494 0.6094653465346535
1244.505 0.6531750741839762
1245.513 0.5527619047619049
1246.514 0.5367032967032968
1247.544 0.5767145631067963
1248.553 0.5573676907829535
1249.734 0.5475495342929722
1250.784 0.5984
1251.893 0.5999495040577096
1252.914 0.6431341821743389
1253.934 0.4201960784313725
1254.953 0.5666261040235525
1256.173 0.5580721311475411
1257.193 0.5239686274509804
1258.253 0.5381433962264152
1259.273 0.5479764705882353
1260.284 0.5938437190900099
1261.303 0.6032894995093228
1262.333 0.548473786407767
1263.503 0.5181196581196581
1264.743 0.5368387096774193
1265.903 0.5444068965517241
1266.913 0.5959603960396039
1267.923 0.47785346534653467
1268.924 0.5368471528471529
1269.934 0.5593029702970297
1270.943 0.6165946481665016
1271.953 0.6979326732673268
1272.974 0.5960901077375123
1273.983 0.5064895936570862
1274.984 0.6781778221778221
1276.143 0.5222226056945644
1277.153 0.7661623762376237
1278.163 0.7904396039603961
1279.283 0.6710571428571429
1280.284 0.9254185814185815
1281.463 0.8149143341815097
1282.473 1.128483168316832
1283.483 0.9316831683168317
1284.493 0.8421861386138615
1285.543 0.9812850333651096
1286.573 1.131526213592233
1287.574 0.569126873126873
1288.583 0.5755480673934588
1289.584 1.0791688311688312
1290.723 0.5325162423178226
1291.733 1.0363801980198022
1292.743 0.6674138613861386
1293.753 0.6079524752475247
1294.763 0.8572831683168317
1295.816 0.6513428300094967
1297.023 0.823927091963546
1298.032 0.9122775024777008
1299.193 0.5513109388458225
1300.203 0.7648633663366338
1301.233 0.796442718446602
1302.253 0.6270901960784314
1303.263 0.530550495049505
1304.273 0.4917623762376237
1305.293 0.518
1306.313 0.48227450980392156
1307.353 0.29264615384615383
1308.703 0.09781333333333332
1309.712 0.519183349851338
1310.973 0.3018620142743854
1311.983 0.7696871287128714
1313.083 0.6483709090909091
1314.084 0.8496703296703297
1315.103 0.5739980372914621
1316.113 0.8647524752475249
1317.133 0.6049303238469088
1318.143 0.8467009900990099
1319.144 0.8521558441558442
1320.194 0.6527314285714285
1321.196 0.6398483033932136
1322.202 0.8114786069651742
1323.212 0.6183762376237624
1324.223 0.5447675568743818
1325.224 0.6521878121878122
1326.234 0.8829623762376237
1327.242 0.6286825396825396
1328.243 0.8973346653346653
1329.253 0.8467881188118812
1330.432 0.6858625954198474
1331.532 0.8462036363636364
1332.533 0.8624735264735265
1333.622 0.6853406795224978
1334.633 0.8119802176063303
1335.642 0.8547234886025769
1336.702 0.6154566037735848
1337.722 0.815286274509804
1338.912 0.6479193277310924
1339.913 0.6158881118881119
1340.922 0.75201585728444
1342.112 0.5652100840336135
1343.122 0.7200633663366336
1344.123 0.7219020979020979
1345.132 0.8525510406342913
1346.142 0.7641821782178218
1347.143 0.6189250749250749
1348.173 0.5623533980582524
1349.194 0.8652615083251713
1350.232 0.5876531791907513
1351.233 0.8649910089910091
1352.422 0.6859007569386039
1353.423 0.8552407592407592
1354.542 0.6528328865058087
1355.552 0.8543683168316831
1356.782 0.6373073170731707
1357.803 0.7859040156709108
1358.804 0.6025254745254746
1359.813 0.8952784935579783
1360.823 0.5735524752475247
1361.873 0.6530666666666668
1362.882 0.936808721506442
1363.952 0.6940859813084111
1364.963 0.9199604352126608
1366.112 0.7573959965187119
1367.132 1.0371529411764706
1368.142 0.9047445544554455
1369.162 0.8197333333333334
1370.232 0.49865420560747664
1371.233 0.552871128871129
1372.242 0.6530188305252724
1373.243 0.7098661338661338
1374.252 0.5115718533201189
1375.272 0.6039686274509805
1376.472 0.4752133333333333
1377.484 0.5320474308300395
1378.523 0.49153416746872
1379.532 0.6097125867195243
1380.992 0.30687123287671236
1382.003 0.7290772277227723
1383.004 0.6921958041958042
1384.022 0.48432220039292734
1385.042 0.36315294117647057
1386.202 0.39975172413793103
1387.582 0.41089275362318844
1388.611 0.521142857142857
1389.622 0.34278140454995054
1390.631 0.3720832507433102
1391.643 0.3568932806324111
1392.667 0.4275
1393.964 0.11002621434078642
1394.981 0.5488141592920354
1396.002 0.5173437806072478
1397.012 0.4965861386138614
1398.032 0.46732549019607844
1399.141 0.49401623083859336
1400.202 0.5345749293119698
1401.213 0.5087715133531158
1402.221 0.4425396825396825
1403.242 0.2934769833496572
1404.252 0.3906693069306931
1405.261 0.33432705649157585
1406.281 0.314321568627451
1407.452 0.4542442356959864
1408.571 0.49532797140303847
1409.591 0.4611843137254902
1410.601 0.5282138613861387
1411.602 0.5565874125874126
1412.666 0.6097067669172931
1413.672 0.6564612326043738
1414.692 0.6860313725490196
1415.921 0.6504800650935719
1416.931 0.7099089108910891
1417.932 0.52991008991009
1418.942 0.6642217821782178
1420.092 0.1562504347826087
1421.121 0.46567152575315834
1422.141 0.532392156862745
1423.151 0.5598019801980199
1424.391 0.608225806451613
1425.482 0.6312954128440368
1426.681 0.5856413678065054
1427.911 0.6285398373983739
1428.921 0.7230019801980199
1429.931 0.699881188118812
1430.951 0.5316627450980391
1432.121 0.3205264957264957
1433.141 0.4935529411764706
1434.162 0.15978844270323211
1435.381 0.4783264971287941
1436.471 0.4695045871559633
1437.491 0.39547791952894995
1438.501 0.4129980198019802
1439.512 0.3700257171117705
1440.561 0.30255100095328885
1441.581 0.2556627450980392
1442.601 0.44894117647058823
1443.68 0.5095607043558851
1444.691 0.5479999999999999
1445.701 0.5746376237623763
1446.731 0.4768854368932039
1447.741 0.5747405940594059
1448.751 0.6058217821782179
1449.941 0.5058285714285714
1450.95 0.5640673934588701
1452.161 0.6208687035507845
1453.221 0.4768754716981132
1454.391 0.2057846153846154
1455.442 0.7724952380952381
1456.561 0.962437890974084
1457.771 0.884899173553719
1458.79 0.2255387634936212
1460.093 0.15938603223330777
1461.122 0.5303479105928086
1462.261 0.42147146619841963
1463.27 0.5188741328047572
1464.42 0.35684869565217386
1465.444 0.5557500000000001
1466.45 0.445351888667992
1467.451 0.4886633366633367
1468.491 0.4559307692307692
1469.511 0.3254745098039216
1470.521 0.35660990099009904
1471.53 0.538402378592666
1472.541 0.520593471810089
1473.55 0.5469811694747275
1474.571 0.47163173359451516
1475.58 0.3089236868186323
1476.602 0.29983561643835616
1477.82 0.3718357963875205
1478.85 0.32938252427184467
1479.86 0.18202772277227722
1480.87 0.6405148514851484
1481.881 0.5267893175074184
1482.901 0.44618823529411766
1483.91 0.583207135777998
1484.93 0.4651137254901961
1485.941 0.4438219584569733
1486.961 0.49349019607843136
1487.97 0.4941605550049554
1488.98 0.586059405940594
1490.01 0.2552776699029126
1491.25 0.31163870967741936
1492.47 0.4982426229508197
1493.54 0.5741607476635514
1494.901 0.18494636296840558
1496.03 0.3729884853852967
1497.031 0.7934465534465535
1498.22 0.38392598822539953
1499.67 0.3763365517241379
1500.68 0.5201108910891089
1501.72 0.3207153846153846
1502.73 0.3633029702970297
1503.77 0.46074615384615386
1504.78 0.32347274529236875
1505.83 0.3744
1506.865 0.3489391304347826
1507.891 0.28807017543859653
1508.454 0.2721420959147425
