0.0 0.8684235294117646
1.161 2.8664668389319554
2.221 1.6244301886792452
3.251 1.3419029126213593
4.252 1.5408911088911088
5.27 1.5418703339882123
6.351 1.1519777983348751
7.361 1.7138693069306932
8.37 1.756416253716551
9.381 1.681353115727003
10.561 1.723322033898305
11.73 1.6655739948674082
12.85 1.605
13.851 1.6027092907092906
15.09 0.993820823244552
16.16 1.0799850467289722
17.26 0.9480290909090909
18.43 0.4309264957264957
19.44 0.9953108910891089
20.451 1.2370089020771515
21.46 0.8649910802775025
22.461 0.8315204795204795
23.48 1.088125613346418
24.49 0.7437306930693068
25.612 0.7327985739750444
26.77 0.8646148531951641
27.832 1.003231638418079
28.852 1.0508235294117647
29.86 1.1786031746031747
30.87 1.0637465346534656
31.91 0.9715076923076923
33.09 1.0633152542372881
34.095 1.1844616915422885
35.18 1.4265142857142858
36.21 1.402928155339806
37.22 1.2247841584158417
38.25 1.1775533980582524
39.259 0.3683012884043608
40.26 0.6625374625374625
41.261 0.9849910089910091
42.28 1.0088478900883218
43.29 0.8575762376237623
44.3 1.1224079207920792
45.38 1.4251111111111112
46.39 1.3937188118811883
47.391 1.442885114885115
48.44 1.0904404194470922
49.441 0.88007992007992
50.69 0.6976333066453163
51.7 0.8971179385530228
52.71 0.9530059405940594
53.73 0.9237882352941176
54.74 1.3039049504950495
55.759 0.922810598626104
56.78 1.0752125367286973
57.782 1.6371708291708291
58.909 0.9367524401064774
59.919 1.2336079207920794
61.12 0.6904712739383847
62.13 1.0901861386138614
63.131 1.2776743256743257
64.259 0.7931702127659574
65.28 0.6618060724779627
66.3 0.3660156862745098
67.459 0.8624331320103539
68.469 1.0618217821782177
69.47 0.9181138861138861
70.59 0.7818642857142857
71.63 0.9751307692307694
72.639 0.9622596630327057
73.659 1.0126901960784314
74.67 0.8003402571711177
75.69 0.4267294117647059
76.699 0.5157978196233894
77.709 0.4790495049504951
78.731 0.212587084148728
79.909 0.8226689303904924
80.919 1.113869306930693
82.149 0.8176585365853658
83.159 1.0272158415841584
84.169 1.0622574257425743
85.199 0.811790291262136
86.209 1.1016871287128713
87.219 0.7913584158415842
88.359 0.8926947368421053
89.549 0.9570890756302521
90.56 1.1630385756676558
91.619 0.9631501416430595
92.709 0.915188246097337
93.879 1.006242735042735
94.889 1.0470257425742575
95.959 1.0849271028037382
97.159 1.066906666666667
98.209 0.9993676190476191
99.339 0.8422584070796459
100.499 1.0367448275862068
101.699 1.1663533333333334
102.709 1.0615024777006938
103.719 1.1129267326732672
104.879 0.9858896551724137
105.889 1.1382970297029702
106.979 0.7969834862385321
107.989 0.7943366336633664
108.999 0.8008475247524752
110.069 0.7352822429906543
111.079 0.7242059405940594
112.129 0.4001828571428571
113.139 0.6867801980198021
114.159 1.0529882352941176
115.169 0.8368554455445545
116.239 0.8996859813084113
117.249 1.1759920792079208
118.399 0.880104347826087
119.409 1.151508910891089
120.419 1.0986772277227725
121.429 0.8484831683168317
122.458 0.8461030126336249
123.549 0.8738128440366972
124.689 0.8644842105263157
125.759 0.8229906542056075
126.769 0.9889584158415841
127.778 1.3622755203171457
128.789 0.8305440158259149
129.819 0.8417864077669903
130.958 0.6318033362598772
131.978 0.631678431372549
132.989 0.6049297725024728
134.129 0.5168350877192983
135.17 0.661433237271854
136.179 0.9510644202180376
137.188 0.7443092170465807
138.199 0.6607952522255194
139.229 0.8088699029126213
140.258 0.39133916423712345
141.259 0.5051508491508492
142.379 0.6131142857142858
143.388 0.6009117938553024
144.518 0.6753699115044248
145.73 0.7580858085808581
146.758 0.8116342412451362
147.768 0.7025346534653465
148.778 0.39284752475247525
149.788 0.19504158415841583
150.809 0.08575122428991185
152.009 0.7883133333333334
153.019 1.2685782178217822
154.032 1.2415794669299112
155.038 1.1257495029821072
156.048 1.0644752475247523
157.049 1.116963036963037
158.278 1.0660829943043124
159.279 1.0724395604395602
160.289 1.0080475247524752
161.428 0.506395083406497
162.478 0.9184152380952381
163.508 0.6663223300970874
164.668 0.620496551724138
165.679 1.076272997032641
166.688 1.0527016848364716
167.689 1.2215144855144855
168.699 1.201560396039604
169.718 0.8276506378802747
170.728 0.972990099009901
171.838 0.476345945945946
172.858 0.4591764705882353
173.928 0.6648747663551402
175.018 1.170891743119266
176.069 1.217126546146527
177.079 1.3157782178217823
178.089 1.2820039603960396
179.108 0.4052051030421982
180.109 1.3158841158841157
181.238 0.9753551815766165
182.239 1.3042317682317681
183.24 1.3444235764235763
184.248 1.439285714285714
185.258 1.318091089108911
186.458 1.0053
187.478 0.9556941176470588
188.518 0.9499538461538461
189.538 0.6954196078431373
190.548 0.6877782178217822
191.558 0.389409900990099
192.708 0.4612591304347826
193.817 0.4833615870153291
195.498 0.30617142857142854
196.577 0.17241149212233547
197.578 0.6227052947052947
198.728 0.5525773913043478
199.769 0.44154466858789626
200.777 0.5347539682539684
201.808 0.4335596508244423
202.817 0.6579266600594648
203.827 0.7951207920792079
204.847 0.2088156862745098
205.848 0.9153406593406593
206.858 0.8468356435643564
207.868 1.0664158415841585
208.877 0.6937244796828542
209.988 0.6723600360036004
210.989 0.6995004995004995
212.08 0.5886709440879927
213.088 0.8064444444444445
214.107 0.6048125613346418
215.108 0.5449030969030969
216.127 0.4645103042198233
217.138 0.7758733926805144
218.148 0.9364514851485148
219.209 0.8528784165881244
220.218 1.0837343904856294
221.237 0.5486712463199214
222.277 0.24536153846153846
223.297 0.43990588235294115
224.307 0.45611089108910896
225.317 0.7026297029702969
226.318 1.0612747252747254
227.328 1.0756910891089109
228.337 0.6833538156590683
229.348 1.105036597428289
230.368 0.8758039215686274
231.369 0.8362757242757243
232.387 0.9565815324165029
233.397 0.5488871287128713
234.437 0.37883076923076925
235.447 0.34573465346534654
236.587 0.6172771929824561
237.787 0.50866
238.797 0.5194846382556987
239.817 0.5813411764705883
240.837 0.5719529411764707
241.847 0.6127762376237624
242.857 0.6187564356435643
243.877 0.6217019607843137
244.897 0.48692549019607845
245.907 0.5660356435643564
246.917 0.6358336633663366
247.927 0.592190099009901
248.937 0.41536633663366335
249.947 0.512950495049505
250.957 0.6584237623762377
252.197 0.5428129032258064
253.237 0.562853846153846
254.247 0.6413148514851486
255.257 0.5976475247524752
256.277 0.6522980392156862
257.457 0.5413084745762712
258.547 0.4827082568807339
259.577 0.5100116504854368
260.597 0.4006588235294118
261.607 0.17233267326732674
262.647 0.5219846153846154
263.657 0.5742019801980197
264.667 0.48662178217821783
265.68 0.7260730503455084
266.687 0.5960675273088383
267.807 0.5361714285714285
268.817 0.6329276511397424
269.826 0.741986124876115
270.836 0.7085148514851485
271.847 0.7005657764589515
273.017 0.6430700854700855
274.029 0.7452660731948566
275.066 0.5163818707810993
276.076 0.5143128712871287
277.096 0.45509803921568626
278.116 0.6082352941176471
279.127 0.7257764589515332
280.156 0.4254227405247813
281.168 0.075699604743083
282.177 0.6092289395441032
283.187 0.5800079207920792
284.188 0.901042957042957
285.196 1.1625714285714286
286.197 1.1521678321678321
287.199 0.7907145708582834
288.207 1.1464603174603174
289.217 0.7317227722772277
290.237 0.7450588235294117
291.246 0.989217046580773
292.266 0.6205803921568628
293.356 0.5723816513761467
294.366 0.6396673267326732
295.367 0.4131628371628372
296.426 0.4273087818696884
297.456 0.3044660194174757
298.477 0.12862683643486778
299.487 0.5411009900990099
300.516 0.3511059280855199
301.536 0.26823529411764707
302.547 0.3674935707220574
303.568 0.27803330068560234
305.537 0.10004672422549517
306.556 0.5072188420019627
307.566 0.8150732673267326
308.747 0.6726502963590179
309.756 1.1848650793650792
310.817 0.7081319509896324
311.826 1.282790882061447
312.836 0.9081504950495048
313.966 1.0478513274336283
314.976 0.9645351833498513
316.166 0.7120067226890756
317.216 0.7229028571428571
318.226 0.422590099009901
321.916 0.09697560975609755
322.925 0.7024856293359762
323.928 0.7550738522954092
325.376 0.3241657458563536
326.566 0.48143193277310925
327.568 1.2562557442557443
328.576 1.231785714285714
329.796 0.8391672131147541
330.816 1.0792698724239451
331.856 0.973
332.866 0.5444356435643564
333.876 0.7759920792079208
334.986 0.8447999999999999
335.987 0.926017982017982
336.996 1.1065530227948464
338.006 0.9741782178217822
339.026 0.6542823529411764
340.03 0.8490767696909273
341.116 0.8820036832412522
342.177 1.1473251649387373
343.736 0.6583209242618742
344.816 0.5249407407407407
345.826 0.5990415841584159
346.896 0.3970242990654205
347.905 0.010846382556987116
348.926 0.7639177277179235
349.949 0.44599804496578693
351.026 0.4237400185701021
352.207 0.4607864406779661
353.276 0.5008942937324602
354.295 0.7520235525024533
355.296 1.0155764235764235
356.305 1.7240594648166503
357.516 1.1310057803468208
358.526 0.8040792079207921
359.645 0.7340697050938338
360.646 1.5215184815184817
361.805 1.1236445211389126
362.807 1.458989010989011
363.808 1.0203716283716284
364.815 1.2966593843098313
365.816 1.128975024975025
366.946 1.117812389380531
367.955 1.8076587301587301
369.016 1.1481847313854854
370.085 1.375430711610487
372.355 0.20051101321585904
373.425 0.41885607476635517
374.605 0.6861627118644068
375.625 1.0365647058823528
376.753 0.788531914893617
377.755 0.7593053892215569
378.765 0.5464158415841585
379.795 0.3460504854368932
380.816 0.4073183153770813
381.835 0.4588420019627085
382.875 0.48966923076923075
383.885 0.5851247524752475
384.915 0.4433009708737864
385.935 0.3843686274509804
387.085 0.2430121739130435
388.135 0.2501485714285714
389.145 0.2383841584158416
390.155 0.4760871287128713
391.165 0.2991920792079208
392.177 0.28761264822134386
393.215 0.3584739884393064
394.224 0.34094747274529236
395.235 0.5526178217821782
396.325 0.5533798165137616
397.366 0.8043189241114314
398.367 1.002101898101898
399.375 1.3872698412698412
400.385 1.113140594059406
401.575 0.9010285714285715
402.765 1.0699899159663866
403.775 1.242471287128713
404.795 1.5524470588235293
405.805 0.9429375619425174
407.022 0.8530550534100247
408.025 1.331716849451645
409.042 1.087315634218289
410.177 1.0881903083700442
411.184 1.2576285998013903
412.185 1.2136663336663336
413.195 1.0233108910891089
414.205 0.7615207920792079
415.215 0.6969267326732674
416.345 0.7343221238938052
417.346 1.1786053946053947
418.354 0.6083253968253968
419.365 0.8050959446092977
420.385 0.7590039215686275
421.605 0.5567934426229508
422.615 0.6935445544554456
423.624 0.6073974231912784
424.645 0.42521449559255636
425.755 0.39250450450450447
426.764 0.3145450941526263
429.572 0.04667806267806268
430.574 0.4720319361277445
431.598 0.2244375
451.884 0.004315882874889086
453.785 0.011519999999999999
454.984 0.009127606338615512
456.884 0.011519999999999999
477.864 0.0010432793136320303
478.873 0.33240832507433105
479.874 0.7555964035964036
480.884 1.0325702970297028
481.894 0.8038336633663365
482.914 0.8677254901960785
483.934 0.8329647058823529
484.963 1.0460408163265305
485.974 0.6088308605341246
486.983 0.9093676907829534
487.984 1.1072687312687313
489.074 1.1829504587155963
490.255 0.8581676545300593
491.384 1.3119149689991143
492.394 1.1528950495049506
493.404 1.3807366336633664
494.405 1.3245874125874126
495.504 1.1544021838034577
496.534 1.3104233009708737
497.535 1.713118881118881
498.684 1.0818798955613578
499.703 0.896792934249264
500.713 0.5925544554455445
501.743 0.5611650485436893
502.753 0.6936237623762377
503.773 0.981764705882353
504.776 1.2453280159521434
505.783 1.5223594836146972
506.784 1.5315484515484517
507.794 1.6611564356435644
508.874 1.5213481481481481
509.883 1.4169752229930626
510.903 1.164878431372549
512.064 1.3396933677863911
513.074 1.6057900990099012
514.083 1.4735777998017838
515.244 0.9540534022394488
516.273 1.5027716229348884
517.294 1.33650930460333
518.454 1.0687103448275863
519.455 1.0065614385614385
520.563 0.9776678700361011
521.573 0.9921504950495049
522.583 1.2904237623762376
523.603 1.0481882352941179
524.673 1.5263102803738318
525.684 1.6864094955489612
526.685 1.3199120879120878
527.715 0.894578640776699
528.716 1.5683836163836162
529.903 1.4653546756529066
530.904 1.6342937062937062
531.905 1.6698181818181819
532.913 1.659714285714286
533.924 1.8362413452027695
535.093 1.8665047048759622
536.104 1.753370297029703
537.253 1.8328912097476067
538.263 2.1225742574257427
539.264 1.8818061938061936
540.273 2.313300297324083
541.443 1.7094700854700855
542.483 1.8822615384615384
543.485 2.300423153692615
544.493 2.319714285714286
545.554 1.6979227144203584
546.695 1.731225241016652
547.855 2.1140344827586204
548.973 1.8904758497316636
550.124 2.02172719374457
551.135 2.0706073194856573
552.243 2.144512635379061
553.253 2.165053465346535
554.403 1.8050782608695652
555.504 2.2655040871934604
556.543 2.069351299326275
557.623 1.780888888888889
558.653 1.7240310679611652
559.664 1.0605262116716123
560.684 1.2287921568627451
561.884 1.122301918265221
562.933 1.2041182078169685
563.943 1.522827722772277
565.092 1.3107049608355092
566.093 1.7636283716283716
567.095 1.9738842315369263
568.096 2.479040959040959
569.224 1.9892340425531918
570.322 1.8670018214936248
571.464 1.6501295971978984
572.465 2.14208991008991
573.466 2.1509050949050947
574.583 1.6888451208594448
575.593 2.2363247524752476
576.744 1.6211294526498699
577.833 1.5216161616161616
578.903 1.4940037383177571
580.053 1.6913947826086957
581.183 1.580842477876106
582.352 1.5768349016253207
583.363 1.9130128585558852
584.522 1.4321035375323554
585.523 1.737718281718282
586.633 1.3085333333333333
587.672 1.5392030798845044
588.714 1.7254971209213052
589.716 2.2645674325674325
590.722 1.5675149105367794
591.723 0.9851268731268731
592.724 1.056991008991009
593.863 1.3430939420544337
594.972 1.4009530685920577
596.154 1.5975905245346869
597.164 1.8275643564356434
598.262 1.6607067395264115
599.263 2.363228771228771
600.264 1.8615224775224777
601.393 2.020811337466785
602.403 2.070273267326733
603.583 1.93154877014419
604.752 1.6764824636441404
605.842 2.2484477064220183
606.852 2.151659405940594
607.854 1.9371497005988025
608.963 1.8734066726780882
610.133 1.9722634730538922
611.281 1.7375679442508711
612.283 1.9600239520958085
613.413 1.541012389380531
614.414 2.051564435564435
615.508 1.3711151736745888
616.512 1.8314262948207172
617.514 1.4395449101796407
618.515 1.5866213786213788
619.634 1.4527756925826631
620.642 1.5730555555555557
621.722 1.5122370370370368
622.832 1.5583135135135135
623.891 1.6670594900849858
624.932 1.243373679154659
626.092 1.3898
627.252 1.4956344827586205
628.452 1.36558
629.552 1.4494690909090908
630.553 1.7014825174825177
631.732 1.6932519083969466
632.752 1.7303294117647057
633.802 1.6963352380952381
634.812 1.3736633663366338
635.814 1.2869540918163673
636.851 1.156813886210222
637.852 1.0267092907092907
638.871 0.9361256133464181
640.031 1.101710344827586
641.032 1.3707732267732267
642.102 0.7185271028037383
643.111 0.7334390485629336
644.112 0.4987892107892108
645.361 0.45711449159327466
646.392 0.673505334626576
647.411 0.5596781157998038
648.421 0.7689821782178218
649.471 0.6257295238095238
650.472 0.31812187812187814
651.481 0.6899028741328047
652.561 0.8760222222222223
653.571 0.8371722772277228
654.581 0.28274851485148517
655.631 0.3647390476190476
656.861 0.4420813008130081
657.862 0.8150569430569431
658.981 1.1634602323503127
659.991 1.3287920792079206
661.001 1.0512
662.061 1.0114943396226417
663.062 1.1801238761238761
664.101 0.9636804619826757
665.111 1.2418138613861387
666.131 1.0139843137254902
667.132 1.1664975024975024
668.141 1.1637026759167493
669.161 0.679913725490196
670.311 0.8738504347826087
671.321 1.057291089108911
672.521 0.5644933333333334
673.541 0.7632470588235294
674.581 0.7060000000000001
675.601 0.6411137254901961
676.781 0.63615593220339
677.911 1.0034973451327434
678.912 0.7970829170829171
679.921 1.0887373637264617
680.961 0.8003076923076923
682.022 0.9092554194156457
683.201 0.8374961832061069
684.321 0.9581285714285713
685.331 1.0870257425742573
686.411 1.0037407407407408
687.601 0.9663999999999999
688.602 1.0365074925074926
689.621 0.8649421000981354
690.651 1.2228271844660195
691.671 0.7567372549019609
692.68 0.8650624380574826
693.681 0.570957042957043
694.691 0.8875326732673267
695.711 1.1170980392156862
696.901 0.560564705882353
697.92 0.5866300294406281
698.941 0.5837100881488736
699.961 0.46174117647058827
700.991 0.29211650485436896
702.061 0.549996261682243
703.07 0.4772408325074331
704.08 0.3827881188118812
705.101 0.4604818805093046
706.141 0.5006384615384615
707.26 0.48168722073279713
708.261 0.5727392607392607
709.291 0.44438058252427187
710.3 0.30913776015857286
711.32 0.2804392156862745
712.33 0.5201108910891089
713.37 0.3525615384615385
714.55 0.25437288135593217
715.58 0.36125825242718446
716.6 0.23248627450980391
717.62 0.5102666666666666
718.661 0.7115235350624399
719.871 0.9445685950413223
720.88 1.1728523290386523
721.91 1.084706796116505
722.911 1.2501418581418582
723.912 1.1903536463536464
724.991 0.9908063021316035
726.0 1.2502517343904858
727.002 1.2923992015968064
728.01 1.366436507936508
729.08 1.2683439252336448
730.081 1.2261578421578423
731.091 1.0292831683168318
732.191 0.9620509090909091
733.2 1.1304975222993063
734.201 0.9976023976023977
735.21 0.9390604558969277
736.34 0.9104283185840708
737.35 1.0311287128712872
738.36 1.217259405940594
739.361 1.1463976023976024
740.52 0.9802243313201036
741.521 1.0678841158841157
742.53 0.969189296333003
743.531 1.0808631368631367
744.54 1.1055777998017837
745.541 1.0372187812187812
746.55 1.0838216055500496
747.74 0.8338689075630252
748.9 0.8486413793103449
750.035 0.9282044052863435
751.19 1.0178077922077922
752.2 1.1173544554455446
753.21 0.7629544554455446
754.23 0.8618117647058823
755.249 0.8762394504416093
756.25 1.01994005994006
757.26 0.8592871287128714
758.27 0.9223128712871287
759.43 0.7344275862068965
760.44 0.7662257425742575
761.63 0.8561142857142857
762.631 0.9541818181818181
763.677 0.5866845124282982
764.68 0.6745363908275175
765.69 0.8443168316831683
766.71 0.8166901960784314
767.711 0.48060739260739266
768.72 0.4149692765113974
769.73 0.6049188118811881
770.779 0.6522249761677789
771.79 1.0265558852621168
772.86 0.7756336448598131
773.87 0.7818613861386138
774.889 0.7949990186457311
776.069 0.7424610169491526
777.08 0.9961226508407516
778.089 1.0976650148662042
779.1 0.8770247279920871
780.101 0.9584255744255744
781.109 0.8767142857142857
782.19 0.6774838112858464
783.399 0.4727278742762614
784.4 0.6527552447552448
785.409 0.7592467789890981
786.41 0.4229370629370629
787.429 0.5189401373895977
788.439 0.646360396039604
789.45 0.5046884272997033
790.46 0.8314297029702971
791.469 0.6306124876114965
792.609 0.6188280701754386
793.629 1.100470588235294
794.75 0.9446922390722569
795.759 1.2138989098116946
796.769 0.9564910891089109
797.77 1.1688631368631368
798.859 0.9169072543617998
799.86 1.019692307692308
800.869 1.0473498513379584
801.87 1.0202917082917082
802.871 0.8861298701298701
803.909 0.6392138728323699
804.919 0.7088792079207921
805.92 0.9039040959040959
807.109 1.0936854499579478
808.119 1.104150495049505
809.249 1.0172672566371679
810.259 1.2451168316831684
811.26 0.9811388611388611
812.279 1.0969028459273797
813.289 1.1027722772277226
814.3 1.223786350148368
815.319 1.1944180569185476
816.419 0.6390254545454546
817.49 1.0253146591970121
818.5 1.3141486620416254
819.509 1.1306878097125868
820.519 0.8346217821782178
821.549 0.5858174757281555
822.599 0.6879085714285714
823.659 0.5350339622641509
824.668 0.7019464816650149
825.679 0.7185281899109792
826.689 0.8971247524752475
827.69 0.9531588411588411
828.699 0.8848364717542121
829.709 0.9034772277227723
830.859 0.7866991304347827
831.969 0.8185873873873873
832.989 0.7215623159960746
834.349 0.4423705882352941
835.539 0.6155966386554621
836.549 0.7080633663366337
837.729 0.8876474576271187
838.809 1.0584000000000002
839.91 0.7889191643960036
841.109 0.8218648874061717
842.118 0.8350366699702676
843.119 1.0343656343656344
844.129 0.573409900990099
845.149 0.6191450980392156
846.168 0.475666339548577
847.179 0.6444470820969338
848.188 0.669613478691774
849.189 0.8331828171828172
850.269 0.7133555555555556
851.278 0.6587908820614469
852.279 0.3611668331668332
853.309 0.36125825242718446
854.318 0.17767294350842416
855.388 0.15342056074766355
856.408 0.19843137254901963
857.448 0.43144615384615387
858.478 0.3872
859.498 0.4046901960784314
860.518 0.23150588235294117
861.688 0.40996923076923075
862.738 0.47945142857142853
863.748 0.5238336633663366
864.758 0.5345584158415843
865.919 0.6997484926787252
866.929 0.8604910891089108
867.939 0.6900277227722772
868.948 0.9111516352824578
869.968 0.6414196078431372
870.979 0.9778595450049457
871.998 0.7661943081452405
873.199 0.7264679433805162
874.218 0.5535324165029469
875.235 0.7711150442477877
876.238 0.7203908275174475
877.239 0.7365274725274726
878.251 0.5921185770750989
879.268 0.7020727630285153
880.278 0.41177821782178214
881.279 0.6920759240759241
882.478 0.5740783986655545
883.488 0.741639603960396
884.498 0.5008079207920793
885.518 0.2804470588235294
886.548 0.4785242718446602
887.558 0.6501306930693069
888.578 0.4896941176470588
889.598 0.5874352941176469
890.788 0.40356974789915967
891.798 0.8343445544554455
892.808 0.8213069306930693
893.828 0.5091686274509805
894.848 0.5150117647058824
895.868 0.49188235294117644
896.898 0.4144466019417476
897.908 0.5201108910891089
898.918 0.3953346534653466
899.928 0.28804752475247525
900.948 0.39698823529411764
901.958 0.46860198019801985
902.968 0.4222178217821782
903.978 0.33590495049504954
904.987 0.41727651139742317
905.988 0.6669170829170828
907.008 0.38832941176470587
908.018 0.4639366336633664
909.057 0.49097208854667956
910.168 0.37536633663366337
911.238 0.20275140186915888
912.317 0.3894643188137164
913.397 0.5079555555555556
914.398 0.5615264735264734
915.408 0.9040316831683168
916.418 0.7675247524752474
917.627 0.7574987593052109
918.638 0.7226534653465346
919.678 0.3764230769230769
920.687 0.6289791873141725
921.698 0.5953709198813056
922.708 0.32782574257425745
923.937 0.3846314076484947
924.947 0.41175445544554456
925.968 0.3293398628795299
926.997 0.3376715257531584
928.008 0.3197863501483679
929.088 0.3873259259259259
930.098 0.45253861386138616
931.138 0.563087584215592
932.147 0.7613399405351834
933.16 0.5506021717670286
934.168 0.436015873015873
935.181 0.3226614017769003
936.217 0.25352895752895754
937.247 0.1963495145631068
938.278 0.26537342386032975
939.288 0.21323564356435643
940.337 0.30255100095328885
941.347 0.22754851485148514
942.357 0.2327049504950495
943.417 0.299411320754717
944.457 0.18945384615384614
945.497 0.18755384615384615
946.528 0.26537342386032975
947.548 0.2088078431372549
948.572 0.2458125
949.697 0.16294399999999998
950.707 0.33590495049504954
951.737 0.5237281553398059
952.738 0.6982217782217782
953.969 0.54042567018684
955.087 0.4894454382826475
956.127 0.3056384615384615
957.177 0.21888
958.187 0.21493861386138613
959.197 0.30339801980198017
960.207 0.19542178217821782
961.257 0.29184
962.267 0.2675960396039604
963.277 0.39008316831683165
964.287 0.289409900990099
965.317 0.4209009708737865
966.557 0.38300645161290325
967.577 0.3004235294117647
968.698 0.2414272970561998
969.767 0.21498971000935452
970.847 0.1824
971.877 0.2061359223300971
972.987 0.236627027027027
974.007 0.15021176470588235
975.087 0.13073333333333334
976.257 1.0172376068376068
977.407 1.0969460869565217
978.427 0.8325411764705881
979.567 0.6894035087719299
980.577 0.9016633663366337
981.608 0.982595538312318
982.797 0.6991084945332213
983.807 0.7485386138613861
984.827 1.0322745098039217
985.837 1.0551207920792078
986.838 0.9873486513486514
987.927 1.0729403122130396
988.928 1.3113126873126872
989.957 1.0017337220602527
990.976 0.5876820412168793
992.006 0.15937864077669903
993.036 0.24438058252427186
994.217 0.28963251481795094
995.227 0.9869465346534654
996.238 0.5593907022749752
997.406 0.5793835616438356
998.543 0.918311345646438
999.557 0.9787455621301775
1000.617 0.6901660377358491
1001.626 1.200491575817641
1002.627 1.3595604395604395
1003.676 1.0364537654909438
1004.687 0.9071730959446093
1005.688 0.7362317682317682
1006.716 0.8497587548638132
1007.737 0.5830989226248775
1008.746 0.5183984142715561
1009.776 0.6093747572815533
1010.866 0.49699816513761474
1011.886 0.5774745098039216
1012.887 0.5515444555444555
1013.896 0.6238652130822596
1015.436 0.4934337662337663
1016.546 0.4900396396396396
1017.566 0.5895764705882354
1018.576 0.7399128712871287
1019.586 0.993219801980198
1020.596 0.7585188118811881
1021.597 1.0037242757242757
1022.606 1.0190049554013876
1023.607 1.2652547452547451
1024.627 0.8598274509803923
1025.676 1.0188141086749285
1026.756 0.7478148148148147
1027.796 0.5663599615014436
1028.816 0.3251137254901961
1029.826 0.5123168316831682
1030.836 0.5756277227722773
1031.837 0.8251028971028972
1032.966 0.6429689991142604
1033.976 0.7875960396039604
1035.006 0.6827650485436894
1036.016 0.6798495049504951
1037.215 0.5357731442869058
1038.216 0.8988851148851149
1039.226 1.2485782178217821
1040.386 1.1429379310344827
1041.396 1.1709148514851486
1042.406 1.1205386138613864
1043.566 1.1102551724137932
1044.586 1.1108078431372548
1045.596 1.255691089108911
1046.606 1.3689821782178218
1047.696 0.8633614678899082
1048.701 0.7509333333333332
1049.786 1.1217032258064517
1050.946 1.050613793103448
1051.966 1.0442823529411764
1052.976 1.0128633663366338
1054.096 1.3939071428571428
1055.106 1.5088950495049507
1056.286 1.3356813559322034
1057.476 1.1966991596638656
1058.696 1.2941377049180327
1059.706 1.5295049504950495
1060.716 1.2162851485148516
1061.916 1.3243866666666668
1062.926 1.5033267326732673
1064.135 0.8911232423490488
1065.136 0.8694265734265735
1066.336 1.1673266666666666
1067.345 1.626378592666006
1068.347 0.895249500998004
1069.356 1.2729514370664023
1070.376 1.4309960784313727
1071.386 0.8734811881188119
1072.395 0.6021328047571853
1073.407 0.7281345202769535
1074.425 0.816581532416503
1075.515 0.7869284403669725
1076.526 0.9264727992087042
1077.706 1.1072135593220338
1078.846 1.1237684210526315
1079.966 1.13505
1081.035 1.1167371375116932
1082.046 1.0712561819980218
1083.055 0.8022120911793855
1084.066 0.8928902077151335
1085.075 1.076408325074331
1086.085 0.8146851485148514
1087.095 0.8764356435643563
1088.125 0.7589048543689321
1089.16 0.5865893719806763
1090.165 0.6618666666666666
1091.265 0.6784436363636364
1092.275 0.6495683168316831
1093.287 0.781185770750988
1094.295 1.0019126984126985
1095.296 0.9483396603396603
1096.345 0.6765300285986654
1097.355 1.0723326732673266
1098.365 0.5626613861386138
1099.595 0.471720325203252
1100.885 0.5287441860465115
1101.915 0.37188349514563107
1102.945 0.3400077669902912
1103.965 0.0936
1104.995 0.4143844660194175
1106.015 0.244321568627451
1108.155 0.21462429906542055
1109.165 0.282005946481665
1110.215 0.15074285714285715
1111.435 0.4304590163934426
1112.445 0.5846732673267326
1113.465 0.5600313725490196
1114.475 0.8470336633663367
1115.485 0.9743128712871286
1116.515 0.32838834951456314
1117.525 0.4645227722772277
1118.554 0.36936054421768705
1119.575 0.44627619980411365
1120.614 0.42028103946102024
1121.665 0.4165176022835395
1122.675 0.4010851485148515
1123.705 0.4005126213592233
1124.724 0.3116702649656526
1125.725 0.3295744255744255
1126.745 0.23604705882352944
1127.765 0.2096470588235294
1128.814 0.1773574833174452
1129.825 0.32291988130563803
1130.834 0.3145450941526263
1131.855 0.2602154750244858
1132.885 0.2556582524271845
1133.964 0.13185542168674697
1135.024 0.1342188679245283
1136.04 0.16157480314960632
1137.044 0.15964940239043823
1138.245 0.2786877601998335
1139.264 0.43733071638861626
1140.404 0.3895087719298245
1141.454 0.31268571428571434
1142.465 0.27499901088031653
1143.474 0.553165510406343
1144.494 0.3605019607843137
1145.594 0.3061672727272728
1146.614 0.21458823529411764
1147.634 0.2253176470588235
1148.654 0.19779607843137254
1149.664 0.2383841584158416
1150.684 0.3831921568627451
1151.724 0.5190692307692308
1152.744 0.3773960784313725
1153.764 0.6168705882352941
1154.775 0.9333808110781404
1155.785 0.5485227722772278
1156.944 0.680648835202761
1157.954 0.679390099009901
1158.964 0.8332831683168317
1160.074 0.4609153153153153
1161.084 0.5477465346534653
1162.154 0.4807177570093458
1163.165 0.2855944609297725
1164.184 0.2128989205103042
1165.214 0.22313009708737863
1166.234 0.15021176470588235
1167.264 0.10921941747572815
1168.304 0.33673846153846154
1169.314 0.20137029702970297
1170.323 0.23862041625371655
1171.324 0.16399600399600398
1172.424 0.10386181818181818
1173.454 0.18062912621359223
1174.514 0.21681509433962265
1186.368 0.005636578370170406
1187.437 0.7857960710944808
1188.617 1.1184406779661018
1189.627 1.0551445544554456
1190.927 0.8263569230769231
1191.937 0.9543762376237623
1192.977 0.7073
1193.978 1.0603956043956042
1194.997 0.9369578017664377
1196.006 1.159651139742319
1197.007 1.1582817182817182
1198.016 1.037137760158573
1199.017 1.1064375624375624
1200.307 0.8514914728682171
1201.347 1.2160692307692307
1202.356 1.1596987115956392
1203.367 1.0878733926805144
1204.368 0.7459660339660339
1205.377 0.7807651139742319
1206.387 0.9961425742574257
1207.397 1.0605668979187315
1208.606 1.0200827129859389
1209.656 1.0499809523809525
1210.837 0.9534360711261644
1211.956 0.88724218051832
1213.107 0.9712389226759339
1214.12 1.0472102665350445
1215.296 0.6207006802721088
1216.586 0.4310573643410852
1217.656 0.5030869971936389
1218.666 1.02750099009901
1219.676 1.2597069306930693
1220.686 1.0408158415841584
1221.696 0.8970059405940595
1222.697 1.3030889110889112
1223.707 0.9111445544554455
1224.786 0.8973049119555144
1225.787 1.2968791208791208
1226.796 0.9166461843409316
1227.816 1.1440313725490197
1228.916 0.8849672727272728
1229.946 0.8509126213592233
1231.046 0.8237818181818182
1232.086 0.9106
1233.246 0.9544206896551723
1234.286 1.0339846153846153
1235.316 1.0274563106796117
1236.546 0.8713691056910569
1237.666 1.0342571428571428
1238.676 1.0721425742574258
1239.677 1.0462897102897102
1240.696 1.0570834151128559
1241.706 1.0804118811881187
1242.836 0.8102796460176991
1243.846 1.0417029702970295
1244.856 1.0761188118811882
1245.866 0.9801584158415841
1246.876 1.1177425742574258
1247.886 1.1953425742574257
1248.896 1.1015445544554454
1249.897 0.7639480519480519
1251.086 0.8919562657695542
1252.096 0.9136475247524751
1253.106 1.2301209117938554
1254.326 1.0468590163934426
1255.546 1.0678622950819672
1256.064 1.3687722007722005
