0.0 1.223832167832168
1.009 1.9980257680872149
2.019 1.2122851485148514
3.092 1.3803616029822927
4.229 1.1963693931398416
5.348 1.2512600536193028
6.538 1.4109781512605042
7.648 1.350645045045045
8.819 1.3877164816396244
9.828 1.6206461843409314
10.829 1.3939500499500501
11.838 1.0945094152626365
12.849 1.5774638971315527
13.85 1.1608551448551447
15.018 1.4395479452054794
16.159 1.4861560035056969
17.169 0.7263683168316832
18.308 1.3458823529411765
19.309 1.2685474525474527
20.329 1.4182117647058823
21.488 1.4755754961173426
22.518 1.4111533980582525
23.598 1.3143777777777779
24.659 1.4169726672950047
25.709 1.4551763584366062
26.71 1.676003996003996
27.729 1.4715996074582924
28.739 1.6798178217821782
29.74 1.789178821178821
30.759 1.3228498527968597
31.768 1.9308305252725468
32.888 1.4176357142857143
33.889 1.889038961038961
34.891 1.4055968063872255
35.899 1.3367698412698412
36.9 1.2886473526473528
38.092 1.545275167785235
39.258 1.5029433962264152
40.259 1.825734265734266
41.278 0.8215662414131502
42.279 1.5701898101898102
43.398 1.2289973190348524
44.399 1.5645074925074927
45.408 1.3733280475718534
46.538 1.4329061946902655
47.539 1.8976223776223777
48.638 1.5284804367606917
49.639 1.004851148851149
51.048 0.8969141234918381
52.158 1.4899603603603604
53.168 1.4437148514851486
54.178 1.1317544554455445
55.188 1.5791920792079208
56.317 1.1074295837023913
57.478 1.492975021533161
58.488 1.9647128712871287
59.489 1.3615744255744255
60.538 1.318741658722593
61.548 1.784609900990099
62.55 1.701620758483034
63.617 1.471190253045923
64.618 1.7808031968031968
65.619 1.3864455544455545
66.658 1.4172550529355148
67.817 1.3990060396893873
68.958 1.2882383873794916
69.968 1.5851564356435646
71.188 1.0921049180327869
72.189 1.2590689310689311
73.278 0.9718567493112947
74.468 1.2826957983193277
75.469 1.163060939060939
76.477 0.6873253968253968
77.488 0.22281305637982196
78.507 0.853746810598626
79.508 0.7511448551448552
80.509 0.7636203796203797
81.527 0.8711512770137525
82.528 1.0610669330669331
83.798 1.1429692765113972
84.807 1.0253716551040635
85.808 0.9302057942057942
86.867 0.7577412653446647
87.908 0.7610835734870317
88.988 0.9679555555555555
90.137 1.1832828546562226
91.138 1.071032967032967
92.247 1.1876501352569884
93.437 1.2869109243697479
94.477 1.475523076923077
95.478 1.369166833166833
96.658 1.1206847457627118
97.847 1.1661631623212785
98.849 1.4237122877122876
99.857 1.0473174603174602
100.858 1.319896103896104
101.859 1.2653746253746252
102.868 1.1184301288404361
103.873 1.1839124378109451
104.877 1.2709960159362548
105.878 1.1304855144855144
106.888 1.152839603960396
107.977 1.0607015610651973
113.793 0.022536451169188447
114.927 0.31123742277140337
115.929 0.3495089820359282
116.938 0.481601585728444
117.968 0.5284349514563107
119.007 0.8737786333012512
120.017 1.5286336633663367
121.028 1.1450682492581603
122.157 1.3084995571302038
123.168 1.4713590504451037
124.227 1.1845288007554298
125.228 1.4824615384615387
126.317 1.308951331496786
127.447 1.241904424778761
128.547 1.1778254545454545
129.548 1.3105134865134864
130.557 1.1253280475718535
131.707 1.1491339130434783
132.808 1.4090172570390553
133.818 1.692792079207921
134.827 1.2447175421209118
135.838 1.3651196834817012
136.927 1.2039522497704314
137.93 1.436123629112662
138.937 1.3789870903674282
139.988 1.3873187440532828
141.007 1.098080471050049
142.028 1.2793888344760038
143.187 1.1200759275237273
144.197 1.444308910891089
145.377 1.2955728813559322
146.387 1.7763009900990099
147.392 1.2551402985074624
148.397 1.0864796019900498
149.407 1.074780198019802
150.408 1.0684195804195804
151.435 0.9421382667964946
152.627 1.0140671140939597
153.677 1.0313904761904762
154.688 0.9208229475766568
155.697 0.9444757185332012
156.717 1.0480392156862746
157.727 1.1468673267326732
158.737 1.2046178217821781
159.738 1.394013986013986
160.739 0.7278721278721278
161.747 1.1536349206349208
162.877 0.9071362831858408
163.887 1.3519445544554456
164.888 1.0814385614385615
165.889 1.641030969030969
166.897 1.299436507936508
167.918 0.9754593535749266
168.927 1.197550049554014
169.929 1.1997365269461078
171.067 1.1487943760984183
172.077 1.4291168316831684
173.087 1.1918178217821782
174.097 1.4217346534653466
175.098 1.12589010989011
176.277 0.9427514843087361
177.287 1.3468673267326734
178.357 1.0315065420560747
179.447 0.8921761467889908
180.448 1.0944415584415585
181.476 0.6954552529182879
182.496 0.4828235294117647
183.497 0.3961958041958042
184.546 0.8485185891325071
185.547 1.1225254745254745
186.557 0.8859485148514852
187.566 0.688800792864222
188.587 0.9845328109696375
189.606 0.6441687929342492
190.806 0.7184520433694747
191.817 0.6218714144411474
193.016 0.32016680567139283
194.426 0.7858439716312057
197.136 0.08076752767527676
198.147 0.547782393669634
199.156 0.8883330029732408
200.157 0.9845594405594406
201.166 1.1266283448959367
202.177 1.101570722057369
203.327 0.905071304347826
204.446 1.0342448614834674
205.496 0.8411580952380953
206.512 1.093740157480315
207.686 1.3810630323679727
208.887 1.4643330557868446
209.897 1.5106455445544555
210.906 0.6733320118929634
212.128 0.2955417348608838
213.146 0.49864833005893916
214.156 0.5787168316831682
215.157 0.7214385614385614
216.178 0.30650734573947114
217.366 0.4153265993265993
218.367 1.0400399600399601
219.377 1.234827722772277
220.556 1.0289329940627652
221.566 1.168340594059406
222.726 1.0089310344827587
223.736 1.3323643564356435
224.836 1.2972363636363637
225.838 1.4823896103896104
226.846 1.387373015873016
227.856 1.1135841584158415
228.926 0.7279028037383177
229.93 1.237426294820717
230.936 1.3352763419483102
231.937 1.3821618381618381
232.938 1.4765634365634366
233.979 1.0397233429394812
234.996 1.1540058997050147
235.997 1.1141258741258742
237.026 1.015206997084548
238.036 0.9377346534653466
239.046 1.1584079207920792
240.048 1.344007984031936
241.057 1.1265014866204164
242.066 1.3849117938553022
243.067 1.3282797202797203
244.075 0.8493253968253969
245.085 0.5515881188118811
246.097 0.5656521739130436
247.105 0.7653253968253968
248.125 0.7423764705882353
249.126 0.7470849150849151
250.137 0.4600989119683482
251.145 0.4856111111111111
252.146 0.6246313686313687
253.156 0.8169029702970296
254.186 0.6936621359223301
255.205 0.470594700686948
256.249 0.10482758620689656
257.257 0.4608730158730158
258.535 0.3982785602503912
259.595 0.44086037735849054
260.726 0.9638620689655172
261.736 0.9104237623762376
262.752 1.0005826771653543
263.755 1.101519441674975
264.765 1.1874613861386139
265.766 0.9682557442557442
266.788 0.7089706457925636
267.795 0.5766196623634559
268.986 0.43639294710327453
269.995 0.6581090188305253
270.996 0.7615744255744257
272.177 0.7352142252328535
273.178 1.0247512487512487
274.196 0.808770137524558
275.235 0.6827179980750722
276.385 0.11429765013054831
277.396 0.461728981206726
278.695 0.14322401847575056
281.897 0.0056614615865084325
282.905 0.601984126984127
283.926 0.3001292850146915
285.042 0.13549103942652327
286.045 1.0267278165503488
287.046 1.0202677322677325
288.056 1.2622970297029705
289.057 1.2015504495504494
290.065 0.9756746031746031
291.075 0.799390099009901
292.077 0.9124550898203592
293.085 0.8358174603174604
294.095 0.6962138613861386
295.285 0.434527731092437
296.296 0.31392284866468845
297.297 0.4199000999000999
298.345 0.48554961832061067
299.355 0.39471683168316835
300.357 0.4212534930139721
301.595 0.6075153473344104
302.624 0.8565131195335277
303.636 1.1108537549407114
304.655 0.9382374877330716
305.665 0.9811564356435644
306.765 0.8658690909090909
307.777 1.015193675889328
308.785 0.8332539682539682
309.915 0.7908530973451328
311.04 0.6594204444444445
312.045 0.9581611940298508
313.055 0.7013861386138615
314.065 1.0804118811881187
315.076 1.5490642927794263
316.235 1.0403313201035376
317.236 1.6365794205794206
318.245 1.2843369672943508
319.405 1.504193103448276
320.445 1.4689923076923077
321.555 1.4500900900900902
322.674 1.4287155635062612
323.865 1.3743274559193956
324.905 1.4942230769230769
325.936 1.4765470417070807
326.985 0.8621010486177312
327.995 1.5333623762376236
329.105 1.2035963963963963
330.115 1.73889900990099
331.315 1.3340666666666665
332.485 1.357059829059829
333.585 1.2530327272727273
334.685 1.456370909090909
335.686 1.7694945054945055
336.694 1.0807222222222221
337.864 0.997394871794872
339.005 1.3368273444347065
340.085 1.3815703703703706
341.165 1.391977777777778
342.225 1.635667924528302
343.356 1.694450928381963
344.476 1.7940285714285713
345.485 1.628796828543112
346.495 0.9409584158415841
347.504 0.9781962338949455
348.505 0.9491468531468531
349.554 0.9897578646329839
350.564 1.214978217821782
351.574 1.3745425742574258
352.576 1.6506506986027945
353.584 1.351873015873016
354.585 1.9646593406593407
355.594 1.4046144697720515
356.595 1.6592287712287712
357.624 1.6072691933916425
358.665 1.6846340057636888
359.666 1.566929070929071
360.724 1.3382155009451797
361.854 1.3477946902654867
362.945 1.4424637946837764
363.955 1.5664697720515361
364.974 1.4902610402355252
365.976 1.6727265469061876
366.995 1.0934877330716388
367.996 1.5644595404595405
369.025 1.3166958211856172
370.034 1.501436507936508
371.04 0.9560715705765408
372.044 0.9875378486055777
373.046 0.7374770459081836
374.054 0.754952380952381
375.074 0.6673882352941176
376.144 0.9065794392523364
377.306 0.9241514629948365
378.484 0.8570730050933786
379.624 0.7933122807017544
380.634 0.9956752475247523
381.635 0.8095984015984016
382.643 1.0556587301587301
383.663 0.8418666666666667
384.664 1.007968031968032
385.675 0.8863857566765578
386.773 0.9268779599271403
387.933 0.9985034482758621
388.995 0.9709453860640301
390.004 1.0434251734390487
391.024 0.9082117647058824
392.044 0.8641411764705883
393.134 0.9319706422018349
394.135 1.2046833166833166
395.191 1.151659090909091
396.194 1.3556929212362911
397.195 1.5904895104895103
398.204 1.5206739345887017
399.324 1.1989142857142858
400.325 1.7034325674325672
401.334 1.522790882061447
402.354 1.3210431372549019
403.433 1.4369008341056533
404.435 1.5002874251497005
405.544 1.1243282236248873
406.554 1.5824237623762376
407.563 1.3365787908820614
408.564 1.4783456543456543
409.644 1.7289259259259258
410.823 1.48174385072095
411.834 1.2971948565776459
412.843 0.9412408325074331
413.855 1.0826877470355731
414.863 1.1126349206349206
415.963 1.2221381818181818
417.064 1.4554768392370572
418.383 1.1985079605761941
419.393 1.2969742574257426
420.394 1.1792527472527472
421.413 1.1673562315996076
422.473 0.9716226415094339
423.483 0.8811722772277228
424.493 0.916720792079208
425.495 1.1001037924151695
426.503 0.7677777777777778
427.513 0.8798495049504951
428.523 0.9476594059405941
429.623 1.0500145454545453
430.633 0.6885306930693069
431.663 0.666252427184466
432.683 0.44378823529411765
433.708 0.32932812499999997
434.723 0.26955665024630543
435.873 0.1666921739130435
436.913 0.15784615384615383
437.993 0.17226666666666668
439.003 0.259849504950495
440.062 0.4351652502360718
441.073 0.41134718100890205
442.103 0.4376
443.302 0.2790725604670559
444.313 0.3684118811881188
445.383 0.26262429906542056
446.393 0.30339801980198017
447.463 0.25570093457943927
448.483 0.22978039215686274
449.522 0.26333012512030796
452.092 0.09794241245136186
453.143 0.4789952426260704
454.153 0.1897188118811881
455.193 0.18941538461538462
457.863 0.06148314606741573
458.864 0.3826573426573427
459.874 0.4111603960396039
460.913 0.5593134040501446
461.932 0.17183905789990186
462.948 0.2833622047244094
463.952 0.4990358565737052
464.953 0.5908731268731269
465.963 0.668419801980198
467.153 0.5755495798319328
468.292 0.4129657594381036
469.403 0.4328136813681368
470.432 0.6030009718172983
471.433 0.7060139860139861
472.452 0.7461746810598625
473.462 0.7786534653465347
474.464 0.6727025948103792
475.482 0.7896817288801572
476.494 0.6626798418972333
477.502 0.8427063492063492
478.503 0.7126073926073927
479.522 0.5216957801766438
480.542 0.7615764705882353
481.552 0.7885227722772278
482.553 0.6847872127872128
483.612 0.5995467422096317
484.613 0.8016383616383617
485.622 0.6091258671952428
486.773 0.5515899218071242
487.802 0.4884198250728862
488.892 0.27108990825688073
489.902 0.3518970297029703
490.922 0.3661960784313726
491.932 0.3024158415841584
492.942 0.4537980198019802
493.943 0.6347092907092907
495.132 0.8648208578637511
496.142 0.8399207920792079
497.143 0.7990889110889111
498.152 0.5910564915758176
499.162 0.7500910891089109
500.172 0.6150019801980199
501.192 0.5091137254901961
502.202 0.3849267326732673
503.222 0.3755294117647059
504.225 0.1555174476570289
505.242 0.2152212389380531
506.252 0.19504158415841583
507.272 0.19254901960784315
508.292 0.26823529411764707
509.312 0.20425882352941177
510.332 0.3111529411764706
511.392 0.1525132075471698
512.402 0.843239603960396
513.442 0.4002307692307692
514.462 0.1287529411764706
515.471 0.4719365708622398
516.492 0.4841449559255632
517.502 0.4254415841584159
518.513 0.49112561819980227
519.532 0.7301825318940137
520.541 0.6546997026759168
521.542 0.5715564435564436
522.594 0.4977946768060837
523.601 0.653108242303873
524.732 0.4559080459770115
525.821 0.5635555555555556
526.831 0.7005623762376239
527.832 0.587964035964036
528.841 0.5498909811694747
529.941 0.40197090909090916
531.122 0.4658966977138019
532.152 0.5038990291262136
533.162 0.6590178217821783
534.191 0.6197551020408164
535.201 0.49728316831683167
536.202 0.6317682317682318
537.211 0.8222160555004955
538.362 0.6938870547350131
539.541 0.8915555555555555
540.581 0.9480692307692308
541.641 0.8902867924528303
542.821 0.7213084745762712
543.831 0.6780118811881187
544.842 0.8587220573689416
545.851 0.8203290386521308
547.001 0.7802156521739131
548.011 1.0737663366336634
549.034 0.9099511241446726
550.041 0.8318091451292247
551.042 1.0611868131868132
552.051 0.8314212091179386
553.081 0.8547339805825243
554.161 0.7915481481481481
555.171 1.0999287128712871
556.191 1.0252078431372549
557.211 0.8831529411764706
558.232 0.8845367286973556
559.271 0.8562078922040423
560.361 0.9135133149678604
561.471 0.9287423423423424
562.473 1.203121756487026
563.501 0.6997665369649806
564.503 1.751672654690619
565.612 1.2067303877366995
566.621 1.7166699702675916
567.821 0.6360133333333333
568.831 1.0629940594059406
569.891 0.6837509433962263
570.941 1.0573409523809523
571.981 1.0306
572.991 0.6566099009900991
574.191 0.6443133333333334
575.271 0.5001851851851852
576.301 0.7244038834951456
577.321 0.6798274509803922
578.37 0.626928503336511
579.371 0.5757442557442557
580.381 0.645370297029703
581.391 0.6454811881188119
582.411 0.6493176470588236
583.421 0.6864079207920791
584.431 1.0154534653465346
585.441 1.614669306930693
586.501 1.12331320754717
587.502 1.690797202797203
588.571 1.2946604303086997
589.573 1.1140918163672655
590.631 0.6767410207939509
591.662 0.5409039767216295
592.671 0.9702200198216056
593.851 0.719084745762712
594.86 0.8373756194251735
595.874 0.897499013806706
596.881 0.7968906560636183
597.961 1.0129925925925924
599.021 0.9325132075471698
600.03 0.9437145688800792
601.031 1.1732507492507493
602.04 1.014842418235877
603.08 0.8599230769230769
604.22 0.912680701754386
605.371 0.9378418766290182
606.38 0.9384499504459862
607.391 0.823833827893175
608.45 0.8416543909348442
609.651 0.8654188176519567
610.721 1.0042242990654207
611.741 0.9880313725490195
612.901 0.7763931034482758
613.902 0.9343216783216783
614.93 0.6895642023346303
615.931 1.2256543456543456
617.051 1.0177357142857142
618.052 1.1781898101898103
619.06 0.7140079365079365
620.061 0.8410709290709291
621.07 1.3837145688800792
622.211 1.0150324276950042
623.22 1.1326303270564917
624.33 1.0726198198198198
625.331 1.141946053946054
626.34 0.8794212091179386
627.341 1.2587412587412588
628.35 1.1058077304261644
629.461 0.7128424842484249
630.62 0.8506712683347712
631.81 0.9678117647058824
632.91 0.9192429481346679
633.912 1.0936766467065868
635.026 0.8962657091561939
636.03 1.0262868525896414
637.201 1.1382408198121263
638.21 0.9422874132804757
639.212 0.7919920159680639
640.41 0.7272053422370618
641.43 0.7617882352941177
642.44 0.21314851485148514
643.47 0.31875728155339805
644.51 0.3665615384615385
645.54 0.3008776699029126
646.64 0.21888
647.74 0.11319272727272726
648.75 0.4442613861386139
649.76 0.16693861386138614
650.769 0.24946679881070366
651.79 0.21312438785504406
652.825 0.31721739130434784
654.01 0.1583662447257384
655.04 0.14875339805825244
656.11 0.051140186915887856
657.18 0.051140186915887856
658.19 0.11075643564356437
659.22 0.3506330097087379
660.26 0.21624615384615384
661.32 0.17551698113207548
662.34 0.2253176470588235
663.35 0.24136237623762374
664.38 0.3400077669902912
665.39 0.32046732673267325
666.41 0.3859686274509804
667.43 0.48185098039215685
668.67 0.46026451612903224
669.709 0.5582598652550529
670.719 0.35855841584158415
671.72 0.7407472527472527
672.729 0.9825887016848365
673.84 0.7251413141314131
675.033 0.6321072925398157
676.039 0.7438648111332008
677.04 0.37172427572427574
678.049 0.41699900891972247
679.05 0.6188851148851149
680.059 0.36501883052527256
681.07 0.42755291790306627
682.099 0.44642954324586975
683.129 0.3700116504854369
684.139 0.14546534653465346
685.17 0.31844810863239575
686.399 0.12431570382424734
689.064 0.10677073170731707
690.079 0.6155980295566502
691.25 0.5917745516652434
692.269 0.6033680078508342
693.3 0.7204733268671193
694.309 0.6121149653121903
695.31 0.8926513486513487
696.311 0.7578661338661339
697.32 0.7486303270564915
698.329 0.8035758176412289
699.339 0.7064079207920791
700.369 0.43920776699029124
701.729 0.20063529411764705
702.829 0.5178109090909091
703.949 0.5463071428571428
705.029 0.28373333333333334
706.049 0.2896941176470588
707.149 0.2797236363636364
708.459 0.20050076335877862
709.469 0.8844039603960395
710.479 0.8921346534653466
711.549 0.9523588785046729
712.57 1.3641527913809992
713.579 0.9358969276511397
714.739 1.0550275862068967
715.75 0.9765064292779426
716.789 0.7440538979788258
717.969 0.8897152542372881
718.99 1.1600626836434869
719.999 1.3173518334985133
721.0 1.0043796203796205
722.019 1.0496722276741905
723.031 1.0519920948616601
724.039 0.6986031746031746
725.199 0.8196344827586207
726.219 0.9720627450980392
727.229 0.7811247524752475
728.249 0.6573803921568627
729.259 1.1016316831683168
730.269 0.9663366336633664
731.27 1.3812347652347654
732.279 1.1606342913776015
733.289 1.030407920792079
734.299 0.9865584158415842
735.308 0.6906640237859267
736.309 0.8235364635364636
737.319 1.0459405940594058
738.329 1.068839603960396
739.339 0.9815366336633664
740.348 0.6290822596630327
741.429 0.6698094357076781
742.439 0.751809900990099
743.509 0.8577794392523365
744.578 0.9345107577174929
745.588 1.0128316831683168
746.589 1.199080919080919
747.618 0.9608396501457726
748.739 0.6138376449598573
749.874 0.9635594713656387
750.888 1.0938856015779093
751.898 0.9483089108910892
752.918 0.5142039215686275
753.931 0.6593484698914117
754.939 0.8466031746031746
755.948 0.793585728444004
757.148 0.8770666666666668
758.159 0.9305084075173097
759.308 0.7042854656222803
760.318 0.873219801980198
761.329 0.7071097922848665
762.348 0.9191992149165849
763.358 0.9783445544554454
764.408 0.8161295238095239
765.419 0.9971750741839761
766.448 0.796019436345967
767.548 1.1329309090909092
768.559 0.8227564356435644
769.588 0.6942351797862002
770.598 0.5642534653465346
771.788 0.5409478991596639
772.798 0.8009742574257426
773.818 0.859607843137255
774.838 0.7641254901960784
775.848 0.6590970297029703
776.858 0.5625267326732674
777.878 0.5322039215686275
778.879 0.4792247752247752
779.888 0.5368245787908821
780.908 0.5079372549019607
781.968 0.631411320754717
782.978 0.6284673267326734
783.988 0.3794930693069307
784.998 0.7718336633663366
786.008 0.5832
787.027 0.5801844946025515
788.028 0.7456463536463536
789.228 0.6657599999999999
790.238 0.7261940594059405
791.247 0.7338989098116947
792.368 0.7168385370205174
793.37 1.1385548902195608
794.377 0.5784230387288977
795.388 0.4298001978239367
796.398 0.4950178217821782
797.408 0.6644277227722772
798.428 0.5863764705882353
799.437 0.5273815659068385
800.538 0.5639091734786559
801.558 0.5579294117647059
802.569 0.4669910979228487
803.587 0.5758585461689587
804.74 0.652287944492628
805.828 0.9629044117647059
806.838 1.0703207920792077
807.951 0.7778903863432165
809.038 0.4538583256669733
810.048 0.8338138613861387
811.058 0.9078495049504951
812.197 0.6189218612818261
813.218 0.47413124387855043
814.227 0.5535302279484638
815.237 0.7546693069306931
816.257 0.8086980392156863
817.277 0.8505098039215686
818.297 0.707521568627451
819.298 0.8137222777222777
820.398 0.6827490909090909
821.408 0.675889108910891
822.678 0.3750480693459417
823.697 0.5598271119842829
824.707 0.7190415841584159
825.747 0.6601153846153847
826.827 0.8429212233549583
827.879 0.9767984790874525
828.888 0.6758691774033697
829.908 0.798713725490196
831.009 0.7070663033605813
832.187 0.9269202037351444
833.357 0.935876923076923
834.517 0.907848275862069
835.527 1.0070574257425742
836.537 0.8208316831683169
837.727 0.7844504201680672
838.797 0.6210990654205607
839.807 0.8576237623762376
840.827 0.8655921568627452
841.828 0.8248791208791209
842.957 0.7665403011514614
843.967 0.4976174430128841
844.987 0.6192705882352941
846.007 0.49760000000000004
847.047 0.7154461538461538
848.057 0.47466138613861386
849.087 0.4176932038834951
850.092 0.6628457711442787
851.247 0.5929558441558441
852.417 0.7799247863247863
853.437 0.6859215686274509
854.547 0.6369801801801801
855.557 0.7060198019801981
856.567 0.5112792079207922
857.697 0.6513699115044247
858.707 0.7330772277227722
859.727 0.6689333333333333
860.766 0.4895168431183831
861.767 0.3852147852147852
862.847 0.5218962962962963
863.997 0.5133634782608696
865.007 0.6107801980198021
866.107 0.5644072727272726
867.277 0.5173811965811965
868.297 0.7187372549019607
869.316 0.6121766437684003
870.337 0.5103153770812928
871.347 0.6926019801980198
872.348 0.7074285714285714
873.467 0.7513422698838249
874.477 0.8314851485148516
875.506 0.48923615160349854
876.526 0.4099450980392157
877.547 0.8188912830558277
878.686 0.6127550482879719
879.687 0.84600999000999
880.757 0.6334803738317757
881.766 0.6151833498513379
882.777 0.8289376854599406
883.786 0.6418077304261646
884.796 0.5772435643564356
885.807 0.44447873392680515
886.816 0.355211100099108
887.817 0.4644795204795205
888.846 0.48299319727891155
889.873 0.4069411764705882
890.987 0.4986068222621185
892.006 0.5370520117762512
893.008 0.5474491017964072
894.016 0.593436507936508
895.025 0.5242497522299306
896.036 0.5562571711177053
897.086 0.37474285714285716
898.106 0.6027529411764705
899.126 0.46721568627450977
900.136 0.39008316831683165
901.137 0.27867332667332667
902.156 0.3292639842983317
903.166 0.33590495049504954
904.196 0.2981281553398058
905.256 0.25774339622641507
906.436 0.40221016949152544
907.456 0.542721568627451
908.457 0.646921078921079
909.476 0.6792149165848872
910.486 0.4551207920792079
911.496 0.2958257425742574
912.516 0.36952941176470583
913.575 0.3410311614730878
914.586 0.26471216617210686
915.596 0.5140910891089109
916.606 0.5658217821782179
917.675 0.616044901777362
918.696 0.600250734573947
919.736 0.3854230769230769
921.026 0.3118945736434109
922.056 0.47846990291262137
923.106 0.3856457142857143
924.116 0.23676831683168317
925.136 0.21458823529411764
926.196 0.22713962264150947
927.206 0.3011960396039604
928.226 0.3648
929.276 0.32310857142857147
930.286 0.24331881188118812
931.296 0.15169900990099008
932.325 0.1914402332361516
934.332 0.0653074240159442
935.336 0.5332083748753739
936.346 0.3142336633663367
937.389 0.30435282837967403
938.416 0.26640701071080813
939.436 0.27896470588235295
940.566 0.09185840707964602
941.615 0.10432793136320305
942.635 0.1824
943.736 0.1391607629427793
944.785 0.16257769304099143
945.877 0.17037362637362635
946.885 0.16285714285714287
947.935 0.14863238095238093
949.022 0.19129346826126953
950.096 0.1834189944134078
951.105 0.22777403369672944
952.106 0.15253546453546454
953.146 0.24203076923076924
954.176 0.19125436893203884
955.345 0.08425662959794697
956.395 0.1250742857142857
957.415 0.12308235294117648
958.445 0.22313009708737863
959.465 0.15021176470588235
960.515 0.2625828571428572
961.545 0.4887611650485437
962.565 0.3628235294117647
963.575 0.40754851485148513
964.586 0.31392284866468845
965.635 0.16618493803622497
966.745 0.18732972972972972
967.946 0.09112406328059951
968.966 0.11802352941176472
969.975 0.08677106045589693
971.125 0.04758260869565218
972.176 0.0353872502378687
973.215 0.06319923002887393
974.275 0.1342188679245283
975.345 0.09205233644859813
976.385 0.08418461538461539
977.645 0.05211428571428572
978.675 0.0425009708737864
979.836 0.029478036175710595
980.954 0.058733452593917705
982.135 0.04633361558001693
983.215 0.05071362372567192
984.295 0.08106666666666666
985.445 0.04758260869565218
986.505 0.07227169811320755
987.535 0.10625242718446601
988.565 0.17383300970873788
989.605 0.15784615384615383
990.705 0.12933818181818182
991.754 0.07752907530981888
992.845 0.13040513290559116
993.935 0.10040366972477065
994.976 0.04209230769230769
996.035 0.2494126534466478
997.045 0.09752079207920791
998.215 0.07483076923076924
999.375 0.02830344827586207
1000.385 0.4626693069306931
1001.395 0.24921980198019802
1002.415 0.0924313725490196
1003.935 0.043228439763001975
1005.085 0.038066086956521736
1006.135 0.05211428571428572
1007.225 0.050201834862385324
1008.335 0.06901621621621623
1009.424 0.08039669421487604
1011.03 0.06980821917808219
1012.035 0.5827582089552239
1013.045 0.647659405940594
1014.055 1.1484673267326733
1015.06 0.8978228855721393
1016.074 0.5690571992110454
1017.095 0.5761332027424094
1018.144 0.45426120114394664
1019.164 0.3028156862745098
1020.165 0.32347652347652345
1021.175 0.5486653465346536
1022.224 0.4088922783603432
1023.235 0.45426706231454006
1024.365 0.3986265486725663
1025.384 0.5033405299313052
1026.394 0.5036356435643564
1027.395 0.44825574425574427
1028.414 0.3294916584887145
1029.504 0.4766752293577982
1030.584 0.565711111111111
1031.604 0.659443137254902
1032.605 0.9047112887112887
1033.754 0.6777302001740644
1034.874 0.8871285714285714
1035.974 1.03352
1037.124 0.9871582608695653
1038.125 0.9917282717282717
1039.127 0.8083433133732536
1040.134 1.07733862959285
1041.275 1.039922874671341
1042.286 0.944276953511375
1043.464 0.7642920203735145
1044.474 0.9057980198019803
1045.495 0.8876630754162587
1046.504 0.8266323092170466
1047.514 0.8296554455445545
1048.524 0.7073029702970297
1049.544 0.36134901960784316
1050.554 0.47764752475247524
1051.574 0.7962274509803922
1052.584 1.185148514851485
1053.594 0.8390336633663367
1054.595 0.6874245754245755
1055.774 0.6939983036471586
1056.776 0.7754730538922157
1057.784 0.3142063492063492
1058.794 0.5201108910891089
1059.803 0.4250386521308226
1060.854 0.5206470028544244
1061.874 0.27595294117647057
1062.894 0.36515799803729143
1063.895 0.5385094905094905
1064.904 0.9987710604558969
1065.905 0.656071928071928
1066.914 0.88401189296333
1067.934 0.6266588235294117
1068.944 0.7767445544554455
1069.962 0.6871277013752456
1070.964 0.8945389221556886
1071.974 1.3118099009900992
1073.114 1.0997263157894737
1074.115 1.1216783216783217
1075.116 1.0312727272727273
1076.284 0.7142945205479452
1077.334 1.137615238095238
1078.344 1.0475485148514851
1079.394 0.5487161904761905
1080.464 0.18410467289719626
1081.524 0.25240754716981134
1082.533 0.2603131813676908
1083.554 0.2199333986287953
1084.604 0.22930285714285714
1085.784 0.15364745762711865
1086.794 0.7678970297029702
1087.804 0.9172594059405941
1088.823 0.8622571148184495
1089.824 0.7616223776223776
1090.844 0.5957803921568627
1091.854 0.6865663366336633
1092.864 0.7901227722772277
1093.884 0.7075921568627451
1094.885 0.6941778221778222
1095.894 0.6099345887016847
1096.903 0.9234331020812685
1097.954 1.04811417697431
1098.964 1.1366739345887018
1099.974 0.7267485148514852
1101.054 0.8552962962962962
1102.164 0.9705297297297298
1103.173 1.312927651139742
1104.174 1.180779220779221
1105.175 1.5163956043956044
1106.183 1.0905555555555555
1107.343 1.4448413793103447
1108.363 1.3847529411764707
1109.414 1.256570884871551
1110.415 1.2618821178821178
1111.424 0.8951437066402378
1112.433 1.0617006937561941
1113.493 1.118566037735849
1114.494 1.2681158841158842
1115.544 1.1983085714285715
1116.673 1.0884393268379098
1117.713 1.153323076923077
1118.733 1.1531450980392157
1119.773 1.2312307692307691
1120.843 1.0764934579439251
1121.844 0.9911048951048952
1122.853 1.1359048562933596
1123.903 0.8766933333333333
1124.933 1.0338330097087378
1125.935 0.973932135728543
1126.943 1.0924603174603174
1127.953 1.1005148514851486
1128.963 0.6041425742574257
1129.964 0.8976543456543457
1130.973 1.0721506442021804
1131.983 0.7567841584158416
1133.203 0.6749377049180327
1134.213 0.9749682539682539
1135.223 0.7871762376237623
1136.224 0.8631528471528471
1137.253 0.6492750242954325
1138.263 0.658669306930693
1139.273 0.574289108910891
1140.293 0.46307450980392156
1141.303 0.3247049504950495
1142.322 0.5047772325809617
1143.323 0.3902257742257742
1144.343 0.5257411764705883
1145.363 0.479278431372549
1146.364 1.020835164835165
1147.384 0.8756470588235294
1148.463 0.7963521779425393
1149.493 0.825757045675413
1150.543 0.9235580952380952
1151.683 1.2089824561403508
1152.693 0.6897742574257426
1153.723 0.39313398058252425
1154.923 0.30756
1155.931 0.521142857142857
1156.932 0.24415584415584415
1157.942 0.29256237623762377
1161.842 0.05537214670428314
1162.862 0.20405888125613347
1163.893 0.26537342386032975
1166.234 0.10880478428022211
1167.254 0.19312941176470588
1168.263 0.16269573835480675
1173.382 0.02351709318226216
1176.143 0.019366896052155014
1177.153 0.3792475247524753
1178.162 0.6624063429137761
1179.172 0.401029702970297
1180.202 0.541483495145631
1181.232 0.4122485436893204
1182.253 0.3644427032321254
1183.262 0.17530227948463828
1197.367 0.03234597660404112
1198.447 0.9169555555555555
1199.448 0.9367192807192808
1200.647 0.811816513761468
1201.667 0.9809333333333332
1202.678 1.0984609297725023
1203.697 1.0862649656526004
1204.907 0.9317157024793388
1205.917 1.194970297029703
1206.937 1.3179999999999998
1207.938 1.050173826173826
1208.957 1.2950500490677135
1209.959 1.1287105788423153
1210.966 0.8772989076464747
1211.967 0.904943056943057
1212.996 0.47254421768707483
1214.047 0.4996764985727878
1215.167 0.9395642857142857
1216.268 0.9366466848319709
1217.426 0.8767046632124352
1218.616 0.8154953742640875
1219.627 0.8512126607319485
1220.637 0.7142415841584159
1221.646 0.8537641228939544
1222.656 0.8417584158415841
1223.816 0.8501172413793103
1224.827 0.8883086053412463
1225.836 0.7942755203171457
1226.975 0.6271466198419667
1227.977 1.345062937062937
1229.016 0.9501828681424447
1230.017 1.0718881118881118
1231.018 1.1662017982017983
1232.026 1.2436190476190476
1233.166 0.9061052631578947
1234.167 1.416943056943057
1235.326 0.9942985332182915
1236.426 1.3776654545454545
1237.487 0.604426013195099
1238.497 0.9269306930693069
1239.606 0.7574535617673579
1240.727 1.177305976806423
1241.728 1.2395604395604396
1242.737 1.010449950445986
1243.756 1.4484789008832186
1244.866 0.9308612612612612
1245.873 1.0568023833167826
1246.876 0.9502577422577423
1247.877 1.0161518481518481
1248.906 1.0488862973760933
1249.932 1.1328109161793372
1251.146 1.1391828665568369
1252.636 0.8487999999999999
1253.946 0.9555663430420712
1255.106 1.0446551724137931
1256.116 1.1283168316831684
1257.126 0.9508356435643565
1258.137 1.140818991097923
1259.146 1.3161625371655106
1260.156 1.044530693069307
1261.166 0.9113742574257425
1262.176 1.1456158415841584
1263.177 1.1128311688311687
1264.178 1.0296423576423577
1265.406 0.8172182410423453
1266.556 0.9511860869565217
1267.557 1.5724595404595405
1268.566 1.054874132804757
1269.576 0.6724039603960396
1270.587 0.9502433234421365
1271.606 1.1726712463199214
1272.796 0.6077848739495798
1273.806 0.7362061446977206
1274.826 0.8110588235294117
1275.946 0.5337142857142857
1277.056 1.0698666666666665
1278.226 1.251111111111111
1279.246 1.1461333333333334
1280.436 0.423818487394958
1281.445 0.8381605550049555
1282.685 0.42728387096774195
1283.696 0.6672997032640949
1284.786 0.3229504587155963
1285.795 0.7375302279484638
1286.805 0.528
1287.825 0.8520313725490196
1288.826 0.5774785214785215
1289.835 0.9205787908820614
1290.837 0.6716167664670659
1291.856 0.9710304219823356
1292.866 0.8445940594059406
1293.875 0.7795916749256689
1294.896 0.8936571988246818
1295.907 0.8366765578635015
1296.916 0.9241428571428572
1297.932 0.8707795275590552
1298.935 0.7978624127617149
1300.015 0.3332962962962963
1301.026 0.5567873392680515
1302.035 0.5539425173439049
1303.106 0.3820205415499533
1304.115 0.8773359762140732
1305.116 0.9162517482517483
1306.126 0.9467405940594059
1307.135 1.181589692765114
1308.136 1.145006993006993
1309.336 0.9712400000000001
1310.346 1.1313821782178217
1311.347 0.9527672327672326
1312.355 1.1378492063492063
1313.365 1.0813386138613863
1314.366 1.022865134865135
1315.576 0.7749355371900826
1316.577 0.995020979020979
1317.586 0.9931258671952428
1318.596 1.0112475247524753
1319.615 0.9742414131501471
1320.616 0.9266253746253748
1321.626 1.0277940594059405
1322.627 1.0683556443556441
1323.655 0.9381966893865628
1324.745 0.9811669724770643
1325.946 0.8959000832639468
1326.955 0.9628701684836471
1327.966 1.032150346191889
1328.975 0.9881863230921705
1329.977 0.986634730538922
1331.065 1.0208529411764706
1332.066 1.1650269730269731
1333.146 0.7552
1334.485 0.8330634802091113
1335.486 1.1298221778221778
1336.487 0.8418701298701299
1337.505 1.1962907662082514
1338.525 0.7561568627450981
1339.775 0.9824
1340.785 1.2587009900990098
1341.825 1.0204307692307693
1342.905 1.0230370370370372
1344.146 0.8636261079774376
1345.155 1.1624340931615462
1346.165 0.7261069306930693
1347.325 1.0899655172413794
1348.385 1.1481207547169812
1349.414 1.0701185617103983
1350.537 0.5442564559216384
1351.545 0.9013809523809524
1352.586 0.9040691642651297
1353.745 0.9823710094909405
1354.945 0.9544600000000001
1355.954 1.1406223984142716
1356.964 0.8035485148514852
1357.975 0.5343224530168151
1358.995 0.9701176470588235
1362.614 0.0609626968775905
1363.696 0.26297966728280964
1364.705 0.42863032705649157
1365.914 0.420605459057072
1366.915 0.6157362637362637
1367.945 0.6205669902912622
1368.946 0.6823256743256743
1370.124 0.6109473684210526
1371.125 0.8022777222777223
1372.134 0.866394449950446
1372.491 0.43654901960784315
