0.0 1.027036963036963
1.129 2.821697077059344
2.249 1.5374071428571428
3.411 1.1800481927710844
4.573 1.2143752151462996
5.579 1.2275626242544733
6.659 1.3210814814814813
7.789 1.4059610619469027
8.791 1.9066506986027942
9.792 1.6082477522477523
10.799 1.8766474677259186
11.83 1.455674102812803
12.969 1.4446115992970123
13.97 1.1538701298701297
14.98 1.1008237623762378
15.989 0.9114767096134787
17.009 0.43447058823529416
18.039 0.2656310679611651
19.079 0.0735
20.099 0.11802352941176472
21.479 0.10309565217391303
22.499 0.1716705882352941
23.609 0.05915675675675675
24.829 0.041219672131147536
25.889 0.5574792452830188
26.89 0.7219420579420579
27.899 0.8278453914767097
29.019 1.0787214285714284
30.039 1.048556862745098
31.149 0.9254414414414415
32.209 0.7891698113207547
33.229 1.0001960784313726
34.309 0.8734666666666667
35.318 0.9957581764122893
36.319 0.8402717282717282
37.328 0.9257720515361745
38.329 1.2456983016983016
39.428 1.095606915377616
40.559 1.0314836427939877
41.568 0.9049038652130823
42.749 0.7566130397967824
43.759 0.888348514851485
44.809 0.9087390476190476
45.819 0.7368237623762376
46.838 0.5372718351324828
47.849 0.8550662710187933
48.858 0.8530109018830525
49.859 1.1636603396603395
50.868 0.8870406342913776
51.888 0.9935372549019608
52.958 0.4918953271028037
54.049 0.7516773602199817
55.288 0.6674479418886199
56.419 0.7498496905393457
57.421 0.9029620758483033
58.438 0.848110127826942
59.439 0.8836443556443556
60.568 0.714304964539007
61.578 0.7097742574257425
62.588 0.7094178217821782
63.598 0.6991287128712871
64.928 0.4525654135338346
65.968 0.36301538461538463
67.008 0.34726153846153845
68.019 0.28235247524752477
69.058 0.4798999037536092
70.068 0.48760396039603965
71.088 0.44753725490196083
72.098 0.5411960396039603
73.118 0.5472549019607843
74.138 0.5937098039215686
75.148 0.8101148514851485
76.178 0.6091961165048544
77.298 0.6183500000000001
78.308 0.84129900990099
79.318 0.772689108910891
80.328 0.8140594059405941
81.338 0.9366257425742573
82.528 0.7968268907563025
83.608 0.8192518518518519
84.618 0.7594217821782178
85.627 0.45215460852329037
86.848 0.3975495495495496
87.868 0.6465254901960784
89.008 0.8434877192982456
90.028 1.102470588235294
91.048 0.6731843137254901
92.058 0.5863524752475248
93.059 0.8345654345654345
94.068 1.0194886025768088
95.078 0.6607128712871286
96.087 0.9254073339940535
97.278 0.5531956339210747
98.288 0.6735366336633665
99.308 0.8124
100.323 0.661864039408867
101.328 0.8377870646766168
102.338 0.6801742574257426
103.348 0.37442376237623765
104.378 0.40599611650485434
105.407 0.4770301263362488
106.417 0.5330743310208127
107.419 0.5395928143712576
108.617 0.48231051752921533
109.628 0.6278456973293769
110.657 0.4456443148688047
111.677 0.43985882352941175
112.688 0.6906271018793273
113.887 0.5479633027522935
114.898 0.8392720079129575
115.907 0.9205391476709613
116.917 0.7224396039603961
117.937 0.6076078431372549
118.938 0.8063136863136863
120.058 0.9425785714285715
121.067 1.120984126984127
122.077 0.7957782178217822
123.078 0.8240879120879121
124.097 0.5227242394504416
125.108 0.8250761622156281
126.318 0.33683966942148763
127.347 0.5991370262390671
128.358 0.43253808110781405
129.387 0.3793741496598639
130.437 0.15634285714285717
131.567 0.22766725663716814
132.768 0.6339184013322232
133.77 0.7099401197604791
134.777 0.4053147964250248
135.807 0.3579728155339806
136.827 0.3680705882352941
137.847 0.3433411764705882
138.887 0.1428769230769231
140.289 0.0936718972895863
141.398 0.7200504959422903
142.4 1.0977724550898202
143.563 0.6463490971625108
144.867 0.5672024539877302
145.868 0.9565634365634366
147.018 0.8382539130434783
148.067 0.8778341277407055
149.077 1.020308910891089
150.087 1.0095207920792078
151.088 0.9814025974025974
152.089 1.0157762237762238
153.09 0.9827612387612388
154.379 0.7745725368502714
155.397 0.5846286836935166
156.407 0.7166732673267328
157.419 0.7738102766798419
158.427 0.7130634920634921
159.477 0.7500571428571429
160.617 1.2513543859649123
161.627 1.469988118811881
162.737 0.7291315315315315
163.746 0.8409831516352825
164.767 0.4609128305582762
165.787 0.30559215686274505
166.997 0.32334545454545455
168.007 0.2383841584158416
171.956 0.052600658394530264
173.037 0.12982793709528215
174.127 0.2811302752293578
175.177 0.3241752380952381
176.205 0.43571206225680936
177.208 0.4879122632103689
178.216 0.55734126984127
179.217 0.1929270729270729
180.239 0.5548884540117417
181.247 0.7846349206349206
182.266 0.8011697742885182
183.367 0.6144014532243415
184.387 0.8359764705882353
185.396 0.6749177403369673
186.406 0.3523009900990099
187.419 0.4995774925962488
188.427 0.9757698412698413
189.437 1.3405861386138613
190.446 1.1670802775024776
191.447 1.21795004995005
192.657 0.8428561983471076
193.667 1.232570297029703
194.676 1.1550842418235876
195.827 0.7991659426585578
197.026 0.8213311092577148
198.027 1.2555044955044954
199.106 0.8396218721037998
200.107 1.1813066933066931
201.317 0.6684561983471075
202.496 0.9295131467345208
203.506 1.0770426164519327
204.526 0.6892392156862746
205.536 0.7530297029702971
206.546 0.8632554455445546
207.586 0.3474
208.646 0.37754716981132075
209.667 0.53743388834476
210.696 0.47854616132167155
211.756 0.2074867924528302
212.757 0.8859140859140859
213.766 0.9295698711595639
214.776 0.9331168316831684
215.996 0.7728459016393442
217.198 0.730216306156406
218.206 0.42342857142857143
219.216 0.6165861386138614
220.217 1.0867292707292706
221.266 1.1186501429933269
222.276 1.0802693069306932
223.277 0.919064935064935
224.286 1.2051298315163528
225.437 1.005984361424848
226.546 1.151870036101083
227.676 1.1223504424778763
228.816 0.9833333333333335
229.826 1.0380514851485148
231.006 0.5216271186440677
232.016 0.8288633663366337
233.026 0.7690059405940595
234.036 1.0151603960396038
235.046 0.5711445544554457
236.246 0.8006866666666667
237.256 1.1440554455445546
238.266 0.9071841584158415
239.276 0.8976633663366337
240.286 0.8196514851485149
241.296 0.926819801980198
242.306 0.974590099009901
243.425 0.7744843610366398
245.03 0.08166479750778817
246.106 0.7805947955390335
247.125 0.6280039254170756
248.256 0.492894783377542
249.266 0.8285940594059406
250.456 0.8550991596638655
251.536 0.7856
252.656 0.8635285714285714
253.785 0.8260832595217006
254.796 0.9272482690405538
255.797 0.7089230769230769
257.026 0.8385809601301871
258.036 1.2645544554455446
259.046 0.782780198019802
260.185 0.6644003511852502
261.256 0.8486580773042616
262.355 0.4781801637852593
263.425 0.4054953271028037
264.465 0.30516923076923075
265.575 0.13091171171171173
266.608 0.1589157792836399
267.836 0.2282214983713355
269.196 0.0643764705882353
271.105 0.19896490309062334
272.406 0.3687809377401999
273.422 1.0260078740157481
274.436 0.7781459566074951
275.445 1.103230921704658
276.506 0.8755966069745523
277.525 1.0319685966633954
278.556 0.6837090203685743
279.575 0.8722119725220805
281.185 0.10626086956521738
282.245 0.08259622641509433
283.265 0.08583529411764705
284.385 0.08794285714285713
285.425 0.14046923076923076
286.457 0.5272790697674419
287.605 1.0972264808362369
288.726 1.1252738626226582
289.845 1.0917247542448616
291.065 1.0545049180327868
292.105 1.1214846153846152
293.115 1.331778217821782
294.125 0.8893227722772278
295.185 0.9093509433962265
296.207 0.9836634050880626
297.276 1.1584194756554307
298.295 1.0591795878312071
299.296 1.21006993006993
300.525 0.813227013832384
301.685 0.4600689655172414
302.755 0.4788859813084112
303.765 0.6141861386138615
304.835 0.48570467289719627
305.845 0.6629861386138614
306.855 0.640990099009901
307.965 0.677463063063063
308.966 1.3614385614385613
309.995 0.7577453838678329
311.148 0.7934709453599307
312.165 1.0988790560471975
313.185 1.1520627450980392
314.201 1.116992125984252
315.216 1.151503448275862
316.395 0.9430432569974555
317.42 1.1833203124999998
318.465 0.9466794258373206
319.515 1.1059123809523812
320.585 1.515955140186916
321.673 0.7597205882352941
323.914 0.18557429718875504
324.915 0.5074525474525474
325.945 0.5206368932038835
326.955 0.9444915758176412
327.975 0.8794823529411765
329.115 0.5357754385964912
330.135 0.7037960784313725
331.154 0.7312266928361137
332.174 0.4124862745098039
333.184 0.5166811881188118
334.203 0.5558704612365063
335.215 0.5320869565217392
336.234 0.4674229636898921
337.254 0.6364392156862746
338.274 0.3863450980392157
339.284 0.31459801980198016
340.294 0.3769742574257426
341.304 0.5130534653465346
342.315 0.6457606330365975
343.324 0.5524836471754212
344.374 0.3232380952380952
345.394 0.3648
348.824 0.00638134110787172
350.005 0.49009314140558846
351.064 1.079403210576015
352.104 1.008
353.105 0.40202997002997004
354.414 0.3023071046600458
355.42 0.7506322067594433
356.424 0.9112669322709163
357.576 0.6870555555555555
358.714 0.8444710017574693
359.734 1.1628392156862744
360.834 0.6739709090909091
362.034 0.5009066666666667
363.075 0.4100057636887608
364.084 0.4175460852329039
365.114 0.5031844660194175
366.214 0.5043927272727273
367.234 0.4828235294117647
368.264 0.46503300970873784
369.294 0.5047844660194175
370.304 0.32099801980198023
371.324 0.3850823529411765
372.364 0.37883076923076925
373.384 0.30416470588235295
374.394 0.4737821782178218
375.405 0.6189673590504451
376.524 0.33963896336014304
377.535 0.19484866468842732
378.544 0.24946679881070366
379.564 0.2116549019607843
380.774 0.2525487603305785
381.834 0.34070943396226416
383.104 0.05703937007874015
384.113 0.21692765113974233
385.284 0.1776259607173356
386.434 0.4558539130434783
387.453 0.4618174681059863
388.455 0.3122634730538922
389.533 0.29441187384044526
390.644 0.13274234234234233
391.693 0.13562631077216397
392.834 0.01918317265556529
393.935 0.11928065395095368
395.004 0.10237605238540692
396.024 0.06700392156862744
397.053 0.0957201166180758
398.364 0.04173913043478261
399.418 0.0726831119544592
400.443 0.05338536585365854
401.573 0.09684955752212389
402.594 0.11531439764936338
403.613 0.27923846908734057
404.679 0.20385741088180112
405.753 0.16303910614525138
406.873 0.09771428571428571
407.933 0.09292075471698114
409.013 0.08106666666666666
410.273 0.05211428571428572
411.443 0.03921367521367521
413.533 0.08901818181818182
414.563 0.2656310679611651
415.584 0.1553379040156709
416.593 0.27115956392467794
417.953 0.11265882352941176
418.974 0.07370029382957884
420.593 0.005563928350833848
422.063 0.02977959183673469
423.093 0.27625631067961165
424.743 0.08622545454545454
425.764 0.16928501469147894
426.773 0.2822857142857143
427.813 0.11575384615384615
428.873 0.041298113207547164
429.883 0.4467247524752475
431.183 0.38644923076923077
432.213 0.30813203883495144
433.923 0.14916023391812863
434.994 0.14305882352941177
438.143 0.02432772308669419
439.393 0.1985152
440.403 0.4206019801980198
441.443 0.31569230769230766
442.473 0.32938252427184467
443.483 0.17543762376237623
444.503 0.16094117647058823
445.533 0.0850019417475728
446.583 0.11465142857142857
447.853 0.14074330708661417
448.893 0.21046153846153845
449.943 0.2501485714285714
450.953 0.2871841584158416
451.963 0.4521425742574257
453.283 0.36589696969696966
454.303 0.5433012757605495
455.313 0.6155009900990099
456.323 0.5882059405940594
457.333 0.518130693069307
458.334 0.5406273726273727
459.683 0.07812008895478133
461.053 0.3185751824817518
462.453 0.3340328806290207
463.723 0.4195149606299212
464.783 1.052566037735849
465.813 1.114485436893204
466.843 1.2532737864077668
467.853 1.392229702970297
468.862 1.2242457879088204
469.863 1.0392647352647353
470.873 1.1395485148514852
471.883 1.1038574257425742
472.933 0.9573790476190476
473.983 1.023847619047619
474.993 1.126025768087215
476.003 0.9460673267326732
477.013 1.1189148514851486
478.192 1.0620729431721798
479.193 1.4485754245754245
480.202 1.0727135777998018
481.283 1.379300647548566
482.324 1.3450220941402495
483.332 1.403126984126984
484.413 1.130390379278446
485.415 1.2989061876247507
486.422 1.3833962264150945
487.432 1.5955960396039603
488.453 1.107228207639569
489.643 1.5062203532380152
490.653 1.5074059405940594
491.803 1.086455652173913
492.813 1.3845227722772275
494.032 1.174687448728466
495.033 1.2339100899100899
496.042 1.2076987115956392
497.043 1.1333786213786212
498.052 1.2873657086223984
499.053 1.2128671328671328
500.062 1.1050862239841426
501.073 1.1693768545994063
502.074 1.0609630369630372
503.082 1.0105555555555557
504.083 1.0446993006993006
505.093 1.2474534653465348
506.172 1.0575495829471733
507.173 1.4680839160839163
508.292 1.0380554066130474
509.622 1.084787969924812
510.623 1.14364035964036
511.702 0.9346950880444855
512.773 1.1295028037383175
513.793 1.442886274509804
514.802 1.3540773042616452
516.043 1.2470072522159548
517.252 1.2022233250620347
518.262 1.3503366336633662
519.354 0.6515164835164835
520.362 1.236063492063492
521.392 1.1638912621359223
522.612 1.2884262295081965
523.622 1.4542970297029703
524.623 0.6702897102897103
525.632 1.3361823587710606
526.712 0.9562444444444445
527.812 1.4407854545454544
528.813 1.1875484515484516
529.822 1.4111318136769078
530.833 1.4
532.053 0.9906819672131147
533.182 1.0065686448184235
534.193 1.0195608308605342
535.333 0.9486175438596491
536.452 1.0354244861483466
537.511 0.962409820585458
538.642 1.1026690265486725
539.643 1.070065934065934
540.653 1.2036673267326734
541.661 1.3320079365079367
542.672 0.9818081107814047
543.693 1.2546914789422134
544.702 1.438390485629336
545.712 1.2091960396039603
546.793 1.3983422756706751
547.932 1.5108621597892888
549.032 1.3363636363636362
550.042 1.3295524752475247
551.052 1.1367287128712873
552.252 0.9035866666666666
553.253 1.297174825174825
554.261 1.114984126984127
555.271 1.0341069306930692
556.272 0.7877322677322678
557.273 1.0123876123876123
558.281 1.1064761904761902
559.293 0.3401501976284585
560.301 1.022309523809524
561.501 0.7655866666666667
562.533 0.8744883720930232
563.541 0.7309761904761906
564.542 0.8778181818181818
565.561 0.7458920510304219
566.601 0.3834
567.641 0.4182461538461539
569.001 0.2804470588235294
570.021 0.3433411764705882
571.022 0.37742257742257745
572.031 0.3588107036669971
573.041 0.5358653465346535
574.051 0.3591049504950495
575.082 0.2660174587778855
576.352 0.2673475177304965
577.361 0.32841228939544104
578.542 0.5685893310753598
579.561 1.2338074656188605
580.562 0.8813186813186813
581.791 0.4420048820179007
582.821 0.4982058252427185
583.841 0.8027686274509804
585.162 0.8322967448902346
586.251 1.03976492194674
587.261 0.9989861386138614
588.501 0.740341935483871
589.511 0.6960712871287129
590.521 0.7341544554455446
591.531 0.8107485148514851
592.551 0.5677411764705882
593.552 0.9765274725274726
594.58 0.6058910505836576
595.661 0.5156558741905642
596.671 0.5227247524752476
597.681 0.5309465346534654
598.701 0.3250823529411765
599.721 0.49843921568627453
600.761 0.3406
601.78 0.2899784102060844
602.791 0.43502274975272004
603.811 0.3755294117647059
604.82 0.36877700693756194
605.821 0.3615344655344655
606.831 0.46593267326732674
607.851 0.33322352941176475
608.951 0.2963781818181818
609.971 0.39698823529411764
610.991 0.5306509803921569
612.071 0.34302222222222223
613.111 0.4104
614.17 0.1343456090651558
615.26 0.07028256880733945
616.31 0.05862095238095238
617.33 0.16094117647058823
618.35 0.3004235294117647
619.54 0.15018487394957986
620.6 0.09292075471698114
621.801 0.12757368859283932
622.811 0.4211881188118811
623.961 0.5107408695652175
624.972 1.1231256181998022
625.981 0.9756904761904761
627.221 1.0837612903225806
628.331 1.0814486486486488
629.492 1.0675486649440138
630.581 1.00321028466483
631.591 0.9876039603960397
632.701 0.9884036036036036
633.801 1.0023054545454544
634.881 1.0846592592592592
635.901 1.0636705882352941
636.961 1.017909433962264
637.97 1.092432111000991
639.041 1.2056171802054154
640.051 1.1995960396039604
641.052 1.1212307692307693
642.06 1.4313412698412697
643.061 1.1346253746253745
644.14 1.0625245597775717
645.146 1.0920874751491052
646.15 1.115011952191235
647.3 1.2697460869565218
648.7 1.1291657142857143
649.701 1.0025094905094907
650.8 0.9446405823475887
651.911 1.2085976597659767
653.051 1.162638596491228
654.251 1.06814
655.43 1.0445122985581001
656.601 1.0709948717948718
657.681 1.0826617238183502
658.9 1.1128859721082855
660.05 1.0746643478260869
661.26 1.0872595041322313
662.261 1.3611348651348651
663.27 1.2830604558969276
664.271 1.3912487512487512
665.291 1.3403686274509803
666.68 1.2680777537796977
667.87 1.1140100840336133
668.881 1.3549436201780414
670.05 1.0112506415739948
671.052 1.3900918163672655
672.053 1.4687152847152847
673.07 1.001274336283186
674.22 0.9352695652173914
675.23 1.0144079207920793
676.24 0.9430178217821782
677.26 0.9946745098039216
678.27 0.8170693069306931
679.28 0.9979881188118813
680.291 0.7676280909990109
681.3 0.7210862239841428
682.32 0.7619137254901961
683.34 0.8411764705882353
684.37 0.7654368932038835
685.371 0.8968391608391608
686.411 0.8367461538461539
687.42 0.9479008919722498
688.62 0.6982
689.621 0.9565714285714286
690.63 0.9026838453914767
691.64 0.7972990099009901
692.67 0.8197436893203883
693.679 0.9024063429137761
694.74 0.8232158341187559
695.77 0.9118679611650485
696.78 0.4771326732673267
697.79 0.9825584158415842
698.8 1.2637940594059407
699.801 1.0643196803196804
701.16 0.8304930095658573
702.17 0.9328950495049505
703.18 1.0314772277227724
704.187 0.9936762661370407
705.39 0.9114009983361064
706.45 1.0087169811320755
707.461 1.115956478733927
708.68 1.0834323215750614
709.691 1.1687596439169141
710.692 1.2661818181818183
711.86 1.032027397260274
712.861 1.237954045954046
713.959 0.9403570127504554
715.02 1.309564561734213
716.03 1.1379722772277228
717.04 0.9650217821782178
718.049 1.1891377601585726
719.051 0.8834491017964071
720.21 1.0273891285591026
721.219 0.6498394449950445
722.36 1.0451859649122806
723.37 1.1559841584158417
724.519 0.6607763272410793
725.53 0.9167319485657764
726.64 0.9015783783783784
727.649 1.1488968253968252
728.65 0.7418821178821179
729.709 0.6913692162417374
730.83 0.9293916146297949
731.839 1.0537720515361744
732.879 0.8390153846153846
733.889 0.9145267326732673
734.89 0.776007992007992
735.909 0.5390853778213935
736.919 0.2310970297029703
738.13 0.4948835672997523
739.146 0.872503937007874
740.159 0.7282057368941641
741.161 0.7401718281718281
742.169 0.554126984126984
743.17 0.6024295704295703
744.188 0.6159921414538311
745.189 0.6223856143856145
746.199 0.5096633663366337
747.209 0.38367524752475246
748.278 0.24255191768007484
749.299 0.3430048971596474
750.3 0.2213386613386613
751.308 0.45162698412698415
752.319 0.6249495548961425
753.339 0.6214039215686273
754.348 0.43776412289395444
755.349 0.319000999000999
756.359 0.5023524752475248
757.549 0.43158319327731093
758.559 0.4767683168316832
759.578 0.20581746810598625
760.588 0.28172673267326737
761.609 0.18930460333006857
762.628 0.2577585868498528
763.629 0.42157842157842157
764.679 0.18761142857142857
765.699 0.19924705882352942
766.718 0.2472612966601179
767.899 0.22883657917019473
768.93 0.15734626576139668
769.989 0.24802266288951844
771.01 0.2250969637610186
772.05 0.14045384615384615
773.108 0.21722495274102077
774.118 0.22754851485148514
775.146 0.17238910505836577
776.189 0.2415662188099808
777.508 0.12878241091736164
778.528 0.3329381746810599
779.598 0.2714915887850467
780.6 0.3167425149700599
781.648 0.3028396946564886
782.658 0.17847128712871288
783.668 0.4009188118811881
784.748 0.22142962962962964
785.808 0.2374641509433962
786.908 0.13941401273885348
787.918 0.09240396039603961
788.929 0.23814836795252226
789.938 0.21064816650148663
790.998 0.2374641509433962
792.199 0.21344213155703579
793.228 0.1914402332361516
794.238 0.24921980198019802
795.258 0.238478431372549
796.298 0.2630769230769231
797.368 0.20456074766355142
798.388 0.015788235294117648
799.438 0.07296
800.448 0.14086336633663368
801.478 0.19125436893203884
802.508 0.14875339805825244
803.568 0.16519245283018866
804.608 0.10691538461538462
805.678 0.08182429906542056
806.688 0.06501386138613861
807.698 0.35573069306930694
808.718 0.4887607843137255
809.728 0.49247524752475247
810.729 0.5675444555444555
811.738 0.45025966303270565
813.048 0.24191145038167938
814.078 0.4993864077669903
815.079 0.3985214785214785
816.089 0.4425267326732673
817.098 0.7559167492566897
818.108 0.8148752475247525
819.298 0.5486857142857142
820.358 0.5549132075471699
821.597 0.4686876513317191
822.608 0.5309465346534654
823.618 0.44323168316831685
824.818 0.2495733333333333
825.998 0.3520135593220339
827.018 0.3648
828.049 0.2442211445198836
829.058 0.3253914767096135
830.077 0.39038272816486747
831.238 0.4332678725236865
832.247 0.43385530227948466
833.268 0.27221939275220375
834.398 0.33092389380530973
835.428 0.43563495145631065
836.438 0.2931643564356436
837.498 0.337222641509434
838.508 0.48760396039603965
839.687 0.3619541984732824
840.697 0.3479246778989098
841.718 0.41335945151811954
842.729 0.44458951533135505
844.277 0.12725581395348837
845.448 0.35067463706233987
846.453 0.3375761194029851
847.458 0.16904278606965176
848.489 0.18045392822502423
849.527 0.2486319845857418
850.588 0.19598114985862394
851.597 0.21692765113974233
852.637 0.24450769230769234
853.798 0.3507321274763135
854.947 0.4403411662315057
855.988 0.31538904899135445
857.108 0.09780160857908847
858.137 0.23122254616132168
859.149 0.34605533596837945
860.169 0.3500627450980392
861.178 0.3965113974231913
862.388 0.41683305785123964
863.398 0.6012039603960396
864.437 0.12453512993262754
865.478 0.32590201729106627
866.907 0.13774667599720086
867.917 0.34674059405940594
868.938 0.3371988246816846
869.967 0.7254110787172011
870.987 0.6623529411764706
872.017 0.4562407766990292
873.079 0.47119397363465165
874.087 0.5627301587301586
875.097 0.3424
876.117 0.4096941176470588
877.127 0.504720792079208
878.137 0.41531881188118813
879.437 0.21046153846153845
880.457 0.3158196078431373
881.497 0.21812307692307692
882.527 0.32938252427184467
883.537 0.17554851485148515
884.547 0.1842059405940594
885.657 0.10845405405405406
886.667 0.16278019801980198
887.727 0.24778867924528306
888.987 0.18718730158730157
890.267 0.09405
891.487 0.3387147540983606
892.737 0.40816640000000004
894.087 0.4008474074074074
895.317 0.4431349593495935
896.327 0.5206263627353817
897.337 0.46182178217821784
898.347 0.44016633663366334
899.348 0.4938341658341658
900.537 0.49196299411269967
901.577 0.5489047160731473
902.597 0.5683137254901961
903.617 0.5797568627450981
904.656 0.4845274302213667
905.677 0.23685798237022526
908.426 0.003981084030556566
909.427 0.37835764235764235
910.536 0.11842019837691616
911.567 0.08491949563530551
912.617 0.14592
913.657 0.07366153846153846
914.687 0.32242330097087385
916.197 0.20369271523178809
917.207 0.4442613861386139
918.817 0.3490881987577639
919.827 0.3684118811881188
923.086 0.03693893832463946
924.297 0.0541701073492981
925.747 0.06792827586206898
926.757 0.04334257425742574
927.768 0.10824925816023738
928.896 0.21039716312056736
930.156 0.48248888888888886
931.419 0.392
932.436 0.5388239921337267
933.456 0.532721568627451
934.467 0.5031770524233433
935.476 0.6957779980178395
936.687 0.677905862923204
937.716 0.853201166180758
938.726 0.4325069306930693
939.957 0.04296994313566207
941.196 0.7767748184019371
942.296 0.756290909090909
943.297 0.8852827172827173
944.315 1.1832133726647
945.327 0.8722450592885376
946.336 0.9186283448959366
947.337 1.0527392607392607
948.367 0.5989359223300972
949.376 1.2358095238095237
950.397 1.0456101860920666
959.939 0.12049549360721022
960.949 1.096467789890981
962.139 1.042386554621849
963.149 1.285259405940594
964.16 1.3237111770524235
965.169 1.3889078295341921
966.359 1.0755428571428571
967.369 1.4128079207920792
968.519 1.022198260869565
969.521 1.4641516966067862
970.738 1.194997534921939
971.759 1.4112941176470588
972.761 1.368327345309381
973.978 1.2078422350041085
975.089 1.3694689468946895
976.099 1.6084831683168317
977.189 0.9195669724770643
978.19 1.284939060939061
979.199 1.1074172447968285
980.418 0.8666776045939294
981.421 1.018506986027944
982.428 0.811948361469712
983.479 0.8917754519505233
984.608 0.9702745792736936
985.618 1.1221148514851487
986.768 0.7085565217391303
987.788 0.9083450980392157
988.938 0.5722573913043478
989.948 0.799770297029703
990.958 0.8156910891089109
992.009 0.6075432921027593
993.04 0.8891871968962173
994.044 0.7162310756972112
995.069 0.8551102439024391
996.168 0.8491210191082803
997.169 1.0022057942057943
998.181 0.9912411067193676
999.278 0.7866909753874203
1000.288 1.0352079207920792
1001.498 0.8196297520661157
1002.508 1.0612752475247527
1003.599 0.671340054995417
1004.608 0.9089157581764123
1005.62 0.7064426877470356
1006.628 0.4008809523809524
1007.638 0.8408950495049505
1008.649 0.699734915924827
1009.658 0.678810703666997
1010.659 0.819972027972028
1011.698 0.8443503368623676
1012.858 0.9655103448275862
1013.988 0.9671008849557523
1015.048 0.8744981132075471
1016.238 0.8861983193277311
1017.458 0.8438819672131147
1018.938 0.6108432432432432
1019.948 0.6713663366336634
1021.058 0.7782126126126125
1022.068 0.8606858275520317
1023.077 1.0034806739345887
1024.298 0.7614676494676496
1025.518 0.8609573770491803
1026.738 0.8357442622950819
1028.178 0.7612888888888889
1029.187 0.9007063492063492
1030.347 0.7164758620689655
1031.498 0.9127854039965247
1032.699 0.8336186511240633
1033.708 1.0247928642220019
1034.718 0.6160633663366336
1035.728 1.0756514851485148
1036.748 0.8484627450980393
1037.878 1.032403539823009
1039.048 1.001702564102564
1040.097 1.0782154432793136
1041.098 1.1788051948051947
1042.118 1.0948
1043.138 1.257678431372549
1044.139 1.1560759240759242
1045.158 0.7886869479882238
1046.18 1.336774951076321
1047.259 1.3520519480519482
1048.268 1.6275361744301287
1049.278 1.11630099009901
1050.279 1.1722437562437562
1051.307 1.3244902723735408
1052.497 1.048551724137931
1053.499 1.1285434565434564
1054.508 0.9370069375619425
1055.518 1.0832396039603962
1056.647 1.1763472099202834
1057.797 1.1011199999999999
1058.858 1.0492365692742698
1059.958 0.9523999999999999
1061.177 1.0746054142739951
1062.188 1.182868447082097
1063.197 1.1149573835480675
1064.207 1.016910891089109
1065.327 0.6423571428571428
1066.328 0.9476843156843157
1067.467 0.8402460456942004
1068.478 0.9338555885262118
1069.479 1.0708091908091908
1070.708 0.8081301871440195
1071.917 0.9799271523178807
1072.977 0.9429811320754717
1073.987 1.2125069306930694
1075.118 0.9292802829354553
1076.207 0.9235114784205694
1077.277 0.5861981308411215
1078.357 0.34453333333333336
1079.397 0.32033846153846157
1080.404 0.7858272095332671
1081.407 0.9332642073778664
1082.417 0.8605861386138614
1083.507 0.9845431192660552
1084.508 1.0153046953046954
1085.527 0.9259509322865555
1086.528 0.8892867132867133
1087.537 0.5144975222993062
1088.617 0.9816518518518517
1089.837 0.8044262295081966
1090.838 0.7702137862137862
1091.847 0.5763171456888008
1093.027 0.9721762711864407
1094.127 0.9858981818181819
1095.237 1.1022270270270271
1096.239 0.9849740518962076
1097.247 1.070285714285714
1098.268 1.0866836434867777
1099.497 0.7972921074043938
1100.507 1.0547643564356435
1101.518 1.0419624134520276
1102.519 1.005842157842158
1103.607 1.053235294117647
1104.657 1.0990628571428571
1105.888 1.0232526401299755
1106.977 1.178813590449954
1108.196 1.0510057424118129
1109.198 0.9848143712574852
1110.238 1.134630769230769
1111.42 1.2679458544839255
1112.547 1.1957338065661047
1113.548 1.1415784215784215
1114.568 1.243921568627451
1115.697 0.9123897254207263
1116.707 1.1119128712871287
1117.718 1.2283046488625122
1119.167 0.6885465838509317
1120.18 1.3694452122408687
1121.336 1.1182145328719724
1122.338 1.3034570858283432
1123.537 1.0789924937447872
1124.538 1.3853986013986015
1125.637 0.9849972702456778
1126.638 1.393014985014985
1127.717 1.0319629286376273
1128.918 1.1218917568692757
1130.136 1.2684794745484402
1131.297 0.8049198966408269
1132.477 0.7686983050847458
1133.478 1.747068931068931
1134.487 1.3482021803766104
1135.488 1.3063976023976025
1136.497 1.2890227948463826
1137.498 1.3384615384615386
1138.507 1.290814667988107
1139.517 1.479508910891089
1140.696 1.0757048346055977
1141.697 1.2853546453546452
1142.896 1.1079165971643035
1143.897 1.502897102897103
1144.917 1.4081725490196078
1146.096 1.045835453774385
1147.306 1.0704462809917357
1148.307 1.157026973026973
1149.518 1.102447563996697
1150.527 1.3141328047571854
1151.537 1.368570297029703
1152.538 1.3908091908091906
1153.707 1.0386244653550043
1154.708 1.3671208791208793
1155.716 1.3231746031746032
1156.837 1.054551293487957
1157.858 1.3948050930460334
1158.867 1.0228344895936572
1159.878 1.328767556874382
1160.886 1.2514761904761904
1161.887 1.2678841158841159
1162.896 1.2327135777998017
1163.897 1.2009190809190808
1164.906 1.1904935579781961
1165.917 1.1497131552917903
1166.926 1.1320911793855304
1167.937 1.1291315529179031
1168.946 1.353244796828543
1169.957 1.3544925816023738
1171.166 1.457157981803143
1172.177 1.2963877349159247
1178.794 0.0198083723741877
1179.979 0.2156962025316456
1181.048 0.15356407857811039
1182.069 0.3322859941234085
1183.089 0.38092549019607846
1184.109 0.5021411764705882
1185.146 0.8578900675024108
1186.149 1.1985722831505483
1187.15 1.208151848151848
1188.16 1.2645306930693068
1189.261 1.0056821071752953
1189.813 1.6678695652173914
