0.0 0.9217272727272727
10.727 0.012218886920853921
11.768 2.9344860710854945
12.77 0.4257884231536926
13.788 1.0698781925343812
14.939 1.0804309296264119
15.95 0.8477784371909001
16.951 1.345886113886114
18.159 1.045688741721854
19.19 1.3670688651794374
20.391 0.9674604496253122
21.399 1.482730158730159
22.41 1.352055390702275
23.741 0.9392877535687453
24.748 1.3593644488579941
25.749 1.3407552447552449
26.879 0.9545699115044248
27.88 1.310913086913087
28.881 1.2876003996003997
29.889 1.3268253968253967
31.099 1.0317487603305786
32.109 1.3669534192269575
33.339 1.0782048780487805
34.35 1.3236083086053414
35.358 1.3869920634920634
36.409 0.8178725023786869
37.418 1.3690307234886026
38.638 0.9003934426229508
39.639 1.361014985014985
40.838 1.045751459549625
41.839 1.4041078921078922
42.989 1.0089460869565219
43.99 1.3482837162837165
44.991 1.3627892107892108
45.999 1.3003650793650794
47.009 1.4674297029702972
48.03 1.318824681684623
49.031 1.3888591408591409
50.049 1.0942082514734774
51.069 1.4535058823529412
52.149 0.8831925925925926
53.318 1.0685988023952095
54.329 1.3486211671612267
55.33 1.3626533466533468
56.338 1.3964841269841268
57.339 1.0820939060939059
58.719 1.0192231884057972
59.938 0.7950319934372436
60.939 0.4045234765234765
61.958 0.32821982335623157
63.118 0.949648275862069
64.239 1.0381659232827833
65.248 1.1287135777998019
66.298 1.1498133333333334
67.318 1.2989725490196078
68.319 1.4105094905094904
69.408 1.4680697887970615
70.418 1.3433663366336634
71.428 1.2154772277227723
72.438 1.0085861386138615
73.448 0.84369900990099
74.588 0.7848210526315789
75.608 0.8770431372549019
76.609 0.8581978021978022
77.618 0.9430406342913776
78.718 0.9747709090909091
79.878 0.9718965517241379
80.968 0.9304
81.989 1.218922624877571
83.008 1.0022453385672228
84.198 0.9962420168067228
85.208 0.9452910891089109
86.218 0.49813069306930685
87.227 0.752777006937562
88.228 0.7958921078921078
89.229 0.9172987012987013
90.247 0.784738703339882
91.248 0.5663296703296703
92.249 0.7438161838161839
93.257 0.6029126984126983
94.268 0.6913946587537092
95.328 0.8807094339622642
96.398 0.5377869158878504
97.407 0.5460852329038652
98.417 0.6335049504950494
99.418 0.7742897102897104
100.427 0.6426323092170466
101.508 0.7333876040703053
102.517 1.0561744301288403
103.539 0.47835616438356166
104.757 0.8128210180623973
105.758 0.8673566433566432
106.927 0.6799315654405476
107.938 1.1745835806132543
108.958 0.8139450980392157
110.058 0.9451200000000001
111.197 0.8703845478489903
112.407 0.8815471074380165
113.427 0.8087843137254901
114.428 1.1075884115884116
115.43 0.863680638722555
116.437 0.9096881827209533
117.438 0.9713486513486513
118.457 1.0099156035328754
120.007 0.2598709677419355
121.008 0.7562037962037962
122.017 0.8618196233894946
123.027 0.6234376237623762
124.207 0.7427254237288134
125.208 0.8362437562437562
126.528 0.6154363636363636
127.557 0.5783790087463557
128.567 1.1175920792079208
129.617 0.8675123809523809
130.827 0.7955900826446282
131.828 1.1537662337662338
132.957 0.9352488928255094
133.958 1.2383936063936065
135.037 0.9657683039851714
136.267 1.025281300813008
137.268 1.0157522477522478
138.285 1.039992133726647
139.287 0.9718562874251497
140.288 1.1722517482517483
141.297 1.14389692765114
142.298 1.0575024975024976
143.299 1.1997762237762237
144.309 1.0306376237623762
145.327 0.7082750491159135
146.497 1.0266119658119657
147.587 1.117570642201835
148.588 0.9924795204795205
149.597 0.7635123885034687
150.817 0.6996918032786886
151.826 0.8519563924677899
152.827 0.8265414585414584
153.837 0.7664475247524752
154.967 0.7162477876106196
155.969 0.8545389221556886
156.987 0.933524557956778
157.997 0.7895524752475247
159.007 0.799960396039604
160.068 0.7228049010367578
161.296 0.8281368078175896
162.297 0.9968991008991008
163.396 0.6616123748862602
164.397 0.8866573426573426
165.398 0.716067932067932
166.407 0.799175421209118
167.527 0.9058785714285714
168.528 0.9521758241758242
169.537 0.9548146679881071
170.547 1.0695128712871287
171.557 0.7380752475247525
172.66 0.7754487760652766
173.666 0.9921510934393638
174.667 0.9391888111888111
175.697 0.9392543689320388
176.706 1.216333333333333
177.707 0.8297062937062937
178.746 0.8749181905678537
179.847 1.034848319709355
180.857 1.0271762376237623
181.976 0.4597176050044683
182.986 0.6548118811881188
183.987 0.5903856143856144
184.996 0.2948820614469772
186.006 0.5128712871287129
187.036 0.43563495145631065
188.046 0.41775841584158413
189.067 0.38576297747306565
190.076 0.2603131813676908
191.507 0.1027980433263452
192.636 0.09693534100974315
193.646 0.6046257425742574
194.661 0.533871921182266
196.166 0.22345249169435216
197.267 0.4075422343324251
198.287 0.733443137254902
199.467 0.8049694915254236
200.567 0.9621745454545455
201.576 0.9739464816650149
202.577 1.4386013986013988
203.587 1.1005306930693068
204.596 1.1458553022794848
205.597 1.0335504495504495
206.816 0.6728269073010664
207.817 0.7634045954045954
208.828 0.8689535113748763
209.835 1.285545183714002
210.846 0.9028763600395648
211.847 1.278945054945055
212.856 1.1120396432111002
213.867 1.0648783382789317
215.098 0.7457091795288384
216.136 1.0632138728323701
217.256 0.988592857142857
218.266 1.0911841584158417
219.267 0.767952047952048
220.366 0.8777870791628753
221.376 0.8694891089108912
222.386 0.4986455445544555
223.388 0.6077684630738523
224.406 0.4975088408644401
225.416 0.4400158415841584
226.425 0.5065926660059465
227.426 0.42463936063936064
228.436 0.7828831683168317
229.586 0.6670886956521739
230.756 0.5772649572649573
231.787 0.36090785645004847
232.806 0.2577585868498528
233.926 0.14628571428571427
234.942 0.8823779527559056
235.956 0.7564418145956607
236.987 0.5341066925315227
237.995 0.42444444444444446
239.036 0.3491565802113353
240.146 0.34145585585585586
241.166 0.35407058823529414
242.216 0.20166857142857145
243.406 0.37450084033613446
244.416 0.6549692765113975
245.425 1.0381129831516354
246.566 0.7218860648553901
247.575 0.9652857142857143
248.587 0.7647667984189723
249.787 0.6343200000000001
250.806 0.8368361138370952
251.816 0.9823128712871287
252.926 0.8006558558558559
253.935 0.8986904761904762
255.096 0.6228630490956072
256.107 0.9234421364985164
257.115 1.049404761904762
258.116 1.1952687312687313
259.125 1.0305396825396826
260.127 1.0702115768463074
261.145 0.8396542239685658
262.235 0.3998165137614679
263.255 0.6081647058823529
264.265 0.6012435643564356
265.285 0.4184470588235294
266.295 0.18621782178217822
267.366 0.35923809523809525
268.435 0.2457025257249766
269.485 0.1667657142857143
270.685 0.06197333333333333
271.926 0.052912167606768735
272.945 0.08591952894995093
274.125 0.07419661016949151
275.265 0.10559999999999999
276.275 0.05417821782178218
277.466 0.027566750629722924
278.925 0.014376970527758737
280.965 0.016094117647058825
282.734 0.2564205765969475
284.025 0.40755383423702557
285.185 0.40568275862068964
286.195 0.5238178217821783
287.215 0.22429019607843137
288.232 0.5230285152409047
289.315 0.2626555863342567
290.354 0.3265293551491819
291.355 0.23953646353646355
292.375 0.2896941176470588
293.475 0.2109890909090909
294.545 0.22501682242990653
295.715 0.18685811965811966
296.735 0.47069803921568626
297.755 0.5206745098039216
298.785 0.4074097087378641
299.795 0.5672871287128712
300.925 0.5210123893805311
301.945 0.7832470588235294
302.995 0.2888990476190476
304.004 0.24946679881070366
305.035 0.12737924345295829
306.074 0.1040307988450433
307.095 0.3430048971596474
308.105 0.32369108910891087
309.144 0.3881193455245428
310.154 0.3235089108910891
311.174 0.3552109911678116
312.186 0.36380237154150197
313.194 0.24780158730158727
314.204 0.3512475247524753
315.475 0.2927584579071597
316.494 0.22241257367387032
317.505 0.30309792284866466
318.534 0.30843148688046645
319.554 0.22581960784313726
320.574 0.3111529411764706
321.584 0.3250693069306931
322.594 0.21854257425742574
323.785 0.20448026868178001
324.794 0.27115956392467794
325.825 0.20460135790494668
326.845 0.2253176470588235
327.924 0.16228359592215014
329.444 0.2549842105263158
330.454 0.30339801980198017
331.474 0.3536
332.524 0.23058285714285714
333.539 0.23720985221674878
334.574 0.2960695652173913
335.594 0.2467764705882353
336.624 0.13158058252427185
337.634 0.49843960396039605
338.644 0.47036039603960395
339.664 0.4075764705882353
340.714 0.5169219047619048
341.715 0.635044955044955
342.734 0.7995289499509324
343.744 0.6440792079207921
344.865 0.9345298840321141
345.874 0.9688562933597622
346.934 0.8447924528301888
347.954 0.9479294117647058
349.024 0.44586168224299066
350.034 0.5527524752475248
351.054 0.5144627450980392
352.064 0.6819801980198019
353.084 0.4208862745098039
354.135 0.5437792578496671
355.154 0.3866378802747792
356.234 0.18026666666666666
357.244 0.5417821782178218
358.264 0.5021176470588236
359.274 0.34817425742574254
360.324 0.28141714285714287
361.354 0.27625631067961165
362.413 0.1824211520302172
368.793 0.022259561128526645
369.803 0.6912475247524752
370.824 0.20365915768854065
371.834 0.20587722772277228
373.024 0.11955630252100839
374.865 0.07429875067897881
376.044 0.2501374045801527
377.065 0.3078628795298727
378.074 0.5330188305252724
379.124 0.4000152380952381
380.385 0.5538398096748613
381.554 0.5329409751924722
382.874 0.455369696969697
383.884 1.0672712871287129
384.894 0.8349386138613861
385.974 0.9654518518518519
387.106 0.9814275618374559
388.143 0.5946769527483124
389.163 0.5120549019607842
390.193 0.39313398058252425
391.209 0.2927716535433071
392.214 0.31579701492537315
393.223 0.127199207135778
394.233 0.1842059405940594
395.333 0.17908363636363636
396.513 0.080935593220339
397.573 0.1548679245283019
398.643 0.18410467289719626
399.663 0.12792156862745097
400.683 0.26823529411764707
401.703 0.19977254901960784
402.734 0.26537342386032975
403.753 0.20412168792934252
404.763 0.2708910891089109
405.773 0.18313663366336633
406.814 0.29436311239193086
407.853 0.18545664739884393
408.883 0.22313009708737863
409.893 0.2383841584158416
410.913 0.19810196078431372
411.933 0.2896941176470588
413.003 0.1968373831775701
414.033 0.27625631067961165
415.063 0.22055922330097086
416.073 0.26005544554455445
417.093 0.20232156862745096
418.113 0.3111529411764706
419.153 0.2545769230769231
420.172 0.23627870461236505
421.213 0.2102593659942363
422.383 0.07943247863247863
423.423 0.24203076923076924
424.463 0.2315076923076923
425.482 0.1363846908734053
426.533 0.22908468125594672
427.613 0.22293333333333334
428.953 0.032668656716417915
435.772 0.007976536148995454
437.434 0.005419975932611312
438.534 1.2748
439.535 1.300819180819181
440.544 1.3341843409316154
441.554 1.2997898909811694
442.684 1.0309309734513274
443.693 1.4015238095238096
444.774 0.9100980573543016
445.784 0.6705108910891089
446.794 1.0335366336633662
447.795 0.8522117882117882
448.874 1.0435885078776646
449.924 1.2189790476190476
450.926 1.4033453093812376
451.944 1.374679764243615
453.144 1.03556
454.145 1.2062817182817183
455.154 1.5004796828543112
456.155 1.0216663336663339
457.164 1.2942874132804756
458.204 0.5820384615384615
459.344 0.9337192982456141
460.453 1.0482164111812444
461.624 1.0096327924850554
462.634 1.2207683168316832
463.643 0.9208642220019821
464.656 0.9168410661401777
465.674 1.0296188605108056
466.675 1.0764915084915085
467.794 0.756153708668454
468.824 0.8632854368932038
469.944 0.8882500000000001
471.105 0.886043066322136
472.106 1.615064935064935
473.114 1.1644761904761904
474.124 1.0116118811881187
475.355 0.9081007311129164
476.403 1.2981374045801526
477.404 1.1889390609390609
478.414 1.2857346534653467
479.423 1.2665847373637265
480.634 1.0288158546655657
481.635 1.1464455544455547
482.753 0.9920644007155636
483.843 1.0809981651376146
484.863 1.123270588235294
486.034 1.0367890691716481
487.203 0.9912814371257485
488.213 0.9956752475247523
489.403 1.0132773109243698
490.404 1.0504215784215785
491.423 1.015505397448479
492.424 1.1384055944055944
493.434 1.3753267326732674
494.656 1.0265139116202944
495.664 1.344547619047619
496.834 1.0111589743589742
498.054 0.7322950819672132
499.344 0.9297812257564003
500.353 1.0528523290386522
501.433 1.2735111111111113
502.603 1.1599179487179487
503.605 1.3334291417165667
504.622 1.301734513274336
505.775 0.956877710320902
506.783 1.179301587301587
507.935 0.7505833333333334
508.983 1.168
510.083 1.1097236363636365
511.093 1.1150415841584158
512.183 0.888491743119266
513.203 1.2940470588235293
514.223 1.030956862745098
515.224 1.0978301698301698
516.393 0.839404619332763
517.463 1.196351401869159
518.483 1.2615294117647058
519.663 1.1279728813559324
520.853 1.0899361344537815
522.183 0.873624060150376
523.193 1.1127128712871288
524.222 0.5280544217687074
525.223 0.8056103896103896
526.432 0.6410190239867659
527.532 0.5274327272727273
528.582 0.7385295238095237
529.583 0.6302417582417582
530.642 0.6627610953729933
531.732 0.6847926605504586
532.742 0.8343445544554455
533.913 0.46611784799316824
535.102 0.617466778805719
536.284 0.9877834179357022
537.303 1.0054720314033365
538.312 0.6950247770069375
539.322 0.7441267326732672
540.353 0.7624364694471387
541.362 0.47934192269573833
542.523 0.507114556416882
543.533 0.6043168316831683
544.552 0.4210166830225711
545.582 0.24438058252427186
546.592 0.10835643564356436
547.612 0.1824
548.632 0.33512941176470584
549.652 0.5116470588235295
550.762 1.0892756756756758
551.782 0.5232
552.802 0.8481647058823529
553.814 0.6950276679841897
554.832 0.9535874263261297
556.003 0.8309069171648163
557.022 0.8419077526987242
558.132 0.6082018018018018
559.172 0.5300692307692307
560.182 0.7398019801980198
561.202 0.8980078431372549
562.212 1.077449504950495
563.213 0.918929070929071
564.214 0.9249230769230768
565.222 1.149904761904762
566.232 0.4058376237623762
567.421 0.7102102607232968
568.492 1.0427065420560748
569.502 1.1462970297029704
570.642 0.9627859649122807
571.652 1.1364910891089108
572.657 1.258794029850746
573.662 0.7906069651741293
574.672 1.2308752475247524
575.814 0.9458353765323994
577.103 0.5226314972847168
578.112 1.0416333002973241
579.322 1.0620495867768596
580.332 1.416308910891089
581.342 1.0452356435643564
582.343 1.153038961038961
583.351 0.8598253968253969
584.352 0.8769390609390609
585.353 1.2016863136863136
586.392 1.1859249278152069
587.393 1.1722437562437562
590.332 0.14597073834637633
591.391 0.5034107648725212
592.401 0.15169900990099008
593.681 0.2901375
594.701 0.1824
595.721 0.11802352941176472
596.731 0.13002772277227723
597.732 0.10103496503496504
598.782 1.154369523809524
599.802 0.5940549019607843
600.943 0.49096581945661705
601.954 1.6569495548961426
603.152 1.1172754590984975
604.153 1.6342217782217785
605.162 1.553213082259663
606.163 1.2400559440559442
607.172 1.3435004955401388
608.181 0.9739464816650149
609.294 1.0195363881401618
610.341 1.1733333333333333
611.382 1.0494678194044187
612.392 0.9334257425742575
613.482 1.076822018348624
614.552 1.0201794392523365
615.561 1.1501367690782953
616.622 1.04319698397738
617.623 1.1544375624375627
618.632 1.3852844400396433
619.852 1.2075868852459015
620.861 1.2595361744301288
621.862 1.3156603396603395
622.913 1.3617963843958136
623.921 1.4344126984126984
625.081 0.7361517241379311
626.153 1.177
627.154 1.580955044955045
628.162 1.3712539682539682
629.171 0.44437661050545096
630.332 1.0510732127476312
631.501 1.120355859709153
632.572 1.2366654205607475
633.573 1.1525834165834166
634.721 1.0178885017421604
635.921 1.0411866666666667
637.061 1.0129333333333332
638.231 1.0889435897435897
639.431 1.0901933333333333
640.654 1.0670874897792315
641.661 1.2408579940417082
642.662 1.0550089910089908
643.671 1.0986719524281465
644.681 0.934590099009901
645.692 1.7040158259149358
646.781 1.2406611570247932
647.782 1.2496943056943057
648.792 1.081679207920792
649.801 1.075623389494549
650.961 0.896448275862069
651.962 1.2602837162837164
652.963 1.140723276723277
654.0 1.3196759884281584
655.001 1.5336743256743257
656.091 1.2113394495412846
657.181 0.9307963302752293
658.411 1.429292107404394
659.412 1.5550689310689312
660.421 1.1949573835480674
661.492 1.0681307189542484
662.741 0.9633114491593274
663.75 1.4481585728444004
664.815 0.8617615023474179
665.832 1.1003657817109145
666.841 1.0580931615460853
668.051 0.8339834710743802
669.091 0.8710692307692308
670.201 0.957064021641118
671.211 1.0899881188118812
672.212 1.1976583416583417
673.221 1.154386521308226
674.231 1.2391366336633665
675.321 1.0606532110091742
676.33 0.8010148662041626
677.331 1.161206793206793
678.34 1.0057958374628344
679.37 1.067588349514563
680.38 1.0692514851485149
681.381 1.0413106893106892
682.66 0.797185301016419
683.741 0.8381128584643849
684.82 0.9632474513438369
685.94 1.014392857142857
686.952 0.8007826086956521
688.1 0.582418118466899
689.101 0.5997202797202796
690.14 0.3726275264677575
691.31 0.33684102564102564
692.34 0.2975067961165049
693.37 0.14622135922330096
695.16 0.1345072625698324
696.19 0.46296699029126215
697.2 0.46948910891089113
698.21 0.7003247524752476
699.22 0.791239603960396
700.41 0.4502991596638655
701.42 0.4994772277227723
702.43 0.6826455445544554
703.431 0.5973226773226774
704.432 0.759016983016983
705.55 0.7882432915921288
706.58 0.7941436893203884
707.59 0.6817029702970296
708.6 0.5140831683168317
709.62 0.4016
710.63 0.3684118811881188
711.66 0.27289320388349514
712.7 0.33673846153846154
713.789 0.21616896235078054
714.814 0.24557268292682924
715.86 0.23040000000000002
716.869 0.16122101090188307
717.89 0.21437806072477963
718.91 0.23604705882352944
719.95 0.18612307692307692
720.96 0.2708910891089109
721.97 0.29256237623762377
723.0 0.2051883495145631
724.08 0.43706666666666666
725.11 0.43563495145631065
726.12 0.480990099009901
727.14 0.4104392156862745
728.149 0.5318295341922695
729.159 0.5266693069306931
730.17 0.44701879327398614
731.21 0.29614615384615384
732.239 0.4360583090379009
733.25 0.3578239366963402
734.289 0.32815399422521657
735.299 0.6501386138613862
736.36 0.595483506126296
737.37 0.7844990099009901
738.389 0.8482198233562316
739.399 0.6089029702970297
740.419 0.4541490196078431
741.429 0.49584950495049507
742.56 0.6896480990274094
743.579 0.5477369970559373
744.599 0.5010666666666667
745.6 0.7985294705294705
746.619 0.6454877330716389
747.639 0.32509019607843137
748.649 0.2708910891089109
749.65 0.15306293706293708
751.819 0.07531581373905026
752.82 0.05466533466533467
753.83 0.19504158415841583
755.736 0.06876810073452257
756.919 0.10230938292476754
757.96 0.11564265129682998
759.019 0.14467988668555243
760.069 0.19803428571428572
761.099 0.15309514563106796
762.169 0.24547289719626167
763.469 0.08418461538461539
764.499 0.09235728155339805
765.519 0.2253176470588235
766.521 0.20752095808383234
767.559 0.1818188824662813
768.809 0.25912959999999996
769.839 0.3400077669902912
770.869 0.2946640776699029
772.009 0.28719298245614033
773.017 0.2605714285714285
774.159 0.24303327495621715
775.179 0.39698823529411764
776.209 0.20376699029126213
787.155 0.010997990133382058
788.215 0.041298113207547164
789.554 0.024519790888722928
794.157 0.004755159678470563
795.44 0.03412003117692907
797.48 0.07704313725490197
798.583 0.09922030825022665
799.76 0.1115785896346644
800.919 0.16052459016393442
802.196 0.07651683633516053
803.377 0.1390008467400508
804.439 0.1751864406779661
805.519 0.152
806.575 0.10533333333333332
807.576 0.16399600399600398
808.596 0.16094117647058823
816.101 0.018462358427714858
817.171 0.5887252336448598
818.181 1.2795564356435642
819.341 1.3968827586206896
820.361 1.1324235294117646
821.552 1.165615449202351
822.553 1.8375304695304693
823.732 1.7916471586089906
824.751 1.2604435721295388
825.76 0.7209514370664023
826.77 1.0451089108910891
827.771 0.5667692307692307
828.801 0.6767533980582524
829.814 1.0842408687068112
830.831 0.767503937007874
831.871 0.5162769230769231
832.88 0.661629335976214
833.931 0.48181160799238815
834.941 1.0614811881188118
835.951 1.2065346534653465
836.952 0.9660419580419581
838.101 1.1228476936466494
839.111 1.1060039603960397
840.131 0.9939137254901961
841.2 0.9730364826941066
842.201 0.9356723276723277
843.21 0.7965906838453914
844.216 0.8945685884691849
845.22 0.5926215139442231
846.33 1.0613045045045044
847.341 1.2913392680514342
848.352 1.5415548961424335
849.41 0.9405671077504726
850.411 1.2305694305694306
851.53 0.8935478105451296
852.54 1.2447730426164518
853.59 0.551672380952381
854.692 0.9094228675136117
855.79 0.9506593806921675
856.931 0.9519719544259422
858.16 0.9549747762408463
859.295 1.68479295154185
860.301 2.0027673956262424
861.302 1.400047952047952
862.4 1.8542513661202185
863.582 1.7916954314720812
864.592 1.8063128712871286
865.631 0.9602617901828682
866.671 1.2816153846153846
867.691 1.3295294117647058
869.151 0.7351835616438356
870.152 1.4924195804195803
871.153 1.7503936063936063
872.251 1.3834681238615665
873.252 1.8238881118881116
874.3 1.0866641221374045
875.481 1.0642235393734125
876.5 1.2521844946025515
877.501 1.2421498501498502
878.59 1.6554637281910007
879.731 1.8277370727432078
880.9 1.770039349871685
881.901 1.9327712287712286
882.91 1.5823429137760159
883.912 1.3601916167664672
884.92 1.7112619047619049
885.94 1.6833098039215686
886.95 2.476586138613861
888.001 1.4122245480494766
889.004 1.8413972055888224
890.01 1.9340914512922467
891.19 1.6912338983050847
892.192 1.9422897102897103
893.36 1.8207671232876712
894.361 2.011836163836164
895.501 1.6053263157894737
896.79 1.160508921644686
897.791 1.5845994005994006
898.84 2.112816015252622
899.942 1.870299727520436
901.02 1.6533209647495362
902.051 1.218948593598448
903.052 1.2008071928071928
904.07 1.3246758349705305
905.071 1.322949050949051
906.2 1.2072701505757306
907.291 1.0619541704857929
908.293 1.1171417165668662
909.294 1.1640679320679321
910.48 1.064195615514334
911.481 1.253002997002997
912.536 1.1295620853080568
913.54 1.5464382470119522
914.55 1.6682059405940595
915.599 1.0598817921830312
916.6 1.5553806193806194
917.789 1.0786543313708998
918.989 0.8733066666666667
920.1 0.9094293429342934
921.109 1.0150802775024776
922.11 1.1514885114885114
923.119 1.2611060455896927
924.129 1.1819326732673265
925.31 1.0819644369178663
926.319 1.1844836471754214
927.32 1.3733786213786212
928.549 1.1337087062652564
929.65 1.3622306993642144
930.74 1.6200073394495411
931.75 1.591041584158416
932.761 1.8313511374876361
933.92 1.9194547023295945
934.93 1.6977504950495048
935.932 1.544678642714571
936.939 1.5700417080436941
937.95 0.8721107814045499
938.969 0.9214210009813543
939.979 1.32869702970297
940.989 0.49552475247524747
942.009 0.19312941176470588
943.031 0.3227553816046967
944.239 0.18119205298013247
945.249 0.6135341922695738
946.259 0.4106217821782178
947.269 0.3556910891089109
948.289 0.4184470588235294
949.299 0.39809900990099006
950.329 0.4567533980582524
951.339 0.4526891089108911
952.349 1.0935049504950496
953.409 0.41498113207547166
954.419 0.8021623762376238
955.428 1.0931377601585728
956.789 0.8254048493754592
957.799 0.9500752475247525
958.8 1.1848391608391609
959.934 0.925657848324515
960.939 1.2373492537313433
962.122 0.7282502113271343
963.129 1.0418510427010923
964.139 0.9896633663366335
965.149 0.9199445544554455
966.158 0.7368562933597622
967.179 0.8113692458374143
968.189 0.9677782178217822
969.278 0.6003673094582186
970.289 0.7718931750741841
971.291 0.7954171656686626
972.299 0.669952380952381
973.309 0.6113663366336635
974.329 0.7048941176470588
975.339 0.5456950495049505
976.509 0.6997128205128205
977.51 0.659004995004995
978.529 0.5421157998037291
979.549 0.4813490196078432
980.568 0.483297350343474
981.578 0.5031524752475248
982.814 0.5301423948220065
983.949 0.8646696035242291
984.958 0.8617244796828544
985.959 1.083844155844156
986.96 1.0991968031968031
988.059 1.1488262056414924
989.072 0.8189693978282331
991.488 0.05123841059602649
992.498 0.3684118811881188
993.638 0.49187368421052635
994.654 0.46546456692913385
995.668 0.5989349112426036
996.67 0.7414690618762474
997.709 0.3889817131857556
998.738 0.08229348882410108
999.978 0.3695225806451613
1000.98 0.42596407185628743
1001.99 0.4242930693069307
1003.018 0.3213463035019455
1004.03 0.30250592885375494
1005.048 0.3870176817288802
1006.058 0.44732673267326734
1007.209 0.665577758470895
1008.228 0.9287222767419038
1009.238 0.8531643564356435
1010.239 1.1623176823176824
1011.258 1.1140490677134447
1012.259 0.9653866133866134
1013.29 1.0409699321047525
1014.298 1.196095238095238
1015.299 0.9820419580419582
1016.308 0.7129990089197226
1017.309 1.325170829170829
1018.31 0.9963876123876124
1019.318 0.8405079365079365
1020.328 0.9961821782178217
1021.329 0.9653306693306694
1022.33 1.3903856143856146
1023.338 1.1951825396825397
1024.379 1.133556195965418
1025.38 1.5607912087912088
1026.428 0.7809236641221374
1027.538 1.2390846846846846
1028.548 1.3189465346534652
1029.559 1.1388407517309596
1030.661 1.359695099818512
1031.747 1.3646261510128912
1032.749 1.510905094905095
1033.757 1.3860555555555558
1034.868 0.9178181818181819
1035.888 0.969835294117647
1036.898 1.0497821782178218
1037.909 1.2859663699307617
1039.018 1.1082128043282238
1040.038 0.9013333333333334
1041.058 0.9708470588235294
1042.098 0.6613076923076923
1043.108 0.8338217821782178
1044.118 0.8936316831683169
1045.119 0.9314205794205794
1046.148 0.7277667638483966
1047.158 0.7143841584158416
1048.167 0.5900257680872151
1049.178 0.564272997032641
1050.188 0.7949069306930693
1051.198 0.8188039603960396
1052.208 0.7985742574257425
1053.318 0.5785729729729729
1054.347 0.5178697764820214
1055.947 0.21888
1056.958 0.5393029702970297
1057.968 0.9967683168316832
1058.969 0.79207992007992
1060.018 0.9126024785510009
1061.019 1.1781978021978023
1062.027 0.9578412698412698
1063.028 1.0075684315684315
1064.029 0.9951888111888112
1065.318 0.519255236617533
1066.357 0.715980750721848
1067.437 0.6012000000000001
1068.457 0.9920549019607843
1069.477 0.8020235294117647
1070.497 0.4859450980392157
1071.537 0.5224846153846153
1072.538 0.8527792207792207
1073.588 0.7387809523809524
1074.597 0.94401585728444
1075.607 0.3976237623762376
1076.608 0.26239360639360637
1077.617 0.6345054509415263
1078.628 1.0307418397626114
1079.629 1.0072647352647353
1080.637 1.1119920634920635
1081.638 1.0641038961038962
1082.767 1.0252329495128434
1083.867 0.9532509090909091
1085.029 1.118698795180723
1086.037 1.316706349206349
1087.047 0.6475326732673267
1088.057 0.5698613861386139
1089.137 0.8182518518518519
1090.148 0.9345188118811881
1091.15 0.8238882235528943
1092.557 0.5105444207533759
1093.957 0.03908571428571429
1094.967 0.7476910891089109
1095.988 0.7175239960822722
1096.989 0.6450509490509491
1097.99 1.0516203796203798
1099.047 0.9729952696310312
1100.138 1.0608909257561872
1101.167 1.0405286686103015
1102.177 0.9080316831683168
1103.188 0.7284035608308606
1104.207 0.8690323846908734
1105.347 0.7094526315789474
1106.348 0.6508931068931069
1107.388 0.6264384615384615
1108.397 0.6941684836471754
1109.407 0.5544712871287129
1110.428 0.5270989226248776
1111.437 0.5510406342913776
1112.447 0.5866930693069308
1113.467 0.7316941176470588
1114.476 0.5729078295341923
1115.487 0.545566765578635
1116.496 0.47501288404360753
1117.497 0.48489910089910093
1118.508 0.5377962413452029
1119.527 0.5457899901864574
1120.547 0.5238274509803922
1121.556 0.5363250743310207
1122.667 0.5130657065706571
1123.668 0.7638681318681318
1124.677 0.7777125867195244
1125.687 0.6170851485148515
1126.696 0.7731853320118929
1127.707 0.7381523244312561
1128.708 0.823936063936064
1129.716 0.9436904761904761
1130.717 0.7428891108891109
1131.727 0.8180198019801981
1132.731 0.7811713147410358
1133.736 0.6719601990049752
1134.761 0.9321756097560976
1135.787 0.5791734892787523
1136.896 0.5981965734896303
1138.076 0.6917152542372881
1139.087 0.7699070227497528
1140.108 0.8410969637610186
1141.116 1.2304365079365078
1142.117 1.0817662337662337
1143.187 1.129585046728972
1144.197 1.4330455445544557
1145.376 1.2560474978795588
1146.377 1.2363716283716284
1147.387 1.4239287128712872
1148.388 1.559936063936064
1149.396 1.3737460317460317
1150.397 1.266981018981019
1151.407 0.9680633663366337
1152.596 0.855905803195963
1153.606 1.0072712871287128
1154.607 1.019036963036963
1155.616 1.0747512388503468
1156.636 0.886243137254902
1157.637 0.7631568431568432
1158.646 0.7967175421209118
1159.836 1.0472134453781512
1160.906 0.969570093457944
1162.006 0.8860654545454546
1163.016 0.5756356435643565
1164.028 0.9115177865612648
1165.036 0.790079365079365
1166.037 1.0373546453546452
1167.046 0.951627353815659
1168.056 1.0093940594059405
1169.067 0.992538081107814
1170.236 0.8903541488451668
1171.266 0.5602951456310679
1172.267 0.709986013986014
1173.428 0.770501291989664
1174.436 0.9176428571428571
1175.446 0.7468356435643565
1176.576 0.7199787610619469
1177.596 0.7204313725490196
1178.606 0.6071603960396039
1179.626 1.0706588235294119
1180.636 1.0199128712871288
1181.637 1.2320719280719281
1182.816 1.0214486853265479
1183.827 1.1427734915924828
1185.006 0.8405971162001696
1186.007 0.9253866133866133
1187.016 1.069550049554014
1188.026 1.223730693069307
1189.027 1.4364035964035964
1190.126 1.155734303912648
1191.306 1.077335593220339
1192.386 1.1053629629629629
1193.476 1.1221211009174312
1194.477 1.201006993006993
1195.486 1.0248642220019821
1196.496 1.0131485148514852
1197.506 0.8247762376237624
1198.516 0.7956039603960395
1199.536 0.852721568627451
1200.546 0.8792316831683169
1201.576 1.038897087378641
1202.586 1.2667089108910892
1203.635 1.0574337464251669
1204.666 1.134168768186227
1205.676 1.180689108910891
1206.686 1.3105029702970297
1207.696 1.1924435643564357
1208.716 1.2954588235294118
1209.717 1.1966113886113885
1210.826 1.0591235347159604
1211.827 1.4094625374625376
1212.906 1.019395736793327
1213.907 1.3506173826173826
1214.908 1.0684835164835165
1216.016 1.1804837545126354
1217.017 1.4558481518481519
1218.026 0.7528166501486621
1219.035 1.033593657086224
1220.045 1.0510970297029703
1221.046 1.2595804195804197
1222.056 1.0623366336633662
1223.057 1.0131388611388612
1224.065 1.069904761904762
1225.067 1.0510099800399202
1226.075 1.0733174603174602
1227.186 0.8831107110711071
1228.187 1.2414545454545456
1229.195 0.9498412698412698
1230.205 1.0838178217821783
1231.206 1.015104895104895
1232.235 0.8614421768707483
1233.335 1.0067345454545455
1234.405 1.113128971962617
1235.495 0.7952440366972476
1236.515 1.1887215686274508
1237.665 0.841384347826087
1238.675 1.0536633663366337
1239.685 0.9634613861386139
1240.686 1.038017982017982
1241.795 0.9337493237150587
1242.955 0.9925172413793103
1244.145 1.1723397813288476
1245.215 1.1819738317757011
1246.315 1.073709090909091
1247.325 1.2214732673267326
1248.335 1.1499881188118812
1249.345 0.8966574257425742
1250.346 0.9335544455544457
1251.365 1.0562276741903827
1252.545 1.005342372881356
1253.546 1.061738261738262
1254.565 0.7720745829244356
1255.575 0.9613227722772277
1256.576 1.2261098901098901
1257.595 0.9954229636898921
1258.625 1.0386796116504855
1259.655 1.1578019417475727
1260.661 1.601956262425447
1261.665 1.2432430278884463
1262.675 0.9295128712871288
1263.795 1.0380928571428572
1264.835 1.072446153846154
1265.935 1.176101818181818
1266.946 1.033242334322453
1268.094 0.42004181184668987
1269.125 0.5519767216294859
1270.145 0.22130196078431374
1271.174 0.6501302235179786
1272.185 0.6711454005934717
1273.214 0.2639922254616132
1274.294 0.2869703703703703
1275.564 0.3254299212598425
1276.574 0.1191920792079208
1277.63 0.3241287878787879
1278.654 0.320625
1279.686 0.16462790697674418
1280.694 0.2822857142857143
1281.191 0.2202012072434608
