0.0 0.007978742249778566
1.011 1.226753709198813
2.11 1.9439417652411284
3.111 1.2974065934065935
4.14 1.2054033041788144
5.141 1.1787252747252748
6.52 0.7962233502538071
7.631 1.1432727272727272
8.632 1.185726273726274
9.861 0.997246541903987
10.87 1.0625887016848365
12.011 1.2331638913234004
13.031 1.1684549019607842
14.032 1.1565954045954046
15.041 1.2916551040634292
16.071 1.208357281553398
17.14 1.0153489242282507
18.15 1.240110891089109
19.151 1.1976023976023975
20.16 1.3622279484638256
21.36 1.0990799999999998
22.37 1.318818632309217
23.371 1.2057862137862136
24.381 1.2994613861386137
25.55 0.9667750213857998
26.56 1.233782178217822
27.648 0.6982132352941177
28.87 1.088026186579378
29.95 0.9436962962962963
30.951 1.0986213786213788
31.96 1.0884677898909811
32.98 1.0615529411764706
33.99 0.9378851485148515
35.04 0.8981485714285714
36.05 1.229829702970297
37.06 0.7857663366336634
38.061 0.742953046953047
39.079 0.41909626719056975
40.08 0.8067132867132867
41.2 1.0985642857142859
42.21 1.3110099009900988
43.211 0.8816943056943057
44.4 1.014883095037847
45.53 1.0804106194690266
46.65 0.9878214285714286
47.77 0.7224428571428572
48.79 0.8322117647058824
49.799 0.8405153617443013
50.8 1.1115924075924077
51.82 1.0387450980392157
52.84 0.5989490196078432
53.89 0.621447619047619
54.99 1.0397163636363635
56.0 0.4601980198019802
57.01 0.6666217821782179
58.219 0.3892340777502068
59.23 0.5466271018793274
60.239 0.5212527254707632
61.259 0.445921568627451
62.279 0.4720941176470589
63.28 0.5544295704295704
64.32 0.7887153846153846
65.529 0.9966253101736972
66.53 0.9653866133866134
67.629 0.6902638762511374
68.83 0.8943666666666668
69.99 1.1039586206896552
71.0 1.5976
72.01 1.2514138613861387
73.02 0.9958970297029702
74.03 1.0317386138613862
75.04 1.0218217821782178
76.06 1.181043137254902
77.069 1.0112903865213083
78.07 0.9893946053946053
79.079 0.8454231912784934
80.259 0.9179593220338982
81.43 0.9627668659265585
82.489 0.9576355051935789
83.509 1.348870588235294
84.529 0.7652156862745099
85.53 1.243876123876124
86.54 0.9293227722772277
87.75 0.9262016528925621
88.89 1.302701754385965
89.919 1.263455782312925
90.929 1.181449504950495
91.94 1.2059188921859545
92.941 1.216879120879121
93.942 1.046841158841159
94.949 1.1787646474677258
95.959 1.0481346534653466
97.019 1.0115471698113205
98.049 0.9990990291262136
99.059 1.3065768087215064
100.06 0.9762237762237762
101.089 0.8101924198250728
102.099 1.3822653465346533
103.309 0.9794446280991734
104.311 1.2078323353293414
105.319 1.1233492063492063
106.329 1.24270099009901
107.479 0.8762434782608696
108.489 1.3417403369672942
109.62 0.8565729442970823
110.629 1.173169474727453
111.63 0.9857982017982018
112.789 1.029176876617774
113.79 1.2581978021978022
114.799 1.0447571853320117
115.801 0.7907065868263473
116.919 0.7392772808586763
117.929 1.176261386138614
118.959 0.6899495145631069
120.129 0.9282256410256411
121.139 1.179128712871287
122.148 1.0918216055500496
123.361 0.6581962077493816
124.368 1.0828230616302186
125.429 0.8688331762488218
126.439 0.8972356435643565
127.68 0.45883642224012894
128.691 1.072213649851632
129.899 0.6021390728476821
130.909 0.8928871287128712
132.119 0.7096727272727272
133.129 0.8106217821782178
134.299 0.8992752136752137
135.439 1.0056491228070175
136.538 1.1029299363057326
137.539 1.014993006993007
138.549 0.9600475247524753
139.558 1.1130862239841426
140.559 0.9625894105894106
141.568 0.9211020812685827
142.578 0.9400079207920792
143.579 0.9796043956043956
144.606 0.8709795520934762
145.608 0.8841996007984031
146.718 0.7894918918918918
147.919 0.9373588676103247
148.929 0.9950019801980199
149.958 0.862274052478134
151.079 0.9169455842997324
152.188 1.0902723174030657
153.318 0.9231957484499557
154.329 1.0553827893175074
155.338 0.9401783944499505
156.516 0.7405025466893039
157.678 0.7637383820998278
158.908 0.6853853658536585
159.919 0.918813056379822
160.948 0.4822390670553936
161.959 0.5368862512363997
163.068 0.40175293056807937
164.158 0.41610275229357796
165.168 0.3575762376237624
166.328 0.12572413793103449
168.368 0.1287529411764706
169.773 0.07050249110320285
170.779 0.7329463220675945
171.78 0.7877882117882119
172.948 0.9531643835616439
173.958 1.1940198019801982
174.968 0.8057980198019802
176.038 0.8713121495327103
177.219 0.9184216765453006
178.308 0.9346629935720845
179.309 1.1745534465534466
180.398 0.7991331496786042
181.607 0.8648668320926386
182.628 0.7665254901960784
183.778 0.8214052173913043
184.779 0.5874205794205793
185.988 0.8269842845326716
186.998 1.2980356435643565
188.208 1.0954710743801652
189.213 1.121281592039801
190.428 1.4372740740740741
191.659 0.9569910641754671
192.778 0.9441215370866844
193.938 0.8108275862068964
195.018 0.9443185185185186
196.108 0.8908183486238532
197.218 0.8618306306306306
198.339 0.8051239964317575
199.537 0.9864173622704507
200.596 0.8115127478753541
201.598 0.8682554890219562
202.848 0.4822144
203.857 0.6293121902874133
204.878 0.5537238001958863
205.907 0.4720077745383868
206.927 0.541427450980392
208.038 0.4606558558558559
209.047 0.4061922695738355
210.088 0.5645802113352546
211.097 1.0174033696729436
212.118 0.626413320274241
213.147 0.4374965986394558
214.177 0.3188893203883495
215.327 0.1831304347826087
216.352 0.4057287804878049
217.387 0.4121739130434782
218.393 0.4880238568588469
219.547 0.3992720970537262
220.557 0.6675643564356436
221.577 0.6084235294117646
222.595 0.5788055009823182
223.597 0.395936127744511
224.618 0.40383153770812935
225.638 0.3648
226.687 0.1296091515729266
227.707 0.5686588235294118
228.727 0.6943450980392157
229.948 0.6353742833742834
230.968 1.1060627450980391
231.978 0.7954455445544555
232.988 0.8218217821782179
234.107 0.9102412868632709
235.117 1.0985821782178218
236.127 0.7789782178217822
237.137 1.0844594059405939
238.167 0.7504233009708738
239.177 1.0682656095143708
240.187 0.736609900990099
241.197 1.0256554455445546
242.217 1.0719450980392158
243.237 0.7947686274509803
244.247 0.8785188118811881
245.337 0.8720954128440367
246.347 0.7271128712871288
247.367 0.3755294117647059
248.418 0.2597373929590866
249.427 0.40131615460852327
250.447 0.34744313725490195
251.467 0.36735686274509805
252.517 0.13549714285714284
253.526 0.21692765113974233
254.667 0.09284487291849255
255.677 0.48760396039603965
256.697 0.5327372549019608
257.707 0.32868118811881186
258.816 0.2007141568981064
259.826 0.3684118811881188
260.836 0.40920396039603957
261.867 0.6031503394762368
262.886 0.35100294406280663
263.897 0.4077151335311573
264.906 0.5295540138751239
266.056 0.48859130434782616
267.597 0.11363011031797533
268.746 0.17144647519582246
269.776 0.10625242718446601
270.957 0.1000372565622354
272.336 0.047617113850616385
273.346 0.5083722772277227
274.347 0.3875564435564436
275.356 0.5865371655104064
276.376 0.6259764705882354
277.516 0.26788070175438594
278.536 0.46136470588235295
279.546 0.4508039603960396
280.596 0.2500647619047619
281.616 0.26823529411764707
282.646 0.1265398058252427
283.686 0.2630769230769231
284.696 0.4139960396039604
285.716 0.37388235294117644
286.736 0.5314039215686275
287.776 0.5297692307692307
288.796 0.3471372549019608
289.806 0.5895524752475247
290.816 0.5134732673267327
291.846 0.5737631067961164
292.856 0.4412039603960396
293.876 0.6531686274509804
295.097 0.4904635544635545
296.106 0.7251456888007929
297.176 0.5373682242990654
298.196 0.5302039215686275
299.206 0.3250693069306931
300.216 0.16253465346534654
301.236 0.2863529411764706
302.366 0.4943858407079646
303.386 0.42917647058823527
304.416 0.4143844660194175
305.516 0.15091636363636363
306.576 0.2504
307.586 0.5230891089108912
308.656 0.6792897196261682
309.676 0.7947556427870461
310.696 0.47294117647058825
311.716 0.4720941176470589
312.776 0.6999245283018868
313.796 0.9547764705882352
314.997 0.7625245628642798
316.196 0.7861417848206839
317.216 0.9845019607843137
318.226 0.7446732673267327
319.416 0.6651495798319328
320.417 0.8640799200799201
321.426 0.6522893954410307
322.576 0.7193739130434783
323.577 0.9185134865134865
324.595 0.7298231827111985
325.606 1.0633036597428287
326.616 0.6502574257425743
327.618 1.1118562874251496
328.737 0.3729401251117069
329.746 0.6036233894945491
330.835 0.4019834710743802
332.441 0.08166479750778817
333.455 0.49424852071005915
334.465 0.5255128712871288
335.466 0.5320999000999
336.485 0.40964867517173703
337.675 0.4725109243697479
338.856 0.5820897544453852
339.865 0.8669177403369673
340.876 0.9265835806132542
341.885 0.9347472745292369
342.886 1.0218501498501498
343.957 0.9107973856209151
345.085 0.9928163265306124
346.086 1.0137622377622377
347.276 0.5601411764705883
348.295 0.6199803729146222
349.305 0.4434217821782178
350.465 0.6474413793103448
351.475 0.7357544554455445
352.485 0.6240237623762377
353.505 0.46633725490196076
354.556 0.29156232159847767
355.565 0.13281268582755204
356.575 0.30339801980198017
357.605 0.23118446601941747
358.655 0.22930285714285714
359.855 0.09901333333333333
360.875 0.6262666666666666
361.885 0.3990019801980198
362.895 0.38457821782178214
363.915 0.3615686274509804
364.935 0.2467764705882353
365.936 0.24052747252747253
366.955 0.25553680078508345
368.225 0.2929889763779528
369.237 0.3593280632411068
370.245 0.4564528301886792
371.276 0.21129000969932105
372.284 0.3365714285714285
373.325 0.15040153698366956
374.355 0.30813203883495144
375.445 0.4667816513761468
376.455 1.0314534653465346
377.475 0.996078431372549
378.565 0.9725064220183487
379.635 0.9756560747663551
380.758 0.8975601068566339
381.858 0.8066545454545454
383.005 0.38051264167393206
384.016 0.5163521266073196
385.225 0.3954210090984285
386.235 0.7577029702970296
387.245 0.5961900990099009
388.255 0.6962772277227723
389.405 0.7340591304347825
390.507 0.6108119891008174
391.525 0.9846208251473478
392.715 0.3761210084033614
393.734 0.43673405299313056
394.775 0.32590201729106627
395.785 0.2081188118811881
396.794 0.40131615460852327
397.825 0.3289311348205625
398.854 0.2552536443148688
399.875 0.1722468168462292
400.925 0.18761142857142857
401.935 0.16253465346534654
402.985 0.1301942857142857
404.004 0.1933189401373896
405.015 0.27793471810089027
406.114 0.49450045495905365
407.146 0.5325116279069768
408.154 0.6093492063492064
409.164 0.5634534653465347
410.174 0.4413306930693069
411.194 0.5012549019607843
412.215 0.5414456415279137
413.225 0.6264712871287129
414.235 0.5813782178217822
415.254 0.5010873405299313
416.475 0.4953251433251433
417.484 0.8253875123885035
418.528 0.7455555555555555
419.534 0.7092644135188867
420.565 0.5678448108632396
421.584 0.8847183513248283
422.59 0.745455268389662
423.614 0.602921875
424.624 0.5033267326732673
425.684 0.5551924528301887
426.704 0.7037411764705883
427.904 0.48058666666666666
428.914 0.6744
429.954 0.5536153846153846
430.964 0.5411377601585728
431.974 0.5570217821782179
433.184 0.2848727272727273
434.234 0.28141714285714287
435.363 0.17862887511071743
436.576 0.42917724649629024
437.584 1.1912777777777779
438.815 0.9624175467099919
439.985 0.882625641025641
441.115 0.9157026548672567
442.284 1.0768930710008553
443.395 1.0255985598559856
444.576 0.9585232853513971
445.805 1.0019137510170872
446.914 1.0085843101893597
448.005 0.9291659028414299
449.034 0.9238095238095239
450.204 1.0976341880341882
451.324 1.052042857142857
452.454 1.0139256637168141
453.564 1.0937657657657658
454.704 1.0164982456140352
455.853 1.0098798955613577
457.055 0.8744425956738768
458.064 1.0865555555555557
459.114 0.943832380952381
460.144 1.0426019417475727
461.214 0.981136448598131
462.294 1.0281777777777776
463.434 0.9461703248463565
464.504 0.9391476635514019
465.574 0.9287252336448598
466.594 0.42949803921568624
467.595 0.7719160839160839
468.604 1.2420297324083251
469.605 1.2908611388611388
470.614 1.3631238850346878
471.624 1.3003247524752475
472.634 1.1912158415841583
473.824 0.9033882352941176
474.834 1.1236356435643566
476.074 1.0050838709677419
477.084 1.3041029702970297
478.085 1.301954045954046
479.094 0.9357938553022794
480.096 1.2347704590818365
481.303 1.1186545153272578
482.304 1.3566513486513487
483.444 1.0526456140350875
484.445 1.42595004995005
485.454 1.301217046580773
486.674 1.1043737704918033
487.763 1.239426997245179
488.883 1.1109285714285713
490.004 1.0488706512042818
491.015 1.2519010880316517
492.016 1.321902097902098
493.023 0.7999285004965243
494.184 0.8154005167958657
495.293 0.8894571686203788
496.295 0.8659420579420579
497.303 1.106063492063492
498.313 0.4253465346534654
499.323 0.6374574257425742
500.434 0.8834491449144914
501.444 1.4053702970297028
502.445 1.3781578421578422
503.455 1.2635960396039603
504.623 1.0756164383561642
505.643 1.426164705882353
506.644 1.4671648351648352
507.803 1.0751268334771353
508.804 1.3377262737262738
510.014 0.983709090909091
511.015 1.3330269730269733
512.02 1.127323383084577
513.143 1.0619554764024932
514.154 1.3591762376237624
515.283 1.0091904340124003
516.493 1.161798347107438
517.504 0.914207715133531
518.524 0.8064235294117647
519.534 1.375540594059406
520.714 1.0616881355932204
521.724 1.4417584158415842
522.883 1.1145194132873166
523.884 1.3622857142857143
525.034 0.7770782608695652
526.053 1.1452718351324829
527.064 1.2786785361028685
528.213 0.9880174064403829
529.214 1.1703736263736264
530.215 1.2687872127872128
531.216 1.1414105894105895
532.353 0.9864978012313105
533.453 1.1131418181818182
534.553 1.0654485896269337
535.593 1.1242384615384613
536.613 1.0001960784313726
537.653 1.0408692307692309
538.683 1.0537631067961166
539.733 1.164792380952381
540.734 1.2414945054945055
541.963 1.363547599674532
542.973 1.3029544554455443
544.174 1.0431440466278104
545.415 1.0776535052377114
546.603 1.044861952861953
547.613 1.1623762376237623
548.692 0.8398739573679332
549.702 0.8081425742574257
550.703 0.9272807192807192
551.712 0.5734707631318137
552.822 0.25345585585585584
553.832 0.7752316831683169
554.842 0.8758019801980198
555.992 0.7817252173913043
557.002 0.9000079207920791
558.152 0.7365982608695653
559.153 1.2337902097902098
560.174 0.7794789422135161
561.192 0.764746561886051
562.202 0.7269861386138614
563.393 0.7112275398824517
564.443 1.2114285714285715
565.462 1.1513954857703632
566.562 1.0558472727272725
567.573 1.2827932739861523
568.574 0.9573226773226774
569.632 1.2637126654064272
570.642 1.0905029702970297
571.854 0.8013003300330034
572.862 1.2804682539682541
573.962 0.9792436363636363
575.312 0.652402962962963
576.533 0.5644095004095004
577.542 0.8427115956392468
578.552 0.9839683168316833
579.672 0.8371428571428572
580.702 0.7657941747572815
581.712 1.0384475247524751
582.722 0.8714217821782178
583.742 0.815121568627451
584.873 0.7888735632183909
585.883 0.8529425742574257
586.893 0.7510089197224974
587.902 1.1961783944499507
588.913 0.6621958456973293
590.072 0.9352131147540983
591.263 1.1400369437447524
592.462 1.1072827356130108
593.512 1.222537142857143
594.532 1.0970980392156862
595.542 1.4348118811881188
596.543 1.3065974025974025
597.772 0.881785016286645
598.802 0.49201553398058256
599.822 0.5019372549019608
600.832 0.36889504950495056
601.852 0.33261176470588233
602.861 0.27861248761149654
603.912 0.8703406279733586
605.072 0.8200206896551725
606.081 0.4956432111000991
607.092 0.4284075173095945
608.102 0.6986455445544555
609.122 1.2753019607843137
610.252 0.7365026548672566
611.261 0.7533637264618435
612.262 0.8726873126873127
613.372 0.6092828828828829
614.392 0.4077176470588235
615.421 0.328108843537415
616.431 0.3762693069306931
617.441 0.7799524752475246
618.502 0.7159057492931197
619.512 1.193029702970297
620.519 0.7850486593843099
621.521 0.6898363273453094
622.551 0.5951378640776699
623.681 0.7399221238938053
624.761 0.3661185185185185
625.781 0.38625882352941177
626.811 0.27529320388349515
627.831 0.33132549019607843
628.861 0.4159766990291262
629.871 0.2915247524752475
630.891 0.38625882352941177
631.902 0.56951137487636
633.052 0.3827269565217391
634.062 0.7979801980198019
635.472 0.695313475177305
636.474 0.7670019960079841
637.481 0.29355312810327705
638.492 0.31392284866468845
639.532 0.2796
640.551 0.2967065750736016
641.571 0.49917647058823533
642.591 0.45334901960784313
643.621 0.39255922330097087
644.641 0.3111529411764706
645.711 0.17425794392523364
646.741 0.5182135922330097
647.868 0.45466548358473824
648.881 0.3781243830207305
649.901 0.22567843137254903
650.911 0.20587722772277228
652.161 0.22335359999999999
653.191 0.2550058252427184
654.221 0.24438058252427186
655.232 0.5214085064292779
656.401 0.06799657827202737
657.761 0.36509411764705885
658.762 1.151784215784216
659.773 0.9664253214638971
660.774 0.6434205794205795
661.801 0.9826212268743914
662.881 1.1220740740740742
663.891 0.9728079207920792
664.892 0.8866813186813187
665.901 1.2440911793855303
666.911 0.8136633663366336
668.061 0.6992208695652175
669.081 0.785435294117647
670.26 0.5937913486005089
671.301 0.3364149855907781
672.372 0.21268347338935575
673.381 1.1502319127849356
674.531 1.1795547826086956
675.631 1.2053236363636364
676.641 1.700118811881188
677.731 1.0206311926605505
678.733 1.5079121756487026
679.911 1.351932088285229
680.972 1.7918491988689917
682.072 1.766530909090909
683.151 1.7654569045412416
684.261 1.7533333333333334
685.262 1.6934425574425576
686.263 1.5141578421578423
687.311 1.6383129770992366
688.452 1.607284837861525
689.641 1.8349806560134565
690.871 1.7691902439024392
691.91 1.709135707410972
692.941 1.55345101842871
693.952 1.4423738872403562
695.031 1.4392437442075996
696.051 1.5853019607843137
697.212 1.4766167097329888
698.412 1.53272
699.413 1.946245754245754
700.45 0.9899247830279653
701.451 1.4721358641358642
702.471 1.508894117647059
703.481 0.9625584158415842
704.79 1.1402169595110772
705.83 0.9728692307692308
706.831 1.3833926073926075
707.97 1.046019315188762
708.971 1.419204795204795
710.18 1.2059685690653432
711.181 1.5017222777222776
712.391 1.1805818181818182
713.532 1.4457843996494302
714.758 1.3005024469820556
715.76 1.4749860279441118
716.88 1.045785714285714
718.021 1.4061069237510957
719.041 1.530478431372549
720.12 1.305890639481001
721.291 1.3903125533731853
722.41 1.2595420393559928
723.44 1.2363883495145631
724.581 1.1748921998247153
725.811 1.2169626016260164
727.031 1.3170950819672134
728.04 1.458021803766105
729.23 1.3173243697478993
730.231 1.6954965034965035
731.27 1.124296438883542
732.271 1.5355444555444555
733.32 1.0364918970448047
734.331 1.27988921859545
735.34 1.1530862239841426
736.491 1.0866238053866202
737.5 1.3450941526263627
738.64 0.9405122807017544
739.83 1.176416806722689
740.891 1.103803958529689
741.892 1.539116883116883
742.991 1.2201565059144677
744.091 1.3076800000000002
745.15 1.519614730878187
746.259 1.5735834084761045
747.269 0.705940594059406
748.48 0.9294137076796036
749.49 1.2525069306930694
750.518 1.2521089494163424
751.52 1.5321996007984031
752.581 1.317262959472196
753.669 1.295970561177553
754.79 0.9572738626226585
755.99 1.3360733333333332
756.991 1.676131868131868
758.139 1.1150452961672475
759.15 1.4084114737883282
760.16 1.1543128712871287
761.2 1.0520846153846153
762.33 1.3561274336283184
763.59 1.329563145353455
764.761 1.1973219470538001
765.77 1.564765113974232
766.89 1.2700697050938339
767.891 1.2514045954045954
768.9 1.178338949454906
769.91 1.3645386138613862
771.05 1.0839017543859648
772.279 1.448286411716843
773.28 1.1341458541458542
774.291 1.3041266073194855
775.299 1.2042380952380953
776.309 0.9720316831683168
777.499 0.9672672268907564
778.51 1.2986376237623762
779.519 1.2709930624380574
780.52 1.5342977022977022
781.539 0.8700058881256133
782.639 1.0356436363636363
783.679 0.9893358999037536
784.859 0.8237627118644069
785.879 0.9485254901960783
786.889 0.43151683168316834
788.129 0.43463870967741935
789.159 0.4568776699029126
790.179 0.32188235294117645
791.209 0.16553009708737862
792.239 0.21250485436893202
793.409 0.1122940170940171
794.419 0.1842059405940594
795.479 0.1342188679245283
796.489 0.17836831683168317
797.718 0.28083970707892597
798.839 0.3714968777876896
799.859 0.5483607843137255
800.869 0.502590099009901
801.919 0.48940952380952385
802.999 0.5260222222222222
804.009 0.4880872150644202
805.019 0.30281188118811886
806.039 0.3898666666666667
807.05 0.4369455984174085
808.059 0.5977165510406343
809.069 0.49035247524752473
810.079 0.4488237623762376
811.129 0.5070933333333333
812.139 0.4409029702970297
813.599 0.19426849315068492
814.629 0.3828804664723032
815.639 0.2596118811881188
816.879 0.24279354838709677
817.948 0.3173657623947615
818.979 0.2379980601357905
819.999 0.23604705882352944
821.029 0.23375533980582522
822.038 0.17736372646184342
823.078 0.2525538461538462
825.658 0.08483720930232558
826.708 0.10962285714285715
828.399 0.025887640449438202
831.438 0.0648213228035538
833.018 0.41533628879037365
834.228 0.5429553719008264
835.248 0.4192691552062868
836.278 0.2830601941747573
837.288 0.36121980198019804
838.289 0.6080399600399601
839.31 0.3001292850146915
840.338 0.31459922178988325
841.378 0.2811
842.698 0.13265454545454544
844.108 0.03106884315117104
845.138 0.3661126213592233
846.168 0.19125436893203884
847.298 0.13558938053097344
848.608 0.1336671755725191
849.658 0.19761523809523807
850.678 0.23604705882352944
851.918 0.15685806451612902
856.288 0.03005217391304348
857.298 0.2383841584158416
858.582 0.12077258566978194
859.598 0.29083464566929135
860.708 0.2029837837837838
861.728 0.2896941176470588
862.778 0.23359238095238094
863.808 0.3506330097087379
864.838 0.3603106796116505
866.109 0.18573721479150276
867.138 0.27652478134110786
905.83 0.0022627933422929808
912.55 0.018231284417324006
914.748 0.004098271155595996
915.899 1.0299496090356213
917.089 1.6034151260504204
918.179 1.6943926605504587
919.18 1.9491388611388611
920.349 1.721245508982036
921.359 1.746751238850347
922.369 1.6291326732673268
923.399 1.7743145631067962
924.409 2.644720792079208
925.449 1.8651230769230769
926.458 2.011060455896928
927.459 1.3135184815184817
928.579 1.756
929.649 1.8223461178671656
930.679 1.7595572815533982
931.709 1.5693138969873666
932.798 1.7877098255280073
933.799 1.8572467532467534
934.8 1.5344975024975025
935.809 1.2897839444995045
936.81 1.1396283716283717
937.818 1.0862619047619047
939.028 0.8024727272727273
940.038 1.1770138613861385
941.068 0.9131262135922331
942.069 1.2830929070929071
943.198 0.9086341895482729
944.209 1.1657922848664688
945.218 1.0370584737363726
946.219 1.2326873126873126
947.238 1.1334092247301275
948.249 0.9138595450049456
949.398 0.8006405570060924
950.408 1.0597782178217823
951.47 1.0588775894538605
952.518 1.0787099236641222
953.528 1.1255366336633663
954.529 1.2646793206793208
955.538 1.0365748265609513
956.548 1.0072475247524753
957.568 1.0471450980392158
958.573 1.1147144278606964
959.578 0.9704437810945273
960.748 0.9489367521367521
961.758 1.3260673267326732
962.768 0.991841584158416
963.868 1.2865672727272726
964.878 1.4512950495049504
965.887 1.288761149653122
966.889 1.1767185628742516
967.958 1.2084639850327408
968.96 1.391776223776224
969.969 1.3673657086223983
971.128 1.0996514236410697
972.129 1.4052667332667335
973.13 1.2785534465534465
974.148 1.2703811394891946
975.15 1.707313373253493
976.228 1.7204526901669759
977.371 1.6139912510936134
978.517 1.8153996509598602
979.518 1.8380179820179818
980.608 1.6874201834862386
981.729 1.7589438001784123
982.73 1.7178101898101896
983.768 1.6973333333333331
984.868 1.743629090909091
986.058 1.6133310924369748
987.088 1.8241320388349513
988.089 2.5726113886113886
989.097 2.4247063492063496
990.299 1.8795274542429283
991.308 2.257626984126984
992.417 1.4510369702434625
993.457 1.0136615384615384
994.458 1.6154645354645354
995.607 1.219321148825065
996.727 1.5224593386952636
997.729 1.6000719280719282
998.858 1.5020372010628875
999.859 2.044755244755245
1001.038 1.6848922815945715
1002.039 2.1203836163836165
1003.158 1.6226845397676497
1004.35 1.942670025188917
1005.468 2.0806368515205724
1006.469 2.3998001998001994
1007.607 1.4196414762741651
1008.658 2.1504928639391054
1009.728 1.8470795135640785
1010.737 2.003722222222222
1011.738 2.09592007992008
1012.748 2.2853069306930696
1013.817 1.3719887745556596
1014.818 1.7671688311688312
1015.82 1.913620758483034
1016.828 1.893873015873016
1018.018 1.6174655462184873
1019.028 2.0061544554455444
1020.117 1.5814582185491275
1021.288 1.7470085470085472
1022.297 1.528824578790882
1023.298 1.847000999000999
1024.307 1.5582398414271557
1025.397 1.9653137614678897
1026.408 1.3719643916913946
1027.467 1.368710103871577
1028.477 1.31269702970297
1029.497 1.4644003925417075
1030.607 1.1002378378378377
1031.737 1.2688778761061945
1032.767 1.642252427184466
1033.768 2.1799480519480525
1034.777 1.4242854311199207
1035.927 1.3807026086956522
1036.942 1.6677359605911333
1037.947 1.4169074626865672
1038.957 1.2294495049504952
1040.097 1.4265052631578945
1041.107 1.549378217821782
1042.197 1.4374385321100918
1043.327 1.6143646017699116
1044.387 1.6649056603773587
1045.457 1.7231177570093457
1046.487 1.416007766990291
1047.497 1.703611881188119
1048.508 1.3837388724035609
1049.527 1.26448675171737
1050.537 1.215271287128713
1051.538 1.0680519480519481
1052.617 1.093760889712697
1053.618 1.573906093906094
1054.626 0.6974603174603174
1055.636 0.669639603960396
1056.656 0.3339450980392157
1057.657 1.1844875124875125
1058.666 1.1082735381565907
1059.676 1.2888633663366336
1060.796 1.3060357142857142
1061.806 1.242518811881188
1062.816 1.0767524752475248
1063.817 0.8485354645354645
1064.828 0.9365143422354105
1066.026 0.2947445742904841
1067.027 0.8851148851148851
1068.036 0.5860059464816649
1069.047 0.3176973293768546
1070.096 0.3860133460438513
1071.107 0.248973293768546
1072.576 0.057840707964601765
1073.584 0.1500793650793651
1074.596 0.6667826086956521
1075.606 0.5959603960396039
1076.627 0.4686699314397649
1077.766 0.7498928884986831
1078.776 0.7832871287128713
1079.787 0.8755845697329377
1080.796 0.8902913776015857
1081.926 0.9855504424778762
1082.996 0.9599102803738319
1083.997 1.1205194805194805
1085.016 1.0578999018645732
1086.027 1.0404589515331355
1087.047 0.7448862745098039
1088.226 0.6082852292020374
1089.246 0.6950509803921567
1090.536 0.5445829457364341
1091.626 1.015926605504587
1092.636 1.1232792079207918
1093.647 1.1621285855588526
1094.667 1.0712941176470587
1095.676 1.0083171456888007
1096.687 0.8329099901088032
1097.696 0.8820773042616452
1098.706 0.8530217821782179
1099.786 0.8181555555555555
1100.796 0.9475643564356436
1101.867 0.9825508870214752
1103.016 0.8975178416013926
1104.026 0.7678019801980198
1105.036 0.8969346534653465
1106.106 0.7708186915887851
1107.256 0.8366539130434784
1108.257 0.8953126873126873
1109.276 0.6762787046123651
1110.346 0.6379289719626169
1111.37 0.537328125
1112.385 0.582904433497537
1113.426 0.7593467819404419
1114.427 1.0637202797202796
1115.435 1.3028968253968254
1116.456 1.1813124387855043
1117.476 0.9124392156862745
1118.487 1.176316518298714
1119.496 1.1013835480673935
1121.726 0.275942600896861
1122.746 0.8064078431372549
1123.776 0.7714097087378641
1124.865 0.7411129476584022
1125.895 0.5695704567541302
1126.896 0.9862297702297703
1127.945 1.0209876072449953
1128.946 1.317922077922078
1129.956 0.777520792079208
1130.975 0.7516074582924436
1131.995 0.8112470588235294
1133.035 0.5406461538461539
1134.047 0.7357233201581028
1135.066 0.4417036310107949
1136.095 0.5326025267249758
1137.106 0.614757665677547
1138.255 0.8074499564838991
1139.455 1.0385866666666665
1140.465 1.3102019801980198
1141.535 0.8176598130841121
1142.605 1.0086953271028039
1143.615 1.4339028741328046
1144.625 1.2500831683168316
1145.626 1.5477082917082916
1146.635 1.0837740336967294
1147.646 1.1986152324431256
1148.655 1.3230842418235877
1149.725 1.1075439252336448
1150.735 1.3582019801980199
1151.885 0.9078539130434783
1152.886 1.4990209790209792
1153.905 1.1342492639842983
1154.915 1.5402534653465347
1155.925 1.3076910891089109
1156.935 1.0484118811881187
1157.945 1.0832079207920793
1158.946 1.1507692307692308
1159.947 0.783016983016983
1160.955 0.8180238095238095
1162.135 1.0393288135593222
1163.286 1.03723370981755
1164.826 0.8205714285714285
1165.985 1.1432200172562554
1166.987 1.3331736526946107
1167.995 1.1481825396825398
1169.006 1.0082453016815034
1170.014 1.129579365079365
1171.015 0.8991008991008991
1172.025 0.9317148514851485
1173.035 1.134772277227723
1174.055 1.3007686274509804
1175.155 1.0141090909090908
1176.164 0.8615500495540139
1177.175 0.722484668644906
1178.315 0.8732561403508772
1179.326 0.729076162215628
1180.355 0.4950670553935861
1181.385 0.3068271844660194
1182.406 0.32156709108716947
1183.465 0.17996600566572238
1185.105 0.03336585365853659
1186.115 0.7597782178217821
1187.126 1.2539584569732938
1188.134 0.9677698412698412
1189.145 0.8693808110781405
1190.155 0.9259801980198019
1191.165 1.1177425742574258
1192.166 1.042093906093906
1193.174 0.9518809523809524
1194.185 0.9619149357072206
1195.286 0.5638873751135332
1196.354 0.45268913857677906
1197.355 1.063992007992008
1198.365 1.1963960396039606
1199.367 0.8972055888223552
1200.374 0.7694697120158888
1201.474 0.72424
1202.645 0.9397916310845432
1203.835 1.174218487394958
1204.854 0.8915250245338567
1205.865 1.0236360039564787
1206.926 0.6053459000942507
1207.954 0.4219922178988327
1208.984 0.29016699029126214
1210.014 0.13812815533980582
1211.72 0.07683001172332941
1212.724 0.7349163346613545
1213.725 0.6205554445554445
1214.744 0.6599332679097154
1215.904 0.6199862068965517
1216.914 0.9037940594059406
1217.935 1.0830558276199804
1218.944 1.2117819623389492
1219.946 1.0552255489021958
1221.094 0.7979163763066203
1222.114 0.8978745098039215
1223.125 0.8827774480712167
1224.134 0.8496333002973242
1225.144 0.8849821782178218
1226.165 0.6625896180215475
1227.166 0.7823696303696304
1228.194 0.5798054474708172
1229.234 0.2847923076923077
1230.264 0.21250485436893202
1231.294 0.262221359223301
1232.304 0.847849504950495
1233.314 0.9237623762376238
1234.323 0.608372646184341
1236.644 0.2842223179663938
1237.665 0.6908392156862746
1238.674 1.1245193260654114
1239.684 0.8744182358771061
1240.685 0.8326953046953047
1241.686 1.0578701298701298
1242.694 1.0427936507936508
1243.704 1.1615287128712872
1244.714 1.1164118811881187
1245.733 1.1492914622178607
1246.734 1.0991008991008993
1247.735 1.2157922077922076
1248.744 1.1981446977205152
1249.745 1.5636683316683315
1250.764 1.1491265947006868
1251.765 1.1155644355644356
1252.784 1.005856722276742
1253.794 0.9175128712871287
1254.804 0.9280079207920792
1255.813 0.774001982160555
1256.824 0.6866310583580613
1257.853 0.6928590864917396
1258.984 0.5513916887709992
1259.993 0.7526031746031746
1261.205 0.6574917491749175
1262.254 1.0512259294566255
1263.255 1.282005994005994
1264.393 1.37604920913884
1265.394 1.6501018981018982
1266.443 1.1444880838894185
1267.623 1.3612610169491526
1268.753 0.8802053097345133
1269.953 1.3004666666666667
1270.954 1.5147252747252746
1272.033 1.0995662650602411
1273.034 1.324979020979021
1274.123 1.0468025711662075
1275.144 1.3821019607843137
1276.165 0.9741821743388834
1277.173 1.2859761904761904
1278.234 1.1153553251649388
1279.244 1.5178930693069308
1280.424 1.207620338983051
1281.433 1.2103230921704657
1282.583 1.0370921739130436
1283.703 1.0790785714285713
1284.704 1.1046233766233764
1285.793 1.2324260789715336
1286.794 1.2726313686313684
1287.804 1.115421782178218
1288.805 1.0626493506493506
1289.806 1.0256623376623377
1290.854 1.0819847328244274
1291.964 0.9824936936936937
1292.973 0.9557898909811694
1293.994 1.0081802154750246
1295.103 1.057774571686204
1296.104 1.2466893106893107
1297.113 1.0860178394449949
1298.124 1.1887952522255194
1299.132 0.9167698412698413
1300.133 0.9482997002997002
1301.143 0.965560396039604
1302.172 0.9332866861030126
1303.284 0.9620359712230215
1304.293 0.9754920634920635
1305.463 0.5577435897435897
1306.473 0.8378059405940594
1307.493 0.6664078431372549
1308.503 0.9261623762376238
1309.693 0.9257075630252101
1310.703 1.1309227722772277
1311.723 0.8354039215686275
1312.733 0.8700990099009901
1313.743 1.2591445544554456
1314.753 0.7819168316831683
1315.754 1.2398161838161839
1316.763 0.9843488602576808
1317.773 1.0702891089108912
1318.783 1.0845782178217822
1319.793 1.066471287128713
1320.794 0.6141538461538462
1321.803 1.0290901883052528
1322.812 1.1087571853320117
1323.813 1.1628771228771229
1324.833 1.0216313725490196
1325.842 1.0681308225966304
1326.853 1.0426666666666669
1327.913 1.0973962264150945
1328.932 0.8466182531894013
1329.943 0.7312838773491592
1330.945 1.090978043912176
1331.952 1.1643853028798412
1332.953 1.0624015984015984
1333.963 1.1512871287128712
1334.964 1.155964035964036
1335.973 1.3361189296333003
1336.974 1.2166633366633366
1337.982 1.2004126984126982
1338.983 1.3750329670329668
1340.003 1.0281254901960786
1341.132 1.188209034543844
1342.133 1.3324755244755244
1343.143 1.2222970297029703
1344.153 1.2928554455445544
1345.282 1.1314862710363154
1346.283 1.1792767232767232
1347.284 1.2496223776223776
1348.292 1.0278492063492064
1349.293 1.3973866133866135
1350.302 1.0733161546085233
1351.312 1.2148594059405942
1352.313 1.1841918081918081
1353.367 1.2489715370018977
1354.532 1.3772841201716737
1355.732 1.3833133333333334
1356.743 1.6205262116716124
1357.832 1.2173223140495868
1359.002 1.2213538461538462
1360.003 1.473022977022977
1361.004 1.2016703296703297
1362.012 1.2071190476190479
1363.032 1.2004710500490678
1364.052 1.033835294117647
1365.072 1.098086274509804
1366.092 1.05841568627451
1367.112 0.9477882352941176
1368.212 0.9617236363636364
1369.232 0.7885254901960784
1370.342 1.0084684684684684
1371.367 1.10336
1372.372 1.144883582089552
1373.392 1.0399058823529412
1374.489 0.7404995442114858
1375.492 0.9403868394815553
1376.493 1.023104895104895
1377.504 1.0667932739861525
1378.522 0.9138624754420432
1379.532 1.1834693069306932
1380.533 0.8314885114885114
1381.643 1.0321009009009008
1382.732 1.159360294117647
1383.742 1.2481821782178217
1384.752 1.0660514851485148
1385.902 1.060166956521739
1386.912 1.1944871287128713
1387.923 0.9452739861523245
1388.931 0.9159126984126984
1390.042 1.098822682268227
1391.052 1.2205069306930694
1392.061 0.8509732408325075
1393.072 0.9829544554455446
1394.083 1.1644470820969337
1395.241 1.0513575129533679
1396.262 1.0242899118511264
1397.272 1.2499089108910892
1398.282 1.1878891089108912
1399.291 1.1121030723488603
1400.362 1.1802577030812325
1401.412 1.184967619047619
1402.413 1.3782777222777223
1403.462 1.0261201143946617
1404.463 1.363908091908092
1405.471 1.088850049652433
1406.622 0.9613066898349262
1407.097 1.3198315789473685
