0.0 1.6463524752475247
1.001 1.9507052947052947
2.06 0.24423796033994338
3.061 0.27332667332667326
4.13 0.22557904583723107
5.39 0.3854095238095238
6.412 0.48533855185909985
7.431 0.7271748526522593
8.591 1.0405655172413792
9.6 1.22398414271556
10.601 1.0502457542457542
11.61 1.2197106045589692
12.82 0.8681917355371901
13.83 1.3432633663366338
14.839 1.275179385530228
15.84 1.3436963036963037
16.841 0.9598001998001998
17.842 1.3019780219780221
19.091 0.9995388310648521
20.291 1.2454466666666666
21.292 1.2343816183816183
22.293 1.3313326673326673
23.3 1.3390109235352532
24.48 1.0579796610169492
25.482 1.3546586826347304
26.68 1.1252754590984975
27.82 1.1642315789473685
28.821 1.0140339660339661
29.97 1.1005326370757178
30.979 1.0219464816650148
32.039 0.8589735849056603
33.04 1.0236563436563435
34.239 1.3178915763135945
35.251 1.2862292490118579
36.44 1.1323330529857023
37.461 1.3462722820763955
38.481 1.4819764705882355
39.86 0.9025438723712835
40.959 1.4183002729754322
42.14 1.2142861981371718
43.16 1.234235294117647
44.219 1.21719357884797
45.46 1.1152941176470588
46.59 1.057182300884956
47.61 1.1111764705882354
48.75 1.0959859649122807
49.84 0.7712293577981651
50.841 0.8508451548451549
51.919 0.9707829313543599
52.97 1.2805252140818266
54.12 1.2230678260869565
55.129 0.951571853320119
56.166 0.5422796528447444
57.25 1.1979557195571957
58.251 1.3703496503496504
59.26 1.2154846382556987
60.261 1.3154285714285714
61.46 1.0218515429524604
62.6 1.4454456140350878
63.601 1.8656543456543457
64.61 0.8976095143706639
65.63 1.161105882352941
66.631 0.9435444555444557
67.709 0.884
68.719 0.6988514851485148
69.72 0.7875244755244756
70.74 0.9249411764705884
71.741 0.8521798201798201
72.75 1.0626838453914766
73.759 1.073958374628345
74.769 1.090780198019802
75.829 1.272166194523135
76.83 1.3331228771228771
77.839 0.7410981169474727
78.909 0.8393420560747663
80.01 0.9497838328792008
81.019 0.8221209117938553
82.029 0.7790970297029703
83.039 0.8017900990099011
84.041 0.8169740518962075
85.049 0.5975079365079364
86.05 0.9460539460539461
87.059 0.7686897918731418
88.069 0.5599049504950496
89.129 0.6817584905660378
90.229 1.0246472727272729
91.37 1.0173742331288342
92.379 1.1002656095143706
93.38 0.9950849150849153
94.39 0.9430336633663368
95.399 0.9052606541129832
96.428 0.9390242954324587
97.45 0.8371585127201565
98.459 1.2655793650793652
99.469 0.9208712871287129
100.479 1.1039603960396038
101.539 0.7017132075471697
102.579 1.1458461538461537
103.589 1.3890505450941526
104.78 0.851727959697733
105.839 0.854745986779981
106.849 0.9225663366336633
107.939 0.915302752293578
109.069 0.8829451327433628
110.079 1.0268356435643564
111.089 1.0609029702970296
112.099 1.0498534653465346
113.339 0.6992709677419355
114.34 0.9990809190809191
115.349 1.233181367690783
116.558 1.1191993382961125
117.579 1.4079216454456418
118.739 1.310758620689655
119.75 1.2955489614243323
120.759 1.1390604558969275
121.799 0.7740153846153847
122.809 1.0622178217821783
123.81 1.093858141858142
125.059 0.8838174539631706
126.167 1.179971119133574
127.179 1.1442608695652174
128.18 1.062033966033966
129.189 1.081982160555005
130.2 0.9716083086053413
131.369 1.0742994011976048
132.519 1.0687791304347827
133.52 0.9159480519480518
134.539 0.9493385672227674
135.54 0.9183696303696304
136.549 0.8541050545094153
137.569 0.8381882352941177
138.648 0.8441371640407785
139.739 0.8926049495875344
140.749 1.1034534653465347
141.949 0.6919
142.969 0.9208705882352941
144.088 0.6853404825737265
145.209 0.9071828724353257
146.44 1.0
147.64 0.8685733333333333
148.659 1.1115368007850834
149.679 0.7261803921568627
150.829 0.8727304347826086
151.889 0.8372301886792453
152.89 0.8859140859140859
153.899 1.0163409316154608
154.909 0.8464316831683167
155.959 0.9083961904761905
156.988 0.8423479105928087
158.069 0.9000555041628122
159.189 0.933011617515639
160.199 1.2721188118811881
161.209 0.861639603960396
162.219 0.900039603960396
163.228 1.0424340931615461
164.349 0.9573571428571429
165.429 0.9247407407407408
166.438 1.3035956392467791
167.449 0.7348605341246292
168.459 1.10990099009901
169.609 0.9736695652173913
170.618 0.7346124876114964
171.629 0.8373966369930761
172.719 0.991919266055046
173.789 0.989151401869159
174.868 0.9006190917516219
175.869 1.2418061938061937
177.098 0.9400423108218064
178.099 0.8974705294705295
179.118 0.7148105986261041
180.288 0.519459829059829
181.308 0.5868549019607843
182.322 0.607069033530572
183.338 0.3643543307086614
184.358 0.4223529411764706
185.368 0.3684118811881188
186.428 0.10230943396226415
187.439 0.47428684470820964
188.468 0.4836384839650146
189.488 0.3982117647058823
190.505 0.5427649950835791
191.6 0.8279086757990868
192.608 0.9879841269841269
193.661 0.4464501424501424
194.678 0.7978031496062993
195.788 0.6120504504504505
196.818 0.9847378640776699
197.829 1.0374836795252225
198.888 0.9835316336166194
200.098 1.1080066115702478
201.108 0.7307564356435643
202.168 0.7139169811320755
203.378 0.7889057851239669
204.528 0.7488
205.728 0.75592
206.799 0.48748459383753495
207.841 0.5337197696737044
208.858 0.831551622418879
209.868 0.7723089108910891
210.928 0.6456679245283019
211.938 0.9098772277227722
212.939 0.8190689310689311
213.948 0.7384975222993063
214.959 0.6529218595450049
216.178 0.4606136177194422
217.199 0.48912830558276205
218.218 0.36515799803729143
219.227 0.35086620416253717
220.238 0.5382314540059346
221.239 0.3540779220779221
222.277 0.3584739884393064
223.278 0.2810949050949051
224.298 0.33261176470588233
225.558 0.21155555555555555
226.568 0.3664950495049505
227.628 0.40350943396226413
228.728 0.4965381818181819
229.748 0.608556862745098
230.848 0.4824363636363636
231.858 0.6941544554455444
232.897 0.3475957651588066
233.898 0.30523076923076925
234.927 0.35097376093294463
235.928 0.17116483516483513
236.947 0.8474582924435721
237.948 0.8341898101898102
238.958 0.8427326732673268
239.959 0.7224215784215783
241.347 0.21530835734870316
242.528 0.018533446232006773
243.568 0.5319615384615385
244.658 0.30121100917431193
245.668 0.3912079207920792
246.728 0.5672679245283019
247.748 0.894643137254902
248.758 0.7359366336633664
249.778 1.0298666666666665
250.887 0.9187808836789901
251.898 1.1528862512363995
253.077 0.8880814249363868
254.198 0.9180357142857143
255.338 0.8483017543859649
256.568 0.9290731707317074
257.608 0.5041000000000001
258.618 0.49414653465346536
259.647 0.40406608357628765
260.798 0.07606602953953084
261.807 0.5304895936570861
262.968 0.3110697674418605
263.978 0.6198732673267328
265.028 0.5250438095238096
266.039 0.8697131552917902
267.268 0.47874369406021156
268.283 0.6618955665024631
269.367 0.6331955719557195
270.408 0.6715312199807877
271.417 0.46501486620416255
273.778 0.09734180432020331
274.927 0.16999129677980854
275.987 0.17551698113207548
277.117 0.09684955752212389
278.267 0.14137739130434784
279.417 0.11419826086956521
280.487 0.08182429906542056
281.527 0.05261538461538461
282.597 0.04091214953271028
283.707 0.08946306306306306
284.718 0.22732344213649852
285.747 0.29210495626822164
286.777 0.3506330097087379
287.837 0.16948679245283021
288.867 0.24438058252427186
289.877 0.25859801980198016
290.929 0.12299619771863118
291.947 0.21500982318271117
292.977 0.2550058252427184
293.987 0.1847128712871287
294.988 0.22959440559440558
296.007 0.17183905789990186
297.037 0.2656310679611651
298.057 0.18421176470588238
299.077 0.2467764705882353
300.087 0.14360396039603962
301.097 0.26005544554455445
302.237 0.11520000000000001
303.287 0.1696304761904762
304.297 0.3792475247524753
305.307 0.42708118811881185
306.337 0.6375145631067961
307.347 0.2284039603960396
308.367 0.2253176470588235
310.197 0.04186229508196721
311.207 0.6759683168316831
312.227 0.26823529411764707
313.747 0.1253421052631579
314.757 0.49843960396039605
315.767 0.27074851485148516
316.807 0.2209846153846154
318.197 0.09448057553956835
319.237 0.09470769230769231
320.367 0.04450265486725664
321.387 0.1716705882352941
322.397 0.42350891089108905
323.407 0.5682693069306931
324.425 0.8028840864440078
325.537 0.5507410071942447
326.539 0.8256863136863137
327.547 0.7526746031746031
328.557 0.6721742574257427
329.567 0.5070019801980199
330.796 0.5076061838893409
331.797 0.863024975024975
332.887 0.6020330275229357
333.897 0.8120079207920792
334.917 0.8071450980392156
335.925 0.6732619047619048
336.927 1.1664670658682637
337.937 0.6732435643564356
338.977 0.3015076923076923
339.997 0.1716705882352941
343.607 0.03630803324099723
345.117 0.2886043737574553
346.127 0.15169900990099008
347.267 0.5519859649122807
348.277 0.744071287128713
349.287 0.7166970297029703
350.357 0.7281719626168224
351.487 1.0929557522123894
352.497 1.2406415841584157
353.507 0.8457742574257426
354.517 0.7017900990099011
355.519 0.5844231536926148
356.527 0.6256349206349207
357.737 0.4996165289256198
358.749 0.6350592885375494
359.786 0.45613899613899617
360.826 0.24203076923076924
361.966 0.2757824561403509
362.997 0.5066149369544132
364.236 0.3614656981436643
365.238 0.30582035928143714
366.266 0.20886381322957198
367.277 0.23814836795252226
368.327 0.14598095238095238
369.367 0.2209846153846154
370.466 0.12945586897179256
371.707 0.04412903225806452
373.406 0.03157151265450265
375.167 0.32061328790459964
376.226 0.2273541076487252
377.237 0.248973293768546
378.246 0.17856888007928642
379.306 0.3097358490566038
380.316 0.24103762376237625
381.446 0.30757522123893805
382.456 0.33590495049504954
385.066 0.06229578544061302
386.598 0.4371331592689295
387.627 0.26588921282798833
388.637 0.3737425742574258
389.638 0.44689710289710294
390.646 0.22607936507936507
391.666 0.19312941176470588
392.667 0.17492907092907092
393.706 0.21901828681424446
394.786 0.12159999999999999
396.506 0.06999069767441861
398.836 0.09393991416309012
400.106 0.027811023622047244
401.147 0.2628242074927954
402.156 0.3362378592666006
403.188 0.22168992248062017
404.316 0.2619574468085106
405.826 0.021743046357615894
406.827 0.1892107892107892
407.836 0.22777403369672944
408.846 0.20234455445544555
409.861 0.28033891625615764
410.866 0.22668258706467662
411.886 0.32188235294117645
413.186 0.23732307692307691
414.196 0.19504158415841583
415.801 0.08166479750778817
416.827 0.3988526829268293
417.846 0.30071835132482827
418.976 0.22763185840707967
419.986 0.3684118811881188
420.996 0.3871287128712871
422.026 0.4051650485436893
423.086 0.39839245283018865
424.096 0.28172673267326737
425.126 0.21041553398058252
426.146 0.32188235294117645
427.176 0.268652427184466
428.226 0.2501485714285714
429.316 0.12868990825688073
430.326 0.19504158415841583
431.356 0.15937864077669903
432.366 0.4707960396039604
433.376 0.353560396039604
434.646 0.10237480314960629
435.661 0.7083980295566502
436.666 0.8451343283582089
437.826 0.936648275862069
438.836 1.133758415841584
439.846 0.7796514851485149
440.856 1.1224475247524752
441.866 0.7104079207920792
442.966 1.0167418181818182
443.997 1.0037555771096023
445.036 1.0989643888354188
446.246 0.961798347107438
447.336 1.0486899082568808
448.346 1.1433029702970297
449.347 0.9125834165834166
450.356 0.7820495540138751
451.397 0.8811604226705091
452.406 0.848404360753221
453.516 0.8876468468468468
454.526 1.2532752475247526
455.536 0.8982811881188119
456.537 0.9059660339660339
457.556 0.8675093228655545
458.656 0.76152
459.686 0.8179650485436893
460.696 1.0034851485148515
461.706 1.010938613861386
462.707 1.0487432567432569
463.717 1.0542178217821783
464.936 1.268160787530763
465.956 1.0124235294117645
466.957 1.0555764235764236
468.046 1.1459540863177224
469.106 1.0646188679245283
470.107 1.1418181818181818
471.116 1.1684598612487613
472.127 0.6362334322453017
473.516 0.7502030237580993
474.686 0.7784615384615384
475.687 0.6807432567432568
476.786 1.0291319381255688
477.787 1.188043956043956
478.916 1.0051302037201062
480.006 1.1138348623853211
481.046 1.1142384615384615
482.076 1.1265553398058252
483.126 1.0010285714285716
484.17 0.9861915708812262
485.246 0.9820520446096656
486.256 1.1174257425742573
487.266 1.1694495049504952
488.276 1.1319445544554454
489.277 1.0000799200799202
490.286 0.8549217046580773
491.306 1.0064392156862747
498.424 0.018414161281258782
501.437 0.09100033189512113
502.447 0.7758732673267328
503.477 1.078578640776699
504.487 1.2143445544554456
505.497 1.1775683168316833
506.547 1.0944457142857142
507.548 1.291028971028971
508.557 1.2686699702675917
509.707 1.0259895652173914
510.708 1.2531468531468533
511.709 1.2901978021978022
512.717 1.2794920634920632
513.837 1.0564642857142859
514.848 1.4078021760633037
515.997 1.0227258485639688
516.998 1.127056943056943
518.096 0.813224043715847
519.167 0.9097366946778712
520.171 1.3387410358565737
521.188 1.4378918387413961
522.198 1.2471999999999999
523.199 1.413986013986014
524.206 1.2999642502482622
525.347 1.0134688869412796
526.387 0.9595615384615385
527.388 1.2880719280719282
528.397 1.343540138751239
529.547 0.99712
530.548 1.6968551448551448
531.687 1.0277014925373134
532.688 1.2538581418581418
533.689 1.3086753246753247
534.696 1.304738828202582
535.707 1.2301483679525222
536.716 1.3511199207135778
537.717 1.3385974025974026
538.718 1.3356563436563436
539.787 0.9604265668849393
540.807 1.2582352941176471
542.007 1.0157
543.008 1.286033966033966
544.017 1.2222477700693755
545.167 0.9638052173913044
546.169 1.319321357285429
547.347 1.056855687606112
548.357 1.1984079207920793
549.358 0.7096903096903098
550.359 0.6937462537462536
551.397 0.7818959537572254
552.406 0.8453042616451933
553.416 0.7694574257425744
554.427 0.6905163204747774
555.726 0.3848806774441878
556.896 0.4546598290598291
557.917 0.4823506366307541
558.946 0.21750048590864918
560.036 0.21084770642201836
561.641 0.08166479750778817
562.666 0.34655219512195123
563.675 0.4310961347869178
565.217 0.24024902723735408
566.226 0.5262794846382557
567.306 0.3960222222222222
568.317 0.6868842729970327
569.376 0.5704702549575071
570.386 0.7831841584158415
571.406 0.5725019607843138
572.426 0.6282745098039216
573.926 0.28868266666666664
574.936 0.6010297029702971
575.937 0.7244595404595404
576.946 0.900780971258672
577.956 1.0190970297029704
578.967 1.1824253214638971
579.976 0.894430128840436
581.096 1.0006357142857143
582.116 0.8226666666666667
583.117 1.0057622377622377
584.146 1.040536443148688
585.156 1.1834693069306932
586.346 0.7717176470588235
587.436 0.9957577981651377
588.446 1.4168
589.496 0.9125638095238094
590.646 0.4853426086956522
591.936 0.33992558139534884
592.966 0.5843883495145631
593.996 0.4787417475728155
595.196 0.7683333333333333
596.624 0.3065546218487395
598.086 0.23842407660738715
599.178 0.2204835164835165
600.186 0.44106349206349205
601.187 0.9547892107892108
602.286 0.7522329390354867
603.355 0.14332647333956972
604.496 0.09591586327782649
605.605 0.0789467989179441
606.706 0.08946049046321526
607.726 0.09656470588235294
609.165 0.05896872828353023
610.17 0.6098149253731343
611.186 0.2291496062992126
612.216 0.9944466019417475
613.236 0.8820941176470588
614.256 0.7231215686274509
615.285 0.8175782312925169
616.286 0.6418461538461537
617.326 0.6265923076923078
618.336 0.5367524752475248
619.346 0.6624079207920791
620.356 0.9160316831683168
621.545 0.5707855340622371
622.585 0.5283923076923076
623.595 0.4009188118811881
624.676 0.1876040703052729
625.685 0.36877700693756194
626.696 0.2721661721068249
627.706 0.7898772277227724
628.736 0.7452116504854368
629.745 0.9446342913776016
630.845 0.5511854545454545
631.855 0.6264871287128712
632.885 0.5312621359223302
633.896 0.17764589515331355
634.916 0.3004235294117647
635.933 0.20446017699115043
636.946 0.20065547877591314
637.955 0.29285232903865216
639.006 0.17320647002854425
640.007 0.2951928071928072
641.015 0.25052380952380954
642.016 0.3389250749250749
643.035 0.24756035328753678
644.066 0.2335286129970902
645.105 0.26863522617901825
646.465 0.5619588235294117
647.867 0.35907560627674756
648.966 0.2661619654231119
649.967 0.5575864135864136
650.985 0.5488251473477407
652.087 0.9807622504537206
653.106 0.895576054955839
654.123 0.6602241887905604
655.126 0.6212642073778665
656.315 0.5066980656013457
657.486 0.7324884713919727
658.495 0.937966303270565
659.535 0.6415923076923077
660.546 1.0142433234421366
661.725 0.8341306191687871
662.924 0.6080800667222687
663.935 0.45464688427299704
664.936 0.6349170829170828
666.026 0.774194495412844
667.035 0.7391793855302279
668.055 0.9417647058823528
669.215 1.067655172413793
670.226 0.8882373887240356
671.235 0.7420891972249752
672.265 0.7698796116504855
673.325 0.8551396226415094
674.365 0.7919230769230768
675.635 0.6954582677165355
676.645 0.7082376237623762
677.875 0.5012032520325203
678.885 0.5740831683168317
679.925 0.5378230769230768
680.945 0.6242901960784314
681.955 1.0031049504950496
683.125 0.7678837606837606
684.135 0.899358415841584
685.145 0.5798019801980198
686.175 0.8712699029126213
687.305 0.5418053097345132
688.455 0.7621565217391305
689.465 0.8465014866204162
690.495 0.3048077669902913
691.555 0.20649056603773586
692.566 0.6991018793273985
693.665 0.8257033666969972
694.675 0.9357462834489594
695.685 1.0670574257425742
696.695 0.6486257425742574
697.715 0.7359372549019607
698.725 0.6550732673267327
699.765 0.8342538461538461
700.785 1.102949019607843
701.795 1.2631683168316832
702.975 1.1907254237288136
703.976 1.7822577422577421
705.025 1.0396339370829364
706.185 1.087248275862069
707.385 1.0024666666666668
708.386 1.1376303696303696
709.395 1.0191000991080277
710.525 0.8968637168141592
711.545 1.260635294117647
712.615 1.0105869158878504
713.625 1.2477306930693068
714.805 0.9667457627118643
715.807 1.1216543456543455
716.815 1.0590555555555556
717.825 1.3482851485148515
719.045 1.0290819672131148
720.065 1.03401766437684
721.075 0.5726732673267327
722.295 0.9437901639344263
723.395 1.0917236363636365
724.515 1.0502
725.766 0.8545163868904877
726.775 1.260828543111992
727.794 0.7750500490677135
728.805 0.8289851632047478
729.806 0.7982177822177823
730.807 1.3882517482517482
731.995 0.89206734006734
733.005 0.9660990099009902
734.205 1.08664
735.207 1.453010989010989
736.215 1.2556666666666667
737.221 0.9786878727634195
738.385 0.7214226804123712
739.394 0.9699266600594647
740.605 0.9717126341866226
741.624 1.1132404317958784
742.695 1.1840522875816994
743.696 1.335952047952048
744.805 1.1205626690712354
745.814 1.0446303270564914
746.815 1.1755364635364636
747.984 0.9913430282292557
748.986 1.0423872255489024
749.995 1.1519920713577798
751.006 1.3285539070227497
752.235 1.420960130187144
753.355 1.153892857142857
754.404 0.8687511916110582
755.444 0.8597384615384616
756.454 1.1598257425742575
757.455 0.889958041958042
758.585 0.8906548672566372
759.704 0.9398820375335121
760.924 0.8148983606557378
761.934 0.8639524752475247
762.954 0.36389803921568625
763.994 0.3405307692307692
765.084 0.24096880733944953
766.294 0.13727603305785124
767.414 0.14657142857142857
768.454 0.11575384615384615
783.099 0.0007472857630590646
784.149 0.31644952380952374
785.189 0.9269999999999999
786.249 1.0347320754716982
787.25 0.6294185814185814
788.259 0.7323211100099108
789.279 0.5080078431372549
790.439 0.9596206896551724
791.44 1.1101858141858143
792.449 0.6775817641228938
793.489 0.5040307988450433
794.5 0.31963600395647873
795.519 0.40229469548133595
796.559 0.4630153846153846
797.569 0.40550495049504953
798.579 0.6851009900990098
799.589 0.6660831683168317
800.769 0.639850847457627
801.779 0.8235405940594059
802.8 0.980105778648384
803.809 1.327532210109019
804.819 1.5336
805.869 1.2076419047619047
806.871 1.3850219560878243
807.899 0.9503657587548638
808.909 1.191508910891089
810.059 1.0022052173913043
811.209 0.9475130434782609
812.219 0.6073980198019803
813.419 0.8452333333333333
814.429 0.8349306930693069
815.449 0.7364078431372549
816.459 0.9483564356435644
817.469 0.4499326732673267
818.509 0.2797230769230769
820.229 0.13998139534883722
821.269 0.23398461538461537
822.309 0.18941538461538462
823.349 0.18941538461538462
824.369 0.15243921568627453
825.438 0.18427689429373245
826.459 0.20365915768854065
827.478 0.14210009813542687
828.539 0.15472196041470312
829.568 0.159533527696793
830.579 0.1162650840751731
831.639 0.4917207547169811
832.669 0.40375922330097086
833.706 0.17473481195756993
834.728 0.3747945205479452
835.739 0.31485657764589514
836.749 0.33590495049504954
838.166 0.11585038814396613
839.389 0.5220621931260229
840.429 0.6256846153846154
841.859 0.28316643356643356
842.969 0.07104864864864865
843.999 0.47813592233009705
845.145 0.4732495636998255
846.161 0.5613700787401574
847.168 0.5512691161866932
848.169 0.5229330669330668
849.225 0.22384848484848482
850.269 0.19917241379310346
851.28 0.3483916913946588
852.428 0.6283135888501743
853.429 0.931092907092907
854.44 0.9550148367952522
855.508 0.9356704119850188
856.509 1.1377662337662338
857.519 1.0448237623762378
858.52 1.3643476523476523
859.629 1.0121045987376014
860.639 0.9423524752475249
861.648 0.8799841427155599
862.649 1.4317042957042956
863.719 1.0581906542056074
864.72 1.5927272727272728
865.739 1.0617546614327773
866.829 1.418524770642202
867.909 0.9830666666666666
869.349 0.6322779708130646
870.489 1.2458315789473684
871.519 1.1751214771622935
872.529 1.501869306930693
873.588 1.1866062322946176
874.749 1.270510344827586
875.759 1.3151128712871285
876.849 1.2791412844036698
877.979 1.4821097345132743
879.179 1.5095
880.269 1.5429494949494948
881.322 1.3852383665717
882.549 1.0091745513866233
883.578 0.9597354085603114
884.688 0.8895567567567567
885.699 0.8006172106824926
886.828 0.6851798051372897
887.838 1.0264475247524751
888.848 0.9757861386138613
889.873 0.9191024390243903
890.989 0.9837706093189964
892.0 0.9961226508407516
893.068 0.9251161048689139
894.069 1.0962477522477523
895.08 0.6716439169139465
896.099 0.9978331697742884
897.109 0.6622257425742574
898.24 0.7880813439434129
899.248 0.7872460317460317
900.258 0.5810217821782179
901.328 0.49597009345794396
902.329 1.0768271728271728
903.338 0.8579504459861249
904.348 0.9747722772277227
905.359 0.6584451038575667
906.368 1.065213082259663
907.548 0.43255593220338984
908.56 0.6867430830039526
909.579 0.7993405299313052
910.598 0.45825318940137394
911.619 0.5419236043095005
912.628 1.0486342913776017
913.648 1.0690901960784311
914.658 1.4599445544554455
915.769 1.2276147614761477
916.979 1.2705388429752065
918.178 1.1881968306922437
919.379 1.371503746877602
920.488 1.5281731289449956
921.489 1.8040279720279722
922.498 1.3785133795837463
923.499 0.9174105894105894
924.508 0.7465926660059465
925.518 1.2052277227722772
926.618 0.6093454545454546
927.628 0.725980198019802
928.648 0.7573254901960785
929.662 0.641759368836292
930.688 0.54016
931.738 0.8285257142857142
932.748 0.8988752475247525
933.758 0.7894415841584158
934.848 0.8403889908256881
935.878 1.0132349514563106
937.068 0.8743529411764707
938.128 1.2757584905660377
939.148 1.5695294117647058
940.162 1.67767258382643
941.188 1.1271578947368421
942.198 1.0505267326732672
943.238 0.9393307692307692
944.248 1.2722851485148514
945.258 1.1154455445544553
946.278 0.8968470588235294
947.288 0.8920158415841585
948.3 0.7633438735177865
949.328 0.8654007782101167
950.508 0.6891186440677965
951.518 0.8139564356435643
952.638 0.897457142857143
953.737 1.1240036396724296
954.858 0.9978019625334522
955.938 1.0103873957367933
956.958 0.7862196078431373
958.118 0.821151724137931
959.208 0.9459816513761469
960.21 1.6464191616766468
961.239 1.2755063168124394
962.248 1.7299663032705648
963.258 1.8537188118811883
964.308 1.2634819047619048
965.323 1.4450285714285716
966.327 1.4542549800796811
967.378 1.2834895238095239
968.387 0.75604360753221
969.487 0.6435490909090908
970.497 0.7727841584158416
971.498 0.848967032967033
972.577 0.754150139017609
973.578 1.2151048951048953
974.587 0.7859425173439049
975.588 0.9245634365634365
976.667 0.9519183673469388
977.678 0.973349159248269
978.687 0.6637304261645193
979.697 0.4559524752475248
981.398 0.09650793650793651
982.407 0.6709206349206349
983.417 0.7036594059405941
984.429 0.2585612648221344
985.447 0.42659332023575636
986.608 0.415297157622739
987.748 0.8129333333333333
988.817 0.914956033676333
989.909 0.8044542124542124
991.058 0.723965156794425
992.078 0.9273176470588236
993.079 0.8814705294705296
994.097 0.697328094302554
995.107 0.8459881188118812
996.118 0.7508051434223542
997.127 0.9190168483647176
998.217 0.6135266055045872
999.247 0.31875728155339805
1000.287 0.1262769230769231
1001.347 0.08873962264150943
1002.857 0.2994331125827815
1003.868 0.043299703264094956
1004.887 0.6476074582924435
1005.906 0.6061786064769382
1006.907 0.7686713286713286
1007.987 0.7147259259259259
1009.148 0.9277588285960379
1010.162 1.058335305719921
1011.177 1.0437753694581282
1012.197 0.914964705882353
1013.237 0.6875692307692308
1014.267 0.5100116504854368
1015.328 0.6927426955702168
1016.397 0.8522357343311506
1017.519 1.0146666666666666
1018.527 1.1848888888888889
1019.537 0.7565623762376238
1020.547 0.8096079207920792
1021.557 0.6758970297029703
1022.567 0.47664158415841584
1023.667 0.6379054545454544
1024.677 0.8546059405940595
1025.687 0.3940594059405941
1026.697 0.294859405940594
1027.707 0.2979089108910891
1028.708 0.46888311688311685
1029.758 0.8824685714285714
1030.817 0.8476751652502361
1031.827 0.7821702970297029
1032.837 0.9671445544554456
1034.007 0.7670153846153845
1035.027 0.9814588235294117
1036.057 0.5762485436893203
1037.067 0.4713821782178218
1038.087 0.46076862745098035
1039.097 0.7299722772277227
1040.318 0.7353513513513513
1041.322 1.2207091633466138
1042.327 0.8501094527363184
1043.337 0.9986851485148515
1044.347 1.1358257425742575
1045.387 0.6707000000000001
1046.447 0.2374641509433962
1050.158 0.03531985987604419
1051.327 1.0178287671232875
1052.337 0.7123168316831683
1053.347 0.5746613861386137
1054.358 0.44794460929772506
1055.387 0.35622934888241004
1056.427 0.30981538461538466
1057.457 0.3825087378640777
1058.587 0.08443185840707965
1059.606 0.4403375858684985
1060.727 0.4823336306868867
1061.737 1.04689900990099
1062.738 1.0474965034965034
1063.747 0.8774390485629336
1064.847 0.8623999999999999
1065.857 0.8885782178217823
1066.947 0.630348623853211
1068.127 0.915593220338983
1069.128 1.1166113886113884
1070.227 1.2417033666969974
1071.237 1.4753538156590684
1072.239 1.0389221556886226
1073.367 1.3247801418439717
1074.467 1.2868072727272726
1075.468 1.4907972027972027
1076.487 1.1671756624141314
1077.488 1.1658181818181816
1078.497 1.987623389494549
1079.507 1.8296
1080.597 1.3587449541284404
1081.599 1.8832335329341316
1082.637 1.4720693641618496
1083.639 1.532678642714571
1084.64 1.464143856143856
1085.677 1.3766865959498553
1086.827 1.4420452173913043
1087.838 1.5181325420375864
1088.847 1.148836471754212
1089.887 1.1419000000000001
1090.897 1.0968079207920791
1091.987 1.2381504587155965
1093.127 0.896119298245614
1094.307 1.1051118644067797
1095.457 0.9924591304347825
1096.466 0.9409236868186324
1097.477 0.87848862512364
1098.657 1.3247118644067795
1099.747 1.5519119266055046
1100.748 1.4794885114885115
1101.787 1.353794032723773
1102.788 1.568023976023976
1103.797 1.1098989098116947
1104.827 0.9325203883495145
1106.017 0.8719596638655461
1107.018 1.4954245754245754
1108.027 1.4746085232903865
1109.198 1.058801024765158
1110.199 1.3598001998001998
1111.207 1.5231984126984126
1112.217 0.8427801980198021
1113.226 1.650029732408325
1114.367 1.630324276950044
1115.377 1.3531892963330032
1116.436 0.8147006610009442
1117.447 0.7014599406528189
1118.456 0.5597304261645194
1119.476 0.6189176470588235
1120.506 0.43474174757281553
1122.876 0.1751561181434599
1123.886 1.0734667988107036
1124.897 1.12648862512364
1125.899 0.9999760479041918
1127.078 0.7945309584393553
1128.217 0.9352835820895523
1129.278 0.940908576814326
1130.286 1.185015873015873
1131.337 1.0048487155090389
1132.377 0.9499076923076922
1133.417 0.926923076923077
1134.536 1.0129329758713137
1135.547 1.092771513353116
1136.566 0.708270853778214
1137.567 0.9132147852147852
1138.577 0.6540594059405941
1139.606 0.4032886297376093
1140.616 1.0555247524752476
1141.637 0.9435847208619002
1142.646 0.7834767096134786
1143.666 0.45335686274509807
1144.677 0.4100890207715133
1145.696 0.31474779195289504
1146.717 0.3858805093046033
1147.726 0.42679088206144694
1148.906 0.7750440677966103
1149.926 1.0791843137254902
1151.056 0.7467681415929203
1152.066 0.44952871287128715
1153.176 0.08873513513513513
1154.187 0.43307722772277224
1155.196 0.9983825569871161
1156.197 1.2901098901098902
1157.206 1.0596709613478694
1158.216 1.118811881188119
1159.217 1.0515484515484517
1160.286 0.9229934518241347
1161.306 0.9126666666666666
1162.316 0.7693227722772278
1163.317 0.8791528471528471
1164.336 0.8512659470068695
1165.376 0.6747000000000001
1166.426 0.9845790476190476
1167.427 1.0195484515484514
1168.448 1.1720117531831538
1169.456 1.0421666666666667
1170.466 0.8339009900990099
1171.477 0.6387814045499506
1172.486 0.8047651139742319
1173.508 0.9033502935420744
1174.576 0.9748314606741573
1175.606 1.0992310679611652
1176.646 1.2508692307692308
1177.662 1.225763779527559
1178.666 1.222715852442672
1179.746 0.5817851851851853
1180.747 1.1235964035964037
1181.756 1.0616689791873142
1182.757 1.145094905094905
1183.766 1.281554013875124
1184.776 1.069370297029703
1185.777 0.9741858141858142
1186.786 0.9726144697720515
1187.796 1.0373940594059408
1188.797 0.9765354645354645
1189.805 0.951595238095238
1190.806 1.092899100899101
1191.807 1.2881438561438558
1192.815 1.2716507936507937
1193.816 1.4616663336663336
1194.826 1.0840079207920792
1195.837 1.2401978239366964
1196.945 0.7964083107497741
1197.946 1.144047952047952
1198.957 0.9158852621167161
1200.146 0.9474583683767873
1201.157 1.3602373887240355
1202.16 0.938975074775673
1203.305 1.0227283842794759
1204.376 1.0316339869281046
1205.516 1.1517333333333335
1206.517 1.2678121878121877
1207.666 1.1160939947780677
1208.677 1.2935944609297725
1209.886 0.8769164598842019
1210.896 1.2273346534653466
1211.936 0.9893461538461538
1213.026 1.122040366972477
1215.956 0.11214197952218431
1216.957 0.3087152847152847
1217.966 0.4193776015857284
1218.997 0.6222075654704171
1220.006 1.1577482656095146
1221.136 0.9118796460176991
1222.138 1.4714005994005996
1223.146 1.241420634920635
1224.159 1.2369516288252713
1225.166 1.0914716981132075
1226.167 1.245762237762238
1227.275 1.0018050541516246
1228.455 1.230135593220339
1229.456 1.3924715284715283
1230.545 1.0010431588613407
1231.645 1.131250909090909
1232.835 1.2889546218487393
1233.836 0.9146613386613387
1234.925 0.8429311294765841
1236.016 1.1335582034830431
1237.135 1.0974155495978553
1238.226 0.9734335472043997
1239.237 1.1113669634025716
1240.246 1.0688444003964321
1241.256 1.0318495049504948
1242.265 0.8770188305252725
1243.295 0.8781514563106796
1244.296 1.0993566433566435
1245.305 1.2170307234886026
1246.306 0.9059500499500499
1247.317 0.9368387734915926
1248.325 1.007063492063492
1249.356 1.0253191076624637
1250.375 1.0458253189401374
1251.495 0.9591642857142858
1252.625 1.055319751992914
1253.626 1.1017622377622378
1254.775 0.6252463011314187
1255.776 0.7022977022977023
1256.785 0.7159008919722497
1257.786 0.8231928071928072
1258.796 1.131691089108911
1259.806 1.0156990099009902
1260.935 0.9882090345438442
1262.125 1.184383193277311
1263.175 1.1304457142857143
1264.185 1.2608792079207922
1265.295 1.0979531531531532
1266.315 1.1561019607843135
1267.375 0.9435396226415095
1268.516 1.0871656441717792
1269.585 1.0994948550046773
1270.595 1.1497584158415841
1271.685 0.9109284403669725
1272.835 0.9400973913043479
1274.015 0.9569220338983051
1275.025 0.853330693069307
1276.035 0.8771009900990099
1277.036 0.6226493506493506
1278.045 0.8658235877106045
1279.046 0.8665094905094906
1280.065 1.3384023552502453
1281.075 0.9355960396039604
1282.076 1.093986013986014
1283.086 1.0953504950495048
1284.156 1.0685009345794392
1285.165 1.2444444444444442
1286.335 0.7156786324786325
1287.336 0.8158881118881119
1288.345 0.7172487611496531
1289.414 0.6840935453695042
1290.415 0.6485434565434565
1291.615 0.5566866666666666
1292.625 0.699160396039604
1294.065 0.49045555555555553
1295.075 0.6736
1296.076 0.7215584415584416
1297.085 0.7020654112983152
1298.175 0.5344880733944954
1299.185 0.8017980198019802
1300.205 0.717521568627451
1301.285 0.5217777777777778
1302.295 0.687120792079208
1303.305 0.6753821782178218
1304.355 0.6979580952380953
1305.365 0.9898534653465347
1306.375 0.7197623762376238
1307.376 0.7367912087912089
1308.385 1.1574073339940534
1309.395 1.0139485148514853
1310.405 0.9070653465346535
1311.415 0.9590336633663367
1312.417 1.062427145708583
1313.446 0.8700485908649175
1314.465 0.5883022571148184
1315.475 0.7216079207920791
1316.485 0.7593346534653465
1317.495 0.5402772277227723
1318.565 0.5188560747663552
1319.584 0.5281570166830226
1320.625 0.8338751200768492
1321.635 1.0988752475247525
1322.636 1.204227772227772
1323.756 0.9195928571428571
1324.765 1.1960594648166503
1325.775 1.2758653465346537
1326.777 0.882682634730539
1327.785 1.0868015873015873
1328.865 1.1114814814814815
1329.875 1.1888
1330.023 1.1831351351351351
