0.0 0.9853782178217821
1.01 1.2267168316831683
2.019 1.1953934588701682
3.069 0.7365638095238095
4.07 0.7693906093906093
5.079 0.9234648166501487
6.09 0.8275529179030662
7.099 0.7665014866204162
8.201 0.6241379310344828
9.37 1.0771873396065015
10.39 0.8954039215686275
11.55 0.8470965517241379
12.62 0.9903461178671658
13.621 1.092771228771229
14.77 1.3469799825935598
15.781 1.1012304648862512
16.801 1.1913725490196079
17.802 1.3456463536463537
19.0 0.9381302170283806
20.021 1.2380489715964742
21.03 1.354751238850347
22.031 1.17826973026973
23.2 1.0644516680923866
24.21 1.3824079207920792
25.211 1.2794805194805194
26.212 0.9328591408591409
27.229 1.4892822025565389
28.329 0.7708872727272726
29.33 1.3125754245754246
30.53 0.95494
31.531 1.3906573426573428
32.649 0.9755778175313058
33.65 1.2611628371628372
34.671 1.3177668952007835
35.799 0.9801205673758864
36.82 1.249802154750245
37.83 1.3882930693069306
38.849 1.3969037328094303
39.85 1.3468131868131867
40.86 1.4413148514851484
41.861 1.456903096903097
43.039 1.1111714770797962
44.04 1.4482957042957043
45.149 1.008122633002705
46.309 1.0863241379310344
47.31 1.3183616383616383
48.44 1.1877238938053096
49.61 1.053463247863248
50.619 1.0575619425173437
51.709 0.9135926605504587
52.719 0.7368158415841584
53.799 0.8365555555555556
55.029 0.9722536585365854
56.03 0.9615184815184815
57.039 1.0124003964321109
58.049 1.0192396039603961
59.069 1.1192549019607843
60.199 0.9400849557522124
61.209 1.0389782178217821
62.219 0.7815524752475247
63.239 0.927443137254902
64.249 1.0688633663366336
65.259 0.6715564356435643
66.269 0.7344396039603961
67.289 0.6568235294117647
68.308 0.6149401373895976
69.349 0.3372076923076923
70.518 0.4757570573139436
71.519 1.0195804195804197
72.538 0.8080471050049067
73.539 0.8144655344655345
74.549 1.0938059405940594
75.619 1.0747015902712815
76.809 0.938198319327731
77.82 1.068051434223541
78.839 1.3347438665358193
79.859 0.8986745098039215
81.019 0.9653999999999999
82.099 0.8923703703703703
83.169 0.9568448598130841
84.179 1.233061386138614
85.18 0.9719160839160839
86.409 1.1205207485760782
87.639 1.2136455284552847
88.849 1.006690909090909
89.959 1.0130594594594595
91.099 1.002842105263158
92.198 1.0429190172884442
93.208 1.0616237623762377
94.219 1.0287002967359051
95.239 1.0778980392156863
96.329 0.9768366972477064
97.338 1.1950287413280474
98.379 1.2285571565802114
99.399 1.0514352941176472
100.409 1.2307722772277228
101.439 1.3331106796116505
102.44 1.2757402597402596
103.598 1.0060379965457686
104.668 0.8561869158878505
105.669 1.2151208791208792
106.679 1.1395009900990098
107.875 0.9116053511705686
108.88 1.2908019900497514
110.039 0.48234685073339084
111.04 1.2608351648351648
112.089 0.4631611058150619
113.288 0.9722902418682235
114.289 1.2087032967032967
115.298 1.018854311199207
116.299 1.1724035964035961
117.3 1.4046993006993007
118.368 1.167692883895131
119.498 1.3560637168141592
120.508 1.241267326732673
121.509 1.038969030969031
122.518 0.9964876114965313
123.678 0.802351724137931
124.688 1.2855445544554456
125.698 0.7653623762376237
126.888 0.9301445378151261
128.058 0.9798632478632479
129.078 0.9759764474975465
130.188 0.776136936936937
131.198 1.115160396039604
132.208 0.8051722772277228
133.418 0.931993388429752
134.538 0.8493571428571429
135.718 0.8416813559322034
137.228 0.6493933774834437
138.238 0.8748039603960397
139.307 0.8500524344569289
140.498 0.9838992443324938
141.738 0.8990516129032258
142.778 0.8400230769230769
143.878 0.9260072727272727
145.038 0.8766827586206897
146.048 1.128879207920792
147.075 0.7293086660175268
148.238 0.7772244196044713
149.248 1.0149544554455445
150.318 0.7628186915887851
151.408 0.8949357798165138
152.458 0.8084419047619047
153.468 0.8659564356435643
154.478 1.083195242814668
155.488 1.1194138613861386
156.489 0.8065214785214786
157.498 0.8723250743310208
158.508 1.0191524752475247
159.528 0.9627137254901962
160.658 1.1611256637168141
161.688 1.0206912621359223
162.868 0.9748406779661017
163.888 1.0415073601570166
164.938 0.9511619047619048
165.939 1.4233446553446556
166.948 0.8881665014866204
167.957 1.0133835480673934
169.028 0.9024313725490196
170.047 0.7274033366045143
171.048 0.9222937062937063
172.158 0.8951711711711712
173.218 0.9984830188679245
174.238 0.9527137254901962
175.247 1.30788503468781
176.257 1.0591049504950496
177.287 0.6365669902912622
178.298 0.9802650840751732
179.299 0.7055584415584416
180.308 0.7993339940535183
181.348 0.5374384615384615
182.357 0.7740416253716551
183.377 0.6320627450980392
184.457 0.4589185185185185
185.567 0.4430630630630631
186.587 0.46795294117647057
187.837 0.3401856
188.887 0.2605714285714285
189.891 0.13054980079681275
191.018 0.6894906832298137
192.238 0.7133901639344263
193.327 0.8881101928374655
194.329 0.9863816183816184
195.367 0.8860500963391137
196.487 0.9594
197.557 1.1777869158878504
198.667 1.0967783783783784
199.668 1.0730549450549454
200.677 1.097910802775025
201.678 0.903992007992008
202.687 0.9966303270564916
203.867 0.8977491525423729
204.878 1.366352475247525
205.957 1.2342168674698795
207.077 1.12375
208.179 1.0468312159709618
209.187 0.975452380952381
210.267 0.943111111111111
211.277 1.1961029702970296
212.278 0.8734465534465535
213.317 1.0216207892204043
214.327 0.9179801980198019
215.346 0.9396427870461237
216.44 0.5004428179322964
217.458 0.5052730844793712
218.466 0.6802619047619048
219.476 0.4974336633663366
220.477 0.5171308691308691
221.487 0.8969108910891088
222.507 0.7089647058823529
223.519 0.5548458498023715
224.537 0.5112062868369353
225.857 0.29104242424242427
226.877 0.7504549019607843
227.887 0.5892673267326732
229.047 0.3585103448275862
230.156 0.6208981064021641
231.386 0.49516747967479674
232.407 0.42875612144955927
234.096 0.09935346358792185
235.227 0.5935419982316534
236.367 0.658421052631579
237.376 0.9618790882061448
238.387 0.7866824925816024
239.406 0.7642080471050049
240.587 0.5170397967823879
241.676 0.4960955004591368
242.757 0.48672710453283996
244.207 0.7641655172413793
245.217 0.8950653465346535
246.218 0.9063656343656343
247.227 0.8249038652130822
248.306 0.8303985171455052
249.527 0.8583325143325142
250.537 1.0660910891089108
251.676 0.8512519754170325
252.757 0.8475781683626272
253.826 0.7978147801683816
254.858 0.5038370514064016
255.897 0.2106641000962464
256.907 0.6979881188118812
257.926 0.5341768172888015
258.938 0.32493280632411065
259.966 0.5216498054474709
260.986 0.36661176470588236
262.306 0.27569696969696966
263.846 0.1065974025974026
264.886 0.1999384615384615
265.896 0.2630336633663366
266.916 0.4828235294117647
267.926 0.42708118811881185
268.946 0.3648
270.006 0.25892830188679244
271.016 0.8018376237623762
272.246 0.6209821138211382
273.306 0.5677132075471697
274.316 0.7324356435643563
275.336 0.5373803921568627
276.356 0.6056156862745098
277.366 0.5816950495049505
278.396 0.3055533980582524
279.416 0.2896941176470588
280.426 0.24057821782178218
281.456 0.2975067961165049
282.466 0.21153267326732675
283.496 0.31875728155339805
284.511 0.28375960591133004
285.516 0.5010069651741293
286.596 0.24354074074074072
287.606 0.4133916500994036
288.616 0.3227960396039604
289.626 0.36135445544554456
290.637 0.331837784371909
291.976 0.3345899925317401
293.005 0.13826239067055393
294.066 0.15472196041470312
295.076 0.19504158415841583
296.106 0.1807611650485437
297.116 0.34674059405940594
298.125 0.1729871159563925
299.176 0.35403996194100856
300.185 0.15118334985133797
301.195 0.2383841584158416
304.265 0.028518566775244298
305.316 0.11690960989533777
307.537 0.08376767221972084
319.117 0.006615544041450777
320.127 0.424990099009901
322.257 0.37913239436619717
323.486 0.2137152156224573
324.518 0.10400775945683802
325.606 0.13076470588235292
326.666 0.09292075471698114
327.686 0.11802352941176472
328.727 0.15784615384615383
329.767 0.13819230769230767
330.777 0.22754851485148514
331.796 0.20405888125613347
332.807 0.20567359050445103
333.846 0.1543330125120308
334.88 0.25401934235976786
335.897 0.3228318584070797
336.906 0.42051932606541126
337.957 0.29156232159847767
339.016 0.12401133144475922
340.077 0.08766069745523092
341.106 0.159533527696793
342.146 0.16836923076923077
343.196 0.1945828571428571
344.256 0.2374641509433962
345.266 0.18575049504950497
346.296 0.31875728155339805
347.507 0.2112766308835673
348.526 0.2684985279685967
349.636 0.37283603603603604
350.666 0.2868815533980582
351.686 0.19312941176470588
352.726 0.2202153846153846
353.736 0.2708910891089109
354.776 0.24123076923076922
355.796 0.33261176470588233
356.926 0.20819115044247785
357.956 0.47813592233009705
359.099 0.23321784776902887
360.107 0.21714285714285714
361.146 0.2211973051010587
362.196 0.17403428571428572
363.201 0.30490746268656715
364.216 0.18078423645320196
365.226 0.4009188118811881
366.246 0.2844156862745098
367.286 0.32412307692307696
368.306 0.24487843137254903
369.356 0.18761142857142857
370.366 0.15051089108910892
371.396 0.36125825242718446
372.406 0.1879841584158416
373.416 0.2167128712871287
374.466 0.19803428571428572
375.505 0.21850481695568402
376.506 0.31705894105894106
377.546 0.4122923076923077
378.556 0.3546217821782178
379.566 0.4009188118811881
380.596 0.29460194174757287
381.636 0.1886
382.646 0.24921980198019802
383.676 0.2934601941747573
384.696 0.28975686274509804
385.706 0.4442613861386139
386.716 0.3131643564356436
387.796 0.2897111111111111
388.836 0.4419692307692308
389.846 0.29758415841584157
390.856 0.44691485148514853
391.866 0.5933386138613862
392.896 0.4659883495145631
394.046 0.3920069565217391
395.066 0.43990588235294115
396.085 0.17712266928361137
397.176 0.17052978918423467
398.285 0.11842019837691616
399.296 0.12989910979228486
400.345 0.12205147759771211
401.446 0.06958038147138965
402.505 0.09300849858356941
403.525 0.16094117647058823
404.566 0.218597502401537
405.585 0.5155171736997056
406.595 0.3166970297029703
407.605 0.28172673267326737
408.647 0.2415662188099808
409.685 0.1676917148362235
410.715 0.18062912621359223
411.725 0.17337029702970297
412.735 0.19836039603960395
413.765 0.22313009708737863
414.786 0.22160235063663075
416.016 0.23860162601626017
417.058 0.23106333973128598
418.075 0.19369911504424778
419.116 0.19974639769452449
420.135 0.17388812561334643
421.155 0.2896941176470588
422.226 0.299734827264239
423.245 0.30071835132482827
424.255 0.29256237623762377
425.275 0.38093333333333335
426.285 0.4088
427.305 0.5593490196078431
428.306 0.34534265734265734
429.325 0.40600588812561333
430.527 0.40320133111480866
431.565 0.4936107899807322
432.596 0.5885858389912706
433.605 0.42983548067393457
434.625 0.3420549019607843
435.655 0.517452427184466
436.665 0.5816871287128713
437.675 0.616839603960396
438.685 0.7262178217821782
439.875 0.6059697478991596
440.895 0.7349960784313725
441.897 0.8240718562874251
442.905 0.7446746031746031
444.035 0.7511858407079647
445.045 0.8582574257425742
446.046 0.9736663336663337
447.145 0.8082693357597815
448.155 1.0040079207920791
449.185 0.6836194174757282
450.196 1.0687398615232444
451.205 0.7617522299306243
452.305 0.9498400000000001
453.315 0.9606495049504951
454.425 0.5054198198198198
455.445 0.9559686274509804
456.615 0.6577572649572649
457.635 0.7599921568627451
458.636 0.8818861138861139
459.945 0.6429335370511841
460.954 0.8622063492063492
462.045 0.6001393217231897
463.057 0.7504822134387351
464.065 0.5601190476190476
465.155 0.43872293577981647
466.164 0.5557581764122893
467.165 0.8047792207792207
468.294 0.7589796279893711
469.314 0.9065960784313726
470.315 0.6231448551448552
471.325 0.9722059405940594
472.335 0.9484752475247525
473.495 0.6955241379310345
474.504 0.8390723488602577
475.505 0.7951088911088912
476.514 0.6987195242814668
477.524 1.0340910891089108
478.535 0.727239603960396
479.545 0.6556356435643564
480.564 0.5147634936211972
481.575 0.635727002967359
482.594 0.5776565260058882
483.604 0.5741702970297029
484.605 0.4615384615384615
485.634 0.4360583090379009
491.151 0.00930505709624796
492.216 0.008465727699530516
493.226 0.6622019801980198
494.227 1.3104415584415585
495.306 1.1988952734012976
496.316 1.5656871287128713
497.326 1.2616871287128713
498.327 1.2133306693306694
499.395 1.1316554307116105
500.406 1.1695430267062314
501.855 1.0034340924775709
502.866 1.544925816023739
503.867 1.4443396603396603
504.936 1.2041459307764266
506.105 1.3025970915312233
507.136 1.197385063045587
508.175 0.6386679499518768
509.176 1.5034165834165834
510.275 1.2455177434030937
511.286 1.704704253214639
512.296 1.5802851485148515
513.305 1.143262636273538
514.436 1.2464297082228117
515.545 1.301439134355275
516.546 1.5672887112887113
517.755 1.229128205128205
518.805 1.0100266666666666
519.817 1.486869565217391
520.885 0.868501872659176
521.886 1.3905934065934067
522.985 1.0990427661510465
524.107 1.061390374331551
525.136 1.6930379008746357
526.146 1.7837623762376238
527.155 1.4961268582755203
528.156 1.437002997002997
529.285 1.1277023914969
530.446 1.468885443583118
531.448 1.415856143856144
532.495 1.3519159503342884
533.545 1.5245300285986654
534.676 1.4854677276746242
535.686 1.4053702970297028
536.687 1.596819180819181
537.716 1.057578231292517
538.726 1.408332673267327
539.775 1.2093803622497616
540.777 1.258179640718563
541.946 1.2448698630136987
543.016 1.4034018691588785
544.095 1.4331343836886006
545.285 1.3156638655462183
546.286 1.1360000000000001
547.295 1.266782953419227
548.315 0.8396235294117647
549.316 1.0994685314685315
550.335 0.645369970559372
551.345 0.8973544554455445
552.405 1.0237811320754717
553.515 1.5125261261261262
554.525 1.5496079207920792
555.615 1.1394935779816515
556.655 1.0691076923076923
557.995 0.371779104477612
559.015 0.7412
560.035 0.4769647058823529
561.036 0.6144575424575425
562.045 0.5887254707631319
563.205 0.7728206896551724
564.285 0.4921481481481481
565.314 0.9918134110787171
566.395 1.2910638297872339
567.545 1.5633947826086956
568.555 1.838065411298315
569.565 1.3661386138613862
570.755 1.451368067226891
571.875 1.428907142857143
572.975 1.4908436363636361
574.005 1.6893592233009709
575.006 1.7006833166833166
576.015 1.6825450941526263
577.105 1.3162715596330274
578.114 1.1890267591674928
579.115 0.25507292707292706
580.125 0.3142336633663367
581.144 0.34228851815505396
582.145 1.013154845154845
583.164 0.6847105004906772
584.184 0.6466980392156862
585.214 0.36755728155339806
586.234 0.2253176470588235
587.274 0.21290471607314726
588.474 0.6254666666666667
589.484 0.6481267326732673
590.485 0.5561878121878121
591.505 0.46136470588235295
592.535 0.4643961165048544
593.554 0.3495269872423945
594.574 0.4077176470588235
595.634 0.41851320754716986
596.655 0.15317531831537706
597.826 0.4007384615384615
598.951 0.849856
599.984 1.1802362052274926
600.985 1.341194805194805
601.994 1.1496769078295344
603.005 0.9972779426310585
604.044 0.721516843118383
605.057 0.32304047384007895
606.064 0.802240317775571
607.084 0.4443137254901961
608.094 0.5154851485148516
609.124 0.8036271844660196
610.265 0.7109763365468886
611.394 0.916074402125775
612.414 0.3008361138370952
613.434 0.1912313725490196
614.524 1.2026275229357797
615.525 1.6482397602397603
616.526 1.6480559440559441
617.664 1.6383620386643232
618.934 1.2447496062992127
619.935 1.3195684315684315
620.953 1.213312377210216
621.964 0.8193709198813057
622.974 0.7574707631318137
624.104 0.9047858407079645
625.114 0.7711920792079208
626.144 0.422873786407767
627.254 0.3234234234234234
628.444 0.7648403361344538
629.534 1.0694385321100917
630.744 1.0529454545454546
631.796 1.2747756653992397
632.954 1.0986321243523316
633.955 1.3523356643356645
635.104 1.498012184508268
636.105 1.5443116883116883
637.106 1.8905974025974026
638.114 1.7473809523809523
639.124 1.0633267326732674
640.304 1.3565898305084745
641.464 1.2134068965517242
642.473 1.2804440039643212
643.494 1.2267894221351616
644.554 1.3412905660377357
645.564 1.3700435643564355
646.674 1.190572972972973
647.844 1.3973333333333333
648.854 1.7230336633663366
649.855 1.2425494505494505
650.864 1.152340931615461
651.865 1.5516163836163837
652.874 1.1460852329038653
653.884 1.289213082259663
654.904 1.272321568627451
655.934 1.4004660194174758
657.014 1.2212196478220574
658.174 1.384558620689655
659.184 1.4395643564356435
660.304 1.1720000000000002
661.343 1.4506179018286813
662.613 1.2592377952755904
663.624 1.3459009900990098
664.642 1.5344282907662081
665.653 1.1461364985163205
666.654 1.4945614385614385
667.655 1.1478041958041958
668.722 1.2676438612933458
669.796 1.579195530726257
670.843 1.4126150907354345
672.054 1.4833454545454545
673.203 1.6242854656222803
674.273 1.3192672897196263
675.274 1.6042117882117883
676.404 1.6072
677.414 1.7239287128712872
678.434 1.7608392156862744
679.504 1.371185046728972
680.523 1.5405691854759567
681.524 1.3080679320679323
682.613 0.9339430670339761
683.623 1.6383287128712871
684.663 1.2615615384615384
685.843 1.535613559322034
686.844 1.7283916083916082
687.854 1.9284356435643566
688.863 1.3497086223984143
689.914 1.5777219047619047
691.094 1.294122033898305
692.193 1.374311191992721
693.303 1.4046486486486487
694.403 1.48624
695.495 1.678029304029304
696.645 1.5631652173913044
697.654 1.5762220019821604
698.773 1.1870384271671133
699.774 1.2977342657342659
700.796 1.4348180039138942
701.876 0.9111259259259259
702.883 1.0380218470705065
703.903 0.49309019607843135
704.913 0.5358336633663365
705.923 0.5942257425742574
706.933 0.8418534653465347
707.943 0.7407207920792079
708.947 1.1581912350597607
709.953 1.6314433399602386
711.033 0.9963851851851852
712.113 1.2090296296296297
713.133 1.0790039215686273
714.134 1.1011548451548452
715.154 1.234643137254902
716.163 1.286755203171457
717.173 1.073219801980198
718.183 1.0057346534653466
719.193 1.0016316831683167
720.194 0.8786573426573426
721.203 0.841213082259663
722.222 0.7774995093228656
723.395 1.0024484228473998
724.422 0.9506056475170399
725.432 0.5370851485148516
726.462 0.4886524271844661
727.473 0.4342472799208704
728.603 0.49930619469026544
729.622 0.7367536800785083
730.623 0.7736663336663337
731.624 1.0579260739260739
732.644 0.8361333333333334
733.802 1.0427288428324697
734.813 1.0399129574678536
735.823 1.1856871287128712
736.832 1.2342200198216056
737.903 1.1093258636788048
739.043 1.0176210526315788
740.092 1.071489037178265
741.102 1.0006178217821782
742.112 0.8166336633663366
743.162 0.7513676190476192
744.222 0.5129811320754717
745.223 1.0337182817182817
746.233 0.9677386138613862
747.263 0.7558135922330096
748.264 0.9646433566433568
749.265 1.1714925074925076
750.383 1.0257889087656529
751.543 1.1407655172413793
752.552 0.9433419226957384
753.732 0.9624813559322035
754.912 0.9010372881355933
755.932 0.5941647058823529
756.952 0.5730196078431373
757.972 0.7406588235294117
759.012 0.8757461538461538
760.042 0.515852427184466
761.092 0.30512761904761904
762.453 0.01608229243203527
763.464 0.4005222551928783
764.472 0.19081746031746033
765.534 0.2782372881355933
766.562 0.15940077821011672
767.572 0.2708910891089109
768.812 0.16769032258064515
770.003 0.08186733837111669
771.022 0.40811776251226695
772.052 0.19284660194174758
773.092 0.1999384615384615
774.202 0.15775135135135135
775.212 0.23936633663366336
776.391 0.4525462256149279
777.412 0.3004235294117647
778.441 0.23049173955296404
779.622 0.46259102455546147
780.672 0.3651477597712107
782.252 0.19521722609246359
783.262 0.7091722772277229
784.322 0.44298113207547174
785.352 0.684695821185617
786.373 0.600258570029383
787.376 0.23400199401794616
788.392 0.29083464566929135
789.435 0.6322991371045062
790.451 0.6846423645320197
791.452 0.7349610389610389
792.582 0.9399646017699115
793.781 0.8609107589658048
794.782 0.6907492507492509
795.952 0.8634393162393162
797.081 1.0803613817537645
798.112 1.247627546071775
799.162 1.2640838095238096
800.322 0.953751724137931
801.338 1.047251968503937
802.342 1.6244223107569722
803.422 1.4244888888888887
804.512 1.3452477064220185
805.612 1.0466023657870793
806.774 1.6085094664371773
807.802 1.5846225680933854
808.852 1.602463298379409
809.862 1.7796277227722772
810.872 1.2747168316831683
811.961 1.5879742883379246
813.082 1.3104714285714285
814.152 1.48323738317757
815.153 1.5967472527472528
816.352 1.5503119266055045
817.353 1.8900299700299699
818.361 1.6570238095238097
819.362 1.3433286713286714
820.373 1.6034342235410484
821.562 1.271757779646762
822.582 1.2450980392156863
823.591 1.1995084241823588
824.592 1.1985214785214784
825.731 0.9769762949956102
826.733 1.0671057884231536
827.741 0.9702063492063492
828.841 0.8762472727272728
829.861 0.886321568627451
831.091 0.7782569105691056
832.101 1.0702732673267326
833.121 1.0784941176470588
834.311 1.0204168067226893
835.313 1.0810379241516965
836.381 0.9137003745318353
837.491 0.9876180180180181
838.681 1.027563025210084
839.861 0.8881084745762712
841.021 0.8710137931034483
842.131 0.9029981981981983
843.141 1.16289900990099
844.151 1.2381861386138613
845.161 0.8026851485148515
846.171 0.9847999999999999
847.174 0.9151585244267199
848.181 1.1216285998013902
849.191 1.111920792079208
850.231 0.8544461538461539
851.241 1.0956673267326733
852.251 0.7066772277227722
853.261 0.6699326732673268
854.27 0.7884638255698712
855.271 0.6959520479520479
856.272 0.9347052947052947
857.281 1.3178037661050546
858.282 2.2093106893106893
859.441 1.7113925798101812
860.621 1.855742372881356
861.881 1.8367063492063491
863.031 1.4908034782608695
864.142 1.9257317731773178
865.143 1.7434325674325672
866.16 1.0282241887905605
867.161 1.428899100899101
868.162 1.3477482517482517
869.173 1.2419940652818993
870.213 1.311676923076923
871.341 1.2670567375886526
872.431 1.2221724770642202
873.891 0.871572602739726
875.021 1.1110654867256637
876.181 1.1221310344827586
877.183 1.2490459081836327
878.241 1.0006427221172023
879.25 1.1572566897918732
880.521 0.6510715971675847
881.551 1.1342291262135924
882.632 1.565150786308973
883.661 1.5571933916423712
884.741 1.510688888888889
885.801 1.587645283018868
886.855 1.0577836812144212
887.88 0.9574634146341463
888.891 1.1773135509396635
889.921 1.2818796116504856
890.948 1.7698227848101267
892.101 1.6264492627927147
893.12 1.3381118743866538
894.22 0.70568
895.292 0.9980597014925374
896.293 1.3464935064935064
897.3 1.0317696127110227
898.49 1.2144470588235294
899.491 1.5245874125874128
900.61 1.324325290437891
901.62 0.6716752475247524
902.78 1.1138965517241377
903.811 1.427243452958293
904.812 2.0364995004995006
906.001 1.273359125315391
907.111 1.300554954954955
908.25 1.2849938542581212
909.251 1.2701218781218782
910.291 1.053176923076923
911.44 1.3222767624020888
912.441 1.1344015984015985
913.461 1.1349725490196079
914.462 0.9699900099900101
915.66 0.8781836393989985
916.74 0.881948148148148
917.75 1.0696554455445544
918.76 0.9029465346534653
919.83 0.8873196261682242
920.85 0.968243137254902
921.86 0.7726178217821782
922.861 0.7969630369630369
923.97 0.7565374211000901
925.11 0.9232771929824561
926.15 0.9010461538461538
927.151 0.861130869130869
928.171 0.6961490196078431
929.2 0.5636851311953353
930.21 0.8863207920792079
931.37 0.9368413793103447
932.373 1.4090219560878243
933.52 1.0336041848299913
934.643 1.3709116859946477
935.66 1.5389262536873156
936.661 1.5037442557442557
937.7 0.6059287776708374
938.72 1.2865554465161926
939.87 1.1367304347826086
940.88 0.6075247524752475
941.901 0.23581586679725758
943.106 0.1087734439834025
944.67 0.10297186700767264
946.13 0.03747945205479452
947.14 1.1784950495049504
948.15 0.8696079207920792
949.151 0.7127672327672326
950.18 0.7069931972789115
951.189 0.6241189296333004
952.19 0.5490909090909091
953.199 0.7182715559960358
954.33 0.8240212201591512
955.339 0.8911318136769079
956.35 0.9671612265084074
957.36 0.9768871287128712
958.37 0.8541386138613861
959.499 0.6805952170062002
960.51 0.7284193867457963
961.519 0.9638453914767097
962.52 1.0253906093906093
963.53 1.1039445544554454
964.55 0.651607843137255
965.559 1.0489435084241823
966.7 0.5755863277826467
967.709 0.7020812685827552
968.72 0.7296063303659742
969.759 0.8681501443695862
970.779 0.7320862745098039
971.799 0.46136470588235295
972.819 0.32292549019607847
973.919 0.29021818181818176
974.92 0.8264775224775225
975.979 0.7731369216241737
976.98 1.2896383616383618
977.989 1.0314687809712586
978.999 1.3193425742574256
980.0 1.1844875124875125
981.058 1.6814593572778829
982.079 1.1229618021547505
985.949 0.19512558139534883
986.99 0.031538904899135446
987.999 0.19458473736372647
989.019 0.5150117647058824
990.029 1.1289346534653466
991.03 0.8715764235764236
992.052 0.13920939334637963
993.059 0.4592254220456803
994.2 0.2981384750219106
995.219 0.5872188420019626
996.249 0.3966601941747573
997.429 0.403471186440678
998.479 0.3022628571428571
999.489 0.4854415841584158
1000.959 0.15340408163265307
1001.979 0.5143529411764706
1003.029 0.590575238095238
1004.038 0.8561189296333004
1005.119 0.8765777777777778
1006.299 1.221471186440678
1007.459 0.850751724137931
1008.469 1.1155168316831683
1009.59 0.8787939339875113
1010.669 1.056808155699722
1011.679 1.1164277227722772
1012.689 1.3072158415841584
1013.729 1.0263384615384616
1014.73 1.6461938061938062
1015.899 1.1318186484174508
1016.919 1.0193176470588237
1017.929 1.1259226957383548
1018.937 1.3674444444444442
1019.939 0.9800159680638723
1020.949 1.3559445544554456
1021.968 1.0052993130520118
1023.119 1.0650782608695653
1024.128 0.9736372646184341
1025.138 0.9113504950495049
1026.148 1.0871366336633663
1027.168 1.0294274509803922
1028.219 0.9403158896289249
1029.411 1.068275167785235
1030.419 1.4790555555555558
1031.469 1.2001371428571428
1032.47 1.7280959040959043
1033.479 1.8295024777006939
1034.499 1.1474901960784314
1035.679 1.5622101694915256
1036.808 1.5390894596988485
1037.959 1.7035551694178974
1039.099 1.60020350877193
1040.139 1.6864
1041.149 1.8363168316831684
1042.15 1.478897102897103
1043.158 1.6201349206349207
1044.209 1.2581845861084682
1045.211 1.6245269461077845
1046.219 1.325547619047619
1047.288 1.3294518241347053
1048.439 1.4435686956521738
1049.518 1.4000963855421686
1050.629 1.354102610261026
1051.69 1.2407924528301888
1052.691 1.398849150849151
1053.698 1.746025819265144
1054.699 1.891868131868132
1055.7 1.5393086913086913
1056.849 1.243509138381201
1057.979 1.7041982300884957
1058.989 1.9998731417244795
1060.039 1.400137142857143
1061.138 1.573066424021838
1062.168 1.3362407766990292
1063.178 0.8869069306930693
1064.188 1.1647128712871289
1065.189 1.055056943056943
1066.198 0.836440039643211
1067.208 0.7739326732673267
1068.238 0.6226485436893204
1069.258 0.2561568627450981
1070.418 0.09434482758620688
1071.468 0.6998171428571428
1072.479 1.1233709198813056
1073.489 1.1041742574257425
1074.498 0.5381565906838454
1075.698 0.5448333333333334
1076.769 0.6549990662931839
1077.774 0.47638606965174135
1078.938 0.40718213058419245
1079.967 0.3935160349854227
1080.988 0.4786601371204701
1082.178 0.7168201680672268
1083.202 0.81571875
1084.218 0.7079527559055118
1085.368 0.9491686956521739
1086.408 0.930753846153846
1087.537 0.4551922054915855
1088.558 0.2467764705882353
1089.818 0.08685714285714285
1090.828 0.5005623762376238
1091.898 0.6569420560747663
1092.946 0.7504045801526718
1093.957 0.6795489614243324
1094.958 0.8060819180819181
1095.968 0.6895207920792079
1096.971 0.5446460618145563
1097.972 0.6854425574425574
1098.978 0.6218767395626243
1100.048 0.8424897196261684
1101.138 0.9078567493112947
1102.148 0.7871683168316832
1103.169 0.6356669931439765
1104.17 0.7278561438561438
1105.307 0.770061565523307
1106.308 1.0252307692307694
1107.338 0.8834796116504855
1108.369 0.8651251212415131
1109.389 0.8636470588235294
1110.397 0.7984761904761905
1111.437 0.7811
1112.438 0.8763796203796205
1113.477 0.6277959576515881
1114.527 0.904167619047619
1115.658 1.2168700265251988
1116.897 0.9808310428455942
1117.898 0.7154525474525475
1119.027 0.677066430469442
1120.028 0.5686713286713286
1121.247 0.46669073010664475
1122.248 0.7173146853146853
1123.268 0.7894588235294118
1124.397 0.6769105403011515
1125.467 0.8203364485981308
1126.488 0.8445523996082271
1127.517 0.5894577259475219
1128.528 0.5017368941641939
1129.537 0.5058711595639247
1130.547 0.465980198019802
1131.647 0.4898909090909091
1132.648 0.7643556443556443
1133.657 0.6223825569871161
1134.768 0.7825454545454545
1135.777 0.7455857284440041
1136.787 0.5634138613861386
1137.797 0.7282059405940593
1138.808 0.5167873392680514
1139.857 0.496884652049571
1140.877 0.720556862745098
1141.896 0.8313248282630029
1142.977 0.7787382053654025
1144.008 0.9924655674102814
1145.017 0.958390485629336
1146.028 0.8968862512363995
1147.037 0.8669732408325075
1148.127 0.811067889908257
1149.137 0.9093069306930693
1150.247 0.8321153153153154
1151.417 0.9364034188034188
1152.427 1.0391683168316832
1153.428 0.9698461538461538
1154.436 0.8158809523809524
1155.437 0.9504335664335664
1156.457 0.683443137254902
1157.467 1.0056554455445543
1158.476 0.7155044598612488
1159.607 0.9701149425287356
1160.649 0.8677389635316698
1161.656 0.9185526838966203
1162.707 0.6537545195052331
1163.727 0.7316156862745098
1164.737 0.987559960356789
1165.808 0.6735387488328665
1166.817 1.0585213082259661
1167.818 0.9142217782217783
1168.837 0.45591364082433755
1169.936 0.3186606005459508
1170.937 0.4707932067932068
1171.946 0.9070366699702676
1173.007 0.855607917059378
1174.008 0.9848951048951049
1175.016 0.9532539682539682
1176.018 0.8686786427145708
1177.027 1.0213280475718534
1178.106 0.9763262279888786
1179.166 1.0087018867924527
1180.167 1.0816463536463536
1181.187 1.1249254901960786
1182.207 1.1808125613346419
1183.208 1.0134905094905093
1184.209 0.9995604395604395
1185.357 0.9488571428571428
1186.358 1.1134225774225774
1187.736 0.9690275761973874
1188.848 0.8710647482014389
1189.906 1.0786011342155009
1190.976 0.9492186915887851
1192.137 0.9272971576227391
1193.156 1.073334641805692
1194.217 1.0286823751178134
1195.236 1.053369970559372
1196.237 0.9586173826173827
1197.246 0.9129831516352823
1198.286 0.9226076923076922
1199.296 0.8403643564356436
1200.297 0.9564915084915085
1201.306 1.0581407333994053
1202.316 0.8766178217821782
1203.446 0.7436884955752213
1204.506 0.8317735849056604
1205.546 0.49129230769230764
1206.547 1.0181338661338661
1207.676 0.8648715677590788
1208.836 0.8887862068965516
1209.976 0.9860631578947369
1210.996 1.0344156862745097
1211.997 1.093762237762238
1213.006 0.9948543111992071
1214.007 1.1437442557442559
1215.066 0.8649745042492919
1216.076 1.2751762376237623
1217.077 1.0442357642357643
1218.086 1.0308979187314173
1219.096 0.7889980198019801
1220.106 0.7537267326732673
1221.316 0.6197950413223141
1222.346 0.7836190476190477
1223.436 0.7187522935779816
1224.516 1.357888888888889
1225.527 1.4902156280909988
1226.542 1.644295566502463
1227.646 1.4643260869565218
1228.647 1.367144855144855
1229.648 1.4234325674325674
1230.786 1.2468400702987696
1231.788 1.7717604790419161
1232.807 1.2759489695780175
1233.926 1.071592493297587
1234.93 1.624398406374502
1236.026 1.2237080291970803
1237.036 1.1723009900990098
1238.076 1.0745076923076922
1239.145 1.1277530402245088
1240.255 1.1710774774774775
1241.256 1.06224975024975
1242.266 1.0183683168316833
1243.267 0.8497582417582418
1244.286 0.9994347399411188
1245.376 1.0692403669724768
1246.436 1.0853056603773585
1247.856 0.7854883720930232
1248.916 1.062679245283019
1249.918 1.1642395209580838
1250.926 1.2401428571428572
1251.936 1.3725544554455447
1253.015 0.9388767377201112
1254.016 1.1031288711288711
1255.056 1.0685692307692307
1256.106 1.026087619047619
1257.115 0.8130822596630327
1258.155 0.4699846153846154
1259.315 0.6582689655172413
1260.395 0.8098444444444445
1261.397 0.8604630738522955
1262.406 0.6143191278493558
1263.565 0.4019119930974978
1264.571 0.40251292246520876
1265.595 0.17864843749999998
1266.745 0.260535652173913
1267.755 0.3036987115956392
1268.765 0.2932990099009901
1269.775 0.28172673267326737
1269.966 0.22823036649214662
