0.0 0.6704807121661721
1.021 2.4653476983349654
2.139 1.4337173524150268
3.14 1.267844155844156
4.299 1.0697911993097498
5.3 1.190033966033966
6.41 1.290918918918919
7.411 1.2453786213786213
8.439 1.2902490272373541
9.769 0.7483969924812031
10.77 1.050117882117882
11.911 1.0059526730937773
13.02 1.2470902527075811
14.021 1.433110889110889
15.05 1.31555296404276
16.051 1.0878561438561438
17.099 1.066
18.1 0.7453506493506494
19.12 0.8092156862745098
20.13 0.7932514851485148
21.149 0.5959960745829244
22.279 0.3775646017699115
23.359 0.28373333333333334
24.509 0.22454260869565218
25.539 0.31875728155339805
26.549 0.4767207920792079
27.559 0.563809900990099
28.579 0.29243137254901963
29.639 0.4962943396226415
30.641 0.30582035928143714
31.659 0.3854616895874264
32.679 0.7246666666666667
33.689 0.7339405940594059
35.009 0.19892727272727273
36.029 0.3943686274509804
37.049 0.38625882352941177
38.249 0.36530666666666667
39.282 0.4077599225556632
40.439 0.4523975799481418
41.769 0.26331428571428567
42.839 0.29039999999999994
43.849 0.19504158415841583
45.029 0.4841084745762712
46.039 0.9554376237623762
47.059 0.8099215686274509
48.109 0.7749714285714285
49.119 0.6091485148514851
50.129 0.9938613861386139
51.149 0.7462901960784313
52.289 0.6352421052631579
53.308 0.9332208047105005
54.319 0.7840395647873393
55.329 0.9280554455445544
56.339 0.9641980198019803
57.549 0.5805487603305786
58.558 0.9882777777777778
59.559 0.9073406593406594
60.568 0.7814469772051537
61.578 0.8563722772277228
62.579 1.178869130869131
63.749 0.6693196581196581
64.758 0.5097799801783944
65.961 0.19895594347464673
66.979 0.7248172888015717
68.048 0.7875247895229186
69.219 0.7104683760683761
70.239 0.8037647058823529
71.242 0.6511026919242273
72.248 0.6071729622266402
73.388 0.49750175438596483
74.668 0.1539
75.688 0.522721568627451
76.698 0.5299168316831684
77.708 0.49306138613861383
78.718 0.7871841584158416
79.738 0.5774901960784314
80.758 0.5957098039215687
81.778 0.278956862745098
82.788 0.5363326732673268
83.789 0.7222137862137862
84.799 0.5261861386138614
85.818 0.415756624141315
86.828 0.8337584158415842
87.829 0.6232407592407592
88.858 0.5566103012633626
89.898 0.1999384615384615
90.918 0.2120549019607843
91.938 0.42166274509803925
93.019 0.4154375578168363
94.028 0.6774469772051537
95.038 0.546819801980198
96.058 0.830721568627451
97.218 0.8303586206896552
98.228 1.099160396039604
99.238 1.0471920792079208
100.248 0.9627168316831682
101.25 0.6871057884231537
102.268 0.7245186640471513
103.278 0.4098376237623762
104.288 0.28451485148514855
105.298 0.7048
106.308 0.7673663366336635
107.479 0.49301451750640474
108.488 0.7130624380574826
109.638 0.6423234782608696
110.648 0.7037940594059406
111.66 0.6920395256916997
112.668 0.7572539682539683
113.688 0.4316313725490196
114.698 0.631928712871287
115.699 0.5761278721278722
116.708 0.5803528245787909
117.728 0.35578039215686275
118.747 0.2577585868498528
119.818 0.17082352941176468
121.448 0.2415509202453988
122.468 0.7768941176470588
123.479 0.6704411473788329
124.697 0.6768275862068964
125.698 0.7457502497502497
126.708 0.670209900990099
127.84 0.1271095406360424
128.848 0.4603809523809524
129.868 0.6630431372549018
130.968 0.6954545454545455
131.979 0.7793471810089021
132.988 0.8546917740336967
134.028 0.8316769230769231
135.078 0.5996419047619047
136.098 0.44924705882352944
137.108 1.0366732673267327
138.118 0.9114529236868186
139.138 0.9333411764705882
140.178 1.1056538461538463
141.228 1.0677257142857142
142.308 1.0052222222222222
143.388 0.9025481481481481
144.399 0.6304648862512364
145.417 0.5733595284872299
146.427 0.4438019801980198
147.547 0.4267214285714286
148.548 0.6615304695304696
149.559 1.1319248269040556
150.648 0.6832249770431589
151.667 0.7020589390962672
152.858 0.6577934508816121
153.868 0.5196514851485149
154.917 0.14605910390848428
156.622 0.07687507331378299
157.779 1.3357787381158168
158.798 1.4077487733071639
159.958 1.0574551724137933
160.967 1.2163330029732409
162.148 1.0416528365791702
163.158 1.2176871287128714
164.298 0.9716771929824561
165.307 1.0834331020812686
166.718 0.7541374911410348
167.728 0.5417821782178218
168.729 0.760087912087912
169.73 1.1212387612387613
170.737 0.8687269116186693
171.838 0.867117166212534
172.857 1.2546339548577037
174.088 0.8262030869212023
175.099 1.3821483679525224
176.107 1.0641904761904761
177.277 0.6693059829059829
178.278 0.4931068931068931
179.287 0.6174588701684836
180.297 0.6687366336633663
181.307 0.46955247524752475
182.317 0.49460594059405943
183.327 0.4531247524752475
184.517 0.4898957983193277
185.538 0.9282272282076395
186.687 0.9974865100087031
187.767 1.0106814814814815
188.908 1.0465907099035932
189.917 1.0942160555004956
191.097 0.7211254237288135
192.117 0.844243137254902
193.136 0.7477448478900883
194.147 0.7120395647873392
195.217 0.49496822429906534
196.237 0.6522980392156862
197.257 0.20385882352941176
198.306 0.20035081029551954
199.917 0.19712795031055902
200.918 0.46517482517482517
201.928 0.6024633663366336
202.947 0.4050951913640824
204.127 0.16694237288135594
205.147 0.7534823529411765
206.148 1.125922077922078
207.257 1.0469395852119026
208.307 0.7559238095238094
209.487 0.8166169491525425
210.497 1.0067009900990098
211.507 1.2150732673267326
212.509 1.1953133732534929
213.517 1.092166666666667
214.518 1.2428851148851148
215.527 1.0814588701684837
216.657 0.9739115044247787
217.667 1.0935049504950496
218.677 1.2096950495049505
219.807 0.8617486725663717
220.817 1.19409900990099
222.047 0.9396357723577236
223.087 1.1125692307692308
224.116 1.2644586977648202
225.117 1.1705254745254745
226.126 1.118358771060456
227.127 1.0274365634365632
228.128 0.9649230769230769
229.136 1.1854603174603173
230.137 1.09205994005994
231.147 1.1207366336633664
232.157 0.8919207920792079
233.166 0.5176848364717542
234.187 0.8306523016650343
235.196 1.0300812685827552
236.198 1.0759760479041915
237.366 0.9901917808219178
238.536 1.265620512820513
239.687 1.368535186794092
240.697 1.1080633663366337
241.767 0.9054429906542056
242.777 1.1060198019801981
243.787 0.9998415841584158
244.788 0.9652587412587412
245.797 0.8736967294350841
246.817 0.9317019607843138
247.827 1.0614019801980197
248.837 1.0202656095143707
249.856 0.8815073601570167
250.857 0.8055384615384616
251.986 0.9290487156775907
253.147 0.9631076658053402
254.387 1.0812
255.506 0.9054012511170688
256.507 1.1726353646353647
257.508 0.9951168831168831
258.727 0.8486890894175553
259.728 1.1648751248751248
260.747 1.116153091265947
261.757 1.1500673267326733
262.766 1.0729038652130822
263.787 0.8581155729676787
264.936 0.9944856396866841
265.946 1.1902336633663366
266.957 0.9966528189910978
268.096 0.9425531167690957
269.097 1.1827372627372625
270.098 1.0932027972027971
271.107 1.0109811694747275
272.266 0.8685349439171699
273.267 1.1988731268731267
274.276 1.00011100099108
275.677 0.8020042826552463
276.686 1.014017839444995
277.816 0.848941592920354
279.016 1.0791333333333335
280.186 1.0000957264957264
281.326 0.969459649122807
282.367 0.9893102785782902
283.526 0.9112407247627266
284.716 0.9634516400336418
285.806 0.9433027522935781
286.816 0.948570297029703
287.826 0.7140673267326733
288.856 0.9057631067961165
289.865 0.7549494549058473
290.896 0.4351270611057226
291.906 0.5733069306930693
293.026 0.7138357142857142
294.086 0.8865811320754717
295.096 1.0386759167492565
296.275 1.1427175572519084
297.276 1.3966913086913086
298.466 0.9084168067226891
299.606 0.8148561403508773
300.816 1.1372297520661159
301.826 1.2045861386138614
302.837 0.763457962413452
303.84 0.8665124626121635
304.842 1.202299401197605
305.846 1.1204780876494023
306.847 1.0603636363636362
307.946 0.6341328480436761
308.956 0.741639603960396
309.957 0.41199600399600395
310.976 0.4162512266928361
311.985 0.46859068384539143
313.026 0.31538904899135445
314.13 0.11872463768115941
322.187 0.006174010177485417
323.278 0.47464711274060495
324.288 0.6285544554455446
325.338 0.6548038095238095
326.588 0.8055104
327.589 1.0052907092907093
328.59 1.3544695304695307
329.598 1.3077301587301589
330.817 1.128695652173913
331.838 1.2182252693437807
332.938 1.1169745454545454
333.948 1.2440554455445543
334.968 1.2681490196078433
335.978 1.2986613861386136
336.979 1.2994365634365634
337.987 1.188468253968254
339.008 0.9661194906953966
340.009 1.2817822177822176
341.268 0.9269070691024622
342.27 1.3068263473053892
343.327 0.978709555345317
344.328 1.1813546453546453
345.329 1.180803196803197
346.348 1.1174798822374876
348.259 0.31206698063840926
349.397 0.0865518453427065
350.457 0.25500377358490567
351.468 0.41134718100890205
352.477 0.6268463825569871
353.478 0.9963556443556444
354.638 0.8960896551724138
355.659 1.1470009794319294
356.66 1.3429770229770228
357.661 1.233902097902098
358.738 1.2465663881151348
359.897 0.8051354616048318
360.957 0.8415471698113207
362.097 0.8676771929824562
363.098 1.1802037962037961
364.197 0.9847643312101911
365.208 1.2876518298714146
366.216 0.8749603174603175
368.357 0.09200934142923868
369.457 0.08954181818181818
370.557 0.10842181818181817
371.737 0.4884406779661017
372.747 0.728229702970297
373.769 0.49245401174168296
374.787 0.4737681728880157
375.808 0.44474045053868755
376.837 0.5602332361516035
377.937 0.4940509090909091
378.957 0.5495058823529412
379.996 0.4845274302213667
381.007 0.28279327398615234
382.307 0.3260430769230769
383.397 0.4791045871559633
384.407 0.6231920792079207
385.427 0.43990588235294115
386.497 0.18222056074766355
387.578 0.5836891766882516
388.597 1.0536133464180568
389.705 1.0560216606498194
390.707 1.2704590818363275
391.717 1.2948039603960395
392.721 0.9799521912350597
393.727 1.0211292246520876
394.857 0.7241840707964602
395.867 1.1111049504950496
397.087 0.8184262295081967
398.257 1.2034188034188034
399.266 0.998031746031746
400.267 0.9355284715284716
401.276 0.9623230921704657
402.297 0.7774730656219393
403.328 0.3473365664403492
404.346 0.46037721021611
405.546 0.7430333333333333
406.556 0.7217821782178218
407.586 0.5800932038834951
408.596 0.5464871287128712
409.617 0.6310832517140059
410.646 0.6194130223517978
411.659 0.394798418972332
412.666 0.5001552238805971
413.676 0.422590099009901
414.686 0.38713663366336637
415.756 0.3762467289719626
416.757 0.36079120879120885
417.786 0.29767930029154516
418.806 0.3111529411764706
420.186 0.19996521739130435
421.196 0.39756831683168314
422.217 0.1910519098922625
423.346 0.22404960141718333
424.376 0.19125436893203884
425.436 0.1343456090651558
431.266 0.016135849056603774
432.297 0.09553443258971872
433.686 0.1339438444924406
434.957 0.12915814319433516
436.006 0.07763584366062917
437.046 0.10336923076923077
438.076 0.19125436893203884
439.317 0.2895793714746172
440.376 0.17568271954674222
441.407 0.12737924345295829
442.426 0.21479882237487732
443.576 0.09049043478260871
444.596 0.16094117647058823
445.976 0.1665391304347826
446.986 0.17181782178217822
447.996 0.3250693069306931
450.516 0.03474285714285714
451.726 0.15202644628099174
453.736 0.11434029850746269
454.805 0.15356407857811039
455.816 0.37584158415841584
456.826 0.39013861386138615
457.945 0.5030277033065237
458.955 0.422590099009901
460.145 0.16096134453781513
461.165 0.33261176470588233
462.866 0.13817283950617285
464.045 0.5050517387616624
465.105 0.24778867924528306
466.346 0.11464302981466559
467.796 0.21804137931034484
468.935 0.11530114135206321
470.356 0.21670372976776917
471.625 0.4274105594956659
472.655 0.44626019417475726
473.665 0.2761108910891089
474.696 0.27127061105722605
475.785 0.19094214876033058
476.845 0.18584150943396227
508.644 0.0006883235321865468
509.645 0.3336983016983017
510.765 1.1969785714285717
511.905 1.4122315789473685
513.045 1.4568287971905178
514.046 1.6196123876123876
515.065 1.319207065750736
516.226 1.4433143841515934
517.265 1.5913070259865256
518.305 2.0485692307692305
519.307 1.8778421578421578
520.325 1.7574695481335951
521.485 1.326757549611734
522.655 2.108704273504274
523.66 1.9013651741293531
524.745 1.6279519852262236
525.934 1.7166223717409588
526.935 1.9205274725274726
528.124 1.2055710681244742
529.135 1.2459663699307617
530.165 1.3104233009708737
531.174 1.332079365079365
532.194 1.045435294117647
533.204 1.155619801980198
534.214 0.9742178217821782
535.285 1.0075891690009335
536.424 0.9752765583845477
537.428 1.189585657370518
538.544 1.9155197132616488
539.545 2.0063776223776224
540.564 2.09829244357213
541.724 1.4040206896551723
542.785 1.879426955702168
543.786 2.11972027972028
544.994 1.0768145695364237
545.995 1.5548051948051949
546.996 1.5120079920079919
548.034 1.1881001926782273
549.035 1.3587292707292706
550.114 1.4352103799814642
551.174 1.4052679245283017
552.184 1.565378217821782
553.195 1.413736894164194
554.205 1.4622257425742575
555.206 1.5139340659340659
556.207 1.6999960039960038
557.214 1.533656405163853
558.314 1.4101527272727272
559.315 2.0028611388611393
560.364 1.5158665395614872
561.365 1.7587852147852148
562.366 1.624991008991009
563.503 1.7200422163588391
564.514 1.5578476755687438
565.515 1.4168071928071928
566.516 1.9834805194805194
567.517 1.4856743256743257
568.524 1.45761271102284
569.525 1.8832767232767231
570.724 1.4175546288573813
571.765 1.9218290105667626
572.805 1.823576923076923
573.806 1.9664895104895106
574.904 1.3317085610200365
576.034 1.6088991150442478
577.333 1.1935458044649732
578.334 1.1300619380619379
579.335 1.5787572427572427
580.364 1.1653333333333333
581.373 1.2596551040634292
582.374 1.0779060939060938
583.583 0.7125690653432589
584.584 1.2289950049950051
585.585 0.9423536463536464
586.586 0.5694865134865135
587.683 0.29979216043755696
588.685 1.0431057884231536
589.694 1.0177601585728444
590.703 1.0930901883052526
591.713 0.6080633663366336
592.714 0.5645874125874125
593.724 0.5508752475247525
594.733 0.8557938553022794
596.193 0.9518849315068493
597.203 0.9576079207920791
598.213 1.0022019801980198
599.215 0.8186826347305389
600.353 0.9665307557117752
601.604 1.064415667466027
602.983 0.9357505438723712
604.043 1.0161584905660377
605.173 0.7260884955752213
606.253 0.7870518518518519
607.283 0.8000699029126214
608.423 0.7013263157894737
609.505 0.33842513863216267
610.523 0.4940825147347741
611.66 0.6878029903254178
612.733 0.8447791239515378
613.776 0.6265541706615533
615.523 0.09115693012600229
616.543 0.3755294117647059
617.544 0.6855544455544456
618.554 1.2752712871287128
619.683 1.4082267493356952
620.684 1.249118881118881
621.885 0.8421315570358036
622.893 1.3952380952380952
623.983 1.1741504587155964
624.985 1.0604071856287427
625.992 0.9751976166832175
627.003 0.8939505440158259
628.004 0.8853546453546453
629.013 0.7010505450941527
630.033 0.8589176470588235
631.043 0.7136396039603959
632.044 1.1981618381618382
633.053 0.975230921704658
634.093 0.9346692307692308
635.113 0.7703372549019608
636.223 0.8338666666666666
637.232 0.9217284440039644
638.243 0.527944609297725
639.252 0.6251258671952429
640.373 0.7128278322925959
641.563 1.0252571428571426
642.573 0.8886495049504951
643.583 0.5301148514851485
644.673 0.5783853211009173
645.683 0.5949782178217822
646.692 0.7378790882061448
647.703 1.0555964391691397
648.723 1.0108941176470587
649.732 0.9227591674925669
650.733 0.7451028971028971
651.753 0.9037960784313726
652.776 0.658674486803519
653.993 0.43335526315789474
655.003 0.6637148514851485
656.004 0.7428571428571429
657.084 0.5756666666666665
658.103 0.9324514229636899
659.112 0.7217680872150644
660.122 0.87950099009901
661.162 0.6801384615384616
662.192 0.8817631067961165
663.312 0.5611785714285714
664.322 0.6633821782178219
665.332 0.6592079207920791
666.342 0.6186613861386138
667.352 0.6622257425742574
668.453 0.7428301544050864
669.523 0.5807327102803739
670.623 0.46760727272727276
671.702 0.12879332715477293
672.732 0.2656310679611651
673.742 0.6761742574257426
674.752 0.5710495049504951
675.753 0.7414745254745254
676.962 0.6351430934656741
677.964 0.8255089820359282
678.972 0.7275317460317461
679.982 0.9443722772277228
680.983 0.8070969030969031
682.013 0.742042718446602
683.022 0.8710247770069376
684.042 0.6140470588235293
685.043 0.7217022977022978
686.072 0.6097803692905733
687.073 0.8235684315684316
688.082 0.8528681863230921
689.292 0.31676033057851244
690.322 0.6052504854368932
691.362 0.4535
692.382 0.6759529411764706
693.391 0.5714603174603174
694.412 0.5833653281096964
695.612 0.27781333333333336
696.652 0.4209230769230769
697.682 0.3619184466019418
698.701 0.5771776251226692
699.712 0.5944292779426311
700.732 0.6485254901960784
701.752 1.0668235294117645
702.922 0.5911042735042734
703.943 0.845335945151812
705.042 0.9559672429481346
706.043 0.9198161838161839
707.061 0.4772102161100196
708.072 0.2597982195845697
709.082 0.20862574257425742
710.091 0.27115956392467794
711.101 0.32542574257425744
712.102 0.6407352647352648
713.112 0.6316673267326733
714.121 0.30524479682854305
715.131 0.44486336633663365
716.172 0.4536791546589818
717.201 0.7912303206997086
718.211 0.5887683168316831
719.212 0.5575864135864136
720.231 0.35871246319921496
721.242 0.32451038575667657
722.662 0.30207323943661973
723.692 0.5206368932038835
724.712 0.5185254901960784
725.721 0.4746481665014866
726.751 0.5418873786407766
727.752 0.5496183816183816
728.762 0.6468910891089109
729.791 0.6917162293488824
730.821 0.48984077669902903
731.972 0.4021894005212858
732.991 0.39737782139352307
734.001 0.3567841584158416
735.081 0.3752962962962963
736.261 0.44896949152542376
737.401 0.4674456140350877
738.411 0.5552712871287128
739.431 0.6394431372549021
740.441 0.4521980198019802
741.451 0.4866930693069307
742.463 0.6419367588932806
743.482 0.592604514229637
744.491 0.5028503468780972
745.511 0.5678901960784313
746.531 0.6026039215686274
747.541 0.5597782178217822
748.561 0.6022431372549019
749.562 0.8037722277722278
750.571 0.5894707631318137
751.661 0.4134532110091743
752.711 0.5371428571428571
753.721 0.7860594059405941
754.731 0.7419247524752475
755.741 0.7027089108910891
756.751 0.5475009900990099
757.771 0.40150588235294116
758.811 0.3201461538461538
759.812 0.6365954045954046
760.831 0.8642590775269873
761.851 0.5703764705882353
762.861 0.4009821782178218
763.87 0.2692487611496532
764.881 0.49311177052423333
765.991 0.4275099099099099
767.001 0.49843960396039605
768.011 0.5149782178217822
769.042 0.5195266731328807
770.061 0.5311010794896958
771.081 0.5669411764705883
772.091 0.6468118811881188
773.111 0.4528156862745098
774.13 0.5923768400392542
775.14 0.3847207920792079
776.15 0.34674059405940594
777.171 0.34062745098039215
778.191 0.5585882352941177
779.351 0.4896965517241379
780.521 0.42434188034188036
781.53 0.42300891972249755
782.54 0.4329346534653465
783.541 0.42646953046953046
784.55 0.6437185332011893
785.551 0.43692307692307686
786.581 0.46751067961165044
787.591 0.459390099009901
788.6 0.5333042616451932
789.611 0.4444233432245302
790.644 0.5155469506292353
791.811 0.22522707797772065
792.841 0.3825087378640777
793.861 0.4082980392156863
794.88 0.38195093228655547
795.9 0.4084784313725491
797.05 0.4141773913043479
798.07 0.5635450980392157
799.081 0.525895153313551
800.11 0.5874596695821185
801.13 0.5172392156862746
802.14 0.7393267326732673
803.15 0.6689980198019801
804.16 0.5594059405940595
805.17 0.5694891089108911
806.182 0.6281581027667984
807.202 0.5183058823529411
808.21 0.43413492063492065
809.23 0.5521176470588235
810.27 0.5177999999999999
811.29 0.5640078431372549
812.33 0.6851076923076923
813.34 0.8104895936570862
814.36 0.5410823529411766
815.37 0.5112712871287128
816.57 0.6831666666666667
817.71 0.7599649122807018
818.72 0.7064950495049505
819.79 0.7422878504672897
820.8 0.6691960396039603
821.801 0.7174265734265735
822.81 0.40616055500495546
823.821 0.5066508407517311
824.83 0.5056650148662042
825.84 0.4618376237623762
826.86 0.5364705882352941
827.87 0.3052277227722772
828.871 0.5406273726273727
829.881 0.9872554455445544
830.91 0.9784956268221573
832.0 0.7299743119266056
833.17 0.9489435897435897
834.18 1.119920792079208
835.19 1.2643009900990099
836.39 1.0566466666666667
837.4 0.9714217821782178
838.41 0.8520237623762376
839.42 0.9211722772277228
840.421 0.7777422577422578
841.53 0.8079783588818756
842.56 0.9018252427184466
843.75 0.657546218487395
844.779 0.3883381924198251
845.84 0.4858812441093308
847.0 0.695048275862069
848.03 0.731378640776699
849.04 0.5885623762376238
850.041 0.8722797202797203
851.189 0.677142857142857
852.21 0.3433411764705882
853.219 0.23017641228939545
854.349 0.334612389380531
855.37 0.4609128305582762
856.38 0.5339247524752474
857.41 0.4842485436893204
858.44 0.41409708737864076
859.45 0.4651009900990099
860.459 0.695643211100099
861.479 0.5481725490196078
862.489 0.6041188118811881
863.499 0.3684118811881188
864.509 0.354019801980198
865.53 0.32070519098922623
866.54 0.49843960396039605
867.559 0.33472031403336605
868.589 0.24438058252427186
869.619 0.23851650485436893
870.789 0.4209230769230769
871.809 0.27795294117647057
872.829 0.23604705882352944
874.029 0.17672666666666664
875.048 0.23627870461236505
876.059 0.23814836795252226
877.209 0.1469913043478261
878.239 0.1275029126213592
879.249 0.17337029702970297
880.25 0.24052747252747253
881.269 0.22131501472031403
882.309 0.34726153846153845
883.329 0.16795294117647058
884.36 0.2335286129970902
885.38 0.1448156862745098
886.419 0.2843965351299326
887.429 0.2362059405940594
888.459 0.31875728155339805
889.479 0.3157098039215686
890.509 0.4139650485436893
891.529 0.3550745098039216
892.669 0.4128
893.699 0.22940582524271844
894.709 0.2915405940594059
895.719 0.31231683168316826
896.889 0.22617435897435897
897.949 0.2374641509433962
899.554 0.08166479750778817
900.729 0.2691472340425532
901.759 0.1700038834951456
902.779 0.2253176470588235
903.799 0.27290196078431367
904.839 0.31569230769230766
905.84 0.14920279720279722
906.869 0.26588921282798833
907.959 0.20888807339449544
908.989 0.20187961165048543
910.019 0.21250485436893202
911.069 0.1825447619047619
912.128 0.25835694050991503
913.139 0.16253465346534654
914.169 0.13812815533980582
915.229 0.10346415094339623
916.349 0.10748571428571428
917.36 0.4762967359050445
918.369 0.45649157581764116
919.379 0.3596673267326732
920.549 0.3679452991452991
921.559 0.41175445544554456
922.609 0.33098666666666665
923.709 0.31063999999999997
924.749 0.31569230769230766
925.759 0.3132435643564356
926.779 0.5579294117647059
927.789 0.4455128712871287
928.799 0.6609742574257427
929.829 0.34472233009708736
930.889 0.480188679245283
931.919 0.4528621359223301
932.929 0.6009029702970298
933.948 0.5910736015701669
934.969 0.7556043095004898
936.018 0.6165795996186845
937.019 0.7211428571428572
938.029 0.7322217821782179
939.038 0.6318176412289396
940.079 0.4437425552353506
941.099 0.3755294117647059
942.159 0.14972075471698112
943.178 0.23627870461236505
944.198 0.1624156862745098
945.239 0.16820749279538905
946.278 0.2527969201154957
947.304 0.3147056530214425
948.328 0.4320625
949.368 0.38935384615384616
950.398 0.21960388349514562
951.399 0.36079120879120885
952.408 0.6351397423191278
953.431 0.5314799608993158
954.439 0.7249841269841271
955.44 0.7310529470529471
956.449 0.8884519326065412
957.478 0.6894305150631682
958.508 0.6319300970873787
959.518 0.6409188118811882
960.548 0.4225398058252427
961.568 0.4839921568627451
962.578 0.450740594059406
963.758 0.3460338983050847
964.798 0.30516923076923075
965.799 0.39116883116883117
966.818 0.43053974484789004
967.838 0.3238274509803921
968.878 0.1999384615384615
970.018 0.18880701754385965
971.028 0.4550970297029703
972.048 0.5542901960784313
973.148 0.48273454545454547
974.158 0.6501386138613862
975.168 0.5454178217821782
976.318 0.9421982608695652
977.319 1.0184295704295705
978.428 0.7893742110009017
979.499 0.8652698412698413
980.548 0.963210676835081
981.568 0.9507831207065751
982.579 0.9487082096933729
983.938 0.9264576894775569
984.948 0.9924435643564357
985.978 0.8021126213592233
986.979 1.2667652347652347
987.98 1.2931868131868132
988.999 1.0817899901864572
990.0 1.3127672327672328
991.008 0.9728730158730159
992.018 0.969449504950495
993.019 0.8721678321678322
994.028 1.4590287413280476
995.208 1.0350033898305084
996.218 1.1805544554455447
997.228 1.1622732673267324
998.229 1.1962597402597404
999.378 1.157549173194082
1000.388 1.325441584158416
1001.389 1.1543896103896103
1002.398 1.3405193260654114
1003.407 1.2373359762140734
1004.538 1.0605198938992042
1005.548 0.987770297029703
1006.557 1.0217879088206143
1007.712 1.1834112554112557
1008.718 1.197065606361829
1009.738 0.8042666666666666
1010.748 0.7052435643564356
1011.938 0.9887932773109244
1013.098 1.0880413793103447
1014.117 1.0024730127576056
1015.248 0.9306666666666666
1016.249 1.421882117882118
1017.257 1.042515873015873
1018.258 0.9643076923076923
1019.267 0.7160673934588702
1020.277 0.5923089108910891
1021.467 0.47592605042016806
1022.497 0.6446990291262137
1023.517 0.8073098039215686
1024.518 0.7677522477522478
1025.528 0.9069940594059406
1026.547 0.40472620215897936
1027.597 0.1805104761904762
1028.757 0.39295862068965515
1029.767 0.422590099009901
1030.797 0.3506330097087379
1034.597 0.019073684210526316
1039.737 0.025550194552529184
1040.767 0.32938252427184467
1041.807 0.5128
1042.847 0.41187692307692303
1043.857 0.39008316831683165
1054.178 0.00908284080999903
1055.187 0.8448840436075322
1056.188 0.848031968031968
1057.407 0.8148777686628385
1058.427 0.9111137254901961
1059.436 0.8047333994053518
1060.568 0.5706925795053004
1061.577 0.7575579781962338
1062.797 0.5996655737704918
1063.807 0.8073108910891089
1064.897 0.5247779816513762
1065.907 0.7438336633663366
1066.917 0.7408554455445544
1068.028 0.7611449144914492
1069.067 0.8103022136669876
1070.097 0.5136776699029126
1071.136 0.6224754571703561
1072.146 0.6684003964321111
1073.148 0.6647744510978044
1074.376 0.7872377850162866
1075.388 0.5850434782608697
1076.607 0.6170500410172273
1077.746 0.8081264266900791
1079.066 0.7620121212121213
1080.077 0.9341800197823936
1081.137 0.720120754716981
1082.357 0.9556459016393444
1083.427 0.9973657623947613
1084.526 0.9665222929936306
1085.687 0.9219431524547804
1086.746 1.0515429650613786
1087.767 1.1286738491674828
1088.776 1.1266521308225965
1089.777 1.220947052947053
1090.786 1.2102675916749255
1091.789 1.3074057826520438
1092.792 1.1139780658025922
1093.797 1.0976
1094.799 1.0832734530938124
1095.986 0.8304566133108677
1096.987 0.9928951048951049
1097.997 1.2635009900990097
1099.156 0.8905815358067299
1100.157 1.1472847152847152
1101.166 1.2128364717542122
1102.167 1.2106933066933068
1103.176 1.2181803766105055
1104.181 1.1329671641791044
1105.296 1.232760538116592
1106.406 0.856972972972973
1107.417 1.0716122650840754
1108.486 1.2619869036482694
1109.717 1.3389244516653127
1110.718 1.1345534465534466
1111.776 0.7434782608695653
1112.777 1.2481118881118882
1113.778 1.1852067932067933
1114.908 0.8975716814159292
1115.917 1.1859603174603173
1116.926 1.2401823587710605
1118.126 0.91092
1119.127 1.0713606393606394
1120.247 0.9413857142857143
1121.426 0.8792603901611534
1122.446 0.935035294117647
1123.686 0.812174193548387
1124.926 0.7938774193548387
1125.927 1.218085914085914
1126.936 1.0662358771060456
1127.956 1.0718117647058825
1129.126 0.8867555555555556
1130.137 1.0937052423343225
1131.147 1.1744792079207922
1132.175 0.7971906614785992
1133.186 0.497946587537092
1134.187 0.8505574425574426
1135.276 1.0079706152433425
1136.286 1.1703128712871287
1137.296 0.9000950495049505
1138.306 1.2597544554455447
1139.309 0.8993419740777667
1140.315 1.1334870775347914
1141.336 0.840658178256611
1142.486 0.8786365217391304
1143.647 0.9574827586206897
1144.847 0.8533200000000001
1145.868 0.7792517140058766
1146.885 0.5661907571288102
1147.906 0.37588246816846227
1148.911 0.5737950248756218
1150.016 0.9187113122171945
1151.216 1.1623266666666665
1152.256 0.9731153846153847
1153.267 0.9716953511374876
1154.276 1.0002775024777006
1155.277 1.0403676323676323
1156.286 1.0089910802775026
1157.295 0.9670485629335976
1158.385 1.0974385321100917
1159.595 0.9154181818181818
1160.805 1.0324826446280992
1161.936 0.8881768346595933
1163.156 0.9228918032786885
1164.166 1.0514376237623764
1165.168 0.9109620758483035
1166.175 0.8804051638530288
1167.226 1.0947136060894387
1168.227 1.1962997002997005
1169.276 1.1927702573879884
1170.335 1.13433805476865
1171.336 1.1568591408591409
1172.375 1.1458017324350338
1173.515 1.2667578947368423
1174.526 1.0248229475766568
1175.535 0.9951397423191279
1176.536 1.2975104895104896
1177.706 0.9787623931623932
1178.746 1.4094923076923078
1179.747 1.8169350649350648
1180.755 1.2482936507936508
1181.756 1.232807192807193
1183.085 0.5421339352896914
1184.086 1.023144855144855
1185.09 0.9429641434262949
1186.064 1.0432443531827518
