0.0 0.06315956392467789
1.033 0.3511782945736434
2.04 0.5216603773584906
3.049 1.3797819623389496
4.169 1.6697357142857143
5.189 0.916
6.261 0.7244701492537314
7.262 1.3717722277722277
8.266 0.8901274900398406
9.28 0.9616725838264301
10.281 0.7963716283716284
11.469 1.191771043771044
12.87 0.7405657142857144
13.889 1.492325809617272
14.89 1.3384055944055944
15.909 0.7596467124631993
16.918 0.852432111000991
18.13 0.6057689768976897
19.139 0.8074132804757186
20.264 0.8135822222222222
21.289 0.5985639024390245
22.299 0.40925148514851484
23.309 0.5388831683168316
24.469 0.4973379310344827
25.479 0.5763326732673268
26.579 0.5009454545454546
27.589 0.5201108910891089
28.599 0.3946376237623762
29.609 0.39195247524752475
30.629 0.3433411764705882
31.649 0.22569411764705882
32.699 0.23972571428571426
33.709 0.17871683168316832
34.779 0.2352448598130841
35.799 0.19312941176470588
36.809 0.2707247524752475
37.819 0.9491009900990098
38.839 1.1082196078431372
39.84 1.0815504495504495
40.929 1.0981597796143252
41.939 1.2000396039603962
43.029 0.9343119266055047
44.209 0.8783796610169492
45.219 1.0857029702970296
46.32 0.6080871934604904
47.329 1.013986124876115
48.69 0.426139603232917
49.699 0.578743310208127
50.719 0.45296470588235294
51.729 0.4845861386138614
52.759 0.4325126213592233
53.782 0.6723597262952101
54.879 0.5608905109489051
55.899 0.7391764705882353
56.918 0.3544180569185476
57.938 0.32648627450980394
58.978 0.2315076923076923
59.989 0.2023580613254204
61.159 0.523391452991453
62.279 0.5275
63.299 0.6200156862745098
64.309 0.8278495049504951
65.339 0.7652893203883496
66.379 0.33673846153846154
67.398 0.39727576054955843
68.399 0.6674285714285714
69.42 0.4073183153770813
70.429 0.24510604558969276
71.478 0.14605910390848428
72.818 0.049002985074626866
73.829 0.22732344213649852
74.833 0.42985657370517927
75.909 0.8521486988847584
76.938 1.1231098153547134
77.949 0.7154500494559842
78.958 1.0730782953419227
79.969 0.633946587537092
80.978 0.6778196233894945
81.988 0.744110891089109
82.989 1.0147292707292708
84.009 0.8993725490196078
85.028 0.7799725220804711
86.029 0.891084915084915
87.038 0.9595877106045589
88.039 0.7272807192807192
89.071 0.402968992248062
90.078 0.6907090367428004
91.098 0.9394745098039216
92.099 0.8490309690309691
93.109 0.8127287128712871
94.118 0.6327215064420219
95.179 0.7742657869934024
96.278 1.0985477707006368
97.438 0.9252068965517242
98.468 0.6362951456310679
99.518 0.37522285714285714
100.688 0.24439658119658117
101.698 0.8932831683168317
102.768 0.9577869158878505
103.778 0.9302099009900989
104.818 0.7040923076923078
106.068 0.7373376
107.069 0.7243956043956044
108.078 0.6946521308225966
109.098 0.6096313725490197
110.11 0.6083715415019763
111.118 0.5048095238095238
112.158 0.41820769230769234
113.19 0.23450387596899225
114.318 0.1261276595744681
115.328 0.24252673267326735
116.338 0.3142336633663367
117.348 0.2383841584158416
118.368 0.21407058823529412
119.388 0.3111529411764706
120.438 0.31261714285714287
121.678 0.23606451612903226
122.698 0.3111529411764706
123.718 0.21458823529411764
124.728 0.23002772277227723
125.748 0.3896862745098039
126.768 0.450635294117647
127.788 0.2971607843137255
128.827 0.3213320500481232
129.828 0.5483956043956044
130.848 0.6514588235294119
131.868 0.5472
132.878 0.5134415841584159
133.898 0.5679607843137255
135.048 0.37849043478260874
136.087 0.27386333012512026
137.188 0.2937765667574932
138.208 0.26823529411764707
139.327 0.20744235924932974
140.328 0.4263896103896104
141.557 0.4185256305939789
142.698 0.4834496056091148
143.748 0.6649447619047619
144.758 0.5851247524752475
145.767 0.3677066402378593
146.787 0.4077176470588235
147.798 0.27057566765578633
148.817 0.36515799803729143
149.857 0.2714923076923077
150.868 0.4442613861386139
151.898 0.5741203883495145
152.917 0.40308537782139353
153.927 0.4550970297029703
154.937 0.31283168316831683
155.967 0.37188349514563107
156.977 0.3431920792079208
157.997 0.3004235294117647
159.027 0.33607766990291266
160.047 0.4120392156862745
161.058 0.9435647873392681
162.247 0.4845550883095038
163.367 0.5203142857142857
164.42 0.5454510921177588
165.428 0.650984126984127
166.438 0.7044910891089108
167.467 0.6932633624878523
168.477 0.5208396039603961
169.507 0.799464077669903
170.517 0.7946138613861387
171.528 0.5480435212660731
172.547 0.4350461236506379
173.557 0.5959603960396039
174.567 0.5045782178217822
175.588 0.4426327130264447
176.597 0.6908146679881071
177.827 0.6840650406504065
178.837 0.8561029702970298
179.867 0.6530951456310679
180.868 0.7257382617382617
182.127 0.4459857029388404
183.157 0.40375922330097086
184.197 0.284123076923077
185.217 0.19938823529411762
186.367 0.09516521739130436
187.388 0.16078354554358473
188.389 0.398977022977023
189.588 0.4993160967472894
190.597 0.7742160555004954
191.607 0.6408396039603961
192.627 0.5724862745098039
193.637 0.4096475247524753
194.648 0.8903026706231455
195.687 0.5622406159769008
196.707 0.8187372549019608
197.708 0.5893866133866134
198.877 0.8228023952095809
200.389 0.7544285714285714
201.397 0.7207142857142856
202.407 0.8900435643564357
203.408 0.8151128871128872
204.431 0.6705141739980449
205.497 0.1977110694183865
206.517 0.415278431372549
207.518 0.9569710289710289
208.527 1.1332487611496531
209.537 1.4317069306930692
210.557 0.9909568627450981
211.707 0.8872417391304348
212.877 0.7942017094017094
214.007 0.8778831858407079
215.147 0.7870105263157895
216.208 0.8790348727615457
217.217 1.2024975222993062
218.227 0.8929425742574256
219.297 0.9833196261682243
220.307 1.1892673267326732
221.397 1.0618348623853209
222.437 1.2719153031761308
223.438 1.4137302697302698
224.439 1.3561798201798203
225.557 0.9507620751341682
226.558 1.3747852147852146
227.656 0.8884371584699453
228.667 1.2552007912957468
229.678 1.332272997032641
230.747 0.9396145930776426
231.748 1.19223976023976
232.757 1.1270089197224975
233.758 1.2587972027972028
234.766 1.147761904761905
236.187 0.8855847994370162
237.188 1.2636563436563435
238.189 1.083836163836164
239.377 0.8578989898989899
240.506 0.8307670504871568
241.516 0.915809900990099
242.687 0.47017591801878733
243.697 0.8391445544554456
244.707 0.7823445544554456
245.717 0.9633267326732674
246.737 0.7553333333333333
247.757 0.8908705882352941
248.767 0.8906217821782177
249.866 0.5513375796178345
250.886 0.7123607843137255
251.896 0.6479207920792078
253.047 0.40232841007819287
254.056 0.5292606541129831
255.066 0.43536633663366336
256.086 0.45949803921568627
257.087 0.48577022977022977
258.107 0.6652235294117647
259.116 0.3924995044598613
260.126 0.6103920792079208
261.147 0.6276356513222331
262.166 0.5583591756624141
263.176 0.23233267326732673
266.049 0.1066592412112774
267.056 0.7694458788480636
268.207 0.5062450043440486
269.216 0.9381486620416254
270.226 0.9207049504950495
271.236 0.8724118811881189
272.246 0.967540594059406
273.276 1.0515650485436892
274.277 1.440127872127872
275.287 1.082819801980198
276.296 1.0440832507433102
277.297 1.2302497502497503
278.306 0.9986521308225967
279.307 0.7136383616383617
280.316 0.8491417244796828
281.556 0.37896129032258064
282.566 0.6567920792079208
283.596 0.6253514563106796
284.605 0.422802775024777
285.616 0.6603046488625125
286.626 0.6124990099009902
287.627 0.737926073926074
288.796 0.5530744225834047
289.816 0.4508549019607843
290.836 0.7795843137254902
291.996 0.6400551724137932
293.006 0.7771564356435644
294.015 0.7858156590683846
295.016 0.7402037962037962
296.116 0.5993454545454546
297.126 0.8141386138613862
298.136 0.631239603960396
299.347 0.7321816680429397
300.506 0.7641276962899051
301.696 0.7754084033613445
302.895 0.8314395329441201
303.906 0.8958336633663366
304.915 0.7312983151635283
305.926 0.9386745796241345
306.996 0.7045831775700935
308.006 0.8578077304261645
309.226 0.7392590163934426
310.227 0.9644275724275724
311.246 0.5904926398429833
312.266 0.9090117647058823
313.426 0.6801931034482759
314.43 0.7431872509960159
315.465 0.3700869565217391
316.476 0.35811671612265084
317.495 0.6541472031403337
318.505 0.6254178217821782
319.525 0.5739215686274509
320.526 0.4926673326673327
321.535 0.5305847373637265
322.545 0.7222574257425742
323.555 0.3792475247524753
324.565 0.3999128712871287
325.575 0.740071287128713
326.585 0.7668831683168316
327.595 0.6598336633663366
328.616 0.476873653281097
329.625 0.8845431119920714
330.635 0.6079207920792079
331.645 0.5736792079207922
332.655 0.6867881188118812
333.765 0.6400576576576575
334.775 0.7330534653465346
335.786 0.761353115727003
336.875 0.5638200183654729
337.886 0.5068328387734915
338.895 0.6907195242814668
339.905 0.7854495049504949
340.915 0.6846574257425742
341.935 0.5359450980392158
342.955 0.7072470588235295
343.976 0.6050617042115572
344.995 0.677440628066732
346.326 0.4295897821187077
347.335 0.46639444995044593
348.346 0.45218595450049454
349.445 0.5052010919017288
350.455 0.6198732673267328
351.885 0.33556363636363634
352.915 0.4962407766990291
359.668 0.0013351103213386643
360.678 0.6755326732673267
361.958 0.61356875
362.988 0.2656310679611651
364.009 0.1715024485798237
365.038 0.1849251700680272
366.078 0.24203076923076924
367.118 0.33673846153846154
368.25 0.16162544169611306
369.509 0.13919236883942768
370.538 0.4041516034985423
371.548 0.399580198019802
372.568 0.2776
373.588 0.2558666666666667
374.609 0.2896941176470588
375.628 0.2669519136408243
376.658 0.24438058252427186
377.668 0.17417029702970296
378.698 0.18062912621359223
379.718 0.15519999999999998
380.778 0.12389433962264153
381.948 0.18707692307692306
382.978 0.23817475728155343
383.998 0.8550117647058824
385.008 0.7048237623762376
386.025 0.5057699115044247
387.108 0.09265373961218835
388.208 0.29104
389.408 0.3855466666666667
390.422 0.453301775147929
391.438 0.4030157480314961
392.449 0.5304213649851632
393.598 0.2960208877284595
394.618 0.35407058823529414
395.627 0.36877700693756194
396.648 0.3149618021547502
397.649 0.4373226773226774
398.678 0.344684159378037
399.748 0.3067065420560747
400.798 0.35437714285714284
401.828 0.29320388349514565
402.857 0.37224489795918364
403.878 0.30103819784524977
404.888 0.37962338949454905
405.928 0.22566153846153847
406.948 0.31848627450980393
407.958 0.3684118811881188
408.968 0.3332752475247525
409.969 0.3739380619380619
410.987 0.43563064833005893
411.998 0.5013808110781405
413.009 0.5954579624134521
414.138 0.5819379982285208
415.327 0.5259276703111859
416.338 0.6132858555885262
417.347 0.5633300297324083
418.348 0.6014545454545456
419.358 0.5737346534653466
420.378 0.6001882352941177
421.387 0.6315559960356788
422.587 0.5472999999999999
423.598 0.679786350148368
424.702 0.11872463768115941
425.707 0.9708656716417912
426.729 0.6280704500978473
427.737 0.6055079365079366
428.788 0.6403805899143673
429.797 0.6688840436075322
430.807 0.7275326732673267
431.808 0.6491908091908092
432.827 0.6638900883218842
433.837 0.6710178217821782
435.068 0.5371567831031683
436.177 0.6844436429215509
437.179 0.6629461077844311
438.188 0.47471159563924675
439.277 0.43723783287419654
440.357 0.5028592592592592
441.368 0.5725341246290802
442.377 0.3145450941526263
443.548 0.06542100768573869
444.677 0.13908945969884856
445.717 0.284123076923077
446.757 0.24965384615384617
447.787 0.40375922330097086
448.797 0.5328950495049505
449.818 0.608054848188051
450.827 0.4308899900891972
451.857 0.26480776699029124
452.858 0.2691628371628371
453.887 0.30843148688046645
454.897 0.3359683168316832
455.907 0.42152079207920795
456.908 0.4765714285714286
457.937 0.26588921282798833
458.987 0.22371047619047618
460.037 0.3439542857142857
461.077 0.2025153846153846
462.117 0.16836923076923077
463.197 0.14186666666666667
464.267 0.10228037383177571
465.352 0.08833917050691245
466.42 0.14346067415730338
467.437 0.3858564405113078
468.447 0.6955643564356436
469.448 0.562965034965035
470.476 0.5716731517509728
471.616 0.3916140350877193
472.617 0.5903856143856144
473.647 0.4274252427184466
474.676 0.4456831875607386
475.747 0.4527432306255836
476.768 0.4788560235063663
477.777 0.5620218037661051
478.797 0.7852941176470588
479.867 0.4125233644859813
480.877 0.6073974231912784
481.887 0.39554059405940595
482.897 0.484649504950495
484.037 0.18367017543859648
485.107 0.35798130841121495
486.116 0.3317581764122894
487.146 0.3166679611650486
488.166 0.32219823356231597
489.207 0.2447877041306436
490.217 0.30339801980198017
491.226 0.2800237859266601
492.237 0.32960633036597425
493.276 0.3752916265640039
494.506 0.35483577235772357
495.586 0.433097312326228
496.676 0.48879266055045867
497.697 0.4720941176470589
498.716 0.39659273797841016
499.746 0.4252349514563107
500.757 0.4357903066271019
501.807 0.4756190476190476
503.017 0.5291371900826447
504.186 0.5471958939264329
505.326 0.5720491228070175
506.436 0.5905585585585584
507.486 0.5593371428571429
508.736 0.4395712
510.266 0.1716705882352941
511.326 0.7749283018867925
512.376 1.0440228571428574
513.406 1.0824233009708737
514.42 0.9511163708086786
515.436 0.3633228346456693
516.466 0.4007611650485437
517.487 0.39659941234084234
518.499 0.3624189723320158
519.586 0.44114075436982525
520.606 0.9190196078431372
521.616 0.8137821782178217
522.677 0.824301602262017
523.856 0.9683392705682782
524.876 0.5990509803921569
525.906 0.2656310679611651
526.909 0.13067996011964106
527.916 0.6269235352532274
528.926 0.9199524752475248
529.942 0.6184409448818898
530.956 0.717199211045365
531.966 0.8860752475247525
532.986 0.7246823529411764
533.987 0.6094545454545455
534.996 0.6778037661050544
535.997 1.1506893106893108
537.156 0.881283865401208
538.161 1.7455044776119402
539.166 1.5412642073778662
540.277 1.0470855085508552
541.286 1.162814667988107
542.287 1.195092907092907
543.336 1.1032373689227835
544.346 1.1232
545.366 1.1670901960784312
546.386 0.550045142296369
547.686 0.21046153846153845
548.745 0.2636751652502361
549.826 0.38585753931544864
550.846 0.5965098039215686
551.866 0.7002509803921569
552.876 0.6917148514851486
553.926 0.5889828571428571
555.036 0.17605765765765766
556.046 0.65889900990099
557.066 0.5974745098039216
558.265 0.392533778148457
559.286 0.4823506366307541
560.306 0.31580392156862747
561.326 0.4023764705882353
562.336 0.422590099009901
563.355 0.3058292443572129
564.386 0.3715227934044617
565.405 0.30511481844946026
566.415 0.35672547076313177
567.435 0.4828235294117647
568.455 0.31262745098039213
569.456 0.31224775224775225
570.675 0.36343888433141924
571.685 0.422590099009901
572.695 0.17939009900990097
573.735 0.2209846153846154
574.755 0.2416470588235294
575.775 0.39698823529411764
576.795 0.33023529411764707
577.825 0.32699805825242717
578.855 0.2656310679611651
579.856 0.15306293706293708
586.792 0.001768166089965398
587.868 0.028713754646840145
588.878 0.9013227722772277
590.028 1.0683895652173911
591.038 1.108261386138614
592.058 0.9639294117647058
593.088 1.0489165048543687
594.264 0.7483197278911565
595.328 1.1231804511278196
596.329 1.3071568431568432
597.338 1.1001704658077305
598.358 0.8869960784313725
599.368 0.8972990099009901
600.388 1.028321568627451
601.389 1.2147852147852147
602.458 1.0081796071094482
603.468 1.1038653465346535
604.469 1.2314325674325672
605.488 0.9811265947006871
606.548 0.9610490566037736
607.568 1.0866431372549021
608.648 0.9834592592592594
609.678 1.0116737864077672
610.688 0.9352079207920793
611.797 0.9196465284039674
612.807 0.6627247524752475
613.838 0.42711154219204656
614.857 0.5044317958783121
615.868 0.6544490603363007
616.918 0.46233904761904765
617.997 0.4321779425393883
619.027 0.5525126213592233
620.067 0.32632307692307694
621.137 0.27172336448598133
622.147 0.3142336633663367
623.157 0.24921980198019802
624.767 0.09200496894409937
625.768 0.5685194805194806
626.777 0.3046184340931616
627.778 0.2842597402597403
628.807 0.24723809523809523
629.817 0.26005544554455445
630.847 0.3109825242718447
631.94 0.34043549862763034
632.977 0.2471976856316297
634.019 0.25206909788867565
635.037 0.25718664047151274
636.057 0.1912313725490196
637.469 0.06200566572237961
638.657 0.20266666666666666
639.687 0.16671067961165045
641.947 0.07263716814159292
642.981 0.3296866537717602
644.016 0.15860869565217392
645.217 0.2597102414654454
646.237 0.35407058823529414
647.297 0.16194716981132076
648.337 0.2209846153846154
649.397 0.12389433962264153
650.567 0.11433162393162394
652.477 0.02291937172774869
653.557 0.4053333333333333
654.576 0.14597055937193326
655.627 0.31238820171265463
656.657 0.21264466019417474
657.667 0.3792475247524753
658.677 0.39936633663366333
659.679 0.6514570858283434
660.838 0.5394788610871442
661.857 0.4618174681059863
662.867 0.4681425742574257
663.887 0.7510588235294118
664.907 0.5780392156862745
666.097 0.47899831932773107
667.098 0.6184535464535464
668.106 0.7504206349206349
669.117 0.6562057368941642
670.127 0.6726653465346535
671.467 0.1551761194029851
672.496 0.3687774538386784
673.516 0.3755294117647059
674.586 0.18799252336448596
675.636 0.07296
676.747 0.24103063063063063
677.766 0.4638979391560353
678.776 0.39008316831683165
679.786 0.3337108910891089
680.807 0.8229030362389814
681.827 0.8068627450980392
682.847 0.5282588235294118
683.876 0.7092478134110787
684.886 0.6986851485148514
685.887 0.6533946053946054
686.916 0.6812128279883382
687.926 0.4958415841584159
688.956 0.29229514563106795
689.982 0.256
691.016 0.16772147001934234
692.027 0.21649851632047476
693.238 0.2336581337737407
694.266 0.3406692607003891
695.287 0.2322664054848188
696.496 0.36423490488006616
697.506 0.5243405940594059
698.516 0.6017663366336634
699.536 0.6883058823529411
700.546 0.7871762376237623
701.556 1.2861465346534653
702.686 1.1426477876106194
703.697 1.3063841584158415
704.707 1.0086970297029703
705.716 0.5077740336967295
706.846 0.9119362831858406
707.866 0.8469176470588234
709.067 0.6877535387177351
710.166 1.0457070063694267
711.167 1.410989010989011
712.176 1.2058989098116948
713.186 0.6433346534653465
714.196 0.8568950495049504
715.366 0.4077811965811966
716.408 0.7043301343570058
717.426 0.2610058939096267
718.636 0.36502479338842975
719.646 0.4442613861386139
720.666 0.585356862745098
721.667 0.9187612387612388
722.676 0.9464895936570862
723.846 0.9528615384615384
724.866 1.336722276741904
725.876 1.2619564356435644
726.879 1.0605144566301097
727.886 0.781227408142999
728.887 1.1068531468531468
729.896 1.0366541129831517
730.906 1.0718019801980196
731.907 1.0880479520479522
732.996 1.0741818181818183
733.998 1.635632734530938
735.006 1.5938253968253968
736.176 1.2596717948717948
737.178 1.6744590818363274
738.196 1.4185776031434183
739.198 0.8250538922155689
740.206 1.2922936507936509
741.256 1.3320990476190477
742.286 1.3217398058252425
743.296 1.4690851485148515
744.376 1.321088888888889
745.566 1.2158319327731093
746.758 1.4775570469798658
747.886 1.5148794326241135
748.996 1.4752432432432432
750.186 1.5454864154250658
751.376 1.4832470588235294
752.377 1.8865454545454545
753.386 1.5251456888007928
754.456 1.7755514018691587
755.646 1.4056067226890756
756.647 1.6008791208791209
757.786 1.387912203687445
758.976 1.2185882352941175
759.977 1.5161158841158842
760.995 1.5685972495088407
762.056 0.9447690857681431
763.195 1.0998630377524143
764.265 1.141166355140187
765.376 1.0461278127812783
766.536 1.1462689655172413
767.626 1.1651009174311926
768.636 1.3660118811881188
769.706 1.210093457943925
770.707 1.6322397602397603
771.715 1.5553015873015872
772.718 1.5049332003988036
773.726 1.7582380952380952
774.735 1.335540138751239
775.897 1.1704027538726334
777.065 1.176986301369863
778.066 1.6405354645354646
779.075 1.5776174430128842
780.205 1.130562831858407
781.216 1.1993669634025717
782.295 0.878109360518999
783.297 1.5045429141716569
784.485 1.1667138047138046
785.495 1.4463603960396039
786.525 0.9768310679611651
787.595 1.150811214953271
788.645 1.166674285714286
789.805 1.3003379310344827
790.845 1.1880384615384616
791.935 1.401269724770642
792.936 1.4073126873126873
794.016 1.319725925925926
795.046 1.5898174757281553
796.163 1.5376615935541629
797.165 1.9629141716566867
798.175 1.0957940594059403
799.176 1.4236003996003999
800.186 1.6850455445544557
801.196 1.8678178217821781
802.275 1.5559888785912883
803.465 1.625546218487395
804.517 1.5694144486692014
805.645 1.28131322094055
806.646 1.4447952047952048
807.837 1.4659277917716205
808.885 1.3469618320610688
809.895 1.8301129831516352
810.925 1.5188582524271845
811.926 1.5924475524475523
812.945 1.3948341511285574
813.947 0.974187624750499
815.135 1.352915824915825
816.245 1.6541693693693693
817.334 1.3459761248852158
818.335 1.499996003996004
819.336 1.4054345654345655
820.345 1.1577006937561942
821.544 1.1363869891576315
822.576 1.4970475266731327
823.625 1.5100247855100095
824.626 1.5896743256743258
825.635 1.2252368681863233
826.685 1.0875809523809523
827.805 1.2922285714285715
828.905 1.4316654545454546
830.055 1.4073176675369887
831.205 1.472988685813751
832.224 1.1636427870461237
833.225 0.9480519480519481
834.235 1.13790099009901
835.255 0.9533254901960785
836.264 0.8020773042616451
837.265 1.2097422577422579
838.284 1.2633562315996076
839.294 0.9793584158415841
840.304 0.7624
841.494 0.8136201680672269
842.496 1.1735968063872255
843.504 0.9720714285714286
844.505 0.7894025974025973
845.506 1.0786733266733266
846.644 1.2666713532513183
847.745 0.9176675749318801
848.754 1.175270564915758
849.755 1.4798961038961038
850.764 1.5823429137760159
851.894 1.1780247787610618
852.904 1.4381526263627353
853.984 1.158651851851852
855.074 1.43889072543618
856.204 1.5522053097345132
857.205 1.665030969030969
858.267 1.1462448210922787
859.355 1.3562279411764706
860.434 1.213212233549583
861.504 1.2513345794392525
862.534 1.3595184466019417
863.535 1.5012187812187812
864.536 1.244955044955045
865.544 1.3163492063492062
866.594 1.0383009523809523
867.596 1.235073852295409
868.605 1.259607532210109
869.614 1.3769672943508422
870.764 0.9369947826086956
871.794 1.0166213592233009
872.796 1.2209740518962076
873.804 1.2238412698412697
874.994 1.0549915966386556
876.165 1.2342749786507259
877.174 0.9097482656095145
878.234 0.8659773584905661
879.314 0.7347925925925926
880.484 0.7726700854700854
881.493 0.9735714285714285
882.494 0.6979020979020979
883.513 0.6048439646712463
884.594 0.5242553191489362
885.596 0.9306427145708583
886.604 0.4673492063492063
887.633 0.5376248785228377
888.673 0.38935384615384616
889.677 0.13054980079681275
893.613 0.014731707317073172
894.624 0.2706231454005934
896.054 0.2493034965034965
897.094 0.5153461538461538
898.103 0.5206263627353817
899.114 0.11809297725024727
900.463 0.3743988139362491
901.604 0.5284066608238387
902.684 1.1189703703703704
903.693 0.9753022794846383
904.703 0.7759841584158415
905.713 0.7358019801980198
906.804 0.5655362053162237
907.943 0.5711817383669886
908.963 0.5042823529411765
910.975 0.1556023856858847
930.671 0.016477684691546077
931.691 0.19312941176470588
932.711 0.4774274509803922
933.731 0.49139607843137256
934.741 0.5463841584158416
935.751 0.5738613861386138
936.752 0.6351408591408592
937.771 0.4574210009813543
938.891 0.6049357142857144
939.892 0.7311328671328672
940.901 0.774810703666997
941.921 0.8114509803921569
943.021 0.5605018181818182
944.022 0.7546133866133866
945.031 0.7384975222993063
946.041 0.7714217821782178
947.052 0.7072601384767557
948.211 0.5852424503882657
949.221 0.7249980198019802
950.291 0.5625420560747664
951.595 0.1005153374233129
952.601 0.5242109452736319
953.621 0.6544941176470588
954.641 0.5164
955.692 0.4523920076117983
956.701 0.5906521308225967
957.711 0.6830257425742574
958.751 0.4682
959.761 0.3659564356435644
960.772 0.5561584158415842
961.831 0.4439584513692162
962.881 0.5941028571428572
963.891 0.5155089108910892
964.911 0.5713568627450981
965.931 0.5816313725490196
967.091 0.5343586206896551
968.1 0.6996313181367692
969.111 0.6757665677546983
970.131 0.7045803921568627
971.141 0.6995247524752476
972.162 0.7897747306562194
973.171 0.5795678889990089
974.181 0.8482616451932605
975.271 0.6600073394495413
976.291 0.7969647058823529
977.292 0.8111888111888113
978.301 0.584800792864222
979.311 0.8571960396039604
980.401 0.6416587155963303
981.411 0.7452594059405941
982.431 0.6125176470588235
983.531 0.4760509090909091
984.551 0.683043137254902
985.6 0.8191877979027644
986.641 0.7709740634005764
987.651 1.0677148514851484
988.81 0.8273684210526315
989.821 0.9844510385756677
990.891 0.7663401869158879
991.951 0.9066943396226416
993.191 0.7963354838709679
994.2 0.809189296333003
995.27 0.5690990654205607
996.46 0.7135126050420169
997.701 0.6966704270749395
998.72 0.7953209028459275
999.791 0.5465994397759104
1000.8 0.7479167492566897
1001.81 0.7683564356435644
1002.86 0.5970438095238095
1003.87 0.8599683168316832
1004.97 0.58064
1005.98 0.7738930693069306
1007.181 0.5682131557035803
1008.188 0.7270943396226415
1009.271 0.6615771006463527
1010.281 0.903920792079208
1011.45 0.5556475620188195
1012.58 0.23745132743362832
1013.6 0.815435294117647
1014.61 0.5192950495049505
1015.69 0.5677777777777778
1016.96 0.49098582677165353
1017.97 0.6458138613861386
1019.25 0.28698124999999997
1020.253 0.5642512462612164
1021.26 0.6896444885799405
1022.27 0.6713742574257426
1023.28 0.7018534653465346
1024.3 0.6777725490196078
1025.39 0.502011009174312
1026.393 0.687121756487026
1027.4 0.7778272095332672
1028.44 0.5609384615384615
1029.46 0.7621333333333333
1030.59 0.44014867256637163
1031.609 0.6317566241413151
1032.81 0.511007493755204
1033.82 0.6055524752475246
1034.84 0.6085019607843137
1035.85 0.6193584158415841
1036.86 0.6277148514851485
1037.87 0.6747881188118812
1038.88 0.6509386138613861
1039.9 0.5852156862745098
1040.95 0.39895619047619046
1041.96 0.5517544554455446
1042.97 0.4563643564356436
1044.03 0.4332075471698113
1045.099 0.45310383536014964
1046.14 0.4607492795389049
1047.149 0.4555480673934589
1048.165 0.3437716535433071
1049.259 0.36615722120658134
1050.266 0.5216603773584906
1051.269 0.4455353938185444
1052.28 0.427513353115727
1053.39 0.4174558558558559
1054.57 0.4451796610169491
1055.599 0.31009523809523803
1056.6 0.4154565434565435
1057.629 0.37248590864917397
1058.64 0.5304213649851632
1059.68 0.4320076923076923
1060.929 0.4556349079263411
1061.939 0.5208562933597621
1062.949 0.5092752475247525
1063.979 0.35276893203883497
1064.989 0.4334257425742574
1066.009 0.3220862745098039
1067.029 0.39698823529411764
1068.099 0.21134205607476636
1069.109 0.34674059405940594
1070.129 0.35407058823529414
1071.149 0.21190588235294117
1072.189 0.2630769230769231
1073.209 0.26476078431372546
1074.22 0.933570722057369
1075.31 0.7723816513761469
1076.319 1.1896769078295342
1077.459 0.5085122807017544
1078.479 1.0367058823529414
1079.499 0.6837960784313725
1080.659 0.322096551724138
1081.69 0.64290203685742
1082.7 1.0282534653465345
1083.869 0.5108366124893071
1084.879 0.7475247524752475
1085.889 0.6802376237623762
1086.89 0.7425454545454545
1087.899 0.6962695738354807
1088.94 0.5259634966378484
1089.949 0.9636392467789892
1090.969 0.6099529411764706
1091.989 0.4024078431372549
1093.189 0.3760466666666667
1094.199 0.6071603960396039
1095.23 0.7180678952473327
1096.45 0.4518622950819672
1097.479 0.6260602526724975
1098.499 0.36913725490196075
1099.679 0.22858305084745761
1100.688 0.23862041625371655
1101.759 0.16652100840336134
1102.849 0.13052477064220186
1103.879 0.11687766990291261
1104.929 0.10422857142857143
1105.988 0.09643059490084985
1106.989 0.13119680319680319
1108.028 0.18959769008662175
1109.049 0.16181782566111658
1110.178 0.2745651018600531
1111.179 0.37172427572427574
1112.198 0.32541707556427873
1113.209 0.32882294757665675
1114.228 0.45632188420019626
1115.268 0.3585692307692308
1116.399 0.29280282935455343
1117.408 0.29285232903865216
1118.42 0.26061660079051385
1119.439 0.35227477919528954
1120.449 0.48684356435643567
1121.459 0.5201742574257426
1122.479 0.6555686274509804
1123.487 0.4733174603174603
1124.488 0.5828891108891109
1125.508 0.4323843137254902
1126.523 0.5115270935960591
1127.538 0.5208591133004926
1128.708 0.35381880341880345
1129.729 0.5542331047992164
1130.928 0.4387322768974145
1131.989 0.5194043355325165
1132.998 0.6583468780971259
1133.999 0.5506013986013986
1135.008 0.45408919722497526
1136.088 0.4248444444444444
1137.109 0.4823506366307541
1138.118 0.1549970267591675
1139.169 0.44230637488106567
1140.178 0.5210545094152627
1141.208 0.3168776699029126
1142.229 0.2940724779627816
1143.248 0.4618174681059863
1144.279 0.19876624636275458
1145.288 0.29285232903865216
1146.571 0.1462759158222915
1147.578 0.9093704071499503
1148.724 0.539064572425829
1149.738 0.6058540433925048
1150.769 0.7424403491755577
1151.778 1.0170941526263628
1152.779 0.8112367632367632
1153.799 0.9634352941176471
1154.8 1.0515564435564437
1155.889 0.7193388429752066
1156.908 0.8537546614327772
1157.978 0.4890616822429907
1158.998 0.6194901960784314
1160.009 0.5831216617210683
1161.038 0.44836540330417884
1162.058 0.4204313725490196
1163.068 0.3681188118811881
1164.165 0.37194530537830445
1165.188 0.4279178885630499
1166.208 0.31817254901960784
1167.229 0.4860568070519099
1168.238 0.5799960356788899
1169.248 0.6526732673267327
1170.249 0.7708131868131869
1171.559 0.28357862595419847
1172.568 0.6011349206349207
1173.578 0.48467326732673266
1174.598 0.5612784313725491
1175.628 0.6586330097087378
1176.787 0.6950612597066437
1177.788 0.7593846153846153
1178.998 0.5532297520661157
1179.999 0.8668771228771229
1181.009 0.8726336633663366
1182.018 0.9190802775024777
1183.028 0.8799366336633664
1184.029 0.6246633366633366
1185.138 0.7343552750225428
1186.148 0.958891089108911
1187.169 0.6126856023506365
1188.178 0.6678850346878097
1189.187 0.5187710604558969
1190.189 0.41879441117764465
1191.258 0.33039476145930774
1192.42 0.33962822719449226
1193.628 0.31481456953642384
1194.657 0.3616093294460641
1195.81 0.14696964440589766
1196.818 0.23885714285714288
1197.977 0.19275237273511645
1198.988 0.3680474777448071
1199.997 0.3571456888007929
1200.998 0.379964035964036
1202.017 0.42959764474975465
1203.178 0.18857536606373815
1204.21 0.27572093023255817
1205.217 0.1643535253227408
1206.249 0.42418604651162795
1207.289 0.2700076923076923
1208.297 0.2967698412698413
1209.337 0.399876923076923
1210.352 0.26294384236453205
1211.387 0.22205217391304347
1212.428 0.15721037463976945
1213.497 0.18427689429373245
1214.667 0.11202735042735043
1215.688 0.5595377081292849
1216.718 0.473304854368932
1217.747 0.4093527696793003
1218.757 0.5055683168316831
1219.767 0.46656633663366337
1220.797 0.297126213592233
1221.877 0.3482518518518518
1222.908 0.40336760426770124
1223.917 0.23409316154608523
1224.947 0.2993242718446602
1225.957 0.4009188118811881
1226.967 0.2735128712871287
1228.007 0.2525538461538462
1229.027 0.16096470588235293
1230.037 0.19504158415841583
1231.287 0.1689856
1232.395 0.2370541516245487
1233.42 0.1708331707317073
1234.437 0.1663228346456693
1235.527 0.2008073394495413
1236.557 0.11687766990291261
1237.707 0.04238608695652174
1238.737 0.14875339805825244
1239.747 0.2167128712871287
1240.767 0.26227450980392153
1241.777 0.2624237623762376
1242.816 0.40026179018286817
1243.817 0.2967032967032967
1244.837 0.654886274509804
1245.847 0.47676039603960396
1246.877 0.42118834951456313
1247.887 0.322360396039604
1248.907 0.3651372549019608
1249.927 0.3846588235294118
1250.956 0.48923615160349854
1252.017 0.4104957587181904
1253.227 0.7367338842975206
1254.237 0.8460178394449951
1255.256 0.5568047105004907
1256.26 0.40337848605577686
1257.307 0.2299598853868195
1258.396 0.13064462809917354
1259.576 0.1436135593220339
1261.317 0.06914646754738657
1262.357 0.4375846153846154
1263.766 0.17087863733144074
1264.897 0.25410433244916003
1265.926 0.2552536443148688
1266.936 0.4009188118811881
1267.957 0.4816846229187071
1269.147 0.31714957983193276
1270.186 0.4213282001924928
1271.227 0.3174178674351585
1272.247 0.33261176470588233
1273.257 0.42059405940594063
1274.259 0.35619161676646705
1275.276 0.5708976377952756
1276.286 0.5410138613861386
1277.296 0.5135920792079208
1278.297 0.6355084915084914
1279.307 0.5937029702970297
1280.326 0.613621197252208
1281.327 0.6745574425574425
1282.33 0.7486739780658026
1283.356 0.5020506822612085
1284.396 0.3755923076923077
1285.406 0.3767683168316832
1286.407 1.169726273726274
1287.409 0.8895888223552894
1288.42 1.130927794263106
1289.576 0.8750614718614719
1290.577 0.9253226773226774
1291.596 0.6031324828263003
1292.606 0.6518653465346534
1293.756 0.7075130434782609
1294.766 0.7441821782178217
1295.776 0.644459405940594
1296.786 0.3142336633663367
1297.856 0.20278878504672898
1298.887 0.4670572259941804
1299.896 0.3412408325074331
1300.968 0.3343432835820896
1301.969 0.37172427572427574
1302.976 0.633501489572989
1304.128 0.5666875
1305.146 0.806286836935167
1306.196 0.7596266666666667
1307.197 1.049958041958042
1308.206 0.8395639246778989
1309.208 0.961253493013972
1310.286 1.0672949907235623
1311.42 1.075294532627866
1312.536 1.0917419354838709
1313.666 1.072750442477876
1314.676 1.1357148514851485
1315.696 1.1778745098039214
1316.826 1.2779681415929203
1317.836 1.0041663366336633
1318.846 1.102510891089109
1319.996 0.9771339130434783
1321.016 1.2085333333333332
1322.207 1.2307909319899246
1323.216 1.5096769078295342
1324.336 1.1332357142857143
1325.466 1.0242761061946903
1326.586 0.9657571428571429
1327.696 0.9307891891891892
1328.806 1.0313009009009009
1330.276 0.7958693877551021
1331.277 1.2084795204795205
1332.296 0.8559842983316978
1333.315 0.852577036310108
1334.336 0.6072313725490196
1335.346 0.7600633663366336
1336.356 0.7281029702970298
1337.425 0.5243629560336763
1338.605 0.582393220338983
1339.615 0.5239207920792078
1340.626 0.41134718100890205
1341.665 0.3653051010587103
1342.675 0.485639603960396
1343.696 0.5769089128305583
1344.715 0.3592227674190383
1345.716 0.5304535464535465
1346.745 0.5058969873663751
1347.755 0.34515643564356435
1348.785 0.3506330097087379
1349.855 0.14029158878504674
1350.865 0.7796198019801981
1351.866 0.9870929070929071
1352.875 0.7613082259663033
1353.965 0.7164990825688073
1355.148 0.9281690617075232
1356.163 1.008535960591133
1357.166 0.7834171656686626
1358.175 0.9680792864222002
1359.176 0.7236603396603397
1360.245 0.7503910196445275
1361.426 0.6914614733276885
1362.536 0.7451963963963963
1363.545 0.7822794846382556
1364.556 0.7411671612265084
1365.566 0.8920950495049504
1366.576 0.8851168316831683
1367.595 0.8914229636898922
1368.687 0.8388205128205128
1369.695 1.1749285714285713
1370.706 0.8684708209693373
1371.865 0.7471130284728215
1373.095 0.917209756097561
1374.106 1.0933095944609297
1375.195 0.9614839302112029
1376.205 0.9481783944499504
1377.206 0.9697342657342657
1378.215 0.7642735381565907
1379.216 0.9648831168831168
1380.335 0.6879428060768543
1381.345 0.8233657086223984
1382.355 0.8568554455445544
1383.486 0.7254323607427056
1384.495 0.9132289395441031
1385.665 0.7890803418803418
1386.685 1.022823529411765
1387.885 0.6062533333333333
1388.895 1.059532673267327
1389.965 0.7453084112149533
1390.968 0.7812562313060818
1391.975 0.8873882820258193
1393.005 0.8683650485436893
1394.155 0.9146573913043478
1395.165 1.0543049504950495
1396.166 1.0623696303696304
1397.167 1.0235684315684317
1398.168 1.2197402597402596
1399.275 0.7939945799457995
1400.465 0.8578487394957983
1401.565 1.0342909090909091
1402.567 1.07299001996008
1403.575 1.0414603174603172
1404.585 0.9463841584158417
1405.675 1.116278899082569
1406.885 1.0857700578990903
1407.887 1.4413572854291419
1408.904 1.008228121927237
1409.915 0.8447873392680515
1410.924 1.2667274529236867
1411.927 0.8519920159680638
1412.934 0.44120754716981136
1413.935 0.8131628371628372
1414.945 0.6784079207920792
1416.126 0.707502116850127
1417.304 0.940597623089983
1418.315 1.090326409495549
1419.505 0.8190453781512604
1420.506 1.1181698301698302
1421.524 0.7198271119842828
1422.525 0.9184895104895106
1423.714 0.7709671993271656
1424.965 0.8210263788968825
1425.974 0.8438057482656095
1427.004 0.5869514563106796
1428.024 0.8578509803921568
1429.034 0.5443009900990099
1430.044 0.3888316831683168
1431.224 0.47694237288135594
1432.484 0.7076698412698413
1433.525 0.649490874159462
1434.534 0.676408325074331
1435.545 0.6795489614243324
1436.555 0.8260752475247526
1437.694 0.7233362598770852
1438.695 0.7406113886113885
1439.704 0.8362497522299307
1440.855 0.628066029539531
1442.075 0.8843344262295082
1443.076 1.2356203796203795
1444.125 0.8872907530981887
1445.134 1.1146957383548068
1446.144 0.6548039603960396
1447.164 0.804556862745098
1448.184 0.5595843137254902
1449.194 0.8470336633663367
1450.424 0.5776065040650407
1451.944 0.5959894736842105
1452.954 0.9939405940594058
1453.964 0.6234297029702971
1454.984 0.7083058823529411
1456.164 0.4796271186440678
1457.194 0.5333177842565598
1458.204 0.4176
1459.354 0.8004104347826086
1460.364 0.993710891089109
1461.365 1.0747572427572427
1462.374 1.0193221010901883
1463.474 0.9488727272727273
1464.524 1.0751085714285713
1465.624 0.9501454545454545
1466.704 0.9902148148148147
1467.794 0.9500403669724771
1468.814 0.8377803921568627
1470.074 0.8564253968253968
1471.075 0.9702937062937064
1472.294 1.102090237899918
1473.534 0.987283870967742
1474.774 0.8344322580645162
1475.994 0.6885377049180328
1477.005 0.6819703264094955
1478.013 0.45580952380952383
1479.213 0.5854
1480.214 0.7631088911088911
1481.354 0.7406035087719298
1482.364 0.4565391476709613
1483.394 0.720295145631068
1484.424 0.7057631067961165
1485.433 0.6437343904856294
1486.493 0.4093056603773585
1487.494 0.7678961038961039
1488.553 0.6605250236071766
1489.574 0.7444235294117647
1490.584 0.7320712871287128
1491.593 0.671175421209118
1492.764 0.5489461998292058
1493.783 0.7002944062806673
1494.784 1.0358041958041957
1495.785 0.9488191808191808
1496.843 1.0815439924314096
1498.024 1.0134462320067739
1499.114 1.1984220183486238
1500.164 1.1126476190476189
1501.174 1.176785714285714
1502.184 1.163160396039604
1503.194 1.2287366336633663
1504.195 1.0288991008991009
1505.205 1.3189861386138613
1506.423 1.0156059113300493
1507.425 1.2853652694610778
1508.434 1.2989177403369672
1509.435 1.3006753246753247
1510.593 1.4164352331606216
1510.659 2.1556363636363636
